2016-08-28 10:31:51订单：付款成功，给了玩家相应的代金券
Array
(
    [body] => 《龙战于野》30元代金券
    [buyer_email] => zhengwanyi@hotmail.com
    [buyer_id] => 2088002293236104
    [exterface] => create_direct_pay_by_user
    [extra_common_param] => 850,30,youdao04
    [is_success] => T
    [notify_id] => RqPnCoPT3K9%2Fvwbh3InWfIWAvrmFWAES2GriUtQfbgKk%2FJt2L%2FR%2F%2BW1dSHSrq3xHP3xW
    [notify_time] => 2016-08-28 10:31:48
    [notify_type] => trade_status_sync
    [out_trade_no] => 147235148955509
    [payment_type] => 1
    [seller_email] => 867672678@qq.com
    [seller_id] => 2088021266234053
    [subject] => 《龙战于野》30元代金券
    [total_fee] => 12.00
    [trade_no] => 2016082821001004100297784597
    [trade_status] => TRADE_SUCCESS
    [sign] => 0acd9e9879bf983e1602734d46bd0c6b
    [sign_type] => MD5
)

2016-08-28 10:37:25订单：付款成功，给了玩家相应的代金券
Array
(
    [body] => 《龙战于野》30元代金券
    [buyer_email] => zhengwanyi@hotmail.com
    [buyer_id] => 2088002293236104
    [exterface] => create_direct_pay_by_user
    [extra_common_param] => 850,30,3874560
    [is_success] => T
    [notify_id] => RqPnCoPT3K9%2Fvwbh3InWfIWAvrTubwMfUJUsB4UIcGkWglJsNEbcstEwyqLRGWngf2td
    [notify_time] => 2016-08-28 10:37:22
    [notify_type] => trade_status_sync
    [out_trade_no] => 147235181687849
    [payment_type] => 1
    [seller_email] => 867672678@qq.com
    [seller_id] => 2088021266234053
    [subject] => 《龙战于野》30元代金券
    [total_fee] => 12.00
    [trade_no] => 2016082821001004100297784687
    [trade_status] => TRADE_SUCCESS
    [sign] => ef0ea2a5f454ee98dcbbbb34d7e37611
    [sign_type] => MD5
)

2016-08-28 10:38:00订单：付款成功，给了玩家相应的代金券
Array
(
    [body] => 《龙战于野》30元代金券
    [buyer_email] => zhengwanyi@hotmail.com
    [buyer_id] => 2088002293236104
    [exterface] => create_direct_pay_by_user
    [extra_common_param] => 850,30,3874560
    [is_success] => T
    [notify_id] => RqPnCoPT3K9%2Fvwbh3InWfIWAvrTtavEzKtB0ohvhWTvZKSxGw0j87AP94SRcn6N%2FiWFo
    [notify_time] => 2016-08-28 10:37:57
    [notify_type] => trade_status_sync
    [out_trade_no] => 147235185922819
    [payment_type] => 1
    [seller_email] => 867672678@qq.com
    [seller_id] => 2088021266234053
    [subject] => 《龙战于野》30元代金券
    [total_fee] => 12.00
    [trade_no] => 2016082821001004100299439056
    [trade_status] => TRADE_SUCCESS
    [sign] => d109607e100db45cdb2bd84c8734416e
    [sign_type] => MD5
)

2016-08-28 10:38:34订单：付款成功，给了玩家相应的代金券
Array
(
    [body] => 《龙战于野》30元代金券
    [buyer_email] => zhengwanyi@hotmail.com
    [buyer_id] => 2088002293236104
    [exterface] => create_direct_pay_by_user
    [extra_common_param] => 850,30,3874560
    [is_success] => T
    [notify_id] => RqPnCoPT3K9%2Fvwbh3InWfIWAvrV006LPbWGk6oFT3kxO4TnX9h19GsK87iYPe74P%2F91p
    [notify_time] => 2016-08-28 10:38:30
    [notify_type] => trade_status_sync
    [out_trade_no] => 147235189305434
    [payment_type] => 1
    [seller_email] => 867672678@qq.com
    [seller_id] => 2088021266234053
    [subject] => 《龙战于野》30元代金券
    [total_fee] => 12.00
    [trade_no] => 2016082821001004100200386335
    [trade_status] => TRADE_SUCCESS
    [sign] => 56bc9f1c87b70a7fd991b2530c4e1fb4
    [sign_type] => MD5
)

2016-08-28 10:39:19订单：付款成功，给了玩家相应的代金券
Array
(
    [body] => 《龙战于野》30元代金券
    [buyer_email] => zhengwanyi@hotmail.com
    [buyer_id] => 2088002293236104
    [exterface] => create_direct_pay_by_user
    [extra_common_param] => 850,30,3874560
    [is_success] => T
    [notify_id] => RqPnCoPT3K9%2Fvwbh3InWfIWAvrVwoz%2FKEaXNLnLOxxopLOuAbKbxDqgyDPB669swENoV
    [notify_time] => 2016-08-28 10:39:16
    [notify_type] => trade_status_sync
    [out_trade_no] => 147235193868298
    [payment_type] => 1
    [seller_email] => 867672678@qq.com
    [seller_id] => 2088021266234053
    [subject] => 《龙战于野》30元代金券
    [total_fee] => 12.00
    [trade_no] => 2016082821001004100298308801
    [trade_status] => TRADE_SUCCESS
    [sign] => d78b5b46f2a37a4604215ae67e7ddf8c
    [sign_type] => MD5
)

2016-08-28 10:40:16订单：付款成功，给了玩家相应的代金券
Array
(
    [body] => 《龙战于野》30元代金券
    [buyer_email] => zhengwanyi@hotmail.com
    [buyer_id] => 2088002293236104
    [exterface] => create_direct_pay_by_user
    [extra_common_param] => 850,30,3874560
    [is_success] => T
    [notify_id] => RqPnCoPT3K9%2Fvwbh3InWfIWAvcHlu0MkdlZxDFglNghTm40Gvsa25O6wuMgNYcOaoVJH
    [notify_time] => 2016-08-28 10:40:12
    [notify_type] => trade_status_sync
    [out_trade_no] => 147235197967354
    [payment_type] => 1
    [seller_email] => 867672678@qq.com
    [seller_id] => 2088021266234053
    [subject] => 《龙战于野》30元代金券
    [total_fee] => 12.00
    [trade_no] => 2016082821001004100297588813
    [trade_status] => TRADE_SUCCESS
    [sign] => d295c85cb0d9d383634b0f931382b947
    [sign_type] => MD5
)

2016-08-28 11:39:23订单：付款成功，给了玩家相应的代金券
Array
(
    [body] => 《全民斗战神》100元代金券
    [buyer_email] => 243037040@qq.com
    [buyer_id] => 2088202937943920
    [exterface] => create_direct_pay_by_user
    [extra_common_param] => 1459,100,d298456353
    [is_success] => T
    [notify_id] => RqPnCoPT3K9%2Fvwbh3InWfIWAuiqJ2b%2BBKTPo1KWCmOW4Zayxi7wH51psnRswkUIxaowp
    [notify_time] => 2016-08-28 11:39:19
    [notify_type] => trade_status_sync
    [out_trade_no] => 147235553448838
    [payment_type] => 1
    [seller_email] => 867672678@qq.com
    [seller_id] => 2088021266234053
    [subject] => 《全民斗战神》100元代金券
    [total_fee] => 50.00
    [trade_no] => 2016082821001004920229630607
    [trade_status] => TRADE_SUCCESS
    [sign] => 90f9e720df45aa873ff4fb82385fefcd
    [sign_type] => MD5
)

2016-08-28 12:11:11订单：付款成功，给了玩家相应的代金券
Array
(
    [body] => 《龙战于野》30元代金券
    [buyer_email] => zhengwanyi@hotmail.com
    [buyer_id] => 2088002293236104
    [exterface] => create_direct_pay_by_user
    [extra_common_param] => 850,30,d792071811
    [is_success] => T
    [notify_id] => RqPnCoPT3K9%2Fvwbh3InWfIWAuEMREce051DoSgQiht7HHc75KN8tMVf6bT9vWMXvHp5b
    [notify_time] => 2016-08-28 12:11:07
    [notify_type] => trade_status_sync
    [out_trade_no] => 147235744510042
    [payment_type] => 1
    [seller_email] => 867672678@qq.com
    [seller_id] => 2088021266234053
    [subject] => 《龙战于野》30元代金券
    [total_fee] => 12.00
    [trade_no] => 2016082821001004100200581547
    [trade_status] => TRADE_SUCCESS
    [sign] => 0a582071d4c99302e96d1ba1cb062284
    [sign_type] => MD5
)

2016-08-28 12:42:30订单：付款成功，给了玩家相应的代金券
Array
(
    [body] => 《龙战于野》30元代金券
    [buyer_email] => 283266479@qq.com
    [buyer_id] => 2088312127602442
    [exterface] => create_direct_pay_by_user
    [extra_common_param] => 871,30,shsy8880
    [is_success] => T
    [notify_id] => RqPnCoPT3K9%2Fvwbh3InWfIWAtoJ%2B%2FeaNUz%2FaDIGWq5aORPcmYEItHvlcIfvCwG875HE0
    [notify_time] => 2016-08-28 12:42:27
    [notify_type] => trade_status_sync
    [out_trade_no] => 147235932568719
    [payment_type] => 1
    [seller_email] => 867672678@qq.com
    [seller_id] => 2088021266234053
    [subject] => 《龙战于野》30元代金券
    [total_fee] => 12.00
    [trade_no] => 2016082821001004440274379231
    [trade_status] => TRADE_SUCCESS
    [sign] => 9c3d2d9d4332a8639b55714de4b27c81
    [sign_type] => MD5
)

2016-08-28 12:45:39支付宝验证失败
Array
(
    [body] => 《龙战于野》30元代金券
    [buyer_email] => 283266479@qq.com
    [buyer_id] => 2088312127602442
    [exterface] => create_direct_pay_by_user
    [extra_common_param] => 871,30,shsy8880
    [is_success] => T
    [notify_id] => RqPnCoPT3K9/vwbh3InWfIWAtoJ+/eaNUz/aDIGWq5aORPcmYEItHvlcIfvCwG875HE0
    [notify_time] => 2016-08-28 12:42:27
    [notify_type] => trade_status_sync
    [out_trade_no] => 147235932568719
    [payment_type] => 1
    [seller_email] => 867672678@qq.com
    [seller_id] => 2088021266234053
    [subject] => 《龙战于野》30元代金券
    [total_fee] => 12.00
    [trade_no] => 2016082821001004440274379231
    [trade_status] => TRADE_SUCCESS
    [sign] => 9c3d2d9d4332a8639b55714de4b27c81
    [sign_type] => MD5
)

2016-08-28 23:49:17订单：付款成功，给了玩家相应的代金券
Array
(
    [body] => 《龙战于野》648元代金券
    [buyer_email] => 283266479@qq.com
    [buyer_id] => 2088312127602442
    [exterface] => create_direct_pay_by_user
    [extra_common_param] => 871,648,shsy11
    [is_success] => T
    [notify_id] => RqPnCoPT3K9%2Fvwbh3InWfIWMXTrahG003VuQ1Et0CX3In91GzVTVttge%2BcjkxJfrxx6K
    [notify_time] => 2016-08-28 23:49:14
    [notify_type] => trade_status_sync
    [out_trade_no] => 147239931357034
    [payment_type] => 1
    [seller_email] => 867672678@qq.com
    [seller_id] => 2088021266234053
    [subject] => 《龙战于野》648元代金券
    [total_fee] => 259.20
    [trade_no] => 2016082821001004440277125021
    [trade_status] => TRADE_SUCCESS
    [sign] => ca341a1a582f424821ccbe7d3ad20725
    [sign_type] => MD5
)

2016-08-28 23:52:17支付宝验证失败
Array
(
    [body] => 《龙战于野》648元代金券
    [buyer_email] => 283266479@qq.com
    [buyer_id] => 2088312127602442
    [exterface] => create_direct_pay_by_user
    [extra_common_param] => 871,648,shsy11
    [is_success] => T
    [notify_id] => RqPnCoPT3K9/vwbh3InWfIWMXTrahG003VuQ1Et0CX3In91GzVTVttge+cjkxJfrxx6K
    [notify_time] => 2016-08-28 23:49:14
    [notify_type] => trade_status_sync
    [out_trade_no] => 147239931357034
    [payment_type] => 1
    [seller_email] => 867672678@qq.com
    [seller_id] => 2088021266234053
    [subject] => 《龙战于野》648元代金券
    [total_fee] => 259.20
    [trade_no] => 2016082821001004440277125021
    [trade_status] => TRADE_SUCCESS
    [sign] => ca341a1a582f424821ccbe7d3ad20725
    [sign_type] => MD5
)

