2016-07-09 16:16:19订单：付款成功，给了玩家相应的代金券
Array
(
    [body] => 《雏蜂之尖兵少女》1元代金券
    [buyer_email] => 1149874672@qq.com
    [buyer_id] => 2088702379530442
    [exterface] => create_direct_pay_by_user
    [extra_common_param] => 1043,1,d810658847
    [is_success] => T
    [notify_id] => RqPnCoPT3K9%2Fvwbh3InXQYHEwUg%2Bi1QUSfZZFRyXN%2FgmL%2BFNX5DuhVHdRlTyqXYrqRqE
    [notify_time] => 2016-07-09 16:16:15
    [notify_type] => trade_status_sync
    [out_trade_no] => 146805214232931
    [payment_type] => 1
    [seller_email] => 867672678@qq.com
    [seller_id] => 2088021266234053
    [subject] => 《雏蜂之尖兵少女》1元代金券
    [total_fee] => 0.01
    [trade_no] => 2016070921001004440224864790
    [trade_status] => TRADE_SUCCESS
    [sign] => 267a405988d7f1db504f441d39ee3b07
    [sign_type] => MD5
)

2016-07-09 16:26:05订单：付款成功，给了玩家相应的代金券
Array
(
    [body] => 《风云》1元代金券
    [buyer_email] => service@youxia-inc.com
    [buyer_id] => 2088122604012057
    [exterface] => create_direct_pay_by_user
    [extra_common_param] => 212,1,capple
    [is_success] => T
    [notify_id] => RqPnCoPT3K9%2Fvwbh3InXQYHEwU7N1H6YF5M8vz8JkK3nM9BmeowVzBg5ebmLLJEHrd6s
    [notify_time] => 2016-07-09 16:26:02
    [notify_type] => trade_status_sync
    [out_trade_no] => 146805268307096
    [payment_type] => 1
    [seller_email] => 867672678@qq.com
    [seller_id] => 2088021266234053
    [subject] => 《风云》1元代金券
    [total_fee] => 0.01
    [trade_no] => 2016070921001004050259575535
    [trade_status] => TRADE_SUCCESS
    [sign] => b953c0e84bc3a6cb4d5771821a27f8bf
    [sign_type] => MD5
)

