2016-08-14 18:07:41è®¢å•ï¼šä»˜æ¬¾æˆåŠŸï¼Œç»™äº†çŽ©å®¶ç›¸åº”çš„ä»£é‡‘åˆ¸
Array
(
    [body] => ã€Šé¾™æˆ˜äºŽé‡Žã€‹100å…ƒä»£é‡‘åˆ¸
    [buyer_email] => zhengwanyi@hotmail.com
    [buyer_id] => 2088002293236104
    [exterface] => create_direct_pay_by_user
    [extra_common_param] => 850,100,d984771913
    [is_success] => T
    [notify_id] => RqPnCoPT3K9%2Fvwbh3InWf0yDVpSS%2FWD7hqb3VzqE2PQA7Z6dN8Ryx8ADxPgjW7HM6SGW
    [notify_time] => 2016-08-14 18:07:38
    [notify_type] => trade_status_sync
    [out_trade_no] => 147116923500885
    [payment_type] => 1
    [seller_email] => 867672678@qq.com
    [seller_id] => 2088021266234053
    [subject] => ã€Šé¾™æˆ˜äºŽé‡Žã€‹100å…ƒä»£é‡‘åˆ¸
    [total_fee] => 40.00
    [trade_no] => 2016081421001004100223669190
    [trade_status] => TRADE_SUCCESS
    [sign] => c8e2ee64170681d0f627644a381db382
    [sign_type] => MD5
)

2016-08-14 18:10:50æ”¯ä»˜å®éªŒè¯å¤±è´¥
Array
(
    [body] => ???¨¦??????o?¨¦?????100?????¡ê¨¦?????
    [buyer_email] => zhengwanyi@hotmail.com
    [buyer_id] => 2088002293236104
    [exterface] => create_direct_pay_by_user
    [extra_common_param] => 850,100,d984771913
    [is_success] => T
    [notify_id] => RqPnCoPT3K9/vwbh3InWf0yDVpSS/WD7hqb3VzqE2PQA7Z6dN8Ryx8ADxPgjW7HM6SGW
    [notify_time] => 2016-08-14 18:07:38
    [notify_type] => trade_status_sync
    [out_trade_no] => 147116923500885
    [payment_type] => 1
    [seller_email] => 867672678@qq.com
    [seller_id] => 2088021266234053
    [subject] => ???¨¦??????o?¨¦?????100?????¡ê¨¦?????
    [total_fee] => 40.00
    [trade_no] => 2016081421001004100223669190
    [trade_status] => TRADE_SUCCESS
    [sign] => c8e2ee64170681d0f627644a381db382
    [sign_type] => MD5
)

2016-08-14 19:47:48è®¢å•ï¼šä»˜æ¬¾æˆåŠŸï¼Œç»™äº†çŽ©å®¶ç›¸åº”çš„ä»£é‡‘åˆ¸
Array
(
    [body] => ã€Šå¾¡å‰‘æƒ…ç¼˜ã€‹400å…ƒä»£é‡‘åˆ¸
    [buyer_email] => 13922211245
    [buyer_id] => 2088312643761911
    [exterface] => create_direct_pay_by_user
    [extra_common_param] => 1101,400,zz85321
    [is_success] => T
    [notify_id] => RqPnCoPT3K9%2Fvwbh3InWf0yCUiAN4Wv4XbtO9WF4zyrmOQE6QnSJzKP9qnuuacsOYZXt
    [notify_time] => 2016-08-14 19:47:45
    [notify_type] => trade_status_sync
    [out_trade_no] => 147117523253181
    [payment_type] => 1
    [seller_email] => 867672678@qq.com
    [seller_id] => 2088021266234053
    [subject] => ã€Šå¾¡å‰‘æƒ…ç¼˜ã€‹400å…ƒä»£é‡‘åˆ¸
    [total_fee] => 200.00
    [trade_no] => 2016081421001004910226837297
    [trade_status] => TRADE_SUCCESS
    [sign] => 7c3630c5f6830c56b033e340f29a96fe
    [sign_type] => MD5
)

