2016-10-06 00:07:23订单：付款成功，给了玩家相应的代金券
Array
(
    [discount] => 0.00
    [extra_common_param] => 3000
    [payment_type] => 1
    [subject] => 《诛仙yw》3000元代金券
    [trade_no] => 2016100521001004800220719863
    [buyer_email] => 174960848@qq.com
    [gmt_create] => 2016-10-05 23:43:19
    [notify_type] => trade_status_sync
    [quantity] => 1
    [out_trade_no] => 147568219320031
    [seller_id] => 2088021266234053
    [notify_time] => 2016-10-06 00:07:23
    [body] => 《诛仙yw》3000元代金券
    [trade_status] => TRADE_SUCCESS
    [is_total_fee_adjust] => N
    [total_fee] => 1440.00
    [gmt_payment] => 2016-10-05 23:43:24
    [seller_email] => 867672678@qq.com
    [price] => 1440.00
    [buyer_id] => 2088702663816803
    [notify_id] => d3e62aa5bfeadb2e7077f426c57c65fm6a
    [use_coupon] => N
    [sign_type] => MD5
    [sign] => 4442533ae695664e639dca796cd16aeb
)

2016-10-06 01:07:44订单：付款成功，给了玩家相应的代金券
Array
(
    [discount] => 0.00
    [extra_common_param] => 3000
    [payment_type] => 1
    [subject] => 《诛仙yw》3000元代金券
    [trade_no] => 2016100521001004800220719863
    [buyer_email] => 174960848@qq.com
    [gmt_create] => 2016-10-05 23:43:19
    [notify_type] => trade_status_sync
    [quantity] => 1
    [out_trade_no] => 147568219320031
    [seller_id] => 2088021266234053
    [notify_time] => 2016-10-06 01:07:44
    [body] => 《诛仙yw》3000元代金券
    [trade_status] => TRADE_SUCCESS
    [is_total_fee_adjust] => N
    [total_fee] => 1440.00
    [gmt_payment] => 2016-10-05 23:43:24
    [seller_email] => 867672678@qq.com
    [price] => 1440.00
    [buyer_id] => 2088702663816803
    [notify_id] => d3e62aa5bfeadb2e7077f426c57c65fm6a
    [use_coupon] => N
    [sign_type] => MD5
    [sign] => fbea5f3302862ce599941fe1323e95ae
)

2016-10-06 01:27:10订单：付款成功，给了玩家相应的代金券
Array
(
    [discount] => 0.00
    [extra_common_param] => 6
    [payment_type] => 1
    [subject] => 《龙战于野》6元代金券
    [trade_no] => 2016100521001004440278459829
    [buyer_email] => 283266479@qq.com
    [gmt_create] => 2016-10-05 22:02:36
    [notify_type] => trade_status_sync
    [quantity] => 1
    [out_trade_no] => 147567614211201
    [seller_id] => 2088021266234053
    [notify_time] => 2016-10-06 01:27:10
    [body] => 《龙战于野》6元代金券
    [trade_status] => TRADE_SUCCESS
    [is_total_fee_adjust] => N
    [total_fee] => 2.40
    [gmt_payment] => 2016-10-05 22:02:44
    [seller_email] => 867672678@qq.com
    [price] => 2.40
    [buyer_id] => 2088312127602442
    [notify_id] => eee75f15a4e35a420e0492735e6ca79jea
    [use_coupon] => N
    [sign_type] => MD5
    [sign] => 0c8e0650227c4b78f6e5e89c1fad8ac1
)

2016-10-06 01:48:16订单：付款成功，给了玩家相应的代金券
Array
(
    [discount] => 0.00
    [extra_common_param] => 138
    [payment_type] => 1
    [subject] => 《龙战于野》138元代金券
    [trade_no] => 2016100521001004440277020952
    [buyer_email] => 283266479@qq.com
    [gmt_create] => 2016-10-05 16:24:27
    [notify_type] => trade_status_sync
    [quantity] => 1
    [out_trade_no] => 147565585518972
    [seller_id] => 2088021266234053
    [notify_time] => 2016-10-06 01:48:15
    [body] => 《龙战于野》138元代金券
    [trade_status] => TRADE_SUCCESS
    [is_total_fee_adjust] => N
    [total_fee] => 55.20
    [gmt_payment] => 2016-10-05 16:24:32
    [seller_email] => 867672678@qq.com
    [price] => 55.20
    [buyer_id] => 2088312127602442
    [notify_id] => 2e57d611a365942cd4c7c205ce45f06jea
    [use_coupon] => N
    [sign_type] => MD5
    [sign] => c1e1313b118d971f818f5415232ec50d
)

2016-10-06 02:00:16订单：付款成功，给了玩家相应的代金券
Array
(
    [discount] => 0.00
    [extra_common_param] => 13000
    [payment_type] => 1
    [subject] => 《诛仙yw》13000元代金券
    [trade_no] => 2016100521001004800219864991
    [buyer_email] => 174960848@qq.com
    [gmt_create] => 2016-10-05 16:34:05
    [notify_type] => trade_status_sync
    [quantity] => 1
    [out_trade_no] => 147565643686528
    [seller_id] => 2088021266234053
    [notify_time] => 2016-10-06 02:00:16
    [body] => 《诛仙yw》13000元代金券
    [trade_status] => TRADE_SUCCESS
    [is_total_fee_adjust] => N
    [total_fee] => 6240.00
    [gmt_payment] => 2016-10-05 16:36:12
    [seller_email] => 867672678@qq.com
    [price] => 6240.00
    [buyer_id] => 2088702663816803
    [notify_id] => 1de7803e897046509e0ee49d1ebb9cem6a
    [use_coupon] => N
    [sign_type] => MD5
    [sign] => def5c0704baa77f9881d32f464fbd487
)

2016-10-06 03:07:17订单：付款成功，给了玩家相应的代金券
Array
(
    [discount] => 0.00
    [extra_common_param] => 3000
    [payment_type] => 1
    [subject] => 《诛仙yw》3000元代金券
    [trade_no] => 2016100521001004800220719863
    [buyer_email] => 174960848@qq.com
    [gmt_create] => 2016-10-05 23:43:19
    [notify_type] => trade_status_sync
    [quantity] => 1
    [out_trade_no] => 147568219320031
    [seller_id] => 2088021266234053
    [notify_time] => 2016-10-06 03:07:17
    [body] => 《诛仙yw》3000元代金券
    [trade_status] => TRADE_SUCCESS
    [is_total_fee_adjust] => N
    [total_fee] => 1440.00
    [gmt_payment] => 2016-10-05 23:43:24
    [seller_email] => 867672678@qq.com
    [price] => 1440.00
    [buyer_id] => 2088702663816803
    [notify_id] => d3e62aa5bfeadb2e7077f426c57c65fm6a
    [use_coupon] => N
    [sign_type] => MD5
    [sign] => 5f759b2828049662db660792e3d2b219
)

2016-10-06 07:27:05订单：付款成功，给了玩家相应的代金券
Array
(
    [discount] => 0.00
    [extra_common_param] => 6
    [payment_type] => 1
    [subject] => 《龙战于野》6元代金券
    [trade_no] => 2016100521001004440278459829
    [buyer_email] => 283266479@qq.com
    [gmt_create] => 2016-10-05 22:02:36
    [notify_type] => trade_status_sync
    [quantity] => 1
    [out_trade_no] => 147567614211201
    [seller_id] => 2088021266234053
    [notify_time] => 2016-10-06 07:27:03
    [body] => 《龙战于野》6元代金券
    [trade_status] => TRADE_SUCCESS
    [is_total_fee_adjust] => N
    [total_fee] => 2.40
    [gmt_payment] => 2016-10-05 22:02:44
    [seller_email] => 867672678@qq.com
    [price] => 2.40
    [buyer_id] => 2088312127602442
    [notify_id] => eee75f15a4e35a420e0492735e6ca79jea
    [use_coupon] => N
    [sign_type] => MD5
    [sign] => da51a69dbc33acbd9cfd7e7c421e9d60
)

2016-10-06 09:07:29订单：付款成功，给了玩家相应的代金券
Array
(
    [discount] => 0.00
    [extra_common_param] => 3000
    [payment_type] => 1
    [subject] => 《诛仙yw》3000元代金券
    [trade_no] => 2016100521001004800220719863
    [buyer_email] => 174960848@qq.com
    [gmt_create] => 2016-10-05 23:43:19
    [notify_type] => trade_status_sync
    [quantity] => 1
    [out_trade_no] => 147568219320031
    [seller_id] => 2088021266234053
    [notify_time] => 2016-10-06 09:07:27
    [body] => 《诛仙yw》3000元代金券
    [trade_status] => TRADE_SUCCESS
    [is_total_fee_adjust] => N
    [total_fee] => 1440.00
    [gmt_payment] => 2016-10-05 23:43:24
    [seller_email] => 867672678@qq.com
    [price] => 1440.00
    [buyer_id] => 2088702663816803
    [notify_id] => d3e62aa5bfeadb2e7077f426c57c65fm6a
    [use_coupon] => N
    [sign_type] => MD5
    [sign] => 782d8369cdb37746991b12122fe1e036
)

2016-10-06 09:43:48订单：付款成功，给了玩家相应的代金券
Array
(
    [discount] => 0.00
    [extra_common_param] => 100
    [payment_type] => 1
    [subject] => 《龙战于野》100元代金券
    [trade_no] => 2016100621001004100207009132
    [buyer_email] => zhengwanyi@hotmail.com
    [gmt_create] => 2016-10-06 09:43:43
    [notify_type] => trade_status_sync
    [quantity] => 1
    [out_trade_no] => 147571821536394
    [seller_id] => 2088021266234053
    [notify_time] => 2016-10-06 09:43:48
    [body] => 《龙战于野》100元代金券
    [trade_status] => TRADE_SUCCESS
    [is_total_fee_adjust] => N
    [total_fee] => 40.00
    [gmt_payment] => 2016-10-06 09:43:48
    [seller_email] => 867672678@qq.com
    [price] => 40.00
    [buyer_id] => 2088002293236104
    [notify_id] => f279b027fe61f0dc6ea6c1587c799a3gru
    [use_coupon] => N
    [sign_type] => MD5
    [sign] => 77c00aab78eeb27248e7e63cab5b854d
)

2016-10-06 09:43:59订单：付款成功，给了玩家相应的代金券
Array
(
    [body] => 《龙战于野》100元代金券
    [buyer_email] => zhengwanyi@hotmail.com
    [buyer_id] => 2088002293236104
    [exterface] => create_direct_pay_by_user
    [extra_common_param] => 100
    [is_success] => T
    [notify_id] => RqPnCoPT3K9%2Fvwbh3InWe2lO%2B9N8DjhXgUyPMtIri0WX9qDmQ1NRUkW4854OPZxjff2k
    [notify_time] => 2016-10-06 09:43:56
    [notify_type] => trade_status_sync
    [out_trade_no] => 147571821536394
    [payment_type] => 1
    [seller_email] => 867672678@qq.com
    [seller_id] => 2088021266234053
    [subject] => 《龙战于野》100元代金券
    [total_fee] => 40.00
    [trade_no] => 2016100621001004100207009132
    [trade_status] => TRADE_SUCCESS
    [sign] => 65110a44b23eae29bf7db3fcf71bfc6d
    [sign_type] => MD5
)

2016-10-06 09:45:01订单：付款成功，给了玩家相应的代金券
Array
(
    [discount] => 0.00
    [extra_common_param] => 200
    [payment_type] => 1
    [subject] => 《龙战于野》200元代金券
    [trade_no] => 2016100621001004100205807483
    [buyer_email] => zhengwanyi@hotmail.com
    [gmt_create] => 2016-10-06 09:44:58
    [notify_type] => trade_status_sync
    [quantity] => 1
    [out_trade_no] => 147571828894417
    [seller_id] => 2088021266234053
    [notify_time] => 2016-10-06 09:45:01
    [body] => 《龙战于野》200元代金券
    [trade_status] => TRADE_SUCCESS
    [is_total_fee_adjust] => N
    [total_fee] => 80.00
    [gmt_payment] => 2016-10-06 09:45:01
    [seller_email] => 867672678@qq.com
    [price] => 80.00
    [buyer_id] => 2088002293236104
    [notify_id] => 415b9d683da9e6679963a909389cac8gru
    [use_coupon] => N
    [sign_type] => MD5
    [sign] => 7a236a12fdffb9db38646dc4e852c979
)

2016-10-06 09:45:13订单：付款成功，给了玩家相应的代金券
Array
(
    [body] => 《龙战于野》200元代金券
    [buyer_email] => zhengwanyi@hotmail.com
    [buyer_id] => 2088002293236104
    [exterface] => create_direct_pay_by_user
    [extra_common_param] => 200
    [is_success] => T
    [notify_id] => RqPnCoPT3K9%2Fvwbh3InWe2lO%2B9JtlvD2PfhNSKiqGu8x9IMngioXT1KOD9XnY3AYJves
    [notify_time] => 2016-10-06 09:45:10
    [notify_type] => trade_status_sync
    [out_trade_no] => 147571828894417
    [payment_type] => 1
    [seller_email] => 867672678@qq.com
    [seller_id] => 2088021266234053
    [subject] => 《龙战于野》200元代金券
    [total_fee] => 80.00
    [trade_no] => 2016100621001004100205807483
    [trade_status] => TRADE_SUCCESS
    [sign] => 4be538a4f0a507d64cba9cec45eb12b5
    [sign_type] => MD5
)

2016-10-06 09:47:30订单：付款成功，给了玩家相应的代金券
Array
(
    [discount] => 0.00
    [extra_common_param] => 100
    [payment_type] => 1
    [subject] => 《龙战于野》100元代金券
    [trade_no] => 2016100621001004100207009132
    [buyer_email] => zhengwanyi@hotmail.com
    [gmt_create] => 2016-10-06 09:43:43
    [notify_type] => trade_status_sync
    [quantity] => 1
    [out_trade_no] => 147571821536394
    [seller_id] => 2088021266234053
    [notify_time] => 2016-10-06 09:47:29
    [body] => 《龙战于野》100元代金券
    [trade_status] => TRADE_SUCCESS
    [is_total_fee_adjust] => N
    [total_fee] => 40.00
    [gmt_payment] => 2016-10-06 09:43:48
    [seller_email] => 867672678@qq.com
    [price] => 40.00
    [buyer_id] => 2088002293236104
    [notify_id] => f279b027fe61f0dc6ea6c1587c799a3gru
    [use_coupon] => N
    [sign_type] => MD5
    [sign] => 9954d7656fe4891aa71492faef091ef6
)

2016-10-06 09:49:45订单：付款成功，给了玩家相应的代金券
Array
(
    [discount] => 0.00
    [extra_common_param] => 200
    [payment_type] => 1
    [subject] => 《龙战于野》200元代金券
    [trade_no] => 2016100621001004100205807483
    [buyer_email] => zhengwanyi@hotmail.com
    [gmt_create] => 2016-10-06 09:44:58
    [notify_type] => trade_status_sync
    [quantity] => 1
    [out_trade_no] => 147571828894417
    [seller_id] => 2088021266234053
    [notify_time] => 2016-10-06 09:49:45
    [body] => 《龙战于野》200元代金券
    [trade_status] => TRADE_SUCCESS
    [is_total_fee_adjust] => N
    [total_fee] => 80.00
    [gmt_payment] => 2016-10-06 09:45:01
    [seller_email] => 867672678@qq.com
    [price] => 80.00
    [buyer_id] => 2088002293236104
    [notify_id] => 415b9d683da9e6679963a909389cac8gru
    [use_coupon] => N
    [sign_type] => MD5
    [sign] => 2e05877553d8afdbd04da01eac39f2ba
)

2016-10-06 09:57:36订单：付款成功，给了玩家相应的代金券
Array
(
    [discount] => 0.00
    [extra_common_param] => 100
    [payment_type] => 1
    [subject] => 《龙战于野》100元代金券
    [trade_no] => 2016100621001004100207009132
    [buyer_email] => zhengwanyi@hotmail.com
    [gmt_create] => 2016-10-06 09:43:43
    [notify_type] => trade_status_sync
    [quantity] => 1
    [out_trade_no] => 147571821536394
    [seller_id] => 2088021266234053
    [notify_time] => 2016-10-06 09:57:36
    [body] => 《龙战于野》100元代金券
    [trade_status] => TRADE_SUCCESS
    [is_total_fee_adjust] => N
    [total_fee] => 40.00
    [gmt_payment] => 2016-10-06 09:43:48
    [seller_email] => 867672678@qq.com
    [price] => 40.00
    [buyer_id] => 2088002293236104
    [notify_id] => f279b027fe61f0dc6ea6c1587c799a3gru
    [use_coupon] => N
    [sign_type] => MD5
    [sign] => 502525e8da3e7bbba6a7656e28981272
)

2016-10-06 10:00:27订单：付款成功，给了玩家相应的代金券
Array
(
    [discount] => 0.00
    [extra_common_param] => 200
    [payment_type] => 1
    [subject] => 《龙战于野》200元代金券
    [trade_no] => 2016100621001004100205807483
    [buyer_email] => zhengwanyi@hotmail.com
    [gmt_create] => 2016-10-06 09:44:58
    [notify_type] => trade_status_sync
    [quantity] => 1
    [out_trade_no] => 147571828894417
    [seller_id] => 2088021266234053
    [notify_time] => 2016-10-06 10:00:27
    [body] => 《龙战于野》200元代金券
    [trade_status] => TRADE_SUCCESS
    [is_total_fee_adjust] => N
    [total_fee] => 80.00
    [gmt_payment] => 2016-10-06 09:45:01
    [seller_email] => 867672678@qq.com
    [price] => 80.00
    [buyer_id] => 2088002293236104
    [notify_id] => 415b9d683da9e6679963a909389cac8gru
    [use_coupon] => N
    [sign_type] => MD5
    [sign] => 4928e43ce42938825ee1043e09af7982
)

2016-10-06 10:07:03订单：付款成功，给了玩家相应的代金券
Array
(
    [discount] => 0.00
    [extra_common_param] => 100
    [payment_type] => 1
    [subject] => 《龙战于野》100元代金券
    [trade_no] => 2016100621001004100207009132
    [buyer_email] => zhengwanyi@hotmail.com
    [gmt_create] => 2016-10-06 09:43:43
    [notify_type] => trade_status_sync
    [quantity] => 1
    [out_trade_no] => 147571821536394
    [seller_id] => 2088021266234053
    [notify_time] => 2016-10-06 10:07:03
    [body] => 《龙战于野》100元代金券
    [trade_status] => TRADE_SUCCESS
    [is_total_fee_adjust] => N
    [total_fee] => 40.00
    [gmt_payment] => 2016-10-06 09:43:48
    [seller_email] => 867672678@qq.com
    [price] => 40.00
    [buyer_id] => 2088002293236104
    [notify_id] => f279b027fe61f0dc6ea6c1587c799a3gru
    [use_coupon] => N
    [sign_type] => MD5
    [sign] => 88cba2d96ae70a870cd605d6ef1bb934
)

2016-10-06 10:09:26订单：付款成功，给了玩家相应的代金券
Array
(
    [discount] => 0.00
    [extra_common_param] => 200
    [payment_type] => 1
    [subject] => 《龙战于野》200元代金券
    [trade_no] => 2016100621001004100205807483
    [buyer_email] => zhengwanyi@hotmail.com
    [gmt_create] => 2016-10-06 09:44:58
    [notify_type] => trade_status_sync
    [quantity] => 1
    [out_trade_no] => 147571828894417
    [seller_id] => 2088021266234053
    [notify_time] => 2016-10-06 10:09:24
    [body] => 《龙战于野》200元代金券
    [trade_status] => TRADE_SUCCESS
    [is_total_fee_adjust] => N
    [total_fee] => 80.00
    [gmt_payment] => 2016-10-06 09:45:01
    [seller_email] => 867672678@qq.com
    [price] => 80.00
    [buyer_id] => 2088002293236104
    [notify_id] => 415b9d683da9e6679963a909389cac8gru
    [use_coupon] => N
    [sign_type] => MD5
    [sign] => f22784e66fc00e14b03a48bc40ecb371
)

2016-10-06 10:10:49订单：付款成功，给了玩家相应的代金券
Array
(
    [discount] => 0.00
    [extra_common_param] => 123
    [payment_type] => 1
    [subject] => 《龙战于野》123元代金券
    [trade_no] => 2016100621001004440278209605
    [buyer_email] => 283266479@qq.com
    [gmt_create] => 2016-10-06 10:10:44
    [notify_type] => trade_status_sync
    [quantity] => 1
    [out_trade_no] => 147571983005595
    [seller_id] => 2088021266234053
    [notify_time] => 2016-10-06 10:10:49
    [body] => 《龙战于野》123元代金券
    [trade_status] => TRADE_SUCCESS
    [is_total_fee_adjust] => N
    [total_fee] => 49.20
    [gmt_payment] => 2016-10-06 10:10:49
    [seller_email] => 867672678@qq.com
    [price] => 49.20
    [buyer_id] => 2088312127602442
    [notify_id] => 2ba4d49dec840d3f38d7d2a9abc859fjea
    [use_coupon] => N
    [sign_type] => MD5
    [sign] => d5ed34b549ed2db6d9f84e376247a00e
)

2016-10-06 10:10:59订单：付款成功，给了玩家相应的代金券
Array
(
    [body] => 《龙战于野》123元代金券
    [buyer_email] => 283266479@qq.com
    [buyer_id] => 2088312127602442
    [exterface] => create_direct_pay_by_user
    [extra_common_param] => 123
    [is_success] => T
    [notify_id] => RqPnCoPT3K9%2Fvwbh3InWe2lO%2BvhNkRmfFyUMjVgMp6Ci1trMzwaraMNkSVLqXh1uf9Uy
    [notify_time] => 2016-10-06 10:10:56
    [notify_type] => trade_status_sync
    [out_trade_no] => 147571983005595
    [payment_type] => 1
    [seller_email] => 867672678@qq.com
    [seller_id] => 2088021266234053
    [subject] => 《龙战于野》123元代金券
    [total_fee] => 49.20
    [trade_no] => 2016100621001004440278209605
    [trade_status] => TRADE_SUCCESS
    [sign] => 7e9d46a3516513d35d5248c472e27a58
    [sign_type] => MD5
)

2016-10-06 10:14:05支付宝验证失败
Array
(
    [body] => 《龙战于野》123元代金券
    [buyer_email] => 283266479@qq.com
    [buyer_id] => 2088312127602442
    [exterface] => create_direct_pay_by_user
    [extra_common_param] => 123
    [is_success] => T
    [notify_id] => RqPnCoPT3K9/vwbh3InWe2lO+vhNkRmfFyUMjVgMp6Ci1trMzwaraMNkSVLqXh1uf9Uy
    [notify_time] => 2016-10-06 10:10:56
    [notify_type] => trade_status_sync
    [out_trade_no] => 147571983005595
    [payment_type] => 1
    [seller_email] => 867672678@qq.com
    [seller_id] => 2088021266234053
    [subject] => 《龙战于野》123元代金券
    [total_fee] => 49.20
    [trade_no] => 2016100621001004440278209605
    [trade_status] => TRADE_SUCCESS
    [sign] => 7e9d46a3516513d35d5248c472e27a58
    [sign_type] => MD5
)

2016-10-06 10:14:10订单：付款成功，给了玩家相应的代金券
Array
(
    [discount] => 0.00
    [extra_common_param] => 123
    [payment_type] => 1
    [subject] => 《龙战于野》123元代金券
    [trade_no] => 2016100621001004440278209605
    [buyer_email] => 283266479@qq.com
    [gmt_create] => 2016-10-06 10:10:44
    [notify_type] => trade_status_sync
    [quantity] => 1
    [out_trade_no] => 147571983005595
    [seller_id] => 2088021266234053
    [notify_time] => 2016-10-06 10:14:10
    [body] => 《龙战于野》123元代金券
    [trade_status] => TRADE_SUCCESS
    [is_total_fee_adjust] => N
    [total_fee] => 49.20
    [gmt_payment] => 2016-10-06 10:10:49
    [seller_email] => 867672678@qq.com
    [price] => 49.20
    [buyer_id] => 2088312127602442
    [notify_id] => 2ba4d49dec840d3f38d7d2a9abc859fjea
    [use_coupon] => N
    [sign_type] => MD5
    [sign] => 7a46bd42eaa5f00275bc2cfab76f6495
)

2016-10-06 10:17:05支付宝验证失败
Array
(
    [body] => 《龙战于野》123元代金券
    [buyer_email] => 283266479@qq.com
    [buyer_id] => 2088312127602442
    [exterface] => create_direct_pay_by_user
    [extra_common_param] => 123
    [is_success] => T
    [notify_id] => RqPnCoPT3K9/vwbh3InWe2lO+vhNkRmfFyUMjVgMp6Ci1trMzwaraMNkSVLqXh1uf9Uy
    [notify_time] => 2016-10-06 10:10:56
    [notify_type] => trade_status_sync
    [out_trade_no] => 147571983005595
    [payment_type] => 1
    [seller_email] => 867672678@qq.com
    [seller_id] => 2088021266234053
    [subject] => 《龙战于野》123元代金券
    [total_fee] => 49.20
    [trade_no] => 2016100621001004440278209605
    [trade_status] => TRADE_SUCCESS
    [sign] => 7e9d46a3516513d35d5248c472e27a58
    [sign_type] => MD5
)

2016-10-06 10:22:40订单：付款成功，给了玩家相应的代金券
Array
(
    [discount] => 0.00
    [extra_common_param] => 6
    [payment_type] => 1
    [subject] => 《龙战于野》6元代金券
    [trade_no] => 2016100521001004440276485451
    [buyer_email] => 283266479@qq.com
    [gmt_create] => 2016-10-05 09:58:19
    [notify_type] => trade_status_sync
    [quantity] => 1
    [out_trade_no] => 147563267993443
    [seller_id] => 2088021266234053
    [notify_time] => 2016-10-06 10:22:40
    [body] => 《龙战于野》6元代金券
    [trade_status] => TRADE_SUCCESS
    [is_total_fee_adjust] => N
    [total_fee] => 2.40
    [gmt_payment] => 2016-10-05 09:58:24
    [seller_email] => 867672678@qq.com
    [price] => 2.40
    [buyer_id] => 2088312127602442
    [notify_id] => 0c15040b6b2125c319bb919f2470e16jea
    [use_coupon] => N
    [sign_type] => MD5
    [sign] => 810ad720c479b1dcd5dcf3fa028cc64d
)

2016-10-06 10:24:18订单：付款成功，给了玩家相应的代金券
Array
(
    [discount] => 0.00
    [extra_common_param] => 6
    [payment_type] => 1
    [subject] => 《龙战于野》6元代金券
    [trade_no] => 2016100521001004440277434504
    [buyer_email] => 283266479@qq.com
    [gmt_create] => 2016-10-05 09:59:53
    [notify_type] => trade_status_sync
    [quantity] => 1
    [out_trade_no] => 147563278479533
    [seller_id] => 2088021266234053
    [notify_time] => 2016-10-06 10:24:18
    [body] => 《龙战于野》6元代金券
    [trade_status] => TRADE_SUCCESS
    [is_total_fee_adjust] => N
    [total_fee] => 2.40
    [gmt_payment] => 2016-10-05 09:59:56
    [seller_email] => 867672678@qq.com
    [price] => 2.40
    [buyer_id] => 2088312127602442
    [notify_id] => 2707c03dfce2b83d92fa016f49524c0jea
    [use_coupon] => N
    [sign_type] => MD5
    [sign] => a5e1f39f05632fa3d294e13aee6a8ac3
)

2016-10-06 10:24:19订单：付款成功，给了玩家相应的代金券
Array
(
    [discount] => 0.00
    [extra_common_param] => 123
    [payment_type] => 1
    [subject] => 《龙战于野》123元代金券
    [trade_no] => 2016100621001004440278209605
    [buyer_email] => 283266479@qq.com
    [gmt_create] => 2016-10-06 10:10:44
    [notify_type] => trade_status_sync
    [quantity] => 1
    [out_trade_no] => 147571983005595
    [seller_id] => 2088021266234053
    [notify_time] => 2016-10-06 10:24:18
    [body] => 《龙战于野》123元代金券
    [trade_status] => TRADE_SUCCESS
    [is_total_fee_adjust] => N
    [total_fee] => 49.20
    [gmt_payment] => 2016-10-06 10:10:49
    [seller_email] => 867672678@qq.com
    [price] => 49.20
    [buyer_id] => 2088312127602442
    [notify_id] => 2ba4d49dec840d3f38d7d2a9abc859fjea
    [use_coupon] => N
    [sign_type] => MD5
    [sign] => 0991deffe7970a2630505945f0ba96b9
)

2016-10-06 10:24:22订单：付款成功，给了玩家相应的代金券
Array
(
    [discount] => 0.00
    [extra_common_param] => 6
    [payment_type] => 1
    [subject] => 《龙战于野》6元代金券
    [trade_no] => 2016100521001004440277128549
    [buyer_email] => 283266479@qq.com
    [gmt_create] => 2016-10-05 09:59:06
    [notify_type] => trade_status_sync
    [quantity] => 1
    [out_trade_no] => 147563273850785
    [seller_id] => 2088021266234053
    [notify_time] => 2016-10-06 10:24:22
    [body] => 《龙战于野》6元代金券
    [trade_status] => TRADE_SUCCESS
    [is_total_fee_adjust] => N
    [total_fee] => 2.40
    [gmt_payment] => 2016-10-05 09:59:08
    [seller_email] => 867672678@qq.com
    [price] => 2.40
    [buyer_id] => 2088312127602442
    [notify_id] => b077acb5c18a5645d64e6048ec80d77jea
    [use_coupon] => N
    [sign_type] => MD5
    [sign] => 2fcca496c2658ac1af3911313c7990b2
)

2016-10-06 10:34:04订单：付款成功，给了玩家相应的代金券
Array
(
    [discount] => 0.00
    [extra_common_param] => 123
    [payment_type] => 1
    [subject] => 《龙战于野》123元代金券
    [trade_no] => 2016100621001004440278209605
    [buyer_email] => 283266479@qq.com
    [gmt_create] => 2016-10-06 10:10:44
    [notify_type] => trade_status_sync
    [quantity] => 1
    [out_trade_no] => 147571983005595
    [seller_id] => 2088021266234053
    [notify_time] => 2016-10-06 10:34:02
    [body] => 《龙战于野》123元代金券
    [trade_status] => TRADE_SUCCESS
    [is_total_fee_adjust] => N
    [total_fee] => 49.20
    [gmt_payment] => 2016-10-06 10:10:49
    [seller_email] => 867672678@qq.com
    [price] => 49.20
    [buyer_id] => 2088312127602442
    [notify_id] => 2ba4d49dec840d3f38d7d2a9abc859fjea
    [use_coupon] => N
    [sign_type] => MD5
    [sign] => de7bbe4695bd1a0f633f54a4ef163a0f
)

2016-10-06 11:06:17订单：付款成功，给了玩家相应的代金券
Array
(
    [discount] => 0.00
    [extra_common_param] => 400
    [payment_type] => 1
    [subject] => 《龙战于野》400元代金券
    [trade_no] => 2016100521001004100203582310
    [buyer_email] => zhengwanyi@hotmail.com
    [gmt_create] => 2016-10-05 10:42:04
    [notify_type] => trade_status_sync
    [quantity] => 1
    [out_trade_no] => 147563531570629
    [seller_id] => 2088021266234053
    [notify_time] => 2016-10-06 11:06:15
    [body] => 《龙战于野》400元代金券
    [trade_status] => TRADE_SUCCESS
    [is_total_fee_adjust] => N
    [total_fee] => 160.00
    [gmt_payment] => 2016-10-05 10:42:07
    [seller_email] => 867672678@qq.com
    [price] => 160.00
    [buyer_id] => 2088002293236104
    [notify_id] => f24b27354b00bd6557f3ec5118adbbfgru
    [use_coupon] => N
    [sign_type] => MD5
    [sign] => 594592bcd0d69e7edd1b5fb5082335a6
)

2016-10-06 11:07:40订单：付款成功，给了玩家相应的代金券
Array
(
    [discount] => 0.00
    [extra_common_param] => 100
    [payment_type] => 1
    [subject] => 《龙战于野》100元代金券
    [trade_no] => 2016100621001004100207009132
    [buyer_email] => zhengwanyi@hotmail.com
    [gmt_create] => 2016-10-06 09:43:43
    [notify_type] => trade_status_sync
    [quantity] => 1
    [out_trade_no] => 147571821536394
    [seller_id] => 2088021266234053
    [notify_time] => 2016-10-06 11:07:40
    [body] => 《龙战于野》100元代金券
    [trade_status] => TRADE_SUCCESS
    [is_total_fee_adjust] => N
    [total_fee] => 40.00
    [gmt_payment] => 2016-10-06 09:43:48
    [seller_email] => 867672678@qq.com
    [price] => 40.00
    [buyer_id] => 2088002293236104
    [notify_id] => f279b027fe61f0dc6ea6c1587c799a3gru
    [use_coupon] => N
    [sign_type] => MD5
    [sign] => a37c7724c9d0852a166993470106a389
)

2016-10-06 11:09:18订单：付款成功，给了玩家相应的代金券
Array
(
    [discount] => 0.00
    [extra_common_param] => 200
    [payment_type] => 1
    [subject] => 《龙战于野》200元代金券
    [trade_no] => 2016100621001004100205807483
    [buyer_email] => zhengwanyi@hotmail.com
    [gmt_create] => 2016-10-06 09:44:58
    [notify_type] => trade_status_sync
    [quantity] => 1
    [out_trade_no] => 147571828894417
    [seller_id] => 2088021266234053
    [notify_time] => 2016-10-06 11:09:17
    [body] => 《龙战于野》200元代金券
    [trade_status] => TRADE_SUCCESS
    [is_total_fee_adjust] => N
    [total_fee] => 80.00
    [gmt_payment] => 2016-10-06 09:45:01
    [seller_email] => 867672678@qq.com
    [price] => 80.00
    [buyer_id] => 2088002293236104
    [notify_id] => 415b9d683da9e6679963a909389cac8gru
    [use_coupon] => N
    [sign_type] => MD5
    [sign] => 0cbcfba0757b51339bd26ea627956b90
)

2016-10-06 11:34:31订单：付款成功，给了玩家相应的代金券
Array
(
    [discount] => 0.00
    [extra_common_param] => 123
    [payment_type] => 1
    [subject] => 《龙战于野》123元代金券
    [trade_no] => 2016100621001004440278209605
    [buyer_email] => 283266479@qq.com
    [gmt_create] => 2016-10-06 10:10:44
    [notify_type] => trade_status_sync
    [quantity] => 1
    [out_trade_no] => 147571983005595
    [seller_id] => 2088021266234053
    [notify_time] => 2016-10-06 11:34:30
    [body] => 《龙战于野》123元代金券
    [trade_status] => TRADE_SUCCESS
    [is_total_fee_adjust] => N
    [total_fee] => 49.20
    [gmt_payment] => 2016-10-06 10:10:49
    [seller_email] => 867672678@qq.com
    [price] => 49.20
    [buyer_id] => 2088312127602442
    [notify_id] => 2ba4d49dec840d3f38d7d2a9abc859fjea
    [use_coupon] => N
    [sign_type] => MD5
    [sign] => b74845ecffb597cedcf79a24d3b7bc1d
)

2016-10-06 13:07:16订单：付款成功，给了玩家相应的代金券
Array
(
    [discount] => 0.00
    [extra_common_param] => 100
    [payment_type] => 1
    [subject] => 《龙战于野》100元代金券
    [trade_no] => 2016100621001004100207009132
    [buyer_email] => zhengwanyi@hotmail.com
    [gmt_create] => 2016-10-06 09:43:43
    [notify_type] => trade_status_sync
    [quantity] => 1
    [out_trade_no] => 147571821536394
    [seller_id] => 2088021266234053
    [notify_time] => 2016-10-06 13:07:16
    [body] => 《龙战于野》100元代金券
    [trade_status] => TRADE_SUCCESS
    [is_total_fee_adjust] => N
    [total_fee] => 40.00
    [gmt_payment] => 2016-10-06 09:43:48
    [seller_email] => 867672678@qq.com
    [price] => 40.00
    [buyer_id] => 2088002293236104
    [notify_id] => f279b027fe61f0dc6ea6c1587c799a3gru
    [use_coupon] => N
    [sign_type] => MD5
    [sign] => 0db3543e98925b2aac45777b2ea0835f
)

2016-10-06 13:09:17订单：付款成功，给了玩家相应的代金券
Array
(
    [discount] => 0.00
    [extra_common_param] => 200
    [payment_type] => 1
    [subject] => 《龙战于野》200元代金券
    [trade_no] => 2016100621001004100205807483
    [buyer_email] => zhengwanyi@hotmail.com
    [gmt_create] => 2016-10-06 09:44:58
    [notify_type] => trade_status_sync
    [quantity] => 1
    [out_trade_no] => 147571828894417
    [seller_id] => 2088021266234053
    [notify_time] => 2016-10-06 13:09:17
    [body] => 《龙战于野》200元代金券
    [trade_status] => TRADE_SUCCESS
    [is_total_fee_adjust] => N
    [total_fee] => 80.00
    [gmt_payment] => 2016-10-06 09:45:01
    [seller_email] => 867672678@qq.com
    [price] => 80.00
    [buyer_id] => 2088002293236104
    [notify_id] => 415b9d683da9e6679963a909389cac8gru
    [use_coupon] => N
    [sign_type] => MD5
    [sign] => 36aca5fd2d4d46d4572be14272deaa86
)

2016-10-06 13:12:13订单：付款成功，给了玩家相应的代金券
Array
(
    [discount] => 0.00
    [extra_common_param] => 300
    [payment_type] => 1
    [subject] => 《御剑情缘》300元代金券
    [trade_no] => 2016100521001004910223077824
    [buyer_email] => 13922211245
    [gmt_create] => 2016-10-05 12:47:50
    [notify_type] => trade_status_sync
    [quantity] => 1
    [out_trade_no] => 147564286356443
    [seller_id] => 2088021266234053
    [notify_time] => 2016-10-06 13:12:13
    [body] => 《御剑情缘》300元代金券
    [trade_status] => TRADE_SUCCESS
    [is_total_fee_adjust] => N
    [total_fee] => 150.00
    [gmt_payment] => 2016-10-05 12:47:59
    [seller_email] => 867672678@qq.com
    [price] => 150.00
    [buyer_id] => 2088312643761911
    [notify_id] => 0b5e15e9edabbcf29fd277661f3a33en0u
    [use_coupon] => N
    [sign_type] => MD5
    [sign] => f84caa730c3243d7eb01ed4222406f20
)

2016-10-06 13:32:12订单：付款成功，给了玩家相应的代金券
Array
(
    [discount] => 0.00
    [extra_common_param] => 198
    [payment_type] => 1
    [subject] => 《龙战于野》198元代金券
    [trade_no] => 2016100521001004100205627801
    [buyer_email] => zhengwanyi@hotmail.com
    [gmt_create] => 2016-10-05 13:08:31
    [notify_type] => trade_status_sync
    [quantity] => 1
    [out_trade_no] => 147564410130592
    [seller_id] => 2088021266234053
    [notify_time] => 2016-10-06 13:32:12
    [body] => 《龙战于野》198元代金券
    [trade_status] => TRADE_SUCCESS
    [is_total_fee_adjust] => N
    [total_fee] => 79.20
    [gmt_payment] => 2016-10-05 13:08:34
    [seller_email] => 867672678@qq.com
    [price] => 79.20
    [buyer_id] => 2088002293236104
    [notify_id] => 2d6d02cf1d53d469823c4f2707a89a3gru
    [use_coupon] => N
    [sign_type] => MD5
    [sign] => 8307c3d2436c91e329869ed665f445f9
)

2016-10-06 13:34:39订单：付款成功，给了玩家相应的代金券
Array
(
    [discount] => 0.00
    [extra_common_param] => 123
    [payment_type] => 1
    [subject] => 《龙战于野》123元代金券
    [trade_no] => 2016100621001004440278209605
    [buyer_email] => 283266479@qq.com
    [gmt_create] => 2016-10-06 10:10:44
    [notify_type] => trade_status_sync
    [quantity] => 1
    [out_trade_no] => 147571983005595
    [seller_id] => 2088021266234053
    [notify_time] => 2016-10-06 13:34:39
    [body] => 《龙战于野》123元代金券
    [trade_status] => TRADE_SUCCESS
    [is_total_fee_adjust] => N
    [total_fee] => 49.20
    [gmt_payment] => 2016-10-06 10:10:49
    [seller_email] => 867672678@qq.com
    [price] => 49.20
    [buyer_id] => 2088312127602442
    [notify_id] => 2ba4d49dec840d3f38d7d2a9abc859fjea
    [use_coupon] => N
    [sign_type] => MD5
    [sign] => d2079c39c090de78150654f1423b8061
)

2016-10-06 15:09:15订单：付款成功，给了玩家相应的代金券
Array
(
    [discount] => 0.00
    [extra_common_param] => 358
    [payment_type] => 1
    [subject] => 《诛仙yw》358元代金券
    [trade_no] => 2016100621001004800220892342
    [buyer_email] => 174960848@qq.com
    [gmt_create] => 2016-10-06 15:09:08
    [notify_type] => trade_status_sync
    [quantity] => 1
    [out_trade_no] => 147573773831834
    [seller_id] => 2088021266234053
    [notify_time] => 2016-10-06 15:09:14
    [body] => 《诛仙yw》358元代金券
    [trade_status] => TRADE_SUCCESS
    [is_total_fee_adjust] => N
    [total_fee] => 171.80
    [gmt_payment] => 2016-10-06 15:09:14
    [seller_email] => 867672678@qq.com
    [price] => 171.80
    [buyer_id] => 2088702663816803
    [notify_id] => 801591abd7b17c4fea2b8bf8269c26cm6a
    [use_coupon] => N
    [sign_type] => MD5
    [sign] => ac88eb52be9347c20ba9fbb23eb9d5b1
)

2016-10-06 15:09:26订单：付款成功，给了玩家相应的代金券
Array
(
    [body] => 《诛仙yw》358元代金券
    [buyer_email] => 174960848@qq.com
    [buyer_id] => 2088702663816803
    [exterface] => create_direct_pay_by_user
    [extra_common_param] => 358
    [is_success] => T
    [notify_id] => RqPnCoPT3K9%2Fvwbh3InWe2lMT6Nsta9brJSKr6LEi7imTG1sijD2%2Bq%2BJAgepNQ3ycrMA
    [notify_time] => 2016-10-06 15:09:22
    [notify_type] => trade_status_sync
    [out_trade_no] => 147573773831834
    [payment_type] => 1
    [seller_email] => 867672678@qq.com
    [seller_id] => 2088021266234053
    [subject] => 《诛仙yw》358元代金券
    [total_fee] => 171.80
    [trade_no] => 2016100621001004800220892342
    [trade_status] => TRADE_SUCCESS
    [sign] => 48121a6cd7395698b9ce8d361d50fe3d
    [sign_type] => MD5
)

2016-10-06 15:13:39订单：付款成功，给了玩家相应的代金券
Array
(
    [discount] => 0.00
    [extra_common_param] => 358
    [payment_type] => 1
    [subject] => 《诛仙yw》358元代金券
    [trade_no] => 2016100621001004800220892342
    [buyer_email] => 174960848@qq.com
    [gmt_create] => 2016-10-06 15:09:08
    [notify_type] => trade_status_sync
    [quantity] => 1
    [out_trade_no] => 147573773831834
    [seller_id] => 2088021266234053
    [notify_time] => 2016-10-06 15:13:38
    [body] => 《诛仙yw》358元代金券
    [trade_status] => TRADE_SUCCESS
    [is_total_fee_adjust] => N
    [total_fee] => 171.80
    [gmt_payment] => 2016-10-06 15:09:14
    [seller_email] => 867672678@qq.com
    [price] => 171.80
    [buyer_id] => 2088702663816803
    [notify_id] => 801591abd7b17c4fea2b8bf8269c26cm6a
    [use_coupon] => N
    [sign_type] => MD5
    [sign] => a9143ff1f1dc545e65389a0e688ea43b
)

2016-10-06 15:23:32订单：付款成功，给了玩家相应的代金券
Array
(
    [discount] => 0.00
    [extra_common_param] => 358
    [payment_type] => 1
    [subject] => 《诛仙yw》358元代金券
    [trade_no] => 2016100621001004800220892342
    [buyer_email] => 174960848@qq.com
    [gmt_create] => 2016-10-06 15:09:08
    [notify_type] => trade_status_sync
    [quantity] => 1
    [out_trade_no] => 147573773831834
    [seller_id] => 2088021266234053
    [notify_time] => 2016-10-06 15:23:32
    [body] => 《诛仙yw》358元代金券
    [trade_status] => TRADE_SUCCESS
    [is_total_fee_adjust] => N
    [total_fee] => 171.80
    [gmt_payment] => 2016-10-06 15:09:14
    [seller_email] => 867672678@qq.com
    [price] => 171.80
    [buyer_id] => 2088702663816803
    [notify_id] => 801591abd7b17c4fea2b8bf8269c26cm6a
    [use_coupon] => N
    [sign_type] => MD5
    [sign] => 2bcef43b471fc33ebaa78c8ba5ce10d6
)

2016-10-06 15:33:15订单：付款成功，给了玩家相应的代金券
Array
(
    [discount] => 0.00
    [extra_common_param] => 358
    [payment_type] => 1
    [subject] => 《诛仙yw》358元代金券
    [trade_no] => 2016100621001004800220892342
    [buyer_email] => 174960848@qq.com
    [gmt_create] => 2016-10-06 15:09:08
    [notify_type] => trade_status_sync
    [quantity] => 1
    [out_trade_no] => 147573773831834
    [seller_id] => 2088021266234053
    [notify_time] => 2016-10-06 15:33:14
    [body] => 《诛仙yw》358元代金券
    [trade_status] => TRADE_SUCCESS
    [is_total_fee_adjust] => N
    [total_fee] => 171.80
    [gmt_payment] => 2016-10-06 15:09:14
    [seller_email] => 867672678@qq.com
    [price] => 171.80
    [buyer_id] => 2088702663816803
    [notify_id] => 801591abd7b17c4fea2b8bf8269c26cm6a
    [use_coupon] => N
    [sign_type] => MD5
    [sign] => 5fe9b68873adb5d5062d49c699b7dd9f
)

2016-10-06 15:57:45订单：付款成功，给了玩家相应的代金券
Array
(
    [discount] => 0.00
    [extra_common_param] => 4000
    [payment_type] => 1
    [subject] => 《御剑情缘》4000元代金券
    [trade_no] => 2016100621001004910223524198
    [buyer_email] => 13922211245
    [gmt_create] => 2016-10-06 15:57:28
    [notify_type] => trade_status_sync
    [quantity] => 1
    [out_trade_no] => 147574064038323
    [seller_id] => 2088021266234053
    [notify_time] => 2016-10-06 15:57:45
    [body] => 《御剑情缘》4000元代金券
    [trade_status] => TRADE_SUCCESS
    [is_total_fee_adjust] => N
    [total_fee] => 2000.00
    [gmt_payment] => 2016-10-06 15:57:45
    [seller_email] => 867672678@qq.com
    [price] => 2000.00
    [buyer_id] => 2088312643761911
    [notify_id] => 5437d7fac51b5671f669babd0e3b701n0u
    [use_coupon] => N
    [sign_type] => MD5
    [sign] => 749d88f0f2b458067929177124381dcc
)

2016-10-06 15:57:56订单：付款成功，给了玩家相应的代金券
Array
(
    [body] => 《御剑情缘》4000元代金券
    [buyer_email] => 13922211245
    [buyer_id] => 2088312643761911
    [exterface] => create_direct_pay_by_user
    [extra_common_param] => 4000
    [is_success] => T
    [notify_id] => RqPnCoPT3K9%2Fvwbh3InWe2lLNA7OjuJicKp3uZnvgbFMnyskSfh5fd5%2F%2F%2BkkyJg3jNuB
    [notify_time] => 2016-10-06 15:57:52
    [notify_type] => trade_status_sync
    [out_trade_no] => 147574064038323
    [payment_type] => 1
    [seller_email] => 867672678@qq.com
    [seller_id] => 2088021266234053
    [subject] => 《御剑情缘》4000元代金券
    [total_fee] => 2000.00
    [trade_no] => 2016100621001004910223524198
    [trade_status] => TRADE_SUCCESS
    [sign] => 9c211c561dce2b5da50aae98a2a8f7a1
    [sign_type] => MD5
)

2016-10-06 16:01:12订单：付款成功，给了玩家相应的代金券
Array
(
    [discount] => 0.00
    [extra_common_param] => 4000
    [payment_type] => 1
    [subject] => 《御剑情缘》4000元代金券
    [trade_no] => 2016100621001004910223524198
    [buyer_email] => 13922211245
    [gmt_create] => 2016-10-06 15:57:28
    [notify_type] => trade_status_sync
    [quantity] => 1
    [out_trade_no] => 147574064038323
    [seller_id] => 2088021266234053
    [notify_time] => 2016-10-06 16:01:12
    [body] => 《御剑情缘》4000元代金券
    [trade_status] => TRADE_SUCCESS
    [is_total_fee_adjust] => N
    [total_fee] => 2000.00
    [gmt_payment] => 2016-10-06 15:57:45
    [seller_email] => 867672678@qq.com
    [price] => 2000.00
    [buyer_id] => 2088312643761911
    [notify_id] => 5437d7fac51b5671f669babd0e3b701n0u
    [use_coupon] => N
    [sign_type] => MD5
    [sign] => a4375e4042cb5a7cf7afb388824ea2c2
)

2016-10-06 16:12:13订单：付款成功，给了玩家相应的代金券
Array
(
    [discount] => 0.00
    [extra_common_param] => 4000
    [payment_type] => 1
    [subject] => 《御剑情缘》4000元代金券
    [trade_no] => 2016100621001004910223524198
    [buyer_email] => 13922211245
    [gmt_create] => 2016-10-06 15:57:28
    [notify_type] => trade_status_sync
    [quantity] => 1
    [out_trade_no] => 147574064038323
    [seller_id] => 2088021266234053
    [notify_time] => 2016-10-06 16:12:12
    [body] => 《御剑情缘》4000元代金券
    [trade_status] => TRADE_SUCCESS
    [is_total_fee_adjust] => N
    [total_fee] => 2000.00
    [gmt_payment] => 2016-10-06 15:57:45
    [seller_email] => 867672678@qq.com
    [price] => 2000.00
    [buyer_id] => 2088312643761911
    [notify_id] => 5437d7fac51b5671f669babd0e3b701n0u
    [use_coupon] => N
    [sign_type] => MD5
    [sign] => d7ec57843cb9c6782632e6f718319d35
)

2016-10-06 16:21:36订单：付款成功，给了玩家相应的代金券
Array
(
    [discount] => 0.00
    [extra_common_param] => 4000
    [payment_type] => 1
    [subject] => 《御剑情缘》4000元代金券
    [trade_no] => 2016100621001004910223524198
    [buyer_email] => 13922211245
    [gmt_create] => 2016-10-06 15:57:28
    [notify_type] => trade_status_sync
    [quantity] => 1
    [out_trade_no] => 147574064038323
    [seller_id] => 2088021266234053
    [notify_time] => 2016-10-06 16:21:36
    [body] => 《御剑情缘》4000元代金券
    [trade_status] => TRADE_SUCCESS
    [is_total_fee_adjust] => N
    [total_fee] => 2000.00
    [gmt_payment] => 2016-10-06 15:57:45
    [seller_email] => 867672678@qq.com
    [price] => 2000.00
    [buyer_id] => 2088312643761911
    [notify_id] => 5437d7fac51b5671f669babd0e3b701n0u
    [use_coupon] => N
    [sign_type] => MD5
    [sign] => 10a16a9da6a3c89eaec0934de6f375eb
)

2016-10-06 16:33:34订单：付款成功，给了玩家相应的代金券
Array
(
    [discount] => 0.00
    [extra_common_param] => 358
    [payment_type] => 1
    [subject] => 《诛仙yw》358元代金券
    [trade_no] => 2016100621001004800220892342
    [buyer_email] => 174960848@qq.com
    [gmt_create] => 2016-10-06 15:09:08
    [notify_type] => trade_status_sync
    [quantity] => 1
    [out_trade_no] => 147573773831834
    [seller_id] => 2088021266234053
    [notify_time] => 2016-10-06 16:33:34
    [body] => 《诛仙yw》358元代金券
    [trade_status] => TRADE_SUCCESS
    [is_total_fee_adjust] => N
    [total_fee] => 171.80
    [gmt_payment] => 2016-10-06 15:09:14
    [seller_email] => 867672678@qq.com
    [price] => 171.80
    [buyer_id] => 2088702663816803
    [notify_id] => 801591abd7b17c4fea2b8bf8269c26cm6a
    [use_coupon] => N
    [sign_type] => MD5
    [sign] => 6b9b385a344787fba7abb684cef5b21d
)

2016-10-06 16:48:51订单：付款成功，给了玩家相应的代金券
Array
(
    [discount] => 0.00
    [extra_common_param] => 138
    [payment_type] => 1
    [subject] => 《龙战于野》138元代金券
    [trade_no] => 2016100521001004440277020952
    [buyer_email] => 283266479@qq.com
    [gmt_create] => 2016-10-05 16:24:27
    [notify_type] => trade_status_sync
    [quantity] => 1
    [out_trade_no] => 147565585518972
    [seller_id] => 2088021266234053
    [notify_time] => 2016-10-06 16:48:50
    [body] => 《龙战于野》138元代金券
    [trade_status] => TRADE_SUCCESS
    [is_total_fee_adjust] => N
    [total_fee] => 55.20
    [gmt_payment] => 2016-10-05 16:24:32
    [seller_email] => 867672678@qq.com
    [price] => 55.20
    [buyer_id] => 2088312127602442
    [notify_id] => 2e57d611a365942cd4c7c205ce45f06jea
    [use_coupon] => N
    [sign_type] => MD5
    [sign] => 2e2015f3830023886db875df83fa4f08
)

2016-10-06 17:00:51订单：付款成功，给了玩家相应的代金券
Array
(
    [discount] => 0.00
    [extra_common_param] => 13000
    [payment_type] => 1
    [subject] => 《诛仙yw》13000元代金券
    [trade_no] => 2016100521001004800219864991
    [buyer_email] => 174960848@qq.com
    [gmt_create] => 2016-10-05 16:34:05
    [notify_type] => trade_status_sync
    [quantity] => 1
    [out_trade_no] => 147565643686528
    [seller_id] => 2088021266234053
    [notify_time] => 2016-10-06 17:00:51
    [body] => 《诛仙yw》13000元代金券
    [trade_status] => TRADE_SUCCESS
    [is_total_fee_adjust] => N
    [total_fee] => 6240.00
    [gmt_payment] => 2016-10-05 16:36:12
    [seller_email] => 867672678@qq.com
    [price] => 6240.00
    [buyer_id] => 2088702663816803
    [notify_id] => 1de7803e897046509e0ee49d1ebb9cem6a
    [use_coupon] => N
    [sign_type] => MD5
    [sign] => 44daff0994f6f9729f88d343a8009bb8
)

2016-10-06 17:21:14订单：付款成功，给了玩家相应的代金券
Array
(
    [discount] => 0.00
    [extra_common_param] => 4000
    [payment_type] => 1
    [subject] => 《御剑情缘》4000元代金券
    [trade_no] => 2016100621001004910223524198
    [buyer_email] => 13922211245
    [gmt_create] => 2016-10-06 15:57:28
    [notify_type] => trade_status_sync
    [quantity] => 1
    [out_trade_no] => 147574064038323
    [seller_id] => 2088021266234053
    [notify_time] => 2016-10-06 17:21:13
    [body] => 《御剑情缘》4000元代金券
    [trade_status] => TRADE_SUCCESS
    [is_total_fee_adjust] => N
    [total_fee] => 2000.00
    [gmt_payment] => 2016-10-06 15:57:45
    [seller_email] => 867672678@qq.com
    [price] => 2000.00
    [buyer_id] => 2088312643761911
    [notify_id] => 5437d7fac51b5671f669babd0e3b701n0u
    [use_coupon] => N
    [sign_type] => MD5
    [sign] => 2ad147f7930cefa43c3c5b584364e61e
)

2016-10-06 17:24:06订单：付款成功，给了玩家相应的代金券
Array
(
    [discount] => 0.00
    [extra_common_param] => 200
    [payment_type] => 1
    [subject] => 《诛仙yw》200元代金券
    [trade_no] => 2016100621001004800220209256
    [buyer_email] => 174960848@qq.com
    [gmt_create] => 2016-10-06 17:24:00
    [notify_type] => trade_status_sync
    [quantity] => 1
    [out_trade_no] => 147574583734317
    [seller_id] => 2088021266234053
    [notify_time] => 2016-10-06 17:24:05
    [body] => 《诛仙yw》200元代金券
    [trade_status] => TRADE_SUCCESS
    [is_total_fee_adjust] => N
    [total_fee] => 96.00
    [gmt_payment] => 2016-10-06 17:24:05
    [seller_email] => 867672678@qq.com
    [price] => 96.00
    [buyer_id] => 2088702663816803
    [notify_id] => f2d42bcd25b6277bd0af3654502017bm6a
    [use_coupon] => N
    [sign_type] => MD5
    [sign] => c82f9acae599e5405929f180ab2f215d
)

2016-10-06 17:24:19订单：付款成功，给了玩家相应的代金券
Array
(
    [body] => 《诛仙yw》200元代金券
    [buyer_email] => 174960848@qq.com
    [buyer_id] => 2088702663816803
    [exterface] => create_direct_pay_by_user
    [extra_common_param] => 200
    [is_success] => T
    [notify_id] => RqPnCoPT3K9%2Fvwbh3InWe2lLMWbWW2uwOko9aeWMKQJLWMw3oACOGayMCyGRLfqeP7%2Fv
    [notify_time] => 2016-10-06 17:24:15
    [notify_type] => trade_status_sync
    [out_trade_no] => 147574583734317
    [payment_type] => 1
    [seller_email] => 867672678@qq.com
    [seller_id] => 2088021266234053
    [subject] => 《诛仙yw》200元代金券
    [total_fee] => 96.00
    [trade_no] => 2016100621001004800220209256
    [trade_status] => TRADE_SUCCESS
    [sign] => 95ed0b01f62daa45a073a88783c6b7a9
    [sign_type] => MD5
)

2016-10-06 17:28:15订单：付款成功，给了玩家相应的代金券
Array
(
    [discount] => 0.00
    [extra_common_param] => 200
    [payment_type] => 1
    [subject] => 《诛仙yw》200元代金券
    [trade_no] => 2016100621001004800220209256
    [buyer_email] => 174960848@qq.com
    [gmt_create] => 2016-10-06 17:24:00
    [notify_type] => trade_status_sync
    [quantity] => 1
    [out_trade_no] => 147574583734317
    [seller_id] => 2088021266234053
    [notify_time] => 2016-10-06 17:28:15
    [body] => 《诛仙yw》200元代金券
    [trade_status] => TRADE_SUCCESS
    [is_total_fee_adjust] => N
    [total_fee] => 96.00
    [gmt_payment] => 2016-10-06 17:24:05
    [seller_email] => 867672678@qq.com
    [price] => 96.00
    [buyer_id] => 2088702663816803
    [notify_id] => f2d42bcd25b6277bd0af3654502017bm6a
    [use_coupon] => N
    [sign_type] => MD5
    [sign] => 0f7bf45c48fd9fed7df6612e01937052
)

2016-10-06 17:38:34订单：付款成功，给了玩家相应的代金券
Array
(
    [discount] => 0.00
    [extra_common_param] => 200
    [payment_type] => 1
    [subject] => 《诛仙yw》200元代金券
    [trade_no] => 2016100621001004800220209256
    [buyer_email] => 174960848@qq.com
    [gmt_create] => 2016-10-06 17:24:00
    [notify_type] => trade_status_sync
    [quantity] => 1
    [out_trade_no] => 147574583734317
    [seller_id] => 2088021266234053
    [notify_time] => 2016-10-06 17:38:34
    [body] => 《诛仙yw》200元代金券
    [trade_status] => TRADE_SUCCESS
    [is_total_fee_adjust] => N
    [total_fee] => 96.00
    [gmt_payment] => 2016-10-06 17:24:05
    [seller_email] => 867672678@qq.com
    [price] => 96.00
    [buyer_id] => 2088702663816803
    [notify_id] => f2d42bcd25b6277bd0af3654502017bm6a
    [use_coupon] => N
    [sign_type] => MD5
    [sign] => fce11cf184915e736fb33d5cc107026e
)

2016-10-06 17:48:46订单：付款成功，给了玩家相应的代金券
Array
(
    [discount] => 0.00
    [extra_common_param] => 200
    [payment_type] => 1
    [subject] => 《诛仙yw》200元代金券
    [trade_no] => 2016100621001004800220209256
    [buyer_email] => 174960848@qq.com
    [gmt_create] => 2016-10-06 17:24:00
    [notify_type] => trade_status_sync
    [quantity] => 1
    [out_trade_no] => 147574583734317
    [seller_id] => 2088021266234053
    [notify_time] => 2016-10-06 17:48:45
    [body] => 《诛仙yw》200元代金券
    [trade_status] => TRADE_SUCCESS
    [is_total_fee_adjust] => N
    [total_fee] => 96.00
    [gmt_payment] => 2016-10-06 17:24:05
    [seller_email] => 867672678@qq.com
    [price] => 96.00
    [buyer_id] => 2088702663816803
    [notify_id] => f2d42bcd25b6277bd0af3654502017bm6a
    [use_coupon] => N
    [sign_type] => MD5
    [sign] => f16ef3cad18cffa708481fc93bddd287
)

2016-10-06 18:33:41订单：付款成功，给了玩家相应的代金券
Array
(
    [discount] => 0.00
    [extra_common_param] => 358
    [payment_type] => 1
    [subject] => 《诛仙yw》358元代金券
    [trade_no] => 2016100621001004800220892342
    [buyer_email] => 174960848@qq.com
    [gmt_create] => 2016-10-06 15:09:08
    [notify_type] => trade_status_sync
    [quantity] => 1
    [out_trade_no] => 147573773831834
    [seller_id] => 2088021266234053
    [notify_time] => 2016-10-06 18:33:41
    [body] => 《诛仙yw》358元代金券
    [trade_status] => TRADE_SUCCESS
    [is_total_fee_adjust] => N
    [total_fee] => 171.80
    [gmt_payment] => 2016-10-06 15:09:14
    [seller_email] => 867672678@qq.com
    [price] => 171.80
    [buyer_id] => 2088702663816803
    [notify_id] => 801591abd7b17c4fea2b8bf8269c26cm6a
    [use_coupon] => N
    [sign_type] => MD5
    [sign] => 834474ea968a1af02bd33728f1bd2490
)

2016-10-06 18:48:32订单：付款成功，给了玩家相应的代金券
Array
(
    [discount] => 0.00
    [extra_common_param] => 200
    [payment_type] => 1
    [subject] => 《诛仙yw》200元代金券
    [trade_no] => 2016100621001004800220209256
    [buyer_email] => 174960848@qq.com
    [gmt_create] => 2016-10-06 17:24:00
    [notify_type] => trade_status_sync
    [quantity] => 1
    [out_trade_no] => 147574583734317
    [seller_id] => 2088021266234053
    [notify_time] => 2016-10-06 18:48:29
    [body] => 《诛仙yw》200元代金券
    [trade_status] => TRADE_SUCCESS
    [is_total_fee_adjust] => N
    [total_fee] => 96.00
    [gmt_payment] => 2016-10-06 17:24:05
    [seller_email] => 867672678@qq.com
    [price] => 96.00
    [buyer_id] => 2088702663816803
    [notify_id] => f2d42bcd25b6277bd0af3654502017bm6a
    [use_coupon] => N
    [sign_type] => MD5
    [sign] => a331df2c7019f6351dedc6144c8d6b24
)

2016-10-06 19:07:19订单：付款成功，给了玩家相应的代金券
Array
(
    [discount] => 0.00
    [extra_common_param] => 100
    [payment_type] => 1
    [subject] => 《龙战于野》100元代金券
    [trade_no] => 2016100621001004100207009132
    [buyer_email] => zhengwanyi@hotmail.com
    [gmt_create] => 2016-10-06 09:43:43
    [notify_type] => trade_status_sync
    [quantity] => 1
    [out_trade_no] => 147571821536394
    [seller_id] => 2088021266234053
    [notify_time] => 2016-10-06 19:07:18
    [body] => 《龙战于野》100元代金券
    [trade_status] => TRADE_SUCCESS
    [is_total_fee_adjust] => N
    [total_fee] => 40.00
    [gmt_payment] => 2016-10-06 09:43:48
    [seller_email] => 867672678@qq.com
    [price] => 40.00
    [buyer_id] => 2088002293236104
    [notify_id] => f279b027fe61f0dc6ea6c1587c799a3gru
    [use_coupon] => N
    [sign_type] => MD5
    [sign] => 0388ad5339ad3a414927a64a0b8aa5b4
)

2016-10-06 19:09:27订单：付款成功，给了玩家相应的代金券
Array
(
    [discount] => 0.00
    [extra_common_param] => 200
    [payment_type] => 1
    [subject] => 《龙战于野》200元代金券
    [trade_no] => 2016100621001004100205807483
    [buyer_email] => zhengwanyi@hotmail.com
    [gmt_create] => 2016-10-06 09:44:58
    [notify_type] => trade_status_sync
    [quantity] => 1
    [out_trade_no] => 147571828894417
    [seller_id] => 2088021266234053
    [notify_time] => 2016-10-06 19:09:27
    [body] => 《龙战于野》200元代金券
    [trade_status] => TRADE_SUCCESS
    [is_total_fee_adjust] => N
    [total_fee] => 80.00
    [gmt_payment] => 2016-10-06 09:45:01
    [seller_email] => 867672678@qq.com
    [price] => 80.00
    [buyer_id] => 2088002293236104
    [notify_id] => 415b9d683da9e6679963a909389cac8gru
    [use_coupon] => N
    [sign_type] => MD5
    [sign] => d5684c86194a996f1c650b720b838159
)

2016-10-06 19:21:48订单：付款成功，给了玩家相应的代金券
Array
(
    [discount] => 0.00
    [extra_common_param] => 4000
    [payment_type] => 1
    [subject] => 《御剑情缘》4000元代金券
    [trade_no] => 2016100621001004910223524198
    [buyer_email] => 13922211245
    [gmt_create] => 2016-10-06 15:57:28
    [notify_type] => trade_status_sync
    [quantity] => 1
    [out_trade_no] => 147574064038323
    [seller_id] => 2088021266234053
    [notify_time] => 2016-10-06 19:21:48
    [body] => 《御剑情缘》4000元代金券
    [trade_status] => TRADE_SUCCESS
    [is_total_fee_adjust] => N
    [total_fee] => 2000.00
    [gmt_payment] => 2016-10-06 15:57:45
    [seller_email] => 867672678@qq.com
    [price] => 2000.00
    [buyer_id] => 2088312643761911
    [notify_id] => 5437d7fac51b5671f669babd0e3b701n0u
    [use_coupon] => N
    [sign_type] => MD5
    [sign] => 94efd98a4ab9d0628af2b12f45b24ab3
)

2016-10-06 19:34:36订单：付款成功，给了玩家相应的代金券
Array
(
    [discount] => 0.00
    [extra_common_param] => 123
    [payment_type] => 1
    [subject] => 《龙战于野》123元代金券
    [trade_no] => 2016100621001004440278209605
    [buyer_email] => 283266479@qq.com
    [gmt_create] => 2016-10-06 10:10:44
    [notify_type] => trade_status_sync
    [quantity] => 1
    [out_trade_no] => 147571983005595
    [seller_id] => 2088021266234053
    [notify_time] => 2016-10-06 19:34:35
    [body] => 《龙战于野》123元代金券
    [trade_status] => TRADE_SUCCESS
    [is_total_fee_adjust] => N
    [total_fee] => 49.20
    [gmt_payment] => 2016-10-06 10:10:49
    [seller_email] => 867672678@qq.com
    [price] => 49.20
    [buyer_id] => 2088312127602442
    [notify_id] => 2ba4d49dec840d3f38d7d2a9abc859fjea
    [use_coupon] => N
    [sign_type] => MD5
    [sign] => 57f975c61b8679e18f67012a32a5e7c8
)

2016-10-06 20:04:07订单：付款成功，给了玩家相应的代金券
Array
(
    [discount] => 0.00
    [extra_common_param] => 328
    [payment_type] => 1
    [subject] => 《诛仙yw》328元代金券
    [trade_no] => 2016100621001004800220578968
    [buyer_email] => 174960848@qq.com
    [gmt_create] => 2016-10-06 20:04:02
    [notify_type] => trade_status_sync
    [quantity] => 1
    [out_trade_no] => 147575543000647
    [seller_id] => 2088021266234053
    [notify_time] => 2016-10-06 20:04:07
    [body] => 《诛仙yw》328元代金券
    [trade_status] => TRADE_SUCCESS
    [is_total_fee_adjust] => N
    [total_fee] => 157.40
    [gmt_payment] => 2016-10-06 20:04:06
    [seller_email] => 867672678@qq.com
    [price] => 157.40
    [buyer_id] => 2088702663816803
    [notify_id] => fd05c32289fa1f582c6936abdb96a2em6a
    [use_coupon] => N
    [sign_type] => MD5
    [sign] => 101d8f89ad6b9f0e09f1d091f11e6d0f
)

2016-10-06 20:04:20订单：付款成功，给了玩家相应的代金券
Array
(
    [body] => 《诛仙yw》328元代金券
    [buyer_email] => 174960848@qq.com
    [buyer_id] => 2088702663816803
    [exterface] => create_direct_pay_by_user
    [extra_common_param] => 328
    [is_success] => T
    [notify_id] => RqPnCoPT3K9%2Fvwbh3InWe2lKMqgBFw8t1UPK3Tnm4wiyVdcrTuA4CO8uc7HK81FSLZYB
    [notify_time] => 2016-10-06 20:04:16
    [notify_type] => trade_status_sync
    [out_trade_no] => 147575543000647
    [payment_type] => 1
    [seller_email] => 867672678@qq.com
    [seller_id] => 2088021266234053
    [subject] => 《诛仙yw》328元代金券
    [total_fee] => 157.40
    [trade_no] => 2016100621001004800220578968
    [trade_status] => TRADE_SUCCESS
    [sign] => e094e5ecbdde9ced0566fca5634522b7
    [sign_type] => MD5
)

2016-10-06 20:08:50订单：付款成功，给了玩家相应的代金券
Array
(
    [discount] => 0.00
    [extra_common_param] => 328
    [payment_type] => 1
    [subject] => 《诛仙yw》328元代金券
    [trade_no] => 2016100621001004800220578968
    [buyer_email] => 174960848@qq.com
    [gmt_create] => 2016-10-06 20:04:02
    [notify_type] => trade_status_sync
    [quantity] => 1
    [out_trade_no] => 147575543000647
    [seller_id] => 2088021266234053
    [notify_time] => 2016-10-06 20:08:50
    [body] => 《诛仙yw》328元代金券
    [trade_status] => TRADE_SUCCESS
    [is_total_fee_adjust] => N
    [total_fee] => 157.40
    [gmt_payment] => 2016-10-06 20:04:06
    [seller_email] => 867672678@qq.com
    [price] => 157.40
    [buyer_id] => 2088702663816803
    [notify_id] => fd05c32289fa1f582c6936abdb96a2em6a
    [use_coupon] => N
    [sign_type] => MD5
    [sign] => 2ef18250b11485e125b696253e04a06b
)

2016-10-06 20:18:43订单：付款成功，给了玩家相应的代金券
Array
(
    [discount] => 0.00
    [extra_common_param] => 328
    [payment_type] => 1
    [subject] => 《诛仙yw》328元代金券
    [trade_no] => 2016100621001004800220578968
    [buyer_email] => 174960848@qq.com
    [gmt_create] => 2016-10-06 20:04:02
    [notify_type] => trade_status_sync
    [quantity] => 1
    [out_trade_no] => 147575543000647
    [seller_id] => 2088021266234053
    [notify_time] => 2016-10-06 20:18:43
    [body] => 《诛仙yw》328元代金券
    [trade_status] => TRADE_SUCCESS
    [is_total_fee_adjust] => N
    [total_fee] => 157.40
    [gmt_payment] => 2016-10-06 20:04:06
    [seller_email] => 867672678@qq.com
    [price] => 157.40
    [buyer_id] => 2088702663816803
    [notify_id] => fd05c32289fa1f582c6936abdb96a2em6a
    [use_coupon] => N
    [sign_type] => MD5
    [sign] => b92411df3d098746dd0186f4e92195cd
)

2016-10-06 20:29:11订单：付款成功，给了玩家相应的代金券
Array
(
    [discount] => 0.00
    [extra_common_param] => 328
    [payment_type] => 1
    [subject] => 《诛仙yw》328元代金券
    [trade_no] => 2016100621001004800220578968
    [buyer_email] => 174960848@qq.com
    [gmt_create] => 2016-10-06 20:04:02
    [notify_type] => trade_status_sync
    [quantity] => 1
    [out_trade_no] => 147575543000647
    [seller_id] => 2088021266234053
    [notify_time] => 2016-10-06 20:29:10
    [body] => 《诛仙yw》328元代金券
    [trade_status] => TRADE_SUCCESS
    [is_total_fee_adjust] => N
    [total_fee] => 157.40
    [gmt_payment] => 2016-10-06 20:04:06
    [seller_email] => 867672678@qq.com
    [price] => 157.40
    [buyer_id] => 2088702663816803
    [notify_id] => fd05c32289fa1f582c6936abdb96a2em6a
    [use_coupon] => N
    [sign_type] => MD5
    [sign] => b3727782875f805da9f6bdb0827ee206
)

2016-10-06 20:48:19订单：付款成功，给了玩家相应的代金券
Array
(
    [discount] => 0.00
    [extra_common_param] => 200
    [payment_type] => 1
    [subject] => 《诛仙yw》200元代金券
    [trade_no] => 2016100621001004800220209256
    [buyer_email] => 174960848@qq.com
    [gmt_create] => 2016-10-06 17:24:00
    [notify_type] => trade_status_sync
    [quantity] => 1
    [out_trade_no] => 147574583734317
    [seller_id] => 2088021266234053
    [notify_time] => 2016-10-06 20:48:18
    [body] => 《诛仙yw》200元代金券
    [trade_status] => TRADE_SUCCESS
    [is_total_fee_adjust] => N
    [total_fee] => 96.00
    [gmt_payment] => 2016-10-06 17:24:05
    [seller_email] => 867672678@qq.com
    [price] => 96.00
    [buyer_id] => 2088702663816803
    [notify_id] => f2d42bcd25b6277bd0af3654502017bm6a
    [use_coupon] => N
    [sign_type] => MD5
    [sign] => 28b70c36207934df36c67218577efa2c
)

2016-10-06 21:14:10订单：付款成功，给了玩家相应的代金券
Array
(
    [discount] => 0.00
    [extra_common_param] => 105
    [payment_type] => 1
    [subject] => 《龙战于野》105元代金券
    [trade_no] => 2016100621001004440278774672
    [buyer_email] => 283266479@qq.com
    [gmt_create] => 2016-10-06 21:14:07
    [notify_type] => trade_status_sync
    [quantity] => 1
    [out_trade_no] => 147575964123487
    [seller_id] => 2088021266234053
    [notify_time] => 2016-10-06 21:14:10
    [body] => 《龙战于野》105元代金券
    [trade_status] => TRADE_SUCCESS
    [is_total_fee_adjust] => N
    [total_fee] => 42.00
    [gmt_payment] => 2016-10-06 21:14:09
    [seller_email] => 867672678@qq.com
    [price] => 42.00
    [buyer_id] => 2088312127602442
    [notify_id] => 95f11cb02aceeec1f2fe00c15f4a1e8jea
    [use_coupon] => N
    [sign_type] => MD5
    [sign] => 9bf6f3564a7390dfa0190069ec700ac0
)

2016-10-06 21:18:31订单：付款成功，给了玩家相应的代金券
Array
(
    [discount] => 0.00
    [extra_common_param] => 105
    [payment_type] => 1
    [subject] => 《龙战于野》105元代金券
    [trade_no] => 2016100621001004440278774672
    [buyer_email] => 283266479@qq.com
    [gmt_create] => 2016-10-06 21:14:07
    [notify_type] => trade_status_sync
    [quantity] => 1
    [out_trade_no] => 147575964123487
    [seller_id] => 2088021266234053
    [notify_time] => 2016-10-06 21:18:31
    [body] => 《龙战于野》105元代金券
    [trade_status] => TRADE_SUCCESS
    [is_total_fee_adjust] => N
    [total_fee] => 42.00
    [gmt_payment] => 2016-10-06 21:14:09
    [seller_email] => 867672678@qq.com
    [price] => 42.00
    [buyer_id] => 2088312127602442
    [notify_id] => 95f11cb02aceeec1f2fe00c15f4a1e8jea
    [use_coupon] => N
    [sign_type] => MD5
    [sign] => dcb306ba4c5fe9d9cc928f783915ad8e
)

2016-10-06 21:28:15订单：付款成功，给了玩家相应的代金券
Array
(
    [discount] => 0.00
    [extra_common_param] => 328
    [payment_type] => 1
    [subject] => 《诛仙yw》328元代金券
    [trade_no] => 2016100621001004800220578968
    [buyer_email] => 174960848@qq.com
    [gmt_create] => 2016-10-06 20:04:02
    [notify_type] => trade_status_sync
    [quantity] => 1
    [out_trade_no] => 147575543000647
    [seller_id] => 2088021266234053
    [notify_time] => 2016-10-06 21:28:14
    [body] => 《诛仙yw》328元代金券
    [trade_status] => TRADE_SUCCESS
    [is_total_fee_adjust] => N
    [total_fee] => 157.40
    [gmt_payment] => 2016-10-06 20:04:06
    [seller_email] => 867672678@qq.com
    [price] => 157.40
    [buyer_id] => 2088702663816803
    [notify_id] => fd05c32289fa1f582c6936abdb96a2em6a
    [use_coupon] => N
    [sign_type] => MD5
    [sign] => 838b0c3e33313d62ca08d88ee31c9f00
)

2016-10-06 21:28:17订单：付款成功，给了玩家相应的代金券
Array
(
    [discount] => 0.00
    [extra_common_param] => 105
    [payment_type] => 1
    [subject] => 《龙战于野》105元代金券
    [trade_no] => 2016100621001004440278774672
    [buyer_email] => 283266479@qq.com
    [gmt_create] => 2016-10-06 21:14:07
    [notify_type] => trade_status_sync
    [quantity] => 1
    [out_trade_no] => 147575964123487
    [seller_id] => 2088021266234053
    [notify_time] => 2016-10-06 21:28:17
    [body] => 《龙战于野》105元代金券
    [trade_status] => TRADE_SUCCESS
    [is_total_fee_adjust] => N
    [total_fee] => 42.00
    [gmt_payment] => 2016-10-06 21:14:09
    [seller_email] => 867672678@qq.com
    [price] => 42.00
    [buyer_id] => 2088312127602442
    [notify_id] => 95f11cb02aceeec1f2fe00c15f4a1e8jea
    [use_coupon] => N
    [sign_type] => MD5
    [sign] => f76bc3e9dde7ef519387d9e39251cdd6
)

2016-10-06 21:38:15订单：付款成功，给了玩家相应的代金券
Array
(
    [discount] => 0.00
    [extra_common_param] => 105
    [payment_type] => 1
    [subject] => 《龙战于野》105元代金券
    [trade_no] => 2016100621001004440278774672
    [buyer_email] => 283266479@qq.com
    [gmt_create] => 2016-10-06 21:14:07
    [notify_type] => trade_status_sync
    [quantity] => 1
    [out_trade_no] => 147575964123487
    [seller_id] => 2088021266234053
    [notify_time] => 2016-10-06 21:38:15
    [body] => 《龙战于野》105元代金券
    [trade_status] => TRADE_SUCCESS
    [is_total_fee_adjust] => N
    [total_fee] => 42.00
    [gmt_payment] => 2016-10-06 21:14:09
    [seller_email] => 867672678@qq.com
    [price] => 42.00
    [buyer_id] => 2088312127602442
    [notify_id] => 95f11cb02aceeec1f2fe00c15f4a1e8jea
    [use_coupon] => N
    [sign_type] => MD5
    [sign] => e8623b32ec8452cd2e9890f2f705d18d
)

2016-10-06 22:27:18订单：付款成功，给了玩家相应的代金券
Array
(
    [discount] => 0.00
    [extra_common_param] => 6
    [payment_type] => 1
    [subject] => 《龙战于野》6元代金券
    [trade_no] => 2016100521001004440278459829
    [buyer_email] => 283266479@qq.com
    [gmt_create] => 2016-10-05 22:02:36
    [notify_type] => trade_status_sync
    [quantity] => 1
    [out_trade_no] => 147567614211201
    [seller_id] => 2088021266234053
    [notify_time] => 2016-10-06 22:27:17
    [body] => 《龙战于野》6元代金券
    [trade_status] => TRADE_SUCCESS
    [is_total_fee_adjust] => N
    [total_fee] => 2.40
    [gmt_payment] => 2016-10-05 22:02:44
    [seller_email] => 867672678@qq.com
    [price] => 2.40
    [buyer_id] => 2088312127602442
    [notify_id] => eee75f15a4e35a420e0492735e6ca79jea
    [use_coupon] => N
    [sign_type] => MD5
    [sign] => f40fca91a0a8b58b4c3414e23e4d9aa5
)

2016-10-06 22:38:45订单：付款成功，给了玩家相应的代金券
Array
(
    [discount] => 0.00
    [extra_common_param] => 105
    [payment_type] => 1
    [subject] => 《龙战于野》105元代金券
    [trade_no] => 2016100621001004440278774672
    [buyer_email] => 283266479@qq.com
    [gmt_create] => 2016-10-06 21:14:07
    [notify_type] => trade_status_sync
    [quantity] => 1
    [out_trade_no] => 147575964123487
    [seller_id] => 2088021266234053
    [notify_time] => 2016-10-06 22:38:45
    [body] => 《龙战于野》105元代金券
    [trade_status] => TRADE_SUCCESS
    [is_total_fee_adjust] => N
    [total_fee] => 42.00
    [gmt_payment] => 2016-10-06 21:14:09
    [seller_email] => 867672678@qq.com
    [price] => 42.00
    [buyer_id] => 2088312127602442
    [notify_id] => 95f11cb02aceeec1f2fe00c15f4a1e8jea
    [use_coupon] => N
    [sign_type] => MD5
    [sign] => e54230d702e842af90eb1b892cfecc02
)

2016-10-06 23:28:22订单：付款成功，给了玩家相应的代金券
Array
(
    [discount] => 0.00
    [extra_common_param] => 328
    [payment_type] => 1
    [subject] => 《诛仙yw》328元代金券
    [trade_no] => 2016100621001004800220578968
    [buyer_email] => 174960848@qq.com
    [gmt_create] => 2016-10-06 20:04:02
    [notify_type] => trade_status_sync
    [quantity] => 1
    [out_trade_no] => 147575543000647
    [seller_id] => 2088021266234053
    [notify_time] => 2016-10-06 23:28:21
    [body] => 《诛仙yw》328元代金券
    [trade_status] => TRADE_SUCCESS
    [is_total_fee_adjust] => N
    [total_fee] => 157.40
    [gmt_payment] => 2016-10-06 20:04:06
    [seller_email] => 867672678@qq.com
    [price] => 157.40
    [buyer_id] => 2088702663816803
    [notify_id] => fd05c32289fa1f582c6936abdb96a2em6a
    [use_coupon] => N
    [sign_type] => MD5
    [sign] => 6be5cce8a4591190b62390399df69cbb
)

