2016-08-25 10:57:34订单：付款成功，给了玩家相应的代金券
Array
(
    [body] => 《龙战于野》2170元代金券
    [buyer_email] => 283266479@qq.com
    [buyer_id] => 2088312127602442
    [exterface] => create_direct_pay_by_user
    [extra_common_param] => 871,2170,d200587504
    [is_success] => T
    [notify_id] => RqPnCoPT3K9%2Fvwbh3InWfIZ4u8xHwksEXHSQCZ0MophBNsN3S1Lfz8Fxa8he2Qp66qLi
    [notify_time] => 2016-08-25 10:57:30
    [notify_type] => trade_status_sync
    [out_trade_no] => 147209381281309
    [payment_type] => 1
    [seller_email] => 867672678@qq.com
    [seller_id] => 2088021266234053
    [subject] => 《龙战于野》2170元代金券
    [total_fee] => 868.00
    [trade_no] => 2016082521001004440266639425
    [trade_status] => TRADE_SUCCESS
    [sign] => 0eae171c4b7652adfebb06a11d4d77e5
    [sign_type] => MD5
)

2016-08-25 11:00:42支付宝验证失败
Array
(
    [body] => 《龙战于野》2170元代金券
    [buyer_email] => 283266479@qq.com
    [buyer_id] => 2088312127602442
    [exterface] => create_direct_pay_by_user
    [extra_common_param] => 871,2170,d200587504
    [is_success] => T
    [notify_id] => RqPnCoPT3K9/vwbh3InWfIZ4u8xHwksEXHSQCZ0MophBNsN3S1Lfz8Fxa8he2Qp66qLi
    [notify_time] => 2016-08-25 10:57:30
    [notify_type] => trade_status_sync
    [out_trade_no] => 147209381281309
    [payment_type] => 1
    [seller_email] => 867672678@qq.com
    [seller_id] => 2088021266234053
    [subject] => 《龙战于野》2170元代金券
    [total_fee] => 868.00
    [trade_no] => 2016082521001004440266639425
    [trade_status] => TRADE_SUCCESS
    [sign] => 0eae171c4b7652adfebb06a11d4d77e5
    [sign_type] => MD5
)

2016-08-25 11:13:59订单：付款成功，给了玩家相应的代金券
Array
(
    [body] => 《龙战于野》6元代金券
    [buyer_email] => 283266479@qq.com
    [buyer_id] => 2088312127602442
    [exterface] => create_direct_pay_by_user
    [extra_common_param] => 871,6,d814042418
    [is_success] => T
    [notify_id] => RqPnCoPT3K9%2Fvwbh3InWfIZ4vKa6HwYgGumbLv%2Bx%2F4%2F3PEhOvDF88jvQ38BNfKuJN%2BbL
    [notify_time] => 2016-08-25 11:13:55
    [notify_type] => trade_status_sync
    [out_trade_no] => 147209480274393
    [payment_type] => 1
    [seller_email] => 867672678@qq.com
    [seller_id] => 2088021266234053
    [subject] => 《龙战于野》6元代金券
    [total_fee] => 2.40
    [trade_no] => 2016082521001004440264973041
    [trade_status] => TRADE_SUCCESS
    [sign] => 282c1c60ecade08031120818ac4f7d00
    [sign_type] => MD5
)

2016-08-25 11:17:04支付宝验证失败
Array
(
    [body] => 《龙战于野》6元代金券
    [buyer_email] => 283266479@qq.com
    [buyer_id] => 2088312127602442
    [exterface] => create_direct_pay_by_user
    [extra_common_param] => 871,6,d814042418
    [is_success] => T
    [notify_id] => RqPnCoPT3K9/vwbh3InWfIZ4vKa6HwYgGumbLv+x/4/3PEhOvDF88jvQ38BNfKuJN+bL
    [notify_time] => 2016-08-25 11:13:55
    [notify_type] => trade_status_sync
    [out_trade_no] => 147209480274393
    [payment_type] => 1
    [seller_email] => 867672678@qq.com
    [seller_id] => 2088021266234053
    [subject] => 《龙战于野》6元代金券
    [total_fee] => 2.40
    [trade_no] => 2016082521001004440264973041
    [trade_status] => TRADE_SUCCESS
    [sign] => 282c1c60ecade08031120818ac4f7d00
    [sign_type] => MD5
)

2016-08-25 12:46:20订单：付款成功，给了玩家相应的代金券
Array
(
    [body] => 《龙战于野》100元代金券
    [buyer_email] => 283266479@qq.com
    [buyer_id] => 2088312127602442
    [exterface] => create_direct_pay_by_user
    [extra_common_param] => 871,100,d113538936
    [is_success] => T
    [notify_id] => RqPnCoPT3K9%2Fvwbh3InWfIciMMmDQHS7lsLbYQcw43CjY8hNN7PZJ%2FsrdHb1yfaBfOIk
    [notify_time] => 2016-08-25 12:46:16
    [notify_type] => trade_status_sync
    [out_trade_no] => 147210033611857
    [payment_type] => 1
    [seller_email] => 867672678@qq.com
    [seller_id] => 2088021266234053
    [subject] => 《龙战于野》100元代金券
    [total_fee] => 40.00
    [trade_no] => 2016082521001004440272830118
    [trade_status] => TRADE_SUCCESS
    [sign] => b9476a7c4ea874263bed65a1b2ecdc3b
    [sign_type] => MD5
)

2016-08-25 12:49:20支付宝验证失败
Array
(
    [body] => 《龙战于野》100元代金券
    [buyer_email] => 283266479@qq.com
    [buyer_id] => 2088312127602442
    [exterface] => create_direct_pay_by_user
    [extra_common_param] => 871,100,d113538936
    [is_success] => T
    [notify_id] => RqPnCoPT3K9/vwbh3InWfIciMMmDQHS7lsLbYQcw43CjY8hNN7PZJ/srdHb1yfaBfOIk
    [notify_time] => 2016-08-25 12:46:16
    [notify_type] => trade_status_sync
    [out_trade_no] => 147210033611857
    [payment_type] => 1
    [seller_email] => 867672678@qq.com
    [seller_id] => 2088021266234053
    [subject] => 《龙战于野》100元代金券
    [total_fee] => 40.00
    [trade_no] => 2016082521001004440272830118
    [trade_status] => TRADE_SUCCESS
    [sign] => b9476a7c4ea874263bed65a1b2ecdc3b
    [sign_type] => MD5
)

2016-08-25 12:49:20支付宝验证失败
Array
(
    [body] => 《龙战于野》100元代金券
    [buyer_email] => 283266479@qq.com
    [buyer_id] => 2088312127602442
    [exterface] => create_direct_pay_by_user
    [extra_common_param] => 871,100,d113538936
    [is_success] => T
    [notify_id] => RqPnCoPT3K9/vwbh3InWfIciMMmDQHS7lsLbYQcw43CjY8hNN7PZJ/srdHb1yfaBfOIk
    [notify_time] => 2016-08-25 12:46:16
    [notify_type] => trade_status_sync
    [out_trade_no] => 147210033611857
    [payment_type] => 1
    [seller_email] => 867672678@qq.com
    [seller_id] => 2088021266234053
    [subject] => 《龙战于野》100元代金券
    [total_fee] => 40.00
    [trade_no] => 2016082521001004440272830118
    [trade_status] => TRADE_SUCCESS
    [sign] => b9476a7c4ea874263bed65a1b2ecdc3b
    [sign_type] => MD5
)

2016-08-25 12:49:30支付宝验证失败
Array
(
    [body] => 《龙战于野》100元代金券
    [buyer_email] => 283266479@qq.com
    [buyer_id] => 2088312127602442
    [exterface] => create_direct_pay_by_user
    [extra_common_param] => 871,100,d113538936
    [is_success] => T
    [notify_id] => RqPnCoPT3K9/vwbh3InWfIciMMmDQHS7lsLbYQcw43CjY8hNN7PZJ/srdHb1yfaBfOIk
    [notify_time] => 2016-08-25 12:46:16
    [notify_type] => trade_status_sync
    [out_trade_no] => 147210033611857
    [payment_type] => 1
    [seller_email] => 867672678@qq.com
    [seller_id] => 2088021266234053
    [subject] => 《龙战于野》100元代金券
    [total_fee] => 40.00
    [trade_no] => 2016082521001004440272830118
    [trade_status] => TRADE_SUCCESS
    [sign] => b9476a7c4ea874263bed65a1b2ecdc3b
    [sign_type] => MD5
)

2016-08-25 12:58:34订单：付款成功，给了玩家相应的代金券
Array
(
    [body] => 《龙战于野》1300元代金券
    [buyer_email] => 283266479@qq.com
    [buyer_id] => 2088312127602442
    [exterface] => create_direct_pay_by_user
    [extra_common_param] => 871,1300,NOHU1130
    [is_success] => T
    [notify_id] => RqPnCoPT3K9%2Fvwbh3InWfIciMS0keAxaHS%2Boc6F6vu6nak1mMZic%2Fa%2F%2BLaV81QnhFE%2Fw
    [notify_time] => 2016-08-25 12:58:30
    [notify_type] => trade_status_sync
    [out_trade_no] => 147210107713297
    [payment_type] => 1
    [seller_email] => 867672678@qq.com
    [seller_id] => 2088021266234053
    [subject] => 《龙战于野》1300元代金券
    [total_fee] => 520.00
    [trade_no] => 2016082521001004440272830394
    [trade_status] => TRADE_SUCCESS
    [sign] => 87c716fce43b0051861e1810650dc8af
    [sign_type] => MD5
)

2016-08-25 13:01:39支付宝验证失败
Array
(
    [body] => 《龙战于野》1300元代金券
    [buyer_email] => 283266479@qq.com
    [buyer_id] => 2088312127602442
    [exterface] => create_direct_pay_by_user
    [extra_common_param] => 871,1300,NOHU1130
    [is_success] => T
    [notify_id] => RqPnCoPT3K9/vwbh3InWfIciMS0keAxaHS+oc6F6vu6nak1mMZic/a/+LaV81QnhFE/w
    [notify_time] => 2016-08-25 12:58:30
    [notify_type] => trade_status_sync
    [out_trade_no] => 147210107713297
    [payment_type] => 1
    [seller_email] => 867672678@qq.com
    [seller_id] => 2088021266234053
    [subject] => 《龙战于野》1300元代金券
    [total_fee] => 520.00
    [trade_no] => 2016082521001004440272830394
    [trade_status] => TRADE_SUCCESS
    [sign] => 87c716fce43b0051861e1810650dc8af
    [sign_type] => MD5
)

2016-08-25 13:22:08订单：付款成功，给了玩家相应的代金券
Array
(
    [body] => 《龙战于野》72元代金券
    [buyer_email] => zhengwanyi@hotmail.com
    [buyer_id] => 2088002293236104
    [exterface] => create_direct_pay_by_user
    [extra_common_param] => 850,72,dodlzws00
    [is_success] => T
    [notify_id] => RqPnCoPT3K9%2Fvwbh3InWfIciMqFlbt8ttF2nnmWV%2BzMPxc0WwwHkZZSp4bAsb4LLs1%2BL
    [notify_time] => 2016-08-25 13:22:04
    [notify_type] => trade_status_sync
    [out_trade_no] => 147210249620102
    [payment_type] => 1
    [seller_email] => 867672678@qq.com
    [seller_id] => 2088021266234053
    [subject] => 《龙战于野》72元代金券
    [total_fee] => 28.80
    [trade_no] => 2016082521001004100291220495
    [trade_status] => TRADE_SUCCESS
    [sign] => 2a0dc85db6a33dcc073396a4fd80bf60
    [sign_type] => MD5
)

2016-08-25 13:22:57订单：付款成功，给了玩家相应的代金券
Array
(
    [body] => 《龙战于野》153元代金券
    [buyer_email] => 283266479@qq.com
    [buyer_id] => 2088312127602442
    [exterface] => create_direct_pay_by_user
    [extra_common_param] => 871,153,bl99999
    [is_success] => T
    [notify_id] => RqPnCoPT3K9%2Fvwbh3InWfIciMqFgxanTR9jEOPUnSwsVW1qW5YnBycFmW8lJRGUS6XqN
    [notify_time] => 2016-08-25 13:22:53
    [notify_type] => trade_status_sync
    [out_trade_no] => 147210253828686
    [payment_type] => 1
    [seller_email] => 867672678@qq.com
    [seller_id] => 2088021266234053
    [subject] => 《龙战于野》153元代金券
    [total_fee] => 61.20
    [trade_no] => 2016082521001004440269880629
    [trade_status] => TRADE_SUCCESS
    [sign] => 2b833f3eeb09ef7691ef2a0a3126164c
    [sign_type] => MD5
)

2016-08-25 13:26:03支付宝验证失败
Array
(
    [body] => 《龙战于野》153元代金券
    [buyer_email] => 283266479@qq.com
    [buyer_id] => 2088312127602442
    [exterface] => create_direct_pay_by_user
    [extra_common_param] => 871,153,bl99999
    [is_success] => T
    [notify_id] => RqPnCoPT3K9/vwbh3InWfIciMqFgxanTR9jEOPUnSwsVW1qW5YnBycFmW8lJRGUS6XqN
    [notify_time] => 2016-08-25 13:22:53
    [notify_type] => trade_status_sync
    [out_trade_no] => 147210253828686
    [payment_type] => 1
    [seller_email] => 867672678@qq.com
    [seller_id] => 2088021266234053
    [subject] => 《龙战于野》153元代金券
    [total_fee] => 61.20
    [trade_no] => 2016082521001004440269880629
    [trade_status] => TRADE_SUCCESS
    [sign] => 2b833f3eeb09ef7691ef2a0a3126164c
    [sign_type] => MD5
)

2016-08-25 14:40:22订单：付款成功，给了玩家相应的代金券
Array
(
    [body] => 《龙战于野》100元代金券
    [buyer_email] => 283266479@qq.com
    [buyer_id] => 2088312127602442
    [exterface] => create_direct_pay_by_user
    [extra_common_param] => 871,100,d373371835
    [is_success] => T
    [notify_id] => RqPnCoPT3K9%2Fvwbh3InWfIciN2Z%2FgDJ9%2FJZWs4gmLTL5GsmHLSiM8gR5HwzPl%2Br1L5m%2B
    [notify_time] => 2016-08-25 14:40:19
    [notify_type] => trade_status_sync
    [out_trade_no] => 147210718684637
    [payment_type] => 1
    [seller_email] => 867672678@qq.com
    [seller_id] => 2088021266234053
    [subject] => 《龙战于野》100元代金券
    [total_fee] => 40.00
    [trade_no] => 2016082521001004440273412639
    [trade_status] => TRADE_SUCCESS
    [sign] => a6a61563e19ff0a052b02afc86938dc5
    [sign_type] => MD5
)

2016-08-25 14:43:22支付宝验证失败
Array
(
    [body] => 《龙战于野》100元代金券
    [buyer_email] => 283266479@qq.com
    [buyer_id] => 2088312127602442
    [exterface] => create_direct_pay_by_user
    [extra_common_param] => 871,100,d373371835
    [is_success] => T
    [notify_id] => RqPnCoPT3K9/vwbh3InWfIciN2Z/gDJ9/JZWs4gmLTL5GsmHLSiM8gR5HwzPl+r1L5m+
    [notify_time] => 2016-08-25 14:40:19
    [notify_type] => trade_status_sync
    [out_trade_no] => 147210718684637
    [payment_type] => 1
    [seller_email] => 867672678@qq.com
    [seller_id] => 2088021266234053
    [subject] => 《龙战于野》100元代金券
    [total_fee] => 40.00
    [trade_no] => 2016082521001004440273412639
    [trade_status] => TRADE_SUCCESS
    [sign] => a6a61563e19ff0a052b02afc86938dc5
    [sign_type] => MD5
)

2016-08-25 19:15:21订单：付款成功，给了玩家相应的代金券
Array
(
    [body] => 《龙战于野》60元代金券
    [buyer_email] => zhengwanyi@hotmail.com
    [buyer_id] => 2088002293236104
    [exterface] => create_direct_pay_by_user
    [extra_common_param] => 850,60,d792071811
    [is_success] => T
    [notify_id] => RqPnCoPT3K9%2Fvwbh3InWfIcgYBdXwkd5NDlzBoMPTZU1YZ9%2B25DuTz4mUFP0e0A3gJt%2B
    [notify_time] => 2016-08-25 19:15:18
    [notify_type] => trade_status_sync
    [out_trade_no] => 147212369800551
    [payment_type] => 1
    [seller_email] => 867672678@qq.com
    [seller_id] => 2088021266234053
    [subject] => 《龙战于野》60元代金券
    [total_fee] => 24.00
    [trade_no] => 2016082521001004100298408150
    [trade_status] => TRADE_SUCCESS
    [sign] => fc4c1e58cbce4844e6864affd2cf601a
    [sign_type] => MD5
)

2016-08-25 19:17:17订单：付款成功，给了玩家相应的代金券
Array
(
    [body] => 《龙战于野》68元代金券
    [buyer_email] => zhengwanyi@hotmail.com
    [buyer_id] => 2088002293236104
    [exterface] => create_direct_pay_by_user
    [extra_common_param] => 850,68,ouyng05
    [is_success] => T
    [notify_id] => RqPnCoPT3K9%2Fvwbh3InWfIcgYBjL5Gz8TixxZo%2Fq%2BEDmNnNep6%2FvQj%2Fos4F8DdrF6bTL
    [notify_time] => 2016-08-25 19:17:14
    [notify_type] => trade_status_sync
    [out_trade_no] => 147212381008150
    [payment_type] => 1
    [seller_email] => 867672678@qq.com
    [seller_id] => 2088021266234053
    [subject] => 《龙战于野》68元代金券
    [total_fee] => 27.20
    [trade_no] => 2016082521001004100298898156
    [trade_status] => TRADE_SUCCESS
    [sign] => 8fa98cb5998755ac22848b86aa27e249
    [sign_type] => MD5
)

2016-08-25 20:23:56订单：付款成功，给了玩家相应的代金券
Array
(
    [body] => 《龙战于野》1980元代金券
    [buyer_email] => zhengwanyi@hotmail.com
    [buyer_id] => 2088002293236104
    [exterface] => create_direct_pay_by_user
    [extra_common_param] => 850,1980,fxgnwj
    [is_success] => T
    [notify_id] => RqPnCoPT3K9%2Fvwbh3InWfIcgZB9NnYSQQd1F0kbQEv913w7x7%2FltIsqKYq6GJXsGjw0g
    [notify_time] => 2016-08-25 20:23:50
    [notify_type] => trade_status_sync
    [out_trade_no] => 147212778345390
    [payment_type] => 1
    [seller_email] => 867672678@qq.com
    [seller_id] => 2088021266234053
    [subject] => 《龙战于野》1980元代金券
    [total_fee] => 792.00
    [trade_no] => 2016082521001004100200808231
    [trade_status] => TRADE_SUCCESS
    [sign] => 24f857ab18da01930d3858eb5689501e
    [sign_type] => MD5
)

2016-08-25 20:24:26订单：付款成功，给了玩家相应的代金券
Array
(
    [body] => 《龙战于野》25元代金券
    [buyer_email] => zhengwanyi@hotmail.com
    [buyer_id] => 2088002293236104
    [exterface] => create_direct_pay_by_user
    [extra_common_param] => 850,25,fxgnwj
    [is_success] => T
    [notify_id] => RqPnCoPT3K9%2Fvwbh3InWfIcgZB9IhzoJpg8URwE5DNgUBGoJQaTUg0quL7vVqayUM3xm
    [notify_time] => 2016-08-25 20:24:22
    [notify_type] => trade_status_sync
    [out_trade_no] => 147212784588997
    [payment_type] => 1
    [seller_email] => 867672678@qq.com
    [seller_id] => 2088021266234053
    [subject] => 《龙战于野》25元代金券
    [total_fee] => 10.00
    [trade_no] => 2016082521001004100299292599
    [trade_status] => TRADE_SUCCESS
    [sign] => cb6a372543dc52899554637b80be03aa
    [sign_type] => MD5
)

2016-08-25 20:25:09订单：付款成功，给了玩家相应的代金券
Array
(
    [body] => 《龙战于野》68元代金券
    [buyer_email] => zhengwanyi@hotmail.com
    [buyer_id] => 2088002293236104
    [exterface] => create_direct_pay_by_user
    [extra_common_param] => 850,68,fxgnwj
    [is_success] => T
    [notify_id] => RqPnCoPT3K9%2Fvwbh3InWfIcgZB5k1sNOsLYk9m3uvIlR0BHZCziNoHrBxGLJilkO4B7J
    [notify_time] => 2016-08-25 20:25:05
    [notify_type] => trade_status_sync
    [out_trade_no] => 147212788830339
    [payment_type] => 1
    [seller_email] => 867672678@qq.com
    [seller_id] => 2088021266234053
    [subject] => 《龙战于野》68元代金券
    [total_fee] => 27.20
    [trade_no] => 2016082521001004100298806862
    [trade_status] => TRADE_SUCCESS
    [sign] => c937fd9e90922e3feabe41a14a63d658
    [sign_type] => MD5
)

