2016-08-02 11:33:33订单：付款成功，给了玩家相应的代金券
Array
(
    [body] => 《全民斗战神》10元代金券
    [buyer_email] => 243037040@qq.com
    [buyer_id] => 2088202937943920
    [exterface] => create_direct_pay_by_user
    [extra_common_param] => 1459,10,d883661377
    [is_success] => T
    [notify_id] => RqPnCoPT3K9%2Fvwbh3InWfjfwWC%2FPraBD3yzLGWeeXatVBejf9CfBti5nzxFcJ9qFarII
    [notify_time] => 2016-08-02 11:33:30
    [notify_type] => trade_status_sync
    [out_trade_no] => 147010877642745
    [payment_type] => 1
    [seller_email] => 867672678@qq.com
    [seller_id] => 2088021266234053
    [subject] => 《全民斗战神》10元代金券
    [total_fee] => 5.00
    [trade_no] => 2016080221001004920282423072
    [trade_status] => TRADE_SUCCESS
    [sign] => f9c32ccbc6624cf63ac39d00f2ef4574
    [sign_type] => MD5
)

2016-08-02 12:24:04订单：付款成功，给了玩家相应的代金券
Array
(
    [body] => 《龙战于野》648元代金券
    [buyer_email] => zhengwanyi@hotmail.com
    [buyer_id] => 2088002293236104
    [exterface] => create_direct_pay_by_user
    [extra_common_param] => 850,648,dodxuez2
    [is_success] => T
    [notify_id] => RqPnCoPT3K9%2Fvwbh3InWfjfxDhLziJthhuTJZUqMXdoXCMpTtTPWQ9r25cmALK8ezE7M
    [notify_time] => 2016-08-02 12:24:01
    [notify_type] => trade_status_sync
    [out_trade_no] => 147011179521963
    [payment_type] => 1
    [seller_email] => 867672678@qq.com
    [seller_id] => 2088021266234053
    [subject] => 《龙战于野》648元代金券
    [total_fee] => 259.20
    [trade_no] => 2016080221001004100272547964
    [trade_status] => TRADE_SUCCESS
    [sign] => a72aee9c4dcbb99aa382555dddf7f8bb
    [sign_type] => MD5
)

2016-08-02 12:36:09订单：付款成功，给了玩家相应的代金券
Array
(
    [body] => 《龙战于野》648元代金券
    [buyer_email] => zhengwanyi@hotmail.com
    [buyer_id] => 2088002293236104
    [exterface] => create_direct_pay_by_user
    [extra_common_param] => 850,648,ouyng05
    [is_success] => T
    [notify_id] => RqPnCoPT3K9%2Fvwbh3InWfjfxDSjcI3IoXbf%2FpSKupVyM0dEbdxEXjesB%2FUN11lyTgNpp
    [notify_time] => 2016-08-02 12:36:05
    [notify_type] => trade_status_sync
    [out_trade_no] => 147011251546624
    [payment_type] => 1
    [seller_email] => 867672678@qq.com
    [seller_id] => 2088021266234053
    [subject] => 《龙战于野》648元代金券
    [total_fee] => 259.20
    [trade_no] => 2016080221001004100271894785
    [trade_status] => TRADE_SUCCESS
    [sign] => cef64243a079482e190c25d254ba95d2
    [sign_type] => MD5
)

