2016-10-12 00:25:36订单：付款成功，给了玩家相应的代金券
Array
(
    [discount] => 0.00
    [extra_common_param] => 100
    [payment_type] => 1
    [subject] => 《诛仙yw》100元代金券
    [trade_no] => 2016101121001004800243875643
    [buyer_email] => 174960848@qq.com
    [gmt_create] => 2016-10-11 00:01:29
    [notify_type] => trade_status_sync
    [quantity] => 1
    [out_trade_no] => 147611528444028
    [seller_id] => 2088021266234053
    [notify_time] => 2016-10-12 00:25:36
    [body] => 《诛仙yw》100元代金券
    [trade_status] => TRADE_SUCCESS
    [is_total_fee_adjust] => N
    [total_fee] => 48.00
    [gmt_payment] => 2016-10-11 00:01:38
    [seller_email] => 867672678@qq.com
    [price] => 48.00
    [buyer_id] => 2088702663816803
    [notify_id] => 2204aa68f75770e104c4189107be69fm6a
    [use_coupon] => N
    [sign_type] => MD5
    [sign] => 34bfdfdc8fccb780c06f5ae7780ed0a3
)

2016-10-12 01:05:49订单：付款成功，给了玩家相应的代金券
Array
(
    [discount] => 0.00
    [extra_common_param] => 3000
    [payment_type] => 1
    [subject] => 《御剑情缘》3000元代金券
    [trade_no] => 2016101121001004910248574970
    [buyer_email] => 13922211245
    [gmt_create] => 2016-10-11 21:41:17
    [notify_type] => trade_status_sync
    [quantity] => 1
    [out_trade_no] => 147619326997346
    [seller_id] => 2088021266234053
    [notify_time] => 2016-10-12 01:05:49
    [body] => 《御剑情缘》3000元代金券
    [trade_status] => TRADE_SUCCESS
    [is_total_fee_adjust] => N
    [total_fee] => 1500.00
    [gmt_payment] => 2016-10-11 21:41:22
    [seller_email] => 867672678@qq.com
    [price] => 1500.00
    [buyer_id] => 2088312643761911
    [notify_id] => 6f4e84284cef02217228a4234b54d15n0u
    [use_coupon] => N
    [sign_type] => MD5
    [sign] => 9302a426b60a30517ba3a8923082a36b
)

2016-10-12 02:47:15订单：付款成功，给了玩家相应的代金券
Array
(
    [discount] => 0.00
    [extra_common_param] => 295
    [payment_type] => 1
    [subject] => 《诛仙yw》295元代金券
    [trade_no] => 2016101121001004800243416690
    [buyer_email] => 174960848@qq.com
    [gmt_create] => 2016-10-11 17:23:39
    [notify_type] => trade_status_sync
    [quantity] => 1
    [out_trade_no] => 147617781282490
    [seller_id] => 2088021266234053
    [notify_time] => 2016-10-12 02:47:15
    [body] => 《诛仙yw》295元代金券
    [trade_status] => TRADE_SUCCESS
    [is_total_fee_adjust] => N
    [total_fee] => 141.60
    [gmt_payment] => 2016-10-11 17:23:44
    [seller_email] => 867672678@qq.com
    [price] => 141.60
    [buyer_id] => 2088702663816803
    [notify_id] => 80923811e31279a544dc8345e746775m6a
    [use_coupon] => N
    [sign_type] => MD5
    [sign] => 67cdf0b1f8fe661dd146e73046daeccb
)

2016-10-12 04:04:33订单：付款成功，给了玩家相应的代金券
Array
(
    [discount] => 0.00
    [extra_common_param] => 100
    [payment_type] => 1
    [subject] => 《龙战于野》100元代金券
    [trade_no] => 2016101121001004100237403858
    [buyer_email] => zhengwanyi@hotmail.com
    [gmt_create] => 2016-10-11 18:40:27
    [notify_type] => trade_status_sync
    [quantity] => 1
    [out_trade_no] => 147618241104723
    [seller_id] => 2088021266234053
    [notify_time] => 2016-10-12 04:04:33
    [body] => 《龙战于野》100元代金券
    [trade_status] => TRADE_SUCCESS
    [is_total_fee_adjust] => N
    [total_fee] => 40.00
    [gmt_payment] => 2016-10-11 18:40:30
    [seller_email] => 867672678@qq.com
    [price] => 40.00
    [buyer_id] => 2088002293236104
    [notify_id] => 14e584cf05fce9ba42a95977f547843gru
    [use_coupon] => N
    [sign_type] => MD5
    [sign] => e23f120af8104a22f85c91c8b9a83f2e
)

2016-10-12 04:17:33订单：付款成功，给了玩家相应的代金券
Array
(
    [discount] => 0.00
    [extra_common_param] => 100
    [payment_type] => 1
    [subject] => 《诛仙yw》100元代金券
    [trade_no] => 2016101121001004800243672225
    [buyer_email] => 174960848@qq.com
    [gmt_create] => 2016-10-11 18:50:45
    [notify_type] => trade_status_sync
    [quantity] => 1
    [out_trade_no] => 147618299177387
    [seller_id] => 2088021266234053
    [notify_time] => 2016-10-12 04:17:33
    [body] => 《诛仙yw》100元代金券
    [trade_status] => TRADE_SUCCESS
    [is_total_fee_adjust] => N
    [total_fee] => 48.00
    [gmt_payment] => 2016-10-11 18:50:50
    [seller_email] => 867672678@qq.com
    [price] => 48.00
    [buyer_id] => 2088702663816803
    [notify_id] => 0cb78a33a5ae871f20f45241bcb638fm6a
    [use_coupon] => N
    [sign_type] => MD5
    [sign] => 6e189b2115dc828367e59695782966c7
)

2016-10-12 04:47:47订单：付款成功，给了玩家相应的代金券
Array
(
    [discount] => 0.00
    [extra_common_param] => 68
    [payment_type] => 1
    [subject] => 《龙战于野》68元代金券
    [trade_no] => 2016101121001004440202757590
    [buyer_email] => 283266479@qq.com
    [gmt_create] => 2016-10-11 04:23:52
    [notify_type] => trade_status_sync
    [quantity] => 1
    [out_trade_no] => 147613102368479
    [seller_id] => 2088021266234053
    [notify_time] => 2016-10-12 04:47:47
    [body] => 《龙战于野》68元代金券
    [trade_status] => TRADE_SUCCESS
    [is_total_fee_adjust] => N
    [total_fee] => 27.20
    [gmt_payment] => 2016-10-11 04:23:58
    [seller_email] => 867672678@qq.com
    [price] => 27.20
    [buyer_id] => 2088312127602442
    [notify_id] => bf648a32d2c2e89f00e470e4d6f1d0fjea
    [use_coupon] => N
    [sign_type] => MD5
    [sign] => 1e2173d76f92a981ab9bdcb86818074a
)

2016-10-12 05:19:47订单：付款成功，给了玩家相应的代金券
Array
(
    [discount] => 0.00
    [extra_common_param] => 150
    [payment_type] => 1
    [subject] => 《龙战于野》150元代金券
    [trade_no] => 2016101121001004440205657888
    [buyer_email] => 283266479@qq.com
    [gmt_create] => 2016-10-11 19:55:05
    [notify_type] => trade_status_sync
    [quantity] => 1
    [out_trade_no] => 147618689057386
    [seller_id] => 2088021266234053
    [notify_time] => 2016-10-12 05:19:46
    [body] => 《龙战于野》150元代金券
    [trade_status] => TRADE_SUCCESS
    [is_total_fee_adjust] => N
    [total_fee] => 60.00
    [gmt_payment] => 2016-10-11 19:55:09
    [seller_email] => 867672678@qq.com
    [price] => 60.00
    [buyer_id] => 2088312127602442
    [notify_id] => 1fb83ba6ef8352c971ed6c5671b8ad3jea
    [use_coupon] => N
    [sign_type] => MD5
    [sign] => c0a08c2f70aa35d65ba24c15b918bad8
)

2016-10-12 07:06:04订单：付款成功，给了玩家相应的代金券
Array
(
    [discount] => 0.00
    [extra_common_param] => 3000
    [payment_type] => 1
    [subject] => 《御剑情缘》3000元代金券
    [trade_no] => 2016101121001004910248574970
    [buyer_email] => 13922211245
    [gmt_create] => 2016-10-11 21:41:17
    [notify_type] => trade_status_sync
    [quantity] => 1
    [out_trade_no] => 147619326997346
    [seller_id] => 2088021266234053
    [notify_time] => 2016-10-12 07:06:04
    [body] => 《御剑情缘》3000元代金券
    [trade_status] => TRADE_SUCCESS
    [is_total_fee_adjust] => N
    [total_fee] => 1500.00
    [gmt_payment] => 2016-10-11 21:41:22
    [seller_email] => 867672678@qq.com
    [price] => 1500.00
    [buyer_id] => 2088312643761911
    [notify_id] => 6f4e84284cef02217228a4234b54d15n0u
    [use_coupon] => N
    [sign_type] => MD5
    [sign] => 8edb4382ee9ad130a2ab1658d83def2c
)

2016-10-12 08:08:56订单：付款成功，给了玩家相应的代金券
Array
(
    [discount] => 0.00
    [extra_common_param] => 200
    [payment_type] => 1
    [subject] => 《诛仙yw》200元代金券
    [trade_no] => 2016101221001004800258049815
    [buyer_email] => 174960848@qq.com
    [gmt_create] => 2016-10-12 08:08:49
    [notify_type] => trade_status_sync
    [quantity] => 1
    [out_trade_no] => 147623091838579
    [seller_id] => 2088021266234053
    [notify_time] => 2016-10-12 08:08:55
    [body] => 《诛仙yw》200元代金券
    [trade_status] => TRADE_SUCCESS
    [is_total_fee_adjust] => N
    [total_fee] => 96.00
    [gmt_payment] => 2016-10-12 08:08:55
    [seller_email] => 867672678@qq.com
    [price] => 96.00
    [buyer_id] => 2088702663816803
    [notify_id] => 3c048b0d3c04ee201d847e74642577bm6a
    [use_coupon] => N
    [sign_type] => MD5
    [sign] => a49073c945e52f6579bd7fdf27dd763f
)

2016-10-12 08:09:06订单：付款成功，给了玩家相应的代金券
Array
(
    [body] => 《诛仙yw》200元代金券
    [buyer_email] => 174960848@qq.com
    [buyer_id] => 2088702663816803
    [exterface] => create_direct_pay_by_user
    [extra_common_param] => 200
    [is_success] => T
    [notify_id] => RqPnCoPT3K9%2Fvwbh3InWeOZJCJ0s4%2BJD5zvMZQosWWQc%2FbCeHj0KoVXkYru8cfdofP9B
    [notify_time] => 2016-10-12 08:09:03
    [notify_type] => trade_status_sync
    [out_trade_no] => 147623091838579
    [payment_type] => 1
    [seller_email] => 867672678@qq.com
    [seller_id] => 2088021266234053
    [subject] => 《诛仙yw》200元代金券
    [total_fee] => 96.00
    [trade_no] => 2016101221001004800258049815
    [trade_status] => TRADE_SUCCESS
    [sign] => f4217503fbc3ad3774690e27e94e30cc
    [sign_type] => MD5
)

2016-10-12 08:10:12订单：付款成功，给了玩家相应的代金券
Array
(
    [discount] => 0.00
    [extra_common_param] => 3000
    [payment_type] => 1
    [subject] => 《诛仙yw》3000元代金券
    [trade_no] => 2016101221001004800251938371
    [buyer_email] => 174960848@qq.com
    [gmt_create] => 2016-10-12 08:10:06
    [notify_type] => trade_status_sync
    [quantity] => 1
    [out_trade_no] => 147623100258952
    [seller_id] => 2088021266234053
    [notify_time] => 2016-10-12 08:10:11
    [body] => 《诛仙yw》3000元代金券
    [trade_status] => TRADE_SUCCESS
    [is_total_fee_adjust] => N
    [total_fee] => 1440.00
    [gmt_payment] => 2016-10-12 08:10:11
    [seller_email] => 867672678@qq.com
    [price] => 1440.00
    [buyer_id] => 2088702663816803
    [notify_id] => 6ba02dec960afd1d4acb79f663771d8m6a
    [use_coupon] => N
    [sign_type] => MD5
    [sign] => 0fbae20f80f087dfae4315bdfe632cd6
)

2016-10-12 08:10:25订单：付款成功，给了玩家相应的代金券
Array
(
    [body] => 《诛仙yw》3000元代金券
    [buyer_email] => 174960848@qq.com
    [buyer_id] => 2088702663816803
    [exterface] => create_direct_pay_by_user
    [extra_common_param] => 3000
    [is_success] => T
    [notify_id] => RqPnCoPT3K9%2Fvwbh3InWeOZJCWGFRaw53TeJvtIO%2FFRBUY%2FniVieT6%2BYT%2FNzlQDwjx%2BM
    [notify_time] => 2016-10-12 08:10:21
    [notify_type] => trade_status_sync
    [out_trade_no] => 147623100258952
    [payment_type] => 1
    [seller_email] => 867672678@qq.com
    [seller_id] => 2088021266234053
    [subject] => 《诛仙yw》3000元代金券
    [total_fee] => 1440.00
    [trade_no] => 2016101221001004800251938371
    [trade_status] => TRADE_SUCCESS
    [sign] => 7a8932c6dc4e673af871ef6c180f8759
    [sign_type] => MD5
)

2016-10-12 08:10:49订单：付款成功，给了玩家相应的代金券
Array
(
    [discount] => 0.00
    [extra_common_param] => 6
    [payment_type] => 1
    [subject] => 《诛仙yw》6元代金券
    [trade_no] => 2016101221001004800258049849
    [buyer_email] => 174960848@qq.com
    [gmt_create] => 2016-10-12 08:10:44
    [notify_type] => trade_status_sync
    [quantity] => 1
    [out_trade_no] => 147623104083238
    [seller_id] => 2088021266234053
    [notify_time] => 2016-10-12 08:10:48
    [body] => 《诛仙yw》6元代金券
    [trade_status] => TRADE_SUCCESS
    [is_total_fee_adjust] => N
    [total_fee] => 2.90
    [gmt_payment] => 2016-10-12 08:10:48
    [seller_email] => 867672678@qq.com
    [price] => 2.90
    [buyer_id] => 2088702663816803
    [notify_id] => e87cfb313be9163314b353e6f0d9e0bm6a
    [use_coupon] => N
    [sign_type] => MD5
    [sign] => 74533ee867de70b6313364f7c93b0700
)

2016-10-12 08:11:00订单：付款成功，给了玩家相应的代金券
Array
(
    [body] => 《诛仙yw》6元代金券
    [buyer_email] => 174960848@qq.com
    [buyer_id] => 2088702663816803
    [exterface] => create_direct_pay_by_user
    [extra_common_param] => 6
    [is_success] => T
    [notify_id] => RqPnCoPT3K9%2Fvwbh3InWeOZJCWGCh7Hh24Kbwg1JMZWglIxKzb3nNf%2FfEUOyEOE7sDhI
    [notify_time] => 2016-10-12 08:10:56
    [notify_type] => trade_status_sync
    [out_trade_no] => 147623104083238
    [payment_type] => 1
    [seller_email] => 867672678@qq.com
    [seller_id] => 2088021266234053
    [subject] => 《诛仙yw》6元代金券
    [total_fee] => 2.90
    [trade_no] => 2016101221001004800258049849
    [trade_status] => TRADE_SUCCESS
    [sign] => 03a9b412788fe185e41002f3fc47b30b
    [sign_type] => MD5
)

2016-10-12 08:12:38订单：付款成功，给了玩家相应的代金券
Array
(
    [discount] => 0.00
    [extra_common_param] => 200
    [payment_type] => 1
    [subject] => 《诛仙yw》200元代金券
    [trade_no] => 2016101221001004800258049815
    [buyer_email] => 174960848@qq.com
    [gmt_create] => 2016-10-12 08:08:49
    [notify_type] => trade_status_sync
    [quantity] => 1
    [out_trade_no] => 147623091838579
    [seller_id] => 2088021266234053
    [notify_time] => 2016-10-12 08:12:37
    [body] => 《诛仙yw》200元代金券
    [trade_status] => TRADE_SUCCESS
    [is_total_fee_adjust] => N
    [total_fee] => 96.00
    [gmt_payment] => 2016-10-12 08:08:55
    [seller_email] => 867672678@qq.com
    [price] => 96.00
    [buyer_id] => 2088702663816803
    [notify_id] => 3c048b0d3c04ee201d847e74642577bm6a
    [use_coupon] => N
    [sign_type] => MD5
    [sign] => 9338fc725133c375187a2061eee49ea6
)

2016-10-12 08:14:11订单：付款成功，给了玩家相应的代金券
Array
(
    [discount] => 0.00
    [extra_common_param] => 6
    [payment_type] => 1
    [subject] => 《诛仙yw》6元代金券
    [trade_no] => 2016101221001004800258049849
    [buyer_email] => 174960848@qq.com
    [gmt_create] => 2016-10-12 08:10:44
    [notify_type] => trade_status_sync
    [quantity] => 1
    [out_trade_no] => 147623104083238
    [seller_id] => 2088021266234053
    [notify_time] => 2016-10-12 08:14:11
    [body] => 《诛仙yw》6元代金券
    [trade_status] => TRADE_SUCCESS
    [is_total_fee_adjust] => N
    [total_fee] => 2.90
    [gmt_payment] => 2016-10-12 08:10:48
    [seller_email] => 867672678@qq.com
    [price] => 2.90
    [buyer_id] => 2088702663816803
    [notify_id] => e87cfb313be9163314b353e6f0d9e0bm6a
    [use_coupon] => N
    [sign_type] => MD5
    [sign] => ac12b7551b8946e889d84b15473ec10f
)

2016-10-12 08:14:46订单：付款成功，给了玩家相应的代金券
Array
(
    [discount] => 0.00
    [extra_common_param] => 3000
    [payment_type] => 1
    [subject] => 《诛仙yw》3000元代金券
    [trade_no] => 2016101221001004800251938371
    [buyer_email] => 174960848@qq.com
    [gmt_create] => 2016-10-12 08:10:06
    [notify_type] => trade_status_sync
    [quantity] => 1
    [out_trade_no] => 147623100258952
    [seller_id] => 2088021266234053
    [notify_time] => 2016-10-12 08:14:45
    [body] => 《诛仙yw》3000元代金券
    [trade_status] => TRADE_SUCCESS
    [is_total_fee_adjust] => N
    [total_fee] => 1440.00
    [gmt_payment] => 2016-10-12 08:10:11
    [seller_email] => 867672678@qq.com
    [price] => 1440.00
    [buyer_id] => 2088702663816803
    [notify_id] => 6ba02dec960afd1d4acb79f663771d8m6a
    [use_coupon] => N
    [sign_type] => MD5
    [sign] => f3959f2ce9ea56fa5009561fa5ea0cc5
)

2016-10-12 08:22:31订单：付款成功，给了玩家相应的代金券
Array
(
    [discount] => 0.00
    [extra_common_param] => 200
    [payment_type] => 1
    [subject] => 《诛仙yw》200元代金券
    [trade_no] => 2016101221001004800258049815
    [buyer_email] => 174960848@qq.com
    [gmt_create] => 2016-10-12 08:08:49
    [notify_type] => trade_status_sync
    [quantity] => 1
    [out_trade_no] => 147623091838579
    [seller_id] => 2088021266234053
    [notify_time] => 2016-10-12 08:22:31
    [body] => 《诛仙yw》200元代金券
    [trade_status] => TRADE_SUCCESS
    [is_total_fee_adjust] => N
    [total_fee] => 96.00
    [gmt_payment] => 2016-10-12 08:08:55
    [seller_email] => 867672678@qq.com
    [price] => 96.00
    [buyer_id] => 2088702663816803
    [notify_id] => 3c048b0d3c04ee201d847e74642577bm6a
    [use_coupon] => N
    [sign_type] => MD5
    [sign] => 7d3228b5c32433114c5054aa16251ad2
)

2016-10-12 08:24:08订单：付款成功，给了玩家相应的代金券
Array
(
    [discount] => 0.00
    [extra_common_param] => 3000
    [payment_type] => 1
    [subject] => 《诛仙yw》3000元代金券
    [trade_no] => 2016101221001004800251938371
    [buyer_email] => 174960848@qq.com
    [gmt_create] => 2016-10-12 08:10:06
    [notify_type] => trade_status_sync
    [quantity] => 1
    [out_trade_no] => 147623100258952
    [seller_id] => 2088021266234053
    [notify_time] => 2016-10-12 08:24:07
    [body] => 《诛仙yw》3000元代金券
    [trade_status] => TRADE_SUCCESS
    [is_total_fee_adjust] => N
    [total_fee] => 1440.00
    [gmt_payment] => 2016-10-12 08:10:11
    [seller_email] => 867672678@qq.com
    [price] => 1440.00
    [buyer_id] => 2088702663816803
    [notify_id] => 6ba02dec960afd1d4acb79f663771d8m6a
    [use_coupon] => N
    [sign_type] => MD5
    [sign] => a1699bbe247e2c305b470974fc940f97
)

2016-10-12 08:25:19订单：付款成功，给了玩家相应的代金券
Array
(
    [discount] => 0.00
    [extra_common_param] => 6
    [payment_type] => 1
    [subject] => 《诛仙yw》6元代金券
    [trade_no] => 2016101221001004800258049849
    [buyer_email] => 174960848@qq.com
    [gmt_create] => 2016-10-12 08:10:44
    [notify_type] => trade_status_sync
    [quantity] => 1
    [out_trade_no] => 147623104083238
    [seller_id] => 2088021266234053
    [notify_time] => 2016-10-12 08:25:19
    [body] => 《诛仙yw》6元代金券
    [trade_status] => TRADE_SUCCESS
    [is_total_fee_adjust] => N
    [total_fee] => 2.90
    [gmt_payment] => 2016-10-12 08:10:48
    [seller_email] => 867672678@qq.com
    [price] => 2.90
    [buyer_id] => 2088702663816803
    [notify_id] => e87cfb313be9163314b353e6f0d9e0bm6a
    [use_coupon] => N
    [sign_type] => MD5
    [sign] => 950d08f6ffb0c045f93eb0bcfdb2d745
)

2016-10-12 08:32:34订单：付款成功，给了玩家相应的代金券
Array
(
    [discount] => 0.00
    [extra_common_param] => 200
    [payment_type] => 1
    [subject] => 《诛仙yw》200元代金券
    [trade_no] => 2016101221001004800258049815
    [buyer_email] => 174960848@qq.com
    [gmt_create] => 2016-10-12 08:08:49
    [notify_type] => trade_status_sync
    [quantity] => 1
    [out_trade_no] => 147623091838579
    [seller_id] => 2088021266234053
    [notify_time] => 2016-10-12 08:32:34
    [body] => 《诛仙yw》200元代金券
    [trade_status] => TRADE_SUCCESS
    [is_total_fee_adjust] => N
    [total_fee] => 96.00
    [gmt_payment] => 2016-10-12 08:08:55
    [seller_email] => 867672678@qq.com
    [price] => 96.00
    [buyer_id] => 2088702663816803
    [notify_id] => 3c048b0d3c04ee201d847e74642577bm6a
    [use_coupon] => N
    [sign_type] => MD5
    [sign] => e9edf175726581a1873b682dc0044fc0
)

2016-10-12 08:34:08订单：付款成功，给了玩家相应的代金券
Array
(
    [discount] => 0.00
    [extra_common_param] => 6
    [payment_type] => 1
    [subject] => 《诛仙yw》6元代金券
    [trade_no] => 2016101221001004800258049849
    [buyer_email] => 174960848@qq.com
    [gmt_create] => 2016-10-12 08:10:44
    [notify_type] => trade_status_sync
    [quantity] => 1
    [out_trade_no] => 147623104083238
    [seller_id] => 2088021266234053
    [notify_time] => 2016-10-12 08:34:08
    [body] => 《诛仙yw》6元代金券
    [trade_status] => TRADE_SUCCESS
    [is_total_fee_adjust] => N
    [total_fee] => 2.90
    [gmt_payment] => 2016-10-12 08:10:48
    [seller_email] => 867672678@qq.com
    [price] => 2.90
    [buyer_id] => 2088702663816803
    [notify_id] => e87cfb313be9163314b353e6f0d9e0bm6a
    [use_coupon] => N
    [sign_type] => MD5
    [sign] => da9079801e883d9c0ee4f9db662c53af
)

2016-10-12 08:34:40订单：付款成功，给了玩家相应的代金券
Array
(
    [discount] => 0.00
    [extra_common_param] => 3000
    [payment_type] => 1
    [subject] => 《诛仙yw》3000元代金券
    [trade_no] => 2016101221001004800251938371
    [buyer_email] => 174960848@qq.com
    [gmt_create] => 2016-10-12 08:10:06
    [notify_type] => trade_status_sync
    [quantity] => 1
    [out_trade_no] => 147623100258952
    [seller_id] => 2088021266234053
    [notify_time] => 2016-10-12 08:34:40
    [body] => 《诛仙yw》3000元代金券
    [trade_status] => TRADE_SUCCESS
    [is_total_fee_adjust] => N
    [total_fee] => 1440.00
    [gmt_payment] => 2016-10-12 08:10:11
    [seller_email] => 867672678@qq.com
    [price] => 1440.00
    [buyer_id] => 2088702663816803
    [notify_id] => 6ba02dec960afd1d4acb79f663771d8m6a
    [use_coupon] => N
    [sign_type] => MD5
    [sign] => 1ce0723589d644597617cb0b8298eb60
)

2016-10-12 08:45:37订单：付款成功，给了玩家相应的代金券
Array
(
    [discount] => 0.00
    [extra_common_param] => 2000
    [payment_type] => 1
    [subject] => 《诛仙yw》2000元代金券
    [trade_no] => 2016101221001004800254268345
    [buyer_email] => 174960848@qq.com
    [gmt_create] => 2016-10-12 08:45:31
    [notify_type] => trade_status_sync
    [quantity] => 1
    [out_trade_no] => 147623312319575
    [seller_id] => 2088021266234053
    [notify_time] => 2016-10-12 08:45:37
    [body] => 《诛仙yw》2000元代金券
    [trade_status] => TRADE_SUCCESS
    [is_total_fee_adjust] => N
    [total_fee] => 960.00
    [gmt_payment] => 2016-10-12 08:45:36
    [seller_email] => 867672678@qq.com
    [price] => 960.00
    [buyer_id] => 2088702663816803
    [notify_id] => 9104a307df3e6c554e382d9c7b796b3m6a
    [use_coupon] => N
    [sign_type] => MD5
    [sign] => 4376c9c354d0ca35053151eece41301e
)

2016-10-12 08:45:49订单：付款成功，给了玩家相应的代金券
Array
(
    [body] => 《诛仙yw》2000元代金券
    [buyer_email] => 174960848@qq.com
    [buyer_id] => 2088702663816803
    [exterface] => create_direct_pay_by_user
    [extra_common_param] => 2000
    [is_success] => T
    [notify_id] => RqPnCoPT3K9%2Fvwbh3InWeOZJC8IvXqLuWVzNJnWIBDwVoLTZIV03VD%2F4OLJn9%2F0qCGte
    [notify_time] => 2016-10-12 08:45:45
    [notify_type] => trade_status_sync
    [out_trade_no] => 147623312319575
    [payment_type] => 1
    [seller_email] => 867672678@qq.com
    [seller_id] => 2088021266234053
    [subject] => 《诛仙yw》2000元代金券
    [total_fee] => 960.00
    [trade_no] => 2016101221001004800254268345
    [trade_status] => TRADE_SUCCESS
    [sign] => a554468c431c8b11e97e09431ded5497
    [sign_type] => MD5
)

2016-10-12 08:49:10订单：付款成功，给了玩家相应的代金券
Array
(
    [discount] => 0.00
    [extra_common_param] => 2000
    [payment_type] => 1
    [subject] => 《诛仙yw》2000元代金券
    [trade_no] => 2016101221001004800254268345
    [buyer_email] => 174960848@qq.com
    [gmt_create] => 2016-10-12 08:45:31
    [notify_type] => trade_status_sync
    [quantity] => 1
    [out_trade_no] => 147623312319575
    [seller_id] => 2088021266234053
    [notify_time] => 2016-10-12 08:49:10
    [body] => 《诛仙yw》2000元代金券
    [trade_status] => TRADE_SUCCESS
    [is_total_fee_adjust] => N
    [total_fee] => 960.00
    [gmt_payment] => 2016-10-12 08:45:36
    [seller_email] => 867672678@qq.com
    [price] => 960.00
    [buyer_id] => 2088702663816803
    [notify_id] => 9104a307df3e6c554e382d9c7b796b3m6a
    [use_coupon] => N
    [sign_type] => MD5
    [sign] => 0d8c97d8deee49c48fc2924d0575b7a4
)

2016-10-12 09:00:47订单：付款成功，给了玩家相应的代金券
Array
(
    [discount] => 0.00
    [extra_common_param] => 2000
    [payment_type] => 1
    [subject] => 《诛仙yw》2000元代金券
    [trade_no] => 2016101221001004800254268345
    [buyer_email] => 174960848@qq.com
    [gmt_create] => 2016-10-12 08:45:31
    [notify_type] => trade_status_sync
    [quantity] => 1
    [out_trade_no] => 147623312319575
    [seller_id] => 2088021266234053
    [notify_time] => 2016-10-12 09:00:47
    [body] => 《诛仙yw》2000元代金券
    [trade_status] => TRADE_SUCCESS
    [is_total_fee_adjust] => N
    [total_fee] => 960.00
    [gmt_payment] => 2016-10-12 08:45:36
    [seller_email] => 867672678@qq.com
    [price] => 960.00
    [buyer_id] => 2088702663816803
    [notify_id] => 9104a307df3e6c554e382d9c7b796b3m6a
    [use_coupon] => N
    [sign_type] => MD5
    [sign] => 93a5ed270d7c68400d6c22903ef59dec
)

2016-10-12 09:09:29订单：付款成功，给了玩家相应的代金券
Array
(
    [discount] => 0.00
    [extra_common_param] => 2000
    [payment_type] => 1
    [subject] => 《诛仙yw》2000元代金券
    [trade_no] => 2016101221001004800254268345
    [buyer_email] => 174960848@qq.com
    [gmt_create] => 2016-10-12 08:45:31
    [notify_type] => trade_status_sync
    [quantity] => 1
    [out_trade_no] => 147623312319575
    [seller_id] => 2088021266234053
    [notify_time] => 2016-10-12 09:09:29
    [body] => 《诛仙yw》2000元代金券
    [trade_status] => TRADE_SUCCESS
    [is_total_fee_adjust] => N
    [total_fee] => 960.00
    [gmt_payment] => 2016-10-12 08:45:36
    [seller_email] => 867672678@qq.com
    [price] => 960.00
    [buyer_id] => 2088702663816803
    [notify_id] => 9104a307df3e6c554e382d9c7b796b3m6a
    [use_coupon] => N
    [sign_type] => MD5
    [sign] => 30a20a4dcf8c75b9f26e92490d10f279
)

2016-10-12 09:32:40订单：付款成功，给了玩家相应的代金券
Array
(
    [discount] => 0.00
    [extra_common_param] => 200
    [payment_type] => 1
    [subject] => 《诛仙yw》200元代金券
    [trade_no] => 2016101221001004800258049815
    [buyer_email] => 174960848@qq.com
    [gmt_create] => 2016-10-12 08:08:49
    [notify_type] => trade_status_sync
    [quantity] => 1
    [out_trade_no] => 147623091838579
    [seller_id] => 2088021266234053
    [notify_time] => 2016-10-12 09:32:40
    [body] => 《诛仙yw》200元代金券
    [trade_status] => TRADE_SUCCESS
    [is_total_fee_adjust] => N
    [total_fee] => 96.00
    [gmt_payment] => 2016-10-12 08:08:55
    [seller_email] => 867672678@qq.com
    [price] => 96.00
    [buyer_id] => 2088702663816803
    [notify_id] => 3c048b0d3c04ee201d847e74642577bm6a
    [use_coupon] => N
    [sign_type] => MD5
    [sign] => 809ce49adb4a6a5fae783b93cb96b57b
)

2016-10-12 09:34:26订单：付款成功，给了玩家相应的代金券
Array
(
    [discount] => 0.00
    [extra_common_param] => 3000
    [payment_type] => 1
    [subject] => 《诛仙yw》3000元代金券
    [trade_no] => 2016101221001004800251938371
    [buyer_email] => 174960848@qq.com
    [gmt_create] => 2016-10-12 08:10:06
    [notify_type] => trade_status_sync
    [quantity] => 1
    [out_trade_no] => 147623100258952
    [seller_id] => 2088021266234053
    [notify_time] => 2016-10-12 09:34:25
    [body] => 《诛仙yw》3000元代金券
    [trade_status] => TRADE_SUCCESS
    [is_total_fee_adjust] => N
    [total_fee] => 1440.00
    [gmt_payment] => 2016-10-12 08:10:11
    [seller_email] => 867672678@qq.com
    [price] => 1440.00
    [buyer_id] => 2088702663816803
    [notify_id] => 6ba02dec960afd1d4acb79f663771d8m6a
    [use_coupon] => N
    [sign_type] => MD5
    [sign] => 5793274d62da9e7febd919a7c683bc4c
)

2016-10-12 09:34:43订单：付款成功，给了玩家相应的代金券
Array
(
    [discount] => 0.00
    [extra_common_param] => 6
    [payment_type] => 1
    [subject] => 《诛仙yw》6元代金券
    [trade_no] => 2016101221001004800258049849
    [buyer_email] => 174960848@qq.com
    [gmt_create] => 2016-10-12 08:10:44
    [notify_type] => trade_status_sync
    [quantity] => 1
    [out_trade_no] => 147623104083238
    [seller_id] => 2088021266234053
    [notify_time] => 2016-10-12 09:34:43
    [body] => 《诛仙yw》6元代金券
    [trade_status] => TRADE_SUCCESS
    [is_total_fee_adjust] => N
    [total_fee] => 2.90
    [gmt_payment] => 2016-10-12 08:10:48
    [seller_email] => 867672678@qq.com
    [price] => 2.90
    [buyer_id] => 2088702663816803
    [notify_id] => e87cfb313be9163314b353e6f0d9e0bm6a
    [use_coupon] => N
    [sign_type] => MD5
    [sign] => dbcd739325434dd78e09480e4959cf90
)

2016-10-12 10:09:07订单：付款成功，给了玩家相应的代金券
Array
(
    [discount] => 0.00
    [extra_common_param] => 2000
    [payment_type] => 1
    [subject] => 《诛仙yw》2000元代金券
    [trade_no] => 2016101221001004800254268345
    [buyer_email] => 174960848@qq.com
    [gmt_create] => 2016-10-12 08:45:31
    [notify_type] => trade_status_sync
    [quantity] => 1
    [out_trade_no] => 147623312319575
    [seller_id] => 2088021266234053
    [notify_time] => 2016-10-12 10:09:06
    [body] => 《诛仙yw》2000元代金券
    [trade_status] => TRADE_SUCCESS
    [is_total_fee_adjust] => N
    [total_fee] => 960.00
    [gmt_payment] => 2016-10-12 08:45:36
    [seller_email] => 867672678@qq.com
    [price] => 960.00
    [buyer_id] => 2088702663816803
    [notify_id] => 9104a307df3e6c554e382d9c7b796b3m6a
    [use_coupon] => N
    [sign_type] => MD5
    [sign] => ad742ca40df4aac3b2ede603e70e1a50
)

2016-10-12 10:10:31订单：付款成功，给了玩家相应的代金券
Array
(
    [discount] => 0.00
    [extra_common_param] => 1379
    [payment_type] => 1
    [subject] => 《诛仙yw》1379元代金券
    [trade_no] => 2016101221001004800255061999
    [buyer_email] => 174960848@qq.com
    [gmt_create] => 2016-10-12 10:10:24
    [notify_type] => trade_status_sync
    [quantity] => 1
    [out_trade_no] => 147623822066756
    [seller_id] => 2088021266234053
    [notify_time] => 2016-10-12 10:10:31
    [body] => 《诛仙yw》1379元代金券
    [trade_status] => TRADE_SUCCESS
    [is_total_fee_adjust] => N
    [total_fee] => 661.90
    [gmt_payment] => 2016-10-12 10:10:31
    [seller_email] => 867672678@qq.com
    [price] => 661.90
    [buyer_id] => 2088702663816803
    [notify_id] => 721a01db01a1898874d9410f69e0b30m6a
    [use_coupon] => N
    [sign_type] => MD5
    [sign] => cd0837c20ff2da36a6294996d465d72d
)

2016-10-12 10:10:43订单：付款成功，给了玩家相应的代金券
Array
(
    [body] => 《诛仙yw》1379元代金券
    [buyer_email] => 174960848@qq.com
    [buyer_id] => 2088702663816803
    [exterface] => create_direct_pay_by_user
    [extra_common_param] => 1379
    [is_success] => T
    [notify_id] => RqPnCoPT3K9%2Fvwbh3InWeOZJAOhuqzB6L8yYSRAHIavm9ZrhjtjvjCLAleLE15%2BA50oX
    [notify_time] => 2016-10-12 10:10:39
    [notify_type] => trade_status_sync
    [out_trade_no] => 147623822066756
    [payment_type] => 1
    [seller_email] => 867672678@qq.com
    [seller_id] => 2088021266234053
    [subject] => 《诛仙yw》1379元代金券
    [total_fee] => 661.90
    [trade_no] => 2016101221001004800255061999
    [trade_status] => TRADE_SUCCESS
    [sign] => 9816652a160df2e6623b9cc2f399ff54
    [sign_type] => MD5
)

2016-10-12 10:14:41订单：付款成功，给了玩家相应的代金券
Array
(
    [discount] => 0.00
    [extra_common_param] => 1379
    [payment_type] => 1
    [subject] => 《诛仙yw》1379元代金券
    [trade_no] => 2016101221001004800255061999
    [buyer_email] => 174960848@qq.com
    [gmt_create] => 2016-10-12 10:10:24
    [notify_type] => trade_status_sync
    [quantity] => 1
    [out_trade_no] => 147623822066756
    [seller_id] => 2088021266234053
    [notify_time] => 2016-10-12 10:14:41
    [body] => 《诛仙yw》1379元代金券
    [trade_status] => TRADE_SUCCESS
    [is_total_fee_adjust] => N
    [total_fee] => 661.90
    [gmt_payment] => 2016-10-12 10:10:31
    [seller_email] => 867672678@qq.com
    [price] => 661.90
    [buyer_id] => 2088702663816803
    [notify_id] => 721a01db01a1898874d9410f69e0b30m6a
    [use_coupon] => N
    [sign_type] => MD5
    [sign] => ecf1db14ad649c48547a6fe45d5e674f
)

2016-10-12 10:22:22订单：付款成功，给了玩家相应的代金券
Array
(
    [discount] => 0.00
    [extra_common_param] => 415
    [payment_type] => 1
    [subject] => 《诛仙yw》415元代金券
    [trade_no] => 2016101221001004800253564495
    [buyer_email] => 174960848@qq.com
    [gmt_create] => 2016-10-12 10:22:17
    [notify_type] => trade_status_sync
    [quantity] => 1
    [out_trade_no] => 147623892928879
    [seller_id] => 2088021266234053
    [notify_time] => 2016-10-12 10:22:22
    [body] => 《诛仙yw》415元代金券
    [trade_status] => TRADE_SUCCESS
    [is_total_fee_adjust] => N
    [total_fee] => 199.20
    [gmt_payment] => 2016-10-12 10:22:21
    [seller_email] => 867672678@qq.com
    [price] => 199.20
    [buyer_id] => 2088702663816803
    [notify_id] => ce590bdb561c0466abad41231dc9c7am6a
    [use_coupon] => N
    [sign_type] => MD5
    [sign] => 30fb49364510d392ee3e8e54670ecdf2
)

2016-10-12 10:22:35订单：付款成功，给了玩家相应的代金券
Array
(
    [body] => 《诛仙yw》415元代金券
    [buyer_email] => 174960848@qq.com
    [buyer_id] => 2088702663816803
    [exterface] => create_direct_pay_by_user
    [extra_common_param] => 415
    [is_success] => T
    [notify_id] => RqPnCoPT3K9%2Fvwbh3InWeOZJAOMGFHe%2BQNfckujuC8ojS%2FcN0%2BmVs8%2Bae58mQcWwVKcQ
    [notify_time] => 2016-10-12 10:22:31
    [notify_type] => trade_status_sync
    [out_trade_no] => 147623892928879
    [payment_type] => 1
    [seller_email] => 867672678@qq.com
    [seller_id] => 2088021266234053
    [subject] => 《诛仙yw》415元代金券
    [total_fee] => 199.20
    [trade_no] => 2016101221001004800253564495
    [trade_status] => TRADE_SUCCESS
    [sign] => dcb27a2c252bd29f34fc9849aa827939
    [sign_type] => MD5
)

2016-10-12 10:25:52订单：付款成功，给了玩家相应的代金券
Array
(
    [discount] => 0.00
    [extra_common_param] => 1379
    [payment_type] => 1
    [subject] => 《诛仙yw》1379元代金券
    [trade_no] => 2016101221001004800255061999
    [buyer_email] => 174960848@qq.com
    [gmt_create] => 2016-10-12 10:10:24
    [notify_type] => trade_status_sync
    [quantity] => 1
    [out_trade_no] => 147623822066756
    [seller_id] => 2088021266234053
    [notify_time] => 2016-10-12 10:25:52
    [body] => 《诛仙yw》1379元代金券
    [trade_status] => TRADE_SUCCESS
    [is_total_fee_adjust] => N
    [total_fee] => 661.90
    [gmt_payment] => 2016-10-12 10:10:31
    [seller_email] => 867672678@qq.com
    [price] => 661.90
    [buyer_id] => 2088702663816803
    [notify_id] => 721a01db01a1898874d9410f69e0b30m6a
    [use_coupon] => N
    [sign_type] => MD5
    [sign] => a2bb604ef82fb9d24410571ebe956238
)

2016-10-12 10:26:05订单：付款成功，给了玩家相应的代金券
Array
(
    [discount] => 0.00
    [extra_common_param] => 415
    [payment_type] => 1
    [subject] => 《诛仙yw》415元代金券
    [trade_no] => 2016101221001004800253564495
    [buyer_email] => 174960848@qq.com
    [gmt_create] => 2016-10-12 10:22:17
    [notify_type] => trade_status_sync
    [quantity] => 1
    [out_trade_no] => 147623892928879
    [seller_id] => 2088021266234053
    [notify_time] => 2016-10-12 10:26:05
    [body] => 《诛仙yw》415元代金券
    [trade_status] => TRADE_SUCCESS
    [is_total_fee_adjust] => N
    [total_fee] => 199.20
    [gmt_payment] => 2016-10-12 10:22:21
    [seller_email] => 867672678@qq.com
    [price] => 199.20
    [buyer_id] => 2088702663816803
    [notify_id] => ce590bdb561c0466abad41231dc9c7am6a
    [use_coupon] => N
    [sign_type] => MD5
    [sign] => 0b050c162f5566d7954d88e2e86c888c
)

2016-10-12 10:34:11订单：付款成功，给了玩家相应的代金券
Array
(
    [discount] => 0.00
    [extra_common_param] => 1379
    [payment_type] => 1
    [subject] => 《诛仙yw》1379元代金券
    [trade_no] => 2016101221001004800255061999
    [buyer_email] => 174960848@qq.com
    [gmt_create] => 2016-10-12 10:10:24
    [notify_type] => trade_status_sync
    [quantity] => 1
    [out_trade_no] => 147623822066756
    [seller_id] => 2088021266234053
    [notify_time] => 2016-10-12 10:34:11
    [body] => 《诛仙yw》1379元代金券
    [trade_status] => TRADE_SUCCESS
    [is_total_fee_adjust] => N
    [total_fee] => 661.90
    [gmt_payment] => 2016-10-12 10:10:31
    [seller_email] => 867672678@qq.com
    [price] => 661.90
    [buyer_id] => 2088702663816803
    [notify_id] => 721a01db01a1898874d9410f69e0b30m6a
    [use_coupon] => N
    [sign_type] => MD5
    [sign] => 27752d1e7aaffb2a3ef13f3f708f8b3c
)

2016-10-12 10:36:43订单：付款成功，给了玩家相应的代金券
Array
(
    [discount] => 0.00
    [extra_common_param] => 415
    [payment_type] => 1
    [subject] => 《诛仙yw》415元代金券
    [trade_no] => 2016101221001004800253564495
    [buyer_email] => 174960848@qq.com
    [gmt_create] => 2016-10-12 10:22:17
    [notify_type] => trade_status_sync
    [quantity] => 1
    [out_trade_no] => 147623892928879
    [seller_id] => 2088021266234053
    [notify_time] => 2016-10-12 10:36:42
    [body] => 《诛仙yw》415元代金券
    [trade_status] => TRADE_SUCCESS
    [is_total_fee_adjust] => N
    [total_fee] => 199.20
    [gmt_payment] => 2016-10-12 10:22:21
    [seller_email] => 867672678@qq.com
    [price] => 199.20
    [buyer_id] => 2088702663816803
    [notify_id] => ce590bdb561c0466abad41231dc9c7am6a
    [use_coupon] => N
    [sign_type] => MD5
    [sign] => d893ea8cfe66387e46d5c571d0c9779f
)

2016-10-12 10:40:55订单：付款成功，给了玩家相应的代金券
Array
(
    [discount] => 0.00
    [extra_common_param] => 400
    [payment_type] => 1
    [subject] => 《御剑情缘》400元代金券
    [trade_no] => 2016101221001004910256625137
    [buyer_email] => 13922211245
    [gmt_create] => 2016-10-12 10:40:40
    [notify_type] => trade_status_sync
    [quantity] => 1
    [out_trade_no] => 147624002451985
    [seller_id] => 2088021266234053
    [notify_time] => 2016-10-12 10:40:54
    [body] => 《御剑情缘》400元代金券
    [trade_status] => TRADE_SUCCESS
    [is_total_fee_adjust] => N
    [total_fee] => 200.00
    [gmt_payment] => 2016-10-12 10:40:54
    [seller_email] => 867672678@qq.com
    [price] => 200.00
    [buyer_id] => 2088312643761911
    [notify_id] => dda76cb1657b7d0df7d0d77bd75873an0u
    [use_coupon] => N
    [sign_type] => MD5
    [sign] => 8b46e2a0166175e0f5cbed69c17e2ef3
)

2016-10-12 10:41:05订单：付款成功，给了玩家相应的代金券
Array
(
    [body] => 《御剑情缘》400元代金券
    [buyer_email] => 13922211245
    [buyer_id] => 2088312643761911
    [exterface] => create_direct_pay_by_user
    [extra_common_param] => 400
    [is_success] => T
    [notify_id] => RqPnCoPT3K9%2Fvwbh3InWeOZOtW0hNHjc%2BK0Aep5WFh7sC2bcAmpq%2Ba1k4GCu7Rq6XDJ9
    [notify_time] => 2016-10-12 10:41:02
    [notify_type] => trade_status_sync
    [out_trade_no] => 147624002451985
    [payment_type] => 1
    [seller_email] => 867672678@qq.com
    [seller_id] => 2088021266234053
    [subject] => 《御剑情缘》400元代金券
    [total_fee] => 200.00
    [trade_no] => 2016101221001004910256625137
    [trade_status] => TRADE_SUCCESS
    [sign] => d71dfb5a39ff3b267adfcc4dd2f4e028
    [sign_type] => MD5
)

2016-10-12 10:44:15订单：付款成功，给了玩家相应的代金券
Array
(
    [discount] => 0.00
    [extra_common_param] => 400
    [payment_type] => 1
    [subject] => 《御剑情缘》400元代金券
    [trade_no] => 2016101221001004910256625137
    [buyer_email] => 13922211245
    [gmt_create] => 2016-10-12 10:40:40
    [notify_type] => trade_status_sync
    [quantity] => 1
    [out_trade_no] => 147624002451985
    [seller_id] => 2088021266234053
    [notify_time] => 2016-10-12 10:44:15
    [body] => 《御剑情缘》400元代金券
    [trade_status] => TRADE_SUCCESS
    [is_total_fee_adjust] => N
    [total_fee] => 200.00
    [gmt_payment] => 2016-10-12 10:40:54
    [seller_email] => 867672678@qq.com
    [price] => 200.00
    [buyer_id] => 2088312643761911
    [notify_id] => dda76cb1657b7d0df7d0d77bd75873an0u
    [use_coupon] => N
    [sign_type] => MD5
    [sign] => 38f03262095b2fadff3debcae63a7213
)

2016-10-12 10:46:11订单：付款成功，给了玩家相应的代金券
Array
(
    [discount] => 0.00
    [extra_common_param] => 415
    [payment_type] => 1
    [subject] => 《诛仙yw》415元代金券
    [trade_no] => 2016101221001004800253564495
    [buyer_email] => 174960848@qq.com
    [gmt_create] => 2016-10-12 10:22:17
    [notify_type] => trade_status_sync
    [quantity] => 1
    [out_trade_no] => 147623892928879
    [seller_id] => 2088021266234053
    [notify_time] => 2016-10-12 10:46:11
    [body] => 《诛仙yw》415元代金券
    [trade_status] => TRADE_SUCCESS
    [is_total_fee_adjust] => N
    [total_fee] => 199.20
    [gmt_payment] => 2016-10-12 10:22:21
    [seller_email] => 867672678@qq.com
    [price] => 199.20
    [buyer_id] => 2088702663816803
    [notify_id] => ce590bdb561c0466abad41231dc9c7am6a
    [use_coupon] => N
    [sign_type] => MD5
    [sign] => 8b1b4c620ff57484489156a8ec361eea
)

2016-10-12 10:55:10订单：付款成功，给了玩家相应的代金券
Array
(
    [discount] => 0.00
    [extra_common_param] => 400
    [payment_type] => 1
    [subject] => 《御剑情缘》400元代金券
    [trade_no] => 2016101221001004910256625137
    [buyer_email] => 13922211245
    [gmt_create] => 2016-10-12 10:40:40
    [notify_type] => trade_status_sync
    [quantity] => 1
    [out_trade_no] => 147624002451985
    [seller_id] => 2088021266234053
    [notify_time] => 2016-10-12 10:55:10
    [body] => 《御剑情缘》400元代金券
    [trade_status] => TRADE_SUCCESS
    [is_total_fee_adjust] => N
    [total_fee] => 200.00
    [gmt_payment] => 2016-10-12 10:40:54
    [seller_email] => 867672678@qq.com
    [price] => 200.00
    [buyer_id] => 2088312643761911
    [notify_id] => dda76cb1657b7d0df7d0d77bd75873an0u
    [use_coupon] => N
    [sign_type] => MD5
    [sign] => cbe174afc40fb7d67153e714c7fe79ee
)

2016-10-12 11:04:24订单：付款成功，给了玩家相应的代金券
Array
(
    [discount] => 0.00
    [extra_common_param] => 400
    [payment_type] => 1
    [subject] => 《御剑情缘》400元代金券
    [trade_no] => 2016101221001004910256625137
    [buyer_email] => 13922211245
    [gmt_create] => 2016-10-12 10:40:40
    [notify_type] => trade_status_sync
    [quantity] => 1
    [out_trade_no] => 147624002451985
    [seller_id] => 2088021266234053
    [notify_time] => 2016-10-12 11:04:23
    [body] => 《御剑情缘》400元代金券
    [trade_status] => TRADE_SUCCESS
    [is_total_fee_adjust] => N
    [total_fee] => 200.00
    [gmt_payment] => 2016-10-12 10:40:54
    [seller_email] => 867672678@qq.com
    [price] => 200.00
    [buyer_id] => 2088312643761911
    [notify_id] => dda76cb1657b7d0df7d0d77bd75873an0u
    [use_coupon] => N
    [sign_type] => MD5
    [sign] => a99f3464fba278097e1460c546e2210d
)

2016-10-12 11:32:37订单：付款成功，给了玩家相应的代金券
Array
(
    [discount] => 0.00
    [extra_common_param] => 200
    [payment_type] => 1
    [subject] => 《诛仙yw》200元代金券
    [trade_no] => 2016101221001004800258049815
    [buyer_email] => 174960848@qq.com
    [gmt_create] => 2016-10-12 08:08:49
    [notify_type] => trade_status_sync
    [quantity] => 1
    [out_trade_no] => 147623091838579
    [seller_id] => 2088021266234053
    [notify_time] => 2016-10-12 11:32:36
    [body] => 《诛仙yw》200元代金券
    [trade_status] => TRADE_SUCCESS
    [is_total_fee_adjust] => N
    [total_fee] => 96.00
    [gmt_payment] => 2016-10-12 08:08:55
    [seller_email] => 867672678@qq.com
    [price] => 96.00
    [buyer_id] => 2088702663816803
    [notify_id] => 3c048b0d3c04ee201d847e74642577bm6a
    [use_coupon] => N
    [sign_type] => MD5
    [sign] => 332cc6d1881858cd792ec5ba887290c8
)

2016-10-12 11:34:15订单：付款成功，给了玩家相应的代金券
Array
(
    [discount] => 0.00
    [extra_common_param] => 6
    [payment_type] => 1
    [subject] => 《诛仙yw》6元代金券
    [trade_no] => 2016101221001004800258049849
    [buyer_email] => 174960848@qq.com
    [gmt_create] => 2016-10-12 08:10:44
    [notify_type] => trade_status_sync
    [quantity] => 1
    [out_trade_no] => 147623104083238
    [seller_id] => 2088021266234053
    [notify_time] => 2016-10-12 11:34:15
    [body] => 《诛仙yw》6元代金券
    [trade_status] => TRADE_SUCCESS
    [is_total_fee_adjust] => N
    [total_fee] => 2.90
    [gmt_payment] => 2016-10-12 08:10:48
    [seller_email] => 867672678@qq.com
    [price] => 2.90
    [buyer_id] => 2088702663816803
    [notify_id] => e87cfb313be9163314b353e6f0d9e0bm6a
    [use_coupon] => N
    [sign_type] => MD5
    [sign] => 75798d5452cbeb7c30a8c07713be55fa
)

2016-10-12 11:34:29订单：付款成功，给了玩家相应的代金券
Array
(
    [discount] => 0.00
    [extra_common_param] => 3000
    [payment_type] => 1
    [subject] => 《诛仙yw》3000元代金券
    [trade_no] => 2016101221001004800251938371
    [buyer_email] => 174960848@qq.com
    [gmt_create] => 2016-10-12 08:10:06
    [notify_type] => trade_status_sync
    [quantity] => 1
    [out_trade_no] => 147623100258952
    [seller_id] => 2088021266234053
    [notify_time] => 2016-10-12 11:34:28
    [body] => 《诛仙yw》3000元代金券
    [trade_status] => TRADE_SUCCESS
    [is_total_fee_adjust] => N
    [total_fee] => 1440.00
    [gmt_payment] => 2016-10-12 08:10:11
    [seller_email] => 867672678@qq.com
    [price] => 1440.00
    [buyer_id] => 2088702663816803
    [notify_id] => 6ba02dec960afd1d4acb79f663771d8m6a
    [use_coupon] => N
    [sign_type] => MD5
    [sign] => fa9cceca316577e3fa87262247cad1f6
)

2016-10-12 11:34:51订单：付款成功，给了玩家相应的代金券
Array
(
    [discount] => 0.00
    [extra_common_param] => 1379
    [payment_type] => 1
    [subject] => 《诛仙yw》1379元代金券
    [trade_no] => 2016101221001004800255061999
    [buyer_email] => 174960848@qq.com
    [gmt_create] => 2016-10-12 10:10:24
    [notify_type] => trade_status_sync
    [quantity] => 1
    [out_trade_no] => 147623822066756
    [seller_id] => 2088021266234053
    [notify_time] => 2016-10-12 11:34:50
    [body] => 《诛仙yw》1379元代金券
    [trade_status] => TRADE_SUCCESS
    [is_total_fee_adjust] => N
    [total_fee] => 661.90
    [gmt_payment] => 2016-10-12 10:10:31
    [seller_email] => 867672678@qq.com
    [price] => 661.90
    [buyer_id] => 2088702663816803
    [notify_id] => 721a01db01a1898874d9410f69e0b30m6a
    [use_coupon] => N
    [sign_type] => MD5
    [sign] => 604f1058a4dda5b54feee17f11249a52
)

2016-10-12 11:40:33订单：付款成功，给了玩家相应的代金券
Array
(
    [discount] => 0.00
    [extra_common_param] => 1000
    [payment_type] => 1
    [subject] => 《诛仙yw》1000元代金券
    [trade_no] => 2016101121001004800246561125
    [buyer_email] => 174960848@qq.com
    [gmt_create] => 2016-10-11 11:14:55
    [notify_type] => trade_status_sync
    [quantity] => 1
    [out_trade_no] => 147615569288658
    [seller_id] => 2088021266234053
    [notify_time] => 2016-10-12 11:40:33
    [body] => 《诛仙yw》1000元代金券
    [trade_status] => TRADE_SUCCESS
    [is_total_fee_adjust] => N
    [total_fee] => 480.00
    [gmt_payment] => 2016-10-11 11:14:59
    [seller_email] => 867672678@qq.com
    [price] => 480.00
    [buyer_id] => 2088702663816803
    [notify_id] => 4e46ded32311789c891f28b97b0e8d6m6a
    [use_coupon] => N
    [sign_type] => MD5
    [sign] => cdb7986f7c9a70f5da5f8bd7f0fe2088
)

2016-10-12 11:46:06订单：付款成功，给了玩家相应的代金券
Array
(
    [discount] => 0.00
    [extra_common_param] => 415
    [payment_type] => 1
    [subject] => 《诛仙yw》415元代金券
    [trade_no] => 2016101221001004800253564495
    [buyer_email] => 174960848@qq.com
    [gmt_create] => 2016-10-12 10:22:17
    [notify_type] => trade_status_sync
    [quantity] => 1
    [out_trade_no] => 147623892928879
    [seller_id] => 2088021266234053
    [notify_time] => 2016-10-12 11:46:06
    [body] => 《诛仙yw》415元代金券
    [trade_status] => TRADE_SUCCESS
    [is_total_fee_adjust] => N
    [total_fee] => 199.20
    [gmt_payment] => 2016-10-12 10:22:21
    [seller_email] => 867672678@qq.com
    [price] => 199.20
    [buyer_id] => 2088702663816803
    [notify_id] => ce590bdb561c0466abad41231dc9c7am6a
    [use_coupon] => N
    [sign_type] => MD5
    [sign] => a8ab871746ff5b31f6dd3a0b12d54fee
)

2016-10-12 11:57:08订单：付款成功，给了玩家相应的代金券
Array
(
    [discount] => 0.00
    [extra_common_param] => 2000
    [payment_type] => 1
    [subject] => 《诛仙yw》2000元代金券
    [trade_no] => 2016101121001004800243395871
    [buyer_email] => 174960848@qq.com
    [gmt_create] => 2016-10-11 11:33:19
    [notify_type] => trade_status_sync
    [quantity] => 1
    [out_trade_no] => 147615678881801
    [seller_id] => 2088021266234053
    [notify_time] => 2016-10-12 11:57:08
    [body] => 《诛仙yw》2000元代金券
    [trade_status] => TRADE_SUCCESS
    [is_total_fee_adjust] => N
    [total_fee] => 960.00
    [gmt_payment] => 2016-10-11 11:33:23
    [seller_email] => 867672678@qq.com
    [price] => 960.00
    [buyer_id] => 2088702663816803
    [notify_id] => 00e9ab268988d1e07c9ae4dac1a91f3m6a
    [use_coupon] => N
    [sign_type] => MD5
    [sign] => f229692cef15647b5af99c3763ac2fd7
)

2016-10-12 12:04:10订单：付款成功，给了玩家相应的代金券
Array
(
    [discount] => 0.00
    [extra_common_param] => 400
    [payment_type] => 1
    [subject] => 《御剑情缘》400元代金券
    [trade_no] => 2016101221001004910256625137
    [buyer_email] => 13922211245
    [gmt_create] => 2016-10-12 10:40:40
    [notify_type] => trade_status_sync
    [quantity] => 1
    [out_trade_no] => 147624002451985
    [seller_id] => 2088021266234053
    [notify_time] => 2016-10-12 12:04:09
    [body] => 《御剑情缘》400元代金券
    [trade_status] => TRADE_SUCCESS
    [is_total_fee_adjust] => N
    [total_fee] => 200.00
    [gmt_payment] => 2016-10-12 10:40:54
    [seller_email] => 867672678@qq.com
    [price] => 200.00
    [buyer_id] => 2088312643761911
    [notify_id] => dda76cb1657b7d0df7d0d77bd75873an0u
    [use_coupon] => N
    [sign_type] => MD5
    [sign] => a6c09caa3cf6c3d269b507f462793e98
)

2016-10-12 12:09:07订单：付款成功，给了玩家相应的代金券
Array
(
    [discount] => 0.00
    [extra_common_param] => 2000
    [payment_type] => 1
    [subject] => 《诛仙yw》2000元代金券
    [trade_no] => 2016101221001004800254268345
    [buyer_email] => 174960848@qq.com
    [gmt_create] => 2016-10-12 08:45:31
    [notify_type] => trade_status_sync
    [quantity] => 1
    [out_trade_no] => 147623312319575
    [seller_id] => 2088021266234053
    [notify_time] => 2016-10-12 12:09:07
    [body] => 《诛仙yw》2000元代金券
    [trade_status] => TRADE_SUCCESS
    [is_total_fee_adjust] => N
    [total_fee] => 960.00
    [gmt_payment] => 2016-10-12 08:45:36
    [seller_email] => 867672678@qq.com
    [price] => 960.00
    [buyer_id] => 2088702663816803
    [notify_id] => 9104a307df3e6c554e382d9c7b796b3m6a
    [use_coupon] => N
    [sign_type] => MD5
    [sign] => 7fef0974431759f901f231601e4ffd33
)

2016-10-12 12:19:34订单：付款成功，给了玩家相应的代金券
Array
(
    [discount] => 0.00
    [extra_common_param] => 7000
    [payment_type] => 1
    [subject] => 《诛仙yw》7000元代金券
    [trade_no] => 2016101121001004800243646277
    [buyer_email] => 174960848@qq.com
    [gmt_create] => 2016-10-11 11:54:58
    [notify_type] => trade_status_sync
    [quantity] => 1
    [out_trade_no] => 147615809445144
    [seller_id] => 2088021266234053
    [notify_time] => 2016-10-12 12:19:34
    [body] => 《诛仙yw》7000元代金券
    [trade_status] => TRADE_SUCCESS
    [is_total_fee_adjust] => N
    [total_fee] => 3360.00
    [gmt_payment] => 2016-10-11 11:55:03
    [seller_email] => 867672678@qq.com
    [price] => 3360.00
    [buyer_id] => 2088702663816803
    [notify_id] => 477db198c24f2b7fd061e0ad4d9d835m6a
    [use_coupon] => N
    [sign_type] => MD5
    [sign] => bc1b807fe21228157f7b416828ce36a0
)

2016-10-12 12:22:22订单：付款成功，给了玩家相应的代金券
Array
(
    [discount] => 0.00
    [extra_common_param] => 30
    [payment_type] => 1
    [subject] => 《龙战于野》30元代金券
    [trade_no] => 2016101121001004440205631339
    [buyer_email] => 283266479@qq.com
    [gmt_create] => 2016-10-11 11:58:52
    [notify_type] => trade_status_sync
    [quantity] => 1
    [out_trade_no] => 147615832531529
    [seller_id] => 2088021266234053
    [notify_time] => 2016-10-12 12:22:21
    [body] => 《龙战于野》30元代金券
    [trade_status] => TRADE_SUCCESS
    [is_total_fee_adjust] => N
    [total_fee] => 12.00
    [gmt_payment] => 2016-10-11 11:58:55
    [seller_email] => 867672678@qq.com
    [price] => 12.00
    [buyer_id] => 2088312127602442
    [notify_id] => 98e395c2dc3f367303e78261cf87b49jea
    [use_coupon] => N
    [sign_type] => MD5
    [sign] => 9ae0dc83c98eaf15c1ce07f4e88cf256
)

2016-10-12 13:04:23订单：付款成功，给了玩家相应的代金券
Array
(
    [discount] => 0.00
    [extra_common_param] => 196
    [payment_type] => 1
    [subject] => 《龙战于野》196元代金券
    [trade_no] => 2016101121001004440206769703
    [buyer_email] => 283266479@qq.com
    [gmt_create] => 2016-10-11 12:40:09
    [notify_type] => trade_status_sync
    [quantity] => 1
    [out_trade_no] => 147616080170923
    [seller_id] => 2088021266234053
    [notify_time] => 2016-10-12 13:04:22
    [body] => 《龙战于野》196元代金券
    [trade_status] => TRADE_SUCCESS
    [is_total_fee_adjust] => N
    [total_fee] => 78.40
    [gmt_payment] => 2016-10-11 12:40:12
    [seller_email] => 867672678@qq.com
    [price] => 78.40
    [buyer_id] => 2088312127602442
    [notify_id] => 00fde502fb301f6ad17358502387565jea
    [use_coupon] => N
    [sign_type] => MD5
    [sign] => 8abe3594351167022bd7effc1f803662
)

2016-10-12 13:27:31订单：付款成功，给了玩家相应的代金券
Array
(
    [discount] => 0.00
    [extra_common_param] => 98
    [payment_type] => 1
    [subject] => 《龙战于野》98元代金券
    [trade_no] => 2016101121001004100234268409
    [buyer_email] => zhengwanyi@hotmail.com
    [gmt_create] => 2016-10-11 13:02:23
    [notify_type] => trade_status_sync
    [quantity] => 1
    [out_trade_no] => 147616210485328
    [seller_id] => 2088021266234053
    [notify_time] => 2016-10-12 13:27:31
    [body] => 《龙战于野》98元代金券
    [trade_status] => TRADE_SUCCESS
    [is_total_fee_adjust] => N
    [total_fee] => 39.20
    [gmt_payment] => 2016-10-11 13:02:26
    [seller_email] => 867672678@qq.com
    [price] => 39.20
    [buyer_id] => 2088002293236104
    [notify_id] => 2665344de4da8a8e805d8f0b06f8c80gru
    [use_coupon] => N
    [sign_type] => MD5
    [sign] => e8774467d11cb63b5756d4f15b878583
)

2016-10-12 13:34:17订单：付款成功，给了玩家相应的代金券
Array
(
    [discount] => 0.00
    [extra_common_param] => 1379
    [payment_type] => 1
    [subject] => 《诛仙yw》1379元代金券
    [trade_no] => 2016101221001004800255061999
    [buyer_email] => 174960848@qq.com
    [gmt_create] => 2016-10-12 10:10:24
    [notify_type] => trade_status_sync
    [quantity] => 1
    [out_trade_no] => 147623822066756
    [seller_id] => 2088021266234053
    [notify_time] => 2016-10-12 13:34:17
    [body] => 《诛仙yw》1379元代金券
    [trade_status] => TRADE_SUCCESS
    [is_total_fee_adjust] => N
    [total_fee] => 661.90
    [gmt_payment] => 2016-10-12 10:10:31
    [seller_email] => 867672678@qq.com
    [price] => 661.90
    [buyer_id] => 2088702663816803
    [notify_id] => 721a01db01a1898874d9410f69e0b30m6a
    [use_coupon] => N
    [sign_type] => MD5
    [sign] => c7cd62944cd737487d4839562ccce515
)

2016-10-12 13:46:38订单：付款成功，给了玩家相应的代金券
Array
(
    [discount] => 0.00
    [extra_common_param] => 415
    [payment_type] => 1
    [subject] => 《诛仙yw》415元代金券
    [trade_no] => 2016101221001004800253564495
    [buyer_email] => 174960848@qq.com
    [gmt_create] => 2016-10-12 10:22:17
    [notify_type] => trade_status_sync
    [quantity] => 1
    [out_trade_no] => 147623892928879
    [seller_id] => 2088021266234053
    [notify_time] => 2016-10-12 13:46:38
    [body] => 《诛仙yw》415元代金券
    [trade_status] => TRADE_SUCCESS
    [is_total_fee_adjust] => N
    [total_fee] => 199.20
    [gmt_payment] => 2016-10-12 10:22:21
    [seller_email] => 867672678@qq.com
    [price] => 199.20
    [buyer_id] => 2088702663816803
    [notify_id] => ce590bdb561c0466abad41231dc9c7am6a
    [use_coupon] => N
    [sign_type] => MD5
    [sign] => ffc6c80de801a3dc050e2305d4ca1f38
)

2016-10-12 14:04:21订单：付款成功，给了玩家相应的代金券
Array
(
    [discount] => 0.00
    [extra_common_param] => 400
    [payment_type] => 1
    [subject] => 《御剑情缘》400元代金券
    [trade_no] => 2016101221001004910256625137
    [buyer_email] => 13922211245
    [gmt_create] => 2016-10-12 10:40:40
    [notify_type] => trade_status_sync
    [quantity] => 1
    [out_trade_no] => 147624002451985
    [seller_id] => 2088021266234053
    [notify_time] => 2016-10-12 14:04:20
    [body] => 《御剑情缘》400元代金券
    [trade_status] => TRADE_SUCCESS
    [is_total_fee_adjust] => N
    [total_fee] => 200.00
    [gmt_payment] => 2016-10-12 10:40:54
    [seller_email] => 867672678@qq.com
    [price] => 200.00
    [buyer_id] => 2088312643761911
    [notify_id] => dda76cb1657b7d0df7d0d77bd75873an0u
    [use_coupon] => N
    [sign_type] => MD5
    [sign] => 6db172350025141553af8b456f130bbc
)

2016-10-12 14:31:07订单：付款成功，给了玩家相应的代金券
Array
(
    [discount] => 0.00
    [extra_common_param] => 1724
    [payment_type] => 1
    [subject] => 《诛仙yw》1724元代金券
    [trade_no] => 2016101221001004800258066397
    [buyer_email] => 174960848@qq.com
    [gmt_create] => 2016-10-12 14:31:00
    [notify_type] => trade_status_sync
    [quantity] => 1
    [out_trade_no] => 147625385685693
    [seller_id] => 2088021266234053
    [notify_time] => 2016-10-12 14:31:06
    [body] => 《诛仙yw》1724元代金券
    [trade_status] => TRADE_SUCCESS
    [is_total_fee_adjust] => N
    [total_fee] => 827.50
    [gmt_payment] => 2016-10-12 14:31:06
    [seller_email] => 867672678@qq.com
    [price] => 827.50
    [buyer_id] => 2088702663816803
    [notify_id] => 27c5563b37b2c53ff1c61acd179c53fm6a
    [use_coupon] => N
    [sign_type] => MD5
    [sign] => 0d50f079dbe82d1ce81d28171c939715
)

2016-10-12 14:31:18订单：付款成功，给了玩家相应的代金券
Array
(
    [body] => 《诛仙yw》1724元代金券
    [buyer_email] => 174960848@qq.com
    [buyer_id] => 2088702663816803
    [exterface] => create_direct_pay_by_user
    [extra_common_param] => 1724
    [is_success] => T
    [notify_id] => RqPnCoPT3K9%2Fvwbh3InWeOZPkwbbnLTd9ElMudSplh6tFPDHJDFhN5To4gsnwgS49kZp
    [notify_time] => 2016-10-12 14:31:15
    [notify_type] => trade_status_sync
    [out_trade_no] => 147625385685693
    [payment_type] => 1
    [seller_email] => 867672678@qq.com
    [seller_id] => 2088021266234053
    [subject] => 《诛仙yw》1724元代金券
    [total_fee] => 827.50
    [trade_no] => 2016101221001004800258066397
    [trade_status] => TRADE_SUCCESS
    [sign] => ced97693f7e11722a46e4c7392119b9b
    [sign_type] => MD5
)

2016-10-12 14:35:14订单：付款成功，给了玩家相应的代金券
Array
(
    [discount] => 0.00
    [extra_common_param] => 1724
    [payment_type] => 1
    [subject] => 《诛仙yw》1724元代金券
    [trade_no] => 2016101221001004800258066397
    [buyer_email] => 174960848@qq.com
    [gmt_create] => 2016-10-12 14:31:00
    [notify_type] => trade_status_sync
    [quantity] => 1
    [out_trade_no] => 147625385685693
    [seller_id] => 2088021266234053
    [notify_time] => 2016-10-12 14:35:14
    [body] => 《诛仙yw》1724元代金券
    [trade_status] => TRADE_SUCCESS
    [is_total_fee_adjust] => N
    [total_fee] => 827.50
    [gmt_payment] => 2016-10-12 14:31:06
    [seller_email] => 867672678@qq.com
    [price] => 827.50
    [buyer_id] => 2088702663816803
    [notify_id] => 27c5563b37b2c53ff1c61acd179c53fm6a
    [use_coupon] => N
    [sign_type] => MD5
    [sign] => aa1055bd34ba7db835dec957e6a0d132
)

2016-10-12 14:37:50订单：付款成功，给了玩家相应的代金券
Array
(
    [discount] => 0.00
    [extra_common_param] => 93
    [payment_type] => 1
    [subject] => 《龙战于野》93元代金券
    [trade_no] => 2016101121001004100234575346
    [buyer_email] => zhengwanyi@hotmail.com
    [gmt_create] => 2016-10-11 14:12:12
    [notify_type] => trade_status_sync
    [quantity] => 1
    [out_trade_no] => 147616631271665
    [seller_id] => 2088021266234053
    [notify_time] => 2016-10-12 14:37:49
    [body] => 《龙战于野》93元代金券
    [trade_status] => TRADE_SUCCESS
    [is_total_fee_adjust] => N
    [total_fee] => 37.20
    [gmt_payment] => 2016-10-11 14:12:15
    [seller_email] => 867672678@qq.com
    [price] => 37.20
    [buyer_id] => 2088002293236104
    [notify_id] => c3b97f31de9318f1769a72e4ee59258gru
    [use_coupon] => N
    [sign_type] => MD5
    [sign] => e5523a3cac5cd48cb8e4b39c0b64d840
)

2016-10-12 14:45:35订单：付款成功，给了玩家相应的代金券
Array
(
    [discount] => 0.00
    [extra_common_param] => 1724
    [payment_type] => 1
    [subject] => 《诛仙yw》1724元代金券
    [trade_no] => 2016101221001004800258066397
    [buyer_email] => 174960848@qq.com
    [gmt_create] => 2016-10-12 14:31:00
    [notify_type] => trade_status_sync
    [quantity] => 1
    [out_trade_no] => 147625385685693
    [seller_id] => 2088021266234053
    [notify_time] => 2016-10-12 14:45:35
    [body] => 《诛仙yw》1724元代金券
    [trade_status] => TRADE_SUCCESS
    [is_total_fee_adjust] => N
    [total_fee] => 827.50
    [gmt_payment] => 2016-10-12 14:31:06
    [seller_email] => 867672678@qq.com
    [price] => 827.50
    [buyer_id] => 2088702663816803
    [notify_id] => 27c5563b37b2c53ff1c61acd179c53fm6a
    [use_coupon] => N
    [sign_type] => MD5
    [sign] => 052be7f5f8a76e5ba2f833205717e351
)

2016-10-12 14:55:54订单：付款成功，给了玩家相应的代金券
Array
(
    [discount] => 0.00
    [extra_common_param] => 1724
    [payment_type] => 1
    [subject] => 《诛仙yw》1724元代金券
    [trade_no] => 2016101221001004800258066397
    [buyer_email] => 174960848@qq.com
    [gmt_create] => 2016-10-12 14:31:00
    [notify_type] => trade_status_sync
    [quantity] => 1
    [out_trade_no] => 147625385685693
    [seller_id] => 2088021266234053
    [notify_time] => 2016-10-12 14:55:54
    [body] => 《诛仙yw》1724元代金券
    [trade_status] => TRADE_SUCCESS
    [is_total_fee_adjust] => N
    [total_fee] => 827.50
    [gmt_payment] => 2016-10-12 14:31:06
    [seller_email] => 867672678@qq.com
    [price] => 827.50
    [buyer_id] => 2088702663816803
    [notify_id] => 27c5563b37b2c53ff1c61acd179c53fm6a
    [use_coupon] => N
    [sign_type] => MD5
    [sign] => bca5cd4ea1c40ada8274a1eed87f6c5f
)

2016-10-12 15:26:52订单：付款成功，给了玩家相应的代金券
Array
(
    [discount] => 0.00
    [extra_common_param] => 172
    [payment_type] => 1
    [subject] => 《诛仙yw》172元代金券
    [trade_no] => 2016101221001004800255078384
    [buyer_email] => 174960848@qq.com
    [gmt_create] => 2016-10-12 15:26:47
    [notify_type] => trade_status_sync
    [quantity] => 1
    [out_trade_no] => 147625720050917
    [seller_id] => 2088021266234053
    [notify_time] => 2016-10-12 15:26:51
    [body] => 《诛仙yw》172元代金券
    [trade_status] => TRADE_SUCCESS
    [is_total_fee_adjust] => N
    [total_fee] => 82.60
    [gmt_payment] => 2016-10-12 15:26:51
    [seller_email] => 867672678@qq.com
    [price] => 82.60
    [buyer_id] => 2088702663816803
    [notify_id] => 34bac150d85fa98f6a57a9f241715a3m6a
    [use_coupon] => N
    [sign_type] => MD5
    [sign] => db80587ecbd7273d28aa88b22699c1cb
)

2016-10-12 15:27:03订单：付款成功，给了玩家相应的代金券
Array
(
    [body] => 《诛仙yw》172元代金券
    [buyer_email] => 174960848@qq.com
    [buyer_id] => 2088702663816803
    [exterface] => create_direct_pay_by_user
    [extra_common_param] => 172
    [is_success] => T
    [notify_id] => RqPnCoPT3K9%2Fvwbh3InWeOZPlwboVSNiWIjGjDltUkS12%2BLJfWTEXWMU9T0iK9tnzgto
    [notify_time] => 2016-10-12 15:26:59
    [notify_type] => trade_status_sync
    [out_trade_no] => 147625720050917
    [payment_type] => 1
    [seller_email] => 867672678@qq.com
    [seller_id] => 2088021266234053
    [subject] => 《诛仙yw》172元代金券
    [total_fee] => 82.60
    [trade_no] => 2016101221001004800255078384
    [trade_status] => TRADE_SUCCESS
    [sign] => bb3d3665fa1b90a575bcf2d3ee36a06b
    [sign_type] => MD5
)

2016-10-12 15:30:36订单：付款成功，给了玩家相应的代金券
Array
(
    [discount] => 0.00
    [extra_common_param] => 172
    [payment_type] => 1
    [subject] => 《诛仙yw》172元代金券
    [trade_no] => 2016101221001004800255078384
    [buyer_email] => 174960848@qq.com
    [gmt_create] => 2016-10-12 15:26:47
    [notify_type] => trade_status_sync
    [quantity] => 1
    [out_trade_no] => 147625720050917
    [seller_id] => 2088021266234053
    [notify_time] => 2016-10-12 15:30:35
    [body] => 《诛仙yw》172元代金券
    [trade_status] => TRADE_SUCCESS
    [is_total_fee_adjust] => N
    [total_fee] => 82.60
    [gmt_payment] => 2016-10-12 15:26:51
    [seller_email] => 867672678@qq.com
    [price] => 82.60
    [buyer_id] => 2088702663816803
    [notify_id] => 34bac150d85fa98f6a57a9f241715a3m6a
    [use_coupon] => N
    [sign_type] => MD5
    [sign] => 99214822087b8f8d0ede3d8bd9d94c52
)

2016-10-12 15:40:11订单：付款成功，给了玩家相应的代金券
Array
(
    [discount] => 0.00
    [extra_common_param] => 172
    [payment_type] => 1
    [subject] => 《诛仙yw》172元代金券
    [trade_no] => 2016101221001004800255078384
    [buyer_email] => 174960848@qq.com
    [gmt_create] => 2016-10-12 15:26:47
    [notify_type] => trade_status_sync
    [quantity] => 1
    [out_trade_no] => 147625720050917
    [seller_id] => 2088021266234053
    [notify_time] => 2016-10-12 15:40:09
    [body] => 《诛仙yw》172元代金券
    [trade_status] => TRADE_SUCCESS
    [is_total_fee_adjust] => N
    [total_fee] => 82.60
    [gmt_payment] => 2016-10-12 15:26:51
    [seller_email] => 867672678@qq.com
    [price] => 82.60
    [buyer_id] => 2088702663816803
    [notify_id] => 34bac150d85fa98f6a57a9f241715a3m6a
    [use_coupon] => N
    [sign_type] => MD5
    [sign] => edc4ad92ff72550a5e9275fd2e98d012
)

2016-10-12 15:50:36订单：付款成功，给了玩家相应的代金券
Array
(
    [discount] => 0.00
    [extra_common_param] => 172
    [payment_type] => 1
    [subject] => 《诛仙yw》172元代金券
    [trade_no] => 2016101221001004800255078384
    [buyer_email] => 174960848@qq.com
    [gmt_create] => 2016-10-12 15:26:47
    [notify_type] => trade_status_sync
    [quantity] => 1
    [out_trade_no] => 147625720050917
    [seller_id] => 2088021266234053
    [notify_time] => 2016-10-12 15:50:36
    [body] => 《诛仙yw》172元代金券
    [trade_status] => TRADE_SUCCESS
    [is_total_fee_adjust] => N
    [total_fee] => 82.60
    [gmt_payment] => 2016-10-12 15:26:51
    [seller_email] => 867672678@qq.com
    [price] => 82.60
    [buyer_id] => 2088702663816803
    [notify_id] => 34bac150d85fa98f6a57a9f241715a3m6a
    [use_coupon] => N
    [sign_type] => MD5
    [sign] => 06de6d16477b8d5c0b2814cbff921cc6
)

2016-10-12 15:55:28订单：付款成功，给了玩家相应的代金券
Array
(
    [discount] => 0.00
    [extra_common_param] => 1724
    [payment_type] => 1
    [subject] => 《诛仙yw》1724元代金券
    [trade_no] => 2016101221001004800258066397
    [buyer_email] => 174960848@qq.com
    [gmt_create] => 2016-10-12 14:31:00
    [notify_type] => trade_status_sync
    [quantity] => 1
    [out_trade_no] => 147625385685693
    [seller_id] => 2088021266234053
    [notify_time] => 2016-10-12 15:55:28
    [body] => 《诛仙yw》1724元代金券
    [trade_status] => TRADE_SUCCESS
    [is_total_fee_adjust] => N
    [total_fee] => 827.50
    [gmt_payment] => 2016-10-12 14:31:06
    [seller_email] => 867672678@qq.com
    [price] => 827.50
    [buyer_id] => 2088702663816803
    [notify_id] => 27c5563b37b2c53ff1c61acd179c53fm6a
    [use_coupon] => N
    [sign_type] => MD5
    [sign] => 00d708bd152e1997d2637b0c5e6afd49
)

2016-10-12 16:50:22订单：付款成功，给了玩家相应的代金券
Array
(
    [discount] => 0.00
    [extra_common_param] => 172
    [payment_type] => 1
    [subject] => 《诛仙yw》172元代金券
    [trade_no] => 2016101221001004800255078384
    [buyer_email] => 174960848@qq.com
    [gmt_create] => 2016-10-12 15:26:47
    [notify_type] => trade_status_sync
    [quantity] => 1
    [out_trade_no] => 147625720050917
    [seller_id] => 2088021266234053
    [notify_time] => 2016-10-12 16:50:22
    [body] => 《诛仙yw》172元代金券
    [trade_status] => TRADE_SUCCESS
    [is_total_fee_adjust] => N
    [total_fee] => 82.60
    [gmt_payment] => 2016-10-12 15:26:51
    [seller_email] => 867672678@qq.com
    [price] => 82.60
    [buyer_id] => 2088702663816803
    [notify_id] => 34bac150d85fa98f6a57a9f241715a3m6a
    [use_coupon] => N
    [sign_type] => MD5
    [sign] => f3ca5e9ce7d391d55c286a954c21f7cc
)

2016-10-12 17:12:10订单：付款成功，给了玩家相应的代金券
Array
(
    [discount] => 0.00
    [extra_common_param] => 877
    [payment_type] => 1
    [subject] => 《诛仙yw》877元代金券
    [trade_no] => 2016101221001004800254291196
    [buyer_email] => 174960848@qq.com
    [gmt_create] => 2016-10-12 17:11:51
    [notify_type] => trade_status_sync
    [quantity] => 1
    [out_trade_no] => 147626350780667
    [seller_id] => 2088021266234053
    [notify_time] => 2016-10-12 17:12:10
    [body] => 《诛仙yw》877元代金券
    [trade_status] => TRADE_SUCCESS
    [is_total_fee_adjust] => N
    [total_fee] => 421.00
    [gmt_payment] => 2016-10-12 17:12:10
    [seller_email] => 867672678@qq.com
    [price] => 421.00
    [buyer_id] => 2088702663816803
    [notify_id] => 8acc5b8601be4dbdf5052a3da239203m6a
    [use_coupon] => N
    [sign_type] => MD5
    [sign] => f317b21fa1cd46ecf3069ed15be54845
)

2016-10-12 17:12:23订单：付款成功，给了玩家相应的代金券
Array
(
    [body] => 《诛仙yw》877元代金券
    [buyer_email] => 174960848@qq.com
    [buyer_id] => 2088702663816803
    [exterface] => create_direct_pay_by_user
    [extra_common_param] => 877
    [is_success] => T
    [notify_id] => RqPnCoPT3K9%2Fvwbh3InWeOZMbooTqzKj6aa0S56yxCp4Mdt79yuin5YKJ5jqgqHLFIOm
    [notify_time] => 2016-10-12 17:12:19
    [notify_type] => trade_status_sync
    [out_trade_no] => 147626350780667
    [payment_type] => 1
    [seller_email] => 867672678@qq.com
    [seller_id] => 2088021266234053
    [subject] => 《诛仙yw》877元代金券
    [total_fee] => 421.00
    [trade_no] => 2016101221001004800254291196
    [trade_status] => TRADE_SUCCESS
    [sign] => 89b5902eab3749bc6973a43cb84340db
    [sign_type] => MD5
)

2016-10-12 17:16:10订单：付款成功，给了玩家相应的代金券
Array
(
    [discount] => 0.00
    [extra_common_param] => 877
    [payment_type] => 1
    [subject] => 《诛仙yw》877元代金券
    [trade_no] => 2016101221001004800254291196
    [buyer_email] => 174960848@qq.com
    [gmt_create] => 2016-10-12 17:11:51
    [notify_type] => trade_status_sync
    [quantity] => 1
    [out_trade_no] => 147626350780667
    [seller_id] => 2088021266234053
    [notify_time] => 2016-10-12 17:16:09
    [body] => 《诛仙yw》877元代金券
    [trade_status] => TRADE_SUCCESS
    [is_total_fee_adjust] => N
    [total_fee] => 421.00
    [gmt_payment] => 2016-10-12 17:12:10
    [seller_email] => 867672678@qq.com
    [price] => 421.00
    [buyer_id] => 2088702663816803
    [notify_id] => 8acc5b8601be4dbdf5052a3da239203m6a
    [use_coupon] => N
    [sign_type] => MD5
    [sign] => 1e94b7ae8e7727b37fbd888e6c4dd542
)

2016-10-12 17:27:16订单：付款成功，给了玩家相应的代金券
Array
(
    [discount] => 0.00
    [extra_common_param] => 877
    [payment_type] => 1
    [subject] => 《诛仙yw》877元代金券
    [trade_no] => 2016101221001004800254291196
    [buyer_email] => 174960848@qq.com
    [gmt_create] => 2016-10-12 17:11:51
    [notify_type] => trade_status_sync
    [quantity] => 1
    [out_trade_no] => 147626350780667
    [seller_id] => 2088021266234053
    [notify_time] => 2016-10-12 17:27:15
    [body] => 《诛仙yw》877元代金券
    [trade_status] => TRADE_SUCCESS
    [is_total_fee_adjust] => N
    [total_fee] => 421.00
    [gmt_payment] => 2016-10-12 17:12:10
    [seller_email] => 867672678@qq.com
    [price] => 421.00
    [buyer_id] => 2088702663816803
    [notify_id] => 8acc5b8601be4dbdf5052a3da239203m6a
    [use_coupon] => N
    [sign_type] => MD5
    [sign] => 199692c1acd7af905bd8a6dde7448f02
)

2016-10-12 17:32:49订单：付款成功，给了玩家相应的代金券
Array
(
    [discount] => 0.00
    [extra_common_param] => 200
    [payment_type] => 1
    [subject] => 《诛仙yw》200元代金券
    [trade_no] => 2016101221001004800258049815
    [buyer_email] => 174960848@qq.com
    [gmt_create] => 2016-10-12 08:08:49
    [notify_type] => trade_status_sync
    [quantity] => 1
    [out_trade_no] => 147623091838579
    [seller_id] => 2088021266234053
    [notify_time] => 2016-10-12 17:32:49
    [body] => 《诛仙yw》200元代金券
    [trade_status] => TRADE_SUCCESS
    [is_total_fee_adjust] => N
    [total_fee] => 96.00
    [gmt_payment] => 2016-10-12 08:08:55
    [seller_email] => 867672678@qq.com
    [price] => 96.00
    [buyer_id] => 2088702663816803
    [notify_id] => 3c048b0d3c04ee201d847e74642577bm6a
    [use_coupon] => N
    [sign_type] => MD5
    [sign] => d69840be2e6d23443489138f9831ea8e
)

2016-10-12 17:34:35订单：付款成功，给了玩家相应的代金券
Array
(
    [discount] => 0.00
    [extra_common_param] => 6
    [payment_type] => 1
    [subject] => 《诛仙yw》6元代金券
    [trade_no] => 2016101221001004800258049849
    [buyer_email] => 174960848@qq.com
    [gmt_create] => 2016-10-12 08:10:44
    [notify_type] => trade_status_sync
    [quantity] => 1
    [out_trade_no] => 147623104083238
    [seller_id] => 2088021266234053
    [notify_time] => 2016-10-12 17:34:35
    [body] => 《诛仙yw》6元代金券
    [trade_status] => TRADE_SUCCESS
    [is_total_fee_adjust] => N
    [total_fee] => 2.90
    [gmt_payment] => 2016-10-12 08:10:48
    [seller_email] => 867672678@qq.com
    [price] => 2.90
    [buyer_id] => 2088702663816803
    [notify_id] => e87cfb313be9163314b353e6f0d9e0bm6a
    [use_coupon] => N
    [sign_type] => MD5
    [sign] => 519ae42845c36bb1066036af5523ee89
)

2016-10-12 17:34:42订单：付款成功，给了玩家相应的代金券
Array
(
    [discount] => 0.00
    [extra_common_param] => 3000
    [payment_type] => 1
    [subject] => 《诛仙yw》3000元代金券
    [trade_no] => 2016101221001004800251938371
    [buyer_email] => 174960848@qq.com
    [gmt_create] => 2016-10-12 08:10:06
    [notify_type] => trade_status_sync
    [quantity] => 1
    [out_trade_no] => 147623100258952
    [seller_id] => 2088021266234053
    [notify_time] => 2016-10-12 17:34:41
    [body] => 《诛仙yw》3000元代金券
    [trade_status] => TRADE_SUCCESS
    [is_total_fee_adjust] => N
    [total_fee] => 1440.00
    [gmt_payment] => 2016-10-12 08:10:11
    [seller_email] => 867672678@qq.com
    [price] => 1440.00
    [buyer_id] => 2088702663816803
    [notify_id] => 6ba02dec960afd1d4acb79f663771d8m6a
    [use_coupon] => N
    [sign_type] => MD5
    [sign] => 00278781a1c32ef6d94114e854f95b53
)

2016-10-12 17:36:29订单：付款成功，给了玩家相应的代金券
Array
(
    [discount] => 0.00
    [extra_common_param] => 877
    [payment_type] => 1
    [subject] => 《诛仙yw》877元代金券
    [trade_no] => 2016101221001004800254291196
    [buyer_email] => 174960848@qq.com
    [gmt_create] => 2016-10-12 17:11:51
    [notify_type] => trade_status_sync
    [quantity] => 1
    [out_trade_no] => 147626350780667
    [seller_id] => 2088021266234053
    [notify_time] => 2016-10-12 17:36:28
    [body] => 《诛仙yw》877元代金券
    [trade_status] => TRADE_SUCCESS
    [is_total_fee_adjust] => N
    [total_fee] => 421.00
    [gmt_payment] => 2016-10-12 17:12:10
    [seller_email] => 867672678@qq.com
    [price] => 421.00
    [buyer_id] => 2088702663816803
    [notify_id] => 8acc5b8601be4dbdf5052a3da239203m6a
    [use_coupon] => N
    [sign_type] => MD5
    [sign] => bcaff3a8ccdc142e942dd9dba42d6289
)

2016-10-12 17:47:39订单：付款成功，给了玩家相应的代金券
Array
(
    [discount] => 0.00
    [extra_common_param] => 295
    [payment_type] => 1
    [subject] => 《诛仙yw》295元代金券
    [trade_no] => 2016101121001004800243416690
    [buyer_email] => 174960848@qq.com
    [gmt_create] => 2016-10-11 17:23:39
    [notify_type] => trade_status_sync
    [quantity] => 1
    [out_trade_no] => 147617781282490
    [seller_id] => 2088021266234053
    [notify_time] => 2016-10-12 17:47:39
    [body] => 《诛仙yw》295元代金券
    [trade_status] => TRADE_SUCCESS
    [is_total_fee_adjust] => N
    [total_fee] => 141.60
    [gmt_payment] => 2016-10-11 17:23:44
    [seller_email] => 867672678@qq.com
    [price] => 141.60
    [buyer_id] => 2088702663816803
    [notify_id] => 80923811e31279a544dc8345e746775m6a
    [use_coupon] => N
    [sign_type] => MD5
    [sign] => 46d1cb7a63d3ea79180a5dd117ef3957
)

2016-10-12 17:55:53订单：付款成功，给了玩家相应的代金券
Array
(
    [discount] => 0.00
    [extra_common_param] => 1724
    [payment_type] => 1
    [subject] => 《诛仙yw》1724元代金券
    [trade_no] => 2016101221001004800258066397
    [buyer_email] => 174960848@qq.com
    [gmt_create] => 2016-10-12 14:31:00
    [notify_type] => trade_status_sync
    [quantity] => 1
    [out_trade_no] => 147625385685693
    [seller_id] => 2088021266234053
    [notify_time] => 2016-10-12 17:55:53
    [body] => 《诛仙yw》1724元代金券
    [trade_status] => TRADE_SUCCESS
    [is_total_fee_adjust] => N
    [total_fee] => 827.50
    [gmt_payment] => 2016-10-12 14:31:06
    [seller_email] => 867672678@qq.com
    [price] => 827.50
    [buyer_id] => 2088702663816803
    [notify_id] => 27c5563b37b2c53ff1c61acd179c53fm6a
    [use_coupon] => N
    [sign_type] => MD5
    [sign] => 15605f280aba7d814bf67051c9cdf6d0
)

2016-10-12 18:10:48订单：付款成功，给了玩家相应的代金券
Array
(
    [discount] => 0.00
    [extra_common_param] => 2000
    [payment_type] => 1
    [subject] => 《诛仙yw》2000元代金券
    [trade_no] => 2016101221001004800254268345
    [buyer_email] => 174960848@qq.com
    [gmt_create] => 2016-10-12 08:45:31
    [notify_type] => trade_status_sync
    [quantity] => 1
    [out_trade_no] => 147623312319575
    [seller_id] => 2088021266234053
    [notify_time] => 2016-10-12 18:10:48
    [body] => 《诛仙yw》2000元代金券
    [trade_status] => TRADE_SUCCESS
    [is_total_fee_adjust] => N
    [total_fee] => 960.00
    [gmt_payment] => 2016-10-12 08:45:36
    [seller_email] => 867672678@qq.com
    [price] => 960.00
    [buyer_id] => 2088702663816803
    [notify_id] => 9104a307df3e6c554e382d9c7b796b3m6a
    [use_coupon] => N
    [sign_type] => MD5
    [sign] => 41dfe71318f6b67d94b6339a99a2418e
)

2016-10-12 18:37:51订单：付款成功，给了玩家相应的代金券
Array
(
    [discount] => 0.00
    [extra_common_param] => 877
    [payment_type] => 1
    [subject] => 《诛仙yw》877元代金券
    [trade_no] => 2016101221001004800254291196
    [buyer_email] => 174960848@qq.com
    [gmt_create] => 2016-10-12 17:11:51
    [notify_type] => trade_status_sync
    [quantity] => 1
    [out_trade_no] => 147626350780667
    [seller_id] => 2088021266234053
    [notify_time] => 2016-10-12 18:37:51
    [body] => 《诛仙yw》877元代金券
    [trade_status] => TRADE_SUCCESS
    [is_total_fee_adjust] => N
    [total_fee] => 421.00
    [gmt_payment] => 2016-10-12 17:12:10
    [seller_email] => 867672678@qq.com
    [price] => 421.00
    [buyer_id] => 2088702663816803
    [notify_id] => 8acc5b8601be4dbdf5052a3da239203m6a
    [use_coupon] => N
    [sign_type] => MD5
    [sign] => f0c172208e7885450968bbb98edea909
)

2016-10-12 18:50:14订单：付款成功，给了玩家相应的代金券
Array
(
    [discount] => 0.00
    [extra_common_param] => 172
    [payment_type] => 1
    [subject] => 《诛仙yw》172元代金券
    [trade_no] => 2016101221001004800255078384
    [buyer_email] => 174960848@qq.com
    [gmt_create] => 2016-10-12 15:26:47
    [notify_type] => trade_status_sync
    [quantity] => 1
    [out_trade_no] => 147625720050917
    [seller_id] => 2088021266234053
    [notify_time] => 2016-10-12 18:50:12
    [body] => 《诛仙yw》172元代金券
    [trade_status] => TRADE_SUCCESS
    [is_total_fee_adjust] => N
    [total_fee] => 82.60
    [gmt_payment] => 2016-10-12 15:26:51
    [seller_email] => 867672678@qq.com
    [price] => 82.60
    [buyer_id] => 2088702663816803
    [notify_id] => 34bac150d85fa98f6a57a9f241715a3m6a
    [use_coupon] => N
    [sign_type] => MD5
    [sign] => efe17ed35e6207fca7332cca77dde6ce
)

2016-10-12 19:04:50订单：付款成功，给了玩家相应的代金券
Array
(
    [discount] => 0.00
    [extra_common_param] => 100
    [payment_type] => 1
    [subject] => 《龙战于野》100元代金券
    [trade_no] => 2016101121001004100237403858
    [buyer_email] => zhengwanyi@hotmail.com
    [gmt_create] => 2016-10-11 18:40:27
    [notify_type] => trade_status_sync
    [quantity] => 1
    [out_trade_no] => 147618241104723
    [seller_id] => 2088021266234053
    [notify_time] => 2016-10-12 19:04:49
    [body] => 《龙战于野》100元代金券
    [trade_status] => TRADE_SUCCESS
    [is_total_fee_adjust] => N
    [total_fee] => 40.00
    [gmt_payment] => 2016-10-11 18:40:30
    [seller_email] => 867672678@qq.com
    [price] => 40.00
    [buyer_id] => 2088002293236104
    [notify_id] => 14e584cf05fce9ba42a95977f547843gru
    [use_coupon] => N
    [sign_type] => MD5
    [sign] => 1ee81d3bd2e1e421c96dd33bba0b8155
)

2016-10-12 19:14:23订单：付款成功，给了玩家相应的代金券
Array
(
    [discount] => 0.00
    [extra_common_param] => 100
    [payment_type] => 1
    [subject] => 《诛仙yw》100元代金券
    [trade_no] => 2016101121001004800243672225
    [buyer_email] => 174960848@qq.com
    [gmt_create] => 2016-10-11 18:50:45
    [notify_type] => trade_status_sync
    [quantity] => 1
    [out_trade_no] => 147618299177387
    [seller_id] => 2088021266234053
    [notify_time] => 2016-10-12 19:14:23
    [body] => 《诛仙yw》100元代金券
    [trade_status] => TRADE_SUCCESS
    [is_total_fee_adjust] => N
    [total_fee] => 48.00
    [gmt_payment] => 2016-10-11 18:50:50
    [seller_email] => 867672678@qq.com
    [price] => 48.00
    [buyer_id] => 2088702663816803
    [notify_id] => 0cb78a33a5ae871f20f45241bcb638fm6a
    [use_coupon] => N
    [sign_type] => MD5
    [sign] => 97ae4e962fe146349471722404b74c03
)

2016-10-12 19:34:25订单：付款成功，给了玩家相应的代金券
Array
(
    [discount] => 0.00
    [extra_common_param] => 1379
    [payment_type] => 1
    [subject] => 《诛仙yw》1379元代金券
    [trade_no] => 2016101221001004800255061999
    [buyer_email] => 174960848@qq.com
    [gmt_create] => 2016-10-12 10:10:24
    [notify_type] => trade_status_sync
    [quantity] => 1
    [out_trade_no] => 147623822066756
    [seller_id] => 2088021266234053
    [notify_time] => 2016-10-12 19:34:25
    [body] => 《诛仙yw》1379元代金券
    [trade_status] => TRADE_SUCCESS
    [is_total_fee_adjust] => N
    [total_fee] => 661.90
    [gmt_payment] => 2016-10-12 10:10:31
    [seller_email] => 867672678@qq.com
    [price] => 661.90
    [buyer_id] => 2088702663816803
    [notify_id] => 721a01db01a1898874d9410f69e0b30m6a
    [use_coupon] => N
    [sign_type] => MD5
    [sign] => 62ba11ba68b3bd9f82a1903b4873198f
)

2016-10-12 19:46:45订单：付款成功，给了玩家相应的代金券
Array
(
    [discount] => 0.00
    [extra_common_param] => 415
    [payment_type] => 1
    [subject] => 《诛仙yw》415元代金券
    [trade_no] => 2016101221001004800253564495
    [buyer_email] => 174960848@qq.com
    [gmt_create] => 2016-10-12 10:22:17
    [notify_type] => trade_status_sync
    [quantity] => 1
    [out_trade_no] => 147623892928879
    [seller_id] => 2088021266234053
    [notify_time] => 2016-10-12 19:46:44
    [body] => 《诛仙yw》415元代金券
    [trade_status] => TRADE_SUCCESS
    [is_total_fee_adjust] => N
    [total_fee] => 199.20
    [gmt_payment] => 2016-10-12 10:22:21
    [seller_email] => 867672678@qq.com
    [price] => 199.20
    [buyer_id] => 2088702663816803
    [notify_id] => ce590bdb561c0466abad41231dc9c7am6a
    [use_coupon] => N
    [sign_type] => MD5
    [sign] => 86de6b13cd2c825f1d79c80d70902d1a
)

2016-10-12 20:04:47订单：付款成功，给了玩家相应的代金券
Array
(
    [discount] => 0.00
    [extra_common_param] => 400
    [payment_type] => 1
    [subject] => 《御剑情缘》400元代金券
    [trade_no] => 2016101221001004910256625137
    [buyer_email] => 13922211245
    [gmt_create] => 2016-10-12 10:40:40
    [notify_type] => trade_status_sync
    [quantity] => 1
    [out_trade_no] => 147624002451985
    [seller_id] => 2088021266234053
    [notify_time] => 2016-10-12 20:04:47
    [body] => 《御剑情缘》400元代金券
    [trade_status] => TRADE_SUCCESS
    [is_total_fee_adjust] => N
    [total_fee] => 200.00
    [gmt_payment] => 2016-10-12 10:40:54
    [seller_email] => 867672678@qq.com
    [price] => 200.00
    [buyer_id] => 2088312643761911
    [notify_id] => dda76cb1657b7d0df7d0d77bd75873an0u
    [use_coupon] => N
    [sign_type] => MD5
    [sign] => b97f02233ff34d193c8a555fb5d0260a
)

2016-10-12 20:21:42订单：付款成功，给了玩家相应的代金券
Array
(
    [discount] => 0.00
    [extra_common_param] => 150
    [payment_type] => 1
    [subject] => 《龙战于野》150元代金券
    [trade_no] => 2016101121001004440205657888
    [buyer_email] => 283266479@qq.com
    [gmt_create] => 2016-10-11 19:55:05
    [notify_type] => trade_status_sync
    [quantity] => 1
    [out_trade_no] => 147618689057386
    [seller_id] => 2088021266234053
    [notify_time] => 2016-10-12 20:21:41
    [body] => 《龙战于野》150元代金券
    [trade_status] => TRADE_SUCCESS
    [is_total_fee_adjust] => N
    [total_fee] => 60.00
    [gmt_payment] => 2016-10-11 19:55:09
    [seller_email] => 867672678@qq.com
    [price] => 60.00
    [buyer_id] => 2088312127602442
    [notify_id] => 1fb83ba6ef8352c971ed6c5671b8ad3jea
    [use_coupon] => N
    [sign_type] => MD5
    [sign] => 6c85ab35b9fe1525290d07ca3fd83760
)

2016-10-12 20:36:38订单：付款成功，给了玩家相应的代金券
Array
(
    [discount] => 0.00
    [extra_common_param] => 877
    [payment_type] => 1
    [subject] => 《诛仙yw》877元代金券
    [trade_no] => 2016101221001004800254291196
    [buyer_email] => 174960848@qq.com
    [gmt_create] => 2016-10-12 17:11:51
    [notify_type] => trade_status_sync
    [quantity] => 1
    [out_trade_no] => 147626350780667
    [seller_id] => 2088021266234053
    [notify_time] => 2016-10-12 20:36:38
    [body] => 《诛仙yw》877元代金券
    [trade_status] => TRADE_SUCCESS
    [is_total_fee_adjust] => N
    [total_fee] => 421.00
    [gmt_payment] => 2016-10-12 17:12:10
    [seller_email] => 867672678@qq.com
    [price] => 421.00
    [buyer_id] => 2088702663816803
    [notify_id] => 8acc5b8601be4dbdf5052a3da239203m6a
    [use_coupon] => N
    [sign_type] => MD5
    [sign] => 00087ad3296b6c0d549b106ee491853d
)

2016-10-12 22:07:10订单：付款成功，给了玩家相应的代金券
Array
(
    [discount] => 0.00
    [extra_common_param] => 3000
    [payment_type] => 1
    [subject] => 《御剑情缘》3000元代金券
    [trade_no] => 2016101121001004910248574970
    [buyer_email] => 13922211245
    [gmt_create] => 2016-10-11 21:41:17
    [notify_type] => trade_status_sync
    [quantity] => 1
    [out_trade_no] => 147619326997346
    [seller_id] => 2088021266234053
    [notify_time] => 2016-10-12 22:07:09
    [body] => 《御剑情缘》3000元代金券
    [trade_status] => TRADE_SUCCESS
    [is_total_fee_adjust] => N
    [total_fee] => 1500.00
    [gmt_payment] => 2016-10-11 21:41:22
    [seller_email] => 867672678@qq.com
    [price] => 1500.00
    [buyer_id] => 2088312643761911
    [notify_id] => 6f4e84284cef02217228a4234b54d15n0u
    [use_coupon] => N
    [sign_type] => MD5
    [sign] => bec8f925215846669947a85e9d3f0b55
)

2016-10-12 23:56:10订单：付款成功，给了玩家相应的代金券
Array
(
    [discount] => 0.00
    [extra_common_param] => 1724
    [payment_type] => 1
    [subject] => 《诛仙yw》1724元代金券
    [trade_no] => 2016101221001004800258066397
    [buyer_email] => 174960848@qq.com
    [gmt_create] => 2016-10-12 14:31:00
    [notify_type] => trade_status_sync
    [quantity] => 1
    [out_trade_no] => 147625385685693
    [seller_id] => 2088021266234053
    [notify_time] => 2016-10-12 23:56:10
    [body] => 《诛仙yw》1724元代金券
    [trade_status] => TRADE_SUCCESS
    [is_total_fee_adjust] => N
    [total_fee] => 827.50
    [gmt_payment] => 2016-10-12 14:31:06
    [seller_email] => 867672678@qq.com
    [price] => 827.50
    [buyer_id] => 2088702663816803
    [notify_id] => 27c5563b37b2c53ff1c61acd179c53fm6a
    [use_coupon] => N
    [sign_type] => MD5
    [sign] => 0c885cbc66a2582382c39fbbf86a2656
)

