2016-08-10 01:57:45è®¢å•ï¼šä»˜æ¬¾æˆåŠŸï¼Œç»™äº†çŽ©å®¶ç›¸åº”çš„ä»£é‡‘åˆ¸
Array
(
    [body] => ã€Šå…¨æ°‘æ–—æˆ˜ç¥žã€‹2000å…ƒä»£é‡‘åˆ¸
    [buyer_email] => 174960848@qq.com
    [buyer_id] => 2088702663816803
    [exterface] => create_direct_pay_by_user
    [extra_common_param] => 1457,2000,d230642599
    [is_success] => T
    [notify_id] => RqPnCoPT3K9%2Fvwbh3InWfjFVsUj%2FgoMHxL0H%2BqrKVIlQzpUhmJvzfgwaFrwK1qXWsPJ4
    [notify_time] => 2016-08-10 01:57:41
    [notify_type] => trade_status_sync
    [out_trade_no] => 147076535360561
    [payment_type] => 1
    [seller_email] => 867672678@qq.com
    [seller_id] => 2088021266234053
    [subject] => ã€Šå…¨æ°‘æ–—æˆ˜ç¥žã€‹2000å…ƒä»£é‡‘åˆ¸
    [total_fee] => 960.00
    [trade_no] => 2016081021001004800285240216
    [trade_status] => TRADE_SUCCESS
    [sign] => 33102fe61165c64817a02a2c833ab839
    [sign_type] => MD5
)

2016-08-10 02:00:55æ”¯ä»˜å®éªŒè¯å¤±è´¥
Array
(
    [body] => ã€Šå…¨æ°‘æ–—æˆ˜ç¥žã€‹2000å…ƒä»£é‡‘åˆ¸
    [buyer_email] => 174960848@qq.com
    [buyer_id] => 2088702663816803
    [exterface] => create_direct_pay_by_user
    [extra_common_param] => 1457,2000,d230642599
    [is_success] => T
    [notify_id] => RqPnCoPT3K9%2Fvwbh3InWfjFVsUj%2FgoMHxL0H%2BqrKVIlQzpUhmJvzfgwaFrwK1qXWsPJ4
    [notify_time] => 2016-08-10 01:57:41
    [notify_type] => trade_status_sync
    [out_trade_no] => 147076535360561
    [payment_type] => 1
    [seller_email] => 867672678@qq.com
    [seller_id] => 2088021266234053
    [subject] => ã€Šå…¨æ°‘æ–—æˆ˜ç¥žã€‹2000å…ƒä»£é‡‘åˆ¸
    [total_fee] => 960.00
    [trade_no] => 2016081021001004800285240216
    [trade_status] => TRADE_SUCCESS
    [sign] => 33102fe61165c64817a02a2c833ab839
    [sign_type] => MD5
)

2016-08-10 11:30:51è®¢å•ï¼šä»˜æ¬¾æˆåŠŸï¼Œç»™äº†çŽ©å®¶ç›¸åº”çš„ä»£é‡‘åˆ¸
Array
(
    [body] => ã€Šè¯›ä»™ywã€‹6å…ƒä»£é‡‘åˆ¸
    [buyer_email] => 283266479@qq.com
    [buyer_id] => 2088312127602442
    [exterface] => create_direct_pay_by_user
    [extra_common_param] => 1513,6,sujchc
    [is_success] => T
    [notify_id] => RqPnCoPT3K9%2Fvwbh3InWfjFaRfGaimVesOAoBsspAGKN9ZxWBMNi3lRLP%2FD%2BLnkDZlLI
    [notify_time] => 2016-08-10 11:30:47
    [notify_type] => trade_status_sync
    [out_trade_no] => 147079982234915
    [payment_type] => 1
    [seller_email] => 867672678@qq.com
    [seller_id] => 2088021266234053
    [subject] => ã€Šè¯›ä»™ywã€‹6å…ƒä»£é‡‘åˆ¸
    [total_fee] => 6.00
    [trade_no] => 2016081021001004440273566076
    [trade_status] => TRADE_SUCCESS
    [sign] => cc1676e064c1fb8a28a5630f3c4f3f93
    [sign_type] => MD5
)

2016-08-10 11:33:58æ”¯ä»˜å®éªŒè¯å¤±è´¥
Array
(
    [body] => ã€Šè¯›ä»™ywã€‹6å…ƒä»£é‡‘åˆ¸
    [buyer_email] => 283266479@qq.com
    [buyer_id] => 2088312127602442
    [exterface] => create_direct_pay_by_user
    [extra_common_param] => 1513,6,sujchc
    [is_success] => T
    [notify_id] => RqPnCoPT3K9/vwbh3InWfjFaRfGaimVesOAoBsspAGKN9ZxWBMNi3lRLP/D+LnkDZlLI
    [notify_time] => 2016-08-10 11:30:47
    [notify_type] => trade_status_sync
    [out_trade_no] => 147079982234915
    [payment_type] => 1
    [seller_email] => 867672678@qq.com
    [seller_id] => 2088021266234053
    [subject] => ã€Šè¯›ä»™ywã€‹6å…ƒä»£é‡‘åˆ¸
    [total_fee] => 6.00
    [trade_no] => 2016081021001004440273566076
    [trade_status] => TRADE_SUCCESS
    [sign] => cc1676e064c1fb8a28a5630f3c4f3f93
    [sign_type] => MD5
)

2016-08-10 12:54:35è®¢å•ï¼šä»˜æ¬¾æˆåŠŸï¼Œç»™äº†çŽ©å®¶ç›¸åº”çš„ä»£é‡‘åˆ¸
Array
(
    [body] => ã€Šé¾™æˆ˜äºŽé‡Žã€‹1980å…ƒä»£é‡‘åˆ¸
    [buyer_email] => 283266479@qq.com
    [buyer_id] => 2088312127602442
    [exterface] => create_direct_pay_by_user
    [extra_common_param] => 871,1980,d651970094
    [is_success] => T
    [notify_id] => RqPnCoPT3K9%2Fvwbh3InWfj4ka3e3%2FKQCnyWT67YOMqui%2BBdoswywiwxToubLnp4R4Jo9
    [notify_time] => 2016-08-10 12:54:31
    [notify_type] => trade_status_sync
    [out_trade_no] => 147080484715437
    [payment_type] => 1
    [seller_email] => 867672678@qq.com
    [seller_id] => 2088021266234053
    [subject] => ã€Šé¾™æˆ˜äºŽé‡Žã€‹1980å…ƒä»£é‡‘åˆ¸
    [total_fee] => 792.00
    [trade_no] => 2016081021001004440274326328
    [trade_status] => TRADE_SUCCESS
    [sign] => bf36ffe8a7b017b1868e434fa1dabadd
    [sign_type] => MD5
)

2016-08-10 12:57:42æ”¯ä»˜å®éªŒè¯å¤±è´¥
Array
(
    [body] => ã€Šé¾™æˆ˜äºŽé‡Žã€‹1980å…ƒä»£é‡‘åˆ¸
    [buyer_email] => 283266479@qq.com
    [buyer_id] => 2088312127602442
    [exterface] => create_direct_pay_by_user
    [extra_common_param] => 871,1980,d651970094
    [is_success] => T
    [notify_id] => RqPnCoPT3K9/vwbh3InWfj4ka3e3/KQCnyWT67YOMqui+BdoswywiwxToubLnp4R4Jo9
    [notify_time] => 2016-08-10 12:54:31
    [notify_type] => trade_status_sync
    [out_trade_no] => 147080484715437
    [payment_type] => 1
    [seller_email] => 867672678@qq.com
    [seller_id] => 2088021266234053
    [subject] => ã€Šé¾™æˆ˜äºŽé‡Žã€‹1980å…ƒä»£é‡‘åˆ¸
    [total_fee] => 792.00
    [trade_no] => 2016081021001004440274326328
    [trade_status] => TRADE_SUCCESS
    [sign] => bf36ffe8a7b017b1868e434fa1dabadd
    [sign_type] => MD5
)

2016-08-10 14:33:40è®¢å•ï¼šä»˜æ¬¾æˆåŠŸï¼Œç»™äº†çŽ©å®¶ç›¸åº”çš„ä»£é‡‘åˆ¸
Array
(
    [body] => ã€Šå¾¡å‰‘æƒ…ç¼˜ã€‹2000å…ƒä»£é‡‘åˆ¸
    [buyer_email] => 13922211245
    [buyer_id] => 2088312643761911
    [exterface] => create_direct_pay_by_user
    [extra_common_param] => 1101,2000,d559188080
    [is_success] => T
    [notify_id] => RqPnCoPT3K9%2Fvwbh3InWfj4lBVuJKLEYusYIjAVuSoo6ahvKK6SFahjgjSUHV%2FbTOyYq
    [notify_time] => 2016-08-10 14:33:37
    [notify_type] => trade_status_sync
    [out_trade_no] => 147081079718623
    [payment_type] => 1
    [seller_email] => 867672678@qq.com
    [seller_id] => 2088021266234053
    [subject] => ã€Šå¾¡å‰‘æƒ…ç¼˜ã€‹2000å…ƒä»£é‡‘åˆ¸
    [total_fee] => 1000.00
    [trade_no] => 2016081021001004910200646956
    [trade_status] => TRADE_SUCCESS
    [sign] => f7e05b7ae5f1c07916d6b6f6f4edbe20
    [sign_type] => MD5
)

2016-08-10 18:19:49è®¢å•ï¼šä»˜æ¬¾æˆåŠŸï¼Œç»™äº†çŽ©å®¶ç›¸åº”çš„ä»£é‡‘åˆ¸
Array
(
    [body] => ã€Šé¾™æˆ˜äºŽé‡Žã€‹1000å…ƒä»£é‡‘åˆ¸
    [buyer_email] => 283266479@qq.com
    [buyer_id] => 2088312127602442
    [exterface] => create_direct_pay_by_user
    [extra_common_param] => 871,1000,NOHU1130
    [is_success] => T
    [notify_id] => RqPnCoPT3K9%2Fvwbh3InWfj4mXhw3v%2Brp%2Bq2mx4ZEi9UylNVXwu2EzxqKjRhJl6ER8sps
    [notify_time] => 2016-08-10 18:19:45
    [notify_type] => trade_status_sync
    [out_trade_no] => 147082436441341
    [payment_type] => 1
    [seller_email] => 867672678@qq.com
    [seller_id] => 2088021266234053
    [subject] => ã€Šé¾™æˆ˜äºŽé‡Žã€‹1000å…ƒä»£é‡‘åˆ¸
    [total_fee] => 400.00
    [trade_no] => 2016081021001004440269979966
    [trade_status] => TRADE_SUCCESS
    [sign] => d08960219c0adc6d2b765b54d1b72dd1
    [sign_type] => MD5
)

2016-08-10 18:22:53æ”¯ä»˜å®éªŒè¯å¤±è´¥
Array
(
    [body] => ã€Šé¾™æˆ˜äºŽé‡Žã€‹1000å…ƒä»£é‡‘åˆ¸
    [buyer_email] => 283266479@qq.com
    [buyer_id] => 2088312127602442
    [exterface] => create_direct_pay_by_user
    [extra_common_param] => 871,1000,NOHU1130
    [is_success] => T
    [notify_id] => RqPnCoPT3K9/vwbh3InWfj4mXhw3v+rp+q2mx4ZEi9UylNVXwu2EzxqKjRhJl6ER8sps
    [notify_time] => 2016-08-10 18:19:45
    [notify_type] => trade_status_sync
    [out_trade_no] => 147082436441341
    [payment_type] => 1
    [seller_email] => 867672678@qq.com
    [seller_id] => 2088021266234053
    [subject] => ã€Šé¾™æˆ˜äºŽé‡Žã€‹1000å…ƒä»£é‡‘åˆ¸
    [total_fee] => 400.00
    [trade_no] => 2016081021001004440269979966
    [trade_status] => TRADE_SUCCESS
    [sign] => d08960219c0adc6d2b765b54d1b72dd1
    [sign_type] => MD5
)

2016-08-10 18:50:25è®¢å•ï¼šä»˜æ¬¾æˆåŠŸï¼Œç»™äº†çŽ©å®¶ç›¸åº”çš„ä»£é‡‘åˆ¸
Array
(
    [body] => ã€Šå…¨æ°‘æ–—æˆ˜ç¥žã€‹105å…ƒä»£é‡‘åˆ¸
    [buyer_email] => 243037040@qq.com
    [buyer_id] => 2088202937943920
    [exterface] => create_direct_pay_by_user
    [extra_common_param] => 1459,105,d313728353
    [is_success] => T
    [notify_id] => RqPnCoPT3K9%2Fvwbh3InWfj4mXDNEL3QTGyPdT5WHPf6JCLj%2FQsShy80UGvg0CQYtwXi4
    [notify_time] => 2016-08-10 18:50:22
    [notify_type] => trade_status_sync
    [out_trade_no] => 147082619684778
    [payment_type] => 1
    [seller_email] => 867672678@qq.com
    [seller_id] => 2088021266234053
    [subject] => ã€Šå…¨æ°‘æ–—æˆ˜ç¥žã€‹105å…ƒä»£é‡‘åˆ¸
    [total_fee] => 52.50
    [trade_no] => 2016081021001004920219937160
    [trade_status] => TRADE_SUCCESS
    [sign] => bacdce72eef7ecd60640cf55ac030eb4
    [sign_type] => MD5
)

2016-08-10 19:24:22è®¢å•ï¼šä»˜æ¬¾æˆåŠŸï¼Œç»™äº†çŽ©å®¶ç›¸åº”çš„ä»£é‡‘åˆ¸
Array
(
    [body] => ã€Šå…¨æ°‘æ–—æˆ˜ç¥žã€‹525å…ƒä»£é‡‘åˆ¸
    [buyer_email] => 243037040@qq.com
    [buyer_id] => 2088202937943920
    [exterface] => create_direct_pay_by_user
    [extra_common_param] => 1459,525,d298456353
    [is_success] => T
    [notify_id] => RqPnCoPT3K9%2Fvwbh3InWfj4mUm3UUWV%2FbDVDIuvj3SFjCRF2ytVYXf%2FI9OgFl7k0EFom
    [notify_time] => 2016-08-10 19:24:19
    [notify_type] => trade_status_sync
    [out_trade_no] => 147082823746347
    [payment_type] => 1
    [seller_email] => 867672678@qq.com
    [seller_id] => 2088021266234053
    [subject] => ã€Šå…¨æ°‘æ–—æˆ˜ç¥žã€‹525å…ƒä»£é‡‘åˆ¸
    [total_fee] => 262.50
    [trade_no] => 2016081021001004920208075914
    [trade_status] => TRADE_SUCCESS
    [sign] => 0c8b09c44ca2b87a855a4365439cea02
    [sign_type] => MD5
)

2016-08-10 20:24:46è®¢å•ï¼šä»˜æ¬¾æˆåŠŸï¼Œç»™äº†çŽ©å®¶ç›¸åº”çš„ä»£é‡‘åˆ¸
Array
(
    [body] => ã€Šå…¨æ°‘æ–—æˆ˜ç¥žã€‹10å…ƒä»£é‡‘åˆ¸
    [buyer_email] => 243037040@qq.com
    [buyer_id] => 2088202937943920
    [exterface] => create_direct_pay_by_user
    [extra_common_param] => 1459,10,287509153
    [is_success] => T
    [notify_id] => RqPnCoPT3K9%2Fvwbh3InWfj4nPOnkPmyPAsVPwfaQS%2Br3JhprbxlouTtoD1PdDAn0HL6q
    [notify_time] => 2016-08-10 20:24:43
    [notify_type] => trade_status_sync
    [out_trade_no] => 147083185239410
    [payment_type] => 1
    [seller_email] => 867672678@qq.com
    [seller_id] => 2088021266234053
    [subject] => ã€Šå…¨æ°‘æ–—æˆ˜ç¥žã€‹10å…ƒä»£é‡‘åˆ¸
    [total_fee] => 5.00
    [trade_no] => 2016081021001004920209442808
    [trade_status] => TRADE_SUCCESS
    [sign] => d4b8226f4df67e7263aeba988c090291
    [sign_type] => MD5
)

2016-08-10 20:47:29è®¢å•ï¼šä»˜æ¬¾æˆåŠŸï¼Œç»™äº†çŽ©å®¶ç›¸åº”çš„ä»£é‡‘åˆ¸
Array
(
    [body] => ã€Šå¾¡å‰‘æƒ…ç¼˜ã€‹1000å…ƒä»£é‡‘åˆ¸
    [buyer_email] => 13922211245
    [buyer_id] => 2088312643761911
    [exterface] => create_direct_pay_by_user
    [extra_common_param] => 1101,1000,zz85321
    [is_success] => T
    [notify_id] => RqPnCoPT3K9%2Fvwbh3InWfj4nPq0tqXYGWHYhR62nqkCj%2BiAivlqaRgXnJPTM8UAulgO1
    [notify_time] => 2016-08-10 20:47:25
    [notify_type] => trade_status_sync
    [out_trade_no] => 147083320493030
    [payment_type] => 1
    [seller_email] => 867672678@qq.com
    [seller_id] => 2088021266234053
    [subject] => ã€Šå¾¡å‰‘æƒ…ç¼˜ã€‹1000å…ƒä»£é‡‘åˆ¸
    [total_fee] => 500.00
    [trade_no] => 2016081021001004910200439574
    [trade_status] => TRADE_SUCCESS
    [sign] => 54e895bd4d00e100efa8068868856539
    [sign_type] => MD5
)

2016-08-10 21:29:50è®¢å•ï¼šä»˜æ¬¾æˆåŠŸï¼Œç»™äº†çŽ©å®¶ç›¸åº”çš„ä»£é‡‘åˆ¸
Array
(
    [body] => ã€Šå…¨æ°‘æ–—æˆ˜ç¥žã€‹55å…ƒä»£é‡‘åˆ¸
    [buyer_email] => 243037040@qq.com
    [buyer_id] => 2088202937943920
    [exterface] => create_direct_pay_by_user
    [extra_common_param] => 1459,55,d313728353
    [is_success] => T
    [notify_id] => RqPnCoPT3K9%2Fvwbh3InWfj4nOA7qxc0sj0iTet3zGdeKWiSkj5m4WEs5WJ4n3rWYLsn%2F
    [notify_time] => 2016-08-10 21:29:47
    [notify_type] => trade_status_sync
    [out_trade_no] => 147083576489109
    [payment_type] => 1
    [seller_email] => 867672678@qq.com
    [seller_id] => 2088021266234053
    [subject] => ã€Šå…¨æ°‘æ–—æˆ˜ç¥žã€‹55å…ƒä»£é‡‘åˆ¸
    [total_fee] => 27.50
    [trade_no] => 2016081021001004920207653760
    [trade_status] => TRADE_SUCCESS
    [sign] => 7295a3084f61bce70f5d8599eb37cbe5
    [sign_type] => MD5
)

2016-08-10 22:04:03è®¢å•ï¼šä»˜æ¬¾æˆåŠŸï¼Œç»™äº†çŽ©å®¶ç›¸åº”çš„ä»£é‡‘åˆ¸
Array
(
    [body] => ã€Šé¾™æˆ˜äºŽé‡Žã€‹60å…ƒä»£é‡‘åˆ¸
    [buyer_email] => zhengwanyi@hotmail.com
    [buyer_id] => 2088002293236104
    [exterface] => create_direct_pay_by_user
    [extra_common_param] => 850,60,ouyng05
    [is_success] => T
    [notify_id] => RqPnCoPT3K9%2Fvwbh3InWfj4nOiE0kzNBcuuBnlHnf2fBAliLATCStxV%2FzpKEvc%2FGAls8
    [notify_time] => 2016-08-10 22:03:59
    [notify_type] => trade_status_sync
    [out_trade_no] => 147083779353887
    [payment_type] => 1
    [seller_email] => 867672678@qq.com
    [seller_id] => 2088021266234053
    [subject] => ã€Šé¾™æˆ˜äºŽé‡Žã€‹60å…ƒä»£é‡‘åˆ¸
    [total_fee] => 24.00
    [trade_no] => 2016081021001004100294823924
    [trade_status] => TRADE_SUCCESS
    [sign] => 65177c21bbcc2965e48d248f8a063f41
    [sign_type] => MD5
)

2016-08-10 22:07:03æ”¯ä»˜å®éªŒè¯å¤±è´¥
Array
(
    [body] => ???¨¦??????o?¨¦?????60?????¡ê¨¦?????
    [buyer_email] => zhengwanyi@hotmail.com
    [buyer_id] => 2088002293236104
    [exterface] => create_direct_pay_by_user
    [extra_common_param] => 850,60,ouyng05
    [is_success] => T
    [notify_id] => RqPnCoPT3K9/vwbh3InWfj4nOiE0kzNBcuuBnlHnf2fBAliLATCStxV/zpKEvc/GAls8
    [notify_time] => 2016-08-10 22:03:59
    [notify_type] => trade_status_sync
    [out_trade_no] => 147083779353887
    [payment_type] => 1
    [seller_email] => 867672678@qq.com
    [seller_id] => 2088021266234053
    [subject] => ???¨¦??????o?¨¦?????60?????¡ê¨¦?????
    [total_fee] => 24.00
    [trade_no] => 2016081021001004100294823924
    [trade_status] => TRADE_SUCCESS
    [sign] => 65177c21bbcc2965e48d248f8a063f41
    [sign_type] => MD5
)

