2016-08-18 18:40:07订单：付款成功，给了玩家相应的代金券
Array
(
    [body] => 《龙战于野》1822元代金券
    [buyer_email] => zhengwanyi@hotmail.com
    [buyer_id] => 2088002293236104
    [exterface] => create_direct_pay_by_user
    [extra_common_param] => 850,1822,17773477629
    [is_success] => T
    [notify_id] => RqPnCoPT3K9%2Fvwbh3InWf0jJ%2BDva2iFxNfBKXHszNOlOuHVu4WGyVOw0JtDuo7fAEb1Y
    [notify_time] => 2016-08-18 18:40:04
    [notify_type] => trade_status_sync
    [out_trade_no] => 147151677104804
    [payment_type] => 1
    [seller_email] => 867672678@qq.com
    [seller_id] => 2088021266234053
    [subject] => 《龙战于野》1822元代金券
    [total_fee] => 728.80
    [trade_no] => 2016081821001004100240303117
    [trade_status] => TRADE_SUCCESS
    [sign] => b3c2991eae23f46bdd904e78e826793d
    [sign_type] => MD5
)

2016-08-18 22:17:30订单：付款成功，给了玩家相应的代金券
Array
(
    [body] => 《全民斗战神》100元代金券
    [buyer_email] => 174960848@qq.com
    [buyer_id] => 2088702663816803
    [exterface] => create_direct_pay_by_user
    [extra_common_param] => 1457,100,beinuetufu
    [is_success] => T
    [notify_id] => RqPnCoPT3K9%2Fvwbh3InWf0jKjh4Q51wPM9tT0xZTqfrRkn8kFpkCsrc0b3sK0lpM8Wlj
    [notify_time] => 2016-08-18 22:17:27
    [notify_type] => trade_status_sync
    [out_trade_no] => 147152981035165
    [payment_type] => 1
    [seller_email] => 867672678@qq.com
    [seller_id] => 2088021266234053
    [subject] => 《全民斗战神》100元代金券
    [total_fee] => 48.00
    [trade_no] => 2016081821001004800237928064
    [trade_status] => TRADE_SUCCESS
    [sign] => a801b8bfae2cc3885e3d9cd5dd39d608
    [sign_type] => MD5
)

2016-08-18 22:20:38支付宝验证失败
Array
(
    [body] => 《全民斗战神》100元代金券
    [buyer_email] => 174960848@qq.com
    [buyer_id] => 2088702663816803
    [exterface] => create_direct_pay_by_user
    [extra_common_param] => 1457,100,beinuetufu
    [is_success] => T
    [notify_id] => RqPnCoPT3K9%2Fvwbh3InWf0jKjh4Q51wPM9tT0xZTqfrRkn8kFpkCsrc0b3sK0lpM8Wlj
    [notify_time] => 2016-08-18 22:17:27
    [notify_type] => trade_status_sync
    [out_trade_no] => 147152981035165
    [payment_type] => 1
    [seller_email] => 867672678@qq.com
    [seller_id] => 2088021266234053
    [subject] => 《全民斗战神》100元代金券
    [total_fee] => 48.00
    [trade_no] => 2016081821001004800237928064
    [trade_status] => TRADE_SUCCESS
    [sign] => a801b8bfae2cc3885e3d9cd5dd39d608
    [sign_type] => MD5
)

