2016-09-14 00:09:40订单：付款成功，给了玩家相应的代金券
Array
(
    [discount] => 0.00
    [extra_common_param] => 345
    [payment_type] => 1
    [subject] => 《诛仙yw》345元代金券
    [trade_no] => 2016091221001004800249835188
    [buyer_email] => 174960848@qq.com
    [gmt_create] => 2016-09-12 23:42:02
    [notify_type] => trade_status_sync
    [quantity] => 1
    [out_trade_no] => 147369491382783
    [seller_id] => 2088021266234053
    [notify_time] => 2016-09-14 00:09:40
    [body] => 《诛仙yw》345元代金券
    [trade_status] => TRADE_SUCCESS
    [is_total_fee_adjust] => N
    [total_fee] => 165.60
    [gmt_payment] => 2016-09-12 23:42:06
    [seller_email] => 867672678@qq.com
    [price] => 165.60
    [buyer_id] => 2088702663816803
    [notify_id] => 99e5516b70018c6af159b9439d1ae96m6a
    [use_coupon] => N
    [sign_type] => MD5
    [sign] => 871e01b665b05181cec9fa1f4b1d504b
)

2016-09-14 00:27:08订单：付款成功，给了玩家相应的代金券
Array
(
    [discount] => 0.00
    [extra_common_param] => 690
    [payment_type] => 1
    [subject] => 《诛仙yw》690元代金券
    [trade_no] => 2016091321001004800248664994
    [buyer_email] => 174960848@qq.com
    [gmt_create] => 2016-09-13 00:00:33
    [notify_type] => trade_status_sync
    [quantity] => 1
    [out_trade_no] => 147369602375009
    [seller_id] => 2088021266234053
    [notify_time] => 2016-09-14 00:27:07
    [body] => 《诛仙yw》690元代金券
    [trade_status] => TRADE_SUCCESS
    [is_total_fee_adjust] => N
    [total_fee] => 331.20
    [gmt_payment] => 2016-09-13 00:00:37
    [seller_email] => 867672678@qq.com
    [price] => 331.20
    [buyer_id] => 2088702663816803
    [notify_id] => ecfcbfddfff7a9cd75bcb0dc29b92dcm6a
    [use_coupon] => N
    [sign_type] => MD5
    [sign] => 607b34d15b56360f55bc63ce27ccc53c
)

2016-09-14 01:03:31订单：付款成功，给了玩家相应的代金券
Array
(
    [discount] => 0.00
    [extra_common_param] => 2000
    [payment_type] => 1
    [subject] => 《诛仙yw》2000元代金券
    [trade_no] => 2016091321001004800254373593
    [buyer_email] => 174960848@qq.com
    [gmt_create] => 2016-09-13 15:39:32
    [notify_type] => trade_status_sync
    [quantity] => 1
    [out_trade_no] => 147375236336377
    [seller_id] => 2088021266234053
    [notify_time] => 2016-09-14 01:03:31
    [body] => 《诛仙yw》2000元代金券
    [trade_status] => TRADE_SUCCESS
    [is_total_fee_adjust] => N
    [total_fee] => 960.00
    [gmt_payment] => 2016-09-13 15:39:35
    [seller_email] => 867672678@qq.com
    [price] => 960.00
    [buyer_id] => 2088702663816803
    [notify_id] => 9e7fa38f007bf9ba52e3914dc83aa12m6a
    [use_coupon] => N
    [sign_type] => MD5
    [sign] => 707213268aaf6e3fa0e4c258ff58f432
)

2016-09-14 01:04:22订单：付款成功，给了玩家相应的代金券
Array
(
    [discount] => 0.00
    [extra_common_param] => 500
    [payment_type] => 1
    [subject] => 《诛仙yw》500元代金券
    [trade_no] => 2016091321001004800253464287
    [buyer_email] => 174960848@qq.com
    [gmt_create] => 2016-09-13 00:40:46
    [notify_type] => trade_status_sync
    [quantity] => 1
    [out_trade_no] => 147369844204611
    [seller_id] => 2088021266234053
    [notify_time] => 2016-09-14 01:04:22
    [body] => 《诛仙yw》500元代金券
    [trade_status] => TRADE_SUCCESS
    [is_total_fee_adjust] => N
    [total_fee] => 240.00
    [gmt_payment] => 2016-09-13 00:40:49
    [seller_email] => 867672678@qq.com
    [price] => 240.00
    [buyer_id] => 2088702663816803
    [notify_id] => cdb773648e765526f76ed49e9633972m6a
    [use_coupon] => N
    [sign_type] => MD5
    [sign] => b9f329cc21409aa3e40d199cbd7afbff
)

2016-09-14 01:29:39订单：付款成功，给了玩家相应的代金券
Array
(
    [discount] => 0.00
    [extra_common_param] => 2000
    [payment_type] => 1
    [subject] => 《诛仙yw》2000元代金券
    [trade_no] => 2016091321001004800255186880
    [buyer_email] => 174960848@qq.com
    [gmt_create] => 2016-09-13 16:05:05
    [notify_type] => trade_status_sync
    [quantity] => 1
    [out_trade_no] => 147375389544031
    [seller_id] => 2088021266234053
    [notify_time] => 2016-09-14 01:29:37
    [body] => 《诛仙yw》2000元代金券
    [trade_status] => TRADE_SUCCESS
    [is_total_fee_adjust] => N
    [total_fee] => 960.00
    [gmt_payment] => 2016-09-13 16:05:08
    [seller_email] => 867672678@qq.com
    [price] => 960.00
    [buyer_id] => 2088702663816803
    [notify_id] => 5cc5955e91ff908dbc40a1f734c3b90m6a
    [use_coupon] => N
    [sign_type] => MD5
    [sign] => 1cf86999591435172b87388280ee4998
)

2016-09-14 01:34:43订单：付款成功，给了玩家相应的代金券
Array
(
    [discount] => 0.00
    [extra_common_param] => 1400
    [payment_type] => 1
    [subject] => 《诛仙yw》1400元代金券
    [trade_no] => 2016091321001004800270558065
    [buyer_email] => 174960848@qq.com
    [gmt_create] => 2016-09-13 22:09:57
    [notify_type] => trade_status_sync
    [quantity] => 1
    [out_trade_no] => 147377579226766
    [seller_id] => 2088021266234053
    [notify_time] => 2016-09-14 01:34:42
    [body] => 《诛仙yw》1400元代金券
    [trade_status] => TRADE_SUCCESS
    [is_total_fee_adjust] => N
    [total_fee] => 672.00
    [gmt_payment] => 2016-09-13 22:10:01
    [seller_email] => 867672678@qq.com
    [price] => 672.00
    [buyer_id] => 2088702663816803
    [notify_id] => a733ea0fc2cbca74f68f5750236336am6a
    [use_coupon] => N
    [sign_type] => MD5
    [sign] => 1618cbae3f157e5b3281401a12b47d19
)

2016-09-14 02:55:11订单：付款成功，给了玩家相应的代金券
Array
(
    [discount] => 0.00
    [extra_common_param] => 1000
    [payment_type] => 1
    [subject] => 《诛仙yw》1000元代金券
    [trade_no] => 2016091321001004800254861270
    [buyer_email] => 174960848@qq.com
    [gmt_create] => 2016-09-13 17:31:50
    [notify_type] => trade_status_sync
    [quantity] => 1
    [out_trade_no] => 147375909676896
    [seller_id] => 2088021266234053
    [notify_time] => 2016-09-14 02:55:11
    [body] => 《诛仙yw》1000元代金券
    [trade_status] => TRADE_SUCCESS
    [is_total_fee_adjust] => N
    [total_fee] => 480.00
    [gmt_payment] => 2016-09-13 17:31:53
    [seller_email] => 867672678@qq.com
    [price] => 480.00
    [buyer_id] => 2088702663816803
    [notify_id] => d6b824cf9812b53e0320054d34d97e4m6a
    [use_coupon] => N
    [sign_type] => MD5
    [sign] => b6f26d14fa46c152fdce8950dfd7a3c2
)

2016-09-14 03:42:21订单：付款成功，给了玩家相应的代金券
Array
(
    [discount] => 0.00
    [extra_common_param] => 500
    [payment_type] => 1
    [subject] => 《诛仙yw》500元代金券
    [trade_no] => 2016091321001004800253347787
    [buyer_email] => 174960848@qq.com
    [gmt_create] => 2016-09-13 18:16:45
    [notify_type] => trade_status_sync
    [quantity] => 1
    [out_trade_no] => 147376179858940
    [seller_id] => 2088021266234053
    [notify_time] => 2016-09-14 03:42:20
    [body] => 《诛仙yw》500元代金券
    [trade_status] => TRADE_SUCCESS
    [is_total_fee_adjust] => N
    [total_fee] => 240.00
    [gmt_payment] => 2016-09-13 18:16:48
    [seller_email] => 867672678@qq.com
    [price] => 240.00
    [buyer_id] => 2088702663816803
    [notify_id] => a82b406967646a731a928f083467322m6a
    [use_coupon] => N
    [sign_type] => MD5
    [sign] => b6ba36d1b9a00c1094234e492fd240b4
)

2016-09-14 05:16:11订单：付款成功，给了玩家相应的代金券
Array
(
    [discount] => 0.00
    [extra_common_param] => 1000
    [payment_type] => 1
    [subject] => 《诛仙yw》1000元代金券
    [trade_no] => 2016091321001004800270554725
    [buyer_email] => 174960848@qq.com
    [gmt_create] => 2016-09-13 19:52:44
    [notify_type] => trade_status_sync
    [quantity] => 1
    [out_trade_no] => 147376754009823
    [seller_id] => 2088021266234053
    [notify_time] => 2016-09-14 05:16:10
    [body] => 《诛仙yw》1000元代金券
    [trade_status] => TRADE_SUCCESS
    [is_total_fee_adjust] => N
    [total_fee] => 480.00
    [gmt_payment] => 2016-09-13 19:52:47
    [seller_email] => 867672678@qq.com
    [price] => 480.00
    [buyer_id] => 2088702663816803
    [notify_id] => 8e0dd37dfc7d6ccf453e6c2e58107e0m6a
    [use_coupon] => N
    [sign_type] => MD5
    [sign] => 640fdb920069b6c26dcdb76ab7fe6302
)

2016-09-14 07:36:19订单：付款成功，给了玩家相应的代金券
Array
(
    [discount] => 0.00
    [extra_common_param] => 1400
    [payment_type] => 1
    [subject] => 《诛仙yw》1400元代金券
    [trade_no] => 2016091321001004800270558065
    [buyer_email] => 174960848@qq.com
    [gmt_create] => 2016-09-13 22:09:57
    [notify_type] => trade_status_sync
    [quantity] => 1
    [out_trade_no] => 147377579226766
    [seller_id] => 2088021266234053
    [notify_time] => 2016-09-14 07:36:17
    [body] => 《诛仙yw》1400元代金券
    [trade_status] => TRADE_SUCCESS
    [is_total_fee_adjust] => N
    [total_fee] => 672.00
    [gmt_payment] => 2016-09-13 22:10:01
    [seller_email] => 867672678@qq.com
    [price] => 672.00
    [buyer_id] => 2088702663816803
    [notify_id] => a733ea0fc2cbca74f68f5750236336am6a
    [use_coupon] => N
    [sign_type] => MD5
    [sign] => dd7163365e501ab8201a4375b54ab367
)

2016-09-14 09:20:54订单：付款成功，给了玩家相应的代金券
Array
(
    [discount] => 0.00
    [extra_common_param] => 345
    [payment_type] => 1
    [subject] => 《诛仙yw》345元代金券
    [trade_no] => 2016091421001004800267631850
    [buyer_email] => 174960848@qq.com
    [gmt_create] => 2016-09-14 09:20:49
    [notify_type] => trade_status_sync
    [quantity] => 1
    [out_trade_no] => 147381604238128
    [seller_id] => 2088021266234053
    [notify_time] => 2016-09-14 09:20:53
    [body] => 《诛仙yw》345元代金券
    [trade_status] => TRADE_SUCCESS
    [is_total_fee_adjust] => N
    [total_fee] => 165.60
    [gmt_payment] => 2016-09-14 09:20:53
    [seller_email] => 867672678@qq.com
    [price] => 165.60
    [buyer_id] => 2088702663816803
    [notify_id] => b7f17fbe538d19c6f9da1bb3822e17dm6a
    [use_coupon] => N
    [sign_type] => MD5
    [sign] => f5c79d34006ebbe0aceeb752e15be9a4
)

2016-09-14 09:21:06订单：付款成功，给了玩家相应的代金券
Array
(
    [body] => 《诛仙yw》345元代金券
    [buyer_email] => 174960848@qq.com
    [buyer_id] => 2088702663816803
    [exterface] => create_direct_pay_by_user
    [extra_common_param] => 345
    [is_success] => T
    [notify_id] => RqPnCoPT3K9%2Fvwbh3InWfV15lJ%2BXtpRywbrYwwbEKsytUI3NID0%2B7fIql%2FdwoUBzQz%2F8
    [notify_time] => 2016-09-14 09:21:00
    [notify_type] => trade_status_sync
    [out_trade_no] => 147381604238128
    [payment_type] => 1
    [seller_email] => 867672678@qq.com
    [seller_id] => 2088021266234053
    [subject] => 《诛仙yw》345元代金券
    [total_fee] => 165.60
    [trade_no] => 2016091421001004800267631850
    [trade_status] => TRADE_SUCCESS
    [sign] => 5c717e40445e8c4851b93782249f3911
    [sign_type] => MD5
)

2016-09-14 09:24:37订单：付款成功，给了玩家相应的代金券
Array
(
    [discount] => 0.00
    [extra_common_param] => 345
    [payment_type] => 1
    [subject] => 《诛仙yw》345元代金券
    [trade_no] => 2016091421001004800267631850
    [buyer_email] => 174960848@qq.com
    [gmt_create] => 2016-09-14 09:20:49
    [notify_type] => trade_status_sync
    [quantity] => 1
    [out_trade_no] => 147381604238128
    [seller_id] => 2088021266234053
    [notify_time] => 2016-09-14 09:24:36
    [body] => 《诛仙yw》345元代金券
    [trade_status] => TRADE_SUCCESS
    [is_total_fee_adjust] => N
    [total_fee] => 165.60
    [gmt_payment] => 2016-09-14 09:20:53
    [seller_email] => 867672678@qq.com
    [price] => 165.60
    [buyer_id] => 2088702663816803
    [notify_id] => b7f17fbe538d19c6f9da1bb3822e17dm6a
    [use_coupon] => N
    [sign_type] => MD5
    [sign] => b17a9ff3d2ebfefa818ba5392c565491
)

2016-09-14 09:34:50订单：付款成功，给了玩家相应的代金券
Array
(
    [discount] => 0.00
    [extra_common_param] => 345
    [payment_type] => 1
    [subject] => 《诛仙yw》345元代金券
    [trade_no] => 2016091421001004800267631850
    [buyer_email] => 174960848@qq.com
    [gmt_create] => 2016-09-14 09:20:49
    [notify_type] => trade_status_sync
    [quantity] => 1
    [out_trade_no] => 147381604238128
    [seller_id] => 2088021266234053
    [notify_time] => 2016-09-14 09:34:50
    [body] => 《诛仙yw》345元代金券
    [trade_status] => TRADE_SUCCESS
    [is_total_fee_adjust] => N
    [total_fee] => 165.60
    [gmt_payment] => 2016-09-14 09:20:53
    [seller_email] => 867672678@qq.com
    [price] => 165.60
    [buyer_id] => 2088702663816803
    [notify_id] => b7f17fbe538d19c6f9da1bb3822e17dm6a
    [use_coupon] => N
    [sign_type] => MD5
    [sign] => 44a016df0f93012cce032e8065cbe8b0
)

2016-09-14 09:45:20订单：付款成功，给了玩家相应的代金券
Array
(
    [discount] => 0.00
    [extra_common_param] => 345
    [payment_type] => 1
    [subject] => 《诛仙yw》345元代金券
    [trade_no] => 2016091421001004800267631850
    [buyer_email] => 174960848@qq.com
    [gmt_create] => 2016-09-14 09:20:49
    [notify_type] => trade_status_sync
    [quantity] => 1
    [out_trade_no] => 147381604238128
    [seller_id] => 2088021266234053
    [notify_time] => 2016-09-14 09:45:20
    [body] => 《诛仙yw》345元代金券
    [trade_status] => TRADE_SUCCESS
    [is_total_fee_adjust] => N
    [total_fee] => 165.60
    [gmt_payment] => 2016-09-14 09:20:53
    [seller_email] => 867672678@qq.com
    [price] => 165.60
    [buyer_id] => 2088702663816803
    [notify_id] => b7f17fbe538d19c6f9da1bb3822e17dm6a
    [use_coupon] => N
    [sign_type] => MD5
    [sign] => 4ec6f951b3d674b2a3a9c5423896b0c0
)

2016-09-14 10:00:23订单：付款成功，给了玩家相应的代金券
Array
(
    [discount] => 0.00
    [extra_common_param] => 517
    [payment_type] => 1
    [subject] => 《诛仙yw》517元代金券
    [trade_no] => 2016091421001004800266906467
    [buyer_email] => 174960848@qq.com
    [gmt_create] => 2016-09-14 10:00:19
    [notify_type] => trade_status_sync
    [quantity] => 1
    [out_trade_no] => 147381841047764
    [seller_id] => 2088021266234053
    [notify_time] => 2016-09-14 10:00:23
    [body] => 《诛仙yw》517元代金券
    [trade_status] => TRADE_SUCCESS
    [is_total_fee_adjust] => N
    [total_fee] => 248.20
    [gmt_payment] => 2016-09-14 10:00:23
    [seller_email] => 867672678@qq.com
    [price] => 248.20
    [buyer_id] => 2088702663816803
    [notify_id] => 2ffe97fcd6de14cd8144c21f2c23167m6a
    [use_coupon] => N
    [sign_type] => MD5
    [sign] => 2afffbe80d2ac85039ac853a48220d2a
)

2016-09-14 10:00:35订单：付款成功，给了玩家相应的代金券
Array
(
    [body] => 《诛仙yw》517元代金券
    [buyer_email] => 174960848@qq.com
    [buyer_id] => 2088702663816803
    [exterface] => create_direct_pay_by_user
    [extra_common_param] => 517
    [is_success] => T
    [notify_id] => RqPnCoPT3K9%2Fvwbh3InWfV15ml85FDvLzqs89I4dze8FoSoc8LseY%2F8Xjc5rDVmLHit7
    [notify_time] => 2016-09-14 10:00:31
    [notify_type] => trade_status_sync
    [out_trade_no] => 147381841047764
    [payment_type] => 1
    [seller_email] => 867672678@qq.com
    [seller_id] => 2088021266234053
    [subject] => 《诛仙yw》517元代金券
    [total_fee] => 248.20
    [trade_no] => 2016091421001004800266906467
    [trade_status] => TRADE_SUCCESS
    [sign] => a8c5f5bcbd7727e81c757a958e879a6f
    [sign_type] => MD5
)

2016-09-14 10:04:48订单：付款成功，给了玩家相应的代金券
Array
(
    [discount] => 0.00
    [extra_common_param] => 517
    [payment_type] => 1
    [subject] => 《诛仙yw》517元代金券
    [trade_no] => 2016091421001004800266906467
    [buyer_email] => 174960848@qq.com
    [gmt_create] => 2016-09-14 10:00:19
    [notify_type] => trade_status_sync
    [quantity] => 1
    [out_trade_no] => 147381841047764
    [seller_id] => 2088021266234053
    [notify_time] => 2016-09-14 10:04:47
    [body] => 《诛仙yw》517元代金券
    [trade_status] => TRADE_SUCCESS
    [is_total_fee_adjust] => N
    [total_fee] => 248.20
    [gmt_payment] => 2016-09-14 10:00:23
    [seller_email] => 867672678@qq.com
    [price] => 248.20
    [buyer_id] => 2088702663816803
    [notify_id] => 2ffe97fcd6de14cd8144c21f2c23167m6a
    [use_coupon] => N
    [sign_type] => MD5
    [sign] => 967c23634d43bb12ed7380a475fa37e8
)

2016-09-14 10:16:18订单：付款成功，给了玩家相应的代金券
Array
(
    [discount] => 0.00
    [extra_common_param] => 517
    [payment_type] => 1
    [subject] => 《诛仙yw》517元代金券
    [trade_no] => 2016091421001004800266906467
    [buyer_email] => 174960848@qq.com
    [gmt_create] => 2016-09-14 10:00:19
    [notify_type] => trade_status_sync
    [quantity] => 1
    [out_trade_no] => 147381841047764
    [seller_id] => 2088021266234053
    [notify_time] => 2016-09-14 10:16:13
    [body] => 《诛仙yw》517元代金券
    [trade_status] => TRADE_SUCCESS
    [is_total_fee_adjust] => N
    [total_fee] => 248.20
    [gmt_payment] => 2016-09-14 10:00:23
    [seller_email] => 867672678@qq.com
    [price] => 248.20
    [buyer_id] => 2088702663816803
    [notify_id] => 2ffe97fcd6de14cd8144c21f2c23167m6a
    [use_coupon] => N
    [sign_type] => MD5
    [sign] => 7a7b17da3ad703592c27d4d8a4fa684c
)

2016-09-14 10:24:26订单：付款成功，给了玩家相应的代金券
Array
(
    [discount] => 0.00
    [extra_common_param] => 517
    [payment_type] => 1
    [subject] => 《诛仙yw》517元代金券
    [trade_no] => 2016091421001004800266906467
    [buyer_email] => 174960848@qq.com
    [gmt_create] => 2016-09-14 10:00:19
    [notify_type] => trade_status_sync
    [quantity] => 1
    [out_trade_no] => 147381841047764
    [seller_id] => 2088021266234053
    [notify_time] => 2016-09-14 10:24:26
    [body] => 《诛仙yw》517元代金券
    [trade_status] => TRADE_SUCCESS
    [is_total_fee_adjust] => N
    [total_fee] => 248.20
    [gmt_payment] => 2016-09-14 10:00:23
    [seller_email] => 867672678@qq.com
    [price] => 248.20
    [buyer_id] => 2088702663816803
    [notify_id] => 2ffe97fcd6de14cd8144c21f2c23167m6a
    [use_coupon] => N
    [sign_type] => MD5
    [sign] => 3f1a1db5b30b6c049c64c3294c193db5
)

2016-09-14 10:41:10订单：付款成功，给了玩家相应的代金券
Array
(
    [discount] => 0.00
    [extra_common_param] => 1600
    [payment_type] => 1
    [subject] => 《诛仙yw》1600元代金券
    [trade_no] => 2016091421001004800273055528
    [buyer_email] => 174960848@qq.com
    [gmt_create] => 2016-09-14 10:41:06
    [notify_type] => trade_status_sync
    [quantity] => 1
    [out_trade_no] => 147382085916349
    [seller_id] => 2088021266234053
    [notify_time] => 2016-09-14 10:41:10
    [body] => 《诛仙yw》1600元代金券
    [trade_status] => TRADE_SUCCESS
    [is_total_fee_adjust] => N
    [total_fee] => 768.00
    [gmt_payment] => 2016-09-14 10:41:10
    [seller_email] => 867672678@qq.com
    [price] => 768.00
    [buyer_id] => 2088702663816803
    [notify_id] => f27d9dde90db193a3d9a521d9ac1c81m6a
    [use_coupon] => N
    [sign_type] => MD5
    [sign] => f244218fc86c5f2a903020738c20f8ae
)

2016-09-14 10:41:23订单：付款成功，给了玩家相应的代金券
Array
(
    [body] => 《诛仙yw》1600元代金券
    [buyer_email] => 174960848@qq.com
    [buyer_id] => 2088702663816803
    [exterface] => create_direct_pay_by_user
    [extra_common_param] => 1600
    [is_success] => T
    [notify_id] => RqPnCoPT3K9%2Fvwbh3InWfV166oY63w7WuDn2ykNWpoHUM7Xo3QP1OZjNt0c3GPZusKMx
    [notify_time] => 2016-09-14 10:41:20
    [notify_type] => trade_status_sync
    [out_trade_no] => 147382085916349
    [payment_type] => 1
    [seller_email] => 867672678@qq.com
    [seller_id] => 2088021266234053
    [subject] => 《诛仙yw》1600元代金券
    [total_fee] => 768.00
    [trade_no] => 2016091421001004800273055528
    [trade_status] => TRADE_SUCCESS
    [sign] => d4a0dffd371cdae1b58098156a031fa3
    [sign_type] => MD5
)

2016-09-14 10:44:14订单：付款成功，给了玩家相应的代金券
Array
(
    [discount] => 0.00
    [extra_common_param] => 345
    [payment_type] => 1
    [subject] => 《诛仙yw》345元代金券
    [trade_no] => 2016091421001004800267631850
    [buyer_email] => 174960848@qq.com
    [gmt_create] => 2016-09-14 09:20:49
    [notify_type] => trade_status_sync
    [quantity] => 1
    [out_trade_no] => 147381604238128
    [seller_id] => 2088021266234053
    [notify_time] => 2016-09-14 10:44:14
    [body] => 《诛仙yw》345元代金券
    [trade_status] => TRADE_SUCCESS
    [is_total_fee_adjust] => N
    [total_fee] => 165.60
    [gmt_payment] => 2016-09-14 09:20:53
    [seller_email] => 867672678@qq.com
    [price] => 165.60
    [buyer_id] => 2088702663816803
    [notify_id] => b7f17fbe538d19c6f9da1bb3822e17dm6a
    [use_coupon] => N
    [sign_type] => MD5
    [sign] => 51442790af075bd8e9667baffb2b6d3c
)

2016-09-14 10:45:37订单：付款成功，给了玩家相应的代金券
Array
(
    [discount] => 0.00
    [extra_common_param] => 1600
    [payment_type] => 1
    [subject] => 《诛仙yw》1600元代金券
    [trade_no] => 2016091421001004800273055528
    [buyer_email] => 174960848@qq.com
    [gmt_create] => 2016-09-14 10:41:06
    [notify_type] => trade_status_sync
    [quantity] => 1
    [out_trade_no] => 147382085916349
    [seller_id] => 2088021266234053
    [notify_time] => 2016-09-14 10:45:36
    [body] => 《诛仙yw》1600元代金券
    [trade_status] => TRADE_SUCCESS
    [is_total_fee_adjust] => N
    [total_fee] => 768.00
    [gmt_payment] => 2016-09-14 10:41:10
    [seller_email] => 867672678@qq.com
    [price] => 768.00
    [buyer_id] => 2088702663816803
    [notify_id] => f27d9dde90db193a3d9a521d9ac1c81m6a
    [use_coupon] => N
    [sign_type] => MD5
    [sign] => ad87c9fcc910e4bf7760001e1d78f561
)

2016-09-14 10:45:38订单：付款成功，给了玩家相应的代金券
Array
(
    [discount] => 0.00
    [extra_common_param] => 2000
    [payment_type] => 1
    [subject] => 《诛仙yw》2000元代金券
    [trade_no] => 2016091321001004800254354973
    [buyer_email] => 174960848@qq.com
    [gmt_create] => 2016-09-13 10:20:46
    [notify_type] => trade_status_sync
    [quantity] => 1
    [out_trade_no] => 147373323828922
    [seller_id] => 2088021266234053
    [notify_time] => 2016-09-14 10:45:38
    [body] => 《诛仙yw》2000元代金券
    [trade_status] => TRADE_SUCCESS
    [is_total_fee_adjust] => N
    [total_fee] => 960.00
    [gmt_payment] => 2016-09-13 10:20:49
    [seller_email] => 867672678@qq.com
    [price] => 960.00
    [buyer_id] => 2088702663816803
    [notify_id] => e48243a6bc7780da67e2c238abf0482m6a
    [use_coupon] => N
    [sign_type] => MD5
    [sign] => 558767465d99010fb691b64ba8334502
)

2016-09-14 10:57:35订单：付款成功，给了玩家相应的代金券
Array
(
    [discount] => 0.00
    [extra_common_param] => 1600
    [payment_type] => 1
    [subject] => 《诛仙yw》1600元代金券
    [trade_no] => 2016091421001004800273055528
    [buyer_email] => 174960848@qq.com
    [gmt_create] => 2016-09-14 10:41:06
    [notify_type] => trade_status_sync
    [quantity] => 1
    [out_trade_no] => 147382085916349
    [seller_id] => 2088021266234053
    [notify_time] => 2016-09-14 10:57:35
    [body] => 《诛仙yw》1600元代金券
    [trade_status] => TRADE_SUCCESS
    [is_total_fee_adjust] => N
    [total_fee] => 768.00
    [gmt_payment] => 2016-09-14 10:41:10
    [seller_email] => 867672678@qq.com
    [price] => 768.00
    [buyer_id] => 2088702663816803
    [notify_id] => f27d9dde90db193a3d9a521d9ac1c81m6a
    [use_coupon] => N
    [sign_type] => MD5
    [sign] => 467638203b88393e2d9acca2069a543b
)

2016-09-14 11:06:32订单：付款成功，给了玩家相应的代金券
Array
(
    [discount] => 0.00
    [extra_common_param] => 1600
    [payment_type] => 1
    [subject] => 《诛仙yw》1600元代金券
    [trade_no] => 2016091421001004800273055528
    [buyer_email] => 174960848@qq.com
    [gmt_create] => 2016-09-14 10:41:06
    [notify_type] => trade_status_sync
    [quantity] => 1
    [out_trade_no] => 147382085916349
    [seller_id] => 2088021266234053
    [notify_time] => 2016-09-14 11:06:30
    [body] => 《诛仙yw》1600元代金券
    [trade_status] => TRADE_SUCCESS
    [is_total_fee_adjust] => N
    [total_fee] => 768.00
    [gmt_payment] => 2016-09-14 10:41:10
    [seller_email] => 867672678@qq.com
    [price] => 768.00
    [buyer_id] => 2088702663816803
    [notify_id] => f27d9dde90db193a3d9a521d9ac1c81m6a
    [use_coupon] => N
    [sign_type] => MD5
    [sign] => fe0add24db9ed39c8023059f38b720a3
)

2016-09-14 11:24:15订单：付款成功，给了玩家相应的代金券
Array
(
    [discount] => 0.00
    [extra_common_param] => 517
    [payment_type] => 1
    [subject] => 《诛仙yw》517元代金券
    [trade_no] => 2016091421001004800266906467
    [buyer_email] => 174960848@qq.com
    [gmt_create] => 2016-09-14 10:00:19
    [notify_type] => trade_status_sync
    [quantity] => 1
    [out_trade_no] => 147381841047764
    [seller_id] => 2088021266234053
    [notify_time] => 2016-09-14 11:24:15
    [body] => 《诛仙yw》517元代金券
    [trade_status] => TRADE_SUCCESS
    [is_total_fee_adjust] => N
    [total_fee] => 248.20
    [gmt_payment] => 2016-09-14 10:00:23
    [seller_email] => 867672678@qq.com
    [price] => 248.20
    [buyer_id] => 2088702663816803
    [notify_id] => 2ffe97fcd6de14cd8144c21f2c23167m6a
    [use_coupon] => N
    [sign_type] => MD5
    [sign] => d35f427328ee8f9c19be379799b18699
)

2016-09-14 11:30:05订单：付款成功，给了玩家相应的代金券
Array
(
    [discount] => 0.00
    [extra_common_param] => 345
    [payment_type] => 1
    [subject] => 《诛仙yw》345元代金券
    [trade_no] => 2016091421001004800269260525
    [buyer_email] => 174960848@qq.com
    [gmt_create] => 2016-09-14 11:30:01
    [notify_type] => trade_status_sync
    [quantity] => 1
    [out_trade_no] => 147382379254545
    [seller_id] => 2088021266234053
    [notify_time] => 2016-09-14 11:30:05
    [body] => 《诛仙yw》345元代金券
    [trade_status] => TRADE_SUCCESS
    [is_total_fee_adjust] => N
    [total_fee] => 165.60
    [gmt_payment] => 2016-09-14 11:30:05
    [seller_email] => 867672678@qq.com
    [price] => 165.60
    [buyer_id] => 2088702663816803
    [notify_id] => 5aada4152379667f2b7c63824b5a492m6a
    [use_coupon] => N
    [sign_type] => MD5
    [sign] => dbfd94569142aa34df47963e225728a8
)

2016-09-14 11:30:18订单：付款成功，给了玩家相应的代金券
Array
(
    [body] => 《诛仙yw》345元代金券
    [buyer_email] => 174960848@qq.com
    [buyer_id] => 2088702663816803
    [exterface] => create_direct_pay_by_user
    [extra_common_param] => 345
    [is_success] => T
    [notify_id] => RqPnCoPT3K9%2Fvwbh3InWfV166d%2FNP%2FE85q59f7ZeRMYH6zrE6O87N3FBg7md%2BSai2glM
    [notify_time] => 2016-09-14 11:30:13
    [notify_type] => trade_status_sync
    [out_trade_no] => 147382379254545
    [payment_type] => 1
    [seller_email] => 867672678@qq.com
    [seller_id] => 2088021266234053
    [subject] => 《诛仙yw》345元代金券
    [total_fee] => 165.60
    [trade_no] => 2016091421001004800269260525
    [trade_status] => TRADE_SUCCESS
    [sign] => 9f75f1d5e4edd9dbb95e7e90773e60cc
    [sign_type] => MD5
)

2016-09-14 11:34:46订单：付款成功，给了玩家相应的代金券
Array
(
    [discount] => 0.00
    [extra_common_param] => 345
    [payment_type] => 1
    [subject] => 《诛仙yw》345元代金券
    [trade_no] => 2016091421001004800269260525
    [buyer_email] => 174960848@qq.com
    [gmt_create] => 2016-09-14 11:30:01
    [notify_type] => trade_status_sync
    [quantity] => 1
    [out_trade_no] => 147382379254545
    [seller_id] => 2088021266234053
    [notify_time] => 2016-09-14 11:34:46
    [body] => 《诛仙yw》345元代金券
    [trade_status] => TRADE_SUCCESS
    [is_total_fee_adjust] => N
    [total_fee] => 165.60
    [gmt_payment] => 2016-09-14 11:30:05
    [seller_email] => 867672678@qq.com
    [price] => 165.60
    [buyer_id] => 2088702663816803
    [notify_id] => 5aada4152379667f2b7c63824b5a492m6a
    [use_coupon] => N
    [sign_type] => MD5
    [sign] => eb8077b5afadc7635d208f0a1a6877fe
)

2016-09-14 11:46:46订单：付款成功，给了玩家相应的代金券
Array
(
    [discount] => 0.00
    [extra_common_param] => 345
    [payment_type] => 1
    [subject] => 《诛仙yw》345元代金券
    [trade_no] => 2016091421001004800269260525
    [buyer_email] => 174960848@qq.com
    [gmt_create] => 2016-09-14 11:30:01
    [notify_type] => trade_status_sync
    [quantity] => 1
    [out_trade_no] => 147382379254545
    [seller_id] => 2088021266234053
    [notify_time] => 2016-09-14 11:46:44
    [body] => 《诛仙yw》345元代金券
    [trade_status] => TRADE_SUCCESS
    [is_total_fee_adjust] => N
    [total_fee] => 165.60
    [gmt_payment] => 2016-09-14 11:30:05
    [seller_email] => 867672678@qq.com
    [price] => 165.60
    [buyer_id] => 2088702663816803
    [notify_id] => 5aada4152379667f2b7c63824b5a492m6a
    [use_coupon] => N
    [sign_type] => MD5
    [sign] => 472393f01d7efbc5a1ee04a8ea98819e
)

2016-09-14 11:54:47订单：付款成功，给了玩家相应的代金券
Array
(
    [discount] => 0.00
    [extra_common_param] => 345
    [payment_type] => 1
    [subject] => 《诛仙yw》345元代金券
    [trade_no] => 2016091421001004800269260525
    [buyer_email] => 174960848@qq.com
    [gmt_create] => 2016-09-14 11:30:01
    [notify_type] => trade_status_sync
    [quantity] => 1
    [out_trade_no] => 147382379254545
    [seller_id] => 2088021266234053
    [notify_time] => 2016-09-14 11:54:47
    [body] => 《诛仙yw》345元代金券
    [trade_status] => TRADE_SUCCESS
    [is_total_fee_adjust] => N
    [total_fee] => 165.60
    [gmt_payment] => 2016-09-14 11:30:05
    [seller_email] => 867672678@qq.com
    [price] => 165.60
    [buyer_id] => 2088702663816803
    [notify_id] => 5aada4152379667f2b7c63824b5a492m6a
    [use_coupon] => N
    [sign_type] => MD5
    [sign] => 14d1f508dec64509fdfed4c320986e4d
)

2016-09-14 12:05:11订单：付款成功，给了玩家相应的代金券
Array
(
    [discount] => 0.00
    [extra_common_param] => 1600
    [payment_type] => 1
    [subject] => 《诛仙yw》1600元代金券
    [trade_no] => 2016091421001004800273055528
    [buyer_email] => 174960848@qq.com
    [gmt_create] => 2016-09-14 10:41:06
    [notify_type] => trade_status_sync
    [quantity] => 1
    [out_trade_no] => 147382085916349
    [seller_id] => 2088021266234053
    [notify_time] => 2016-09-14 12:05:11
    [body] => 《诛仙yw》1600元代金券
    [trade_status] => TRADE_SUCCESS
    [is_total_fee_adjust] => N
    [total_fee] => 768.00
    [gmt_payment] => 2016-09-14 10:41:10
    [seller_email] => 867672678@qq.com
    [price] => 768.00
    [buyer_id] => 2088702663816803
    [notify_id] => f27d9dde90db193a3d9a521d9ac1c81m6a
    [use_coupon] => N
    [sign_type] => MD5
    [sign] => bb9786fbbd8b38a5fd9ecf7b34382da9
)

2016-09-14 12:13:06订单：付款成功，给了玩家相应的代金券
Array
(
    [discount] => 0.00
    [extra_common_param] => 500
    [payment_type] => 1
    [subject] => 《诛仙yw》500元代金券
    [trade_no] => 2016091321001004800253838581
    [buyer_email] => 174960848@qq.com
    [gmt_create] => 2016-09-13 11:49:51
    [notify_type] => trade_status_sync
    [quantity] => 1
    [out_trade_no] => 147373858235723
    [seller_id] => 2088021266234053
    [notify_time] => 2016-09-14 12:13:03
    [body] => 《诛仙yw》500元代金券
    [trade_status] => TRADE_SUCCESS
    [is_total_fee_adjust] => N
    [total_fee] => 240.00
    [gmt_payment] => 2016-09-13 11:49:54
    [seller_email] => 867672678@qq.com
    [price] => 240.00
    [buyer_id] => 2088702663816803
    [notify_id] => db576e81ab0927a3e7b65125c49a628m6a
    [use_coupon] => N
    [sign_type] => MD5
    [sign] => 9014f7f6a3647113558cf55e64d942b2
)

2016-09-14 12:44:12订单：付款成功，给了玩家相应的代金券
Array
(
    [discount] => 0.00
    [extra_common_param] => 345
    [payment_type] => 1
    [subject] => 《诛仙yw》345元代金券
    [trade_no] => 2016091421001004800267631850
    [buyer_email] => 174960848@qq.com
    [gmt_create] => 2016-09-14 09:20:49
    [notify_type] => trade_status_sync
    [quantity] => 1
    [out_trade_no] => 147381604238128
    [seller_id] => 2088021266234053
    [notify_time] => 2016-09-14 12:44:12
    [body] => 《诛仙yw》345元代金券
    [trade_status] => TRADE_SUCCESS
    [is_total_fee_adjust] => N
    [total_fee] => 165.60
    [gmt_payment] => 2016-09-14 09:20:53
    [seller_email] => 867672678@qq.com
    [price] => 165.60
    [buyer_id] => 2088702663816803
    [notify_id] => b7f17fbe538d19c6f9da1bb3822e17dm6a
    [use_coupon] => N
    [sign_type] => MD5
    [sign] => e32fbc36615fd708ba96c7101db4eb58
)

2016-09-14 12:46:28订单：付款成功，给了玩家相应的代金券
Array
(
    [discount] => 0.00
    [extra_common_param] => 2000
    [payment_type] => 1
    [subject] => 《御剑情缘》2000元代金券
    [trade_no] => 2016091321001004910257985115
    [buyer_email] => 13922211245
    [gmt_create] => 2016-09-13 12:21:37
    [notify_type] => trade_status_sync
    [quantity] => 1
    [out_trade_no] => 147374049034982
    [seller_id] => 2088021266234053
    [notify_time] => 2016-09-14 12:46:28
    [body] => 《御剑情缘》2000元代金券
    [trade_status] => TRADE_SUCCESS
    [is_total_fee_adjust] => N
    [total_fee] => 1000.00
    [gmt_payment] => 2016-09-13 12:21:43
    [seller_email] => 867672678@qq.com
    [price] => 1000.00
    [buyer_id] => 2088312643761911
    [notify_id] => f6555f69d4eac3f9487bd8ce1cb3dbfn0u
    [use_coupon] => N
    [sign_type] => MD5
    [sign] => 3456c7fe17c23ef34f4270f493ebfaf4
)

2016-09-14 12:48:47订单：付款成功，给了玩家相应的代金券
Array
(
    [discount] => 0.00
    [extra_common_param] => 2000
    [payment_type] => 1
    [subject] => 《诛仙yw》2000元代金券
    [trade_no] => 2016091321001004800255175236
    [buyer_email] => 174960848@qq.com
    [gmt_create] => 2016-09-13 12:24:31
    [notify_type] => trade_status_sync
    [quantity] => 1
    [out_trade_no] => 147374066603032
    [seller_id] => 2088021266234053
    [notify_time] => 2016-09-14 12:48:47
    [body] => 《诛仙yw》2000元代金券
    [trade_status] => TRADE_SUCCESS
    [is_total_fee_adjust] => N
    [total_fee] => 960.00
    [gmt_payment] => 2016-09-13 12:24:34
    [seller_email] => 867672678@qq.com
    [price] => 960.00
    [buyer_id] => 2088702663816803
    [notify_id] => 40f5acb2d075492bf596f0ceaa5cedfm6a
    [use_coupon] => N
    [sign_type] => MD5
    [sign] => 6c6a0786e924fbce7c85c8049c87beb0
)

2016-09-14 12:50:45订单：付款成功，给了玩家相应的代金券
Array
(
    [discount] => 0.00
    [extra_common_param] => 6
    [payment_type] => 1
    [subject] => 《龙战于野》6元代金券
    [trade_no] => 2016091421001004380252929908
    [buyer_email] => 378163524@qq.com
    [gmt_create] => 2016-09-14 12:50:19
    [notify_type] => trade_status_sync
    [quantity] => 1
    [out_trade_no] => 147382859857858
    [seller_id] => 2088021266234053
    [notify_time] => 2016-09-14 12:50:45
    [body] => 《龙战于野》6元代金券
    [trade_status] => TRADE_SUCCESS
    [is_total_fee_adjust] => N
    [total_fee] => 2.40
    [gmt_payment] => 2016-09-14 12:50:45
    [seller_email] => 867672678@qq.com
    [price] => 2.40
    [buyer_id] => 2088712024103389
    [notify_id] => d6cf63cf2ae49c99c8280e7b6fc3a63ixm
    [use_coupon] => N
    [sign_type] => MD5
    [sign] => 820eb0268babfd861c3ba3ee1de65108
)

2016-09-14 12:54:09订单：付款成功，给了玩家相应的代金券
Array
(
    [discount] => 0.00
    [extra_common_param] => 6
    [payment_type] => 1
    [subject] => 《龙战于野》6元代金券
    [trade_no] => 2016091421001004380252929908
    [buyer_email] => 378163524@qq.com
    [gmt_create] => 2016-09-14 12:50:19
    [notify_type] => trade_status_sync
    [quantity] => 1
    [out_trade_no] => 147382859857858
    [seller_id] => 2088021266234053
    [notify_time] => 2016-09-14 12:54:08
    [body] => 《龙战于野》6元代金券
    [trade_status] => TRADE_SUCCESS
    [is_total_fee_adjust] => N
    [total_fee] => 2.40
    [gmt_payment] => 2016-09-14 12:50:45
    [seller_email] => 867672678@qq.com
    [price] => 2.40
    [buyer_id] => 2088712024103389
    [notify_id] => d6cf63cf2ae49c99c8280e7b6fc3a63ixm
    [use_coupon] => N
    [sign_type] => MD5
    [sign] => 91181e36d3afbde9d78abeb36256cd5c
)

2016-09-14 12:54:34订单：付款成功，给了玩家相应的代金券
Array
(
    [discount] => 0.00
    [extra_common_param] => 345
    [payment_type] => 1
    [subject] => 《诛仙yw》345元代金券
    [trade_no] => 2016091421001004800269260525
    [buyer_email] => 174960848@qq.com
    [gmt_create] => 2016-09-14 11:30:01
    [notify_type] => trade_status_sync
    [quantity] => 1
    [out_trade_no] => 147382379254545
    [seller_id] => 2088021266234053
    [notify_time] => 2016-09-14 12:54:34
    [body] => 《诛仙yw》345元代金券
    [trade_status] => TRADE_SUCCESS
    [is_total_fee_adjust] => N
    [total_fee] => 165.60
    [gmt_payment] => 2016-09-14 11:30:05
    [seller_email] => 867672678@qq.com
    [price] => 165.60
    [buyer_id] => 2088702663816803
    [notify_id] => 5aada4152379667f2b7c63824b5a492m6a
    [use_coupon] => N
    [sign_type] => MD5
    [sign] => 5eccad693f40ee5ce8ae599afb0a1a8c
)

2016-09-14 13:05:23订单：付款成功，给了玩家相应的代金券
Array
(
    [discount] => 0.00
    [extra_common_param] => 6
    [payment_type] => 1
    [subject] => 《龙战于野》6元代金券
    [trade_no] => 2016091421001004380252929908
    [buyer_email] => 378163524@qq.com
    [gmt_create] => 2016-09-14 12:50:19
    [notify_type] => trade_status_sync
    [quantity] => 1
    [out_trade_no] => 147382859857858
    [seller_id] => 2088021266234053
    [notify_time] => 2016-09-14 13:05:23
    [body] => 《龙战于野》6元代金券
    [trade_status] => TRADE_SUCCESS
    [is_total_fee_adjust] => N
    [total_fee] => 2.40
    [gmt_payment] => 2016-09-14 12:50:45
    [seller_email] => 867672678@qq.com
    [price] => 2.40
    [buyer_id] => 2088712024103389
    [notify_id] => d6cf63cf2ae49c99c8280e7b6fc3a63ixm
    [use_coupon] => N
    [sign_type] => MD5
    [sign] => 58f2af6199ce9780801754c42fa65305
)

2016-09-14 13:14:14订单：付款成功，给了玩家相应的代金券
Array
(
    [discount] => 0.00
    [extra_common_param] => 6
    [payment_type] => 1
    [subject] => 《龙战于野》6元代金券
    [trade_no] => 2016091421001004380252929908
    [buyer_email] => 378163524@qq.com
    [gmt_create] => 2016-09-14 12:50:19
    [notify_type] => trade_status_sync
    [quantity] => 1
    [out_trade_no] => 147382859857858
    [seller_id] => 2088021266234053
    [notify_time] => 2016-09-14 13:14:13
    [body] => 《龙战于野》6元代金券
    [trade_status] => TRADE_SUCCESS
    [is_total_fee_adjust] => N
    [total_fee] => 2.40
    [gmt_payment] => 2016-09-14 12:50:45
    [seller_email] => 867672678@qq.com
    [price] => 2.40
    [buyer_id] => 2088712024103389
    [notify_id] => d6cf63cf2ae49c99c8280e7b6fc3a63ixm
    [use_coupon] => N
    [sign_type] => MD5
    [sign] => a3e8365dfe9686a0314bd818dd96cd93
)

2016-09-14 13:24:44订单：付款成功，给了玩家相应的代金券
Array
(
    [discount] => 0.00
    [extra_common_param] => 517
    [payment_type] => 1
    [subject] => 《诛仙yw》517元代金券
    [trade_no] => 2016091421001004800266906467
    [buyer_email] => 174960848@qq.com
    [gmt_create] => 2016-09-14 10:00:19
    [notify_type] => trade_status_sync
    [quantity] => 1
    [out_trade_no] => 147381841047764
    [seller_id] => 2088021266234053
    [notify_time] => 2016-09-14 13:24:43
    [body] => 《诛仙yw》517元代金券
    [trade_status] => TRADE_SUCCESS
    [is_total_fee_adjust] => N
    [total_fee] => 248.20
    [gmt_payment] => 2016-09-14 10:00:23
    [seller_email] => 867672678@qq.com
    [price] => 248.20
    [buyer_id] => 2088702663816803
    [notify_id] => 2ffe97fcd6de14cd8144c21f2c23167m6a
    [use_coupon] => N
    [sign_type] => MD5
    [sign] => 4d2931fde028b12b72fe7c0818d76c60
)

2016-09-14 13:42:39订单：付款成功，给了玩家相应的代金券
Array
(
    [discount] => 0.00
    [extra_common_param] => 500
    [payment_type] => 1
    [subject] => 《诛仙yw》500元代金券
    [trade_no] => 2016091321001004800252840433
    [buyer_email] => 174960848@qq.com
    [gmt_create] => 2016-09-13 13:18:17
    [notify_type] => trade_status_sync
    [quantity] => 1
    [out_trade_no] => 147374389010995
    [seller_id] => 2088021266234053
    [notify_time] => 2016-09-14 13:42:37
    [body] => 《诛仙yw》500元代金券
    [trade_status] => TRADE_SUCCESS
    [is_total_fee_adjust] => N
    [total_fee] => 240.00
    [gmt_payment] => 2016-09-13 13:18:20
    [seller_email] => 867672678@qq.com
    [price] => 240.00
    [buyer_id] => 2088702663816803
    [notify_id] => dddd38c77e6275f305b82e79222297em6a
    [use_coupon] => N
    [sign_type] => MD5
    [sign] => f2fdbe2c55284ebc94c85cac92828409
)

2016-09-14 13:49:34订单：付款成功，给了玩家相应的代金券
Array
(
    [discount] => 0.00
    [extra_common_param] => 500
    [payment_type] => 1
    [subject] => 《诛仙yw》500元代金券
    [trade_no] => 2016091321001004800253332316
    [buyer_email] => 174960848@qq.com
    [gmt_create] => 2016-09-13 13:25:30
    [notify_type] => trade_status_sync
    [quantity] => 1
    [out_trade_no] => 147374432615917
    [seller_id] => 2088021266234053
    [notify_time] => 2016-09-14 13:49:33
    [body] => 《诛仙yw》500元代金券
    [trade_status] => TRADE_SUCCESS
    [is_total_fee_adjust] => N
    [total_fee] => 240.00
    [gmt_payment] => 2016-09-13 13:25:34
    [seller_email] => 867672678@qq.com
    [price] => 240.00
    [buyer_id] => 2088702663816803
    [notify_id] => 392e632199456964c0c2207e6ac59b1m6a
    [use_coupon] => N
    [sign_type] => MD5
    [sign] => 81459a29828300c24d0cafcc2bf07e14
)

2016-09-14 14:05:33订单：付款成功，给了玩家相应的代金券
Array
(
    [discount] => 0.00
    [extra_common_param] => 1600
    [payment_type] => 1
    [subject] => 《诛仙yw》1600元代金券
    [trade_no] => 2016091421001004800273055528
    [buyer_email] => 174960848@qq.com
    [gmt_create] => 2016-09-14 10:41:06
    [notify_type] => trade_status_sync
    [quantity] => 1
    [out_trade_no] => 147382085916349
    [seller_id] => 2088021266234053
    [notify_time] => 2016-09-14 14:05:33
    [body] => 《诛仙yw》1600元代金券
    [trade_status] => TRADE_SUCCESS
    [is_total_fee_adjust] => N
    [total_fee] => 768.00
    [gmt_payment] => 2016-09-14 10:41:10
    [seller_email] => 867672678@qq.com
    [price] => 768.00
    [buyer_id] => 2088702663816803
    [notify_id] => f27d9dde90db193a3d9a521d9ac1c81m6a
    [use_coupon] => N
    [sign_type] => MD5
    [sign] => 571bca2c4ee377a763453daa88a6f49b
)

2016-09-14 14:06:17订单：付款成功，给了玩家相应的代金券
Array
(
    [discount] => 0.00
    [extra_common_param] => 1000
    [payment_type] => 1
    [subject] => 《诛仙yw》1000元代金券
    [trade_no] => 2016091321001004800254849776
    [buyer_email] => 174960848@qq.com
    [gmt_create] => 2016-09-13 13:42:53
    [notify_type] => trade_status_sync
    [quantity] => 1
    [out_trade_no] => 147374536276326
    [seller_id] => 2088021266234053
    [notify_time] => 2016-09-14 14:06:16
    [body] => 《诛仙yw》1000元代金券
    [trade_status] => TRADE_SUCCESS
    [is_total_fee_adjust] => N
    [total_fee] => 480.00
    [gmt_payment] => 2016-09-13 13:42:57
    [seller_email] => 867672678@qq.com
    [price] => 480.00
    [buyer_id] => 2088702663816803
    [notify_id] => 07137b28a8b1da95301070a1ddf6e81m6a
    [use_coupon] => N
    [sign_type] => MD5
    [sign] => 9608e6a008cf68a25dc41f88ffdbd331
)

2016-09-14 14:14:14订单：付款成功，给了玩家相应的代金券
Array
(
    [discount] => 0.00
    [extra_common_param] => 6
    [payment_type] => 1
    [subject] => 《龙战于野》6元代金券
    [trade_no] => 2016091421001004380252929908
    [buyer_email] => 378163524@qq.com
    [gmt_create] => 2016-09-14 12:50:19
    [notify_type] => trade_status_sync
    [quantity] => 1
    [out_trade_no] => 147382859857858
    [seller_id] => 2088021266234053
    [notify_time] => 2016-09-14 14:14:13
    [body] => 《龙战于野》6元代金券
    [trade_status] => TRADE_SUCCESS
    [is_total_fee_adjust] => N
    [total_fee] => 2.40
    [gmt_payment] => 2016-09-14 12:50:45
    [seller_email] => 867672678@qq.com
    [price] => 2.40
    [buyer_id] => 2088712024103389
    [notify_id] => d6cf63cf2ae49c99c8280e7b6fc3a63ixm
    [use_coupon] => N
    [sign_type] => MD5
    [sign] => ad715d147c056cc6c00f898d0dbf9e34
)

2016-09-14 14:47:48订单：付款成功，给了玩家相应的代金券
Array
(
    [discount] => 0.00
    [extra_common_param] => 600
    [payment_type] => 1
    [subject] => 《御剑情缘》600元代金券
    [trade_no] => 2016091321001004910257397936
    [buyer_email] => 13922211245
    [gmt_create] => 2016-09-13 14:23:29
    [notify_type] => trade_status_sync
    [quantity] => 1
    [out_trade_no] => 147374779745838
    [seller_id] => 2088021266234053
    [notify_time] => 2016-09-14 14:47:46
    [body] => 《御剑情缘》600元代金券
    [trade_status] => TRADE_SUCCESS
    [is_total_fee_adjust] => N
    [total_fee] => 300.00
    [gmt_payment] => 2016-09-13 14:23:40
    [seller_email] => 867672678@qq.com
    [price] => 300.00
    [buyer_id] => 2088312643761911
    [notify_id] => 14fb3a8d72ac24e3aed2597b2ec6678n0u
    [use_coupon] => N
    [sign_type] => MD5
    [sign] => 776910e58bbb10c7c83a4c7d74a31176
)

2016-09-14 14:54:05订单：付款成功，给了玩家相应的代金券
Array
(
    [discount] => 0.00
    [extra_common_param] => 345
    [payment_type] => 1
    [subject] => 《诛仙yw》345元代金券
    [trade_no] => 2016091421001004800269260525
    [buyer_email] => 174960848@qq.com
    [gmt_create] => 2016-09-14 11:30:01
    [notify_type] => trade_status_sync
    [quantity] => 1
    [out_trade_no] => 147382379254545
    [seller_id] => 2088021266234053
    [notify_time] => 2016-09-14 14:54:04
    [body] => 《诛仙yw》345元代金券
    [trade_status] => TRADE_SUCCESS
    [is_total_fee_adjust] => N
    [total_fee] => 165.60
    [gmt_payment] => 2016-09-14 11:30:05
    [seller_email] => 867672678@qq.com
    [price] => 165.60
    [buyer_id] => 2088702663816803
    [notify_id] => 5aada4152379667f2b7c63824b5a492m6a
    [use_coupon] => N
    [sign_type] => MD5
    [sign] => 04c1af124fe91ade0e838d47a7c3764f
)

2016-09-14 16:03:48订单：付款成功，给了玩家相应的代金券
Array
(
    [discount] => 0.00
    [extra_common_param] => 2000
    [payment_type] => 1
    [subject] => 《诛仙yw》2000元代金券
    [trade_no] => 2016091321001004800254373593
    [buyer_email] => 174960848@qq.com
    [gmt_create] => 2016-09-13 15:39:32
    [notify_type] => trade_status_sync
    [quantity] => 1
    [out_trade_no] => 147375236336377
    [seller_id] => 2088021266234053
    [notify_time] => 2016-09-14 16:03:48
    [body] => 《诛仙yw》2000元代金券
    [trade_status] => TRADE_SUCCESS
    [is_total_fee_adjust] => N
    [total_fee] => 960.00
    [gmt_payment] => 2016-09-13 15:39:35
    [seller_email] => 867672678@qq.com
    [price] => 960.00
    [buyer_id] => 2088702663816803
    [notify_id] => 9e7fa38f007bf9ba52e3914dc83aa12m6a
    [use_coupon] => N
    [sign_type] => MD5
    [sign] => 2cec463b7a4f8e18a2af80f32c7a6703
)

2016-09-14 16:14:35订单：付款成功，给了玩家相应的代金券
Array
(
    [discount] => 0.00
    [extra_common_param] => 6
    [payment_type] => 1
    [subject] => 《龙战于野》6元代金券
    [trade_no] => 2016091421001004380252929908
    [buyer_email] => 378163524@qq.com
    [gmt_create] => 2016-09-14 12:50:19
    [notify_type] => trade_status_sync
    [quantity] => 1
    [out_trade_no] => 147382859857858
    [seller_id] => 2088021266234053
    [notify_time] => 2016-09-14 16:14:35
    [body] => 《龙战于野》6元代金券
    [trade_status] => TRADE_SUCCESS
    [is_total_fee_adjust] => N
    [total_fee] => 2.40
    [gmt_payment] => 2016-09-14 12:50:45
    [seller_email] => 867672678@qq.com
    [price] => 2.40
    [buyer_id] => 2088712024103389
    [notify_id] => d6cf63cf2ae49c99c8280e7b6fc3a63ixm
    [use_coupon] => N
    [sign_type] => MD5
    [sign] => 19069c01398f75ea26c4d0e0e6128429
)

2016-09-14 16:29:04订单：付款成功，给了玩家相应的代金券
Array
(
    [discount] => 0.00
    [extra_common_param] => 2000
    [payment_type] => 1
    [subject] => 《诛仙yw》2000元代金券
    [trade_no] => 2016091321001004800255186880
    [buyer_email] => 174960848@qq.com
    [gmt_create] => 2016-09-13 16:05:05
    [notify_type] => trade_status_sync
    [quantity] => 1
    [out_trade_no] => 147375389544031
    [seller_id] => 2088021266234053
    [notify_time] => 2016-09-14 16:29:03
    [body] => 《诛仙yw》2000元代金券
    [trade_status] => TRADE_SUCCESS
    [is_total_fee_adjust] => N
    [total_fee] => 960.00
    [gmt_payment] => 2016-09-13 16:05:08
    [seller_email] => 867672678@qq.com
    [price] => 960.00
    [buyer_id] => 2088702663816803
    [notify_id] => 5cc5955e91ff908dbc40a1f734c3b90m6a
    [use_coupon] => N
    [sign_type] => MD5
    [sign] => d11a7e8794d059ba6b1cac4df8866849
)

2016-09-14 16:37:44订单：付款成功，给了玩家相应的代金券
Array
(
    [discount] => 0.00
    [extra_common_param] => 1600
    [payment_type] => 1
    [subject] => 《御剑情缘》1600元代金券
    [trade_no] => 2016091421001004910280591131
    [buyer_email] => 13922211245
    [gmt_create] => 2016-09-14 16:37:33
    [notify_type] => trade_status_sync
    [quantity] => 1
    [out_trade_no] => 147384224324988
    [seller_id] => 2088021266234053
    [notify_time] => 2016-09-14 16:37:44
    [body] => 《御剑情缘》1600元代金券
    [trade_status] => TRADE_SUCCESS
    [is_total_fee_adjust] => N
    [total_fee] => 800.00
    [gmt_payment] => 2016-09-14 16:37:44
    [seller_email] => 867672678@qq.com
    [price] => 800.00
    [buyer_id] => 2088312643761911
    [notify_id] => 8cd7c53b4b4a36cba5d59badcef695bn0u
    [use_coupon] => N
    [sign_type] => MD5
    [sign] => f1e4bbd23bde6ded3314941e827c0587
)

2016-09-14 16:41:48订单：付款成功，给了玩家相应的代金券
Array
(
    [discount] => 0.00
    [extra_common_param] => 1600
    [payment_type] => 1
    [subject] => 《御剑情缘》1600元代金券
    [trade_no] => 2016091421001004910280591131
    [buyer_email] => 13922211245
    [gmt_create] => 2016-09-14 16:37:33
    [notify_type] => trade_status_sync
    [quantity] => 1
    [out_trade_no] => 147384224324988
    [seller_id] => 2088021266234053
    [notify_time] => 2016-09-14 16:41:48
    [body] => 《御剑情缘》1600元代金券
    [trade_status] => TRADE_SUCCESS
    [is_total_fee_adjust] => N
    [total_fee] => 800.00
    [gmt_payment] => 2016-09-14 16:37:44
    [seller_email] => 867672678@qq.com
    [price] => 800.00
    [buyer_id] => 2088312643761911
    [notify_id] => 8cd7c53b4b4a36cba5d59badcef695bn0u
    [use_coupon] => N
    [sign_type] => MD5
    [sign] => 555f581c2c79d12e0803de142d6f83ac
)

2016-09-14 16:52:50订单：付款成功，给了玩家相应的代金券
Array
(
    [discount] => 0.00
    [extra_common_param] => 1600
    [payment_type] => 1
    [subject] => 《御剑情缘》1600元代金券
    [trade_no] => 2016091421001004910280591131
    [buyer_email] => 13922211245
    [gmt_create] => 2016-09-14 16:37:33
    [notify_type] => trade_status_sync
    [quantity] => 1
    [out_trade_no] => 147384224324988
    [seller_id] => 2088021266234053
    [notify_time] => 2016-09-14 16:52:50
    [body] => 《御剑情缘》1600元代金券
    [trade_status] => TRADE_SUCCESS
    [is_total_fee_adjust] => N
    [total_fee] => 800.00
    [gmt_payment] => 2016-09-14 16:37:44
    [seller_email] => 867672678@qq.com
    [price] => 800.00
    [buyer_id] => 2088312643761911
    [notify_id] => 8cd7c53b4b4a36cba5d59badcef695bn0u
    [use_coupon] => N
    [sign_type] => MD5
    [sign] => 21aa2be70c6ab1852b4911a1c9b81aa2
)

2016-09-14 17:01:42订单：付款成功，给了玩家相应的代金券
Array
(
    [discount] => 0.00
    [extra_common_param] => 1600
    [payment_type] => 1
    [subject] => 《御剑情缘》1600元代金券
    [trade_no] => 2016091421001004910280591131
    [buyer_email] => 13922211245
    [gmt_create] => 2016-09-14 16:37:33
    [notify_type] => trade_status_sync
    [quantity] => 1
    [out_trade_no] => 147384224324988
    [seller_id] => 2088021266234053
    [notify_time] => 2016-09-14 17:01:42
    [body] => 《御剑情缘》1600元代金券
    [trade_status] => TRADE_SUCCESS
    [is_total_fee_adjust] => N
    [total_fee] => 800.00
    [gmt_payment] => 2016-09-14 16:37:44
    [seller_email] => 867672678@qq.com
    [price] => 800.00
    [buyer_id] => 2088312643761911
    [notify_id] => 8cd7c53b4b4a36cba5d59badcef695bn0u
    [use_coupon] => N
    [sign_type] => MD5
    [sign] => 75fee6360124c8a6642a4aca508c1da7
)

2016-09-14 17:44:13订单：付款成功，给了玩家相应的代金券
Array
(
    [discount] => 0.00
    [extra_common_param] => 1000
    [payment_type] => 1
    [subject] => 《御剑情缘》1000元代金券
    [trade_no] => 2016091421001004910275597936
    [buyer_email] => 13922211245
    [gmt_create] => 2016-09-14 17:43:59
    [notify_type] => trade_status_sync
    [quantity] => 1
    [out_trade_no] => 147384606156901
    [seller_id] => 2088021266234053
    [notify_time] => 2016-09-14 17:44:10
    [body] => 《御剑情缘》1000元代金券
    [trade_status] => TRADE_SUCCESS
    [is_total_fee_adjust] => N
    [total_fee] => 500.00
    [gmt_payment] => 2016-09-14 17:44:10
    [seller_email] => 867672678@qq.com
    [price] => 500.00
    [buyer_id] => 2088312643761911
    [notify_id] => 0c622a8b152fa8d0cc5ead0aa766bb4n0u
    [use_coupon] => N
    [sign_type] => MD5
    [sign] => 4ca2ec40b14c92569fbcab11867fab0a
)

2016-09-14 17:44:22订单：付款成功，给了玩家相应的代金券
Array
(
    [body] => 《御剑情缘》1000元代金券
    [buyer_email] => 13922211245
    [buyer_id] => 2088312643761911
    [exterface] => create_direct_pay_by_user
    [extra_common_param] => 1000
    [is_success] => T
    [notify_id] => RqPnCoPT3K9%2Fvwbh3InWfV18OdN6e8U5xWVUXW0hKKEb8jJ6EKuIfGZJjMRgax7ZLCSQ
    [notify_time] => 2016-09-14 17:44:18
    [notify_type] => trade_status_sync
    [out_trade_no] => 147384606156901
    [payment_type] => 1
    [seller_email] => 867672678@qq.com
    [seller_id] => 2088021266234053
    [subject] => 《御剑情缘》1000元代金券
    [total_fee] => 500.00
    [trade_no] => 2016091421001004910275597936
    [trade_status] => TRADE_SUCCESS
    [sign] => 0ae22eeacf508431230b665dbc1644a5
    [sign_type] => MD5
)

2016-09-14 17:48:12订单：付款成功，给了玩家相应的代金券
Array
(
    [discount] => 0.00
    [extra_common_param] => 1000
    [payment_type] => 1
    [subject] => 《御剑情缘》1000元代金券
    [trade_no] => 2016091421001004910275597936
    [buyer_email] => 13922211245
    [gmt_create] => 2016-09-14 17:43:59
    [notify_type] => trade_status_sync
    [quantity] => 1
    [out_trade_no] => 147384606156901
    [seller_id] => 2088021266234053
    [notify_time] => 2016-09-14 17:48:12
    [body] => 《御剑情缘》1000元代金券
    [trade_status] => TRADE_SUCCESS
    [is_total_fee_adjust] => N
    [total_fee] => 500.00
    [gmt_payment] => 2016-09-14 17:44:10
    [seller_email] => 867672678@qq.com
    [price] => 500.00
    [buyer_id] => 2088312643761911
    [notify_id] => 0c622a8b152fa8d0cc5ead0aa766bb4n0u
    [use_coupon] => N
    [sign_type] => MD5
    [sign] => 43410700e8660f1270dc0d35207b6da3
)

2016-09-14 17:55:39订单：付款成功，给了玩家相应的代金券
Array
(
    [discount] => 0.00
    [extra_common_param] => 1000
    [payment_type] => 1
    [subject] => 《诛仙yw》1000元代金券
    [trade_no] => 2016091321001004800254861270
    [buyer_email] => 174960848@qq.com
    [gmt_create] => 2016-09-13 17:31:50
    [notify_type] => trade_status_sync
    [quantity] => 1
    [out_trade_no] => 147375909676896
    [seller_id] => 2088021266234053
    [notify_time] => 2016-09-14 17:55:39
    [body] => 《诛仙yw》1000元代金券
    [trade_status] => TRADE_SUCCESS
    [is_total_fee_adjust] => N
    [total_fee] => 480.00
    [gmt_payment] => 2016-09-13 17:31:53
    [seller_email] => 867672678@qq.com
    [price] => 480.00
    [buyer_id] => 2088702663816803
    [notify_id] => d6b824cf9812b53e0320054d34d97e4m6a
    [use_coupon] => N
    [sign_type] => MD5
    [sign] => 7892b47a0d97a35158753e09fda539d5
)

2016-09-14 18:01:28订单：付款成功，给了玩家相应的代金券
Array
(
    [discount] => 0.00
    [extra_common_param] => 1000
    [payment_type] => 1
    [subject] => 《御剑情缘》1000元代金券
    [trade_no] => 2016091421001004910275597936
    [buyer_email] => 13922211245
    [gmt_create] => 2016-09-14 17:43:59
    [notify_type] => trade_status_sync
    [quantity] => 1
    [out_trade_no] => 147384606156901
    [seller_id] => 2088021266234053
    [notify_time] => 2016-09-14 18:01:23
    [body] => 《御剑情缘》1000元代金券
    [trade_status] => TRADE_SUCCESS
    [is_total_fee_adjust] => N
    [total_fee] => 500.00
    [gmt_payment] => 2016-09-14 17:44:10
    [seller_email] => 867672678@qq.com
    [price] => 500.00
    [buyer_id] => 2088312643761911
    [notify_id] => 0c622a8b152fa8d0cc5ead0aa766bb4n0u
    [use_coupon] => N
    [sign_type] => MD5
    [sign] => 2049070bf5f4c0fd1f409b217732c536
)

2016-09-14 18:01:35订单：付款成功，给了玩家相应的代金券
Array
(
    [discount] => 0.00
    [extra_common_param] => 1600
    [payment_type] => 1
    [subject] => 《御剑情缘》1600元代金券
    [trade_no] => 2016091421001004910280591131
    [buyer_email] => 13922211245
    [gmt_create] => 2016-09-14 16:37:33
    [notify_type] => trade_status_sync
    [quantity] => 1
    [out_trade_no] => 147384224324988
    [seller_id] => 2088021266234053
    [notify_time] => 2016-09-14 18:01:32
    [body] => 《御剑情缘》1600元代金券
    [trade_status] => TRADE_SUCCESS
    [is_total_fee_adjust] => N
    [total_fee] => 800.00
    [gmt_payment] => 2016-09-14 16:37:44
    [seller_email] => 867672678@qq.com
    [price] => 800.00
    [buyer_id] => 2088312643761911
    [notify_id] => 8cd7c53b4b4a36cba5d59badcef695bn0u
    [use_coupon] => N
    [sign_type] => MD5
    [sign] => 092277bf235d9f963ee8eae1c0537f87
)

2016-09-14 18:08:07订单：付款成功，给了玩家相应的代金券
Array
(
    [discount] => 0.00
    [extra_common_param] => 1000
    [payment_type] => 1
    [subject] => 《御剑情缘》1000元代金券
    [trade_no] => 2016091421001004910275597936
    [buyer_email] => 13922211245
    [gmt_create] => 2016-09-14 17:43:59
    [notify_type] => trade_status_sync
    [quantity] => 1
    [out_trade_no] => 147384606156901
    [seller_id] => 2088021266234053
    [notify_time] => 2016-09-14 18:08:07
    [body] => 《御剑情缘》1000元代金券
    [trade_status] => TRADE_SUCCESS
    [is_total_fee_adjust] => N
    [total_fee] => 500.00
    [gmt_payment] => 2016-09-14 17:44:10
    [seller_email] => 867672678@qq.com
    [price] => 500.00
    [buyer_id] => 2088312643761911
    [notify_id] => 0c622a8b152fa8d0cc5ead0aa766bb4n0u
    [use_coupon] => N
    [sign_type] => MD5
    [sign] => 580d01f7f8734d85a8bf4bd0c3ab6e80
)

2016-09-14 18:40:43订单：付款成功，给了玩家相应的代金券
Array
(
    [discount] => 0.00
    [extra_common_param] => 500
    [payment_type] => 1
    [subject] => 《诛仙yw》500元代金券
    [trade_no] => 2016091321001004800253347787
    [buyer_email] => 174960848@qq.com
    [gmt_create] => 2016-09-13 18:16:45
    [notify_type] => trade_status_sync
    [quantity] => 1
    [out_trade_no] => 147376179858940
    [seller_id] => 2088021266234053
    [notify_time] => 2016-09-14 18:40:43
    [body] => 《诛仙yw》500元代金券
    [trade_status] => TRADE_SUCCESS
    [is_total_fee_adjust] => N
    [total_fee] => 240.00
    [gmt_payment] => 2016-09-13 18:16:48
    [seller_email] => 867672678@qq.com
    [price] => 240.00
    [buyer_id] => 2088702663816803
    [notify_id] => a82b406967646a731a928f083467322m6a
    [use_coupon] => N
    [sign_type] => MD5
    [sign] => ba7bb9b8cfb0a10980e2d3b5b67a9e6d
)

2016-09-14 18:43:18订单：付款成功，给了玩家相应的代金券
Array
(
    [discount] => 0.00
    [extra_common_param] => 600
    [payment_type] => 1
    [subject] => 《龙战于野》600元代金券
    [trade_no] => 2016091421001004100265430344
    [buyer_email] => zhengwanyi@hotmail.com
    [gmt_create] => 2016-09-14 18:43:09
    [notify_type] => trade_status_sync
    [quantity] => 1
    [out_trade_no] => 147384977574351
    [seller_id] => 2088021266234053
    [notify_time] => 2016-09-14 18:43:18
    [body] => 《龙战于野》600元代金券
    [trade_status] => TRADE_SUCCESS
    [is_total_fee_adjust] => N
    [total_fee] => 240.00
    [gmt_payment] => 2016-09-14 18:43:18
    [seller_email] => 867672678@qq.com
    [price] => 240.00
    [buyer_id] => 2088002293236104
    [notify_id] => fe4c8256f5e6652ed292e372211a653gru
    [use_coupon] => N
    [sign_type] => MD5
    [sign] => 5171d2fe1a6a6ac82ce3ebf4bebbcf24
)

2016-09-14 18:43:29订单：付款成功，给了玩家相应的代金券
Array
(
    [body] => 《龙战于野》600元代金券
    [buyer_email] => zhengwanyi@hotmail.com
    [buyer_id] => 2088002293236104
    [exterface] => create_direct_pay_by_user
    [extra_common_param] => 600
    [is_success] => T
    [notify_id] => RqPnCoPT3K9%2Fvwbh3InWfV18NrF22nqfB2QH4U4DzKmTnYKeRZLPu%2FJ%2FpSwriyAAzHJK
    [notify_time] => 2016-09-14 18:43:25
    [notify_type] => trade_status_sync
    [out_trade_no] => 147384977574351
    [payment_type] => 1
    [seller_email] => 867672678@qq.com
    [seller_id] => 2088021266234053
    [subject] => 《龙战于野》600元代金券
    [total_fee] => 240.00
    [trade_no] => 2016091421001004100265430344
    [trade_status] => TRADE_SUCCESS
    [sign] => 40c0d7878d29b57521f171904beaa084
    [sign_type] => MD5
)

2016-09-14 18:45:35订单：付款成功，给了玩家相应的代金券
Array
(
    [discount] => 0.00
    [extra_common_param] => 345
    [payment_type] => 1
    [subject] => 《诛仙yw》345元代金券
    [trade_no] => 2016091421001004800267631850
    [buyer_email] => 174960848@qq.com
    [gmt_create] => 2016-09-14 09:20:49
    [notify_type] => trade_status_sync
    [quantity] => 1
    [out_trade_no] => 147381604238128
    [seller_id] => 2088021266234053
    [notify_time] => 2016-09-14 18:45:34
    [body] => 《诛仙yw》345元代金券
    [trade_status] => TRADE_SUCCESS
    [is_total_fee_adjust] => N
    [total_fee] => 165.60
    [gmt_payment] => 2016-09-14 09:20:53
    [seller_email] => 867672678@qq.com
    [price] => 165.60
    [buyer_id] => 2088702663816803
    [notify_id] => b7f17fbe538d19c6f9da1bb3822e17dm6a
    [use_coupon] => N
    [sign_type] => MD5
    [sign] => a2e7650d901c3a9b4cea2b7b7fe133d3
)

2016-09-14 18:47:50订单：付款成功，给了玩家相应的代金券
Array
(
    [discount] => 0.00
    [extra_common_param] => 600
    [payment_type] => 1
    [subject] => 《龙战于野》600元代金券
    [trade_no] => 2016091421001004100265430344
    [buyer_email] => zhengwanyi@hotmail.com
    [gmt_create] => 2016-09-14 18:43:09
    [notify_type] => trade_status_sync
    [quantity] => 1
    [out_trade_no] => 147384977574351
    [seller_id] => 2088021266234053
    [notify_time] => 2016-09-14 18:47:50
    [body] => 《龙战于野》600元代金券
    [trade_status] => TRADE_SUCCESS
    [is_total_fee_adjust] => N
    [total_fee] => 240.00
    [gmt_payment] => 2016-09-14 18:43:18
    [seller_email] => 867672678@qq.com
    [price] => 240.00
    [buyer_id] => 2088002293236104
    [notify_id] => fe4c8256f5e6652ed292e372211a653gru
    [use_coupon] => N
    [sign_type] => MD5
    [sign] => 043f35efe5cf50c99ec6e73d0124f645
)

2016-09-14 18:58:38订单：付款成功，给了玩家相应的代金券
Array
(
    [discount] => 0.00
    [extra_common_param] => 600
    [payment_type] => 1
    [subject] => 《龙战于野》600元代金券
    [trade_no] => 2016091421001004100265430344
    [buyer_email] => zhengwanyi@hotmail.com
    [gmt_create] => 2016-09-14 18:43:09
    [notify_type] => trade_status_sync
    [quantity] => 1
    [out_trade_no] => 147384977574351
    [seller_id] => 2088021266234053
    [notify_time] => 2016-09-14 18:58:37
    [body] => 《龙战于野》600元代金券
    [trade_status] => TRADE_SUCCESS
    [is_total_fee_adjust] => N
    [total_fee] => 240.00
    [gmt_payment] => 2016-09-14 18:43:18
    [seller_email] => 867672678@qq.com
    [price] => 240.00
    [buyer_id] => 2088002293236104
    [notify_id] => fe4c8256f5e6652ed292e372211a653gru
    [use_coupon] => N
    [sign_type] => MD5
    [sign] => a7ce63a46bb2a22d88d6253478106e34
)

2016-09-14 19:07:34订单：付款成功，给了玩家相应的代金券
Array
(
    [discount] => 0.00
    [extra_common_param] => 600
    [payment_type] => 1
    [subject] => 《龙战于野》600元代金券
    [trade_no] => 2016091421001004100265430344
    [buyer_email] => zhengwanyi@hotmail.com
    [gmt_create] => 2016-09-14 18:43:09
    [notify_type] => trade_status_sync
    [quantity] => 1
    [out_trade_no] => 147384977574351
    [seller_id] => 2088021266234053
    [notify_time] => 2016-09-14 19:07:32
    [body] => 《龙战于野》600元代金券
    [trade_status] => TRADE_SUCCESS
    [is_total_fee_adjust] => N
    [total_fee] => 240.00
    [gmt_payment] => 2016-09-14 18:43:18
    [seller_email] => 867672678@qq.com
    [price] => 240.00
    [buyer_id] => 2088002293236104
    [notify_id] => fe4c8256f5e6652ed292e372211a653gru
    [use_coupon] => N
    [sign_type] => MD5
    [sign] => 1f00a170501a598a4602ffc6428f02c7
)

2016-09-14 19:08:30订单：付款成功，给了玩家相应的代金券
Array
(
    [discount] => 0.00
    [extra_common_param] => 1000
    [payment_type] => 1
    [subject] => 《御剑情缘》1000元代金券
    [trade_no] => 2016091421001004910275597936
    [buyer_email] => 13922211245
    [gmt_create] => 2016-09-14 17:43:59
    [notify_type] => trade_status_sync
    [quantity] => 1
    [out_trade_no] => 147384606156901
    [seller_id] => 2088021266234053
    [notify_time] => 2016-09-14 19:08:30
    [body] => 《御剑情缘》1000元代金券
    [trade_status] => TRADE_SUCCESS
    [is_total_fee_adjust] => N
    [total_fee] => 500.00
    [gmt_payment] => 2016-09-14 17:44:10
    [seller_email] => 867672678@qq.com
    [price] => 500.00
    [buyer_id] => 2088312643761911
    [notify_id] => 0c622a8b152fa8d0cc5ead0aa766bb4n0u
    [use_coupon] => N
    [sign_type] => MD5
    [sign] => 81f936b007fd7a468058d2bffc79788a
)

2016-09-14 19:25:51订单：付款成功，给了玩家相应的代金券
Array
(
    [discount] => 0.00
    [extra_common_param] => 517
    [payment_type] => 1
    [subject] => 《诛仙yw》517元代金券
    [trade_no] => 2016091421001004800266906467
    [buyer_email] => 174960848@qq.com
    [gmt_create] => 2016-09-14 10:00:19
    [notify_type] => trade_status_sync
    [quantity] => 1
    [out_trade_no] => 147381841047764
    [seller_id] => 2088021266234053
    [notify_time] => 2016-09-14 19:25:51
    [body] => 《诛仙yw》517元代金券
    [trade_status] => TRADE_SUCCESS
    [is_total_fee_adjust] => N
    [total_fee] => 248.20
    [gmt_payment] => 2016-09-14 10:00:23
    [seller_email] => 867672678@qq.com
    [price] => 248.20
    [buyer_id] => 2088702663816803
    [notify_id] => 2ffe97fcd6de14cd8144c21f2c23167m6a
    [use_coupon] => N
    [sign_type] => MD5
    [sign] => 49771325803dabe93535bee52342deae
)

2016-09-14 19:43:09订单：付款成功，给了玩家相应的代金券
Array
(
    [discount] => 0.00
    [extra_common_param] => 500
    [payment_type] => 1
    [subject] => 《诛仙yw》500元代金券
    [trade_no] => 2016091421001004020281301263
    [buyer_email] => 7776944@qq.com
    [gmt_create] => 2016-09-14 19:43:04
    [notify_type] => trade_status_sync
    [quantity] => 1
    [out_trade_no] => 147385335868280
    [seller_id] => 2088021266234053
    [notify_time] => 2016-09-14 19:43:09
    [body] => 《诛仙yw》500元代金券
    [trade_status] => TRADE_SUCCESS
    [is_total_fee_adjust] => N
    [total_fee] => 240.00
    [gmt_payment] => 2016-09-14 19:43:08
    [seller_email] => 867672678@qq.com
    [price] => 240.00
    [buyer_id] => 2088802114624024
    [notify_id] => 310813a567524067e09a4ff42c811c1g5m
    [use_coupon] => N
    [sign_type] => MD5
    [sign] => 63ae4c7d05cb41bf5f690673a04133a2
)

2016-09-14 19:43:21订单：付款成功，给了玩家相应的代金券
Array
(
    [body] => 《诛仙yw》500元代金券
    [buyer_email] => 7776944@qq.com
    [buyer_id] => 2088802114624024
    [exterface] => create_direct_pay_by_user
    [extra_common_param] => 500
    [is_success] => T
    [notify_id] => RqPnCoPT3K9%2Fvwbh3InWfV19kzfMRE%2FTmpWNsXMwLC1QzQgX%2F6Af55mELCkEiPu16OOZ
    [notify_time] => 2016-09-14 19:43:18
    [notify_type] => trade_status_sync
    [out_trade_no] => 147385335868280
    [payment_type] => 1
    [seller_email] => 867672678@qq.com
    [seller_id] => 2088021266234053
    [subject] => 《诛仙yw》500元代金券
    [total_fee] => 240.00
    [trade_no] => 2016091421001004020281301263
    [trade_status] => TRADE_SUCCESS
    [sign] => f5635826024547d3537ee3c218fb6ed2
    [sign_type] => MD5
)

2016-09-14 19:47:13订单：付款成功，给了玩家相应的代金券
Array
(
    [discount] => 0.00
    [extra_common_param] => 500
    [payment_type] => 1
    [subject] => 《诛仙yw》500元代金券
    [trade_no] => 2016091421001004020281301263
    [buyer_email] => 7776944@qq.com
    [gmt_create] => 2016-09-14 19:43:04
    [notify_type] => trade_status_sync
    [quantity] => 1
    [out_trade_no] => 147385335868280
    [seller_id] => 2088021266234053
    [notify_time] => 2016-09-14 19:47:10
    [body] => 《诛仙yw》500元代金券
    [trade_status] => TRADE_SUCCESS
    [is_total_fee_adjust] => N
    [total_fee] => 240.00
    [gmt_payment] => 2016-09-14 19:43:08
    [seller_email] => 867672678@qq.com
    [price] => 240.00
    [buyer_id] => 2088802114624024
    [notify_id] => 310813a567524067e09a4ff42c811c1g5m
    [use_coupon] => N
    [sign_type] => MD5
    [sign] => 4f3626d3f1fbf521a2dcf7091c9d6e82
)

2016-09-14 19:58:49订单：付款成功，给了玩家相应的代金券
Array
(
    [discount] => 0.00
    [extra_common_param] => 500
    [payment_type] => 1
    [subject] => 《诛仙yw》500元代金券
    [trade_no] => 2016091421001004020281301263
    [buyer_email] => 7776944@qq.com
    [gmt_create] => 2016-09-14 19:43:04
    [notify_type] => trade_status_sync
    [quantity] => 1
    [out_trade_no] => 147385335868280
    [seller_id] => 2088021266234053
    [notify_time] => 2016-09-14 19:58:49
    [body] => 《诛仙yw》500元代金券
    [trade_status] => TRADE_SUCCESS
    [is_total_fee_adjust] => N
    [total_fee] => 240.00
    [gmt_payment] => 2016-09-14 19:43:08
    [seller_email] => 867672678@qq.com
    [price] => 240.00
    [buyer_id] => 2088802114624024
    [notify_id] => 310813a567524067e09a4ff42c811c1g5m
    [use_coupon] => N
    [sign_type] => MD5
    [sign] => fcde68b9406693514c69fd99ee7a71a9
)

2016-09-14 20:01:15订单：付款成功，给了玩家相应的代金券
Array
(
    [discount] => 0.00
    [extra_common_param] => 1600
    [payment_type] => 1
    [subject] => 《御剑情缘》1600元代金券
    [trade_no] => 2016091421001004910280591131
    [buyer_email] => 13922211245
    [gmt_create] => 2016-09-14 16:37:33
    [notify_type] => trade_status_sync
    [quantity] => 1
    [out_trade_no] => 147384224324988
    [seller_id] => 2088021266234053
    [notify_time] => 2016-09-14 20:01:15
    [body] => 《御剑情缘》1600元代金券
    [trade_status] => TRADE_SUCCESS
    [is_total_fee_adjust] => N
    [total_fee] => 800.00
    [gmt_payment] => 2016-09-14 16:37:44
    [seller_email] => 867672678@qq.com
    [price] => 800.00
    [buyer_id] => 2088312643761911
    [notify_id] => 8cd7c53b4b4a36cba5d59badcef695bn0u
    [use_coupon] => N
    [sign_type] => MD5
    [sign] => e5f2784e99bb7ed0114792d91075d23f
)

2016-09-14 20:07:04订单：付款成功，给了玩家相应的代金券
Array
(
    [discount] => 0.00
    [extra_common_param] => 600
    [payment_type] => 1
    [subject] => 《龙战于野》600元代金券
    [trade_no] => 2016091421001004100265430344
    [buyer_email] => zhengwanyi@hotmail.com
    [gmt_create] => 2016-09-14 18:43:09
    [notify_type] => trade_status_sync
    [quantity] => 1
    [out_trade_no] => 147384977574351
    [seller_id] => 2088021266234053
    [notify_time] => 2016-09-14 20:07:04
    [body] => 《龙战于野》600元代金券
    [trade_status] => TRADE_SUCCESS
    [is_total_fee_adjust] => N
    [total_fee] => 240.00
    [gmt_payment] => 2016-09-14 18:43:18
    [seller_email] => 867672678@qq.com
    [price] => 240.00
    [buyer_id] => 2088002293236104
    [notify_id] => fe4c8256f5e6652ed292e372211a653gru
    [use_coupon] => N
    [sign_type] => MD5
    [sign] => bbb5e5e03da29f6a2068520c8f569771
)

2016-09-14 20:07:05订单：付款成功，给了玩家相应的代金券
Array
(
    [discount] => 0.00
    [extra_common_param] => 1600
    [payment_type] => 1
    [subject] => 《诛仙yw》1600元代金券
    [trade_no] => 2016091421001004800273055528
    [buyer_email] => 174960848@qq.com
    [gmt_create] => 2016-09-14 10:41:06
    [notify_type] => trade_status_sync
    [quantity] => 1
    [out_trade_no] => 147382085916349
    [seller_id] => 2088021266234053
    [notify_time] => 2016-09-14 20:07:05
    [body] => 《诛仙yw》1600元代金券
    [trade_status] => TRADE_SUCCESS
    [is_total_fee_adjust] => N
    [total_fee] => 768.00
    [gmt_payment] => 2016-09-14 10:41:10
    [seller_email] => 867672678@qq.com
    [price] => 768.00
    [buyer_id] => 2088702663816803
    [notify_id] => f27d9dde90db193a3d9a521d9ac1c81m6a
    [use_coupon] => N
    [sign_type] => MD5
    [sign] => 8439fb1dbcf4405353a3dea78abb021e
)

2016-09-14 20:07:25订单：付款成功，给了玩家相应的代金券
Array
(
    [discount] => 0.00
    [extra_common_param] => 500
    [payment_type] => 1
    [subject] => 《诛仙yw》500元代金券
    [trade_no] => 2016091421001004020281301263
    [buyer_email] => 7776944@qq.com
    [gmt_create] => 2016-09-14 19:43:04
    [notify_type] => trade_status_sync
    [quantity] => 1
    [out_trade_no] => 147385335868280
    [seller_id] => 2088021266234053
    [notify_time] => 2016-09-14 20:07:24
    [body] => 《诛仙yw》500元代金券
    [trade_status] => TRADE_SUCCESS
    [is_total_fee_adjust] => N
    [total_fee] => 240.00
    [gmt_payment] => 2016-09-14 19:43:08
    [seller_email] => 867672678@qq.com
    [price] => 240.00
    [buyer_id] => 2088802114624024
    [notify_id] => 310813a567524067e09a4ff42c811c1g5m
    [use_coupon] => N
    [sign_type] => MD5
    [sign] => 82daeb7d62ac59855dbb209859ae72dc
)

2016-09-14 20:16:37订单：付款成功，给了玩家相应的代金券
Array
(
    [discount] => 0.00
    [extra_common_param] => 1000
    [payment_type] => 1
    [subject] => 《诛仙yw》1000元代金券
    [trade_no] => 2016091321001004800270554725
    [buyer_email] => 174960848@qq.com
    [gmt_create] => 2016-09-13 19:52:44
    [notify_type] => trade_status_sync
    [quantity] => 1
    [out_trade_no] => 147376754009823
    [seller_id] => 2088021266234053
    [notify_time] => 2016-09-14 20:16:37
    [body] => 《诛仙yw》1000元代金券
    [trade_status] => TRADE_SUCCESS
    [is_total_fee_adjust] => N
    [total_fee] => 480.00
    [gmt_payment] => 2016-09-13 19:52:47
    [seller_email] => 867672678@qq.com
    [price] => 480.00
    [buyer_id] => 2088702663816803
    [notify_id] => 8e0dd37dfc7d6ccf453e6c2e58107e0m6a
    [use_coupon] => N
    [sign_type] => MD5
    [sign] => 87404ee9efde6cdd54e6761a0a3de579
)

2016-09-14 20:31:14订单：付款成功，给了玩家相应的代金券
Array
(
    [discount] => 0.00
    [extra_common_param] => 648
    [payment_type] => 1
    [subject] => 《龙战于野》648元代金券
    [trade_no] => 2016091421001004440234264826
    [buyer_email] => 283266479@qq.com
    [gmt_create] => 2016-09-14 20:31:05
    [notify_type] => trade_status_sync
    [quantity] => 1
    [out_trade_no] => 147385625884305
    [seller_id] => 2088021266234053
    [notify_time] => 2016-09-14 20:31:12
    [body] => 《龙战于野》648元代金券
    [trade_status] => TRADE_SUCCESS
    [is_total_fee_adjust] => N
    [total_fee] => 259.20
    [gmt_payment] => 2016-09-14 20:31:12
    [seller_email] => 867672678@qq.com
    [price] => 259.20
    [buyer_id] => 2088312127602442
    [notify_id] => 47e271810f505066ab6ff66dc8278fbjea
    [use_coupon] => N
    [sign_type] => MD5
    [sign] => 1be5f732a44516431eb0da0786987791
)

2016-09-14 20:31:26订单：付款成功，给了玩家相应的代金券
Array
(
    [body] => 《龙战于野》648元代金券
    [buyer_email] => 283266479@qq.com
    [buyer_id] => 2088312127602442
    [exterface] => create_direct_pay_by_user
    [extra_common_param] => 648
    [is_success] => T
    [notify_id] => RqPnCoPT3K9%2Fvwbh3InWfV19ljwJGLs5wQXUdoVe4CJ0%2B7iGM6mkE605EeOimXRuwXj1
    [notify_time] => 2016-09-14 20:31:20
    [notify_type] => trade_status_sync
    [out_trade_no] => 147385625884305
    [payment_type] => 1
    [seller_email] => 867672678@qq.com
    [seller_id] => 2088021266234053
    [subject] => 《龙战于野》648元代金券
    [total_fee] => 259.20
    [trade_no] => 2016091421001004440234264826
    [trade_status] => TRADE_SUCCESS
    [sign] => aff260c2097bc0fd4c05650e35f6717e
    [sign_type] => MD5
)

2016-09-14 20:34:32支付宝验证失败
Array
(
    [body] => 《龙战于野》648元代金券
    [buyer_email] => 283266479@qq.com
    [buyer_id] => 2088312127602442
    [exterface] => create_direct_pay_by_user
    [extra_common_param] => 648
    [is_success] => T
    [notify_id] => RqPnCoPT3K9/vwbh3InWfV19ljwJGLs5wQXUdoVe4CJ0+7iGM6mkE605EeOimXRuwXj1
    [notify_time] => 2016-09-14 20:31:20
    [notify_type] => trade_status_sync
    [out_trade_no] => 147385625884305
    [payment_type] => 1
    [seller_email] => 867672678@qq.com
    [seller_id] => 2088021266234053
    [subject] => 《龙战于野》648元代金券
    [total_fee] => 259.20
    [trade_no] => 2016091421001004440234264826
    [trade_status] => TRADE_SUCCESS
    [sign] => aff260c2097bc0fd4c05650e35f6717e
    [sign_type] => MD5
)

2016-09-14 20:35:41订单：付款成功，给了玩家相应的代金券
Array
(
    [discount] => 0.00
    [extra_common_param] => 648
    [payment_type] => 1
    [subject] => 《龙战于野》648元代金券
    [trade_no] => 2016091421001004440234264826
    [buyer_email] => 283266479@qq.com
    [gmt_create] => 2016-09-14 20:31:05
    [notify_type] => trade_status_sync
    [quantity] => 1
    [out_trade_no] => 147385625884305
    [seller_id] => 2088021266234053
    [notify_time] => 2016-09-14 20:35:39
    [body] => 《龙战于野》648元代金券
    [trade_status] => TRADE_SUCCESS
    [is_total_fee_adjust] => N
    [total_fee] => 259.20
    [gmt_payment] => 2016-09-14 20:31:12
    [seller_email] => 867672678@qq.com
    [price] => 259.20
    [buyer_id] => 2088312127602442
    [notify_id] => 47e271810f505066ab6ff66dc8278fbjea
    [use_coupon] => N
    [sign_type] => MD5
    [sign] => 26937b257bc364b466f3ea7b1947afbb
)

2016-09-14 20:48:46订单：付款成功，给了玩家相应的代金券
Array
(
    [discount] => 0.00
    [extra_common_param] => 648
    [payment_type] => 1
    [subject] => 《龙战于野》648元代金券
    [trade_no] => 2016091421001004440234264826
    [buyer_email] => 283266479@qq.com
    [gmt_create] => 2016-09-14 20:31:05
    [notify_type] => trade_status_sync
    [quantity] => 1
    [out_trade_no] => 147385625884305
    [seller_id] => 2088021266234053
    [notify_time] => 2016-09-14 20:48:46
    [body] => 《龙战于野》648元代金券
    [trade_status] => TRADE_SUCCESS
    [is_total_fee_adjust] => N
    [total_fee] => 259.20
    [gmt_payment] => 2016-09-14 20:31:12
    [seller_email] => 867672678@qq.com
    [price] => 259.20
    [buyer_id] => 2088312127602442
    [notify_id] => 47e271810f505066ab6ff66dc8278fbjea
    [use_coupon] => N
    [sign_type] => MD5
    [sign] => 6cc7b3bc7cb3bcccd48e9a12962da3db
)

2016-09-14 20:55:11订单：付款成功，给了玩家相应的代金券
Array
(
    [discount] => 0.00
    [extra_common_param] => 345
    [payment_type] => 1
    [subject] => 《诛仙yw》345元代金券
    [trade_no] => 2016091421001004800269260525
    [buyer_email] => 174960848@qq.com
    [gmt_create] => 2016-09-14 11:30:01
    [notify_type] => trade_status_sync
    [quantity] => 1
    [out_trade_no] => 147382379254545
    [seller_id] => 2088021266234053
    [notify_time] => 2016-09-14 20:55:10
    [body] => 《诛仙yw》345元代金券
    [trade_status] => TRADE_SUCCESS
    [is_total_fee_adjust] => N
    [total_fee] => 165.60
    [gmt_payment] => 2016-09-14 11:30:05
    [seller_email] => 867672678@qq.com
    [price] => 165.60
    [buyer_id] => 2088702663816803
    [notify_id] => 5aada4152379667f2b7c63824b5a492m6a
    [use_coupon] => N
    [sign_type] => MD5
    [sign] => ef16beebea3456d5dde8dba5274d8135
)

2016-09-14 20:55:29订单：付款成功，给了玩家相应的代金券
Array
(
    [discount] => 0.00
    [extra_common_param] => 648
    [payment_type] => 1
    [subject] => 《龙战于野》648元代金券
    [trade_no] => 2016091421001004440234264826
    [buyer_email] => 283266479@qq.com
    [gmt_create] => 2016-09-14 20:31:05
    [notify_type] => trade_status_sync
    [quantity] => 1
    [out_trade_no] => 147385625884305
    [seller_id] => 2088021266234053
    [notify_time] => 2016-09-14 20:55:27
    [body] => 《龙战于野》648元代金券
    [trade_status] => TRADE_SUCCESS
    [is_total_fee_adjust] => N
    [total_fee] => 259.20
    [gmt_payment] => 2016-09-14 20:31:12
    [seller_email] => 867672678@qq.com
    [price] => 259.20
    [buyer_id] => 2088312127602442
    [notify_id] => 47e271810f505066ab6ff66dc8278fbjea
    [use_coupon] => N
    [sign_type] => MD5
    [sign] => 6f12367bf7d6f23548480c8acf5a5e47
)

2016-09-14 21:07:07订单：付款成功，给了玩家相应的代金券
Array
(
    [discount] => 0.00
    [extra_common_param] => 500
    [payment_type] => 1
    [subject] => 《诛仙yw》500元代金券
    [trade_no] => 2016091421001004020281301263
    [buyer_email] => 7776944@qq.com
    [gmt_create] => 2016-09-14 19:43:04
    [notify_type] => trade_status_sync
    [quantity] => 1
    [out_trade_no] => 147385335868280
    [seller_id] => 2088021266234053
    [notify_time] => 2016-09-14 21:07:06
    [body] => 《诛仙yw》500元代金券
    [trade_status] => TRADE_SUCCESS
    [is_total_fee_adjust] => N
    [total_fee] => 240.00
    [gmt_payment] => 2016-09-14 19:43:08
    [seller_email] => 867672678@qq.com
    [price] => 240.00
    [buyer_id] => 2088802114624024
    [notify_id] => 310813a567524067e09a4ff42c811c1g5m
    [use_coupon] => N
    [sign_type] => MD5
    [sign] => e76b07d91341fb0e3a43c2f009745a97
)

2016-09-14 21:08:19订单：付款成功，给了玩家相应的代金券
Array
(
    [discount] => 0.00
    [extra_common_param] => 1000
    [payment_type] => 1
    [subject] => 《御剑情缘》1000元代金券
    [trade_no] => 2016091421001004910275597936
    [buyer_email] => 13922211245
    [gmt_create] => 2016-09-14 17:43:59
    [notify_type] => trade_status_sync
    [quantity] => 1
    [out_trade_no] => 147384606156901
    [seller_id] => 2088021266234053
    [notify_time] => 2016-09-14 21:08:19
    [body] => 《御剑情缘》1000元代金券
    [trade_status] => TRADE_SUCCESS
    [is_total_fee_adjust] => N
    [total_fee] => 500.00
    [gmt_payment] => 2016-09-14 17:44:10
    [seller_email] => 867672678@qq.com
    [price] => 500.00
    [buyer_id] => 2088312643761911
    [notify_id] => 0c622a8b152fa8d0cc5ead0aa766bb4n0u
    [use_coupon] => N
    [sign_type] => MD5
    [sign] => 5baa9c090c3d6ae71aa6ac3b6e26959b
)

2016-09-14 21:10:13订单：付款成功，给了玩家相应的代金券
Array
(
    [discount] => 0.00
    [extra_common_param] => 25
    [payment_type] => 1
    [subject] => 《龙战于野》25元代金券
    [trade_no] => 2016091421001004440234359556
    [buyer_email] => 283266479@qq.com
    [gmt_create] => 2016-09-14 21:10:09
    [notify_type] => trade_status_sync
    [quantity] => 1
    [out_trade_no] => 147385860032544
    [seller_id] => 2088021266234053
    [notify_time] => 2016-09-14 21:10:13
    [body] => 《龙战于野》25元代金券
    [trade_status] => TRADE_SUCCESS
    [is_total_fee_adjust] => N
    [total_fee] => 10.00
    [gmt_payment] => 2016-09-14 21:10:12
    [seller_email] => 867672678@qq.com
    [price] => 10.00
    [buyer_id] => 2088312127602442
    [notify_id] => e2387b3cc1cbcc8ecbbeed1cfcbb809jea
    [use_coupon] => N
    [sign_type] => MD5
    [sign] => 0321eaa98544531e04368b5f9f21effd
)

2016-09-14 21:10:34订单：付款成功，给了玩家相应的代金券
Array
(
    [body] => 《龙战于野》25元代金券
    [buyer_email] => 283266479@qq.com
    [buyer_id] => 2088312127602442
    [exterface] => create_direct_pay_by_user
    [extra_common_param] => 25
    [is_success] => T
    [notify_id] => RqPnCoPT3K9%2Fvwbh3InWfV19mNqvtdswzDvUHLpPtAKiy6AyAm%2Fw%2BqZ47TnAuoPVYx4e
    [notify_time] => 2016-09-14 21:10:21
    [notify_type] => trade_status_sync
    [out_trade_no] => 147385860032544
    [payment_type] => 1
    [seller_email] => 867672678@qq.com
    [seller_id] => 2088021266234053
    [subject] => 《龙战于野》25元代金券
    [total_fee] => 10.00
    [trade_no] => 2016091421001004440234359556
    [trade_status] => TRADE_SUCCESS
    [sign] => d83d91e25e66ec06fb9cda1666388c8c
    [sign_type] => MD5
)

2016-09-14 21:10:35支付宝验证失败
Array
(
    [body] => 《龙战于野》25元代金券
    [buyer_email] => 283266479@qq.com
    [buyer_id] => 2088312127602442
    [exterface] => create_direct_pay_by_user
    [extra_common_param] => 25
    [is_success] => T
    [notify_id] => RqPnCoPT3K9/vwbh3InWfV19mNqvtdswzDvUHLpPtAKiy6AyAm/w+qZ47TnAuoPVYx4e
    [notify_time] => 2016-09-14 21:10:21
    [notify_type] => trade_status_sync
    [out_trade_no] => 147385860032544
    [payment_type] => 1
    [seller_email] => 867672678@qq.com
    [seller_id] => 2088021266234053
    [subject] => 《龙战于野》25元代金券
    [total_fee] => 10.00
    [trade_no] => 2016091421001004440234359556
    [trade_status] => TRADE_SUCCESS
    [sign] => d83d91e25e66ec06fb9cda1666388c8c
    [sign_type] => MD5
)

2016-09-14 21:13:24支付宝验证失败
Array
(
    [body] => 《龙战于野》25元代金券
    [buyer_email] => 283266479@qq.com
    [buyer_id] => 2088312127602442
    [exterface] => create_direct_pay_by_user
    [extra_common_param] => 25
    [is_success] => T
    [notify_id] => RqPnCoPT3K9/vwbh3InWfV19mNqvtdswzDvUHLpPtAKiy6AyAm/w+qZ47TnAuoPVYx4e
    [notify_time] => 2016-09-14 21:10:21
    [notify_type] => trade_status_sync
    [out_trade_no] => 147385860032544
    [payment_type] => 1
    [seller_email] => 867672678@qq.com
    [seller_id] => 2088021266234053
    [subject] => 《龙战于野》25元代金券
    [total_fee] => 10.00
    [trade_no] => 2016091421001004440234359556
    [trade_status] => TRADE_SUCCESS
    [sign] => d83d91e25e66ec06fb9cda1666388c8c
    [sign_type] => MD5
)

2016-09-14 21:13:32支付宝验证失败
Array
(
    [body] => 《龙战于野》25元代金券
    [buyer_email] => 283266479@qq.com
    [buyer_id] => 2088312127602442
    [exterface] => create_direct_pay_by_user
    [extra_common_param] => 25
    [is_success] => T
    [notify_id] => RqPnCoPT3K9/vwbh3InWfV19mNqvtdswzDvUHLpPtAKiy6AyAm/w+qZ47TnAuoPVYx4e
    [notify_time] => 2016-09-14 21:10:21
    [notify_type] => trade_status_sync
    [out_trade_no] => 147385860032544
    [payment_type] => 1
    [seller_email] => 867672678@qq.com
    [seller_id] => 2088021266234053
    [subject] => 《龙战于野》25元代金券
    [total_fee] => 10.00
    [trade_no] => 2016091421001004440234359556
    [trade_status] => TRADE_SUCCESS
    [sign] => d83d91e25e66ec06fb9cda1666388c8c
    [sign_type] => MD5
)

2016-09-14 21:13:33支付宝验证失败
Array
(
    [body] => 《龙战于野》25元代金券
    [buyer_email] => 283266479@qq.com
    [buyer_id] => 2088312127602442
    [exterface] => create_direct_pay_by_user
    [extra_common_param] => 25
    [is_success] => T
    [notify_id] => RqPnCoPT3K9/vwbh3InWfV19mNqvtdswzDvUHLpPtAKiy6AyAm/w+qZ47TnAuoPVYx4e
    [notify_time] => 2016-09-14 21:10:21
    [notify_type] => trade_status_sync
    [out_trade_no] => 147385860032544
    [payment_type] => 1
    [seller_email] => 867672678@qq.com
    [seller_id] => 2088021266234053
    [subject] => 《龙战于野》25元代金券
    [total_fee] => 10.00
    [trade_no] => 2016091421001004440234359556
    [trade_status] => TRADE_SUCCESS
    [sign] => d83d91e25e66ec06fb9cda1666388c8c
    [sign_type] => MD5
)

2016-09-14 21:14:17订单：付款成功，给了玩家相应的代金券
Array
(
    [discount] => 0.00
    [extra_common_param] => 25
    [payment_type] => 1
    [subject] => 《龙战于野》25元代金券
    [trade_no] => 2016091421001004440234359556
    [buyer_email] => 283266479@qq.com
    [gmt_create] => 2016-09-14 21:10:09
    [notify_type] => trade_status_sync
    [quantity] => 1
    [out_trade_no] => 147385860032544
    [seller_id] => 2088021266234053
    [notify_time] => 2016-09-14 21:14:16
    [body] => 《龙战于野》25元代金券
    [trade_status] => TRADE_SUCCESS
    [is_total_fee_adjust] => N
    [total_fee] => 10.00
    [gmt_payment] => 2016-09-14 21:10:12
    [seller_email] => 867672678@qq.com
    [price] => 10.00
    [buyer_id] => 2088312127602442
    [notify_id] => e2387b3cc1cbcc8ecbbeed1cfcbb809jea
    [use_coupon] => N
    [sign_type] => MD5
    [sign] => 7f8f5deb90c509fd41f50f6666cb10b8
)

2016-09-14 21:27:39订单：付款成功，给了玩家相应的代金券
Array
(
    [discount] => 0.00
    [extra_common_param] => 25
    [payment_type] => 1
    [subject] => 《龙战于野》25元代金券
    [trade_no] => 2016091421001004440234359556
    [buyer_email] => 283266479@qq.com
    [gmt_create] => 2016-09-14 21:10:09
    [notify_type] => trade_status_sync
    [quantity] => 1
    [out_trade_no] => 147385860032544
    [seller_id] => 2088021266234053
    [notify_time] => 2016-09-14 21:27:39
    [body] => 《龙战于野》25元代金券
    [trade_status] => TRADE_SUCCESS
    [is_total_fee_adjust] => N
    [total_fee] => 10.00
    [gmt_payment] => 2016-09-14 21:10:12
    [seller_email] => 867672678@qq.com
    [price] => 10.00
    [buyer_id] => 2088312127602442
    [notify_id] => e2387b3cc1cbcc8ecbbeed1cfcbb809jea
    [use_coupon] => N
    [sign_type] => MD5
    [sign] => 45cfef9f866dfa0d2063a2ea1d3967ee
)

2016-09-14 21:34:44订单：付款成功，给了玩家相应的代金券
Array
(
    [discount] => 0.00
    [extra_common_param] => 25
    [payment_type] => 1
    [subject] => 《龙战于野》25元代金券
    [trade_no] => 2016091421001004440234359556
    [buyer_email] => 283266479@qq.com
    [gmt_create] => 2016-09-14 21:10:09
    [notify_type] => trade_status_sync
    [quantity] => 1
    [out_trade_no] => 147385860032544
    [seller_id] => 2088021266234053
    [notify_time] => 2016-09-14 21:34:43
    [body] => 《龙战于野》25元代金券
    [trade_status] => TRADE_SUCCESS
    [is_total_fee_adjust] => N
    [total_fee] => 10.00
    [gmt_payment] => 2016-09-14 21:10:12
    [seller_email] => 867672678@qq.com
    [price] => 10.00
    [buyer_id] => 2088312127602442
    [notify_id] => e2387b3cc1cbcc8ecbbeed1cfcbb809jea
    [use_coupon] => N
    [sign_type] => MD5
    [sign] => f75f27d1e3ba2b41804173a556c4290f
)

2016-09-14 21:55:35订单：付款成功，给了玩家相应的代金券
Array
(
    [discount] => 0.00
    [extra_common_param] => 648
    [payment_type] => 1
    [subject] => 《龙战于野》648元代金券
    [trade_no] => 2016091421001004440234264826
    [buyer_email] => 283266479@qq.com
    [gmt_create] => 2016-09-14 20:31:05
    [notify_type] => trade_status_sync
    [quantity] => 1
    [out_trade_no] => 147385625884305
    [seller_id] => 2088021266234053
    [notify_time] => 2016-09-14 21:55:35
    [body] => 《龙战于野》648元代金券
    [trade_status] => TRADE_SUCCESS
    [is_total_fee_adjust] => N
    [total_fee] => 259.20
    [gmt_payment] => 2016-09-14 20:31:12
    [seller_email] => 867672678@qq.com
    [price] => 259.20
    [buyer_id] => 2088312127602442
    [notify_id] => 47e271810f505066ab6ff66dc8278fbjea
    [use_coupon] => N
    [sign_type] => MD5
    [sign] => 42d2be8978d9aa928fbfd7bd0d973255
)

2016-09-14 22:07:18订单：付款成功，给了玩家相应的代金券
Array
(
    [discount] => 0.00
    [extra_common_param] => 600
    [payment_type] => 1
    [subject] => 《龙战于野》600元代金券
    [trade_no] => 2016091421001004100265430344
    [buyer_email] => zhengwanyi@hotmail.com
    [gmt_create] => 2016-09-14 18:43:09
    [notify_type] => trade_status_sync
    [quantity] => 1
    [out_trade_no] => 147384977574351
    [seller_id] => 2088021266234053
    [notify_time] => 2016-09-14 22:07:18
    [body] => 《龙战于野》600元代金券
    [trade_status] => TRADE_SUCCESS
    [is_total_fee_adjust] => N
    [total_fee] => 240.00
    [gmt_payment] => 2016-09-14 18:43:18
    [seller_email] => 867672678@qq.com
    [price] => 240.00
    [buyer_id] => 2088002293236104
    [notify_id] => fe4c8256f5e6652ed292e372211a653gru
    [use_coupon] => N
    [sign_type] => MD5
    [sign] => 501f83389bf70eb263048678a31a399b
)

2016-09-14 22:14:19订单：付款成功，给了玩家相应的代金券
Array
(
    [discount] => 0.00
    [extra_common_param] => 6
    [payment_type] => 1
    [subject] => 《龙战于野》6元代金券
    [trade_no] => 2016091421001004380252929908
    [buyer_email] => 378163524@qq.com
    [gmt_create] => 2016-09-14 12:50:19
    [notify_type] => trade_status_sync
    [quantity] => 1
    [out_trade_no] => 147382859857858
    [seller_id] => 2088021266234053
    [notify_time] => 2016-09-14 22:14:19
    [body] => 《龙战于野》6元代金券
    [trade_status] => TRADE_SUCCESS
    [is_total_fee_adjust] => N
    [total_fee] => 2.40
    [gmt_payment] => 2016-09-14 12:50:45
    [seller_email] => 867672678@qq.com
    [price] => 2.40
    [buyer_id] => 2088712024103389
    [notify_id] => d6cf63cf2ae49c99c8280e7b6fc3a63ixm
    [use_coupon] => N
    [sign_type] => MD5
    [sign] => f8c50748fe3c61bf077e76d8f379c828
)

2016-09-14 22:34:15订单：付款成功，给了玩家相应的代金券
Array
(
    [discount] => 0.00
    [extra_common_param] => 25
    [payment_type] => 1
    [subject] => 《龙战于野》25元代金券
    [trade_no] => 2016091421001004440234359556
    [buyer_email] => 283266479@qq.com
    [gmt_create] => 2016-09-14 21:10:09
    [notify_type] => trade_status_sync
    [quantity] => 1
    [out_trade_no] => 147385860032544
    [seller_id] => 2088021266234053
    [notify_time] => 2016-09-14 22:34:10
    [body] => 《龙战于野》25元代金券
    [trade_status] => TRADE_SUCCESS
    [is_total_fee_adjust] => N
    [total_fee] => 10.00
    [gmt_payment] => 2016-09-14 21:10:12
    [seller_email] => 867672678@qq.com
    [price] => 10.00
    [buyer_id] => 2088312127602442
    [notify_id] => e2387b3cc1cbcc8ecbbeed1cfcbb809jea
    [use_coupon] => N
    [sign_type] => MD5
    [sign] => 4483624d786ed21984c0c085486a30b4
)

2016-09-14 22:34:21订单：付款成功，给了玩家相应的代金券
Array
(
    [discount] => 0.00
    [extra_common_param] => 1400
    [payment_type] => 1
    [subject] => 《诛仙yw》1400元代金券
    [trade_no] => 2016091321001004800270558065
    [buyer_email] => 174960848@qq.com
    [gmt_create] => 2016-09-13 22:09:57
    [notify_type] => trade_status_sync
    [quantity] => 1
    [out_trade_no] => 147377579226766
    [seller_id] => 2088021266234053
    [notify_time] => 2016-09-14 22:34:21
    [body] => 《诛仙yw》1400元代金券
    [trade_status] => TRADE_SUCCESS
    [is_total_fee_adjust] => N
    [total_fee] => 672.00
    [gmt_payment] => 2016-09-13 22:10:01
    [seller_email] => 867672678@qq.com
    [price] => 672.00
    [buyer_id] => 2088702663816803
    [notify_id] => a733ea0fc2cbca74f68f5750236336am6a
    [use_coupon] => N
    [sign_type] => MD5
    [sign] => 61c0b3e9217a2c03a74e04736742aef2
)

2016-09-14 23:07:50订单：付款成功，给了玩家相应的代金券
Array
(
    [discount] => 0.00
    [extra_common_param] => 500
    [payment_type] => 1
    [subject] => 《诛仙yw》500元代金券
    [trade_no] => 2016091421001004020281301263
    [buyer_email] => 7776944@qq.com
    [gmt_create] => 2016-09-14 19:43:04
    [notify_type] => trade_status_sync
    [quantity] => 1
    [out_trade_no] => 147385335868280
    [seller_id] => 2088021266234053
    [notify_time] => 2016-09-14 23:07:50
    [body] => 《诛仙yw》500元代金券
    [trade_status] => TRADE_SUCCESS
    [is_total_fee_adjust] => N
    [total_fee] => 240.00
    [gmt_payment] => 2016-09-14 19:43:08
    [seller_email] => 867672678@qq.com
    [price] => 240.00
    [buyer_id] => 2088802114624024
    [notify_id] => 310813a567524067e09a4ff42c811c1g5m
    [use_coupon] => N
    [sign_type] => MD5
    [sign] => 1c3d7600bb81f6d4b60c55561b4cb067
)

2016-09-14 23:55:48订单：付款成功，给了玩家相应的代金券
Array
(
    [discount] => 0.00
    [extra_common_param] => 648
    [payment_type] => 1
    [subject] => 《龙战于野》648元代金券
    [trade_no] => 2016091421001004440234264826
    [buyer_email] => 283266479@qq.com
    [gmt_create] => 2016-09-14 20:31:05
    [notify_type] => trade_status_sync
    [quantity] => 1
    [out_trade_no] => 147385625884305
    [seller_id] => 2088021266234053
    [notify_time] => 2016-09-14 23:55:46
    [body] => 《龙战于野》648元代金券
    [trade_status] => TRADE_SUCCESS
    [is_total_fee_adjust] => N
    [total_fee] => 259.20
    [gmt_payment] => 2016-09-14 20:31:12
    [seller_email] => 867672678@qq.com
    [price] => 259.20
    [buyer_id] => 2088312127602442
    [notify_id] => 47e271810f505066ab6ff66dc8278fbjea
    [use_coupon] => N
    [sign_type] => MD5
    [sign] => fd063a8728878f399e53faf323d90e36
)

