2016-10-30 00:04:07订单：付款成功，给了玩家相应的代金券
Array
(
    [discount] => 0.00
    [extra_common_param] => 100
    [payment_type] => 1
    [subject] => 《诛仙yw》100元代金券
    [trade_no] => 2016102921001004800260905107
    [buyer_email] => 174960848@qq.com
    [gmt_create] => 2016-10-29 23:32:53
    [notify_type] => trade_status_sync
    [quantity] => 1
    [out_trade_no] => 147775516247313
    [seller_id] => 2088021266234053
    [notify_time] => 2016-10-30 00:04:07
    [body] => 《诛仙yw》100元代金券
    [trade_status] => TRADE_SUCCESS
    [is_total_fee_adjust] => N
    [total_fee] => 49.00
    [gmt_payment] => 2016-10-29 23:32:58
    [seller_email] => 867672678@qq.com
    [price] => 49.00
    [buyer_id] => 2088702663816803
    [notify_id] => e85e00c8f15c9ac0bdbbd188324bc3em6a
    [use_coupon] => N
    [sign_type] => MD5
    [sign] => 9c366a569416459b6d94ad6b7b32dea9
)

2016-10-30 00:46:32订单：付款成功，给了玩家相应的代金券
Array
(
    [discount] => 0.00
    [extra_common_param] => 2000
    [payment_type] => 1
    [subject] => 《诛仙yw》2000元代金券
    [trade_no] => 2016102921001004800260673827
    [buyer_email] => 174960848@qq.com
    [gmt_create] => 2016-10-29 21:21:45
    [notify_type] => trade_status_sync
    [quantity] => 1
    [out_trade_no] => 147774730023608
    [seller_id] => 2088021266234053
    [notify_time] => 2016-10-30 00:46:32
    [body] => 《诛仙yw》2000元代金券
    [trade_status] => TRADE_SUCCESS
    [is_total_fee_adjust] => N
    [total_fee] => 980.00
    [gmt_payment] => 2016-10-29 21:21:49
    [seller_email] => 867672678@qq.com
    [price] => 980.00
    [buyer_id] => 2088702663816803
    [notify_id] => 194d2afd8685a0fddac727055276a60m6a
    [use_coupon] => N
    [sign_type] => MD5
    [sign] => 70aeff47e4b93a20b3c83367a57468e0
)

2016-10-30 01:00:48订单：付款成功，给了玩家相应的代金券
Array
(
    [discount] => 0.00
    [extra_common_param] => 100
    [payment_type] => 1
    [subject] => 《诛仙yw》100元代金券
    [trade_no] => 2016102921001004800260905107
    [buyer_email] => 174960848@qq.com
    [gmt_create] => 2016-10-29 23:32:53
    [notify_type] => trade_status_sync
    [quantity] => 1
    [out_trade_no] => 147775516247313
    [seller_id] => 2088021266234053
    [notify_time] => 2016-10-30 01:00:48
    [body] => 《诛仙yw》100元代金券
    [trade_status] => TRADE_SUCCESS
    [is_total_fee_adjust] => N
    [total_fee] => 49.00
    [gmt_payment] => 2016-10-29 23:32:58
    [seller_email] => 867672678@qq.com
    [price] => 49.00
    [buyer_id] => 2088702663816803
    [notify_id] => e85e00c8f15c9ac0bdbbd188324bc3em6a
    [use_coupon] => N
    [sign_type] => MD5
    [sign] => e963fd38b2e911015b408ca07880f19d
)

2016-10-30 02:56:48订单：付款成功，给了玩家相应的代金券
Array
(
    [discount] => 0.00
    [extra_common_param] => 100
    [payment_type] => 1
    [subject] => 《诛仙yw》100元代金券
    [trade_no] => 2016102921001004800260905107
    [buyer_email] => 174960848@qq.com
    [gmt_create] => 2016-10-29 23:32:53
    [notify_type] => trade_status_sync
    [quantity] => 1
    [out_trade_no] => 147775516247313
    [seller_id] => 2088021266234053
    [notify_time] => 2016-10-30 02:56:48
    [body] => 《诛仙yw》100元代金券
    [trade_status] => TRADE_SUCCESS
    [is_total_fee_adjust] => N
    [total_fee] => 49.00
    [gmt_payment] => 2016-10-29 23:32:58
    [seller_email] => 867672678@qq.com
    [price] => 49.00
    [buyer_id] => 2088702663816803
    [notify_id] => e85e00c8f15c9ac0bdbbd188324bc3em6a
    [use_coupon] => N
    [sign_type] => MD5
    [sign] => aabf703dd2142a6018e40b4179d401f3
)

2016-10-30 03:39:14订单：付款成功，给了玩家相应的代金券
Array
(
    [discount] => 0.00
    [extra_common_param] => 105
    [payment_type] => 1
    [subject] => 《龙战于野》105元代金券
    [trade_no] => 2016102921001004440218425222
    [buyer_email] => 283266479@qq.com
    [gmt_create] => 2016-10-29 18:12:28
    [notify_type] => trade_status_sync
    [quantity] => 1
    [out_trade_no] => 147773594133731
    [seller_id] => 2088021266234053
    [notify_time] => 2016-10-30 03:39:14
    [body] => 《龙战于野》105元代金券
    [trade_status] => TRADE_SUCCESS
    [is_total_fee_adjust] => N
    [total_fee] => 42.00
    [gmt_payment] => 2016-10-29 18:12:32
    [seller_email] => 867672678@qq.com
    [price] => 42.00
    [buyer_id] => 2088312127602442
    [notify_id] => 8b7b455373591ee8f4b86e809896dd9jea
    [use_coupon] => N
    [sign_type] => MD5
    [sign] => 28bc14d056325323f39bfda58c953ac8
)

2016-10-30 06:51:11订单：付款成功，给了玩家相应的代金券
Array
(
    [discount] => 0.00
    [extra_common_param] => 2000
    [payment_type] => 1
    [subject] => 《诛仙yw》2000元代金券
    [trade_no] => 2016102921001004800260673827
    [buyer_email] => 174960848@qq.com
    [gmt_create] => 2016-10-29 21:21:45
    [notify_type] => trade_status_sync
    [quantity] => 1
    [out_trade_no] => 147774730023608
    [seller_id] => 2088021266234053
    [notify_time] => 2016-10-30 06:51:11
    [body] => 《诛仙yw》2000元代金券
    [trade_status] => TRADE_SUCCESS
    [is_total_fee_adjust] => N
    [total_fee] => 980.00
    [gmt_payment] => 2016-10-29 21:21:49
    [seller_email] => 867672678@qq.com
    [price] => 980.00
    [buyer_id] => 2088702663816803
    [notify_id] => 194d2afd8685a0fddac727055276a60m6a
    [use_coupon] => N
    [sign_type] => MD5
    [sign] => d707fe778f15d3c5b3be5e141066bac0
)

2016-10-30 08:57:27订单：付款成功，给了玩家相应的代金券
Array
(
    [discount] => 0.00
    [extra_common_param] => 100
    [payment_type] => 1
    [subject] => 《诛仙yw》100元代金券
    [trade_no] => 2016102921001004800260905107
    [buyer_email] => 174960848@qq.com
    [gmt_create] => 2016-10-29 23:32:53
    [notify_type] => trade_status_sync
    [quantity] => 1
    [out_trade_no] => 147775516247313
    [seller_id] => 2088021266234053
    [notify_time] => 2016-10-30 08:57:27
    [body] => 《诛仙yw》100元代金券
    [trade_status] => TRADE_SUCCESS
    [is_total_fee_adjust] => N
    [total_fee] => 49.00
    [gmt_payment] => 2016-10-29 23:32:58
    [seller_email] => 867672678@qq.com
    [price] => 49.00
    [buyer_id] => 2088702663816803
    [notify_id] => e85e00c8f15c9ac0bdbbd188324bc3em6a
    [use_coupon] => N
    [sign_type] => MD5
    [sign] => b2bfa85c4e88a5f617be84648ef9afab
)

2016-10-30 12:09:32订单：付款成功，给了玩家相应的代金券
Array
(
    [discount] => 0.00
    [extra_common_param] => 6
    [payment_type] => 1
    [subject] => 《龙战于野》6元代金券
    [trade_no] => 2016102921001004440217844077
    [buyer_email] => 283266479@qq.com
    [gmt_create] => 2016-10-29 11:42:14
    [notify_type] => trade_status_sync
    [quantity] => 1
    [out_trade_no] => 147771248619153
    [seller_id] => 2088021266234053
    [notify_time] => 2016-10-30 12:09:32
    [body] => 《龙战于野》6元代金券
    [trade_status] => TRADE_SUCCESS
    [is_total_fee_adjust] => N
    [total_fee] => 2.40
    [gmt_payment] => 2016-10-29 11:42:18
    [seller_email] => 867672678@qq.com
    [price] => 2.40
    [buyer_id] => 2088312127602442
    [notify_id] => c37b7d5119c38ab4e5311a64ac3a52djea
    [use_coupon] => N
    [sign_type] => MD5
    [sign] => 85f04725262ba07b3fb3a557fbce459a
)

2016-10-30 12:25:38订单：付款成功，给了玩家相应的代金券
Array
(
    [discount] => 0.00
    [extra_common_param] => 519
    [payment_type] => 1
    [subject] => 《龙战于野》519元代金券
    [trade_no] => 2016102921001004440217870831
    [buyer_email] => 283266479@qq.com
    [gmt_create] => 2016-10-29 11:59:44
    [notify_type] => trade_status_sync
    [quantity] => 1
    [out_trade_no] => 147771357400833
    [seller_id] => 2088021266234053
    [notify_time] => 2016-10-30 12:25:37
    [body] => 《龙战于野》519元代金券
    [trade_status] => TRADE_SUCCESS
    [is_total_fee_adjust] => N
    [total_fee] => 207.60
    [gmt_payment] => 2016-10-29 12:01:10
    [seller_email] => 867672678@qq.com
    [price] => 207.60
    [buyer_id] => 2088312127602442
    [notify_id] => e988c2735f4aaf3ebe3249f4aec6ba3jea
    [use_coupon] => N
    [sign_type] => MD5
    [sign] => 4cfbdd8429bff85cacc1b85d48768c2b
)

2016-10-30 12:29:28订单：付款成功，给了玩家相应的代金券
Array
(
    [discount] => 0.00
    [extra_common_param] => 6
    [payment_type] => 1
    [subject] => 《龙战于野》6元代金券
    [trade_no] => 2016102921001004440217909227
    [buyer_email] => 283266479@qq.com
    [gmt_create] => 2016-10-29 12:04:56
    [notify_type] => trade_status_sync
    [quantity] => 1
    [out_trade_no] => 147771388805365
    [seller_id] => 2088021266234053
    [notify_time] => 2016-10-30 12:29:27
    [body] => 《龙战于野》6元代金券
    [trade_status] => TRADE_SUCCESS
    [is_total_fee_adjust] => N
    [total_fee] => 2.40
    [gmt_payment] => 2016-10-29 12:05:00
    [seller_email] => 867672678@qq.com
    [price] => 2.40
    [buyer_id] => 2088312127602442
    [notify_id] => da458b4ea56432312730ad87dc252e1jea
    [use_coupon] => N
    [sign_type] => MD5
    [sign] => 81ebf2946c050fb7185e8ff0a8e311c9
)

2016-10-30 13:05:52订单：付款成功，给了玩家相应的代金券
Array
(
    [discount] => 0.00
    [extra_common_param] => 6
    [payment_type] => 1
    [subject] => 《龙战于野》6元代金券
    [trade_no] => 2016102921001004100252172191
    [buyer_email] => zhengwanyi@hotmail.com
    [gmt_create] => 2016-10-29 12:34:43
    [notify_type] => trade_status_sync
    [quantity] => 1
    [out_trade_no] => 147771567715830
    [seller_id] => 2088021266234053
    [notify_time] => 2016-10-30 13:05:52
    [body] => 《龙战于野》6元代金券
    [trade_status] => TRADE_SUCCESS
    [is_total_fee_adjust] => N
    [total_fee] => 2.40
    [gmt_payment] => 2016-10-29 12:35:29
    [seller_email] => 867672678@qq.com
    [price] => 2.40
    [buyer_id] => 2088002293236104
    [notify_id] => 280188d2c6cfe97c61944fc0e5da869gru
    [use_coupon] => N
    [sign_type] => MD5
    [sign] => 6ceddcab8d9b0b799b22fbad6206ceb9
)

2016-10-30 13:29:27订单：付款成功，给了玩家相应的代金券
Array
(
    [discount] => 0.00
    [extra_common_param] => 1005
    [payment_type] => 1
    [subject] => 《龙战于野》1005元代金券
    [trade_no] => 2016102921001004440218025692
    [buyer_email] => 283266479@qq.com
    [gmt_create] => 2016-10-29 12:56:33
    [notify_type] => trade_status_sync
    [quantity] => 1
    [out_trade_no] => 147771698560021
    [seller_id] => 2088021266234053
    [notify_time] => 2016-10-30 13:29:27
    [body] => 《龙战于野》1005元代金券
    [trade_status] => TRADE_SUCCESS
    [is_total_fee_adjust] => N
    [total_fee] => 402.00
    [gmt_payment] => 2016-10-29 12:57:54
    [seller_email] => 867672678@qq.com
    [price] => 402.00
    [buyer_id] => 2088312127602442
    [notify_id] => a997931d5d721e681a5d579a9a19e30jea
    [use_coupon] => N
    [sign_type] => MD5
    [sign] => 8f7458b055be56b0f3b1d6711dc240bf
)

2016-10-30 15:07:42订单：付款成功，给了玩家相应的代金券
Array
(
    [discount] => 0.00
    [extra_common_param] => 172
    [payment_type] => 1
    [subject] => 《诛仙yw》172元代金券
    [trade_no] => 2016103021001004800261600681
    [buyer_email] => 174960848@qq.com
    [gmt_create] => 2016-10-30 15:07:38
    [notify_type] => trade_status_sync
    [quantity] => 1
    [out_trade_no] => 147781125452496
    [seller_id] => 2088021266234053
    [notify_time] => 2016-10-30 15:07:42
    [body] => 《诛仙yw》172元代金券
    [trade_status] => TRADE_SUCCESS
    [is_total_fee_adjust] => N
    [total_fee] => 84.30
    [gmt_payment] => 2016-10-30 15:07:42
    [seller_email] => 867672678@qq.com
    [price] => 84.30
    [buyer_id] => 2088702663816803
    [notify_id] => ce88808e2a778017ae3071694a245e8m6a
    [use_coupon] => N
    [sign_type] => MD5
    [sign] => e2589d6589dfb088598a75bb292d54d8
)

2016-10-30 15:07:54订单：付款成功，给了玩家相应的代金券
Array
(
    [body] => 《诛仙yw》172元代金券
    [buyer_email] => 174960848@qq.com
    [buyer_id] => 2088702663816803
    [exterface] => create_direct_pay_by_user
    [extra_common_param] => 172
    [is_success] => T
    [notify_id] => RqPnCoPT3K9%2Fvwbh3InWeXgYUU2%2FQNKbeEM8v9QKegIAm%2BpsJuODBe7al7pBlsuGVG3A
    [notify_time] => 2016-10-30 15:07:50
    [notify_type] => trade_status_sync
    [out_trade_no] => 147781125452496
    [payment_type] => 1
    [seller_email] => 867672678@qq.com
    [seller_id] => 2088021266234053
    [subject] => 《诛仙yw》172元代金券
    [total_fee] => 84.30
    [trade_no] => 2016103021001004800261600681
    [trade_status] => TRADE_SUCCESS
    [sign] => ca019120c357ad3ec79934d733ef5dc9
    [sign_type] => MD5
)

2016-10-30 15:11:53订单：付款成功，给了玩家相应的代金券
Array
(
    [discount] => 0.00
    [extra_common_param] => 172
    [payment_type] => 1
    [subject] => 《诛仙yw》172元代金券
    [trade_no] => 2016103021001004800261600681
    [buyer_email] => 174960848@qq.com
    [gmt_create] => 2016-10-30 15:07:38
    [notify_type] => trade_status_sync
    [quantity] => 1
    [out_trade_no] => 147781125452496
    [seller_id] => 2088021266234053
    [notify_time] => 2016-10-30 15:11:53
    [body] => 《诛仙yw》172元代金券
    [trade_status] => TRADE_SUCCESS
    [is_total_fee_adjust] => N
    [total_fee] => 84.30
    [gmt_payment] => 2016-10-30 15:07:42
    [seller_email] => 867672678@qq.com
    [price] => 84.30
    [buyer_id] => 2088702663816803
    [notify_id] => ce88808e2a778017ae3071694a245e8m6a
    [use_coupon] => N
    [sign_type] => MD5
    [sign] => 339ab548c7645cccc4a50917ff7ef4b6
)

2016-10-30 15:23:36订单：付款成功，给了玩家相应的代金券
Array
(
    [discount] => 0.00
    [extra_common_param] => 172
    [payment_type] => 1
    [subject] => 《诛仙yw》172元代金券
    [trade_no] => 2016103021001004800261600681
    [buyer_email] => 174960848@qq.com
    [gmt_create] => 2016-10-30 15:07:38
    [notify_type] => trade_status_sync
    [quantity] => 1
    [out_trade_no] => 147781125452496
    [seller_id] => 2088021266234053
    [notify_time] => 2016-10-30 15:23:36
    [body] => 《诛仙yw》172元代金券
    [trade_status] => TRADE_SUCCESS
    [is_total_fee_adjust] => N
    [total_fee] => 84.30
    [gmt_payment] => 2016-10-30 15:07:42
    [seller_email] => 867672678@qq.com
    [price] => 84.30
    [buyer_id] => 2088702663816803
    [notify_id] => ce88808e2a778017ae3071694a245e8m6a
    [use_coupon] => N
    [sign_type] => MD5
    [sign] => 213d28310f44ff57b661ec46119f6c31
)

2016-10-30 15:37:54订单：付款成功，给了玩家相应的代金券
Array
(
    [discount] => 0.00
    [extra_common_param] => 172
    [payment_type] => 1
    [subject] => 《诛仙yw》172元代金券
    [trade_no] => 2016103021001004800261600681
    [buyer_email] => 174960848@qq.com
    [gmt_create] => 2016-10-30 15:07:38
    [notify_type] => trade_status_sync
    [quantity] => 1
    [out_trade_no] => 147781125452496
    [seller_id] => 2088021266234053
    [notify_time] => 2016-10-30 15:37:53
    [body] => 《诛仙yw》172元代金券
    [trade_status] => TRADE_SUCCESS
    [is_total_fee_adjust] => N
    [total_fee] => 84.30
    [gmt_payment] => 2016-10-30 15:07:42
    [seller_email] => 867672678@qq.com
    [price] => 84.30
    [buyer_id] => 2088702663816803
    [notify_id] => ce88808e2a778017ae3071694a245e8m6a
    [use_coupon] => N
    [sign_type] => MD5
    [sign] => ad5c4fdaf898e2157b713db7dae59f61
)

2016-10-30 16:03:30订单：付款成功，给了玩家相应的代金券
Array
(
    [discount] => 0.00
    [extra_common_param] => 172
    [payment_type] => 1
    [subject] => 《诛仙yw》172元代金券
    [trade_no] => 2016103021001004800261625121
    [buyer_email] => 174960848@qq.com
    [gmt_create] => 2016-10-30 16:03:24
    [notify_type] => trade_status_sync
    [quantity] => 1
    [out_trade_no] => 147781459435066
    [seller_id] => 2088021266234053
    [notify_time] => 2016-10-30 16:03:29
    [body] => 《诛仙yw》172元代金券
    [trade_status] => TRADE_SUCCESS
    [is_total_fee_adjust] => N
    [total_fee] => 84.30
    [gmt_payment] => 2016-10-30 16:03:29
    [seller_email] => 867672678@qq.com
    [price] => 84.30
    [buyer_id] => 2088702663816803
    [notify_id] => 55736fc7d8452027cce0ad59e9a1161m6a
    [use_coupon] => N
    [sign_type] => MD5
    [sign] => 0f01bbd4985c8eb44275160762ec5ca7
)

2016-10-30 16:03:41订单：付款成功，给了玩家相应的代金券
Array
(
    [body] => 《诛仙yw》172元代金券
    [buyer_email] => 174960848@qq.com
    [buyer_id] => 2088702663816803
    [exterface] => create_direct_pay_by_user
    [extra_common_param] => 172
    [is_success] => T
    [notify_id] => RqPnCoPT3K9%2Fvwbh3InWeXgYVIVfck3DMzvSbDJEZ22KodzcujdhGZmTaWf9srox1CCB
    [notify_time] => 2016-10-30 16:03:36
    [notify_type] => trade_status_sync
    [out_trade_no] => 147781459435066
    [payment_type] => 1
    [seller_email] => 867672678@qq.com
    [seller_id] => 2088021266234053
    [subject] => 《诛仙yw》172元代金券
    [total_fee] => 84.30
    [trade_no] => 2016103021001004800261625121
    [trade_status] => TRADE_SUCCESS
    [sign] => 4d6d3e160061ef6e953a5a6a58fd7abb
    [sign_type] => MD5
)

2016-10-30 16:07:16订单：付款成功，给了玩家相应的代金券
Array
(
    [discount] => 0.00
    [extra_common_param] => 172
    [payment_type] => 1
    [subject] => 《诛仙yw》172元代金券
    [trade_no] => 2016103021001004800261625121
    [buyer_email] => 174960848@qq.com
    [gmt_create] => 2016-10-30 16:03:24
    [notify_type] => trade_status_sync
    [quantity] => 1
    [out_trade_no] => 147781459435066
    [seller_id] => 2088021266234053
    [notify_time] => 2016-10-30 16:07:15
    [body] => 《诛仙yw》172元代金券
    [trade_status] => TRADE_SUCCESS
    [is_total_fee_adjust] => N
    [total_fee] => 84.30
    [gmt_payment] => 2016-10-30 16:03:29
    [seller_email] => 867672678@qq.com
    [price] => 84.30
    [buyer_id] => 2088702663816803
    [notify_id] => 55736fc7d8452027cce0ad59e9a1161m6a
    [use_coupon] => N
    [sign_type] => MD5
    [sign] => f7482bb5bb6bd996383ffe4a9df9d678
)

2016-10-30 16:19:24订单：付款成功，给了玩家相应的代金券
Array
(
    [discount] => 0.00
    [extra_common_param] => 172
    [payment_type] => 1
    [subject] => 《诛仙yw》172元代金券
    [trade_no] => 2016103021001004800261625121
    [buyer_email] => 174960848@qq.com
    [gmt_create] => 2016-10-30 16:03:24
    [notify_type] => trade_status_sync
    [quantity] => 1
    [out_trade_no] => 147781459435066
    [seller_id] => 2088021266234053
    [notify_time] => 2016-10-30 16:19:23
    [body] => 《诛仙yw》172元代金券
    [trade_status] => TRADE_SUCCESS
    [is_total_fee_adjust] => N
    [total_fee] => 84.30
    [gmt_payment] => 2016-10-30 16:03:29
    [seller_email] => 867672678@qq.com
    [price] => 84.30
    [buyer_id] => 2088702663816803
    [notify_id] => 55736fc7d8452027cce0ad59e9a1161m6a
    [use_coupon] => N
    [sign_type] => MD5
    [sign] => 2504cf0adb1c6c02ea3490315a9692ab
)

2016-10-30 16:32:08订单：付款成功，给了玩家相应的代金券
Array
(
    [discount] => 0.00
    [extra_common_param] => 172
    [payment_type] => 1
    [subject] => 《诛仙yw》172元代金券
    [trade_no] => 2016103021001004800261600681
    [buyer_email] => 174960848@qq.com
    [gmt_create] => 2016-10-30 15:07:38
    [notify_type] => trade_status_sync
    [quantity] => 1
    [out_trade_no] => 147781125452496
    [seller_id] => 2088021266234053
    [notify_time] => 2016-10-30 16:32:07
    [body] => 《诛仙yw》172元代金券
    [trade_status] => TRADE_SUCCESS
    [is_total_fee_adjust] => N
    [total_fee] => 84.30
    [gmt_payment] => 2016-10-30 15:07:42
    [seller_email] => 867672678@qq.com
    [price] => 84.30
    [buyer_id] => 2088702663816803
    [notify_id] => ce88808e2a778017ae3071694a245e8m6a
    [use_coupon] => N
    [sign_type] => MD5
    [sign] => 733dcdcf2240c18e8f858f5581c7858d
)

2016-10-30 16:33:53订单：付款成功，给了玩家相应的代金券
Array
(
    [discount] => 0.00
    [extra_common_param] => 172
    [payment_type] => 1
    [subject] => 《诛仙yw》172元代金券
    [trade_no] => 2016103021001004800261625121
    [buyer_email] => 174960848@qq.com
    [gmt_create] => 2016-10-30 16:03:24
    [notify_type] => trade_status_sync
    [quantity] => 1
    [out_trade_no] => 147781459435066
    [seller_id] => 2088021266234053
    [notify_time] => 2016-10-30 16:33:53
    [body] => 《诛仙yw》172元代金券
    [trade_status] => TRADE_SUCCESS
    [is_total_fee_adjust] => N
    [total_fee] => 84.30
    [gmt_payment] => 2016-10-30 16:03:29
    [seller_email] => 867672678@qq.com
    [price] => 84.30
    [buyer_id] => 2088702663816803
    [notify_id] => 55736fc7d8452027cce0ad59e9a1161m6a
    [use_coupon] => N
    [sign_type] => MD5
    [sign] => 4e9e96e916f2dac3cfff8cd62a397d53
)

2016-10-30 16:46:08订单：付款成功，给了玩家相应的代金券
Array
(
    [discount] => 0.00
    [extra_common_param] => 120
    [payment_type] => 1
    [subject] => 《龙战于野》120元代金券
    [trade_no] => 2016103021001004440219767519
    [buyer_email] => 283266479@qq.com
    [gmt_create] => 2016-10-30 16:46:04
    [notify_type] => trade_status_sync
    [quantity] => 1
    [out_trade_no] => 147781715698005
    [seller_id] => 2088021266234053
    [notify_time] => 2016-10-30 16:46:08
    [body] => 《龙战于野》120元代金券
    [trade_status] => TRADE_SUCCESS
    [is_total_fee_adjust] => N
    [total_fee] => 48.00
    [gmt_payment] => 2016-10-30 16:46:08
    [seller_email] => 867672678@qq.com
    [price] => 48.00
    [buyer_id] => 2088312127602442
    [notify_id] => 3ec0d77185ca8a53d6c66f605629d20jea
    [use_coupon] => N
    [sign_type] => MD5
    [sign] => 44ddf418ac047afe42a9b3a21aefabb5
)

2016-10-30 16:46:19订单：付款成功，给了玩家相应的代金券
Array
(
    [body] => 《龙战于野》120元代金券
    [buyer_email] => 283266479@qq.com
    [buyer_id] => 2088312127602442
    [exterface] => create_direct_pay_by_user
    [extra_common_param] => 120
    [is_success] => T
    [notify_id] => RqPnCoPT3K9%2Fvwbh3InWeXgYV8%2Fu8qO14mF4QUw1T533yDtZprXJW1E4QK%2BeQe2kXomZ
    [notify_time] => 2016-10-30 16:46:15
    [notify_type] => trade_status_sync
    [out_trade_no] => 147781715698005
    [payment_type] => 1
    [seller_email] => 867672678@qq.com
    [seller_id] => 2088021266234053
    [subject] => 《龙战于野》120元代金券
    [total_fee] => 48.00
    [trade_no] => 2016103021001004440219767519
    [trade_status] => TRADE_SUCCESS
    [sign] => b6f30d7c48e15be026280f515bf200f8
    [sign_type] => MD5
)

2016-10-30 16:49:00订单：付款成功，给了玩家相应的代金券
Array
(
    [discount] => 0.00
    [extra_common_param] => 25
    [payment_type] => 1
    [subject] => 《龙战于野》25元代金券
    [trade_no] => 2016103021001004440219723601
    [buyer_email] => 283266479@qq.com
    [gmt_create] => 2016-10-30 16:48:56
    [notify_type] => trade_status_sync
    [quantity] => 1
    [out_trade_no] => 147781732705062
    [seller_id] => 2088021266234053
    [notify_time] => 2016-10-30 16:48:59
    [body] => 《龙战于野》25元代金券
    [trade_status] => TRADE_SUCCESS
    [is_total_fee_adjust] => N
    [total_fee] => 10.00
    [gmt_payment] => 2016-10-30 16:48:59
    [seller_email] => 867672678@qq.com
    [price] => 10.00
    [buyer_id] => 2088312127602442
    [notify_id] => a45c5b2daea170e4c4f7bc7841ddaacjea
    [use_coupon] => N
    [sign_type] => MD5
    [sign] => b4b0a9ed71f97beda8e6ebf80ac83698
)

2016-10-30 16:49:12订单：付款成功，给了玩家相应的代金券
Array
(
    [body] => 《龙战于野》25元代金券
    [buyer_email] => 283266479@qq.com
    [buyer_id] => 2088312127602442
    [exterface] => create_direct_pay_by_user
    [extra_common_param] => 25
    [is_success] => T
    [notify_id] => RqPnCoPT3K9%2Fvwbh3InWeXgYV83AP7luu15TeFr4vCzlh%2B57ivXlZehW3TVE0eysgJAQ
    [notify_time] => 2016-10-30 16:49:09
    [notify_type] => trade_status_sync
    [out_trade_no] => 147781732705062
    [payment_type] => 1
    [seller_email] => 867672678@qq.com
    [seller_id] => 2088021266234053
    [subject] => 《龙战于野》25元代金券
    [total_fee] => 10.00
    [trade_no] => 2016103021001004440219723601
    [trade_status] => TRADE_SUCCESS
    [sign] => 7a9c2179d15f7e3d33d7ef5f97a882e0
    [sign_type] => MD5
)

2016-10-30 16:50:34订单：付款成功，给了玩家相应的代金券
Array
(
    [discount] => 0.00
    [extra_common_param] => 120
    [payment_type] => 1
    [subject] => 《龙战于野》120元代金券
    [trade_no] => 2016103021001004440219767519
    [buyer_email] => 283266479@qq.com
    [gmt_create] => 2016-10-30 16:46:04
    [notify_type] => trade_status_sync
    [quantity] => 1
    [out_trade_no] => 147781715698005
    [seller_id] => 2088021266234053
    [notify_time] => 2016-10-30 16:50:34
    [body] => 《龙战于野》120元代金券
    [trade_status] => TRADE_SUCCESS
    [is_total_fee_adjust] => N
    [total_fee] => 48.00
    [gmt_payment] => 2016-10-30 16:46:08
    [seller_email] => 867672678@qq.com
    [price] => 48.00
    [buyer_id] => 2088312127602442
    [notify_id] => 3ec0d77185ca8a53d6c66f605629d20jea
    [use_coupon] => N
    [sign_type] => MD5
    [sign] => 8511eb00663a39248e021bb58696bde7
)

2016-10-30 16:52:45订单：付款成功，给了玩家相应的代金券
Array
(
    [discount] => 0.00
    [extra_common_param] => 25
    [payment_type] => 1
    [subject] => 《龙战于野》25元代金券
    [trade_no] => 2016103021001004440219723601
    [buyer_email] => 283266479@qq.com
    [gmt_create] => 2016-10-30 16:48:56
    [notify_type] => trade_status_sync
    [quantity] => 1
    [out_trade_no] => 147781732705062
    [seller_id] => 2088021266234053
    [notify_time] => 2016-10-30 16:52:44
    [body] => 《龙战于野》25元代金券
    [trade_status] => TRADE_SUCCESS
    [is_total_fee_adjust] => N
    [total_fee] => 10.00
    [gmt_payment] => 2016-10-30 16:48:59
    [seller_email] => 867672678@qq.com
    [price] => 10.00
    [buyer_id] => 2088312127602442
    [notify_id] => a45c5b2daea170e4c4f7bc7841ddaacjea
    [use_coupon] => N
    [sign_type] => MD5
    [sign] => 5a01e4e205e7cd642798160fa21234e3
)

2016-10-30 17:01:32订单：付款成功，给了玩家相应的代金券
Array
(
    [discount] => 0.00
    [extra_common_param] => 120
    [payment_type] => 1
    [subject] => 《龙战于野》120元代金券
    [trade_no] => 2016103021001004440219767519
    [buyer_email] => 283266479@qq.com
    [gmt_create] => 2016-10-30 16:46:04
    [notify_type] => trade_status_sync
    [quantity] => 1
    [out_trade_no] => 147781715698005
    [seller_id] => 2088021266234053
    [notify_time] => 2016-10-30 17:01:31
    [body] => 《龙战于野》120元代金券
    [trade_status] => TRADE_SUCCESS
    [is_total_fee_adjust] => N
    [total_fee] => 48.00
    [gmt_payment] => 2016-10-30 16:46:08
    [seller_email] => 867672678@qq.com
    [price] => 48.00
    [buyer_id] => 2088312127602442
    [notify_id] => 3ec0d77185ca8a53d6c66f605629d20jea
    [use_coupon] => N
    [sign_type] => MD5
    [sign] => 326367ae1b4659635cfae3f78d6c6e0f
)

2016-10-30 17:05:51订单：付款成功，给了玩家相应的代金券
Array
(
    [discount] => 0.00
    [extra_common_param] => 25
    [payment_type] => 1
    [subject] => 《龙战于野》25元代金券
    [trade_no] => 2016103021001004440219723601
    [buyer_email] => 283266479@qq.com
    [gmt_create] => 2016-10-30 16:48:56
    [notify_type] => trade_status_sync
    [quantity] => 1
    [out_trade_no] => 147781732705062
    [seller_id] => 2088021266234053
    [notify_time] => 2016-10-30 17:05:50
    [body] => 《龙战于野》25元代金券
    [trade_status] => TRADE_SUCCESS
    [is_total_fee_adjust] => N
    [total_fee] => 10.00
    [gmt_payment] => 2016-10-30 16:48:59
    [seller_email] => 867672678@qq.com
    [price] => 10.00
    [buyer_id] => 2088312127602442
    [notify_id] => a45c5b2daea170e4c4f7bc7841ddaacjea
    [use_coupon] => N
    [sign_type] => MD5
    [sign] => 88b802fa16cc7666c82585af20992f31
)

2016-10-30 17:16:24订单：付款成功，给了玩家相应的代金券
Array
(
    [discount] => 0.00
    [extra_common_param] => 120
    [payment_type] => 1
    [subject] => 《龙战于野》120元代金券
    [trade_no] => 2016103021001004440219767519
    [buyer_email] => 283266479@qq.com
    [gmt_create] => 2016-10-30 16:46:04
    [notify_type] => trade_status_sync
    [quantity] => 1
    [out_trade_no] => 147781715698005
    [seller_id] => 2088021266234053
    [notify_time] => 2016-10-30 17:16:24
    [body] => 《龙战于野》120元代金券
    [trade_status] => TRADE_SUCCESS
    [is_total_fee_adjust] => N
    [total_fee] => 48.00
    [gmt_payment] => 2016-10-30 16:46:08
    [seller_email] => 867672678@qq.com
    [price] => 48.00
    [buyer_id] => 2088312127602442
    [notify_id] => 3ec0d77185ca8a53d6c66f605629d20jea
    [use_coupon] => N
    [sign_type] => MD5
    [sign] => 1cd8e74d4261ca4b8050257dc3c0e8e0
)

2016-10-30 17:20:12订单：付款成功，给了玩家相应的代金券
Array
(
    [discount] => 0.00
    [extra_common_param] => 25
    [payment_type] => 1
    [subject] => 《龙战于野》25元代金券
    [trade_no] => 2016103021001004440219723601
    [buyer_email] => 283266479@qq.com
    [gmt_create] => 2016-10-30 16:48:56
    [notify_type] => trade_status_sync
    [quantity] => 1
    [out_trade_no] => 147781732705062
    [seller_id] => 2088021266234053
    [notify_time] => 2016-10-30 17:20:12
    [body] => 《龙战于野》25元代金券
    [trade_status] => TRADE_SUCCESS
    [is_total_fee_adjust] => N
    [total_fee] => 10.00
    [gmt_payment] => 2016-10-30 16:48:59
    [seller_email] => 867672678@qq.com
    [price] => 10.00
    [buyer_id] => 2088312127602442
    [notify_id] => a45c5b2daea170e4c4f7bc7841ddaacjea
    [use_coupon] => N
    [sign_type] => MD5
    [sign] => ee2fbdcd659f1fe4f134380d186ccb29
)

2016-10-30 17:28:50订单：付款成功，给了玩家相应的代金券
Array
(
    [discount] => 0.00
    [extra_common_param] => 172
    [payment_type] => 1
    [subject] => 《诛仙yw》172元代金券
    [trade_no] => 2016103021001004800261625121
    [buyer_email] => 174960848@qq.com
    [gmt_create] => 2016-10-30 16:03:24
    [notify_type] => trade_status_sync
    [quantity] => 1
    [out_trade_no] => 147781459435066
    [seller_id] => 2088021266234053
    [notify_time] => 2016-10-30 17:28:49
    [body] => 《诛仙yw》172元代金券
    [trade_status] => TRADE_SUCCESS
    [is_total_fee_adjust] => N
    [total_fee] => 84.30
    [gmt_payment] => 2016-10-30 16:03:29
    [seller_email] => 867672678@qq.com
    [price] => 84.30
    [buyer_id] => 2088702663816803
    [notify_id] => 55736fc7d8452027cce0ad59e9a1161m6a
    [use_coupon] => N
    [sign_type] => MD5
    [sign] => 9ef0a7a1ec8f9bba48b3a31785367082
)

2016-10-30 17:30:32订单：付款成功，给了玩家相应的代金券
Array
(
    [discount] => 0.00
    [extra_common_param] => 206
    [payment_type] => 1
    [subject] => 《诛仙yw》206元代金券
    [trade_no] => 2016103021001004800261797980
    [buyer_email] => 174960848@qq.com
    [gmt_create] => 2016-10-30 17:30:27
    [notify_type] => trade_status_sync
    [quantity] => 1
    [out_trade_no] => 147781981682218
    [seller_id] => 2088021266234053
    [notify_time] => 2016-10-30 17:30:32
    [body] => 《诛仙yw》206元代金券
    [trade_status] => TRADE_SUCCESS
    [is_total_fee_adjust] => N
    [total_fee] => 100.90
    [gmt_payment] => 2016-10-30 17:30:31
    [seller_email] => 867672678@qq.com
    [price] => 100.90
    [buyer_id] => 2088702663816803
    [notify_id] => c2292b7f8ac3d666cf15e6789a61e00m6a
    [use_coupon] => N
    [sign_type] => MD5
    [sign] => 4abb591a6adaaf5b0c6b0bb6a997e66e
)

2016-10-30 17:30:46订单：付款成功，给了玩家相应的代金券
Array
(
    [body] => 《诛仙yw》206元代金券
    [buyer_email] => 174960848@qq.com
    [buyer_id] => 2088702663816803
    [exterface] => create_direct_pay_by_user
    [extra_common_param] => 206
    [is_success] => T
    [notify_id] => RqPnCoPT3K9%2Fvwbh3InWeXgYWTA6it9PXxZ3J7%2F1SIRQMtrP2wt9fUbN1BtEm7%2BeoQnS
    [notify_time] => 2016-10-30 17:30:41
    [notify_type] => trade_status_sync
    [out_trade_no] => 147781981682218
    [payment_type] => 1
    [seller_email] => 867672678@qq.com
    [seller_id] => 2088021266234053
    [subject] => 《诛仙yw》206元代金券
    [total_fee] => 100.90
    [trade_no] => 2016103021001004800261797980
    [trade_status] => TRADE_SUCCESS
    [sign] => dea9196fdc5d1108c674d3c8809fdee7
    [sign_type] => MD5
)

2016-10-30 17:34:21订单：付款成功，给了玩家相应的代金券
Array
(
    [discount] => 0.00
    [extra_common_param] => 206
    [payment_type] => 1
    [subject] => 《诛仙yw》206元代金券
    [trade_no] => 2016103021001004800261797980
    [buyer_email] => 174960848@qq.com
    [gmt_create] => 2016-10-30 17:30:27
    [notify_type] => trade_status_sync
    [quantity] => 1
    [out_trade_no] => 147781981682218
    [seller_id] => 2088021266234053
    [notify_time] => 2016-10-30 17:34:21
    [body] => 《诛仙yw》206元代金券
    [trade_status] => TRADE_SUCCESS
    [is_total_fee_adjust] => N
    [total_fee] => 100.90
    [gmt_payment] => 2016-10-30 17:30:31
    [seller_email] => 867672678@qq.com
    [price] => 100.90
    [buyer_id] => 2088702663816803
    [notify_id] => c2292b7f8ac3d666cf15e6789a61e00m6a
    [use_coupon] => N
    [sign_type] => MD5
    [sign] => 45a4c8d5cfcec6fbf8b796d86a3f0e87
)

2016-10-30 17:46:30订单：付款成功，给了玩家相应的代金券
Array
(
    [discount] => 0.00
    [extra_common_param] => 206
    [payment_type] => 1
    [subject] => 《诛仙yw》206元代金券
    [trade_no] => 2016103021001004800261797980
    [buyer_email] => 174960848@qq.com
    [gmt_create] => 2016-10-30 17:30:27
    [notify_type] => trade_status_sync
    [quantity] => 1
    [out_trade_no] => 147781981682218
    [seller_id] => 2088021266234053
    [notify_time] => 2016-10-30 17:46:30
    [body] => 《诛仙yw》206元代金券
    [trade_status] => TRADE_SUCCESS
    [is_total_fee_adjust] => N
    [total_fee] => 100.90
    [gmt_payment] => 2016-10-30 17:30:31
    [seller_email] => 867672678@qq.com
    [price] => 100.90
    [buyer_id] => 2088702663816803
    [notify_id] => c2292b7f8ac3d666cf15e6789a61e00m6a
    [use_coupon] => N
    [sign_type] => MD5
    [sign] => f799f9e52a636315ecf7f173252c552e
)

2016-10-30 18:00:34订单：付款成功，给了玩家相应的代金券
Array
(
    [discount] => 0.00
    [extra_common_param] => 206
    [payment_type] => 1
    [subject] => 《诛仙yw》206元代金券
    [trade_no] => 2016103021001004800261797980
    [buyer_email] => 174960848@qq.com
    [gmt_create] => 2016-10-30 17:30:27
    [notify_type] => trade_status_sync
    [quantity] => 1
    [out_trade_no] => 147781981682218
    [seller_id] => 2088021266234053
    [notify_time] => 2016-10-30 18:00:34
    [body] => 《诛仙yw》206元代金券
    [trade_status] => TRADE_SUCCESS
    [is_total_fee_adjust] => N
    [total_fee] => 100.90
    [gmt_payment] => 2016-10-30 17:30:31
    [seller_email] => 867672678@qq.com
    [price] => 100.90
    [buyer_id] => 2088702663816803
    [notify_id] => c2292b7f8ac3d666cf15e6789a61e00m6a
    [use_coupon] => N
    [sign_type] => MD5
    [sign] => d1799e2b77704667e9ad410f2d6b394c
)

2016-10-30 18:11:27订单：付款成功，给了玩家相应的代金券
Array
(
    [discount] => 0.00
    [extra_common_param] => 120
    [payment_type] => 1
    [subject] => 《龙战于野》120元代金券
    [trade_no] => 2016103021001004440219767519
    [buyer_email] => 283266479@qq.com
    [gmt_create] => 2016-10-30 16:46:04
    [notify_type] => trade_status_sync
    [quantity] => 1
    [out_trade_no] => 147781715698005
    [seller_id] => 2088021266234053
    [notify_time] => 2016-10-30 18:11:27
    [body] => 《龙战于野》120元代金券
    [trade_status] => TRADE_SUCCESS
    [is_total_fee_adjust] => N
    [total_fee] => 48.00
    [gmt_payment] => 2016-10-30 16:46:08
    [seller_email] => 867672678@qq.com
    [price] => 48.00
    [buyer_id] => 2088312127602442
    [notify_id] => 3ec0d77185ca8a53d6c66f605629d20jea
    [use_coupon] => N
    [sign_type] => MD5
    [sign] => 346e3221aa2416d79092b5dbe3b41cc2
)

2016-10-30 18:14:26订单：付款成功，给了玩家相应的代金券
Array
(
    [discount] => 0.00
    [extra_common_param] => 25
    [payment_type] => 1
    [subject] => 《龙战于野》25元代金券
    [trade_no] => 2016103021001004440219723601
    [buyer_email] => 283266479@qq.com
    [gmt_create] => 2016-10-30 16:48:56
    [notify_type] => trade_status_sync
    [quantity] => 1
    [out_trade_no] => 147781732705062
    [seller_id] => 2088021266234053
    [notify_time] => 2016-10-30 18:14:26
    [body] => 《龙战于野》25元代金券
    [trade_status] => TRADE_SUCCESS
    [is_total_fee_adjust] => N
    [total_fee] => 10.00
    [gmt_payment] => 2016-10-30 16:48:59
    [seller_email] => 867672678@qq.com
    [price] => 10.00
    [buyer_id] => 2088312127602442
    [notify_id] => a45c5b2daea170e4c4f7bc7841ddaacjea
    [use_coupon] => N
    [sign_type] => MD5
    [sign] => 25e7df3746106c2e226f957a8f66a900
)

2016-10-30 18:36:34订单：付款成功，给了玩家相应的代金券
Array
(
    [discount] => 0.00
    [extra_common_param] => 172
    [payment_type] => 1
    [subject] => 《诛仙yw》172元代金券
    [trade_no] => 2016103021001004800261600681
    [buyer_email] => 174960848@qq.com
    [gmt_create] => 2016-10-30 15:07:38
    [notify_type] => trade_status_sync
    [quantity] => 1
    [out_trade_no] => 147781125452496
    [seller_id] => 2088021266234053
    [notify_time] => 2016-10-30 18:36:33
    [body] => 《诛仙yw》172元代金券
    [trade_status] => TRADE_SUCCESS
    [is_total_fee_adjust] => N
    [total_fee] => 84.30
    [gmt_payment] => 2016-10-30 15:07:42
    [seller_email] => 867672678@qq.com
    [price] => 84.30
    [buyer_id] => 2088702663816803
    [notify_id] => ce88808e2a778017ae3071694a245e8m6a
    [use_coupon] => N
    [sign_type] => MD5
    [sign] => c51a8d88d2d5d08add10a25b8db7aaea
)

2016-10-30 18:41:52订单：付款成功，给了玩家相应的代金券
Array
(
    [discount] => 0.00
    [extra_common_param] => 105
    [payment_type] => 1
    [subject] => 《龙战于野》105元代金券
    [trade_no] => 2016102921001004440218425222
    [buyer_email] => 283266479@qq.com
    [gmt_create] => 2016-10-29 18:12:28
    [notify_type] => trade_status_sync
    [quantity] => 1
    [out_trade_no] => 147773594133731
    [seller_id] => 2088021266234053
    [notify_time] => 2016-10-30 18:41:52
    [body] => 《龙战于野》105元代金券
    [trade_status] => TRADE_SUCCESS
    [is_total_fee_adjust] => N
    [total_fee] => 42.00
    [gmt_payment] => 2016-10-29 18:12:32
    [seller_email] => 867672678@qq.com
    [price] => 42.00
    [buyer_id] => 2088312127602442
    [notify_id] => 8b7b455373591ee8f4b86e809896dd9jea
    [use_coupon] => N
    [sign_type] => MD5
    [sign] => 7d3f48c2a9138db50ba9a709d39afef9
)

2016-10-30 18:55:29订单：付款成功，给了玩家相应的代金券
Array
(
    [discount] => 0.00
    [extra_common_param] => 206
    [payment_type] => 1
    [subject] => 《诛仙yw》206元代金券
    [trade_no] => 2016103021001004800261797980
    [buyer_email] => 174960848@qq.com
    [gmt_create] => 2016-10-30 17:30:27
    [notify_type] => trade_status_sync
    [quantity] => 1
    [out_trade_no] => 147781981682218
    [seller_id] => 2088021266234053
    [notify_time] => 2016-10-30 18:55:28
    [body] => 《诛仙yw》206元代金券
    [trade_status] => TRADE_SUCCESS
    [is_total_fee_adjust] => N
    [total_fee] => 100.90
    [gmt_payment] => 2016-10-30 17:30:31
    [seller_email] => 867672678@qq.com
    [price] => 100.90
    [buyer_id] => 2088702663816803
    [notify_id] => c2292b7f8ac3d666cf15e6789a61e00m6a
    [use_coupon] => N
    [sign_type] => MD5
    [sign] => f8a6d7efc6224fd3bdcb7eb91aea81ca
)

2016-10-30 19:32:12订单：付款成功，给了玩家相应的代金券
Array
(
    [discount] => 0.00
    [extra_common_param] => 172
    [payment_type] => 1
    [subject] => 《诛仙yw》172元代金券
    [trade_no] => 2016103021001004800261625121
    [buyer_email] => 174960848@qq.com
    [gmt_create] => 2016-10-30 16:03:24
    [notify_type] => trade_status_sync
    [quantity] => 1
    [out_trade_no] => 147781459435066
    [seller_id] => 2088021266234053
    [notify_time] => 2016-10-30 19:32:09
    [body] => 《诛仙yw》172元代金券
    [trade_status] => TRADE_SUCCESS
    [is_total_fee_adjust] => N
    [total_fee] => 84.30
    [gmt_payment] => 2016-10-30 16:03:29
    [seller_email] => 867672678@qq.com
    [price] => 84.30
    [buyer_id] => 2088702663816803
    [notify_id] => 55736fc7d8452027cce0ad59e9a1161m6a
    [use_coupon] => N
    [sign_type] => MD5
    [sign] => eda6ce3dc289c6776d8b4da199f55a05
)

2016-10-30 20:15:52订单：付款成功，给了玩家相应的代金券
Array
(
    [discount] => 0.00
    [extra_common_param] => 120
    [payment_type] => 1
    [subject] => 《龙战于野》120元代金券
    [trade_no] => 2016103021001004440219767519
    [buyer_email] => 283266479@qq.com
    [gmt_create] => 2016-10-30 16:46:04
    [notify_type] => trade_status_sync
    [quantity] => 1
    [out_trade_no] => 147781715698005
    [seller_id] => 2088021266234053
    [notify_time] => 2016-10-30 20:15:52
    [body] => 《龙战于野》120元代金券
    [trade_status] => TRADE_SUCCESS
    [is_total_fee_adjust] => N
    [total_fee] => 48.00
    [gmt_payment] => 2016-10-30 16:46:08
    [seller_email] => 867672678@qq.com
    [price] => 48.00
    [buyer_id] => 2088312127602442
    [notify_id] => 3ec0d77185ca8a53d6c66f605629d20jea
    [use_coupon] => N
    [sign_type] => MD5
    [sign] => 65e182fc7713c974a9de4675e6c7bab1
)

2016-10-30 20:19:10订单：付款成功，给了玩家相应的代金券
Array
(
    [discount] => 0.00
    [extra_common_param] => 25
    [payment_type] => 1
    [subject] => 《龙战于野》25元代金券
    [trade_no] => 2016103021001004440219723601
    [buyer_email] => 283266479@qq.com
    [gmt_create] => 2016-10-30 16:48:56
    [notify_type] => trade_status_sync
    [quantity] => 1
    [out_trade_no] => 147781732705062
    [seller_id] => 2088021266234053
    [notify_time] => 2016-10-30 20:19:10
    [body] => 《龙战于野》25元代金券
    [trade_status] => TRADE_SUCCESS
    [is_total_fee_adjust] => N
    [total_fee] => 10.00
    [gmt_payment] => 2016-10-30 16:48:59
    [seller_email] => 867672678@qq.com
    [price] => 10.00
    [buyer_id] => 2088312127602442
    [notify_id] => a45c5b2daea170e4c4f7bc7841ddaacjea
    [use_coupon] => N
    [sign_type] => MD5
    [sign] => 31449b43299fb5d891ae16c94ac90a27
)

2016-10-30 20:59:32订单：付款成功，给了玩家相应的代金券
Array
(
    [discount] => 0.00
    [extra_common_param] => 206
    [payment_type] => 1
    [subject] => 《诛仙yw》206元代金券
    [trade_no] => 2016103021001004800261797980
    [buyer_email] => 174960848@qq.com
    [gmt_create] => 2016-10-30 17:30:27
    [notify_type] => trade_status_sync
    [quantity] => 1
    [out_trade_no] => 147781981682218
    [seller_id] => 2088021266234053
    [notify_time] => 2016-10-30 20:59:29
    [body] => 《诛仙yw》206元代金券
    [trade_status] => TRADE_SUCCESS
    [is_total_fee_adjust] => N
    [total_fee] => 100.90
    [gmt_payment] => 2016-10-30 17:30:31
    [seller_email] => 867672678@qq.com
    [price] => 100.90
    [buyer_id] => 2088702663816803
    [notify_id] => c2292b7f8ac3d666cf15e6789a61e00m6a
    [use_coupon] => N
    [sign_type] => MD5
    [sign] => f5ac0815abfdff96a8ba83f9ee0b5cba
)

2016-10-30 21:35:17订单：付款成功，给了玩家相应的代金券
Array
(
    [discount] => 0.00
    [extra_common_param] => 30
    [payment_type] => 1
    [subject] => 《龙战于野》30元代金券
    [trade_no] => 2016103021001004440220127255
    [buyer_email] => 283266479@qq.com
    [gmt_create] => 2016-10-30 21:35:11
    [notify_type] => trade_status_sync
    [quantity] => 1
    [out_trade_no] => 147783449454833
    [seller_id] => 2088021266234053
    [notify_time] => 2016-10-30 21:35:16
    [body] => 《龙战于野》30元代金券
    [trade_status] => TRADE_SUCCESS
    [is_total_fee_adjust] => N
    [total_fee] => 12.00
    [gmt_payment] => 2016-10-30 21:35:16
    [seller_email] => 867672678@qq.com
    [price] => 12.00
    [buyer_id] => 2088312127602442
    [notify_id] => f6a5713148513617d4a1a928b7588c6jea
    [use_coupon] => N
    [sign_type] => MD5
    [sign] => 4691b56ca97680b59138b00a30050d2f
)

2016-10-30 21:35:30订单：付款成功，给了玩家相应的代金券
Array
(
    [body] => 《龙战于野》30元代金券
    [buyer_email] => 283266479@qq.com
    [buyer_id] => 2088312127602442
    [exterface] => create_direct_pay_by_user
    [extra_common_param] => 30
    [is_success] => T
    [notify_id] => RqPnCoPT3K9%2Fvwbh3InWeXga3MR0AnWDDOiHgPuKZQT%2BlgNAi0f6p1T6E%2FERoH597Lc8
    [notify_time] => 2016-10-30 21:35:26
    [notify_type] => trade_status_sync
    [out_trade_no] => 147783449454833
    [payment_type] => 1
    [seller_email] => 867672678@qq.com
    [seller_id] => 2088021266234053
    [subject] => 《龙战于野》30元代金券
    [total_fee] => 12.00
    [trade_no] => 2016103021001004440220127255
    [trade_status] => TRADE_SUCCESS
    [sign] => 8e8e14373b3d280cbc389b23f5a2782a
    [sign_type] => MD5
)

2016-10-30 21:39:19订单：付款成功，给了玩家相应的代金券
Array
(
    [discount] => 0.00
    [extra_common_param] => 30
    [payment_type] => 1
    [subject] => 《龙战于野》30元代金券
    [trade_no] => 2016103021001004440220127255
    [buyer_email] => 283266479@qq.com
    [gmt_create] => 2016-10-30 21:35:11
    [notify_type] => trade_status_sync
    [quantity] => 1
    [out_trade_no] => 147783449454833
    [seller_id] => 2088021266234053
    [notify_time] => 2016-10-30 21:39:18
    [body] => 《龙战于野》30元代金券
    [trade_status] => TRADE_SUCCESS
    [is_total_fee_adjust] => N
    [total_fee] => 12.00
    [gmt_payment] => 2016-10-30 21:35:16
    [seller_email] => 867672678@qq.com
    [price] => 12.00
    [buyer_id] => 2088312127602442
    [notify_id] => f6a5713148513617d4a1a928b7588c6jea
    [use_coupon] => N
    [sign_type] => MD5
    [sign] => d5ea30e9d5901c4328f7057c301c921e
)

2016-10-30 21:49:42订单：付款成功，给了玩家相应的代金券
Array
(
    [discount] => 0.00
    [extra_common_param] => 2000
    [payment_type] => 1
    [subject] => 《诛仙yw》2000元代金券
    [trade_no] => 2016102921001004800260673827
    [buyer_email] => 174960848@qq.com
    [gmt_create] => 2016-10-29 21:21:45
    [notify_type] => trade_status_sync
    [quantity] => 1
    [out_trade_no] => 147774730023608
    [seller_id] => 2088021266234053
    [notify_time] => 2016-10-30 21:49:42
    [body] => 《诛仙yw》2000元代金券
    [trade_status] => TRADE_SUCCESS
    [is_total_fee_adjust] => N
    [total_fee] => 980.00
    [gmt_payment] => 2016-10-29 21:21:49
    [seller_email] => 867672678@qq.com
    [price] => 980.00
    [buyer_id] => 2088702663816803
    [notify_id] => 194d2afd8685a0fddac727055276a60m6a
    [use_coupon] => N
    [sign_type] => MD5
    [sign] => e27633d0e7ad6e4117675a00e7df130e
)

2016-10-30 21:52:44订单：付款成功，给了玩家相应的代金券
Array
(
    [discount] => 0.00
    [extra_common_param] => 30
    [payment_type] => 1
    [subject] => 《龙战于野》30元代金券
    [trade_no] => 2016103021001004440220127255
    [buyer_email] => 283266479@qq.com
    [gmt_create] => 2016-10-30 21:35:11
    [notify_type] => trade_status_sync
    [quantity] => 1
    [out_trade_no] => 147783449454833
    [seller_id] => 2088021266234053
    [notify_time] => 2016-10-30 21:52:43
    [body] => 《龙战于野》30元代金券
    [trade_status] => TRADE_SUCCESS
    [is_total_fee_adjust] => N
    [total_fee] => 12.00
    [gmt_payment] => 2016-10-30 21:35:16
    [seller_email] => 867672678@qq.com
    [price] => 12.00
    [buyer_id] => 2088312127602442
    [notify_id] => f6a5713148513617d4a1a928b7588c6jea
    [use_coupon] => N
    [sign_type] => MD5
    [sign] => 38f32a60d7dbba54f56f4ad597ac3382
)

2016-10-30 22:06:49订单：付款成功，给了玩家相应的代金券
Array
(
    [discount] => 0.00
    [extra_common_param] => 30
    [payment_type] => 1
    [subject] => 《龙战于野》30元代金券
    [trade_no] => 2016103021001004440220127255
    [buyer_email] => 283266479@qq.com
    [gmt_create] => 2016-10-30 21:35:11
    [notify_type] => trade_status_sync
    [quantity] => 1
    [out_trade_no] => 147783449454833
    [seller_id] => 2088021266234053
    [notify_time] => 2016-10-30 22:06:49
    [body] => 《龙战于野》30元代金券
    [trade_status] => TRADE_SUCCESS
    [is_total_fee_adjust] => N
    [total_fee] => 12.00
    [gmt_payment] => 2016-10-30 21:35:16
    [seller_email] => 867672678@qq.com
    [price] => 12.00
    [buyer_id] => 2088312127602442
    [notify_id] => f6a5713148513617d4a1a928b7588c6jea
    [use_coupon] => N
    [sign_type] => MD5
    [sign] => 1d65abecb2112a11a2d71f176864271e
)

2016-10-30 23:00:29订单：付款成功，给了玩家相应的代金券
Array
(
    [discount] => 0.00
    [extra_common_param] => 200
    [payment_type] => 1
    [subject] => 《诛仙yw》200元代金券
    [trade_no] => 2016103021001004800262270464
    [buyer_email] => 174960848@qq.com
    [gmt_create] => 2016-10-30 23:00:23
    [notify_type] => trade_status_sync
    [quantity] => 1
    [out_trade_no] => 147783959147354
    [seller_id] => 2088021266234053
    [notify_time] => 2016-10-30 23:00:29
    [body] => 《诛仙yw》200元代金券
    [trade_status] => TRADE_SUCCESS
    [is_total_fee_adjust] => N
    [total_fee] => 98.00
    [gmt_payment] => 2016-10-30 23:00:28
    [seller_email] => 867672678@qq.com
    [price] => 98.00
    [buyer_id] => 2088702663816803
    [notify_id] => c959e136acabe566eb753b9e78ed000m6a
    [use_coupon] => N
    [sign_type] => MD5
    [sign] => 82c0ea954f991055b3e06076c648243f
)

2016-10-30 23:00:41订单：付款成功，给了玩家相应的代金券
Array
(
    [body] => 《诛仙yw》200元代金券
    [buyer_email] => 174960848@qq.com
    [buyer_id] => 2088702663816803
    [exterface] => create_direct_pay_by_user
    [extra_common_param] => 200
    [is_success] => T
    [notify_id] => RqPnCoPT3K9%2Fvwbh3InWeXga0U5ZUCsTSfSpulrNQA22OxGDWlHU%2FySbl4c81WnvMd1m
    [notify_time] => 2016-10-30 23:00:37
    [notify_type] => trade_status_sync
    [out_trade_no] => 147783959147354
    [payment_type] => 1
    [seller_email] => 867672678@qq.com
    [seller_id] => 2088021266234053
    [subject] => 《诛仙yw》200元代金券
    [total_fee] => 98.00
    [trade_no] => 2016103021001004800262270464
    [trade_status] => TRADE_SUCCESS
    [sign] => 6c79969f621949e91d7ec2fd27197875
    [sign_type] => MD5
)

2016-10-30 23:01:15订单：付款成功，给了玩家相应的代金券
Array
(
    [discount] => 0.00
    [extra_common_param] => 30
    [payment_type] => 1
    [subject] => 《龙战于野》30元代金券
    [trade_no] => 2016103021001004440220127255
    [buyer_email] => 283266479@qq.com
    [gmt_create] => 2016-10-30 21:35:11
    [notify_type] => trade_status_sync
    [quantity] => 1
    [out_trade_no] => 147783449454833
    [seller_id] => 2088021266234053
    [notify_time] => 2016-10-30 23:01:15
    [body] => 《龙战于野》30元代金券
    [trade_status] => TRADE_SUCCESS
    [is_total_fee_adjust] => N
    [total_fee] => 12.00
    [gmt_payment] => 2016-10-30 21:35:16
    [seller_email] => 867672678@qq.com
    [price] => 12.00
    [buyer_id] => 2088312127602442
    [notify_id] => f6a5713148513617d4a1a928b7588c6jea
    [use_coupon] => N
    [sign_type] => MD5
    [sign] => 98afd7a12e19db18cca2d407c0274372
)

2016-10-30 23:02:46订单：付款成功，给了玩家相应的代金券
Array
(
    [discount] => 0.00
    [extra_common_param] => 800
    [payment_type] => 1
    [subject] => 《诛仙yw》800元代金券
    [trade_no] => 2016103021001004800262234455
    [buyer_email] => 174960848@qq.com
    [gmt_create] => 2016-10-30 23:02:41
    [notify_type] => trade_status_sync
    [quantity] => 1
    [out_trade_no] => 147783975879970
    [seller_id] => 2088021266234053
    [notify_time] => 2016-10-30 23:02:46
    [body] => 《诛仙yw》800元代金券
    [trade_status] => TRADE_SUCCESS
    [is_total_fee_adjust] => N
    [total_fee] => 392.00
    [gmt_payment] => 2016-10-30 23:02:46
    [seller_email] => 867672678@qq.com
    [price] => 392.00
    [buyer_id] => 2088702663816803
    [notify_id] => 9aa6918fcae13f544abdb95bd423bdbm6a
    [use_coupon] => N
    [sign_type] => MD5
    [sign] => 73eee50af20be5897c0888980b87a548
)

2016-10-30 23:02:58订单：付款成功，给了玩家相应的代金券
Array
(
    [body] => 《诛仙yw》800元代金券
    [buyer_email] => 174960848@qq.com
    [buyer_id] => 2088702663816803
    [exterface] => create_direct_pay_by_user
    [extra_common_param] => 800
    [is_success] => T
    [notify_id] => RqPnCoPT3K9%2Fvwbh3InWeXga0U%2BiVUc2%2BQj4Tx9oZ%2BF1MgUqOe0k7fKhBVytsAhUGZbM
    [notify_time] => 2016-10-30 23:02:54
    [notify_type] => trade_status_sync
    [out_trade_no] => 147783975879970
    [payment_type] => 1
    [seller_email] => 867672678@qq.com
    [seller_id] => 2088021266234053
    [subject] => 《诛仙yw》800元代金券
    [total_fee] => 392.00
    [trade_no] => 2016103021001004800262234455
    [trade_status] => TRADE_SUCCESS
    [sign] => d94e22128778640ebc8a2126b54f5ccc
    [sign_type] => MD5
)

2016-10-30 23:04:22订单：付款成功，给了玩家相应的代金券
Array
(
    [discount] => 0.00
    [extra_common_param] => 200
    [payment_type] => 1
    [subject] => 《诛仙yw》200元代金券
    [trade_no] => 2016103021001004800262270464
    [buyer_email] => 174960848@qq.com
    [gmt_create] => 2016-10-30 23:00:23
    [notify_type] => trade_status_sync
    [quantity] => 1
    [out_trade_no] => 147783959147354
    [seller_id] => 2088021266234053
    [notify_time] => 2016-10-30 23:04:22
    [body] => 《诛仙yw》200元代金券
    [trade_status] => TRADE_SUCCESS
    [is_total_fee_adjust] => N
    [total_fee] => 98.00
    [gmt_payment] => 2016-10-30 23:00:28
    [seller_email] => 867672678@qq.com
    [price] => 98.00
    [buyer_id] => 2088702663816803
    [notify_id] => c959e136acabe566eb753b9e78ed000m6a
    [use_coupon] => N
    [sign_type] => MD5
    [sign] => 50f6ff386b61b4dd19930abbecf4598a
)

2016-10-30 23:06:42订单：付款成功，给了玩家相应的代金券
Array
(
    [discount] => 0.00
    [extra_common_param] => 800
    [payment_type] => 1
    [subject] => 《诛仙yw》800元代金券
    [trade_no] => 2016103021001004800262234455
    [buyer_email] => 174960848@qq.com
    [gmt_create] => 2016-10-30 23:02:41
    [notify_type] => trade_status_sync
    [quantity] => 1
    [out_trade_no] => 147783975879970
    [seller_id] => 2088021266234053
    [notify_time] => 2016-10-30 23:06:42
    [body] => 《诛仙yw》800元代金券
    [trade_status] => TRADE_SUCCESS
    [is_total_fee_adjust] => N
    [total_fee] => 392.00
    [gmt_payment] => 2016-10-30 23:02:46
    [seller_email] => 867672678@qq.com
    [price] => 392.00
    [buyer_id] => 2088702663816803
    [notify_id] => 9aa6918fcae13f544abdb95bd423bdbm6a
    [use_coupon] => N
    [sign_type] => MD5
    [sign] => e2151025616571236122c7bdbf0008d1
)

2016-10-30 23:07:00订单：付款成功，给了玩家相应的代金券
Array
(
    [discount] => 0.00
    [extra_common_param] => 100
    [payment_type] => 1
    [subject] => 《诛仙yw》100元代金券
    [trade_no] => 2016103021001004800262234547
    [buyer_email] => 174960848@qq.com
    [gmt_create] => 2016-10-30 23:06:56
    [notify_type] => trade_status_sync
    [quantity] => 1
    [out_trade_no] => 147784001216585
    [seller_id] => 2088021266234053
    [notify_time] => 2016-10-30 23:07:00
    [body] => 《诛仙yw》100元代金券
    [trade_status] => TRADE_SUCCESS
    [is_total_fee_adjust] => N
    [total_fee] => 49.00
    [gmt_payment] => 2016-10-30 23:07:00
    [seller_email] => 867672678@qq.com
    [price] => 49.00
    [buyer_id] => 2088702663816803
    [notify_id] => 116af6736626df9b9ef993fc4baf77bm6a
    [use_coupon] => N
    [sign_type] => MD5
    [sign] => fdebf917fb358be8038aa90980f2298c
)

2016-10-30 23:07:11订单：付款成功，给了玩家相应的代金券
Array
(
    [body] => 《诛仙yw》100元代金券
    [buyer_email] => 174960848@qq.com
    [buyer_id] => 2088702663816803
    [exterface] => create_direct_pay_by_user
    [extra_common_param] => 100
    [is_success] => T
    [notify_id] => RqPnCoPT3K9%2Fvwbh3InWeXgd0372wkP5dKdvtZn5HFLBxMUo6%2BgJp8eVwSWztEfbgZP8
    [notify_time] => 2016-10-30 23:07:07
    [notify_type] => trade_status_sync
    [out_trade_no] => 147784001216585
    [payment_type] => 1
    [seller_email] => 867672678@qq.com
    [seller_id] => 2088021266234053
    [subject] => 《诛仙yw》100元代金券
    [total_fee] => 49.00
    [trade_no] => 2016103021001004800262234547
    [trade_status] => TRADE_SUCCESS
    [sign] => bc915a815c7e5ce3f94603f55a532ef4
    [sign_type] => MD5
)

2016-10-30 23:11:09订单：付款成功，给了玩家相应的代金券
Array
(
    [discount] => 0.00
    [extra_common_param] => 100
    [payment_type] => 1
    [subject] => 《诛仙yw》100元代金券
    [trade_no] => 2016103021001004800262234547
    [buyer_email] => 174960848@qq.com
    [gmt_create] => 2016-10-30 23:06:56
    [notify_type] => trade_status_sync
    [quantity] => 1
    [out_trade_no] => 147784001216585
    [seller_id] => 2088021266234053
    [notify_time] => 2016-10-30 23:11:09
    [body] => 《诛仙yw》100元代金券
    [trade_status] => TRADE_SUCCESS
    [is_total_fee_adjust] => N
    [total_fee] => 49.00
    [gmt_payment] => 2016-10-30 23:07:00
    [seller_email] => 867672678@qq.com
    [price] => 49.00
    [buyer_id] => 2088702663816803
    [notify_id] => 116af6736626df9b9ef993fc4baf77bm6a
    [use_coupon] => N
    [sign_type] => MD5
    [sign] => af33d66fd7b0b93f6a47ffbc9f21f158
)

2016-10-30 23:16:11订单：付款成功，给了玩家相应的代金券
Array
(
    [discount] => 0.00
    [extra_common_param] => 200
    [payment_type] => 1
    [subject] => 《诛仙yw》200元代金券
    [trade_no] => 2016103021001004800262270464
    [buyer_email] => 174960848@qq.com
    [gmt_create] => 2016-10-30 23:00:23
    [notify_type] => trade_status_sync
    [quantity] => 1
    [out_trade_no] => 147783959147354
    [seller_id] => 2088021266234053
    [notify_time] => 2016-10-30 23:16:11
    [body] => 《诛仙yw》200元代金券
    [trade_status] => TRADE_SUCCESS
    [is_total_fee_adjust] => N
    [total_fee] => 98.00
    [gmt_payment] => 2016-10-30 23:00:28
    [seller_email] => 867672678@qq.com
    [price] => 98.00
    [buyer_id] => 2088702663816803
    [notify_id] => c959e136acabe566eb753b9e78ed000m6a
    [use_coupon] => N
    [sign_type] => MD5
    [sign] => 62313b58003017ae55ab78aa919f482b
)

2016-10-30 23:19:23订单：付款成功，给了玩家相应的代金券
Array
(
    [discount] => 0.00
    [extra_common_param] => 800
    [payment_type] => 1
    [subject] => 《诛仙yw》800元代金券
    [trade_no] => 2016103021001004800262234455
    [buyer_email] => 174960848@qq.com
    [gmt_create] => 2016-10-30 23:02:41
    [notify_type] => trade_status_sync
    [quantity] => 1
    [out_trade_no] => 147783975879970
    [seller_id] => 2088021266234053
    [notify_time] => 2016-10-30 23:19:23
    [body] => 《诛仙yw》800元代金券
    [trade_status] => TRADE_SUCCESS
    [is_total_fee_adjust] => N
    [total_fee] => 392.00
    [gmt_payment] => 2016-10-30 23:02:46
    [seller_email] => 867672678@qq.com
    [price] => 392.00
    [buyer_id] => 2088702663816803
    [notify_id] => 9aa6918fcae13f544abdb95bd423bdbm6a
    [use_coupon] => N
    [sign_type] => MD5
    [sign] => 55b83dd873db84917a59d1ccab5bb3fe
)

2016-10-30 23:22:44订单：付款成功，给了玩家相应的代金券
Array
(
    [discount] => 0.00
    [extra_common_param] => 100
    [payment_type] => 1
    [subject] => 《诛仙yw》100元代金券
    [trade_no] => 2016103021001004800262234547
    [buyer_email] => 174960848@qq.com
    [gmt_create] => 2016-10-30 23:06:56
    [notify_type] => trade_status_sync
    [quantity] => 1
    [out_trade_no] => 147784001216585
    [seller_id] => 2088021266234053
    [notify_time] => 2016-10-30 23:22:44
    [body] => 《诛仙yw》100元代金券
    [trade_status] => TRADE_SUCCESS
    [is_total_fee_adjust] => N
    [total_fee] => 49.00
    [gmt_payment] => 2016-10-30 23:07:00
    [seller_email] => 867672678@qq.com
    [price] => 49.00
    [buyer_id] => 2088702663816803
    [notify_id] => 116af6736626df9b9ef993fc4baf77bm6a
    [use_coupon] => N
    [sign_type] => MD5
    [sign] => 79ead2675c60a184d6323c8ffdc12d0e
)

2016-10-30 23:30:43订单：付款成功，给了玩家相应的代金券
Array
(
    [discount] => 0.00
    [extra_common_param] => 200
    [payment_type] => 1
    [subject] => 《诛仙yw》200元代金券
    [trade_no] => 2016103021001004800262270464
    [buyer_email] => 174960848@qq.com
    [gmt_create] => 2016-10-30 23:00:23
    [notify_type] => trade_status_sync
    [quantity] => 1
    [out_trade_no] => 147783959147354
    [seller_id] => 2088021266234053
    [notify_time] => 2016-10-30 23:30:42
    [body] => 《诛仙yw》200元代金券
    [trade_status] => TRADE_SUCCESS
    [is_total_fee_adjust] => N
    [total_fee] => 98.00
    [gmt_payment] => 2016-10-30 23:00:28
    [seller_email] => 867672678@qq.com
    [price] => 98.00
    [buyer_id] => 2088702663816803
    [notify_id] => c959e136acabe566eb753b9e78ed000m6a
    [use_coupon] => N
    [sign_type] => MD5
    [sign] => 13881a93e211a8e00d596eda41a3d0f2
)

2016-10-30 23:33:42订单：付款成功，给了玩家相应的代金券
Array
(
    [discount] => 0.00
    [extra_common_param] => 800
    [payment_type] => 1
    [subject] => 《诛仙yw》800元代金券
    [trade_no] => 2016103021001004800262234455
    [buyer_email] => 174960848@qq.com
    [gmt_create] => 2016-10-30 23:02:41
    [notify_type] => trade_status_sync
    [quantity] => 1
    [out_trade_no] => 147783975879970
    [seller_id] => 2088021266234053
    [notify_time] => 2016-10-30 23:33:42
    [body] => 《诛仙yw》800元代金券
    [trade_status] => TRADE_SUCCESS
    [is_total_fee_adjust] => N
    [total_fee] => 392.00
    [gmt_payment] => 2016-10-30 23:02:46
    [seller_email] => 867672678@qq.com
    [price] => 392.00
    [buyer_id] => 2088702663816803
    [notify_id] => 9aa6918fcae13f544abdb95bd423bdbm6a
    [use_coupon] => N
    [sign_type] => MD5
    [sign] => 9f888c87df146e0434855a5cf409f954
)

2016-10-30 23:36:34订单：付款成功，给了玩家相应的代金券
Array
(
    [discount] => 0.00
    [extra_common_param] => 100
    [payment_type] => 1
    [subject] => 《诛仙yw》100元代金券
    [trade_no] => 2016103021001004800262234547
    [buyer_email] => 174960848@qq.com
    [gmt_create] => 2016-10-30 23:06:56
    [notify_type] => trade_status_sync
    [quantity] => 1
    [out_trade_no] => 147784001216585
    [seller_id] => 2088021266234053
    [notify_time] => 2016-10-30 23:36:34
    [body] => 《诛仙yw》100元代金券
    [trade_status] => TRADE_SUCCESS
    [is_total_fee_adjust] => N
    [total_fee] => 49.00
    [gmt_payment] => 2016-10-30 23:07:00
    [seller_email] => 867672678@qq.com
    [price] => 49.00
    [buyer_id] => 2088702663816803
    [notify_id] => 116af6736626df9b9ef993fc4baf77bm6a
    [use_coupon] => N
    [sign_type] => MD5
    [sign] => 5276a4dcc1079ec4f2d80fba8ce12fec
)

2016-10-30 23:56:46订单：付款成功，给了玩家相应的代金券
Array
(
    [discount] => 0.00
    [extra_common_param] => 100
    [payment_type] => 1
    [subject] => 《诛仙yw》100元代金券
    [trade_no] => 2016102921001004800260905107
    [buyer_email] => 174960848@qq.com
    [gmt_create] => 2016-10-29 23:32:53
    [notify_type] => trade_status_sync
    [quantity] => 1
    [out_trade_no] => 147775516247313
    [seller_id] => 2088021266234053
    [notify_time] => 2016-10-30 23:56:46
    [body] => 《诛仙yw》100元代金券
    [trade_status] => TRADE_SUCCESS
    [is_total_fee_adjust] => N
    [total_fee] => 49.00
    [gmt_payment] => 2016-10-29 23:32:58
    [seller_email] => 867672678@qq.com
    [price] => 49.00
    [buyer_id] => 2088702663816803
    [notify_id] => e85e00c8f15c9ac0bdbbd188324bc3em6a
    [use_coupon] => N
    [sign_type] => MD5
    [sign] => d736c2047b2c38e82b57bf1d1d53312d
)

