2016-09-26 00:12:11订单：付款成功，给了玩家相应的代金券
Array
(
    [discount] => 0.00
    [extra_common_param] => 2000
    [payment_type] => 1
    [subject] => 《诛仙yw》2000元代金券
    [trade_no] => 2016092521001004800238096398
    [buyer_email] => 174960848@qq.com
    [gmt_create] => 2016-09-25 14:48:11
    [notify_type] => trade_status_sync
    [quantity] => 1
    [out_trade_no] => 147478607353064
    [seller_id] => 2088021266234053
    [notify_time] => 2016-09-26 00:12:11
    [body] => 《诛仙yw》2000元代金券
    [trade_status] => TRADE_SUCCESS
    [is_total_fee_adjust] => N
    [total_fee] => 960.00
    [gmt_payment] => 2016-09-25 14:48:14
    [seller_email] => 867672678@qq.com
    [price] => 960.00
    [buyer_id] => 2088702663816803
    [notify_id] => cf5dd59e859549f036a58a3013c3a94m6a
    [use_coupon] => N
    [sign_type] => MD5
    [sign] => a67722aea9e73177882e3df26da61df2
)

2016-09-26 00:25:19订单：付款成功，给了玩家相应的代金券
Array
(
    [discount] => 0.00
    [extra_common_param] => 2000
    [payment_type] => 1
    [subject] => 《龙战于野》2000元代金券
    [trade_no] => 2016092521001004100222179685
    [buyer_email] => zhengwanyi@hotmail.com
    [gmt_create] => 2016-09-25 21:01:32
    [notify_type] => trade_status_sync
    [quantity] => 1
    [out_trade_no] => 147480848639441
    [seller_id] => 2088021266234053
    [notify_time] => 2016-09-26 00:25:19
    [body] => 《龙战于野》2000元代金券
    [trade_status] => TRADE_SUCCESS
    [is_total_fee_adjust] => N
    [total_fee] => 800.00
    [gmt_payment] => 2016-09-25 21:01:41
    [seller_email] => 867672678@qq.com
    [price] => 800.00
    [buyer_id] => 2088002293236104
    [notify_id] => 549bcc7310a5cab9f0d78a7e8159e65gru
    [use_coupon] => N
    [sign_type] => MD5
    [sign] => 9bab42f3769a603d4071d43a718d64f3
)

2016-09-26 00:31:17订单：付款成功，给了玩家相应的代金券
Array
(
    [discount] => 0.00
    [extra_common_param] => 68
    [payment_type] => 1
    [subject] => 《龙战于野》68元代金券
    [trade_no] => 2016092521001004440294135905
    [buyer_email] => 283266479@qq.com
    [gmt_create] => 2016-09-25 21:05:49
    [notify_type] => trade_status_sync
    [quantity] => 1
    [out_trade_no] => 147480874096069
    [seller_id] => 2088021266234053
    [notify_time] => 2016-09-26 00:31:16
    [body] => 《龙战于野》68元代金券
    [trade_status] => TRADE_SUCCESS
    [is_total_fee_adjust] => N
    [total_fee] => 27.20
    [gmt_payment] => 2016-09-25 21:05:53
    [seller_email] => 867672678@qq.com
    [price] => 27.20
    [buyer_id] => 2088312127602442
    [notify_id] => 571508e788deff09e1ab8331edc854djea
    [use_coupon] => N
    [sign_type] => MD5
    [sign] => 9e371582424b232a5f49dc82a5179fc6
)

2016-09-26 00:40:44订单：付款成功，给了玩家相应的代金券
Array
(
    [discount] => 0.00
    [extra_common_param] => 862
    [payment_type] => 1
    [subject] => 《诛仙yw》862元代金券
    [trade_no] => 2016092621001004800240835004
    [buyer_email] => 174960848@qq.com
    [gmt_create] => 2016-09-26 00:40:40
    [notify_type] => trade_status_sync
    [quantity] => 1
    [out_trade_no] => 147482162526543
    [seller_id] => 2088021266234053
    [notify_time] => 2016-09-26 00:40:44
    [body] => 《诛仙yw》862元代金券
    [trade_status] => TRADE_SUCCESS
    [is_total_fee_adjust] => N
    [total_fee] => 413.80
    [gmt_payment] => 2016-09-26 00:40:44
    [seller_email] => 867672678@qq.com
    [price] => 413.80
    [buyer_id] => 2088702663816803
    [notify_id] => d7d6b27517ea59930bbec824bd67660m6a
    [use_coupon] => N
    [sign_type] => MD5
    [sign] => b13e589ce01084a7e7f28de9d9e17c16
)

2016-09-26 00:40:55订单：付款成功，给了玩家相应的代金券
Array
(
    [body] => 《诛仙yw》862元代金券
    [buyer_email] => 174960848@qq.com
    [buyer_id] => 2088702663816803
    [exterface] => create_direct_pay_by_user
    [extra_common_param] => 862
    [is_success] => T
    [notify_id] => RqPnCoPT3K9%2Fvwbh3InWesHN2XL%2BPBp%2FNUQwMyVHoyU2HTpr9vyHV2x1UonKH4hEJTjU
    [notify_time] => 2016-09-26 00:40:52
    [notify_type] => trade_status_sync
    [out_trade_no] => 147482162526543
    [payment_type] => 1
    [seller_email] => 867672678@qq.com
    [seller_id] => 2088021266234053
    [subject] => 《诛仙yw》862元代金券
    [total_fee] => 413.80
    [trade_no] => 2016092621001004800240835004
    [trade_status] => TRADE_SUCCESS
    [sign] => c0b7c88269b4b73c11d3ea6b41c4e53a
    [sign_type] => MD5
)

2016-09-26 00:44:07订单：付款成功，给了玩家相应的代金券
Array
(
    [discount] => 0.00
    [extra_common_param] => 862
    [payment_type] => 1
    [subject] => 《诛仙yw》862元代金券
    [trade_no] => 2016092621001004800240835004
    [buyer_email] => 174960848@qq.com
    [gmt_create] => 2016-09-26 00:40:40
    [notify_type] => trade_status_sync
    [quantity] => 1
    [out_trade_no] => 147482162526543
    [seller_id] => 2088021266234053
    [notify_time] => 2016-09-26 00:44:06
    [body] => 《诛仙yw》862元代金券
    [trade_status] => TRADE_SUCCESS
    [is_total_fee_adjust] => N
    [total_fee] => 413.80
    [gmt_payment] => 2016-09-26 00:40:44
    [seller_email] => 867672678@qq.com
    [price] => 413.80
    [buyer_id] => 2088702663816803
    [notify_id] => d7d6b27517ea59930bbec824bd67660m6a
    [use_coupon] => N
    [sign_type] => MD5
    [sign] => 8ff91b6efbd2a78237ce5eb4f857ad25
)

2016-09-26 00:55:13订单：付款成功，给了玩家相应的代金券
Array
(
    [discount] => 0.00
    [extra_common_param] => 862
    [payment_type] => 1
    [subject] => 《诛仙yw》862元代金券
    [trade_no] => 2016092621001004800240835004
    [buyer_email] => 174960848@qq.com
    [gmt_create] => 2016-09-26 00:40:40
    [notify_type] => trade_status_sync
    [quantity] => 1
    [out_trade_no] => 147482162526543
    [seller_id] => 2088021266234053
    [notify_time] => 2016-09-26 00:55:13
    [body] => 《诛仙yw》862元代金券
    [trade_status] => TRADE_SUCCESS
    [is_total_fee_adjust] => N
    [total_fee] => 413.80
    [gmt_payment] => 2016-09-26 00:40:44
    [seller_email] => 867672678@qq.com
    [price] => 413.80
    [buyer_id] => 2088702663816803
    [notify_id] => d7d6b27517ea59930bbec824bd67660m6a
    [use_coupon] => N
    [sign_type] => MD5
    [sign] => 704da70bbe083c845b6f32639bc1c710
)

2016-09-26 01:04:04订单：付款成功，给了玩家相应的代金券
Array
(
    [discount] => 0.00
    [extra_common_param] => 862
    [payment_type] => 1
    [subject] => 《诛仙yw》862元代金券
    [trade_no] => 2016092621001004800240835004
    [buyer_email] => 174960848@qq.com
    [gmt_create] => 2016-09-26 00:40:40
    [notify_type] => trade_status_sync
    [quantity] => 1
    [out_trade_no] => 147482162526543
    [seller_id] => 2088021266234053
    [notify_time] => 2016-09-26 01:04:04
    [body] => 《诛仙yw》862元代金券
    [trade_status] => TRADE_SUCCESS
    [is_total_fee_adjust] => N
    [total_fee] => 413.80
    [gmt_payment] => 2016-09-26 00:40:44
    [seller_email] => 867672678@qq.com
    [price] => 413.80
    [buyer_id] => 2088702663816803
    [notify_id] => d7d6b27517ea59930bbec824bd67660m6a
    [use_coupon] => N
    [sign_type] => MD5
    [sign] => 97fa220ac6f9853fd1d7a65e76bdfe4d
)

2016-09-26 01:22:20订单：付款成功，给了玩家相应的代金券
Array
(
    [discount] => 0.00
    [extra_common_param] => 648
    [payment_type] => 1
    [subject] => 《龙战于野》648元代金券
    [trade_no] => 2016092521001004440296744728
    [buyer_email] => 283266479@qq.com
    [gmt_create] => 2016-09-25 15:57:25
    [notify_type] => trade_status_sync
    [quantity] => 1
    [out_trade_no] => 147479023695287
    [seller_id] => 2088021266234053
    [notify_time] => 2016-09-26 01:22:20
    [body] => 《龙战于野》648元代金券
    [trade_status] => TRADE_SUCCESS
    [is_total_fee_adjust] => N
    [total_fee] => 259.20
    [gmt_payment] => 2016-09-25 15:57:33
    [seller_email] => 867672678@qq.com
    [price] => 259.20
    [buyer_id] => 2088312127602442
    [notify_id] => e1c3b066157ef6cfb5dbd1fcd1fc900jea
    [use_coupon] => N
    [sign_type] => MD5
    [sign] => 7951c8bd128141d17cc372204ee26cc0
)

2016-09-26 01:30:35订单：付款成功，给了玩家相应的代金券
Array
(
    [discount] => 0.00
    [extra_common_param] => 648
    [payment_type] => 1
    [subject] => 《诛仙yw》648元代金券
    [trade_no] => 2016092521001004800242675051
    [buyer_email] => 174960848@qq.com
    [gmt_create] => 2016-09-25 22:05:27
    [notify_type] => trade_status_sync
    [quantity] => 1
    [out_trade_no] => 147481232108708
    [seller_id] => 2088021266234053
    [notify_time] => 2016-09-26 01:30:35
    [body] => 《诛仙yw》648元代金券
    [trade_status] => TRADE_SUCCESS
    [is_total_fee_adjust] => N
    [total_fee] => 311.00
    [gmt_payment] => 2016-09-25 22:05:30
    [seller_email] => 867672678@qq.com
    [price] => 311.00
    [buyer_id] => 2088702663816803
    [notify_id] => 19a0e4bc7045c73b5fbaf17af681ce7m6a
    [use_coupon] => N
    [sign_type] => MD5
    [sign] => bdf29d8717007e69a224d62c426f7664
)

2016-09-26 02:04:09订单：付款成功，给了玩家相应的代金券
Array
(
    [discount] => 0.00
    [extra_common_param] => 862
    [payment_type] => 1
    [subject] => 《诛仙yw》862元代金券
    [trade_no] => 2016092621001004800240835004
    [buyer_email] => 174960848@qq.com
    [gmt_create] => 2016-09-26 00:40:40
    [notify_type] => trade_status_sync
    [quantity] => 1
    [out_trade_no] => 147482162526543
    [seller_id] => 2088021266234053
    [notify_time] => 2016-09-26 02:04:09
    [body] => 《诛仙yw》862元代金券
    [trade_status] => TRADE_SUCCESS
    [is_total_fee_adjust] => N
    [total_fee] => 413.80
    [gmt_payment] => 2016-09-26 00:40:44
    [seller_email] => 867672678@qq.com
    [price] => 413.80
    [buyer_id] => 2088702663816803
    [notify_id] => d7d6b27517ea59930bbec824bd67660m6a
    [use_coupon] => N
    [sign_type] => MD5
    [sign] => 20d923f3325d221e70fac470762320e4
)

2016-09-26 04:04:30订单：付款成功，给了玩家相应的代金券
Array
(
    [discount] => 0.00
    [extra_common_param] => 862
    [payment_type] => 1
    [subject] => 《诛仙yw》862元代金券
    [trade_no] => 2016092621001004800240835004
    [buyer_email] => 174960848@qq.com
    [gmt_create] => 2016-09-26 00:40:40
    [notify_type] => trade_status_sync
    [quantity] => 1
    [out_trade_no] => 147482162526543
    [seller_id] => 2088021266234053
    [notify_time] => 2016-09-26 04:04:30
    [body] => 《诛仙yw》862元代金券
    [trade_status] => TRADE_SUCCESS
    [is_total_fee_adjust] => N
    [total_fee] => 413.80
    [gmt_payment] => 2016-09-26 00:40:44
    [seller_email] => 867672678@qq.com
    [price] => 413.80
    [buyer_id] => 2088702663816803
    [notify_id] => d7d6b27517ea59930bbec824bd67660m6a
    [use_coupon] => N
    [sign_type] => MD5
    [sign] => 7ee0c361d58b9cc79704c4a397159572
)

2016-09-26 06:25:41订单：付款成功，给了玩家相应的代金券
Array
(
    [discount] => 0.00
    [extra_common_param] => 2000
    [payment_type] => 1
    [subject] => 《龙战于野》2000元代金券
    [trade_no] => 2016092521001004100222179685
    [buyer_email] => zhengwanyi@hotmail.com
    [gmt_create] => 2016-09-25 21:01:32
    [notify_type] => trade_status_sync
    [quantity] => 1
    [out_trade_no] => 147480848639441
    [seller_id] => 2088021266234053
    [notify_time] => 2016-09-26 06:25:41
    [body] => 《龙战于野》2000元代金券
    [trade_status] => TRADE_SUCCESS
    [is_total_fee_adjust] => N
    [total_fee] => 800.00
    [gmt_payment] => 2016-09-25 21:01:41
    [seller_email] => 867672678@qq.com
    [price] => 800.00
    [buyer_id] => 2088002293236104
    [notify_id] => 549bcc7310a5cab9f0d78a7e8159e65gru
    [use_coupon] => N
    [sign_type] => MD5
    [sign] => c80b9be0c8177c773811a8e5a610519c
)

2016-09-26 06:29:15订单：付款成功，给了玩家相应的代金券
Array
(
    [discount] => 0.00
    [extra_common_param] => 68
    [payment_type] => 1
    [subject] => 《龙战于野》68元代金券
    [trade_no] => 2016092521001004440294135905
    [buyer_email] => 283266479@qq.com
    [gmt_create] => 2016-09-25 21:05:49
    [notify_type] => trade_status_sync
    [quantity] => 1
    [out_trade_no] => 147480874096069
    [seller_id] => 2088021266234053
    [notify_time] => 2016-09-26 06:29:14
    [body] => 《龙战于野》68元代金券
    [trade_status] => TRADE_SUCCESS
    [is_total_fee_adjust] => N
    [total_fee] => 27.20
    [gmt_payment] => 2016-09-25 21:05:53
    [seller_email] => 867672678@qq.com
    [price] => 27.20
    [buyer_id] => 2088312127602442
    [notify_id] => 571508e788deff09e1ab8331edc854djea
    [use_coupon] => N
    [sign_type] => MD5
    [sign] => 38ec811d6d9dc5b978ff066a6b3a6b7a
)

2016-09-26 07:31:34订单：付款成功，给了玩家相应的代金券
Array
(
    [discount] => 0.00
    [extra_common_param] => 648
    [payment_type] => 1
    [subject] => 《诛仙yw》648元代金券
    [trade_no] => 2016092521001004800242675051
    [buyer_email] => 174960848@qq.com
    [gmt_create] => 2016-09-25 22:05:27
    [notify_type] => trade_status_sync
    [quantity] => 1
    [out_trade_no] => 147481232108708
    [seller_id] => 2088021266234053
    [notify_time] => 2016-09-26 07:31:34
    [body] => 《诛仙yw》648元代金券
    [trade_status] => TRADE_SUCCESS
    [is_total_fee_adjust] => N
    [total_fee] => 311.00
    [gmt_payment] => 2016-09-25 22:05:30
    [seller_email] => 867672678@qq.com
    [price] => 311.00
    [buyer_id] => 2088702663816803
    [notify_id] => 19a0e4bc7045c73b5fbaf17af681ce7m6a
    [use_coupon] => N
    [sign_type] => MD5
    [sign] => 2f4e82d9d321f4b11abdb17e996fe3f1
)

2016-09-26 08:57:08订单：付款成功，给了玩家相应的代金券
Array
(
    [discount] => 0.00
    [extra_common_param] => 68
    [payment_type] => 1
    [subject] => 《龙战于野》68元代金券
    [trade_no] => 2016092521001004440291950422
    [buyer_email] => 283266479@qq.com
    [gmt_create] => 2016-09-25 08:33:12
    [notify_type] => trade_status_sync
    [quantity] => 1
    [out_trade_no] => 147476358438895
    [seller_id] => 2088021266234053
    [notify_time] => 2016-09-26 08:57:08
    [body] => 《龙战于野》68元代金券
    [trade_status] => TRADE_SUCCESS
    [is_total_fee_adjust] => N
    [total_fee] => 27.20
    [gmt_payment] => 2016-09-25 08:33:16
    [seller_email] => 867672678@qq.com
    [price] => 27.20
    [buyer_id] => 2088312127602442
    [notify_id] => 852aba8a958c73573d1f71a9d62c874jea
    [use_coupon] => N
    [sign_type] => MD5
    [sign] => 009b788845b847f290e1f99f1c982517
)

2016-09-26 10:04:40订单：付款成功，给了玩家相应的代金券
Array
(
    [discount] => 0.00
    [extra_common_param] => 862
    [payment_type] => 1
    [subject] => 《诛仙yw》862元代金券
    [trade_no] => 2016092621001004800240835004
    [buyer_email] => 174960848@qq.com
    [gmt_create] => 2016-09-26 00:40:40
    [notify_type] => trade_status_sync
    [quantity] => 1
    [out_trade_no] => 147482162526543
    [seller_id] => 2088021266234053
    [notify_time] => 2016-09-26 10:04:40
    [body] => 《诛仙yw》862元代金券
    [trade_status] => TRADE_SUCCESS
    [is_total_fee_adjust] => N
    [total_fee] => 413.80
    [gmt_payment] => 2016-09-26 00:40:44
    [seller_email] => 867672678@qq.com
    [price] => 413.80
    [buyer_id] => 2088702663816803
    [notify_id] => d7d6b27517ea59930bbec824bd67660m6a
    [use_coupon] => N
    [sign_type] => MD5
    [sign] => c3cf2e1b3534477fac5239649885ef29
)

2016-09-26 12:37:53订单：付款成功，给了玩家相应的代金券
Array
(
    [discount] => 0.00
    [extra_common_param] => 200
    [payment_type] => 1
    [subject] => 《诛仙yw》200元代金券
    [trade_no] => 2016092621001004800242690984
    [buyer_email] => 174960848@qq.com
    [gmt_create] => 2016-09-26 12:37:49
    [notify_type] => trade_status_sync
    [quantity] => 1
    [out_trade_no] => 147486464190007
    [seller_id] => 2088021266234053
    [notify_time] => 2016-09-26 12:37:52
    [body] => 《诛仙yw》200元代金券
    [trade_status] => TRADE_SUCCESS
    [is_total_fee_adjust] => N
    [total_fee] => 96.00
    [gmt_payment] => 2016-09-26 12:37:52
    [seller_email] => 867672678@qq.com
    [price] => 96.00
    [buyer_id] => 2088702663816803
    [notify_id] => 40a247d7056395e918464ec0e817adam6a
    [use_coupon] => N
    [sign_type] => MD5
    [sign] => a7147f86b0c8238e987cf06a23ae865a
)

2016-09-26 12:38:04订单：付款成功，给了玩家相应的代金券
Array
(
    [body] => 《诛仙yw》200元代金券
    [buyer_email] => 174960848@qq.com
    [buyer_id] => 2088702663816803
    [exterface] => create_direct_pay_by_user
    [extra_common_param] => 200
    [is_success] => T
    [notify_id] => RqPnCoPT3K9%2Fvwbh3InWesHJWZPApxJTFXOAVb78hPWeYscZ%2BM1tc8KE%2FaQNHxTYeqAn
    [notify_time] => 2016-09-26 12:38:00
    [notify_type] => trade_status_sync
    [out_trade_no] => 147486464190007
    [payment_type] => 1
    [seller_email] => 867672678@qq.com
    [seller_id] => 2088021266234053
    [subject] => 《诛仙yw》200元代金券
    [total_fee] => 96.00
    [trade_no] => 2016092621001004800242690984
    [trade_status] => TRADE_SUCCESS
    [sign] => fbf22a53b577047c95c803cc45dec437
    [sign_type] => MD5
)

2016-09-26 12:41:44订单：付款成功，给了玩家相应的代金券
Array
(
    [discount] => 0.00
    [extra_common_param] => 200
    [payment_type] => 1
    [subject] => 《诛仙yw》200元代金券
    [trade_no] => 2016092621001004800242690984
    [buyer_email] => 174960848@qq.com
    [gmt_create] => 2016-09-26 12:37:49
    [notify_type] => trade_status_sync
    [quantity] => 1
    [out_trade_no] => 147486464190007
    [seller_id] => 2088021266234053
    [notify_time] => 2016-09-26 12:41:44
    [body] => 《诛仙yw》200元代金券
    [trade_status] => TRADE_SUCCESS
    [is_total_fee_adjust] => N
    [total_fee] => 96.00
    [gmt_payment] => 2016-09-26 12:37:52
    [seller_email] => 867672678@qq.com
    [price] => 96.00
    [buyer_id] => 2088702663816803
    [notify_id] => 40a247d7056395e918464ec0e817adam6a
    [use_coupon] => N
    [sign_type] => MD5
    [sign] => 09906d44cb7a6fae79cc1bd1d2ef32a8
)

2016-09-26 12:48:11订单：付款成功，给了玩家相应的代金券
Array
(
    [discount] => 0.00
    [extra_common_param] => 100
    [payment_type] => 1
    [subject] => 《诛仙yw》100元代金券
    [trade_no] => 2016092521001004800240087463
    [buyer_email] => 174960848@qq.com
    [gmt_create] => 2016-09-25 12:22:55
    [notify_type] => trade_status_sync
    [quantity] => 1
    [out_trade_no] => 147477736169078
    [seller_id] => 2088021266234053
    [notify_time] => 2016-09-26 12:48:11
    [body] => 《诛仙yw》100元代金券
    [trade_status] => TRADE_SUCCESS
    [is_total_fee_adjust] => N
    [total_fee] => 48.00
    [gmt_payment] => 2016-09-25 12:23:04
    [seller_email] => 867672678@qq.com
    [price] => 48.00
    [buyer_id] => 2088702663816803
    [notify_id] => 54a30a37ba5d137401e33c414a8c0f6m6a
    [use_coupon] => N
    [sign_type] => MD5
    [sign] => 8e05de08f705a66642d6adf41e449325
)

2016-09-26 12:52:14订单：付款成功，给了玩家相应的代金券
Array
(
    [discount] => 0.00
    [extra_common_param] => 200
    [payment_type] => 1
    [subject] => 《诛仙yw》200元代金券
    [trade_no] => 2016092621001004800242690984
    [buyer_email] => 174960848@qq.com
    [gmt_create] => 2016-09-26 12:37:49
    [notify_type] => trade_status_sync
    [quantity] => 1
    [out_trade_no] => 147486464190007
    [seller_id] => 2088021266234053
    [notify_time] => 2016-09-26 12:52:13
    [body] => 《诛仙yw》200元代金券
    [trade_status] => TRADE_SUCCESS
    [is_total_fee_adjust] => N
    [total_fee] => 96.00
    [gmt_payment] => 2016-09-26 12:37:52
    [seller_email] => 867672678@qq.com
    [price] => 96.00
    [buyer_id] => 2088702663816803
    [notify_id] => 40a247d7056395e918464ec0e817adam6a
    [use_coupon] => N
    [sign_type] => MD5
    [sign] => 510e969d6c4b9c8c91000324d41d4f31
)

2016-09-26 13:01:15订单：付款成功，给了玩家相应的代金券
Array
(
    [discount] => 0.00
    [extra_common_param] => 200
    [payment_type] => 1
    [subject] => 《诛仙yw》200元代金券
    [trade_no] => 2016092621001004800242690984
    [buyer_email] => 174960848@qq.com
    [gmt_create] => 2016-09-26 12:37:49
    [notify_type] => trade_status_sync
    [quantity] => 1
    [out_trade_no] => 147486464190007
    [seller_id] => 2088021266234053
    [notify_time] => 2016-09-26 13:01:15
    [body] => 《诛仙yw》200元代金券
    [trade_status] => TRADE_SUCCESS
    [is_total_fee_adjust] => N
    [total_fee] => 96.00
    [gmt_payment] => 2016-09-26 12:37:52
    [seller_email] => 867672678@qq.com
    [price] => 96.00
    [buyer_id] => 2088702663816803
    [notify_id] => 40a247d7056395e918464ec0e817adam6a
    [use_coupon] => N
    [sign_type] => MD5
    [sign] => 8c930eecd227c1d07c2f9f8d9b1d3b1c
)

2016-09-26 13:12:39订单：付款成功，给了玩家相应的代金券
Array
(
    [discount] => 0.00
    [extra_common_param] => 78
    [payment_type] => 1
    [subject] => 《诛仙yw》78元代金券
    [trade_no] => 2016092521001004800234296190
    [buyer_email] => 174960848@qq.com
    [gmt_create] => 2016-09-25 12:48:19
    [notify_type] => trade_status_sync
    [quantity] => 1
    [out_trade_no] => 147477888014252
    [seller_id] => 2088021266234053
    [notify_time] => 2016-09-26 13:12:39
    [body] => 《诛仙yw》78元代金券
    [trade_status] => TRADE_SUCCESS
    [is_total_fee_adjust] => N
    [total_fee] => 37.40
    [gmt_payment] => 2016-09-25 12:48:31
    [seller_email] => 867672678@qq.com
    [price] => 37.40
    [buyer_id] => 2088702663816803
    [notify_id] => 18871b2f56cf44d74d2e73407e6af17m6a
    [use_coupon] => N
    [sign_type] => MD5
    [sign] => e3472341c0dff668e2417559c780d833
)

2016-09-26 14:01:27订单：付款成功，给了玩家相应的代金券
Array
(
    [discount] => 0.00
    [extra_common_param] => 200
    [payment_type] => 1
    [subject] => 《诛仙yw》200元代金券
    [trade_no] => 2016092621001004800242690984
    [buyer_email] => 174960848@qq.com
    [gmt_create] => 2016-09-26 12:37:49
    [notify_type] => trade_status_sync
    [quantity] => 1
    [out_trade_no] => 147486464190007
    [seller_id] => 2088021266234053
    [notify_time] => 2016-09-26 14:01:26
    [body] => 《诛仙yw》200元代金券
    [trade_status] => TRADE_SUCCESS
    [is_total_fee_adjust] => N
    [total_fee] => 96.00
    [gmt_payment] => 2016-09-26 12:37:52
    [seller_email] => 867672678@qq.com
    [price] => 96.00
    [buyer_id] => 2088702663816803
    [notify_id] => 40a247d7056395e918464ec0e817adam6a
    [use_coupon] => N
    [sign_type] => MD5
    [sign] => 8236355c9a15fa5964b62137d6dbfdd4
)

2016-09-26 14:49:11订单：付款成功，给了玩家相应的代金券
Array
(
    [discount] => 0.00
    [extra_common_param] => 648
    [payment_type] => 1
    [subject] => 《龙战于野》648元代金券
    [trade_no] => 2016092521001004440294504419
    [buyer_email] => 283266479@qq.com
    [gmt_create] => 2016-09-25 14:25:23
    [notify_type] => trade_status_sync
    [quantity] => 1
    [out_trade_no] => 147478471696227
    [seller_id] => 2088021266234053
    [notify_time] => 2016-09-26 14:49:11
    [body] => 《龙战于野》648元代金券
    [trade_status] => TRADE_SUCCESS
    [is_total_fee_adjust] => N
    [total_fee] => 259.20
    [gmt_payment] => 2016-09-25 14:25:26
    [seller_email] => 867672678@qq.com
    [price] => 259.20
    [buyer_id] => 2088312127602442
    [notify_id] => debb1ba6d7153acb5af357c88b9cfabjea
    [use_coupon] => N
    [sign_type] => MD5
    [sign] => dae367b9a85af8188e110af9fe7327cd
)

2016-09-26 15:12:49订单：付款成功，给了玩家相应的代金券
Array
(
    [discount] => 0.00
    [extra_common_param] => 2000
    [payment_type] => 1
    [subject] => 《诛仙yw》2000元代金券
    [trade_no] => 2016092521001004800238096398
    [buyer_email] => 174960848@qq.com
    [gmt_create] => 2016-09-25 14:48:11
    [notify_type] => trade_status_sync
    [quantity] => 1
    [out_trade_no] => 147478607353064
    [seller_id] => 2088021266234053
    [notify_time] => 2016-09-26 15:12:49
    [body] => 《诛仙yw》2000元代金券
    [trade_status] => TRADE_SUCCESS
    [is_total_fee_adjust] => N
    [total_fee] => 960.00
    [gmt_payment] => 2016-09-25 14:48:14
    [seller_email] => 867672678@qq.com
    [price] => 960.00
    [buyer_id] => 2088702663816803
    [notify_id] => cf5dd59e859549f036a58a3013c3a94m6a
    [use_coupon] => N
    [sign_type] => MD5
    [sign] => d63f9cded43f14f3a8c22a4c092253c2
)

2016-09-26 15:37:59订单：付款成功，给了玩家相应的代金券
Array
(
    [discount] => 0.00
    [extra_common_param] => 648
    [payment_type] => 1
    [subject] => 《诛仙yw》648元代金券
    [trade_no] => 2016092621001004800244390496
    [buyer_email] => 174960848@qq.com
    [gmt_create] => 2016-09-26 15:37:54
    [notify_type] => trade_status_sync
    [quantity] => 1
    [out_trade_no] => 147487546245362
    [seller_id] => 2088021266234053
    [notify_time] => 2016-09-26 15:37:59
    [body] => 《诛仙yw》648元代金券
    [trade_status] => TRADE_SUCCESS
    [is_total_fee_adjust] => N
    [total_fee] => 311.00
    [gmt_payment] => 2016-09-26 15:37:58
    [seller_email] => 867672678@qq.com
    [price] => 311.00
    [buyer_id] => 2088702663816803
    [notify_id] => ab22c9c5d42438edb73d5458de3c00em6a
    [use_coupon] => N
    [sign_type] => MD5
    [sign] => b09a128732466ed5fde8bce8f0a95776
)

2016-09-26 15:38:10订单：付款成功，给了玩家相应的代金券
Array
(
    [body] => 《诛仙yw》648元代金券
    [buyer_email] => 174960848@qq.com
    [buyer_id] => 2088702663816803
    [exterface] => create_direct_pay_by_user
    [extra_common_param] => 648
    [is_success] => T
    [notify_id] => RqPnCoPT3K9%2Fvwbh3InWesHIUK1n1GbmA7jQniFJaDBVFhsDS5jx3FrLax3rITNK%2BlGB
    [notify_time] => 2016-09-26 15:38:06
    [notify_type] => trade_status_sync
    [out_trade_no] => 147487546245362
    [payment_type] => 1
    [seller_email] => 867672678@qq.com
    [seller_id] => 2088021266234053
    [subject] => 《诛仙yw》648元代金券
    [total_fee] => 311.00
    [trade_no] => 2016092621001004800244390496
    [trade_status] => TRADE_SUCCESS
    [sign] => 0d2208522aa063bd319d06ea8b4fff46
    [sign_type] => MD5
)

2016-09-26 15:41:03订单：付款成功，给了玩家相应的代金券
Array
(
    [discount] => 0.00
    [extra_common_param] => 648
    [payment_type] => 1
    [subject] => 《诛仙yw》648元代金券
    [trade_no] => 2016092621001004800244390496
    [buyer_email] => 174960848@qq.com
    [gmt_create] => 2016-09-26 15:37:54
    [notify_type] => trade_status_sync
    [quantity] => 1
    [out_trade_no] => 147487546245362
    [seller_id] => 2088021266234053
    [notify_time] => 2016-09-26 15:41:03
    [body] => 《诛仙yw》648元代金券
    [trade_status] => TRADE_SUCCESS
    [is_total_fee_adjust] => N
    [total_fee] => 311.00
    [gmt_payment] => 2016-09-26 15:37:58
    [seller_email] => 867672678@qq.com
    [price] => 311.00
    [buyer_id] => 2088702663816803
    [notify_id] => ab22c9c5d42438edb73d5458de3c00em6a
    [use_coupon] => N
    [sign_type] => MD5
    [sign] => ec57a04fa2bdf925f7f9039943f69532
)

2016-09-26 15:44:41订单：付款成功，给了玩家相应的代金券
Array
(
    [discount] => 0.00
    [extra_common_param] => 648
    [payment_type] => 1
    [subject] => 《诛仙yw》648元代金券
    [trade_no] => 2016092621001004800240857332
    [buyer_email] => 174960848@qq.com
    [gmt_create] => 2016-09-26 15:44:36
    [notify_type] => trade_status_sync
    [quantity] => 1
    [out_trade_no] => 147487587300339
    [seller_id] => 2088021266234053
    [notify_time] => 2016-09-26 15:44:40
    [body] => 《诛仙yw》648元代金券
    [trade_status] => TRADE_SUCCESS
    [is_total_fee_adjust] => N
    [total_fee] => 311.00
    [gmt_payment] => 2016-09-26 15:44:40
    [seller_email] => 867672678@qq.com
    [price] => 311.00
    [buyer_id] => 2088702663816803
    [notify_id] => 96290eca22221832cc8e60240e54fd3m6a
    [use_coupon] => N
    [sign_type] => MD5
    [sign] => 9f3ed59c0f2950f1f11f7114d55da65b
)

2016-09-26 15:44:52订单：付款成功，给了玩家相应的代金券
Array
(
    [body] => 《诛仙yw》648元代金券
    [buyer_email] => 174960848@qq.com
    [buyer_id] => 2088702663816803
    [exterface] => create_direct_pay_by_user
    [extra_common_param] => 648
    [is_success] => T
    [notify_id] => RqPnCoPT3K9%2Fvwbh3InWesHIUKH3MuJHStRb%2BKEdX14qZQUluY0NrjRuRIYZTLA3QWiu
    [notify_time] => 2016-09-26 15:44:48
    [notify_type] => trade_status_sync
    [out_trade_no] => 147487587300339
    [payment_type] => 1
    [seller_email] => 867672678@qq.com
    [seller_id] => 2088021266234053
    [subject] => 《诛仙yw》648元代金券
    [total_fee] => 311.00
    [trade_no] => 2016092621001004800240857332
    [trade_status] => TRADE_SUCCESS
    [sign] => 43a3aefa0fa6146ed6fd5e4b470c3db7
    [sign_type] => MD5
)

2016-09-26 15:48:12订单：付款成功，给了玩家相应的代金券
Array
(
    [discount] => 0.00
    [extra_common_param] => 648
    [payment_type] => 1
    [subject] => 《诛仙yw》648元代金券
    [trade_no] => 2016092621001004800240857332
    [buyer_email] => 174960848@qq.com
    [gmt_create] => 2016-09-26 15:44:36
    [notify_type] => trade_status_sync
    [quantity] => 1
    [out_trade_no] => 147487587300339
    [seller_id] => 2088021266234053
    [notify_time] => 2016-09-26 15:48:12
    [body] => 《诛仙yw》648元代金券
    [trade_status] => TRADE_SUCCESS
    [is_total_fee_adjust] => N
    [total_fee] => 311.00
    [gmt_payment] => 2016-09-26 15:44:40
    [seller_email] => 867672678@qq.com
    [price] => 311.00
    [buyer_id] => 2088702663816803
    [notify_id] => 96290eca22221832cc8e60240e54fd3m6a
    [use_coupon] => N
    [sign_type] => MD5
    [sign] => 60762da86783e0ad4d9225673a0cbe7a
)

2016-09-26 15:54:31订单：付款成功，给了玩家相应的代金券
Array
(
    [discount] => 0.00
    [extra_common_param] => 648
    [payment_type] => 1
    [subject] => 《诛仙yw》648元代金券
    [trade_no] => 2016092621001004800244390496
    [buyer_email] => 174960848@qq.com
    [gmt_create] => 2016-09-26 15:37:54
    [notify_type] => trade_status_sync
    [quantity] => 1
    [out_trade_no] => 147487546245362
    [seller_id] => 2088021266234053
    [notify_time] => 2016-09-26 15:54:31
    [body] => 《诛仙yw》648元代金券
    [trade_status] => TRADE_SUCCESS
    [is_total_fee_adjust] => N
    [total_fee] => 311.00
    [gmt_payment] => 2016-09-26 15:37:58
    [seller_email] => 867672678@qq.com
    [price] => 311.00
    [buyer_id] => 2088702663816803
    [notify_id] => ab22c9c5d42438edb73d5458de3c00em6a
    [use_coupon] => N
    [sign_type] => MD5
    [sign] => 43e3fd8c523254058c849fb686203163
)

2016-09-26 15:58:26订单：付款成功，给了玩家相应的代金券
Array
(
    [discount] => 0.00
    [extra_common_param] => 648
    [payment_type] => 1
    [subject] => 《诛仙yw》648元代金券
    [trade_no] => 2016092621001004800240857332
    [buyer_email] => 174960848@qq.com
    [gmt_create] => 2016-09-26 15:44:36
    [notify_type] => trade_status_sync
    [quantity] => 1
    [out_trade_no] => 147487587300339
    [seller_id] => 2088021266234053
    [notify_time] => 2016-09-26 15:58:25
    [body] => 《诛仙yw》648元代金券
    [trade_status] => TRADE_SUCCESS
    [is_total_fee_adjust] => N
    [total_fee] => 311.00
    [gmt_payment] => 2016-09-26 15:44:40
    [seller_email] => 867672678@qq.com
    [price] => 311.00
    [buyer_id] => 2088702663816803
    [notify_id] => 96290eca22221832cc8e60240e54fd3m6a
    [use_coupon] => N
    [sign_type] => MD5
    [sign] => 1e875c70755ef1f5a4c7bf99b5cafb58
)

2016-09-26 16:01:03订单：付款成功，给了玩家相应的代金券
Array
(
    [discount] => 0.00
    [extra_common_param] => 648
    [payment_type] => 1
    [subject] => 《诛仙yw》648元代金券
    [trade_no] => 2016092621001004800244390496
    [buyer_email] => 174960848@qq.com
    [gmt_create] => 2016-09-26 15:37:54
    [notify_type] => trade_status_sync
    [quantity] => 1
    [out_trade_no] => 147487546245362
    [seller_id] => 2088021266234053
    [notify_time] => 2016-09-26 16:01:02
    [body] => 《诛仙yw》648元代金券
    [trade_status] => TRADE_SUCCESS
    [is_total_fee_adjust] => N
    [total_fee] => 311.00
    [gmt_payment] => 2016-09-26 15:37:58
    [seller_email] => 867672678@qq.com
    [price] => 311.00
    [buyer_id] => 2088702663816803
    [notify_id] => ab22c9c5d42438edb73d5458de3c00em6a
    [use_coupon] => N
    [sign_type] => MD5
    [sign] => 42c523e412616b0835bc259a2263593c
)

2016-09-26 16:01:39订单：付款成功，给了玩家相应的代金券
Array
(
    [discount] => 0.00
    [extra_common_param] => 200
    [payment_type] => 1
    [subject] => 《诛仙yw》200元代金券
    [trade_no] => 2016092621001004800242690984
    [buyer_email] => 174960848@qq.com
    [gmt_create] => 2016-09-26 12:37:49
    [notify_type] => trade_status_sync
    [quantity] => 1
    [out_trade_no] => 147486464190007
    [seller_id] => 2088021266234053
    [notify_time] => 2016-09-26 16:01:39
    [body] => 《诛仙yw》200元代金券
    [trade_status] => TRADE_SUCCESS
    [is_total_fee_adjust] => N
    [total_fee] => 96.00
    [gmt_payment] => 2016-09-26 12:37:52
    [seller_email] => 867672678@qq.com
    [price] => 96.00
    [buyer_id] => 2088702663816803
    [notify_id] => 40a247d7056395e918464ec0e817adam6a
    [use_coupon] => N
    [sign_type] => MD5
    [sign] => 6484ecbb652afbbc0e5a8877a0dc7070
)

2016-09-26 16:08:20订单：付款成功，给了玩家相应的代金券
Array
(
    [discount] => 0.00
    [extra_common_param] => 648
    [payment_type] => 1
    [subject] => 《诛仙yw》648元代金券
    [trade_no] => 2016092621001004800240857332
    [buyer_email] => 174960848@qq.com
    [gmt_create] => 2016-09-26 15:44:36
    [notify_type] => trade_status_sync
    [quantity] => 1
    [out_trade_no] => 147487587300339
    [seller_id] => 2088021266234053
    [notify_time] => 2016-09-26 16:08:20
    [body] => 《诛仙yw》648元代金券
    [trade_status] => TRADE_SUCCESS
    [is_total_fee_adjust] => N
    [total_fee] => 311.00
    [gmt_payment] => 2016-09-26 15:44:40
    [seller_email] => 867672678@qq.com
    [price] => 311.00
    [buyer_id] => 2088702663816803
    [notify_id] => 96290eca22221832cc8e60240e54fd3m6a
    [use_coupon] => N
    [sign_type] => MD5
    [sign] => e0e05ee7a82187bf7024604bda796fac
)

2016-09-26 16:21:22订单：付款成功，给了玩家相应的代金券
Array
(
    [discount] => 0.00
    [extra_common_param] => 648
    [payment_type] => 1
    [subject] => 《龙战于野》648元代金券
    [trade_no] => 2016092521001004440296744728
    [buyer_email] => 283266479@qq.com
    [gmt_create] => 2016-09-25 15:57:25
    [notify_type] => trade_status_sync
    [quantity] => 1
    [out_trade_no] => 147479023695287
    [seller_id] => 2088021266234053
    [notify_time] => 2016-09-26 16:21:22
    [body] => 《龙战于野》648元代金券
    [trade_status] => TRADE_SUCCESS
    [is_total_fee_adjust] => N
    [total_fee] => 259.20
    [gmt_payment] => 2016-09-25 15:57:33
    [seller_email] => 867672678@qq.com
    [price] => 259.20
    [buyer_id] => 2088312127602442
    [notify_id] => e1c3b066157ef6cfb5dbd1fcd1fc900jea
    [use_coupon] => N
    [sign_type] => MD5
    [sign] => 4077ce92e1b1e39e13884e6312201b42
)

2016-09-26 17:01:44订单：付款成功，给了玩家相应的代金券
Array
(
    [discount] => 0.00
    [extra_common_param] => 648
    [payment_type] => 1
    [subject] => 《诛仙yw》648元代金券
    [trade_no] => 2016092621001004800244390496
    [buyer_email] => 174960848@qq.com
    [gmt_create] => 2016-09-26 15:37:54
    [notify_type] => trade_status_sync
    [quantity] => 1
    [out_trade_no] => 147487546245362
    [seller_id] => 2088021266234053
    [notify_time] => 2016-09-26 17:01:44
    [body] => 《诛仙yw》648元代金券
    [trade_status] => TRADE_SUCCESS
    [is_total_fee_adjust] => N
    [total_fee] => 311.00
    [gmt_payment] => 2016-09-26 15:37:58
    [seller_email] => 867672678@qq.com
    [price] => 311.00
    [buyer_id] => 2088702663816803
    [notify_id] => ab22c9c5d42438edb73d5458de3c00em6a
    [use_coupon] => N
    [sign_type] => MD5
    [sign] => 71c26899aa3b74edfa6d7d19771f551f
)

2016-09-26 17:08:37订单：付款成功，给了玩家相应的代金券
Array
(
    [discount] => 0.00
    [extra_common_param] => 648
    [payment_type] => 1
    [subject] => 《诛仙yw》648元代金券
    [trade_no] => 2016092621001004800240857332
    [buyer_email] => 174960848@qq.com
    [gmt_create] => 2016-09-26 15:44:36
    [notify_type] => trade_status_sync
    [quantity] => 1
    [out_trade_no] => 147487587300339
    [seller_id] => 2088021266234053
    [notify_time] => 2016-09-26 17:08:37
    [body] => 《诛仙yw》648元代金券
    [trade_status] => TRADE_SUCCESS
    [is_total_fee_adjust] => N
    [total_fee] => 311.00
    [gmt_payment] => 2016-09-26 15:44:40
    [seller_email] => 867672678@qq.com
    [price] => 311.00
    [buyer_id] => 2088702663816803
    [notify_id] => 96290eca22221832cc8e60240e54fd3m6a
    [use_coupon] => N
    [sign_type] => MD5
    [sign] => 614a51ca30a820292123844f601b8d30
)

2016-09-26 17:22:46订单：付款成功，给了玩家相应的代金券
Array
(
    [discount] => 0.00
    [extra_common_param] => 200
    [payment_type] => 1
    [subject] => 《御剑情缘》200元代金券
    [trade_no] => 2016092621001004910243367095
    [buyer_email] => 13922211245
    [gmt_create] => 2016-09-26 17:22:01
    [notify_type] => trade_status_sync
    [quantity] => 1
    [out_trade_no] => 147488168470477
    [seller_id] => 2088021266234053
    [notify_time] => 2016-09-26 17:22:46
    [body] => 《御剑情缘》200元代金券
    [trade_status] => TRADE_SUCCESS
    [is_total_fee_adjust] => N
    [total_fee] => 100.00
    [gmt_payment] => 2016-09-26 17:22:46
    [seller_email] => 867672678@qq.com
    [price] => 100.00
    [buyer_id] => 2088312643761911
    [notify_id] => 9bb216aee8616066af8337693eb072bn0u
    [use_coupon] => N
    [sign_type] => MD5
    [sign] => daa2e02d1251773a8c6d0ac897ab5f04
)

2016-09-26 17:22:58订单：付款成功，给了玩家相应的代金券
Array
(
    [body] => 《御剑情缘》200元代金券
    [buyer_email] => 13922211245
    [buyer_id] => 2088312643761911
    [exterface] => create_direct_pay_by_user
    [extra_common_param] => 200
    [is_success] => T
    [notify_id] => RqPnCoPT3K9%2Fvwbh3InWesHH8K7vx2%2BhUgdrqEIkGHlniYq7HRZ29GmvGFdU3yct6jRp
    [notify_time] => 2016-09-26 17:22:54
    [notify_type] => trade_status_sync
    [out_trade_no] => 147488168470477
    [payment_type] => 1
    [seller_email] => 867672678@qq.com
    [seller_id] => 2088021266234053
    [subject] => 《御剑情缘》200元代金券
    [total_fee] => 100.00
    [trade_no] => 2016092621001004910243367095
    [trade_status] => TRADE_SUCCESS
    [sign] => 108055a1492122ba3893a5a35301bba6
    [sign_type] => MD5
)

2016-09-26 17:26:12订单：付款成功，给了玩家相应的代金券
Array
(
    [discount] => 0.00
    [extra_common_param] => 200
    [payment_type] => 1
    [subject] => 《御剑情缘》200元代金券
    [trade_no] => 2016092621001004910243367095
    [buyer_email] => 13922211245
    [gmt_create] => 2016-09-26 17:22:01
    [notify_type] => trade_status_sync
    [quantity] => 1
    [out_trade_no] => 147488168470477
    [seller_id] => 2088021266234053
    [notify_time] => 2016-09-26 17:26:12
    [body] => 《御剑情缘》200元代金券
    [trade_status] => TRADE_SUCCESS
    [is_total_fee_adjust] => N
    [total_fee] => 100.00
    [gmt_payment] => 2016-09-26 17:22:46
    [seller_email] => 867672678@qq.com
    [price] => 100.00
    [buyer_id] => 2088312643761911
    [notify_id] => 9bb216aee8616066af8337693eb072bn0u
    [use_coupon] => N
    [sign_type] => MD5
    [sign] => 6f61f36ada94fc51d0d2258946ee6a86
)

2016-09-26 17:37:13订单：付款成功，给了玩家相应的代金券
Array
(
    [discount] => 0.00
    [extra_common_param] => 200
    [payment_type] => 1
    [subject] => 《御剑情缘》200元代金券
    [trade_no] => 2016092621001004910243367095
    [buyer_email] => 13922211245
    [gmt_create] => 2016-09-26 17:22:01
    [notify_type] => trade_status_sync
    [quantity] => 1
    [out_trade_no] => 147488168470477
    [seller_id] => 2088021266234053
    [notify_time] => 2016-09-26 17:37:12
    [body] => 《御剑情缘》200元代金券
    [trade_status] => TRADE_SUCCESS
    [is_total_fee_adjust] => N
    [total_fee] => 100.00
    [gmt_payment] => 2016-09-26 17:22:46
    [seller_email] => 867672678@qq.com
    [price] => 100.00
    [buyer_id] => 2088312643761911
    [notify_id] => 9bb216aee8616066af8337693eb072bn0u
    [use_coupon] => N
    [sign_type] => MD5
    [sign] => dacd7d4f51bd1a0ec976ded1f7e18de8
)

2016-09-26 17:46:51订单：付款成功，给了玩家相应的代金券
Array
(
    [discount] => 0.00
    [extra_common_param] => 200
    [payment_type] => 1
    [subject] => 《御剑情缘》200元代金券
    [trade_no] => 2016092621001004910243367095
    [buyer_email] => 13922211245
    [gmt_create] => 2016-09-26 17:22:01
    [notify_type] => trade_status_sync
    [quantity] => 1
    [out_trade_no] => 147488168470477
    [seller_id] => 2088021266234053
    [notify_time] => 2016-09-26 17:46:51
    [body] => 《御剑情缘》200元代金券
    [trade_status] => TRADE_SUCCESS
    [is_total_fee_adjust] => N
    [total_fee] => 100.00
    [gmt_payment] => 2016-09-26 17:22:46
    [seller_email] => 867672678@qq.com
    [price] => 100.00
    [buyer_id] => 2088312643761911
    [notify_id] => 9bb216aee8616066af8337693eb072bn0u
    [use_coupon] => N
    [sign_type] => MD5
    [sign] => c3be8f06316562a2cfb6da0e8bd1adff
)

2016-09-26 18:46:38订单：付款成功，给了玩家相应的代金券
Array
(
    [discount] => 0.00
    [extra_common_param] => 200
    [payment_type] => 1
    [subject] => 《御剑情缘》200元代金券
    [trade_no] => 2016092621001004910243367095
    [buyer_email] => 13922211245
    [gmt_create] => 2016-09-26 17:22:01
    [notify_type] => trade_status_sync
    [quantity] => 1
    [out_trade_no] => 147488168470477
    [seller_id] => 2088021266234053
    [notify_time] => 2016-09-26 18:46:37
    [body] => 《御剑情缘》200元代金券
    [trade_status] => TRADE_SUCCESS
    [is_total_fee_adjust] => N
    [total_fee] => 100.00
    [gmt_payment] => 2016-09-26 17:22:46
    [seller_email] => 867672678@qq.com
    [price] => 100.00
    [buyer_id] => 2088312643761911
    [notify_id] => 9bb216aee8616066af8337693eb072bn0u
    [use_coupon] => N
    [sign_type] => MD5
    [sign] => 97d25771f8659295d6c6987c30448f1e
)

2016-09-26 19:01:41订单：付款成功，给了玩家相应的代金券
Array
(
    [discount] => 0.00
    [extra_common_param] => 648
    [payment_type] => 1
    [subject] => 《诛仙yw》648元代金券
    [trade_no] => 2016092621001004800244390496
    [buyer_email] => 174960848@qq.com
    [gmt_create] => 2016-09-26 15:37:54
    [notify_type] => trade_status_sync
    [quantity] => 1
    [out_trade_no] => 147487546245362
    [seller_id] => 2088021266234053
    [notify_time] => 2016-09-26 19:01:40
    [body] => 《诛仙yw》648元代金券
    [trade_status] => TRADE_SUCCESS
    [is_total_fee_adjust] => N
    [total_fee] => 311.00
    [gmt_payment] => 2016-09-26 15:37:58
    [seller_email] => 867672678@qq.com
    [price] => 311.00
    [buyer_id] => 2088702663816803
    [notify_id] => ab22c9c5d42438edb73d5458de3c00em6a
    [use_coupon] => N
    [sign_type] => MD5
    [sign] => ced61a39d6de26a84d182fca6cc93ec0
)

2016-09-26 19:12:30订单：付款成功，给了玩家相应的代金券
Array
(
    [discount] => 0.00
    [extra_common_param] => 648
    [payment_type] => 1
    [subject] => 《诛仙yw》648元代金券
    [trade_no] => 2016092621001004800240857332
    [buyer_email] => 174960848@qq.com
    [gmt_create] => 2016-09-26 15:44:36
    [notify_type] => trade_status_sync
    [quantity] => 1
    [out_trade_no] => 147487587300339
    [seller_id] => 2088021266234053
    [notify_time] => 2016-09-26 19:12:29
    [body] => 《诛仙yw》648元代金券
    [trade_status] => TRADE_SUCCESS
    [is_total_fee_adjust] => N
    [total_fee] => 311.00
    [gmt_payment] => 2016-09-26 15:44:40
    [seller_email] => 867672678@qq.com
    [price] => 311.00
    [buyer_id] => 2088702663816803
    [notify_id] => 96290eca22221832cc8e60240e54fd3m6a
    [use_coupon] => N
    [sign_type] => MD5
    [sign] => c0e5e538726aae79b4052f511f14a834
)

2016-09-26 19:21:52订单：付款成功，给了玩家相应的代金券
Array
(
    [discount] => 0.00
    [extra_common_param] => 300
    [payment_type] => 1
    [subject] => 《诛仙yw》300元代金券
    [trade_no] => 2016092621001004800237277864
    [buyer_email] => 174960848@qq.com
    [gmt_create] => 2016-09-26 19:21:39
    [notify_type] => trade_status_sync
    [quantity] => 1
    [out_trade_no] => 147488888610820
    [seller_id] => 2088021266234053
    [notify_time] => 2016-09-26 19:21:52
    [body] => 《诛仙yw》300元代金券
    [trade_status] => TRADE_SUCCESS
    [is_total_fee_adjust] => N
    [total_fee] => 144.00
    [gmt_payment] => 2016-09-26 19:21:51
    [seller_email] => 867672678@qq.com
    [price] => 144.00
    [buyer_id] => 2088702663816803
    [notify_id] => 22080217d19f9ae09b0fd6f03c4fde4m6a
    [use_coupon] => N
    [sign_type] => MD5
    [sign] => d8683b9fc1f6941f78525a5f0b7c286d
)

2016-09-26 19:22:02订单：付款成功，给了玩家相应的代金券
Array
(
    [body] => 《诛仙yw》300元代金券
    [buyer_email] => 174960848@qq.com
    [buyer_id] => 2088702663816803
    [exterface] => create_direct_pay_by_user
    [extra_common_param] => 300
    [is_success] => T
    [notify_id] => RqPnCoPT3K9%2Fvwbh3InWesHH%2BSzXpKLvPBPf%2B7umuzgqiNLEUys4i21rNWJXnUaPmtdg
    [notify_time] => 2016-09-26 19:21:58
    [notify_type] => trade_status_sync
    [out_trade_no] => 147488888610820
    [payment_type] => 1
    [seller_email] => 867672678@qq.com
    [seller_id] => 2088021266234053
    [subject] => 《诛仙yw》300元代金券
    [total_fee] => 144.00
    [trade_no] => 2016092621001004800237277864
    [trade_status] => TRADE_SUCCESS
    [sign] => 4621ffd297af7fbad7e5f40fdc27ebd1
    [sign_type] => MD5
)

2016-09-26 19:25:40订单：付款成功，给了玩家相应的代金券
Array
(
    [discount] => 0.00
    [extra_common_param] => 300
    [payment_type] => 1
    [subject] => 《诛仙yw》300元代金券
    [trade_no] => 2016092621001004800237277864
    [buyer_email] => 174960848@qq.com
    [gmt_create] => 2016-09-26 19:21:39
    [notify_type] => trade_status_sync
    [quantity] => 1
    [out_trade_no] => 147488888610820
    [seller_id] => 2088021266234053
    [notify_time] => 2016-09-26 19:25:40
    [body] => 《诛仙yw》300元代金券
    [trade_status] => TRADE_SUCCESS
    [is_total_fee_adjust] => N
    [total_fee] => 144.00
    [gmt_payment] => 2016-09-26 19:21:51
    [seller_email] => 867672678@qq.com
    [price] => 144.00
    [buyer_id] => 2088702663816803
    [notify_id] => 22080217d19f9ae09b0fd6f03c4fde4m6a
    [use_coupon] => N
    [sign_type] => MD5
    [sign] => 11a0588dde74fa6039733d5bd4d7b405
)

2016-09-26 19:36:30订单：付款成功，给了玩家相应的代金券
Array
(
    [discount] => 0.00
    [extra_common_param] => 300
    [payment_type] => 1
    [subject] => 《诛仙yw》300元代金券
    [trade_no] => 2016092621001004800237277864
    [buyer_email] => 174960848@qq.com
    [gmt_create] => 2016-09-26 19:21:39
    [notify_type] => trade_status_sync
    [quantity] => 1
    [out_trade_no] => 147488888610820
    [seller_id] => 2088021266234053
    [notify_time] => 2016-09-26 19:36:30
    [body] => 《诛仙yw》300元代金券
    [trade_status] => TRADE_SUCCESS
    [is_total_fee_adjust] => N
    [total_fee] => 144.00
    [gmt_payment] => 2016-09-26 19:21:51
    [seller_email] => 867672678@qq.com
    [price] => 144.00
    [buyer_id] => 2088702663816803
    [notify_id] => 22080217d19f9ae09b0fd6f03c4fde4m6a
    [use_coupon] => N
    [sign_type] => MD5
    [sign] => c36477d7d6fa743f7357a6c3b4631ea7
)

2016-09-26 19:45:40订单：付款成功，给了玩家相应的代金券
Array
(
    [discount] => 0.00
    [extra_common_param] => 300
    [payment_type] => 1
    [subject] => 《诛仙yw》300元代金券
    [trade_no] => 2016092621001004800237277864
    [buyer_email] => 174960848@qq.com
    [gmt_create] => 2016-09-26 19:21:39
    [notify_type] => trade_status_sync
    [quantity] => 1
    [out_trade_no] => 147488888610820
    [seller_id] => 2088021266234053
    [notify_time] => 2016-09-26 19:45:39
    [body] => 《诛仙yw》300元代金券
    [trade_status] => TRADE_SUCCESS
    [is_total_fee_adjust] => N
    [total_fee] => 144.00
    [gmt_payment] => 2016-09-26 19:21:51
    [seller_email] => 867672678@qq.com
    [price] => 144.00
    [buyer_id] => 2088702663816803
    [notify_id] => 22080217d19f9ae09b0fd6f03c4fde4m6a
    [use_coupon] => N
    [sign_type] => MD5
    [sign] => 2a3d034f2b12f4080c7fec8a92232b60
)

2016-09-26 20:08:15订单：付款成功，给了玩家相应的代金券
Array
(
    [discount] => 0.00
    [extra_common_param] => 60
    [payment_type] => 1
    [subject] => 《诛仙yw》60元代金券
    [trade_no] => 2016092621001004800244273961
    [buyer_email] => 174960848@qq.com
    [gmt_create] => 2016-09-26 20:08:05
    [notify_type] => trade_status_sync
    [quantity] => 1
    [out_trade_no] => 147489167536063
    [seller_id] => 2088021266234053
    [notify_time] => 2016-09-26 20:08:15
    [body] => 《诛仙yw》60元代金券
    [trade_status] => TRADE_SUCCESS
    [is_total_fee_adjust] => N
    [total_fee] => 28.80
    [gmt_payment] => 2016-09-26 20:08:15
    [seller_email] => 867672678@qq.com
    [price] => 28.80
    [buyer_id] => 2088702663816803
    [notify_id] => 4b0a65741b07d9cc4ce997f9b9be657m6a
    [use_coupon] => N
    [sign_type] => MD5
    [sign] => 77b48eb5c1c0f063023202fbcf9e761f
)

2016-09-26 20:08:26订单：付款成功，给了玩家相应的代金券
Array
(
    [body] => 《诛仙yw》60元代金券
    [buyer_email] => 174960848@qq.com
    [buyer_id] => 2088702663816803
    [exterface] => create_direct_pay_by_user
    [extra_common_param] => 60
    [is_success] => T
    [notify_id] => RqPnCoPT3K9%2Fvwbh3InWesHGNl%2FAIKQ6KWurOOC%2B6lI6YtNWDmtlM0u7ATefTJOE4Z4J
    [notify_time] => 2016-09-26 20:08:22
    [notify_type] => trade_status_sync
    [out_trade_no] => 147489167536063
    [payment_type] => 1
    [seller_email] => 867672678@qq.com
    [seller_id] => 2088021266234053
    [subject] => 《诛仙yw》60元代金券
    [total_fee] => 28.80
    [trade_no] => 2016092621001004800244273961
    [trade_status] => TRADE_SUCCESS
    [sign] => 4d4d2211db51f2d848c52e84e02d581a
    [sign_type] => MD5
)

2016-09-26 20:12:04订单：付款成功，给了玩家相应的代金券
Array
(
    [discount] => 0.00
    [extra_common_param] => 60
    [payment_type] => 1
    [subject] => 《诛仙yw》60元代金券
    [trade_no] => 2016092621001004800244273961
    [buyer_email] => 174960848@qq.com
    [gmt_create] => 2016-09-26 20:08:05
    [notify_type] => trade_status_sync
    [quantity] => 1
    [out_trade_no] => 147489167536063
    [seller_id] => 2088021266234053
    [notify_time] => 2016-09-26 20:12:03
    [body] => 《诛仙yw》60元代金券
    [trade_status] => TRADE_SUCCESS
    [is_total_fee_adjust] => N
    [total_fee] => 28.80
    [gmt_payment] => 2016-09-26 20:08:15
    [seller_email] => 867672678@qq.com
    [price] => 28.80
    [buyer_id] => 2088702663816803
    [notify_id] => 4b0a65741b07d9cc4ce997f9b9be657m6a
    [use_coupon] => N
    [sign_type] => MD5
    [sign] => a5707e6349f1b38204858877794e52a5
)

2016-09-26 20:22:18订单：付款成功，给了玩家相应的代金券
Array
(
    [discount] => 0.00
    [extra_common_param] => 60
    [payment_type] => 1
    [subject] => 《诛仙yw》60元代金券
    [trade_no] => 2016092621001004800244273961
    [buyer_email] => 174960848@qq.com
    [gmt_create] => 2016-09-26 20:08:05
    [notify_type] => trade_status_sync
    [quantity] => 1
    [out_trade_no] => 147489167536063
    [seller_id] => 2088021266234053
    [notify_time] => 2016-09-26 20:22:18
    [body] => 《诛仙yw》60元代金券
    [trade_status] => TRADE_SUCCESS
    [is_total_fee_adjust] => N
    [total_fee] => 28.80
    [gmt_payment] => 2016-09-26 20:08:15
    [seller_email] => 867672678@qq.com
    [price] => 28.80
    [buyer_id] => 2088702663816803
    [notify_id] => 4b0a65741b07d9cc4ce997f9b9be657m6a
    [use_coupon] => N
    [sign_type] => MD5
    [sign] => f39654d0284dd1d0867a2bf2bf206fea
)

2016-09-26 20:32:27订单：付款成功，给了玩家相应的代金券
Array
(
    [discount] => 0.00
    [extra_common_param] => 60
    [payment_type] => 1
    [subject] => 《诛仙yw》60元代金券
    [trade_no] => 2016092621001004800244273961
    [buyer_email] => 174960848@qq.com
    [gmt_create] => 2016-09-26 20:08:05
    [notify_type] => trade_status_sync
    [quantity] => 1
    [out_trade_no] => 147489167536063
    [seller_id] => 2088021266234053
    [notify_time] => 2016-09-26 20:32:27
    [body] => 《诛仙yw》60元代金券
    [trade_status] => TRADE_SUCCESS
    [is_total_fee_adjust] => N
    [total_fee] => 28.80
    [gmt_payment] => 2016-09-26 20:08:15
    [seller_email] => 867672678@qq.com
    [price] => 28.80
    [buyer_id] => 2088702663816803
    [notify_id] => 4b0a65741b07d9cc4ce997f9b9be657m6a
    [use_coupon] => N
    [sign_type] => MD5
    [sign] => c45701b1d2b510796b6fcbde9971121e
)

2016-09-26 20:45:03订单：付款成功，给了玩家相应的代金券
Array
(
    [discount] => 0.00
    [extra_common_param] => 300
    [payment_type] => 1
    [subject] => 《诛仙yw》300元代金券
    [trade_no] => 2016092621001004800237277864
    [buyer_email] => 174960848@qq.com
    [gmt_create] => 2016-09-26 19:21:39
    [notify_type] => trade_status_sync
    [quantity] => 1
    [out_trade_no] => 147488888610820
    [seller_id] => 2088021266234053
    [notify_time] => 2016-09-26 20:45:03
    [body] => 《诛仙yw》300元代金券
    [trade_status] => TRADE_SUCCESS
    [is_total_fee_adjust] => N
    [total_fee] => 144.00
    [gmt_payment] => 2016-09-26 19:21:51
    [seller_email] => 867672678@qq.com
    [price] => 144.00
    [buyer_id] => 2088702663816803
    [notify_id] => 22080217d19f9ae09b0fd6f03c4fde4m6a
    [use_coupon] => N
    [sign_type] => MD5
    [sign] => 7a3aa95f7dcb1f52108662891667f392
)

2016-09-26 20:46:46订单：付款成功，给了玩家相应的代金券
Array
(
    [discount] => 0.00
    [extra_common_param] => 200
    [payment_type] => 1
    [subject] => 《御剑情缘》200元代金券
    [trade_no] => 2016092621001004910243367095
    [buyer_email] => 13922211245
    [gmt_create] => 2016-09-26 17:22:01
    [notify_type] => trade_status_sync
    [quantity] => 1
    [out_trade_no] => 147488168470477
    [seller_id] => 2088021266234053
    [notify_time] => 2016-09-26 20:46:46
    [body] => 《御剑情缘》200元代金券
    [trade_status] => TRADE_SUCCESS
    [is_total_fee_adjust] => N
    [total_fee] => 100.00
    [gmt_payment] => 2016-09-26 17:22:46
    [seller_email] => 867672678@qq.com
    [price] => 100.00
    [buyer_id] => 2088312643761911
    [notify_id] => 9bb216aee8616066af8337693eb072bn0u
    [use_coupon] => N
    [sign_type] => MD5
    [sign] => 0431e9fdd6e119ca50c6e62c61f02231
)

2016-09-26 21:25:08订单：付款成功，给了玩家相应的代金券
Array
(
    [discount] => 0.00
    [extra_common_param] => 2000
    [payment_type] => 1
    [subject] => 《龙战于野》2000元代金券
    [trade_no] => 2016092521001004100222179685
    [buyer_email] => zhengwanyi@hotmail.com
    [gmt_create] => 2016-09-25 21:01:32
    [notify_type] => trade_status_sync
    [quantity] => 1
    [out_trade_no] => 147480848639441
    [seller_id] => 2088021266234053
    [notify_time] => 2016-09-26 21:25:07
    [body] => 《龙战于野》2000元代金券
    [trade_status] => TRADE_SUCCESS
    [is_total_fee_adjust] => N
    [total_fee] => 800.00
    [gmt_payment] => 2016-09-25 21:01:41
    [seller_email] => 867672678@qq.com
    [price] => 800.00
    [buyer_id] => 2088002293236104
    [notify_id] => 549bcc7310a5cab9f0d78a7e8159e65gru
    [use_coupon] => N
    [sign_type] => MD5
    [sign] => 98622a365dede32bcf097cfb4238931a
)

2016-09-26 21:32:38订单：付款成功，给了玩家相应的代金券
Array
(
    [discount] => 0.00
    [extra_common_param] => 68
    [payment_type] => 1
    [subject] => 《龙战于野》68元代金券
    [trade_no] => 2016092521001004440294135905
    [buyer_email] => 283266479@qq.com
    [gmt_create] => 2016-09-25 21:05:49
    [notify_type] => trade_status_sync
    [quantity] => 1
    [out_trade_no] => 147480874096069
    [seller_id] => 2088021266234053
    [notify_time] => 2016-09-26 21:29:39
    [body] => 《龙战于野》68元代金券
    [trade_status] => TRADE_SUCCESS
    [is_total_fee_adjust] => N
    [total_fee] => 27.20
    [gmt_payment] => 2016-09-25 21:05:53
    [seller_email] => 867672678@qq.com
    [price] => 27.20
    [buyer_id] => 2088312127602442
    [notify_id] => 571508e788deff09e1ab8331edc854djea
    [use_coupon] => N
    [sign_type] => MD5
    [sign] => 3878845f2944c31ff486d8b18d5fd8cc
)

2016-09-26 21:34:17订单：付款成功，给了玩家相应的代金券
Array
(
    [discount] => 0.00
    [extra_common_param] => 60
    [payment_type] => 1
    [subject] => 《诛仙yw》60元代金券
    [trade_no] => 2016092621001004800244273961
    [buyer_email] => 174960848@qq.com
    [gmt_create] => 2016-09-26 20:08:05
    [notify_type] => trade_status_sync
    [quantity] => 1
    [out_trade_no] => 147489167536063
    [seller_id] => 2088021266234053
    [notify_time] => 2016-09-26 21:32:07
    [body] => 《诛仙yw》60元代金券
    [trade_status] => TRADE_SUCCESS
    [is_total_fee_adjust] => N
    [total_fee] => 28.80
    [gmt_payment] => 2016-09-26 20:08:15
    [seller_email] => 867672678@qq.com
    [price] => 28.80
    [buyer_id] => 2088702663816803
    [notify_id] => 4b0a65741b07d9cc4ce997f9b9be657m6a
    [use_coupon] => N
    [sign_type] => MD5
    [sign] => 0272888498e06825a87b3218af745054
)

2016-09-26 21:58:07订单：付款成功，给了玩家相应的代金券
Array
(
    [discount] => 0.00
    [extra_common_param] => 500
    [payment_type] => 1
    [subject] => 《诛仙yw》500元代金券
    [trade_no] => 2016092621001004800244280133
    [buyer_email] => 174960848@qq.com
    [gmt_create] => 2016-09-26 21:58:04
    [notify_type] => trade_status_sync
    [quantity] => 1
    [out_trade_no] => 147489826773496
    [seller_id] => 2088021266234053
    [notify_time] => 2016-09-26 21:58:07
    [body] => 《诛仙yw》500元代金券
    [trade_status] => TRADE_SUCCESS
    [is_total_fee_adjust] => N
    [total_fee] => 240.00
    [gmt_payment] => 2016-09-26 21:58:07
    [seller_email] => 867672678@qq.com
    [price] => 240.00
    [buyer_id] => 2088702663816803
    [notify_id] => 14dd0afd67a9100340e7b729de359cfm6a
    [use_coupon] => N
    [sign_type] => MD5
    [sign] => 0332125052e71c35933e96a25726ae20
)

2016-09-26 21:58:19订单：付款成功，给了玩家相应的代金券
Array
(
    [body] => 《诛仙yw》500元代金券
    [buyer_email] => 174960848@qq.com
    [buyer_id] => 2088702663816803
    [exterface] => create_direct_pay_by_user
    [extra_common_param] => 500
    [is_success] => T
    [notify_id] => RqPnCoPT3K9%2Fvwbh3InWesHGP92jYih75cZ6TVZBJCIjNvnOGqnJcX1geL4rBzDX7aDo
    [notify_time] => 2016-09-26 21:58:16
    [notify_type] => trade_status_sync
    [out_trade_no] => 147489826773496
    [payment_type] => 1
    [seller_email] => 867672678@qq.com
    [seller_id] => 2088021266234053
    [subject] => 《诛仙yw》500元代金券
    [total_fee] => 240.00
    [trade_no] => 2016092621001004800244280133
    [trade_status] => TRADE_SUCCESS
    [sign] => 2d381ec98d0702da5a30c8c748dcdf19
    [sign_type] => MD5
)

2016-09-26 22:01:02订单：付款成功，给了玩家相应的代金券
Array
(
    [discount] => 0.00
    [extra_common_param] => 200
    [payment_type] => 1
    [subject] => 《诛仙yw》200元代金券
    [trade_no] => 2016092621001004800242690984
    [buyer_email] => 174960848@qq.com
    [gmt_create] => 2016-09-26 12:37:49
    [notify_type] => trade_status_sync
    [quantity] => 1
    [out_trade_no] => 147486464190007
    [seller_id] => 2088021266234053
    [notify_time] => 2016-09-26 22:01:02
    [body] => 《诛仙yw》200元代金券
    [trade_status] => TRADE_SUCCESS
    [is_total_fee_adjust] => N
    [total_fee] => 96.00
    [gmt_payment] => 2016-09-26 12:37:52
    [seller_email] => 867672678@qq.com
    [price] => 96.00
    [buyer_id] => 2088702663816803
    [notify_id] => 40a247d7056395e918464ec0e817adam6a
    [use_coupon] => N
    [sign_type] => MD5
    [sign] => 0b0e59572e5e8637a806c9770757b42c
)

2016-09-26 22:02:38订单：付款成功，给了玩家相应的代金券
Array
(
    [discount] => 0.00
    [extra_common_param] => 500
    [payment_type] => 1
    [subject] => 《诛仙yw》500元代金券
    [trade_no] => 2016092621001004800244280133
    [buyer_email] => 174960848@qq.com
    [gmt_create] => 2016-09-26 21:58:04
    [notify_type] => trade_status_sync
    [quantity] => 1
    [out_trade_no] => 147489826773496
    [seller_id] => 2088021266234053
    [notify_time] => 2016-09-26 22:02:38
    [body] => 《诛仙yw》500元代金券
    [trade_status] => TRADE_SUCCESS
    [is_total_fee_adjust] => N
    [total_fee] => 240.00
    [gmt_payment] => 2016-09-26 21:58:07
    [seller_email] => 867672678@qq.com
    [price] => 240.00
    [buyer_id] => 2088702663816803
    [notify_id] => 14dd0afd67a9100340e7b729de359cfm6a
    [use_coupon] => N
    [sign_type] => MD5
    [sign] => 3afc05b7b34abbd332e9084ce1095c7a
)

2016-09-26 22:03:12订单：付款成功，给了玩家相应的代金券
Array
(
    [discount] => 0.00
    [extra_common_param] => 328
    [payment_type] => 1
    [subject] => 《诛仙yw》328元代金券
    [trade_no] => 2016092621001004800244405999
    [buyer_email] => 174960848@qq.com
    [gmt_create] => 2016-09-26 22:03:08
    [notify_type] => trade_status_sync
    [quantity] => 1
    [out_trade_no] => 147489858161020
    [seller_id] => 2088021266234053
    [notify_time] => 2016-09-26 22:03:11
    [body] => 《诛仙yw》328元代金券
    [trade_status] => TRADE_SUCCESS
    [is_total_fee_adjust] => N
    [total_fee] => 157.40
    [gmt_payment] => 2016-09-26 22:03:11
    [seller_email] => 867672678@qq.com
    [price] => 157.40
    [buyer_id] => 2088702663816803
    [notify_id] => 1ae023eb92a5bc0f61ecdfd7848f2aam6a
    [use_coupon] => N
    [sign_type] => MD5
    [sign] => 1e3d3a4b714a803bc03cedc9bf72803a
)

2016-09-26 22:03:23订单：付款成功，给了玩家相应的代金券
Array
(
    [body] => 《诛仙yw》328元代金券
    [buyer_email] => 174960848@qq.com
    [buyer_id] => 2088702663816803
    [exterface] => create_direct_pay_by_user
    [extra_common_param] => 328
    [is_success] => T
    [notify_id] => RqPnCoPT3K9%2Fvwbh3InWesHGP9p9KWeqoZFhLYh3MUUxomZgtljV8Mv1HhcFyoRbxxYn
    [notify_time] => 2016-09-26 22:03:19
    [notify_type] => trade_status_sync
    [out_trade_no] => 147489858161020
    [payment_type] => 1
    [seller_email] => 867672678@qq.com
    [seller_id] => 2088021266234053
    [subject] => 《诛仙yw》328元代金券
    [total_fee] => 157.40
    [trade_no] => 2016092621001004800244405999
    [trade_status] => TRADE_SUCCESS
    [sign] => c4317d90f35083f0faf7ba6919744274
    [sign_type] => MD5
)

2016-09-26 22:07:20订单：付款成功，给了玩家相应的代金券
Array
(
    [discount] => 0.00
    [extra_common_param] => 328
    [payment_type] => 1
    [subject] => 《诛仙yw》328元代金券
    [trade_no] => 2016092621001004800244405999
    [buyer_email] => 174960848@qq.com
    [gmt_create] => 2016-09-26 22:03:08
    [notify_type] => trade_status_sync
    [quantity] => 1
    [out_trade_no] => 147489858161020
    [seller_id] => 2088021266234053
    [notify_time] => 2016-09-26 22:07:20
    [body] => 《诛仙yw》328元代金券
    [trade_status] => TRADE_SUCCESS
    [is_total_fee_adjust] => N
    [total_fee] => 157.40
    [gmt_payment] => 2016-09-26 22:03:11
    [seller_email] => 867672678@qq.com
    [price] => 157.40
    [buyer_id] => 2088702663816803
    [notify_id] => 1ae023eb92a5bc0f61ecdfd7848f2aam6a
    [use_coupon] => N
    [sign_type] => MD5
    [sign] => bd41c193907ae04b230923680f8014fd
)

2016-09-26 22:09:23订单：付款成功，给了玩家相应的代金券
Array
(
    [discount] => 0.00
    [extra_common_param] => 517
    [payment_type] => 1
    [subject] => 《诛仙yw》517元代金券
    [trade_no] => 2016092621001004800242715123
    [buyer_email] => 174960848@qq.com
    [gmt_create] => 2016-09-26 22:09:20
    [notify_type] => trade_status_sync
    [quantity] => 1
    [out_trade_no] => 147489894631222
    [seller_id] => 2088021266234053
    [notify_time] => 2016-09-26 22:09:23
    [body] => 《诛仙yw》517元代金券
    [trade_status] => TRADE_SUCCESS
    [is_total_fee_adjust] => N
    [total_fee] => 248.20
    [gmt_payment] => 2016-09-26 22:09:23
    [seller_email] => 867672678@qq.com
    [price] => 248.20
    [buyer_id] => 2088702663816803
    [notify_id] => e2a59c78f0f21d30b9654b4c9a44874m6a
    [use_coupon] => N
    [sign_type] => MD5
    [sign] => f34722726fd983e7e611b682f7180983
)

2016-09-26 22:09:34订单：付款成功，给了玩家相应的代金券
Array
(
    [body] => 《诛仙yw》517元代金券
    [buyer_email] => 174960848@qq.com
    [buyer_id] => 2088702663816803
    [exterface] => create_direct_pay_by_user
    [extra_common_param] => 517
    [is_success] => T
    [notify_id] => RqPnCoPT3K9%2Fvwbh3InWesHGP9ZfBArY4MhUS4hALApDDFLx2a5vRkkV0UU0%2BmsWpduk
    [notify_time] => 2016-09-26 22:09:30
    [notify_type] => trade_status_sync
    [out_trade_no] => 147489894631222
    [payment_type] => 1
    [seller_email] => 867672678@qq.com
    [seller_id] => 2088021266234053
    [subject] => 《诛仙yw》517元代金券
    [total_fee] => 248.20
    [trade_no] => 2016092621001004800242715123
    [trade_status] => TRADE_SUCCESS
    [sign] => 606ef7c4e8216a413b5a7ac93f77617e
    [sign_type] => MD5
)

2016-09-26 22:12:33订单：付款成功，给了玩家相应的代金券
Array
(
    [discount] => 0.00
    [extra_common_param] => 500
    [payment_type] => 1
    [subject] => 《诛仙yw》500元代金券
    [trade_no] => 2016092621001004800244280133
    [buyer_email] => 174960848@qq.com
    [gmt_create] => 2016-09-26 21:58:04
    [notify_type] => trade_status_sync
    [quantity] => 1
    [out_trade_no] => 147489826773496
    [seller_id] => 2088021266234053
    [notify_time] => 2016-09-26 22:12:32
    [body] => 《诛仙yw》500元代金券
    [trade_status] => TRADE_SUCCESS
    [is_total_fee_adjust] => N
    [total_fee] => 240.00
    [gmt_payment] => 2016-09-26 21:58:07
    [seller_email] => 867672678@qq.com
    [price] => 240.00
    [buyer_id] => 2088702663816803
    [notify_id] => 14dd0afd67a9100340e7b729de359cfm6a
    [use_coupon] => N
    [sign_type] => MD5
    [sign] => bfa20eab4fe5f21033700d7b60a4f147
)

2016-09-26 22:13:23订单：付款成功，给了玩家相应的代金券
Array
(
    [discount] => 0.00
    [extra_common_param] => 517
    [payment_type] => 1
    [subject] => 《诛仙yw》517元代金券
    [trade_no] => 2016092621001004800242715123
    [buyer_email] => 174960848@qq.com
    [gmt_create] => 2016-09-26 22:09:20
    [notify_type] => trade_status_sync
    [quantity] => 1
    [out_trade_no] => 147489894631222
    [seller_id] => 2088021266234053
    [notify_time] => 2016-09-26 22:13:22
    [body] => 《诛仙yw》517元代金券
    [trade_status] => TRADE_SUCCESS
    [is_total_fee_adjust] => N
    [total_fee] => 248.20
    [gmt_payment] => 2016-09-26 22:09:23
    [seller_email] => 867672678@qq.com
    [price] => 248.20
    [buyer_id] => 2088702663816803
    [notify_id] => e2a59c78f0f21d30b9654b4c9a44874m6a
    [use_coupon] => N
    [sign_type] => MD5
    [sign] => 76cadf4a852e4e1ba4b32adfcd622efe
)

2016-09-26 22:18:25订单：付款成功，给了玩家相应的代金券
Array
(
    [discount] => 0.00
    [extra_common_param] => 328
    [payment_type] => 1
    [subject] => 《诛仙yw》328元代金券
    [trade_no] => 2016092621001004800244405999
    [buyer_email] => 174960848@qq.com
    [gmt_create] => 2016-09-26 22:03:08
    [notify_type] => trade_status_sync
    [quantity] => 1
    [out_trade_no] => 147489858161020
    [seller_id] => 2088021266234053
    [notify_time] => 2016-09-26 22:18:24
    [body] => 《诛仙yw》328元代金券
    [trade_status] => TRADE_SUCCESS
    [is_total_fee_adjust] => N
    [total_fee] => 157.40
    [gmt_payment] => 2016-09-26 22:03:11
    [seller_email] => 867672678@qq.com
    [price] => 157.40
    [buyer_id] => 2088702663816803
    [notify_id] => 1ae023eb92a5bc0f61ecdfd7848f2aam6a
    [use_coupon] => N
    [sign_type] => MD5
    [sign] => a0daeb4b2a8a05367997660df35c3847
)

2016-09-26 22:22:19订单：付款成功，给了玩家相应的代金券
Array
(
    [discount] => 0.00
    [extra_common_param] => 500
    [payment_type] => 1
    [subject] => 《诛仙yw》500元代金券
    [trade_no] => 2016092621001004800244280133
    [buyer_email] => 174960848@qq.com
    [gmt_create] => 2016-09-26 21:58:04
    [notify_type] => trade_status_sync
    [quantity] => 1
    [out_trade_no] => 147489826773496
    [seller_id] => 2088021266234053
    [notify_time] => 2016-09-26 22:22:19
    [body] => 《诛仙yw》500元代金券
    [trade_status] => TRADE_SUCCESS
    [is_total_fee_adjust] => N
    [total_fee] => 240.00
    [gmt_payment] => 2016-09-26 21:58:07
    [seller_email] => 867672678@qq.com
    [price] => 240.00
    [buyer_id] => 2088702663816803
    [notify_id] => 14dd0afd67a9100340e7b729de359cfm6a
    [use_coupon] => N
    [sign_type] => MD5
    [sign] => 2d841b9107b3613b2f50403a9e345e35
)

2016-09-26 22:24:50订单：付款成功，给了玩家相应的代金券
Array
(
    [discount] => 0.00
    [extra_common_param] => 517
    [payment_type] => 1
    [subject] => 《诛仙yw》517元代金券
    [trade_no] => 2016092621001004800242715123
    [buyer_email] => 174960848@qq.com
    [gmt_create] => 2016-09-26 22:09:20
    [notify_type] => trade_status_sync
    [quantity] => 1
    [out_trade_no] => 147489894631222
    [seller_id] => 2088021266234053
    [notify_time] => 2016-09-26 22:24:50
    [body] => 《诛仙yw》517元代金券
    [trade_status] => TRADE_SUCCESS
    [is_total_fee_adjust] => N
    [total_fee] => 248.20
    [gmt_payment] => 2016-09-26 22:09:23
    [seller_email] => 867672678@qq.com
    [price] => 248.20
    [buyer_id] => 2088702663816803
    [notify_id] => e2a59c78f0f21d30b9654b4c9a44874m6a
    [use_coupon] => N
    [sign_type] => MD5
    [sign] => 079d103fac83a037a336f6ad70ebb84b
)

2016-09-26 22:27:03订单：付款成功，给了玩家相应的代金券
Array
(
    [discount] => 0.00
    [extra_common_param] => 328
    [payment_type] => 1
    [subject] => 《诛仙yw》328元代金券
    [trade_no] => 2016092621001004800244405999
    [buyer_email] => 174960848@qq.com
    [gmt_create] => 2016-09-26 22:03:08
    [notify_type] => trade_status_sync
    [quantity] => 1
    [out_trade_no] => 147489858161020
    [seller_id] => 2088021266234053
    [notify_time] => 2016-09-26 22:27:03
    [body] => 《诛仙yw》328元代金券
    [trade_status] => TRADE_SUCCESS
    [is_total_fee_adjust] => N
    [total_fee] => 157.40
    [gmt_payment] => 2016-09-26 22:03:11
    [seller_email] => 867672678@qq.com
    [price] => 157.40
    [buyer_id] => 2088702663816803
    [notify_id] => 1ae023eb92a5bc0f61ecdfd7848f2aam6a
    [use_coupon] => N
    [sign_type] => MD5
    [sign] => 4087f8e2b62c63ed3c6276a7bfbd53bf
)

2016-09-26 22:30:22订单：付款成功，给了玩家相应的代金券
Array
(
    [discount] => 0.00
    [extra_common_param] => 648
    [payment_type] => 1
    [subject] => 《诛仙yw》648元代金券
    [trade_no] => 2016092521001004800242675051
    [buyer_email] => 174960848@qq.com
    [gmt_create] => 2016-09-25 22:05:27
    [notify_type] => trade_status_sync
    [quantity] => 1
    [out_trade_no] => 147481232108708
    [seller_id] => 2088021266234053
    [notify_time] => 2016-09-26 22:30:22
    [body] => 《诛仙yw》648元代金券
    [trade_status] => TRADE_SUCCESS
    [is_total_fee_adjust] => N
    [total_fee] => 311.00
    [gmt_payment] => 2016-09-25 22:05:30
    [seller_email] => 867672678@qq.com
    [price] => 311.00
    [buyer_id] => 2088702663816803
    [notify_id] => 19a0e4bc7045c73b5fbaf17af681ce7m6a
    [use_coupon] => N
    [sign_type] => MD5
    [sign] => 3417927240e4e59e29d0d95c170bfcb5
)

2016-09-26 22:33:36订单：付款成功，给了玩家相应的代金券
Array
(
    [discount] => 0.00
    [extra_common_param] => 517
    [payment_type] => 1
    [subject] => 《诛仙yw》517元代金券
    [trade_no] => 2016092621001004800242715123
    [buyer_email] => 174960848@qq.com
    [gmt_create] => 2016-09-26 22:09:20
    [notify_type] => trade_status_sync
    [quantity] => 1
    [out_trade_no] => 147489894631222
    [seller_id] => 2088021266234053
    [notify_time] => 2016-09-26 22:33:36
    [body] => 《诛仙yw》517元代金券
    [trade_status] => TRADE_SUCCESS
    [is_total_fee_adjust] => N
    [total_fee] => 248.20
    [gmt_payment] => 2016-09-26 22:09:23
    [seller_email] => 867672678@qq.com
    [price] => 248.20
    [buyer_id] => 2088702663816803
    [notify_id] => e2a59c78f0f21d30b9654b4c9a44874m6a
    [use_coupon] => N
    [sign_type] => MD5
    [sign] => 99a829f14d7662309f0e9fb92684d375
)

2016-09-26 22:45:41订单：付款成功，给了玩家相应的代金券
Array
(
    [discount] => 0.00
    [extra_common_param] => 300
    [payment_type] => 1
    [subject] => 《诛仙yw》300元代金券
    [trade_no] => 2016092621001004800237277864
    [buyer_email] => 174960848@qq.com
    [gmt_create] => 2016-09-26 19:21:39
    [notify_type] => trade_status_sync
    [quantity] => 1
    [out_trade_no] => 147488888610820
    [seller_id] => 2088021266234053
    [notify_time] => 2016-09-26 22:45:41
    [body] => 《诛仙yw》300元代金券
    [trade_status] => TRADE_SUCCESS
    [is_total_fee_adjust] => N
    [total_fee] => 144.00
    [gmt_payment] => 2016-09-26 19:21:51
    [seller_email] => 867672678@qq.com
    [price] => 144.00
    [buyer_id] => 2088702663816803
    [notify_id] => 22080217d19f9ae09b0fd6f03c4fde4m6a
    [use_coupon] => N
    [sign_type] => MD5
    [sign] => 0dc38e5a6c806f7f4d3786076919c78f
)

2016-09-26 23:22:52订单：付款成功，给了玩家相应的代金券
Array
(
    [discount] => 0.00
    [extra_common_param] => 500
    [payment_type] => 1
    [subject] => 《诛仙yw》500元代金券
    [trade_no] => 2016092621001004800244280133
    [buyer_email] => 174960848@qq.com
    [gmt_create] => 2016-09-26 21:58:04
    [notify_type] => trade_status_sync
    [quantity] => 1
    [out_trade_no] => 147489826773496
    [seller_id] => 2088021266234053
    [notify_time] => 2016-09-26 23:22:52
    [body] => 《诛仙yw》500元代金券
    [trade_status] => TRADE_SUCCESS
    [is_total_fee_adjust] => N
    [total_fee] => 240.00
    [gmt_payment] => 2016-09-26 21:58:07
    [seller_email] => 867672678@qq.com
    [price] => 240.00
    [buyer_id] => 2088702663816803
    [notify_id] => 14dd0afd67a9100340e7b729de359cfm6a
    [use_coupon] => N
    [sign_type] => MD5
    [sign] => 3f1a9a6fc4f99b4fae193cc0d6be7a14
)

2016-09-26 23:27:27订单：付款成功，给了玩家相应的代金券
Array
(
    [discount] => 0.00
    [extra_common_param] => 328
    [payment_type] => 1
    [subject] => 《诛仙yw》328元代金券
    [trade_no] => 2016092621001004800244405999
    [buyer_email] => 174960848@qq.com
    [gmt_create] => 2016-09-26 22:03:08
    [notify_type] => trade_status_sync
    [quantity] => 1
    [out_trade_no] => 147489858161020
    [seller_id] => 2088021266234053
    [notify_time] => 2016-09-26 23:27:26
    [body] => 《诛仙yw》328元代金券
    [trade_status] => TRADE_SUCCESS
    [is_total_fee_adjust] => N
    [total_fee] => 157.40
    [gmt_payment] => 2016-09-26 22:03:11
    [seller_email] => 867672678@qq.com
    [price] => 157.40
    [buyer_id] => 2088702663816803
    [notify_id] => 1ae023eb92a5bc0f61ecdfd7848f2aam6a
    [use_coupon] => N
    [sign_type] => MD5
    [sign] => 3fee19738ac6d9c8dbb18f7b5d3b0959
)

2016-09-26 23:32:12订单：付款成功，给了玩家相应的代金券
Array
(
    [discount] => 0.00
    [extra_common_param] => 60
    [payment_type] => 1
    [subject] => 《诛仙yw》60元代金券
    [trade_no] => 2016092621001004800244273961
    [buyer_email] => 174960848@qq.com
    [gmt_create] => 2016-09-26 20:08:05
    [notify_type] => trade_status_sync
    [quantity] => 1
    [out_trade_no] => 147489167536063
    [seller_id] => 2088021266234053
    [notify_time] => 2016-09-26 23:32:12
    [body] => 《诛仙yw》60元代金券
    [trade_status] => TRADE_SUCCESS
    [is_total_fee_adjust] => N
    [total_fee] => 28.80
    [gmt_payment] => 2016-09-26 20:08:15
    [seller_email] => 867672678@qq.com
    [price] => 28.80
    [buyer_id] => 2088702663816803
    [notify_id] => 4b0a65741b07d9cc4ce997f9b9be657m6a
    [use_coupon] => N
    [sign_type] => MD5
    [sign] => 2cf6bdaa1ba435ba0ae5424c804146c7
)

2016-09-26 23:33:05订单：付款成功，给了玩家相应的代金券
Array
(
    [discount] => 0.00
    [extra_common_param] => 517
    [payment_type] => 1
    [subject] => 《诛仙yw》517元代金券
    [trade_no] => 2016092621001004800242715123
    [buyer_email] => 174960848@qq.com
    [gmt_create] => 2016-09-26 22:09:20
    [notify_type] => trade_status_sync
    [quantity] => 1
    [out_trade_no] => 147489894631222
    [seller_id] => 2088021266234053
    [notify_time] => 2016-09-26 23:33:05
    [body] => 《诛仙yw》517元代金券
    [trade_status] => TRADE_SUCCESS
    [is_total_fee_adjust] => N
    [total_fee] => 248.20
    [gmt_payment] => 2016-09-26 22:09:23
    [seller_email] => 867672678@qq.com
    [price] => 248.20
    [buyer_id] => 2088702663816803
    [notify_id] => e2a59c78f0f21d30b9654b4c9a44874m6a
    [use_coupon] => N
    [sign_type] => MD5
    [sign] => 0702baf302c9fe3b7d76a42024d18e1e
)

2016-09-26 23:39:19订单：付款成功，给了玩家相应的代金券
Array
(
    [discount] => 0.00
    [extra_common_param] => 400
    [payment_type] => 1
    [subject] => 《诛仙yw》400元代金券
    [trade_no] => 2016092621001004800241912875
    [buyer_email] => 174960848@qq.com
    [gmt_create] => 2016-09-26 23:39:16
    [notify_type] => trade_status_sync
    [quantity] => 1
    [out_trade_no] => 147490435327428
    [seller_id] => 2088021266234053
    [notify_time] => 2016-09-26 23:39:19
    [body] => 《诛仙yw》400元代金券
    [trade_status] => TRADE_SUCCESS
    [is_total_fee_adjust] => N
    [total_fee] => 192.00
    [gmt_payment] => 2016-09-26 23:39:19
    [seller_email] => 867672678@qq.com
    [price] => 192.00
    [buyer_id] => 2088702663816803
    [notify_id] => 24230c00170b8d3e63948a4c9ab9086m6a
    [use_coupon] => N
    [sign_type] => MD5
    [sign] => 41fe4a087a53b6d7f0abc918ad4471ce
)

2016-09-26 23:39:33订单：付款成功，给了玩家相应的代金券
Array
(
    [body] => 《诛仙yw》400元代金券
    [buyer_email] => 174960848@qq.com
    [buyer_id] => 2088702663816803
    [exterface] => create_direct_pay_by_user
    [extra_common_param] => 400
    [is_success] => T
    [notify_id] => RqPnCoPT3K9%2Fvwbh3InWesCQxPsMMoOQS2WIVKrlw0oJNKwn0Nm%2B1CJ%2FYq%2F3rvLP8d8H
    [notify_time] => 2016-09-26 23:39:28
    [notify_type] => trade_status_sync
    [out_trade_no] => 147490435327428
    [payment_type] => 1
    [seller_email] => 867672678@qq.com
    [seller_id] => 2088021266234053
    [subject] => 《诛仙yw》400元代金券
    [total_fee] => 192.00
    [trade_no] => 2016092621001004800241912875
    [trade_status] => TRADE_SUCCESS
    [sign] => 8c84b115ac49eb4f56e71b37ec221b65
    [sign_type] => MD5
)

2016-09-26 23:43:17订单：付款成功，给了玩家相应的代金券
Array
(
    [discount] => 0.00
    [extra_common_param] => 400
    [payment_type] => 1
    [subject] => 《诛仙yw》400元代金券
    [trade_no] => 2016092621001004800241912875
    [buyer_email] => 174960848@qq.com
    [gmt_create] => 2016-09-26 23:39:16
    [notify_type] => trade_status_sync
    [quantity] => 1
    [out_trade_no] => 147490435327428
    [seller_id] => 2088021266234053
    [notify_time] => 2016-09-26 23:43:17
    [body] => 《诛仙yw》400元代金券
    [trade_status] => TRADE_SUCCESS
    [is_total_fee_adjust] => N
    [total_fee] => 192.00
    [gmt_payment] => 2016-09-26 23:39:19
    [seller_email] => 867672678@qq.com
    [price] => 192.00
    [buyer_id] => 2088702663816803
    [notify_id] => 24230c00170b8d3e63948a4c9ab9086m6a
    [use_coupon] => N
    [sign_type] => MD5
    [sign] => c1b3c46a1338a00f16b890a669f17bdc
)

2016-09-26 23:54:10订单：付款成功，给了玩家相应的代金券
Array
(
    [discount] => 0.00
    [extra_common_param] => 400
    [payment_type] => 1
    [subject] => 《诛仙yw》400元代金券
    [trade_no] => 2016092621001004800241912875
    [buyer_email] => 174960848@qq.com
    [gmt_create] => 2016-09-26 23:39:16
    [notify_type] => trade_status_sync
    [quantity] => 1
    [out_trade_no] => 147490435327428
    [seller_id] => 2088021266234053
    [notify_time] => 2016-09-26 23:54:09
    [body] => 《诛仙yw》400元代金券
    [trade_status] => TRADE_SUCCESS
    [is_total_fee_adjust] => N
    [total_fee] => 192.00
    [gmt_payment] => 2016-09-26 23:39:19
    [seller_email] => 867672678@qq.com
    [price] => 192.00
    [buyer_id] => 2088702663816803
    [notify_id] => 24230c00170b8d3e63948a4c9ab9086m6a
    [use_coupon] => N
    [sign_type] => MD5
    [sign] => 3209cd44b74306fb70ae4325dfb3fae5
)

