2016-08-29 12:09:10订单：付款成功，给了玩家相应的代金券
Array
(
    [body] => 《龙战于野》30元代金券
    [buyer_email] => zhengwanyi@hotmail.com
    [buyer_id] => 2088002293236104
    [exterface] => create_direct_pay_by_user
    [extra_common_param] => 850,30,youdao04
    [is_success] => T
    [notify_id] => RqPnCoPT3K9%2Fvwbh3InWfIIO8pN%2BVfkknO1TJHpZp88xlsuiq2s1ES4dlbjnaojWMsd9
    [notify_time] => 2016-08-29 12:09:03
    [notify_type] => trade_status_sync
    [out_trade_no] => 147244369223712
    [payment_type] => 1
    [seller_email] => 867672678@qq.com
    [seller_id] => 2088021266234053
    [subject] => 《龙战于野》30元代金券
    [total_fee] => 12.00
    [trade_no] => 2016082921001004100206014170
    [trade_status] => TRADE_SUCCESS
    [sign] => a83c8b29ef8c00edcd294b3d897f4b69
    [sign_type] => MD5
)

2016-08-29 14:35:49订单：付款成功，给了玩家相应的代金券
Array
(
    [body] => 《龙战于野》68元代金券
    [buyer_email] => 283266479@qq.com
    [buyer_id] => 2088312127602442
    [exterface] => create_direct_pay_by_user
    [extra_common_param] => 871,68,d714259825
    [is_success] => T
    [notify_id] => RqPnCoPT3K9%2Fvwbh3InWfIIPV6KMD%2F5lyllVKaMN7f7XXaxkI9NxXhNBS6%2B2KdYs9hqx
    [notify_time] => 2016-08-29 14:35:45
    [notify_type] => trade_status_sync
    [out_trade_no] => 147245252205998
    [payment_type] => 1
    [seller_email] => 867672678@qq.com
    [seller_id] => 2088021266234053
    [subject] => 《龙战于野》68元代金券
    [total_fee] => 27.20
    [trade_no] => 2016082921001004440283564267
    [trade_status] => TRADE_SUCCESS
    [sign] => 9998eddda7790a28d4c8da43131808f5
    [sign_type] => MD5
)

2016-08-29 14:38:55支付宝验证失败
Array
(
    [body] => 《龙战于野》68元代金券
    [buyer_email] => 283266479@qq.com
    [buyer_id] => 2088312127602442
    [exterface] => create_direct_pay_by_user
    [extra_common_param] => 871,68,d714259825
    [is_success] => T
    [notify_id] => RqPnCoPT3K9/vwbh3InWfIIPV6KMD/5lyllVKaMN7f7XXaxkI9NxXhNBS6+2KdYs9hqx
    [notify_time] => 2016-08-29 14:35:45
    [notify_type] => trade_status_sync
    [out_trade_no] => 147245252205998
    [payment_type] => 1
    [seller_email] => 867672678@qq.com
    [seller_id] => 2088021266234053
    [subject] => 《龙战于野》68元代金券
    [total_fee] => 27.20
    [trade_no] => 2016082921001004440283564267
    [trade_status] => TRADE_SUCCESS
    [sign] => 9998eddda7790a28d4c8da43131808f5
    [sign_type] => MD5
)

2016-08-29 14:46:29订单：付款成功，给了玩家相应的代金券
Array
(
    [body] => 《龙战于野》30元代金券
    [buyer_email] => zhengwanyi@hotmail.com
    [buyer_id] => 2088002293236104
    [exterface] => create_direct_pay_by_user
    [extra_common_param] => 850,30,d792071811
    [is_success] => T
    [notify_id] => RqPnCoPT3K9%2Fvwbh3InWfIIPVtfL4tbPi6eVWHGmVWXThJmMfwkCWH66QkIkm1YGak0r
    [notify_time] => 2016-08-29 14:46:25
    [notify_type] => trade_status_sync
    [out_trade_no] => 147245315103045
    [payment_type] => 1
    [seller_email] => 867672678@qq.com
    [seller_id] => 2088021266234053
    [subject] => 《龙战于野》30元代金券
    [total_fee] => 12.00
    [trade_no] => 2016082921001004100206198812
    [trade_status] => TRADE_SUCCESS
    [sign] => b2ac2a9dbbfad2e3ee444fe81c283765
    [sign_type] => MD5
)

2016-08-29 16:34:38订单：付款成功，给了玩家相应的代金券
Array
(
    [body] => 《龙战于野》6元代金券
    [buyer_email] => 283266479@qq.com
    [buyer_id] => 2088312127602442
    [exterface] => create_direct_pay_by_user
    [extra_common_param] => 871,6,longzhan888
    [is_success] => T
    [notify_id] => RqPnCoPT3K9%2Fvwbh3InWfIIPXE5Sm9DwdQsg%2Frbg7n1ZCSkCGFDPHrTDnyJfPgPXrMK%2B
    [notify_time] => 2016-08-29 16:34:35
    [notify_type] => trade_status_sync
    [out_trade_no] => 147245964493140
    [payment_type] => 1
    [seller_email] => 867672678@qq.com
    [seller_id] => 2088021266234053
    [subject] => 《龙战于野》6元代金券
    [total_fee] => 2.40
    [trade_no] => 2016082921001004440282968561
    [trade_status] => TRADE_SUCCESS
    [sign] => fd79a0933d3b03d8b6374b1a9978ee4e
    [sign_type] => MD5
)

2016-08-29 16:37:45支付宝验证失败
Array
(
    [body] => 《龙战于野》6元代金券
    [buyer_email] => 283266479@qq.com
    [buyer_id] => 2088312127602442
    [exterface] => create_direct_pay_by_user
    [extra_common_param] => 871,6,longzhan888
    [is_success] => T
    [notify_id] => RqPnCoPT3K9/vwbh3InWfIIPXE5Sm9DwdQsg/rbg7n1ZCSkCGFDPHrTDnyJfPgPXrMK+
    [notify_time] => 2016-08-29 16:34:35
    [notify_type] => trade_status_sync
    [out_trade_no] => 147245964493140
    [payment_type] => 1
    [seller_email] => 867672678@qq.com
    [seller_id] => 2088021266234053
    [subject] => 《龙战于野》6元代金券
    [total_fee] => 2.40
    [trade_no] => 2016082921001004440282968561
    [trade_status] => TRADE_SUCCESS
    [sign] => fd79a0933d3b03d8b6374b1a9978ee4e
    [sign_type] => MD5
)

2016-08-29 20:38:07订单：付款成功，给了玩家相应的代金券
Array
(
    [body] => 《龙战于野》37元代金券
    [buyer_email] => 283266479@qq.com
    [buyer_id] => 2088312127602442
    [exterface] => create_direct_pay_by_user
    [extra_common_param] => 871,37,d714259825
    [is_success] => T
    [notify_id] => RqPnCoPT3K9%2Fvwbh3InWfIINYVL5eWmmgFQB6aeBZLK%2BWt22lO3TNl8sTiqAknkJiAbk
    [notify_time] => 2016-08-29 20:38:03
    [notify_type] => trade_status_sync
    [out_trade_no] => 147247426099786
    [payment_type] => 1
    [seller_email] => 867672678@qq.com
    [seller_id] => 2088021266234053
    [subject] => 《龙战于野》37元代金券
    [total_fee] => 14.80
    [trade_no] => 2016082921001004440285007940
    [trade_status] => TRADE_SUCCESS
    [sign] => 09cea329d5961910dfa8ca60a22a240f
    [sign_type] => MD5
)

2016-08-29 20:41:17支付宝验证失败
Array
(
    [body] => 《龙战于野》37元代金券
    [buyer_email] => 283266479@qq.com
    [buyer_id] => 2088312127602442
    [exterface] => create_direct_pay_by_user
    [extra_common_param] => 871,37,d714259825
    [is_success] => T
    [notify_id] => RqPnCoPT3K9/vwbh3InWfIINYVL5eWmmgFQB6aeBZLK+Wt22lO3TNl8sTiqAknkJiAbk
    [notify_time] => 2016-08-29 20:38:03
    [notify_type] => trade_status_sync
    [out_trade_no] => 147247426099786
    [payment_type] => 1
    [seller_email] => 867672678@qq.com
    [seller_id] => 2088021266234053
    [subject] => 《龙战于野》37元代金券
    [total_fee] => 14.80
    [trade_no] => 2016082921001004440285007940
    [trade_status] => TRADE_SUCCESS
    [sign] => 09cea329d5961910dfa8ca60a22a240f
    [sign_type] => MD5
)

2016-08-29 21:28:18订单：付款成功，给了玩家相应的代金券
Array
(
    [body] => 《龙战于野》105元代金券
    [buyer_email] => 283266479@qq.com
    [buyer_id] => 2088312127602442
    [exterface] => create_direct_pay_by_user
    [extra_common_param] => 871,105,d456869653
    [is_success] => T
    [notify_id] => RqPnCoPT3K9%2Fvwbh3InWfIINYmxAwt7aKkCzpclJ8Z5S2VFrbzDV22i5avzUZEc%2F2Fmb
    [notify_time] => 2016-08-29 21:28:14
    [notify_type] => trade_status_sync
    [out_trade_no] => 147247727541417
    [payment_type] => 1
    [seller_email] => 867672678@qq.com
    [seller_id] => 2088021266234053
    [subject] => 《龙战于野》105元代金券
    [total_fee] => 42.00
    [trade_no] => 2016082921001004440284194290
    [trade_status] => TRADE_SUCCESS
    [sign] => 8db45b2ff403db3d5f19f2785d823e53
    [sign_type] => MD5
)

2016-08-29 21:29:03订单：付款成功，给了玩家相应的代金券
Array
(
    [body] => 《龙战于野》105元代金券
    [buyer_email] => 283266479@qq.com
    [buyer_id] => 2088312127602442
    [exterface] => create_direct_pay_by_user
    [extra_common_param] => 871,105,81608523
    [is_success] => T
    [notify_id] => RqPnCoPT3K9%2Fvwbh3InWfIINYm1%2FfKcxLrBHpgMTrEhNCvhWYe%2FTFDN1Q7MLei%2F94gTg
    [notify_time] => 2016-08-29 21:29:00
    [notify_type] => trade_status_sync
    [out_trade_no] => 147247732282631
    [payment_type] => 1
    [seller_email] => 867672678@qq.com
    [seller_id] => 2088021266234053
    [subject] => 《龙战于野》105元代金券
    [total_fee] => 42.00
    [trade_no] => 2016082921001004440285517269
    [trade_status] => TRADE_SUCCESS
    [sign] => 76ddb2e39a2a7b7acc860d0399a188e4
    [sign_type] => MD5
)

2016-08-29 21:31:28支付宝验证失败
Array
(
    [body] => 《龙战于野》105元代金券
    [buyer_email] => 283266479@qq.com
    [buyer_id] => 2088312127602442
    [exterface] => create_direct_pay_by_user
    [extra_common_param] => 871,105,d456869653
    [is_success] => T
    [notify_id] => RqPnCoPT3K9/vwbh3InWfIINYmxAwt7aKkCzpclJ8Z5S2VFrbzDV22i5avzUZEc/2Fmb
    [notify_time] => 2016-08-29 21:28:14
    [notify_type] => trade_status_sync
    [out_trade_no] => 147247727541417
    [payment_type] => 1
    [seller_email] => 867672678@qq.com
    [seller_id] => 2088021266234053
    [subject] => 《龙战于野》105元代金券
    [total_fee] => 42.00
    [trade_no] => 2016082921001004440284194290
    [trade_status] => TRADE_SUCCESS
    [sign] => 8db45b2ff403db3d5f19f2785d823e53
    [sign_type] => MD5
)

2016-08-29 21:32:13支付宝验证失败
Array
(
    [body] => 《龙战于野》105元代金券
    [buyer_email] => 283266479@qq.com
    [buyer_id] => 2088312127602442
    [exterface] => create_direct_pay_by_user
    [extra_common_param] => 871,105,81608523
    [is_success] => T
    [notify_id] => RqPnCoPT3K9/vwbh3InWfIINYm1/fKcxLrBHpgMTrEhNCvhWYe/TFDN1Q7MLei/94gTg
    [notify_time] => 2016-08-29 21:29:00
    [notify_type] => trade_status_sync
    [out_trade_no] => 147247732282631
    [payment_type] => 1
    [seller_email] => 867672678@qq.com
    [seller_id] => 2088021266234053
    [subject] => 《龙战于野》105元代金券
    [total_fee] => 42.00
    [trade_no] => 2016082921001004440285517269
    [trade_status] => TRADE_SUCCESS
    [sign] => 76ddb2e39a2a7b7acc860d0399a188e4
    [sign_type] => MD5
)

