2016-08-27 00:02:14订单：付款成功，给了玩家相应的代金券
Array
(
    [body] => 《龙战于野》100元代金券
    [buyer_email] => 283266479@qq.com
    [buyer_id] => 2088312127602442
    [exterface] => create_direct_pay_by_user
    [extra_common_param] => 871,100,51888888qq
    [is_success] => T
    [notify_id] => RqPnCoPT3K9%2Fvwbh3InWfISJubjUfPVZqd%2FQqu3J7%2BYz95EVutJYGXfs%2BZZ%2Fv1HOgR%2Bj
    [notify_time] => 2016-08-27 00:02:11
    [notify_type] => trade_status_sync
    [out_trade_no] => 147222730756755
    [payment_type] => 1
    [seller_email] => 867672678@qq.com
    [seller_id] => 2088021266234053
    [subject] => 《龙战于野》100元代金券
    [total_fee] => 40.00
    [trade_no] => 2016082721001004440277176209
    [trade_status] => TRADE_SUCCESS
    [sign] => 62809c86930dfb92a546f089b8b6c1ca
    [sign_type] => MD5
)

2016-08-27 00:05:20支付宝验证失败
Array
(
    [body] => 《龙战于野》100元代金券
    [buyer_email] => 283266479@qq.com
    [buyer_id] => 2088312127602442
    [exterface] => create_direct_pay_by_user
    [extra_common_param] => 871,100,51888888qq
    [is_success] => T
    [notify_id] => RqPnCoPT3K9/vwbh3InWfISJubjUfPVZqd/Qqu3J7+Yz95EVutJYGXfs+ZZ/v1HOgR+j
    [notify_time] => 2016-08-27 00:02:11
    [notify_type] => trade_status_sync
    [out_trade_no] => 147222730756755
    [payment_type] => 1
    [seller_email] => 867672678@qq.com
    [seller_id] => 2088021266234053
    [subject] => 《龙战于野》100元代金券
    [total_fee] => 40.00
    [trade_no] => 2016082721001004440277176209
    [trade_status] => TRADE_SUCCESS
    [sign] => 62809c86930dfb92a546f089b8b6c1ca
    [sign_type] => MD5
)

2016-08-27 10:11:29订单：付款成功，给了玩家相应的代金券
Array
(
    [body] => 《龙战于野》60元代金券
    [buyer_email] => 283266479@qq.com
    [buyer_id] => 2088312127602442
    [exterface] => create_direct_pay_by_user
    [extra_common_param] => 871,60,d814042418
    [is_success] => T
    [notify_id] => RqPnCoPT3K9%2Fvwbh3InWfISNyVhLaNF%2BiGCc5kH4GIMWb8zXK2sOjYv0SaNHRE9uNbKP
    [notify_time] => 2016-08-27 10:11:26
    [notify_type] => trade_status_sync
    [out_trade_no] => 147226386028235
    [payment_type] => 1
    [seller_email] => 867672678@qq.com
    [seller_id] => 2088021266234053
    [subject] => 《龙战于野》60元代金券
    [total_fee] => 24.00
    [trade_no] => 2016082721001004440273827751
    [trade_status] => TRADE_SUCCESS
    [sign] => cd02c1e53f54de0a27046505a2332a06
    [sign_type] => MD5
)

2016-08-27 10:14:29支付宝验证失败
Array
(
    [body] => 《龙战于野》60元代金券
    [buyer_email] => 283266479@qq.com
    [buyer_id] => 2088312127602442
    [exterface] => create_direct_pay_by_user
    [extra_common_param] => 871,60,d814042418
    [is_success] => T
    [notify_id] => RqPnCoPT3K9/vwbh3InWfISNyVhLaNF+iGCc5kH4GIMWb8zXK2sOjYv0SaNHRE9uNbKP
    [notify_time] => 2016-08-27 10:11:26
    [notify_type] => trade_status_sync
    [out_trade_no] => 147226386028235
    [payment_type] => 1
    [seller_email] => 867672678@qq.com
    [seller_id] => 2088021266234053
    [subject] => 《龙战于野》60元代金券
    [total_fee] => 24.00
    [trade_no] => 2016082721001004440273827751
    [trade_status] => TRADE_SUCCESS
    [sign] => cd02c1e53f54de0a27046505a2332a06
    [sign_type] => MD5
)

2016-08-27 10:26:18订单：付款成功，给了玩家相应的代金券
Array
(
    [body] => 《龙战于野》198元代金券
    [buyer_email] => 283266479@qq.com
    [buyer_id] => 2088312127602442
    [exterface] => create_direct_pay_by_user
    [extra_common_param] => 871,198,shsy11
    [is_success] => T
    [notify_id] => RqPnCoPT3K9%2Fvwbh3InWfISNzh4ypa60CJbE14JZmWoohRLAmyZOH2zVZfJCIBY96nRT
    [notify_time] => 2016-08-27 10:26:15
    [notify_type] => trade_status_sync
    [out_trade_no] => 147226475631726
    [payment_type] => 1
    [seller_email] => 867672678@qq.com
    [seller_id] => 2088021266234053
    [subject] => 《龙战于野》198元代金券
    [total_fee] => 79.20
    [trade_no] => 2016082721001004440274277941
    [trade_status] => TRADE_SUCCESS
    [sign] => f2923cfe2cbd32a18386d2e05154d175
    [sign_type] => MD5
)

2016-08-27 17:45:23订单：付款成功，给了玩家相应的代金券
Array
(
    [body] => 《龙战于野》400元代金券
    [buyer_email] => zhengwanyi@hotmail.com
    [buyer_id] => 2088002293236104
    [exterface] => create_direct_pay_by_user
    [extra_common_param] => 850,400,d555265968
    [is_success] => T
    [notify_id] => RqPnCoPT3K9%2Fvwbh3InWfISCeW1pfNHS67IADah5KQ%2FaGO3sAUjXWUWGuYb2A5WyftE3
    [notify_time] => 2016-08-27 17:45:19
    [notify_type] => trade_status_sync
    [out_trade_no] => 147229109032871
    [payment_type] => 1
    [seller_email] => 867672678@qq.com
    [seller_id] => 2088021266234053
    [subject] => 《龙战于野》400元代金券
    [total_fee] => 160.00
    [trade_no] => 2016082721001004100298449826
    [trade_status] => TRADE_SUCCESS
    [sign] => 10b3cffdcdd8612f3238799e64d5eb8d
    [sign_type] => MD5
)

2016-08-27 17:56:22订单：付款成功，给了玩家相应的代金券
Array
(
    [body] => 《龙战于野》203元代金券
    [buyer_email] => 283266479@qq.com
    [buyer_id] => 2088312127602442
    [exterface] => create_direct_pay_by_user
    [extra_common_param] => 871,203,d651970094
    [is_success] => T
    [notify_id] => RqPnCoPT3K9%2Fvwbh3InWfISCeWsXHJ7kqA82YmURqIghiZ6WUxcYTulccBCUS2kTJ0bK
    [notify_time] => 2016-08-27 17:56:18
    [notify_type] => trade_status_sync
    [out_trade_no] => 147229175777566
    [payment_type] => 1
    [seller_email] => 867672678@qq.com
    [seller_id] => 2088021266234053
    [subject] => 《龙战于野》203元代金券
    [total_fee] => 81.20
    [trade_no] => 2016082721001004440274668151
    [trade_status] => TRADE_SUCCESS
    [sign] => 7afe64f5c88d4ba9e28b99bd7681ed6c
    [sign_type] => MD5
)

2016-08-27 17:59:30支付宝验证失败
Array
(
    [body] => 《龙战于野》203元代金券
    [buyer_email] => 283266479@qq.com
    [buyer_id] => 2088312127602442
    [exterface] => create_direct_pay_by_user
    [extra_common_param] => 871,203,d651970094
    [is_success] => T
    [notify_id] => RqPnCoPT3K9/vwbh3InWfISCeWsXHJ7kqA82YmURqIghiZ6WUxcYTulccBCUS2kTJ0bK
    [notify_time] => 2016-08-27 17:56:18
    [notify_type] => trade_status_sync
    [out_trade_no] => 147229175777566
    [payment_type] => 1
    [seller_email] => 867672678@qq.com
    [seller_id] => 2088021266234053
    [subject] => 《龙战于野》203元代金券
    [total_fee] => 81.20
    [trade_no] => 2016082721001004440274668151
    [trade_status] => TRADE_SUCCESS
    [sign] => 7afe64f5c88d4ba9e28b99bd7681ed6c
    [sign_type] => MD5
)

2016-08-27 19:48:20订单：付款成功，给了玩家相应的代金券
Array
(
    [body] => 《全民斗战神》206元代金券
    [buyer_email] => 174960848@qq.com
    [buyer_id] => 2088702663816803
    [exterface] => create_direct_pay_by_user
    [extra_common_param] => 1457,206,d238506339
    [is_success] => T
    [notify_id] => RqPnCoPT3K9%2Fvwbh3InWfISCcJoTNTxUTp7JSjMw9xsHZ%2BbJ67TBGE35%2FvEa9McwkXgF
    [notify_time] => 2016-08-27 19:48:16
    [notify_type] => trade_status_sync
    [out_trade_no] => 147229846535711
    [payment_type] => 1
    [seller_email] => 867672678@qq.com
    [seller_id] => 2088021266234053
    [subject] => 《全民斗战神》206元代金券
    [total_fee] => 98.90
    [trade_no] => 2016082721001004800204617126
    [trade_status] => TRADE_SUCCESS
    [sign] => f47a4f6f6b744ab3fe57e197f0471c79
    [sign_type] => MD5
)

2016-08-27 19:51:19支付宝验证失败
Array
(
    [body] => 《全民斗战神》206元代金券
    [buyer_email] => 174960848@qq.com
    [buyer_id] => 2088702663816803
    [exterface] => create_direct_pay_by_user
    [extra_common_param] => 1457,206,d238506339
    [is_success] => T
    [notify_id] => RqPnCoPT3K9%2Fvwbh3InWfISCcJoTNTxUTp7JSjMw9xsHZ%2BbJ67TBGE35%2FvEa9McwkXgF
    [notify_time] => 2016-08-27 19:48:16
    [notify_type] => trade_status_sync
    [out_trade_no] => 147229846535711
    [payment_type] => 1
    [seller_email] => 867672678@qq.com
    [seller_id] => 2088021266234053
    [subject] => 《全民斗战神》206元代金券
    [total_fee] => 98.90
    [trade_no] => 2016082721001004800204617126
    [trade_status] => TRADE_SUCCESS
    [sign] => f47a4f6f6b744ab3fe57e197f0471c79
    [sign_type] => MD5
)

2016-08-27 23:06:33订单：付款成功，给了玩家相应的代金券
Array
(
    [body] => 《龙战于野》100元代金券
    [buyer_email] => 283266479@qq.com
    [buyer_id] => 2088312127602442
    [exterface] => create_direct_pay_by_user
    [extra_common_param] => 871,100,shsy8780
    [is_success] => T
    [notify_id] => RqPnCoPT3K9%2Fvwbh3InWfIWEb0w5jMHHUoSnYGWXQM2I5qYwpw4gpWvLP%2BghuwqoCiQb
    [notify_time] => 2016-08-27 23:06:29
    [notify_type] => trade_status_sync
    [out_trade_no] => 147231036543855
    [payment_type] => 1
    [seller_email] => 867672678@qq.com
    [seller_id] => 2088021266234053
    [subject] => 《龙战于野》100元代金券
    [total_fee] => 40.00
    [trade_no] => 2016082721001004440275013430
    [trade_status] => TRADE_SUCCESS
    [sign] => c34268e741d0ebc4c37615d676c3d8fa
    [sign_type] => MD5
)

2016-08-27 23:09:39支付宝验证失败
Array
(
    [body] => 《龙战于野》100元代金券
    [buyer_email] => 283266479@qq.com
    [buyer_id] => 2088312127602442
    [exterface] => create_direct_pay_by_user
    [extra_common_param] => 871,100,shsy8780
    [is_success] => T
    [notify_id] => RqPnCoPT3K9/vwbh3InWfIWEb0w5jMHHUoSnYGWXQM2I5qYwpw4gpWvLP+ghuwqoCiQb
    [notify_time] => 2016-08-27 23:06:29
    [notify_type] => trade_status_sync
    [out_trade_no] => 147231036543855
    [payment_type] => 1
    [seller_email] => 867672678@qq.com
    [seller_id] => 2088021266234053
    [subject] => 《龙战于野》100元代金券
    [total_fee] => 40.00
    [trade_no] => 2016082721001004440275013430
    [trade_status] => TRADE_SUCCESS
    [sign] => c34268e741d0ebc4c37615d676c3d8fa
    [sign_type] => MD5
)

