2016-10-08 01:15:07订单：付款成功，给了玩家相应的代金券
Array
(
    [discount] => 0.00
    [extra_common_param] => 500
    [payment_type] => 1
    [subject] => 《诛仙yw》500元代金券
    [trade_no] => 2016100721001004800220584754
    [buyer_email] => 174960848@qq.com
    [gmt_create] => 2016-10-07 00:50:22
    [notify_type] => trade_status_sync
    [quantity] => 1
    [out_trade_no] => 147577261431343
    [seller_id] => 2088021266234053
    [notify_time] => 2016-10-08 01:15:05
    [body] => 《诛仙yw》500元代金券
    [trade_status] => TRADE_SUCCESS
    [is_total_fee_adjust] => N
    [total_fee] => 240.00
    [gmt_payment] => 2016-10-07 00:50:27
    [seller_email] => 867672678@qq.com
    [price] => 240.00
    [buyer_id] => 2088702663816803
    [notify_id] => 2662ee45b80e5d60d6423aa953c7f19m6a
    [use_coupon] => N
    [sign_type] => MD5
    [sign] => 4b2959c6de3db963e198b82a1f8aba46
)

2016-10-08 01:30:36订单：付款成功，给了玩家相应的代金券
Array
(
    [discount] => 0.00
    [extra_common_param] => 1296
    [payment_type] => 1
    [subject] => 《诛仙yw》1296元代金券
    [trade_no] => 2016100721001004800221228714
    [buyer_email] => 174960848@qq.com
    [gmt_create] => 2016-10-07 16:05:11
    [notify_type] => trade_status_sync
    [quantity] => 1
    [out_trade_no] => 147582750279294
    [seller_id] => 2088021266234053
    [notify_time] => 2016-10-08 01:30:36
    [body] => 《诛仙yw》1296元代金券
    [trade_status] => TRADE_SUCCESS
    [is_total_fee_adjust] => N
    [total_fee] => 622.10
    [gmt_payment] => 2016-10-07 16:05:22
    [seller_email] => 867672678@qq.com
    [price] => 622.10
    [buyer_id] => 2088702663816803
    [notify_id] => 61c56f3ec048c39eb84c2874ec0c18cm6a
    [use_coupon] => N
    [sign_type] => MD5
    [sign] => 061f51722455f7cfa9df9b4f3a186f62
)

2016-10-08 01:46:08订单：付款成功，给了玩家相应的代金券
Array
(
    [discount] => 0.00
    [extra_common_param] => 400
    [payment_type] => 1
    [subject] => 《诛仙yw》400元代金券
    [trade_no] => 2016100721001004800220451874
    [buyer_email] => 174960848@qq.com
    [gmt_create] => 2016-10-07 16:22:52
    [notify_type] => trade_status_sync
    [quantity] => 1
    [out_trade_no] => 147582856947437
    [seller_id] => 2088021266234053
    [notify_time] => 2016-10-08 01:46:08
    [body] => 《诛仙yw》400元代金券
    [trade_status] => TRADE_SUCCESS
    [is_total_fee_adjust] => N
    [total_fee] => 192.00
    [gmt_payment] => 2016-10-07 16:22:56
    [seller_email] => 867672678@qq.com
    [price] => 192.00
    [buyer_id] => 2088702663816803
    [notify_id] => 1de61696da311bc24419c2635154d32m6a
    [use_coupon] => N
    [sign_type] => MD5
    [sign] => c5e4b4e9f8818e05f01d7f02ca1e05ed
)

2016-10-08 05:16:16订单：付款成功，给了玩家相应的代金券
Array
(
    [discount] => 0.00
    [extra_common_param] => 1000
    [payment_type] => 1
    [subject] => 《御剑情缘》1000元代金券
    [trade_no] => 2016100721001004910223621560
    [buyer_email] => 13922211245
    [gmt_create] => 2016-10-07 19:52:12
    [notify_type] => trade_status_sync
    [quantity] => 1
    [out_trade_no] => 147584112153286
    [seller_id] => 2088021266234053
    [notify_time] => 2016-10-08 05:16:15
    [body] => 《御剑情缘》1000元代金券
    [trade_status] => TRADE_SUCCESS
    [is_total_fee_adjust] => N
    [total_fee] => 500.00
    [gmt_payment] => 2016-10-07 19:52:19
    [seller_email] => 867672678@qq.com
    [price] => 500.00
    [buyer_id] => 2088312643761911
    [notify_id] => f51b5a7aabd9e04ffee513f71a2399dn0u
    [use_coupon] => N
    [sign_type] => MD5
    [sign] => 7bb59ff73d606cc1c6b8a289c7ed0888
)

2016-10-08 09:40:42订单：付款成功，给了玩家相应的代金券
Array
(
    [discount] => 0.00
    [extra_common_param] => 3000
    [payment_type] => 1
    [subject] => 《诛仙yw》3000元代金券
    [trade_no] => 2016100821001004800221161047
    [buyer_email] => 174960848@qq.com
    [gmt_create] => 2016-10-08 09:40:37
    [notify_type] => trade_status_sync
    [quantity] => 1
    [out_trade_no] => 147589083460074
    [seller_id] => 2088021266234053
    [notify_time] => 2016-10-08 09:40:42
    [body] => 《诛仙yw》3000元代金券
    [trade_status] => TRADE_SUCCESS
    [is_total_fee_adjust] => N
    [total_fee] => 1440.00
    [gmt_payment] => 2016-10-08 09:40:42
    [seller_email] => 867672678@qq.com
    [price] => 1440.00
    [buyer_id] => 2088702663816803
    [notify_id] => 51fb2a854586eb03cd00d57ba54889em6a
    [use_coupon] => N
    [sign_type] => MD5
    [sign] => 1304e90e1be4b80bdae01754ff161b72
)

2016-10-08 09:40:56订单：付款成功，给了玩家相应的代金券
Array
(
    [body] => 《诛仙yw》3000元代金券
    [buyer_email] => 174960848@qq.com
    [buyer_id] => 2088702663816803
    [exterface] => create_direct_pay_by_user
    [extra_common_param] => 3000
    [is_success] => T
    [notify_id] => RqPnCoPT3K9%2Fvwbh3InWe2ZXlQx26O0aagC%2Bh6%2F5ajM28%2BmU8VHj42QieTVBnnUpDhQx
    [notify_time] => 2016-10-08 09:40:52
    [notify_type] => trade_status_sync
    [out_trade_no] => 147589083460074
    [payment_type] => 1
    [seller_email] => 867672678@qq.com
    [seller_id] => 2088021266234053
    [subject] => 《诛仙yw》3000元代金券
    [total_fee] => 1440.00
    [trade_no] => 2016100821001004800221161047
    [trade_status] => TRADE_SUCCESS
    [sign] => 69acb767345a3d19d716c5d593903e9c
    [sign_type] => MD5
)

2016-10-08 09:44:11订单：付款成功，给了玩家相应的代金券
Array
(
    [discount] => 0.00
    [extra_common_param] => 3000
    [payment_type] => 1
    [subject] => 《诛仙yw》3000元代金券
    [trade_no] => 2016100821001004800221161047
    [buyer_email] => 174960848@qq.com
    [gmt_create] => 2016-10-08 09:40:37
    [notify_type] => trade_status_sync
    [quantity] => 1
    [out_trade_no] => 147589083460074
    [seller_id] => 2088021266234053
    [notify_time] => 2016-10-08 09:44:10
    [body] => 《诛仙yw》3000元代金券
    [trade_status] => TRADE_SUCCESS
    [is_total_fee_adjust] => N
    [total_fee] => 1440.00
    [gmt_payment] => 2016-10-08 09:40:42
    [seller_email] => 867672678@qq.com
    [price] => 1440.00
    [buyer_id] => 2088702663816803
    [notify_id] => 51fb2a854586eb03cd00d57ba54889em6a
    [use_coupon] => N
    [sign_type] => MD5
    [sign] => 5bb8e23e011171a8772f37051b2f5e9c
)

2016-10-08 09:54:39订单：付款成功，给了玩家相应的代金券
Array
(
    [discount] => 0.00
    [extra_common_param] => 3000
    [payment_type] => 1
    [subject] => 《诛仙yw》3000元代金券
    [trade_no] => 2016100821001004800221161047
    [buyer_email] => 174960848@qq.com
    [gmt_create] => 2016-10-08 09:40:37
    [notify_type] => trade_status_sync
    [quantity] => 1
    [out_trade_no] => 147589083460074
    [seller_id] => 2088021266234053
    [notify_time] => 2016-10-08 09:54:39
    [body] => 《诛仙yw》3000元代金券
    [trade_status] => TRADE_SUCCESS
    [is_total_fee_adjust] => N
    [total_fee] => 1440.00
    [gmt_payment] => 2016-10-08 09:40:42
    [seller_email] => 867672678@qq.com
    [price] => 1440.00
    [buyer_id] => 2088702663816803
    [notify_id] => 51fb2a854586eb03cd00d57ba54889em6a
    [use_coupon] => N
    [sign_type] => MD5
    [sign] => ee732de670c2fe093febb898ef96c35f
)

2016-10-08 10:04:38订单：付款成功，给了玩家相应的代金券
Array
(
    [discount] => 0.00
    [extra_common_param] => 3000
    [payment_type] => 1
    [subject] => 《诛仙yw》3000元代金券
    [trade_no] => 2016100821001004800221161047
    [buyer_email] => 174960848@qq.com
    [gmt_create] => 2016-10-08 09:40:37
    [notify_type] => trade_status_sync
    [quantity] => 1
    [out_trade_no] => 147589083460074
    [seller_id] => 2088021266234053
    [notify_time] => 2016-10-08 10:04:38
    [body] => 《诛仙yw》3000元代金券
    [trade_status] => TRADE_SUCCESS
    [is_total_fee_adjust] => N
    [total_fee] => 1440.00
    [gmt_payment] => 2016-10-08 09:40:42
    [seller_email] => 867672678@qq.com
    [price] => 1440.00
    [buyer_id] => 2088702663816803
    [notify_id] => 51fb2a854586eb03cd00d57ba54889em6a
    [use_coupon] => N
    [sign_type] => MD5
    [sign] => 22caf8de106cec30e4ae9d74fc86f10a
)

2016-10-08 10:27:55订单：付款成功，给了玩家相应的代金券
Array
(
    [discount] => 0.00
    [extra_common_param] => 25
    [payment_type] => 1
    [subject] => 《龙战于野》25元代金券
    [trade_no] => 2016100821001004440279247230
    [buyer_email] => 283266479@qq.com
    [gmt_create] => 2016-10-08 10:27:46
    [notify_type] => trade_status_sync
    [quantity] => 1
    [out_trade_no] => 147589365549224
    [seller_id] => 2088021266234053
    [notify_time] => 2016-10-08 10:27:51
    [body] => 《龙战于野》25元代金券
    [trade_status] => TRADE_SUCCESS
    [is_total_fee_adjust] => N
    [total_fee] => 10.00
    [gmt_payment] => 2016-10-08 10:27:50
    [seller_email] => 867672678@qq.com
    [price] => 10.00
    [buyer_id] => 2088312127602442
    [notify_id] => 5fd3780d4da5bde7d45e898e623b33ajea
    [use_coupon] => N
    [sign_type] => MD5
    [sign] => c03742994bb4793e8031e2d0c16bb9a9
)

2016-10-08 10:28:01订单：付款成功，给了玩家相应的代金券
Array
(
    [body] => 《龙战于野》25元代金券
    [buyer_email] => 283266479@qq.com
    [buyer_id] => 2088312127602442
    [exterface] => create_direct_pay_by_user
    [extra_common_param] => 25
    [is_success] => T
    [notify_id] => RqPnCoPT3K9%2Fvwbh3InWe2ZXljkPqD8kA2QMpX4f60OhU1jl4BOSudcmt7VkDofnus5d
    [notify_time] => 2016-10-08 10:27:58
    [notify_type] => trade_status_sync
    [out_trade_no] => 147589365549224
    [payment_type] => 1
    [seller_email] => 867672678@qq.com
    [seller_id] => 2088021266234053
    [subject] => 《龙战于野》25元代金券
    [total_fee] => 10.00
    [trade_no] => 2016100821001004440279247230
    [trade_status] => TRADE_SUCCESS
    [sign] => f3e050af6640f82d2407a311d6210333
    [sign_type] => MD5
)

2016-10-08 10:31:16支付宝验证失败
Array
(
    [body] => 《龙战于野》25元代金券
    [buyer_email] => 283266479@qq.com
    [buyer_id] => 2088312127602442
    [exterface] => create_direct_pay_by_user
    [extra_common_param] => 25
    [is_success] => T
    [notify_id] => RqPnCoPT3K9/vwbh3InWe2ZXljkPqD8kA2QMpX4f60OhU1jl4BOSudcmt7VkDofnus5d
    [notify_time] => 2016-10-08 10:27:58
    [notify_type] => trade_status_sync
    [out_trade_no] => 147589365549224
    [payment_type] => 1
    [seller_email] => 867672678@qq.com
    [seller_id] => 2088021266234053
    [subject] => 《龙战于野》25元代金券
    [total_fee] => 10.00
    [trade_no] => 2016100821001004440279247230
    [trade_status] => TRADE_SUCCESS
    [sign] => f3e050af6640f82d2407a311d6210333
    [sign_type] => MD5
)

2016-10-08 10:31:25订单：付款成功，给了玩家相应的代金券
Array
(
    [discount] => 0.00
    [extra_common_param] => 25
    [payment_type] => 1
    [subject] => 《龙战于野》25元代金券
    [trade_no] => 2016100821001004440279247230
    [buyer_email] => 283266479@qq.com
    [gmt_create] => 2016-10-08 10:27:46
    [notify_type] => trade_status_sync
    [quantity] => 1
    [out_trade_no] => 147589365549224
    [seller_id] => 2088021266234053
    [notify_time] => 2016-10-08 10:31:25
    [body] => 《龙战于野》25元代金券
    [trade_status] => TRADE_SUCCESS
    [is_total_fee_adjust] => N
    [total_fee] => 10.00
    [gmt_payment] => 2016-10-08 10:27:50
    [seller_email] => 867672678@qq.com
    [price] => 10.00
    [buyer_id] => 2088312127602442
    [notify_id] => 5fd3780d4da5bde7d45e898e623b33ajea
    [use_coupon] => N
    [sign_type] => MD5
    [sign] => d589a33d995bf9f20b026c5eafcc4079
)

2016-10-08 10:42:13订单：付款成功，给了玩家相应的代金券
Array
(
    [discount] => 0.00
    [extra_common_param] => 1206
    [payment_type] => 1
    [subject] => 《诛仙yw》1206元代金券
    [trade_no] => 2016100721001004800220909259
    [buyer_email] => 174960848@qq.com
    [gmt_create] => 2016-10-07 10:18:30
    [notify_type] => trade_status_sync
    [quantity] => 1
    [out_trade_no] => 147580669776895
    [seller_id] => 2088021266234053
    [notify_time] => 2016-10-08 10:42:13
    [body] => 《诛仙yw》1206元代金券
    [trade_status] => TRADE_SUCCESS
    [is_total_fee_adjust] => N
    [total_fee] => 578.90
    [gmt_payment] => 2016-10-07 10:18:34
    [seller_email] => 867672678@qq.com
    [price] => 578.90
    [buyer_id] => 2088702663816803
    [notify_id] => cd3ac482ae9b0f788b8dcf04089c2f7m6a
    [use_coupon] => N
    [sign_type] => MD5
    [sign] => 78551db45dcb24aee6500e27ba9348b0
)

2016-10-08 10:42:48订单：付款成功，给了玩家相应的代金券
Array
(
    [discount] => 0.00
    [extra_common_param] => 25
    [payment_type] => 1
    [subject] => 《龙战于野》25元代金券
    [trade_no] => 2016100821001004440279247230
    [buyer_email] => 283266479@qq.com
    [gmt_create] => 2016-10-08 10:27:46
    [notify_type] => trade_status_sync
    [quantity] => 1
    [out_trade_no] => 147589365549224
    [seller_id] => 2088021266234053
    [notify_time] => 2016-10-08 10:42:48
    [body] => 《龙战于野》25元代金券
    [trade_status] => TRADE_SUCCESS
    [is_total_fee_adjust] => N
    [total_fee] => 10.00
    [gmt_payment] => 2016-10-08 10:27:50
    [seller_email] => 867672678@qq.com
    [price] => 10.00
    [buyer_id] => 2088312127602442
    [notify_id] => 5fd3780d4da5bde7d45e898e623b33ajea
    [use_coupon] => N
    [sign_type] => MD5
    [sign] => d17783d05c09758f2db1143828a2ddee
)

2016-10-08 10:51:22订单：付款成功，给了玩家相应的代金券
Array
(
    [discount] => 0.00
    [extra_common_param] => 25
    [payment_type] => 1
    [subject] => 《龙战于野》25元代金券
    [trade_no] => 2016100821001004440279247230
    [buyer_email] => 283266479@qq.com
    [gmt_create] => 2016-10-08 10:27:46
    [notify_type] => trade_status_sync
    [quantity] => 1
    [out_trade_no] => 147589365549224
    [seller_id] => 2088021266234053
    [notify_time] => 2016-10-08 10:51:22
    [body] => 《龙战于野》25元代金券
    [trade_status] => TRADE_SUCCESS
    [is_total_fee_adjust] => N
    [total_fee] => 10.00
    [gmt_payment] => 2016-10-08 10:27:50
    [seller_email] => 867672678@qq.com
    [price] => 10.00
    [buyer_id] => 2088312127602442
    [notify_id] => 5fd3780d4da5bde7d45e898e623b33ajea
    [use_coupon] => N
    [sign_type] => MD5
    [sign] => 3e2ea9881466cbc8ac43181ecdb1d785
)

2016-10-08 11:04:07订单：付款成功，给了玩家相应的代金券
Array
(
    [discount] => 0.00
    [extra_common_param] => 3000
    [payment_type] => 1
    [subject] => 《诛仙yw》3000元代金券
    [trade_no] => 2016100821001004800221161047
    [buyer_email] => 174960848@qq.com
    [gmt_create] => 2016-10-08 09:40:37
    [notify_type] => trade_status_sync
    [quantity] => 1
    [out_trade_no] => 147589083460074
    [seller_id] => 2088021266234053
    [notify_time] => 2016-10-08 11:04:04
    [body] => 《诛仙yw》3000元代金券
    [trade_status] => TRADE_SUCCESS
    [is_total_fee_adjust] => N
    [total_fee] => 1440.00
    [gmt_payment] => 2016-10-08 09:40:42
    [seller_email] => 867672678@qq.com
    [price] => 1440.00
    [buyer_id] => 2088702663816803
    [notify_id] => 51fb2a854586eb03cd00d57ba54889em6a
    [use_coupon] => N
    [sign_type] => MD5
    [sign] => 112664d2d01c8392d3227423b5918c89
)

2016-10-08 11:10:09订单：付款成功，给了玩家相应的代金券
Array
(
    [discount] => 0.00
    [extra_common_param] => 877
    [payment_type] => 1
    [subject] => 《诛仙yw》877元代金券
    [trade_no] => 2016100721001004800221133245
    [buyer_email] => 174960848@qq.com
    [gmt_create] => 2016-10-07 10:46:05
    [notify_type] => trade_status_sync
    [quantity] => 1
    [out_trade_no] => 147580836135295
    [seller_id] => 2088021266234053
    [notify_time] => 2016-10-08 11:10:09
    [body] => 《诛仙yw》877元代金券
    [trade_status] => TRADE_SUCCESS
    [is_total_fee_adjust] => N
    [total_fee] => 421.00
    [gmt_payment] => 2016-10-07 10:46:09
    [seller_email] => 867672678@qq.com
    [price] => 421.00
    [buyer_id] => 2088702663816803
    [notify_id] => fe07c04be10640966c8fbeef5f9b7bam6a
    [use_coupon] => N
    [sign_type] => MD5
    [sign] => 2cdc0b2f523a62a23b05b0f05ed1bf82
)

2016-10-08 11:18:11订单：付款成功，给了玩家相应的代金券
Array
(
    [discount] => 0.00
    [extra_common_param] => 1005
    [payment_type] => 1
    [subject] => 《龙战于野》1005元代金券
    [trade_no] => 2016100721001004440277486543
    [buyer_email] => 283266479@qq.com
    [gmt_create] => 2016-10-07 10:54:48
    [notify_type] => trade_status_sync
    [quantity] => 1
    [out_trade_no] => 147580887678777
    [seller_id] => 2088021266234053
    [notify_time] => 2016-10-08 11:18:11
    [body] => 《龙战于野》1005元代金券
    [trade_status] => TRADE_SUCCESS
    [is_total_fee_adjust] => N
    [total_fee] => 402.00
    [gmt_payment] => 2016-10-07 10:54:54
    [seller_email] => 867672678@qq.com
    [price] => 402.00
    [buyer_id] => 2088312127602442
    [notify_id] => e793769a8a2a03cf89649428ed22ba4jea
    [use_coupon] => N
    [sign_type] => MD5
    [sign] => 02ee2ba2a73ac38571eb75a1072a02b0
)

2016-10-08 11:19:06订单：付款成功，给了玩家相应的代金券
Array
(
    [discount] => 0.00
    [extra_common_param] => 66
    [payment_type] => 1
    [subject] => 《龙战于野》66元代金券
    [trade_no] => 2016100821001004100209459988
    [buyer_email] => zhengwanyi@hotmail.com
    [gmt_create] => 2016-10-08 11:19:03
    [notify_type] => trade_status_sync
    [quantity] => 1
    [out_trade_no] => 147589671940311
    [seller_id] => 2088021266234053
    [notify_time] => 2016-10-08 11:19:05
    [body] => 《龙战于野》66元代金券
    [trade_status] => TRADE_SUCCESS
    [is_total_fee_adjust] => N
    [total_fee] => 26.40
    [gmt_payment] => 2016-10-08 11:19:05
    [seller_email] => 867672678@qq.com
    [price] => 26.40
    [buyer_id] => 2088002293236104
    [notify_id] => ab179eb383b9813103e0ccdd8cac762gru
    [use_coupon] => N
    [sign_type] => MD5
    [sign] => 4bb04469adca754a45bc085271b19ddc
)

2016-10-08 11:19:17订单：付款成功，给了玩家相应的代金券
Array
(
    [body] => 《龙战于野》66元代金券
    [buyer_email] => zhengwanyi@hotmail.com
    [buyer_id] => 2088002293236104
    [exterface] => create_direct_pay_by_user
    [extra_common_param] => 66
    [is_success] => T
    [notify_id] => RqPnCoPT3K9%2Fvwbh3InWe2ZXky550eOCxmxQzxXkvye00DJqfdWdtRIxu3C5YD8RcXW3
    [notify_time] => 2016-10-08 11:19:13
    [notify_type] => trade_status_sync
    [out_trade_no] => 147589671940311
    [payment_type] => 1
    [seller_email] => 867672678@qq.com
    [seller_id] => 2088021266234053
    [subject] => 《龙战于野》66元代金券
    [total_fee] => 26.40
    [trade_no] => 2016100821001004100209459988
    [trade_status] => TRADE_SUCCESS
    [sign] => b835b99fc2cb9c555ad47f6fc5161843
    [sign_type] => MD5
)

2016-10-08 11:23:36订单：付款成功，给了玩家相应的代金券
Array
(
    [discount] => 0.00
    [extra_common_param] => 66
    [payment_type] => 1
    [subject] => 《龙战于野》66元代金券
    [trade_no] => 2016100821001004100209459988
    [buyer_email] => zhengwanyi@hotmail.com
    [gmt_create] => 2016-10-08 11:19:03
    [notify_type] => trade_status_sync
    [quantity] => 1
    [out_trade_no] => 147589671940311
    [seller_id] => 2088021266234053
    [notify_time] => 2016-10-08 11:23:36
    [body] => 《龙战于野》66元代金券
    [trade_status] => TRADE_SUCCESS
    [is_total_fee_adjust] => N
    [total_fee] => 26.40
    [gmt_payment] => 2016-10-08 11:19:05
    [seller_email] => 867672678@qq.com
    [price] => 26.40
    [buyer_id] => 2088002293236104
    [notify_id] => ab179eb383b9813103e0ccdd8cac762gru
    [use_coupon] => N
    [sign_type] => MD5
    [sign] => 4700a1250c7841307c8b4e020512579c
)

2016-10-08 11:33:20订单：付款成功，给了玩家相应的代金券
Array
(
    [discount] => 0.00
    [extra_common_param] => 66
    [payment_type] => 1
    [subject] => 《龙战于野》66元代金券
    [trade_no] => 2016100821001004100209459988
    [buyer_email] => zhengwanyi@hotmail.com
    [gmt_create] => 2016-10-08 11:19:03
    [notify_type] => trade_status_sync
    [quantity] => 1
    [out_trade_no] => 147589671940311
    [seller_id] => 2088021266234053
    [notify_time] => 2016-10-08 11:33:20
    [body] => 《龙战于野》66元代金券
    [trade_status] => TRADE_SUCCESS
    [is_total_fee_adjust] => N
    [total_fee] => 26.40
    [gmt_payment] => 2016-10-08 11:19:05
    [seller_email] => 867672678@qq.com
    [price] => 26.40
    [buyer_id] => 2088002293236104
    [notify_id] => ab179eb383b9813103e0ccdd8cac762gru
    [use_coupon] => N
    [sign_type] => MD5
    [sign] => c85ad96a271076cf8f7dcb09e1363970
)

2016-10-08 11:43:47订单：付款成功，给了玩家相应的代金券
Array
(
    [discount] => 0.00
    [extra_common_param] => 66
    [payment_type] => 1
    [subject] => 《龙战于野》66元代金券
    [trade_no] => 2016100821001004100209459988
    [buyer_email] => zhengwanyi@hotmail.com
    [gmt_create] => 2016-10-08 11:19:03
    [notify_type] => trade_status_sync
    [quantity] => 1
    [out_trade_no] => 147589671940311
    [seller_id] => 2088021266234053
    [notify_time] => 2016-10-08 11:43:47
    [body] => 《龙战于野》66元代金券
    [trade_status] => TRADE_SUCCESS
    [is_total_fee_adjust] => N
    [total_fee] => 26.40
    [gmt_payment] => 2016-10-08 11:19:05
    [seller_email] => 867672678@qq.com
    [price] => 26.40
    [buyer_id] => 2088002293236104
    [notify_id] => ab179eb383b9813103e0ccdd8cac762gru
    [use_coupon] => N
    [sign_type] => MD5
    [sign] => 7c9249271e5e25f618a35425d5054d0b
)

2016-10-08 11:51:09订单：付款成功，给了玩家相应的代金券
Array
(
    [discount] => 0.00
    [extra_common_param] => 25
    [payment_type] => 1
    [subject] => 《龙战于野》25元代金券
    [trade_no] => 2016100821001004440279247230
    [buyer_email] => 283266479@qq.com
    [gmt_create] => 2016-10-08 10:27:46
    [notify_type] => trade_status_sync
    [quantity] => 1
    [out_trade_no] => 147589365549224
    [seller_id] => 2088021266234053
    [notify_time] => 2016-10-08 11:51:09
    [body] => 《龙战于野》25元代金券
    [trade_status] => TRADE_SUCCESS
    [is_total_fee_adjust] => N
    [total_fee] => 10.00
    [gmt_payment] => 2016-10-08 10:27:50
    [seller_email] => 867672678@qq.com
    [price] => 10.00
    [buyer_id] => 2088312127602442
    [notify_id] => 5fd3780d4da5bde7d45e898e623b33ajea
    [use_coupon] => N
    [sign_type] => MD5
    [sign] => ad1ab9d5ec85c13f825a863897cf8944
)

2016-10-08 12:36:08订单：付款成功，给了玩家相应的代金券
Array
(
    [discount] => 0.00
    [extra_common_param] => 2000
    [payment_type] => 1
    [subject] => 《诛仙yw》2000元代金券
    [trade_no] => 2016100821001004800221166948
    [buyer_email] => 174960848@qq.com
    [gmt_create] => 2016-10-08 12:36:03
    [notify_type] => trade_status_sync
    [quantity] => 1
    [out_trade_no] => 147590135467056
    [seller_id] => 2088021266234053
    [notify_time] => 2016-10-08 12:36:08
    [body] => 《诛仙yw》2000元代金券
    [trade_status] => TRADE_SUCCESS
    [is_total_fee_adjust] => N
    [total_fee] => 960.00
    [gmt_payment] => 2016-10-08 12:36:08
    [seller_email] => 867672678@qq.com
    [price] => 960.00
    [buyer_id] => 2088702663816803
    [notify_id] => 2affb103b27416f31ec970e4a5d1abam6a
    [use_coupon] => N
    [sign_type] => MD5
    [sign] => 328036b2197555c9df70c80dd9310268
)

2016-10-08 12:36:19订单：付款成功，给了玩家相应的代金券
Array
(
    [body] => 《诛仙yw》2000元代金券
    [buyer_email] => 174960848@qq.com
    [buyer_id] => 2088702663816803
    [exterface] => create_direct_pay_by_user
    [extra_common_param] => 2000
    [is_success] => T
    [notify_id] => RqPnCoPT3K9%2Fvwbh3InWe2eLeNGm%2BiKkF4KYDBPUp5fcglbf4m60L8W4aZzJYKqiMq5m
    [notify_time] => 2016-10-08 12:36:15
    [notify_type] => trade_status_sync
    [out_trade_no] => 147590135467056
    [payment_type] => 1
    [seller_email] => 867672678@qq.com
    [seller_id] => 2088021266234053
    [subject] => 《诛仙yw》2000元代金券
    [total_fee] => 960.00
    [trade_no] => 2016100821001004800221166948
    [trade_status] => TRADE_SUCCESS
    [sign] => 6767d05c845f81e277623310ba319593
    [sign_type] => MD5
)

2016-10-08 12:40:37订单：付款成功，给了玩家相应的代金券
Array
(
    [discount] => 0.00
    [extra_common_param] => 2000
    [payment_type] => 1
    [subject] => 《诛仙yw》2000元代金券
    [trade_no] => 2016100821001004800221166948
    [buyer_email] => 174960848@qq.com
    [gmt_create] => 2016-10-08 12:36:03
    [notify_type] => trade_status_sync
    [quantity] => 1
    [out_trade_no] => 147590135467056
    [seller_id] => 2088021266234053
    [notify_time] => 2016-10-08 12:40:36
    [body] => 《诛仙yw》2000元代金券
    [trade_status] => TRADE_SUCCESS
    [is_total_fee_adjust] => N
    [total_fee] => 960.00
    [gmt_payment] => 2016-10-08 12:36:08
    [seller_email] => 867672678@qq.com
    [price] => 960.00
    [buyer_id] => 2088702663816803
    [notify_id] => 2affb103b27416f31ec970e4a5d1abam6a
    [use_coupon] => N
    [sign_type] => MD5
    [sign] => 6c34ef235a46cdd55785f8f704dd19c2
)

2016-10-08 12:43:24订单：付款成功，给了玩家相应的代金券
Array
(
    [discount] => 0.00
    [extra_common_param] => 66
    [payment_type] => 1
    [subject] => 《龙战于野》66元代金券
    [trade_no] => 2016100821001004100209459988
    [buyer_email] => zhengwanyi@hotmail.com
    [gmt_create] => 2016-10-08 11:19:03
    [notify_type] => trade_status_sync
    [quantity] => 1
    [out_trade_no] => 147589671940311
    [seller_id] => 2088021266234053
    [notify_time] => 2016-10-08 12:43:24
    [body] => 《龙战于野》66元代金券
    [trade_status] => TRADE_SUCCESS
    [is_total_fee_adjust] => N
    [total_fee] => 26.40
    [gmt_payment] => 2016-10-08 11:19:05
    [seller_email] => 867672678@qq.com
    [price] => 26.40
    [buyer_id] => 2088002293236104
    [notify_id] => ab179eb383b9813103e0ccdd8cac762gru
    [use_coupon] => N
    [sign_type] => MD5
    [sign] => 5df69d3797e1980fefd13bd6155dc92d
)

2016-10-08 12:51:20订单：付款成功，给了玩家相应的代金券
Array
(
    [discount] => 0.00
    [extra_common_param] => 2000
    [payment_type] => 1
    [subject] => 《诛仙yw》2000元代金券
    [trade_no] => 2016100821001004800221166948
    [buyer_email] => 174960848@qq.com
    [gmt_create] => 2016-10-08 12:36:03
    [notify_type] => trade_status_sync
    [quantity] => 1
    [out_trade_no] => 147590135467056
    [seller_id] => 2088021266234053
    [notify_time] => 2016-10-08 12:51:19
    [body] => 《诛仙yw》2000元代金券
    [trade_status] => TRADE_SUCCESS
    [is_total_fee_adjust] => N
    [total_fee] => 960.00
    [gmt_payment] => 2016-10-08 12:36:08
    [seller_email] => 867672678@qq.com
    [price] => 960.00
    [buyer_id] => 2088702663816803
    [notify_id] => 2affb103b27416f31ec970e4a5d1abam6a
    [use_coupon] => N
    [sign_type] => MD5
    [sign] => ab1f6ab76e970ad8507b34798956f538
)

2016-10-08 13:00:03订单：付款成功，给了玩家相应的代金券
Array
(
    [discount] => 0.00
    [extra_common_param] => 2000
    [payment_type] => 1
    [subject] => 《诛仙yw》2000元代金券
    [trade_no] => 2016100821001004800221166948
    [buyer_email] => 174960848@qq.com
    [gmt_create] => 2016-10-08 12:36:03
    [notify_type] => trade_status_sync
    [quantity] => 1
    [out_trade_no] => 147590135467056
    [seller_id] => 2088021266234053
    [notify_time] => 2016-10-08 13:00:03
    [body] => 《诛仙yw》2000元代金券
    [trade_status] => TRADE_SUCCESS
    [is_total_fee_adjust] => N
    [total_fee] => 960.00
    [gmt_payment] => 2016-10-08 12:36:08
    [seller_email] => 867672678@qq.com
    [price] => 960.00
    [buyer_id] => 2088702663816803
    [notify_id] => 2affb103b27416f31ec970e4a5d1abam6a
    [use_coupon] => N
    [sign_type] => MD5
    [sign] => fdeef8b1d4b2597775f02fc4de09e8d6
)

2016-10-08 13:04:43订单：付款成功，给了玩家相应的代金券
Array
(
    [discount] => 0.00
    [extra_common_param] => 3000
    [payment_type] => 1
    [subject] => 《诛仙yw》3000元代金券
    [trade_no] => 2016100821001004800221161047
    [buyer_email] => 174960848@qq.com
    [gmt_create] => 2016-10-08 09:40:37
    [notify_type] => trade_status_sync
    [quantity] => 1
    [out_trade_no] => 147589083460074
    [seller_id] => 2088021266234053
    [notify_time] => 2016-10-08 13:04:39
    [body] => 《诛仙yw》3000元代金券
    [trade_status] => TRADE_SUCCESS
    [is_total_fee_adjust] => N
    [total_fee] => 1440.00
    [gmt_payment] => 2016-10-08 09:40:42
    [seller_email] => 867672678@qq.com
    [price] => 1440.00
    [buyer_id] => 2088702663816803
    [notify_id] => 51fb2a854586eb03cd00d57ba54889em6a
    [use_coupon] => N
    [sign_type] => MD5
    [sign] => b53d9b15ec2b3973c403d371f7e12716
)

2016-10-08 13:51:24订单：付款成功，给了玩家相应的代金券
Array
(
    [discount] => 0.00
    [extra_common_param] => 25
    [payment_type] => 1
    [subject] => 《龙战于野》25元代金券
    [trade_no] => 2016100821001004440279247230
    [buyer_email] => 283266479@qq.com
    [gmt_create] => 2016-10-08 10:27:46
    [notify_type] => trade_status_sync
    [quantity] => 1
    [out_trade_no] => 147589365549224
    [seller_id] => 2088021266234053
    [notify_time] => 2016-10-08 13:51:24
    [body] => 《龙战于野》25元代金券
    [trade_status] => TRADE_SUCCESS
    [is_total_fee_adjust] => N
    [total_fee] => 10.00
    [gmt_payment] => 2016-10-08 10:27:50
    [seller_email] => 867672678@qq.com
    [price] => 10.00
    [buyer_id] => 2088312127602442
    [notify_id] => 5fd3780d4da5bde7d45e898e623b33ajea
    [use_coupon] => N
    [sign_type] => MD5
    [sign] => 9270ec80dbb00641d85454dba0774304
)

2016-10-08 14:00:13订单：付款成功，给了玩家相应的代金券
Array
(
    [discount] => 0.00
    [extra_common_param] => 2000
    [payment_type] => 1
    [subject] => 《诛仙yw》2000元代金券
    [trade_no] => 2016100821001004800221166948
    [buyer_email] => 174960848@qq.com
    [gmt_create] => 2016-10-08 12:36:03
    [notify_type] => trade_status_sync
    [quantity] => 1
    [out_trade_no] => 147590135467056
    [seller_id] => 2088021266234053
    [notify_time] => 2016-10-08 14:00:13
    [body] => 《诛仙yw》2000元代金券
    [trade_status] => TRADE_SUCCESS
    [is_total_fee_adjust] => N
    [total_fee] => 960.00
    [gmt_payment] => 2016-10-08 12:36:08
    [seller_email] => 867672678@qq.com
    [price] => 960.00
    [buyer_id] => 2088702663816803
    [notify_id] => 2affb103b27416f31ec970e4a5d1abam6a
    [use_coupon] => N
    [sign_type] => MD5
    [sign] => 733bf15ec641de4b9b5ceb655360ff24
)

2016-10-08 14:31:57订单：付款成功，给了玩家相应的代金券
Array
(
    [discount] => 0.00
    [extra_common_param] => 31
    [payment_type] => 1
    [subject] => 《诛仙yw》31元代金券
    [trade_no] => 2016100821001004800221170098
    [buyer_email] => 174960848@qq.com
    [gmt_create] => 2016-10-08 14:31:51
    [notify_type] => trade_status_sync
    [quantity] => 1
    [out_trade_no] => 147590830561970
    [seller_id] => 2088021266234053
    [notify_time] => 2016-10-08 14:31:57
    [body] => 《诛仙yw》31元代金券
    [trade_status] => TRADE_SUCCESS
    [is_total_fee_adjust] => N
    [total_fee] => 14.90
    [gmt_payment] => 2016-10-08 14:31:56
    [seller_email] => 867672678@qq.com
    [price] => 14.90
    [buyer_id] => 2088702663816803
    [notify_id] => 008e7111e1d9ec894350a9d974fb64bm6a
    [use_coupon] => N
    [sign_type] => MD5
    [sign] => 09ea027a06c0b553a006fda1259ecc8c
)

2016-10-08 14:32:10订单：付款成功，给了玩家相应的代金券
Array
(
    [body] => 《诛仙yw》31元代金券
    [buyer_email] => 174960848@qq.com
    [buyer_id] => 2088702663816803
    [exterface] => create_direct_pay_by_user
    [extra_common_param] => 31
    [is_success] => T
    [notify_id] => RqPnCoPT3K9%2Fvwbh3InWe2eLcYP%2BO35AG0orOigxwKRjs75PXIs6jM2nlAImUJA7TJ6P
    [notify_time] => 2016-10-08 14:32:06
    [notify_type] => trade_status_sync
    [out_trade_no] => 147590830561970
    [payment_type] => 1
    [seller_email] => 867672678@qq.com
    [seller_id] => 2088021266234053
    [subject] => 《诛仙yw》31元代金券
    [total_fee] => 14.90
    [trade_no] => 2016100821001004800221170098
    [trade_status] => TRADE_SUCCESS
    [sign] => a5adef72504544db8ac783fd89ca72c4
    [sign_type] => MD5
)

2016-10-08 14:35:10订单：付款成功，给了玩家相应的代金券
Array
(
    [discount] => 0.00
    [extra_common_param] => 31
    [payment_type] => 1
    [subject] => 《诛仙yw》31元代金券
    [trade_no] => 2016100821001004800221170098
    [buyer_email] => 174960848@qq.com
    [gmt_create] => 2016-10-08 14:31:51
    [notify_type] => trade_status_sync
    [quantity] => 1
    [out_trade_no] => 147590830561970
    [seller_id] => 2088021266234053
    [notify_time] => 2016-10-08 14:35:09
    [body] => 《诛仙yw》31元代金券
    [trade_status] => TRADE_SUCCESS
    [is_total_fee_adjust] => N
    [total_fee] => 14.90
    [gmt_payment] => 2016-10-08 14:31:56
    [seller_email] => 867672678@qq.com
    [price] => 14.90
    [buyer_id] => 2088702663816803
    [notify_id] => 008e7111e1d9ec894350a9d974fb64bm6a
    [use_coupon] => N
    [sign_type] => MD5
    [sign] => c0b30b2aa3a6101f03be90260636a76a
)

2016-10-08 14:43:44订单：付款成功，给了玩家相应的代金券
Array
(
    [discount] => 0.00
    [extra_common_param] => 66
    [payment_type] => 1
    [subject] => 《龙战于野》66元代金券
    [trade_no] => 2016100821001004100209459988
    [buyer_email] => zhengwanyi@hotmail.com
    [gmt_create] => 2016-10-08 11:19:03
    [notify_type] => trade_status_sync
    [quantity] => 1
    [out_trade_no] => 147589671940311
    [seller_id] => 2088021266234053
    [notify_time] => 2016-10-08 14:43:43
    [body] => 《龙战于野》66元代金券
    [trade_status] => TRADE_SUCCESS
    [is_total_fee_adjust] => N
    [total_fee] => 26.40
    [gmt_payment] => 2016-10-08 11:19:05
    [seller_email] => 867672678@qq.com
    [price] => 26.40
    [buyer_id] => 2088002293236104
    [notify_id] => ab179eb383b9813103e0ccdd8cac762gru
    [use_coupon] => N
    [sign_type] => MD5
    [sign] => d60a3ab248492ec2f7c1e60917cfc0f0
)

2016-10-08 14:45:37订单：付款成功，给了玩家相应的代金券
Array
(
    [discount] => 0.00
    [extra_common_param] => 31
    [payment_type] => 1
    [subject] => 《诛仙yw》31元代金券
    [trade_no] => 2016100821001004800221170098
    [buyer_email] => 174960848@qq.com
    [gmt_create] => 2016-10-08 14:31:51
    [notify_type] => trade_status_sync
    [quantity] => 1
    [out_trade_no] => 147590830561970
    [seller_id] => 2088021266234053
    [notify_time] => 2016-10-08 14:45:37
    [body] => 《诛仙yw》31元代金券
    [trade_status] => TRADE_SUCCESS
    [is_total_fee_adjust] => N
    [total_fee] => 14.90
    [gmt_payment] => 2016-10-08 14:31:56
    [seller_email] => 867672678@qq.com
    [price] => 14.90
    [buyer_id] => 2088702663816803
    [notify_id] => 008e7111e1d9ec894350a9d974fb64bm6a
    [use_coupon] => N
    [sign_type] => MD5
    [sign] => 89f5f400da29cf8e04442734b8016b89
)

2016-10-08 14:55:13订单：付款成功，给了玩家相应的代金券
Array
(
    [discount] => 0.00
    [extra_common_param] => 31
    [payment_type] => 1
    [subject] => 《诛仙yw》31元代金券
    [trade_no] => 2016100821001004800221170098
    [buyer_email] => 174960848@qq.com
    [gmt_create] => 2016-10-08 14:31:51
    [notify_type] => trade_status_sync
    [quantity] => 1
    [out_trade_no] => 147590830561970
    [seller_id] => 2088021266234053
    [notify_time] => 2016-10-08 14:55:13
    [body] => 《诛仙yw》31元代金券
    [trade_status] => TRADE_SUCCESS
    [is_total_fee_adjust] => N
    [total_fee] => 14.90
    [gmt_payment] => 2016-10-08 14:31:56
    [seller_email] => 867672678@qq.com
    [price] => 14.90
    [buyer_id] => 2088702663816803
    [notify_id] => 008e7111e1d9ec894350a9d974fb64bm6a
    [use_coupon] => N
    [sign_type] => MD5
    [sign] => 8c2e62664c5f2dc7d7dcfefec1ccbeb1
)

2016-10-08 15:55:38订单：付款成功，给了玩家相应的代金券
Array
(
    [discount] => 0.00
    [extra_common_param] => 31
    [payment_type] => 1
    [subject] => 《诛仙yw》31元代金券
    [trade_no] => 2016100821001004800221170098
    [buyer_email] => 174960848@qq.com
    [gmt_create] => 2016-10-08 14:31:51
    [notify_type] => trade_status_sync
    [quantity] => 1
    [out_trade_no] => 147590830561970
    [seller_id] => 2088021266234053
    [notify_time] => 2016-10-08 15:55:38
    [body] => 《诛仙yw》31元代金券
    [trade_status] => TRADE_SUCCESS
    [is_total_fee_adjust] => N
    [total_fee] => 14.90
    [gmt_payment] => 2016-10-08 14:31:56
    [seller_email] => 867672678@qq.com
    [price] => 14.90
    [buyer_id] => 2088702663816803
    [notify_id] => 008e7111e1d9ec894350a9d974fb64bm6a
    [use_coupon] => N
    [sign_type] => MD5
    [sign] => a74fbe27cdada95d5af9571ad06c85c7
)

2016-10-08 16:00:23订单：付款成功，给了玩家相应的代金券
Array
(
    [discount] => 0.00
    [extra_common_param] => 2000
    [payment_type] => 1
    [subject] => 《诛仙yw》2000元代金券
    [trade_no] => 2016100821001004800221166948
    [buyer_email] => 174960848@qq.com
    [gmt_create] => 2016-10-08 12:36:03
    [notify_type] => trade_status_sync
    [quantity] => 1
    [out_trade_no] => 147590135467056
    [seller_id] => 2088021266234053
    [notify_time] => 2016-10-08 16:00:23
    [body] => 《诛仙yw》2000元代金券
    [trade_status] => TRADE_SUCCESS
    [is_total_fee_adjust] => N
    [total_fee] => 960.00
    [gmt_payment] => 2016-10-08 12:36:08
    [seller_email] => 867672678@qq.com
    [price] => 960.00
    [buyer_id] => 2088702663816803
    [notify_id] => 2affb103b27416f31ec970e4a5d1abam6a
    [use_coupon] => N
    [sign_type] => MD5
    [sign] => ed508e7fc51fa93f5f8df3b83206c61d
)

2016-10-08 16:29:15订单：付款成功，给了玩家相应的代金券
Array
(
    [discount] => 0.00
    [extra_common_param] => 1296
    [payment_type] => 1
    [subject] => 《诛仙yw》1296元代金券
    [trade_no] => 2016100721001004800221228714
    [buyer_email] => 174960848@qq.com
    [gmt_create] => 2016-10-07 16:05:11
    [notify_type] => trade_status_sync
    [quantity] => 1
    [out_trade_no] => 147582750279294
    [seller_id] => 2088021266234053
    [notify_time] => 2016-10-08 16:29:14
    [body] => 《诛仙yw》1296元代金券
    [trade_status] => TRADE_SUCCESS
    [is_total_fee_adjust] => N
    [total_fee] => 622.10
    [gmt_payment] => 2016-10-07 16:05:22
    [seller_email] => 867672678@qq.com
    [price] => 622.10
    [buyer_id] => 2088702663816803
    [notify_id] => 61c56f3ec048c39eb84c2874ec0c18cm6a
    [use_coupon] => N
    [sign_type] => MD5
    [sign] => 8a694a6d4aee4a319aa4869c913396ad
)

2016-10-08 16:46:11订单：付款成功，给了玩家相应的代金券
Array
(
    [discount] => 0.00
    [extra_common_param] => 400
    [payment_type] => 1
    [subject] => 《诛仙yw》400元代金券
    [trade_no] => 2016100721001004800220451874
    [buyer_email] => 174960848@qq.com
    [gmt_create] => 2016-10-07 16:22:52
    [notify_type] => trade_status_sync
    [quantity] => 1
    [out_trade_no] => 147582856947437
    [seller_id] => 2088021266234053
    [notify_time] => 2016-10-08 16:46:09
    [body] => 《诛仙yw》400元代金券
    [trade_status] => TRADE_SUCCESS
    [is_total_fee_adjust] => N
    [total_fee] => 192.00
    [gmt_payment] => 2016-10-07 16:22:56
    [seller_email] => 867672678@qq.com
    [price] => 192.00
    [buyer_id] => 2088702663816803
    [notify_id] => 1de61696da311bc24419c2635154d32m6a
    [use_coupon] => N
    [sign_type] => MD5
    [sign] => 1635d581164080147c7c5f12775af34c
)

2016-10-08 17:20:35订单：付款成功，给了玩家相应的代金券
Array
(
    [discount] => 0.00
    [extra_common_param] => 2200
    [payment_type] => 1
    [subject] => 《诛仙yw》2200元代金券
    [trade_no] => 2016100821001004800220794936
    [buyer_email] => 174960848@qq.com
    [gmt_create] => 2016-10-08 17:20:30
    [notify_type] => trade_status_sync
    [quantity] => 1
    [out_trade_no] => 147591842699649
    [seller_id] => 2088021266234053
    [notify_time] => 2016-10-08 17:20:35
    [body] => 《诛仙yw》2200元代金券
    [trade_status] => TRADE_SUCCESS
    [is_total_fee_adjust] => N
    [total_fee] => 1056.00
    [gmt_payment] => 2016-10-08 17:20:35
    [seller_email] => 867672678@qq.com
    [price] => 1056.00
    [buyer_id] => 2088702663816803
    [notify_id] => e0a1c642ae17c94505fa8ee1e5e613fm6a
    [use_coupon] => N
    [sign_type] => MD5
    [sign] => 4ff4f101ddb985403b97a7ca94e12562
)

2016-10-08 17:20:46订单：付款成功，给了玩家相应的代金券
Array
(
    [body] => 《诛仙yw》2200元代金券
    [buyer_email] => 174960848@qq.com
    [buyer_id] => 2088702663816803
    [exterface] => create_direct_pay_by_user
    [extra_common_param] => 2200
    [is_success] => T
    [notify_id] => RqPnCoPT3K9%2Fvwbh3InWe2eKJyBKE3Nkl3X48Yxc1MkbYm87B5dDOrZAeExeLI6Ehdrb
    [notify_time] => 2016-10-08 17:20:42
    [notify_type] => trade_status_sync
    [out_trade_no] => 147591842699649
    [payment_type] => 1
    [seller_email] => 867672678@qq.com
    [seller_id] => 2088021266234053
    [subject] => 《诛仙yw》2200元代金券
    [total_fee] => 1056.00
    [trade_no] => 2016100821001004800220794936
    [trade_status] => TRADE_SUCCESS
    [sign] => e203362ae4ddc0e8e459911097b61698
    [sign_type] => MD5
)

2016-10-08 17:24:51订单：付款成功，给了玩家相应的代金券
Array
(
    [discount] => 0.00
    [extra_common_param] => 2200
    [payment_type] => 1
    [subject] => 《诛仙yw》2200元代金券
    [trade_no] => 2016100821001004800220794936
    [buyer_email] => 174960848@qq.com
    [gmt_create] => 2016-10-08 17:20:30
    [notify_type] => trade_status_sync
    [quantity] => 1
    [out_trade_no] => 147591842699649
    [seller_id] => 2088021266234053
    [notify_time] => 2016-10-08 17:24:51
    [body] => 《诛仙yw》2200元代金券
    [trade_status] => TRADE_SUCCESS
    [is_total_fee_adjust] => N
    [total_fee] => 1056.00
    [gmt_payment] => 2016-10-08 17:20:35
    [seller_email] => 867672678@qq.com
    [price] => 1056.00
    [buyer_id] => 2088702663816803
    [notify_id] => e0a1c642ae17c94505fa8ee1e5e613fm6a
    [use_coupon] => N
    [sign_type] => MD5
    [sign] => 07528a0971ee438fc35e6f6c845cb692
)

2016-10-08 17:34:25订单：付款成功，给了玩家相应的代金券
Array
(
    [discount] => 0.00
    [extra_common_param] => 2200
    [payment_type] => 1
    [subject] => 《诛仙yw》2200元代金券
    [trade_no] => 2016100821001004800220794936
    [buyer_email] => 174960848@qq.com
    [gmt_create] => 2016-10-08 17:20:30
    [notify_type] => trade_status_sync
    [quantity] => 1
    [out_trade_no] => 147591842699649
    [seller_id] => 2088021266234053
    [notify_time] => 2016-10-08 17:34:25
    [body] => 《诛仙yw》2200元代金券
    [trade_status] => TRADE_SUCCESS
    [is_total_fee_adjust] => N
    [total_fee] => 1056.00
    [gmt_payment] => 2016-10-08 17:20:35
    [seller_email] => 867672678@qq.com
    [price] => 1056.00
    [buyer_id] => 2088702663816803
    [notify_id] => e0a1c642ae17c94505fa8ee1e5e613fm6a
    [use_coupon] => N
    [sign_type] => MD5
    [sign] => 5d2b2ac757950c2f4369d8502c083703
)

2016-10-08 17:44:15订单：付款成功，给了玩家相应的代金券
Array
(
    [discount] => 0.00
    [extra_common_param] => 2200
    [payment_type] => 1
    [subject] => 《诛仙yw》2200元代金券
    [trade_no] => 2016100821001004800220794936
    [buyer_email] => 174960848@qq.com
    [gmt_create] => 2016-10-08 17:20:30
    [notify_type] => trade_status_sync
    [quantity] => 1
    [out_trade_no] => 147591842699649
    [seller_id] => 2088021266234053
    [notify_time] => 2016-10-08 17:44:15
    [body] => 《诛仙yw》2200元代金券
    [trade_status] => TRADE_SUCCESS
    [is_total_fee_adjust] => N
    [total_fee] => 1056.00
    [gmt_payment] => 2016-10-08 17:20:35
    [seller_email] => 867672678@qq.com
    [price] => 1056.00
    [buyer_id] => 2088702663816803
    [notify_id] => e0a1c642ae17c94505fa8ee1e5e613fm6a
    [use_coupon] => N
    [sign_type] => MD5
    [sign] => 1e6b8f64667ad446309256ce76da0ef4
)

2016-10-08 17:55:45订单：付款成功，给了玩家相应的代金券
Array
(
    [discount] => 0.00
    [extra_common_param] => 31
    [payment_type] => 1
    [subject] => 《诛仙yw》31元代金券
    [trade_no] => 2016100821001004800221170098
    [buyer_email] => 174960848@qq.com
    [gmt_create] => 2016-10-08 14:31:51
    [notify_type] => trade_status_sync
    [quantity] => 1
    [out_trade_no] => 147590830561970
    [seller_id] => 2088021266234053
    [notify_time] => 2016-10-08 17:55:45
    [body] => 《诛仙yw》31元代金券
    [trade_status] => TRADE_SUCCESS
    [is_total_fee_adjust] => N
    [total_fee] => 14.90
    [gmt_payment] => 2016-10-08 14:31:56
    [seller_email] => 867672678@qq.com
    [price] => 14.90
    [buyer_id] => 2088702663816803
    [notify_id] => 008e7111e1d9ec894350a9d974fb64bm6a
    [use_coupon] => N
    [sign_type] => MD5
    [sign] => 28fc2ecd0dcbca1a1630348cd014f2ed
)

2016-10-08 18:03:19订单：付款成功，给了玩家相应的代金券
Array
(
    [discount] => 0.00
    [extra_common_param] => 2000
    [payment_type] => 1
    [subject] => 《诛仙yw》2000元代金券
    [trade_no] => 2016100821001004800222191507
    [buyer_email] => 174960848@qq.com
    [gmt_create] => 2016-10-08 18:03:14
    [notify_type] => trade_status_sync
    [quantity] => 1
    [out_trade_no] => 147592099152105
    [seller_id] => 2088021266234053
    [notify_time] => 2016-10-08 18:03:19
    [body] => 《诛仙yw》2000元代金券
    [trade_status] => TRADE_SUCCESS
    [is_total_fee_adjust] => N
    [total_fee] => 960.00
    [gmt_payment] => 2016-10-08 18:03:19
    [seller_email] => 867672678@qq.com
    [price] => 960.00
    [buyer_id] => 2088702663816803
    [notify_id] => 826f4a64f78be363aecf2ea559195fdm6a
    [use_coupon] => N
    [sign_type] => MD5
    [sign] => e5733cec35e25981e72ba5ecfb38ba84
)

2016-10-08 18:03:31订单：付款成功，给了玩家相应的代金券
Array
(
    [body] => 《诛仙yw》2000元代金券
    [buyer_email] => 174960848@qq.com
    [buyer_id] => 2088702663816803
    [exterface] => create_direct_pay_by_user
    [extra_common_param] => 2000
    [is_success] => T
    [notify_id] => RqPnCoPT3K9%2Fvwbh3InWe2eJZb8wRKrjYVGGILhnKQCxWHc9LjkbH5A6R8lQm7RrDkFx
    [notify_time] => 2016-10-08 18:03:27
    [notify_type] => trade_status_sync
    [out_trade_no] => 147592099152105
    [payment_type] => 1
    [seller_email] => 867672678@qq.com
    [seller_id] => 2088021266234053
    [subject] => 《诛仙yw》2000元代金券
    [total_fee] => 960.00
    [trade_no] => 2016100821001004800222191507
    [trade_status] => TRADE_SUCCESS
    [sign] => 528063df600d04ac944fa1b99a910c87
    [sign_type] => MD5
)

2016-10-08 18:07:45订单：付款成功，给了玩家相应的代金券
Array
(
    [discount] => 0.00
    [extra_common_param] => 2000
    [payment_type] => 1
    [subject] => 《诛仙yw》2000元代金券
    [trade_no] => 2016100821001004800222191507
    [buyer_email] => 174960848@qq.com
    [gmt_create] => 2016-10-08 18:03:14
    [notify_type] => trade_status_sync
    [quantity] => 1
    [out_trade_no] => 147592099152105
    [seller_id] => 2088021266234053
    [notify_time] => 2016-10-08 18:07:44
    [body] => 《诛仙yw》2000元代金券
    [trade_status] => TRADE_SUCCESS
    [is_total_fee_adjust] => N
    [total_fee] => 960.00
    [gmt_payment] => 2016-10-08 18:03:19
    [seller_email] => 867672678@qq.com
    [price] => 960.00
    [buyer_id] => 2088702663816803
    [notify_id] => 826f4a64f78be363aecf2ea559195fdm6a
    [use_coupon] => N
    [sign_type] => MD5
    [sign] => 980390548cc7708c95fabee3bf6fef72
)

2016-10-08 18:12:23订单：付款成功，给了玩家相应的代金券
Array
(
    [discount] => 0.00
    [extra_common_param] => 2420
    [payment_type] => 1
    [subject] => 《诛仙yw》2420元代金券
    [trade_no] => 2016100821001004800221176326
    [buyer_email] => 174960848@qq.com
    [gmt_create] => 2016-10-08 18:12:18
    [notify_type] => trade_status_sync
    [quantity] => 1
    [out_trade_no] => 147592152180287
    [seller_id] => 2088021266234053
    [notify_time] => 2016-10-08 18:12:22
    [body] => 《诛仙yw》2420元代金券
    [trade_status] => TRADE_SUCCESS
    [is_total_fee_adjust] => N
    [total_fee] => 1161.60
    [gmt_payment] => 2016-10-08 18:12:22
    [seller_email] => 867672678@qq.com
    [price] => 1161.60
    [buyer_id] => 2088702663816803
    [notify_id] => 82797253738218e38f06291d7f72444m6a
    [use_coupon] => N
    [sign_type] => MD5
    [sign] => 41bec313c3f7a020748353cee964ea9f
)

2016-10-08 18:12:34订单：付款成功，给了玩家相应的代金券
Array
(
    [body] => 《诛仙yw》2420元代金券
    [buyer_email] => 174960848@qq.com
    [buyer_id] => 2088702663816803
    [exterface] => create_direct_pay_by_user
    [extra_common_param] => 2420
    [is_success] => T
    [notify_id] => RqPnCoPT3K9%2Fvwbh3InWe2eJZbp12vRARjCCzTiiqcKzo%2B524GHzykO9JcB51MKLg%2BUI
    [notify_time] => 2016-10-08 18:12:31
    [notify_type] => trade_status_sync
    [out_trade_no] => 147592152180287
    [payment_type] => 1
    [seller_email] => 867672678@qq.com
    [seller_id] => 2088021266234053
    [subject] => 《诛仙yw》2420元代金券
    [total_fee] => 1161.60
    [trade_no] => 2016100821001004800221176326
    [trade_status] => TRADE_SUCCESS
    [sign] => f5b18250054327e457cdb3d5c91aab4a
    [sign_type] => MD5
)

2016-10-08 18:16:10订单：付款成功，给了玩家相应的代金券
Array
(
    [discount] => 0.00
    [extra_common_param] => 2420
    [payment_type] => 1
    [subject] => 《诛仙yw》2420元代金券
    [trade_no] => 2016100821001004800221176326
    [buyer_email] => 174960848@qq.com
    [gmt_create] => 2016-10-08 18:12:18
    [notify_type] => trade_status_sync
    [quantity] => 1
    [out_trade_no] => 147592152180287
    [seller_id] => 2088021266234053
    [notify_time] => 2016-10-08 18:16:10
    [body] => 《诛仙yw》2420元代金券
    [trade_status] => TRADE_SUCCESS
    [is_total_fee_adjust] => N
    [total_fee] => 1161.60
    [gmt_payment] => 2016-10-08 18:12:22
    [seller_email] => 867672678@qq.com
    [price] => 1161.60
    [buyer_id] => 2088702663816803
    [notify_id] => 82797253738218e38f06291d7f72444m6a
    [use_coupon] => N
    [sign_type] => MD5
    [sign] => eece64faf4891f1fa2d1b037a4940796
)

2016-10-08 18:18:51订单：付款成功，给了玩家相应的代金券
Array
(
    [discount] => 0.00
    [extra_common_param] => 2000
    [payment_type] => 1
    [subject] => 《诛仙yw》2000元代金券
    [trade_no] => 2016100821001004800222191507
    [buyer_email] => 174960848@qq.com
    [gmt_create] => 2016-10-08 18:03:14
    [notify_type] => trade_status_sync
    [quantity] => 1
    [out_trade_no] => 147592099152105
    [seller_id] => 2088021266234053
    [notify_time] => 2016-10-08 18:18:51
    [body] => 《诛仙yw》2000元代金券
    [trade_status] => TRADE_SUCCESS
    [is_total_fee_adjust] => N
    [total_fee] => 960.00
    [gmt_payment] => 2016-10-08 18:03:19
    [seller_email] => 867672678@qq.com
    [price] => 960.00
    [buyer_id] => 2088702663816803
    [notify_id] => 826f4a64f78be363aecf2ea559195fdm6a
    [use_coupon] => N
    [sign_type] => MD5
    [sign] => 7c92d8193c2ebb89b0b37fd70d04c348
)

2016-10-08 18:27:09订单：付款成功，给了玩家相应的代金券
Array
(
    [discount] => 0.00
    [extra_common_param] => 2000
    [payment_type] => 1
    [subject] => 《诛仙yw》2000元代金券
    [trade_no] => 2016100821001004800222191507
    [buyer_email] => 174960848@qq.com
    [gmt_create] => 2016-10-08 18:03:14
    [notify_type] => trade_status_sync
    [quantity] => 1
    [out_trade_no] => 147592099152105
    [seller_id] => 2088021266234053
    [notify_time] => 2016-10-08 18:27:08
    [body] => 《诛仙yw》2000元代金券
    [trade_status] => TRADE_SUCCESS
    [is_total_fee_adjust] => N
    [total_fee] => 960.00
    [gmt_payment] => 2016-10-08 18:03:19
    [seller_email] => 867672678@qq.com
    [price] => 960.00
    [buyer_id] => 2088702663816803
    [notify_id] => 826f4a64f78be363aecf2ea559195fdm6a
    [use_coupon] => N
    [sign_type] => MD5
    [sign] => ceb515893d35602847bbb51f77064d4a
)

2016-10-08 18:27:13订单：付款成功，给了玩家相应的代金券
Array
(
    [discount] => 0.00
    [extra_common_param] => 2420
    [payment_type] => 1
    [subject] => 《诛仙yw》2420元代金券
    [trade_no] => 2016100821001004800221176326
    [buyer_email] => 174960848@qq.com
    [gmt_create] => 2016-10-08 18:12:18
    [notify_type] => trade_status_sync
    [quantity] => 1
    [out_trade_no] => 147592152180287
    [seller_id] => 2088021266234053
    [notify_time] => 2016-10-08 18:27:13
    [body] => 《诛仙yw》2420元代金券
    [trade_status] => TRADE_SUCCESS
    [is_total_fee_adjust] => N
    [total_fee] => 1161.60
    [gmt_payment] => 2016-10-08 18:12:22
    [seller_email] => 867672678@qq.com
    [price] => 1161.60
    [buyer_id] => 2088702663816803
    [notify_id] => 82797253738218e38f06291d7f72444m6a
    [use_coupon] => N
    [sign_type] => MD5
    [sign] => e559c92fa570a6653d23592e0590b3fd
)

2016-10-08 18:36:41订单：付款成功，给了玩家相应的代金券
Array
(
    [discount] => 0.00
    [extra_common_param] => 2420
    [payment_type] => 1
    [subject] => 《诛仙yw》2420元代金券
    [trade_no] => 2016100821001004800221176326
    [buyer_email] => 174960848@qq.com
    [gmt_create] => 2016-10-08 18:12:18
    [notify_type] => trade_status_sync
    [quantity] => 1
    [out_trade_no] => 147592152180287
    [seller_id] => 2088021266234053
    [notify_time] => 2016-10-08 18:36:40
    [body] => 《诛仙yw》2420元代金券
    [trade_status] => TRADE_SUCCESS
    [is_total_fee_adjust] => N
    [total_fee] => 1161.60
    [gmt_payment] => 2016-10-08 18:12:22
    [seller_email] => 867672678@qq.com
    [price] => 1161.60
    [buyer_id] => 2088702663816803
    [notify_id] => 82797253738218e38f06291d7f72444m6a
    [use_coupon] => N
    [sign_type] => MD5
    [sign] => c9d0321e23bd7b090bcd76009baebc36
)

2016-10-08 18:44:47订单：付款成功，给了玩家相应的代金券
Array
(
    [discount] => 0.00
    [extra_common_param] => 2200
    [payment_type] => 1
    [subject] => 《诛仙yw》2200元代金券
    [trade_no] => 2016100821001004800220794936
    [buyer_email] => 174960848@qq.com
    [gmt_create] => 2016-10-08 17:20:30
    [notify_type] => trade_status_sync
    [quantity] => 1
    [out_trade_no] => 147591842699649
    [seller_id] => 2088021266234053
    [notify_time] => 2016-10-08 18:44:47
    [body] => 《诛仙yw》2200元代金券
    [trade_status] => TRADE_SUCCESS
    [is_total_fee_adjust] => N
    [total_fee] => 1056.00
    [gmt_payment] => 2016-10-08 17:20:35
    [seller_email] => 867672678@qq.com
    [price] => 1056.00
    [buyer_id] => 2088702663816803
    [notify_id] => e0a1c642ae17c94505fa8ee1e5e613fm6a
    [use_coupon] => N
    [sign_type] => MD5
    [sign] => 0539e98f3db2a5f882baf2494579f7aa
)

2016-10-08 18:48:05订单：付款成功，给了玩家相应的代金券
Array
(
    [discount] => 0.00
    [extra_common_param] => 4000
    [payment_type] => 1
    [subject] => 《御剑情缘》4000元代金券
    [trade_no] => 2016100821001004910223940343
    [buyer_email] => 13922211245
    [gmt_create] => 2016-10-08 18:47:44
    [notify_type] => trade_status_sync
    [quantity] => 1
    [out_trade_no] => 147592362398149
    [seller_id] => 2088021266234053
    [notify_time] => 2016-10-08 18:48:05
    [body] => 《御剑情缘》4000元代金券
    [trade_status] => TRADE_SUCCESS
    [is_total_fee_adjust] => N
    [total_fee] => 2000.00
    [gmt_payment] => 2016-10-08 18:48:05
    [seller_email] => 867672678@qq.com
    [price] => 2000.00
    [buyer_id] => 2088312643761911
    [notify_id] => bc1630c3c7525acdf3f9f34a24b7053n0u
    [use_coupon] => N
    [sign_type] => MD5
    [sign] => f51fa580bf76473970e35713d20b1aab
)

2016-10-08 18:52:44订单：付款成功，给了玩家相应的代金券
Array
(
    [discount] => 0.00
    [extra_common_param] => 4000
    [payment_type] => 1
    [subject] => 《御剑情缘》4000元代金券
    [trade_no] => 2016100821001004910223940343
    [buyer_email] => 13922211245
    [gmt_create] => 2016-10-08 18:47:44
    [notify_type] => trade_status_sync
    [quantity] => 1
    [out_trade_no] => 147592362398149
    [seller_id] => 2088021266234053
    [notify_time] => 2016-10-08 18:52:44
    [body] => 《御剑情缘》4000元代金券
    [trade_status] => TRADE_SUCCESS
    [is_total_fee_adjust] => N
    [total_fee] => 2000.00
    [gmt_payment] => 2016-10-08 18:48:05
    [seller_email] => 867672678@qq.com
    [price] => 2000.00
    [buyer_id] => 2088312643761911
    [notify_id] => bc1630c3c7525acdf3f9f34a24b7053n0u
    [use_coupon] => N
    [sign_type] => MD5
    [sign] => 388189c1fc3519676824fe306da50026
)

2016-10-08 19:02:28订单：付款成功，给了玩家相应的代金券
Array
(
    [discount] => 0.00
    [extra_common_param] => 4000
    [payment_type] => 1
    [subject] => 《御剑情缘》4000元代金券
    [trade_no] => 2016100821001004910223940343
    [buyer_email] => 13922211245
    [gmt_create] => 2016-10-08 18:47:44
    [notify_type] => trade_status_sync
    [quantity] => 1
    [out_trade_no] => 147592362398149
    [seller_id] => 2088021266234053
    [notify_time] => 2016-10-08 19:02:28
    [body] => 《御剑情缘》4000元代金券
    [trade_status] => TRADE_SUCCESS
    [is_total_fee_adjust] => N
    [total_fee] => 2000.00
    [gmt_payment] => 2016-10-08 18:48:05
    [seller_email] => 867672678@qq.com
    [price] => 2000.00
    [buyer_id] => 2088312643761911
    [notify_id] => bc1630c3c7525acdf3f9f34a24b7053n0u
    [use_coupon] => N
    [sign_type] => MD5
    [sign] => 50605528c32a6468f8d1a4c9bdba1498
)

2016-10-08 19:04:15订单：付款成功，给了玩家相应的代金券
Array
(
    [discount] => 0.00
    [extra_common_param] => 3000
    [payment_type] => 1
    [subject] => 《诛仙yw》3000元代金券
    [trade_no] => 2016100821001004800221161047
    [buyer_email] => 174960848@qq.com
    [gmt_create] => 2016-10-08 09:40:37
    [notify_type] => trade_status_sync
    [quantity] => 1
    [out_trade_no] => 147589083460074
    [seller_id] => 2088021266234053
    [notify_time] => 2016-10-08 19:04:15
    [body] => 《诛仙yw》3000元代金券
    [trade_status] => TRADE_SUCCESS
    [is_total_fee_adjust] => N
    [total_fee] => 1440.00
    [gmt_payment] => 2016-10-08 09:40:42
    [seller_email] => 867672678@qq.com
    [price] => 1440.00
    [buyer_id] => 2088702663816803
    [notify_id] => 51fb2a854586eb03cd00d57ba54889em6a
    [use_coupon] => N
    [sign_type] => MD5
    [sign] => 958f271b265750db7c6a006218680af1
)

2016-10-08 19:13:05订单：付款成功，给了玩家相应的代金券
Array
(
    [discount] => 0.00
    [extra_common_param] => 4000
    [payment_type] => 1
    [subject] => 《御剑情缘》4000元代金券
    [trade_no] => 2016100821001004910223940343
    [buyer_email] => 13922211245
    [gmt_create] => 2016-10-08 18:47:44
    [notify_type] => trade_status_sync
    [quantity] => 1
    [out_trade_no] => 147592362398149
    [seller_id] => 2088021266234053
    [notify_time] => 2016-10-08 19:13:05
    [body] => 《御剑情缘》4000元代金券
    [trade_status] => TRADE_SUCCESS
    [is_total_fee_adjust] => N
    [total_fee] => 2000.00
    [gmt_payment] => 2016-10-08 18:48:05
    [seller_email] => 867672678@qq.com
    [price] => 2000.00
    [buyer_id] => 2088312643761911
    [notify_id] => bc1630c3c7525acdf3f9f34a24b7053n0u
    [use_coupon] => N
    [sign_type] => MD5
    [sign] => 69e4c44bfb59300602fbf50b07f1b09a
)

2016-10-08 19:27:05订单：付款成功，给了玩家相应的代金券
Array
(
    [discount] => 0.00
    [extra_common_param] => 2000
    [payment_type] => 1
    [subject] => 《诛仙yw》2000元代金券
    [trade_no] => 2016100821001004800222191507
    [buyer_email] => 174960848@qq.com
    [gmt_create] => 2016-10-08 18:03:14
    [notify_type] => trade_status_sync
    [quantity] => 1
    [out_trade_no] => 147592099152105
    [seller_id] => 2088021266234053
    [notify_time] => 2016-10-08 19:27:05
    [body] => 《诛仙yw》2000元代金券
    [trade_status] => TRADE_SUCCESS
    [is_total_fee_adjust] => N
    [total_fee] => 960.00
    [gmt_payment] => 2016-10-08 18:03:19
    [seller_email] => 867672678@qq.com
    [price] => 960.00
    [buyer_id] => 2088702663816803
    [notify_id] => 826f4a64f78be363aecf2ea559195fdm6a
    [use_coupon] => N
    [sign_type] => MD5
    [sign] => 1c3782110fe1699b034703b4afc0de00
)

2016-10-08 19:36:10订单：付款成功，给了玩家相应的代金券
Array
(
    [discount] => 0.00
    [extra_common_param] => 2420
    [payment_type] => 1
    [subject] => 《诛仙yw》2420元代金券
    [trade_no] => 2016100821001004800221176326
    [buyer_email] => 174960848@qq.com
    [gmt_create] => 2016-10-08 18:12:18
    [notify_type] => trade_status_sync
    [quantity] => 1
    [out_trade_no] => 147592152180287
    [seller_id] => 2088021266234053
    [notify_time] => 2016-10-08 19:36:10
    [body] => 《诛仙yw》2420元代金券
    [trade_status] => TRADE_SUCCESS
    [is_total_fee_adjust] => N
    [total_fee] => 1161.60
    [gmt_payment] => 2016-10-08 18:12:22
    [seller_email] => 867672678@qq.com
    [price] => 1161.60
    [buyer_id] => 2088702663816803
    [notify_id] => 82797253738218e38f06291d7f72444m6a
    [use_coupon] => N
    [sign_type] => MD5
    [sign] => 3bf7bb94eaa8a0a0bbe751a303d99e46
)

2016-10-08 19:51:29订单：付款成功，给了玩家相应的代金券
Array
(
    [discount] => 0.00
    [extra_common_param] => 25
    [payment_type] => 1
    [subject] => 《龙战于野》25元代金券
    [trade_no] => 2016100821001004440279247230
    [buyer_email] => 283266479@qq.com
    [gmt_create] => 2016-10-08 10:27:46
    [notify_type] => trade_status_sync
    [quantity] => 1
    [out_trade_no] => 147589365549224
    [seller_id] => 2088021266234053
    [notify_time] => 2016-10-08 19:51:28
    [body] => 《龙战于野》25元代金券
    [trade_status] => TRADE_SUCCESS
    [is_total_fee_adjust] => N
    [total_fee] => 10.00
    [gmt_payment] => 2016-10-08 10:27:50
    [seller_email] => 867672678@qq.com
    [price] => 10.00
    [buyer_id] => 2088312127602442
    [notify_id] => 5fd3780d4da5bde7d45e898e623b33ajea
    [use_coupon] => N
    [sign_type] => MD5
    [sign] => b5063ede88e356fdae5a4e83ad18bc6b
)

2016-10-08 20:13:19订单：付款成功，给了玩家相应的代金券
Array
(
    [discount] => 0.00
    [extra_common_param] => 4000
    [payment_type] => 1
    [subject] => 《御剑情缘》4000元代金券
    [trade_no] => 2016100821001004910223940343
    [buyer_email] => 13922211245
    [gmt_create] => 2016-10-08 18:47:44
    [notify_type] => trade_status_sync
    [quantity] => 1
    [out_trade_no] => 147592362398149
    [seller_id] => 2088021266234053
    [notify_time] => 2016-10-08 20:13:18
    [body] => 《御剑情缘》4000元代金券
    [trade_status] => TRADE_SUCCESS
    [is_total_fee_adjust] => N
    [total_fee] => 2000.00
    [gmt_payment] => 2016-10-08 18:48:05
    [seller_email] => 867672678@qq.com
    [price] => 2000.00
    [buyer_id] => 2088312643761911
    [notify_id] => bc1630c3c7525acdf3f9f34a24b7053n0u
    [use_coupon] => N
    [sign_type] => MD5
    [sign] => 99b86a31770289675d76ab1821a7269b
)

2016-10-08 20:16:01订单：付款成功，给了玩家相应的代金券
Array
(
    [discount] => 0.00
    [extra_common_param] => 1000
    [payment_type] => 1
    [subject] => 《御剑情缘》1000元代金券
    [trade_no] => 2016100721001004910223621560
    [buyer_email] => 13922211245
    [gmt_create] => 2016-10-07 19:52:12
    [notify_type] => trade_status_sync
    [quantity] => 1
    [out_trade_no] => 147584112153286
    [seller_id] => 2088021266234053
    [notify_time] => 2016-10-08 20:16:01
    [body] => 《御剑情缘》1000元代金券
    [trade_status] => TRADE_SUCCESS
    [is_total_fee_adjust] => N
    [total_fee] => 500.00
    [gmt_payment] => 2016-10-07 19:52:19
    [seller_email] => 867672678@qq.com
    [price] => 500.00
    [buyer_id] => 2088312643761911
    [notify_id] => f51b5a7aabd9e04ffee513f71a2399dn0u
    [use_coupon] => N
    [sign_type] => MD5
    [sign] => 37911affa0c34b655825b7649823a836
)

2016-10-08 20:43:10订单：付款成功，给了玩家相应的代金券
Array
(
    [discount] => 0.00
    [extra_common_param] => 66
    [payment_type] => 1
    [subject] => 《龙战于野》66元代金券
    [trade_no] => 2016100821001004100209459988
    [buyer_email] => zhengwanyi@hotmail.com
    [gmt_create] => 2016-10-08 11:19:03
    [notify_type] => trade_status_sync
    [quantity] => 1
    [out_trade_no] => 147589671940311
    [seller_id] => 2088021266234053
    [notify_time] => 2016-10-08 20:43:10
    [body] => 《龙战于野》66元代金券
    [trade_status] => TRADE_SUCCESS
    [is_total_fee_adjust] => N
    [total_fee] => 26.40
    [gmt_payment] => 2016-10-08 11:19:05
    [seller_email] => 867672678@qq.com
    [price] => 26.40
    [buyer_id] => 2088002293236104
    [notify_id] => ab179eb383b9813103e0ccdd8cac762gru
    [use_coupon] => N
    [sign_type] => MD5
    [sign] => bf0aa2800d754e2ae6113ec61d9d4217
)

2016-10-08 20:44:42订单：付款成功，给了玩家相应的代金券
Array
(
    [discount] => 0.00
    [extra_common_param] => 2200
    [payment_type] => 1
    [subject] => 《诛仙yw》2200元代金券
    [trade_no] => 2016100821001004800220794936
    [buyer_email] => 174960848@qq.com
    [gmt_create] => 2016-10-08 17:20:30
    [notify_type] => trade_status_sync
    [quantity] => 1
    [out_trade_no] => 147591842699649
    [seller_id] => 2088021266234053
    [notify_time] => 2016-10-08 20:44:42
    [body] => 《诛仙yw》2200元代金券
    [trade_status] => TRADE_SUCCESS
    [is_total_fee_adjust] => N
    [total_fee] => 1056.00
    [gmt_payment] => 2016-10-08 17:20:35
    [seller_email] => 867672678@qq.com
    [price] => 1056.00
    [buyer_id] => 2088702663816803
    [notify_id] => e0a1c642ae17c94505fa8ee1e5e613fm6a
    [use_coupon] => N
    [sign_type] => MD5
    [sign] => 3074c417f9b48ebaed6d4af5350e0346
)

2016-10-08 21:27:20订单：付款成功，给了玩家相应的代金券
Array
(
    [discount] => 0.00
    [extra_common_param] => 2000
    [payment_type] => 1
    [subject] => 《诛仙yw》2000元代金券
    [trade_no] => 2016100821001004800222191507
    [buyer_email] => 174960848@qq.com
    [gmt_create] => 2016-10-08 18:03:14
    [notify_type] => trade_status_sync
    [quantity] => 1
    [out_trade_no] => 147592099152105
    [seller_id] => 2088021266234053
    [notify_time] => 2016-10-08 21:27:20
    [body] => 《诛仙yw》2000元代金券
    [trade_status] => TRADE_SUCCESS
    [is_total_fee_adjust] => N
    [total_fee] => 960.00
    [gmt_payment] => 2016-10-08 18:03:19
    [seller_email] => 867672678@qq.com
    [price] => 960.00
    [buyer_id] => 2088702663816803
    [notify_id] => 826f4a64f78be363aecf2ea559195fdm6a
    [use_coupon] => N
    [sign_type] => MD5
    [sign] => bf98307f3d1ce58aa5f5cc22f1521f57
)

2016-10-08 21:36:16订单：付款成功，给了玩家相应的代金券
Array
(
    [discount] => 0.00
    [extra_common_param] => 2420
    [payment_type] => 1
    [subject] => 《诛仙yw》2420元代金券
    [trade_no] => 2016100821001004800221176326
    [buyer_email] => 174960848@qq.com
    [gmt_create] => 2016-10-08 18:12:18
    [notify_type] => trade_status_sync
    [quantity] => 1
    [out_trade_no] => 147592152180287
    [seller_id] => 2088021266234053
    [notify_time] => 2016-10-08 21:36:16
    [body] => 《诛仙yw》2420元代金券
    [trade_status] => TRADE_SUCCESS
    [is_total_fee_adjust] => N
    [total_fee] => 1161.60
    [gmt_payment] => 2016-10-08 18:12:22
    [seller_email] => 867672678@qq.com
    [price] => 1161.60
    [buyer_id] => 2088702663816803
    [notify_id] => 82797253738218e38f06291d7f72444m6a
    [use_coupon] => N
    [sign_type] => MD5
    [sign] => 5c84172f8fd7daa532b386474329831b
)

2016-10-08 22:00:22订单：付款成功，给了玩家相应的代金券
Array
(
    [discount] => 0.00
    [extra_common_param] => 2000
    [payment_type] => 1
    [subject] => 《诛仙yw》2000元代金券
    [trade_no] => 2016100821001004800221166948
    [buyer_email] => 174960848@qq.com
    [gmt_create] => 2016-10-08 12:36:03
    [notify_type] => trade_status_sync
    [quantity] => 1
    [out_trade_no] => 147590135467056
    [seller_id] => 2088021266234053
    [notify_time] => 2016-10-08 22:00:20
    [body] => 《诛仙yw》2000元代金券
    [trade_status] => TRADE_SUCCESS
    [is_total_fee_adjust] => N
    [total_fee] => 960.00
    [gmt_payment] => 2016-10-08 12:36:08
    [seller_email] => 867672678@qq.com
    [price] => 960.00
    [buyer_id] => 2088702663816803
    [notify_id] => 2affb103b27416f31ec970e4a5d1abam6a
    [use_coupon] => N
    [sign_type] => MD5
    [sign] => 87268c88c084c1486286425323119d7e
)

2016-10-08 22:12:21订单：付款成功，给了玩家相应的代金券
Array
(
    [discount] => 0.00
    [extra_common_param] => 4000
    [payment_type] => 1
    [subject] => 《御剑情缘》4000元代金券
    [trade_no] => 2016100821001004910223940343
    [buyer_email] => 13922211245
    [gmt_create] => 2016-10-08 18:47:44
    [notify_type] => trade_status_sync
    [quantity] => 1
    [out_trade_no] => 147592362398149
    [seller_id] => 2088021266234053
    [notify_time] => 2016-10-08 22:12:21
    [body] => 《御剑情缘》4000元代金券
    [trade_status] => TRADE_SUCCESS
    [is_total_fee_adjust] => N
    [total_fee] => 2000.00
    [gmt_payment] => 2016-10-08 18:48:05
    [seller_email] => 867672678@qq.com
    [price] => 2000.00
    [buyer_id] => 2088312643761911
    [notify_id] => bc1630c3c7525acdf3f9f34a24b7053n0u
    [use_coupon] => N
    [sign_type] => MD5
    [sign] => e6da49e4be44586ec608e68cac388fb2
)

2016-10-08 22:38:44订单：付款成功，给了玩家相应的代金券
Array
(
    [discount] => 0.00
    [extra_common_param] => 3103
    [payment_type] => 1
    [subject] => 《诛仙yw》3103元代金券
    [trade_no] => 2016100821001004800222022660
    [buyer_email] => 174960848@qq.com
    [gmt_create] => 2016-10-08 22:38:13
    [notify_type] => trade_status_sync
    [quantity] => 1
    [out_trade_no] => 147593748346110
    [seller_id] => 2088021266234053
    [notify_time] => 2016-10-08 22:38:44
    [body] => 《诛仙yw》3103元代金券
    [trade_status] => TRADE_SUCCESS
    [is_total_fee_adjust] => N
    [total_fee] => 1489.40
    [gmt_payment] => 2016-10-08 22:38:44
    [seller_email] => 867672678@qq.com
    [price] => 1489.40
    [buyer_id] => 2088702663816803
    [notify_id] => d1255f217829a1ff87b6a14c849b850m6a
    [use_coupon] => N
    [sign_type] => MD5
    [sign] => bf8a36b3524229eaec1e7cfde3af2307
)

2016-10-08 22:38:56订单：付款成功，给了玩家相应的代金券
Array
(
    [body] => 《诛仙yw》3103元代金券
    [buyer_email] => 174960848@qq.com
    [buyer_id] => 2088702663816803
    [exterface] => create_direct_pay_by_user
    [extra_common_param] => 3103
    [is_success] => T
    [notify_id] => RqPnCoPT3K9%2Fvwbh3InWe2eIm%2B6ikD1BADw%2F9TFZYcHhiR0Sabia4nLy5pzA697VCrof
    [notify_time] => 2016-10-08 22:38:53
    [notify_type] => trade_status_sync
    [out_trade_no] => 147593748346110
    [payment_type] => 1
    [seller_email] => 867672678@qq.com
    [seller_id] => 2088021266234053
    [subject] => 《诛仙yw》3103元代金券
    [total_fee] => 1489.40
    [trade_no] => 2016100821001004800222022660
    [trade_status] => TRADE_SUCCESS
    [sign] => 1bb2475bbbe5a6ac13df7e656b1f353e
    [sign_type] => MD5
)

2016-10-08 22:42:27订单：付款成功，给了玩家相应的代金券
Array
(
    [discount] => 0.00
    [extra_common_param] => 3103
    [payment_type] => 1
    [subject] => 《诛仙yw》3103元代金券
    [trade_no] => 2016100821001004800222022660
    [buyer_email] => 174960848@qq.com
    [gmt_create] => 2016-10-08 22:38:13
    [notify_type] => trade_status_sync
    [quantity] => 1
    [out_trade_no] => 147593748346110
    [seller_id] => 2088021266234053
    [notify_time] => 2016-10-08 22:42:27
    [body] => 《诛仙yw》3103元代金券
    [trade_status] => TRADE_SUCCESS
    [is_total_fee_adjust] => N
    [total_fee] => 1489.40
    [gmt_payment] => 2016-10-08 22:38:44
    [seller_email] => 867672678@qq.com
    [price] => 1489.40
    [buyer_id] => 2088702663816803
    [notify_id] => d1255f217829a1ff87b6a14c849b850m6a
    [use_coupon] => N
    [sign_type] => MD5
    [sign] => e71d39325c98bebfdf2749540358e9ef
)

2016-10-08 22:52:13订单：付款成功，给了玩家相应的代金券
Array
(
    [discount] => 0.00
    [extra_common_param] => 3103
    [payment_type] => 1
    [subject] => 《诛仙yw》3103元代金券
    [trade_no] => 2016100821001004800222022660
    [buyer_email] => 174960848@qq.com
    [gmt_create] => 2016-10-08 22:38:13
    [notify_type] => trade_status_sync
    [quantity] => 1
    [out_trade_no] => 147593748346110
    [seller_id] => 2088021266234053
    [notify_time] => 2016-10-08 22:52:13
    [body] => 《诛仙yw》3103元代金券
    [trade_status] => TRADE_SUCCESS
    [is_total_fee_adjust] => N
    [total_fee] => 1489.40
    [gmt_payment] => 2016-10-08 22:38:44
    [seller_email] => 867672678@qq.com
    [price] => 1489.40
    [buyer_id] => 2088702663816803
    [notify_id] => d1255f217829a1ff87b6a14c849b850m6a
    [use_coupon] => N
    [sign_type] => MD5
    [sign] => fae7dfe089eb7d27062ee6ac2c1f9ccc
)

2016-10-08 23:02:19订单：付款成功，给了玩家相应的代金券
Array
(
    [discount] => 0.00
    [extra_common_param] => 3103
    [payment_type] => 1
    [subject] => 《诛仙yw》3103元代金券
    [trade_no] => 2016100821001004800222022660
    [buyer_email] => 174960848@qq.com
    [gmt_create] => 2016-10-08 22:38:13
    [notify_type] => trade_status_sync
    [quantity] => 1
    [out_trade_no] => 147593748346110
    [seller_id] => 2088021266234053
    [notify_time] => 2016-10-08 23:02:18
    [body] => 《诛仙yw》3103元代金券
    [trade_status] => TRADE_SUCCESS
    [is_total_fee_adjust] => N
    [total_fee] => 1489.40
    [gmt_payment] => 2016-10-08 22:38:44
    [seller_email] => 867672678@qq.com
    [price] => 1489.40
    [buyer_id] => 2088702663816803
    [notify_id] => d1255f217829a1ff87b6a14c849b850m6a
    [use_coupon] => N
    [sign_type] => MD5
    [sign] => 8a4e1c3460739a11c7c6353da6c27f7f
)

2016-10-08 23:22:03订单：付款成功，给了玩家相应的代金券
Array
(
    [discount] => 0.00
    [extra_common_param] => 200
    [payment_type] => 1
    [subject] => 《龙战于野》200元代金券
    [trade_no] => 2016100821001004440278694726
    [buyer_email] => 283266479@qq.com
    [gmt_create] => 2016-10-08 23:21:56
    [notify_type] => trade_status_sync
    [quantity] => 1
    [out_trade_no] => 147594010127901
    [seller_id] => 2088021266234053
    [notify_time] => 2016-10-08 23:22:03
    [body] => 《龙战于野》200元代金券
    [trade_status] => TRADE_SUCCESS
    [is_total_fee_adjust] => N
    [total_fee] => 80.00
    [gmt_payment] => 2016-10-08 23:22:03
    [seller_email] => 867672678@qq.com
    [price] => 80.00
    [buyer_id] => 2088312127602442
    [notify_id] => c1b3d73aaf4044a9e5e32a1c0445d8djea
    [use_coupon] => N
    [sign_type] => MD5
    [sign] => 5886b124ba075da0f259f898d42c3115
)

2016-10-08 23:22:15订单：付款成功，给了玩家相应的代金券
Array
(
    [body] => 《龙战于野》200元代金券
    [buyer_email] => 283266479@qq.com
    [buyer_id] => 2088312127602442
    [exterface] => create_direct_pay_by_user
    [extra_common_param] => 200
    [is_success] => T
    [notify_id] => RqPnCoPT3K9%2Fvwbh3InWe2ePgqLqD1DhYLLKD%2BgNXUkeHbGmRGnd4OgfAMNieNr3m6kQ
    [notify_time] => 2016-10-08 23:22:11
    [notify_type] => trade_status_sync
    [out_trade_no] => 147594010127901
    [payment_type] => 1
    [seller_email] => 867672678@qq.com
    [seller_id] => 2088021266234053
    [subject] => 《龙战于野》200元代金券
    [total_fee] => 80.00
    [trade_no] => 2016100821001004440278694726
    [trade_status] => TRADE_SUCCESS
    [sign] => ad6e44d2c0e034f58ecddaa486ed108c
    [sign_type] => MD5
)

2016-10-08 23:26:39订单：付款成功，给了玩家相应的代金券
Array
(
    [discount] => 0.00
    [extra_common_param] => 200
    [payment_type] => 1
    [subject] => 《龙战于野》200元代金券
    [trade_no] => 2016100821001004440278694726
    [buyer_email] => 283266479@qq.com
    [gmt_create] => 2016-10-08 23:21:56
    [notify_type] => trade_status_sync
    [quantity] => 1
    [out_trade_no] => 147594010127901
    [seller_id] => 2088021266234053
    [notify_time] => 2016-10-08 23:26:39
    [body] => 《龙战于野》200元代金券
    [trade_status] => TRADE_SUCCESS
    [is_total_fee_adjust] => N
    [total_fee] => 80.00
    [gmt_payment] => 2016-10-08 23:22:03
    [seller_email] => 867672678@qq.com
    [price] => 80.00
    [buyer_id] => 2088312127602442
    [notify_id] => c1b3d73aaf4044a9e5e32a1c0445d8djea
    [use_coupon] => N
    [sign_type] => MD5
    [sign] => d04f259a039e0dac4594a5b1556fc57b
)

2016-10-08 23:36:25订单：付款成功，给了玩家相应的代金券
Array
(
    [discount] => 0.00
    [extra_common_param] => 200
    [payment_type] => 1
    [subject] => 《龙战于野》200元代金券
    [trade_no] => 2016100821001004440278694726
    [buyer_email] => 283266479@qq.com
    [gmt_create] => 2016-10-08 23:21:56
    [notify_type] => trade_status_sync
    [quantity] => 1
    [out_trade_no] => 147594010127901
    [seller_id] => 2088021266234053
    [notify_time] => 2016-10-08 23:36:25
    [body] => 《龙战于野》200元代金券
    [trade_status] => TRADE_SUCCESS
    [is_total_fee_adjust] => N
    [total_fee] => 80.00
    [gmt_payment] => 2016-10-08 23:22:03
    [seller_email] => 867672678@qq.com
    [price] => 80.00
    [buyer_id] => 2088312127602442
    [notify_id] => c1b3d73aaf4044a9e5e32a1c0445d8djea
    [use_coupon] => N
    [sign_type] => MD5
    [sign] => c1b14225833a74d66ad284f64baabc29
)

2016-10-08 23:46:14订单：付款成功，给了玩家相应的代金券
Array
(
    [discount] => 0.00
    [extra_common_param] => 200
    [payment_type] => 1
    [subject] => 《龙战于野》200元代金券
    [trade_no] => 2016100821001004440278694726
    [buyer_email] => 283266479@qq.com
    [gmt_create] => 2016-10-08 23:21:56
    [notify_type] => trade_status_sync
    [quantity] => 1
    [out_trade_no] => 147594010127901
    [seller_id] => 2088021266234053
    [notify_time] => 2016-10-08 23:46:14
    [body] => 《龙战于野》200元代金券
    [trade_status] => TRADE_SUCCESS
    [is_total_fee_adjust] => N
    [total_fee] => 80.00
    [gmt_payment] => 2016-10-08 23:22:03
    [seller_email] => 867672678@qq.com
    [price] => 80.00
    [buyer_id] => 2088312127602442
    [notify_id] => c1b3d73aaf4044a9e5e32a1c0445d8djea
    [use_coupon] => N
    [sign_type] => MD5
    [sign] => 3aca4b7ad298a56f322987aa5855d595
)

2016-10-08 23:55:05订单：付款成功，给了玩家相应的代金券
Array
(
    [discount] => 0.00
    [extra_common_param] => 31
    [payment_type] => 1
    [subject] => 《诛仙yw》31元代金券
    [trade_no] => 2016100821001004800221170098
    [buyer_email] => 174960848@qq.com
    [gmt_create] => 2016-10-08 14:31:51
    [notify_type] => trade_status_sync
    [quantity] => 1
    [out_trade_no] => 147590830561970
    [seller_id] => 2088021266234053
    [notify_time] => 2016-10-08 23:55:05
    [body] => 《诛仙yw》31元代金券
    [trade_status] => TRADE_SUCCESS
    [is_total_fee_adjust] => N
    [total_fee] => 14.90
    [gmt_payment] => 2016-10-08 14:31:56
    [seller_email] => 867672678@qq.com
    [price] => 14.90
    [buyer_id] => 2088702663816803
    [notify_id] => 008e7111e1d9ec894350a9d974fb64bm6a
    [use_coupon] => N
    [sign_type] => MD5
    [sign] => 58927ec8deb025246c1334f05012014a
)

