2016-08-17 12:03:47订单：付款成功，给了玩家相应的代金券
Array
(
    [body] => 《全民斗战神》100元代金券
    [buyer_email] => 174960848@qq.com
    [buyer_id] => 2088702663816803
    [exterface] => create_direct_pay_by_user
    [extra_common_param] => 1457,100,d238506339
    [is_success] => T
    [notify_id] => RqPnCoPT3K9%2Fvwbh3InWf0mr1djQSDlTPckMwHgdL69UYwoB2oS9pmAzWMTRlnpqGUDx
    [notify_time] => 2016-08-17 12:03:44
    [notify_type] => trade_status_sync
    [out_trade_no] => 147140660022323
    [payment_type] => 1
    [seller_email] => 867672678@qq.com
    [seller_id] => 2088021266234053
    [subject] => 《全民斗战神》100元代金券
    [total_fee] => 48.00
    [trade_no] => 2016081721001004800231798050
    [trade_status] => TRADE_SUCCESS
    [sign] => c1f1f49a08d276c07914a2792f342230
    [sign_type] => MD5
)

2016-08-17 12:06:54支付宝验证失败
Array
(
    [body] => 《全民斗战神》100元代金券
    [buyer_email] => 174960848@qq.com
    [buyer_id] => 2088702663816803
    [exterface] => create_direct_pay_by_user
    [extra_common_param] => 1457,100,d238506339
    [is_success] => T
    [notify_id] => RqPnCoPT3K9%2Fvwbh3InWf0mr1djQSDlTPckMwHgdL69UYwoB2oS9pmAzWMTRlnpqGUDx
    [notify_time] => 2016-08-17 12:03:44
    [notify_type] => trade_status_sync
    [out_trade_no] => 147140660022323
    [payment_type] => 1
    [seller_email] => 867672678@qq.com
    [seller_id] => 2088021266234053
    [subject] => 《全民斗战神》100元代金券
    [total_fee] => 48.00
    [trade_no] => 2016081721001004800231798050
    [trade_status] => TRADE_SUCCESS
    [sign] => c1f1f49a08d276c07914a2792f342230
    [sign_type] => MD5
)

2016-08-17 14:57:16订单：付款成功，给了玩家相应的代金券
Array
(
    [body] => 《御剑情缘》400元代金券
    [buyer_email] => 13922211245
    [buyer_id] => 2088312643761911
    [exterface] => create_direct_pay_by_user
    [extra_common_param] => 1101,400,d559188080
    [is_success] => T
    [notify_id] => RqPnCoPT3K9%2Fvwbh3InWf0mqNxbrTRkh4h%2F7dA7dBny0wb8j5jVpkwBycLUja%2BvqIqaf
    [notify_time] => 2016-08-17 14:57:12
    [notify_type] => trade_status_sync
    [out_trade_no] => 147141700699909
    [payment_type] => 1
    [seller_email] => 867672678@qq.com
    [seller_id] => 2088021266234053
    [subject] => 《御剑情缘》400元代金券
    [total_fee] => 200.00
    [trade_no] => 2016081721001004910244216181
    [trade_status] => TRADE_SUCCESS
    [sign] => e0d166a4a6420139c261f7aafd030f08
    [sign_type] => MD5
)

2016-08-17 15:51:03订单：付款成功，给了玩家相应的代金券
Array
(
    [body] => 《御剑情缘》600元代金券
    [buyer_email] => 13922211245
    [buyer_id] => 2088312643761911
    [exterface] => create_direct_pay_by_user
    [extra_common_param] => 1101,600,zz85321
    [is_success] => T
    [notify_id] => RqPnCoPT3K9%2Fvwbh3InWf0mpRQbjJ2LdKMEZ7l000RuHJ3yIy6fPxQEecGDjd%2BuJjkJZ
    [notify_time] => 2016-08-17 15:50:59
    [notify_type] => trade_status_sync
    [out_trade_no] => 147142018014408
    [payment_type] => 1
    [seller_email] => 867672678@qq.com
    [seller_id] => 2088021266234053
    [subject] => 《御剑情缘》600元代金券
    [total_fee] => 300.00
    [trade_no] => 2016081721001004910242048432
    [trade_status] => TRADE_SUCCESS
    [sign] => a8fb92a6e4ceec11ef9e6a3a0012b512
    [sign_type] => MD5
)

