2016-08-04 12:15:12订单：付款成功，给了玩家相应的代金券
Array
(
    [body] => 《全民斗战神》10元代金券
    [buyer_email] => 243037040@qq.com
    [buyer_id] => 2088202937943920
    [exterface] => create_direct_pay_by_user
    [extra_common_param] => 1459,10,d883661377
    [is_success] => T
    [notify_id] => RqPnCoPT3K9%2Fvwbh3InWfjSqvPjOM8xtQSPil%2FbtOieDFjtmZrpLbNzFIKFtVQZpbmfo
    [notify_time] => 2016-08-04 12:15:08
    [notify_type] => trade_status_sync
    [out_trade_no] => 147028407720237
    [payment_type] => 1
    [seller_email] => 867672678@qq.com
    [seller_id] => 2088021266234053
    [subject] => 《全民斗战神》10元代金券
    [total_fee] => 5.00
    [trade_no] => 2016080421001004920299477988
    [trade_status] => TRADE_SUCCESS
    [sign] => 7d576551fd89af15617916f0709ea64c
    [sign_type] => MD5
)

2016-08-04 15:46:40订单：付款成功，给了玩家相应的代金券
Array
(
    [body] => 《全民斗战神》100元代金券
    [buyer_email] => 174960848@qq.com
    [buyer_id] => 2088702663816803
    [exterface] => create_direct_pay_by_user
    [extra_common_param] => 1457,100,d429934678
    [is_success] => T
    [notify_id] => RqPnCoPT3K9%2Fvwbh3InWfjSrBGklzMJiEVX4ZmXoxyHN8rYW8iAs5xrY7RGQX%2FrIQrqt
    [notify_time] => 2016-08-04 15:46:36
    [notify_type] => trade_status_sync
    [out_trade_no] => 147029676880738
    [payment_type] => 1
    [seller_email] => 867672678@qq.com
    [seller_id] => 2088021266234053
    [subject] => 《全民斗战神》100元代金券
    [total_fee] => 48.00
    [trade_no] => 2016080421001004800278927480
    [trade_status] => TRADE_SUCCESS
    [sign] => d59d1d501210455dd744b086239f4e35
    [sign_type] => MD5
)

2016-08-04 15:49:47支付宝验证失败
Array
(
    [body] => 《全民斗战神》100元代金券
    [buyer_email] => 174960848@qq.com
    [buyer_id] => 2088702663816803
    [exterface] => create_direct_pay_by_user
    [extra_common_param] => 1457,100,d429934678
    [is_success] => T
    [notify_id] => RqPnCoPT3K9%2Fvwbh3InWfjSrBGklzMJiEVX4ZmXoxyHN8rYW8iAs5xrY7RGQX%2FrIQrqt
    [notify_time] => 2016-08-04 15:46:36
    [notify_type] => trade_status_sync
    [out_trade_no] => 147029676880738
    [payment_type] => 1
    [seller_email] => 867672678@qq.com
    [seller_id] => 2088021266234053
    [subject] => 《全民斗战神》100元代金券
    [total_fee] => 48.00
    [trade_no] => 2016080421001004800278927480
    [trade_status] => TRADE_SUCCESS
    [sign] => d59d1d501210455dd744b086239f4e35
    [sign_type] => MD5
)

2016-08-04 15:50:54订单：付款成功，给了玩家相应的代金券
Array
(
    [body] => 《全民斗战神》1元代金券
    [buyer_email] => 243037040@qq.com
    [buyer_id] => 2088202937943920
    [exterface] => create_direct_pay_by_user
    [extra_common_param] => 1459,1,287509153
    [is_success] => T
    [notify_id] => RqPnCoPT3K9%2Fvwbh3InWfjSrBQ2khwHaEvwZ6SPGZBTuiAIwi5jFJeekfELgDF%2FPX%2FGn
    [notify_time] => 2016-08-04 15:50:51
    [notify_type] => trade_status_sync
    [out_trade_no] => 147029699975122
    [payment_type] => 1
    [seller_email] => 867672678@qq.com
    [seller_id] => 2088021266234053
    [subject] => 《全民斗战神》1元代金券
    [total_fee] => 0.50
    [trade_no] => 2016080421001004920200866272
    [trade_status] => TRADE_SUCCESS
    [sign] => 60cd5fe89d511bd1f2ce443632cf7fbc
    [sign_type] => MD5
)

