2016-08-24 10:50:25订单：付款成功，给了玩家相应的代金券
Array
(
    [body] => 《龙战于野》68元代金券
    [buyer_email] => 283266479@qq.com
    [buyer_id] => 2088312127602442
    [exterface] => create_direct_pay_by_user
    [extra_common_param] => 871,68,d936729331
    [is_success] => T
    [notify_id] => RqPnCoPT3K9%2Fvwbh3InWfIZx9Zv5bv6a8x%2BqcyiGTIvAaj2vmEAdSxwnSMBI4lIvzLsV
    [notify_time] => 2016-08-24 10:50:19
    [notify_type] => trade_status_sync
    [out_trade_no] => 147200698810813
    [payment_type] => 1
    [seller_email] => 867672678@qq.com
    [seller_id] => 2088021266234053
    [subject] => 《龙战于野》68元代金券
    [total_fee] => 27.20
    [trade_no] => 2016082421001004440252994893
    [trade_status] => TRADE_SUCCESS
    [sign] => 491e9535d31dda3c4be821d7b580c0cc
    [sign_type] => MD5
)

2016-08-24 10:53:23支付宝验证失败
Array
(
    [body] => 《龙战于野》68元代金券
    [buyer_email] => 283266479@qq.com
    [buyer_id] => 2088312127602442
    [exterface] => create_direct_pay_by_user
    [extra_common_param] => 871,68,d936729331
    [is_success] => T
    [notify_id] => RqPnCoPT3K9/vwbh3InWfIZx9Zv5bv6a8x+qcyiGTIvAaj2vmEAdSxwnSMBI4lIvzLsV
    [notify_time] => 2016-08-24 10:50:19
    [notify_type] => trade_status_sync
    [out_trade_no] => 147200698810813
    [payment_type] => 1
    [seller_email] => 867672678@qq.com
    [seller_id] => 2088021266234053
    [subject] => 《龙战于野》68元代金券
    [total_fee] => 27.20
    [trade_no] => 2016082421001004440252994893
    [trade_status] => TRADE_SUCCESS
    [sign] => 491e9535d31dda3c4be821d7b580c0cc
    [sign_type] => MD5
)

2016-08-24 10:56:06订单：付款成功，给了玩家相应的代金券
Array
(
    [body] => 《龙战于野》648元代金券
    [buyer_email] => zhengwanyi@hotmail.com
    [buyer_id] => 2088002293236104
    [exterface] => create_direct_pay_by_user
    [extra_common_param] => 850,648,fxgnwj
    [is_success] => T
    [notify_id] => RqPnCoPT3K9%2Fvwbh3InWfIZx9ZhcdX3RhisR4SgoTNE5EMVBwBqEyKXS9ku711OMi5r6
    [notify_time] => 2016-08-24 10:56:03
    [notify_type] => trade_status_sync
    [out_trade_no] => 147200671650073
    [payment_type] => 1
    [seller_email] => 867672678@qq.com
    [seller_id] => 2088021266234053
    [subject] => 《龙战于野》648元代金券
    [total_fee] => 259.20
    [trade_no] => 2016082421001004100275358672
    [trade_status] => TRADE_SUCCESS
    [sign] => 538794ebe4fad019cff893e937b6ea3f
    [sign_type] => MD5
)

2016-08-24 12:08:00订单：付款成功，给了玩家相应的代金券
Array
(
    [body] => 《龙战于野》6元代金券
    [buyer_email] => 283266479@qq.com
    [buyer_id] => 2088312127602442
    [exterface] => create_direct_pay_by_user
    [extra_common_param] => 871,6,huyali101224
    [is_success] => T
    [notify_id] => RqPnCoPT3K9%2Fvwbh3InWfIZwzWhzTy78iktl%2FV%2B9qgfANCe%2FMglVC4p89GmMC%2BCXOEJ8
    [notify_time] => 2016-08-24 12:07:57
    [notify_type] => trade_status_sync
    [out_trade_no] => 147201165512899
    [payment_type] => 1
    [seller_email] => 867672678@qq.com
    [seller_id] => 2088021266234053
    [subject] => 《龙战于野》6元代金券
    [total_fee] => 2.40
    [trade_no] => 2016082421001004440252727080
    [trade_status] => TRADE_SUCCESS
    [sign] => 15d3b4e7aab7f96d1decaf255a75d6d5
    [sign_type] => MD5
)

2016-08-24 12:11:05支付宝验证失败
Array
(
    [body] => 《龙战于野》6元代金券
    [buyer_email] => 283266479@qq.com
    [buyer_id] => 2088312127602442
    [exterface] => create_direct_pay_by_user
    [extra_common_param] => 871,6,huyali101224
    [is_success] => T
    [notify_id] => RqPnCoPT3K9/vwbh3InWfIZwzWhzTy78iktl/V+9qgfANCe/MglVC4p89GmMC+CXOEJ8
    [notify_time] => 2016-08-24 12:07:57
    [notify_type] => trade_status_sync
    [out_trade_no] => 147201165512899
    [payment_type] => 1
    [seller_email] => 867672678@qq.com
    [seller_id] => 2088021266234053
    [subject] => 《龙战于野》6元代金券
    [total_fee] => 2.40
    [trade_no] => 2016082421001004440252727080
    [trade_status] => TRADE_SUCCESS
    [sign] => 15d3b4e7aab7f96d1decaf255a75d6d5
    [sign_type] => MD5
)

2016-08-24 12:53:59订单：付款成功，给了玩家相应的代金券
Array
(
    [body] => 《龙战于野》93元代金券
    [buyer_email] => 283266479@qq.com
    [buyer_id] => 2088312127602442
    [exterface] => create_direct_pay_by_user
    [extra_common_param] => 871,93,6382098
    [is_success] => T
    [notify_id] => RqPnCoPT3K9%2Fvwbh3InWfIZwyEOcHLdZMRGjppxXPnq3f4b5ylruiKRxGG2t1oBpSG%2Bj
    [notify_time] => 2016-08-24 12:53:55
    [notify_type] => trade_status_sync
    [out_trade_no] => 147201441367864
    [payment_type] => 1
    [seller_email] => 867672678@qq.com
    [seller_id] => 2088021266234053
    [subject] => 《龙战于野》93元代金券
    [total_fee] => 37.20
    [trade_no] => 2016082421001004440252027495
    [trade_status] => TRADE_SUCCESS
    [sign] => 594b974a073cabb3f1c857d88616157f
    [sign_type] => MD5
)

2016-08-24 12:56:59支付宝验证失败
Array
(
    [body] => 《龙战于野》93元代金券
    [buyer_email] => 283266479@qq.com
    [buyer_id] => 2088312127602442
    [exterface] => create_direct_pay_by_user
    [extra_common_param] => 871,93,6382098
    [is_success] => T
    [notify_id] => RqPnCoPT3K9/vwbh3InWfIZwyEOcHLdZMRGjppxXPnq3f4b5ylruiKRxGG2t1oBpSG+j
    [notify_time] => 2016-08-24 12:53:55
    [notify_type] => trade_status_sync
    [out_trade_no] => 147201441367864
    [payment_type] => 1
    [seller_email] => 867672678@qq.com
    [seller_id] => 2088021266234053
    [subject] => 《龙战于野》93元代金券
    [total_fee] => 37.20
    [trade_no] => 2016082421001004440252027495
    [trade_status] => TRADE_SUCCESS
    [sign] => 594b974a073cabb3f1c857d88616157f
    [sign_type] => MD5
)

2016-08-24 20:31:30订单：付款成功，给了玩家相应的代金券
Array
(
    [body] => 《龙战于野》30元代金券
    [buyer_email] => zhengwanyi@hotmail.com
    [buyer_id] => 2088002293236104
    [exterface] => create_direct_pay_by_user
    [extra_common_param] => 850,30,ouyng05
    [is_success] => T
    [notify_id] => RqPnCoPT3K9%2Fvwbh3InWfIZ1icDa4BwUApanMvnMvDl9Ko3G%2FAHn0oGHV%2B7Y1jwGcB1u
    [notify_time] => 2016-08-24 20:31:26
    [notify_type] => trade_status_sync
    [out_trade_no] => 147204185997103
    [payment_type] => 1
    [seller_email] => 867672678@qq.com
    [seller_id] => 2088021266234053
    [subject] => 《龙战于野》30元代金券
    [total_fee] => 12.00
    [trade_no] => 2016082421001004100286023720
    [trade_status] => TRADE_SUCCESS
    [sign] => 74cb4a303628effeb71c8d7300610a61
    [sign_type] => MD5
)

