2016-07-28 13:50:01订单：付款成功，给了玩家相应的代金券
Array
(
    [body] => 《龙战于野》2000元代金券
    [buyer_email] => 283266479@qq.com
    [buyer_id] => 2088312127602442
    [exterface] => create_direct_pay_by_user
    [extra_common_param] => 871,2000,d651970094
    [is_success] => T
    [notify_id] => RqPnCoPT3K9%2Fvwbh3InXQBnT7LcmlFbZGeiNHdhOkrkAjqvjtY69r8mRNlgAcyMvph%2Bp
    [notify_time] => 2016-07-28 13:49:57
    [notify_type] => trade_status_sync
    [out_trade_no] => 146968497263604
    [payment_type] => 1
    [seller_email] => 867672678@qq.com
    [seller_id] => 2088021266234053
    [subject] => 《龙战于野》2000元代金券
    [total_fee] => 800.00
    [trade_no] => 2016072821001004440236706091
    [trade_status] => TRADE_SUCCESS
    [sign] => bfe94f4c52720700fa0dfc13154de280
    [sign_type] => MD5
)

2016-07-28 13:50:06支付宝验证失败
Array
(
    [body] => 《龙战于野》2000元代金券
    [buyer_email] => 283266479@qq.com
    [buyer_id] => 2088312127602442
    [exterface] => create_direct_pay_by_user
    [extra_common_param] => 871,2000,d651970094
    [is_success] => T
    [notify_id] => RqPnCoPT3K9/vwbh3InXQBnT7LcmlFbZGeiNHdhOkrkAjqvjtY69r8mRNlgAcyMvph+p
    [notify_time] => 2016-07-28 13:49:57
    [notify_type] => trade_status_sync
    [out_trade_no] => 146968497263604
    [payment_type] => 1
    [seller_email] => 867672678@qq.com
    [seller_id] => 2088021266234053
    [subject] => 《龙战于野》2000元代金券
    [total_fee] => 800.00
    [trade_no] => 2016072821001004440236706091
    [trade_status] => TRADE_SUCCESS
    [sign] => bfe94f4c52720700fa0dfc13154de280
    [sign_type] => MD5
)

2016-07-28 15:34:04订单：付款成功，给了玩家相应的代金券
Array
(
    [body] => 《刀剑神域》1元代金券
    [buyer_email] => 1149874672@qq.com
    [buyer_id] => 2088702379530442
    [exterface] => create_direct_pay_by_user
    [extra_common_param] => 792,1,d810658847
    [is_success] => T
    [notify_id] => RqPnCoPT3K9%2Fvwbh3InXQBnS0X7k01ccgV55w3k7tvkiSpwbIh%2FMfy1vqzef4F0T6Umg
    [notify_time] => 2016-07-28 15:34:01
    [notify_type] => trade_status_sync
    [out_trade_no] => 146969121769177
    [payment_type] => 1
    [seller_email] => 867672678@qq.com
    [seller_id] => 2088021266234053
    [subject] => 《刀剑神域》1元代金券
    [total_fee] => 0.50
    [trade_no] => 2016072821001004440239625987
    [trade_status] => TRADE_SUCCESS
    [sign] => 4e232b349fd78a5150a59bf32980de62
    [sign_type] => MD5
)

2016-07-28 15:50:44订单：付款成功，给了玩家相应的代金券
Array
(
    [body] => 《巨龙之战》1元代金券
    [buyer_email] => 1149874672@qq.com
    [buyer_id] => 2088702379530442
    [exterface] => create_direct_pay_by_user
    [extra_common_param] => 1320,1,d810658847
    [is_success] => T
    [notify_id] => RqPnCoPT3K9%2Fvwbh3InXQBnS0jgbm1Px53i8ZSVnETv%2BZ1n80ITAK2O7BXQQ15dWLRF2
    [notify_time] => 2016-07-28 15:50:40
    [notify_type] => trade_status_sync
    [out_trade_no] => 146969221781860
    [payment_type] => 1
    [seller_email] => 867672678@qq.com
    [seller_id] => 2088021266234053
    [subject] => 《巨龙之战》1元代金券
    [total_fee] => 0.50
    [trade_no] => 2016072821001004440240317412
    [trade_status] => TRADE_SUCCESS
    [sign] => 6275d16239c8baed7ed2f07b45f9aeea
    [sign_type] => MD5
)

2016-07-28 15:58:44支付宝验证失败
Array
(
)

2016-07-28 16:10:10支付宝验证失败
Array
(
)

2016-07-28 16:40:20订单：付款成功，给了玩家相应的代金券
Array
(
    [body] => 《沙巴克传奇》1元代金券
    [buyer_email] => 1149874672@qq.com
    [buyer_id] => 2088702379530442
    [exterface] => create_direct_pay_by_user
    [extra_common_param] => 1325,1,d810658847
    [is_success] => T
    [notify_id] => RqPnCoPT3K9%2Fvwbh3InXQBnS1bpogzfwOw6%2FJ9WGelZXSNKMIDev7AWPdqwKYnjbAfNV
    [notify_time] => 2016-07-28 16:40:17
    [notify_type] => trade_status_sync
    [out_trade_no] => 146969519772709
    [payment_type] => 1
    [seller_email] => 867672678@qq.com
    [seller_id] => 2088021266234053
    [subject] => 《沙巴克传奇》1元代金券
    [total_fee] => 0.50
    [trade_no] => 2016072821001004440237001297
    [trade_status] => TRADE_SUCCESS
    [sign] => 689364d465098207c8d50808b5690087
    [sign_type] => MD5
)

2016-07-28 20:26:26订单：付款成功，给了玩家相应的代金券
Array
(
    [body] => 《御剑情缘》400元代金券
    [buyer_email] => 13922211245
    [buyer_id] => 2088312643761911
    [exterface] => create_direct_pay_by_user
    [extra_common_param] => 1101,400,zz85321
    [is_success] => T
    [notify_id] => RqPnCoPT3K9%2Fvwbh3InXQBiB%2FedpPgYzksbIN1KZAtOASeK%2BlEGh%2FmfTdCmdLCPSBWiA
    [notify_time] => 2016-07-28 20:26:22
    [notify_type] => trade_status_sync
    [out_trade_no] => 146970875293740
    [payment_type] => 1
    [seller_email] => 867672678@qq.com
    [seller_id] => 2088021266234053
    [subject] => 《御剑情缘》400元代金券
    [total_fee] => 200.00
    [trade_no] => 2016072821001004910257249910
    [trade_status] => TRADE_SUCCESS
    [sign] => e8c3df378ab800c1b348b1d34abb5107
    [sign_type] => MD5
)

2016-07-28 23:08:16订单：付款成功，给了玩家相应的代金券
Array
(
    [body] => 《龙战于野》800元代金券
    [buyer_email] => zhengwanyi@hotmail.com
    [buyer_id] => 2088002293236104
    [exterface] => create_direct_pay_by_user
    [extra_common_param] => 850,800,dodxuez6
    [is_success] => T
    [notify_id] => RqPnCoPT3K9%2Fvwbh3InXQBiAUm0mgCnahOXz8X5C0KTMTkw1bVqbJq15HaJKex%2BFJeEK
    [notify_time] => 2016-07-28 23:08:13
    [notify_type] => trade_status_sync
    [out_trade_no] => 146971845245620
    [payment_type] => 1
    [seller_email] => 867672678@qq.com
    [seller_id] => 2088021266234053
    [subject] => 《龙战于野》800元代金券
    [total_fee] => 320.00
    [trade_no] => 2016072821001004100258586775
    [trade_status] => TRADE_SUCCESS
    [sign] => f1c3a16c07aa01cb30794c04063ea4c6
    [sign_type] => MD5
)

2016-07-28 23:08:16订单：付款成功，给了玩家相应的代金券
Array
(
    [body] => 《龙战于野》800元代金券
    [buyer_email] => zhengwanyi@hotmail.com
    [buyer_id] => 2088002293236104
    [exterface] => create_direct_pay_by_user
    [extra_common_param] => 850,800,dodxuez6
    [is_success] => T
    [notify_id] => RqPnCoPT3K9%2Fvwbh3InXQBiAUm0mgCnahOXz8X5C0KTMTkw1bVqbJq15HaJKex%2BFJeEK
    [notify_time] => 2016-07-28 23:08:13
    [notify_type] => trade_status_sync
    [out_trade_no] => 146971845245620
    [payment_type] => 1
    [seller_email] => 867672678@qq.com
    [seller_id] => 2088021266234053
    [subject] => 《龙战于野》800元代金券
    [total_fee] => 320.00
    [trade_no] => 2016072821001004100258586775
    [trade_status] => TRADE_SUCCESS
    [sign] => f1c3a16c07aa01cb30794c04063ea4c6
    [sign_type] => MD5
)

2016-07-28 23:11:16支付宝验证失败
Array
(
    [body] => 《龙战于野》800元代金券
    [buyer_email] => zhengwanyi@hotmail.com
    [buyer_id] => 2088002293236104
    [exterface] => create_direct_pay_by_user
    [extra_common_param] => 850,800,dodxuez6
    [is_success] => T
    [notify_id] => RqPnCoPT3K9%2Fvwbh3InXQBiAUm0mgCnahOXz8X5C0KTMTkw1bVqbJq15HaJKex%2BFJeEK
    [notify_time] => 2016-07-28 23:08:13
    [notify_type] => trade_status_sync
    [out_trade_no] => 146971845245620
    [payment_type] => 1
    [seller_email] => 867672678@qq.com
    [seller_id] => 2088021266234053
    [subject] => 《龙战于野》800元代金券
    [total_fee] => 320.00
    [trade_no] => 2016072821001004100258586775
    [trade_status] => TRADE_SUCCESS
    [sign] => f1c3a16c07aa01cb30794c04063ea4c6
    [sign_type] => MD5
)

2016-07-28 23:11:21支付宝验证失败
Array
(
    [body] => 《龙战于野》800元代金券
    [buyer_email] => zhengwanyi@hotmail.com
    [buyer_id] => 2088002293236104
    [exterface] => create_direct_pay_by_user
    [extra_common_param] => 850,800,dodxuez6
    [is_success] => T
    [notify_id] => RqPnCoPT3K9%2Fvwbh3InXQBiAUm0mgCnahOXz8X5C0KTMTkw1bVqbJq15HaJKex%2BFJeEK
    [notify_time] => 2016-07-28 23:08:13
    [notify_type] => trade_status_sync
    [out_trade_no] => 146971845245620
    [payment_type] => 1
    [seller_email] => 867672678@qq.com
    [seller_id] => 2088021266234053
    [subject] => 《龙战于野》800元代金券
    [total_fee] => 320.00
    [trade_no] => 2016072821001004100258586775
    [trade_status] => TRADE_SUCCESS
    [sign] => f1c3a16c07aa01cb30794c04063ea4c6
    [sign_type] => MD5
)

2016-07-28 23:11:22支付宝验证失败
Array
(
    [body] => 《龙战于野》800元代金券
    [buyer_email] => zhengwanyi@hotmail.com
    [buyer_id] => 2088002293236104
    [exterface] => create_direct_pay_by_user
    [extra_common_param] => 850,800,dodxuez6
    [is_success] => T
    [notify_id] => RqPnCoPT3K9%2Fvwbh3InXQBiAUm0mgCnahOXz8X5C0KTMTkw1bVqbJq15HaJKex%2BFJeEK
    [notify_time] => 2016-07-28 23:08:13
    [notify_type] => trade_status_sync
    [out_trade_no] => 146971845245620
    [payment_type] => 1
    [seller_email] => 867672678@qq.com
    [seller_id] => 2088021266234053
    [subject] => 《龙战于野》800元代金券
    [total_fee] => 320.00
    [trade_no] => 2016072821001004100258586775
    [trade_status] => TRADE_SUCCESS
    [sign] => f1c3a16c07aa01cb30794c04063ea4c6
    [sign_type] => MD5
)

