2016-08-03 16:55:16订单：付款成功，给了玩家相应的代金券
Array
(
    [body] => 《御剑情缘》200元代金券
    [buyer_email] => 13922211245
    [buyer_id] => 2088312643761911
    [exterface] => create_direct_pay_by_user
    [extra_common_param] => 1101,200,d707479014
    [is_success] => T
    [notify_id] => RqPnCoPT3K9%2Fvwbh3InWfjSjXMZfQW2jWPQl2eAeWqkZ2hgADYY%2F2LDCrh5u1a%2BnkU1D
    [notify_time] => 2016-08-03 16:55:12
    [notify_type] => trade_status_sync
    [out_trade_no] => 147021448167508
    [payment_type] => 1
    [seller_email] => 867672678@qq.com
    [seller_id] => 2088021266234053
    [subject] => 《御剑情缘》200元代金券
    [total_fee] => 100.00
    [trade_no] => 2016080321001004910271293523
    [trade_status] => TRADE_SUCCESS
    [sign] => c50f6bca73ca43f9939c22cbaf9506c1
    [sign_type] => MD5
)

2016-08-03 21:03:03订单：付款成功，给了玩家相应的代金券
Array
(
    [body] => 《御剑情缘》600元代金券
    [buyer_email] => 13922211245
    [buyer_id] => 2088312643761911
    [exterface] => create_direct_pay_by_user
    [extra_common_param] => 1101,600,zz85321
    [is_success] => T
    [notify_id] => RqPnCoPT3K9%2Fvwbh3InWfjSg0lUj1jRAF9920mnap11q2%2BHlAUJ8TR6xtIhzu3eNWZjU
    [notify_time] => 2016-08-03 21:02:58
    [notify_type] => trade_status_sync
    [out_trade_no] => 147022933331009
    [payment_type] => 1
    [seller_email] => 867672678@qq.com
    [seller_id] => 2088021266234053
    [subject] => 《御剑情缘》600元代金券
    [total_fee] => 300.00
    [trade_no] => 2016080321001004910273712080
    [trade_status] => TRADE_SUCCESS
    [sign] => 78941be4294ed46b6d7240ea61f1690b
    [sign_type] => MD5
)

2016-08-03 22:07:15订单：付款成功，给了玩家相应的代金券
Array
(
    [body] => 《龙战于野》3750元代金券
    [buyer_email] => 283266479@qq.com
    [buyer_id] => 2088312127602442
    [exterface] => create_direct_pay_by_user
    [extra_common_param] => 871,3750,d200587504
    [is_success] => T
    [notify_id] => RqPnCoPT3K9%2Fvwbh3InWfjShCI%2ByBRRJRpfZc1eXCj3OJwGlhHla8YCQ9n0aXVdWqacA
    [notify_time] => 2016-08-03 22:07:11
    [notify_type] => trade_status_sync
    [out_trade_no] => 147023316456075
    [payment_type] => 1
    [seller_email] => 867672678@qq.com
    [seller_id] => 2088021266234053
    [subject] => 《龙战于野》3750元代金券
    [total_fee] => 1500.00
    [trade_no] => 2016080321001004440260926449
    [trade_status] => TRADE_SUCCESS
    [sign] => 82ca1bc105012271ea6f2ac6f12cd20f
    [sign_type] => MD5
)

