2016-10-14 00:04:26订单：付款成功，给了玩家相应的代金券
Array
(
    [discount] => 0.00
    [extra_common_param] => 1000
    [payment_type] => 1
    [subject] => 《诛仙yw》1000元代金券
    [trade_no] => 2016101321001004800270060346
    [buyer_email] => 174960848@qq.com
    [gmt_create] => 2016-10-13 14:39:57
    [notify_type] => trade_status_sync
    [quantity] => 1
    [out_trade_no] => 147634079393709
    [seller_id] => 2088021266234053
    [notify_time] => 2016-10-14 00:04:26
    [body] => 《诛仙yw》1000元代金券
    [trade_status] => TRADE_SUCCESS
    [is_total_fee_adjust] => N
    [total_fee] => 480.00
    [gmt_payment] => 2016-10-13 14:40:02
    [seller_email] => 867672678@qq.com
    [price] => 480.00
    [buyer_id] => 2088702663816803
    [notify_id] => 14efc40b8e435c9a9624b1974997d2bm6a
    [use_coupon] => N
    [sign_type] => MD5
    [sign] => 4129ff3ae5719fa58c172e6221fce8d3
)

2016-10-14 00:31:48订单：付款成功，给了玩家相应的代金券
Array
(
    [discount] => 0.00
    [extra_common_param] => 93
    [payment_type] => 1
    [subject] => 《龙战于野》93元代金券
    [trade_no] => 2016101321001004440229113030
    [buyer_email] => 283266479@qq.com
    [gmt_create] => 2016-10-13 15:06:07
    [notify_type] => trade_status_sync
    [quantity] => 1
    [out_trade_no] => 147634234715979
    [seller_id] => 2088021266234053
    [notify_time] => 2016-10-14 00:31:47
    [body] => 《龙战于野》93元代金券
    [trade_status] => TRADE_SUCCESS
    [is_total_fee_adjust] => N
    [total_fee] => 37.20
    [gmt_payment] => 2016-10-13 15:06:20
    [seller_email] => 867672678@qq.com
    [price] => 37.20
    [buyer_id] => 2088312127602442
    [notify_id] => de67d88174befd14946f57e63543d3cjea
    [use_coupon] => N
    [sign_type] => MD5
    [sign] => 9fb9334be484608934b5e793ff5ff2a7
)

2016-10-14 00:46:59订单：付款成功，给了玩家相应的代金券
Array
(
    [discount] => 0.00
    [extra_common_param] => 5120
    [payment_type] => 1
    [subject] => 《诛仙yw》5120元代金券
    [trade_no] => 2016101421001004800280128699
    [buyer_email] => 174960848@qq.com
    [gmt_create] => 2016-10-14 00:46:52
    [notify_type] => trade_status_sync
    [quantity] => 1
    [out_trade_no] => 147637720418744
    [seller_id] => 2088021266234053
    [notify_time] => 2016-10-14 00:46:57
    [body] => 《诛仙yw》5120元代金券
    [trade_status] => TRADE_SUCCESS
    [is_total_fee_adjust] => N
    [total_fee] => 2457.60
    [gmt_payment] => 2016-10-14 00:46:57
    [seller_email] => 867672678@qq.com
    [price] => 2457.60
    [buyer_id] => 2088702663816803
    [notify_id] => 3adc73ce9eb5c3de576221e9bd6ce4bm6a
    [use_coupon] => N
    [sign_type] => MD5
    [sign] => c74013ceaef83d48fba145350d1ab12d
)

2016-10-14 00:47:09订单：付款成功，给了玩家相应的代金券
Array
(
    [body] => 《诛仙yw》5120元代金券
    [buyer_email] => 174960848@qq.com
    [buyer_id] => 2088702663816803
    [exterface] => create_direct_pay_by_user
    [extra_common_param] => 5120
    [is_success] => T
    [notify_id] => RqPnCoPT3K9%2Fvwbh3InWeOeeZVM1ZEfoDL%2FGjzKrsA91FDotHJyJ9af2LPz6zH79KIU7
    [notify_time] => 2016-10-14 00:47:06
    [notify_type] => trade_status_sync
    [out_trade_no] => 147637720418744
    [payment_type] => 1
    [seller_email] => 867672678@qq.com
    [seller_id] => 2088021266234053
    [subject] => 《诛仙yw》5120元代金券
    [total_fee] => 2457.60
    [trade_no] => 2016101421001004800280128699
    [trade_status] => TRADE_SUCCESS
    [sign] => 9345f07ebdd994359022870ab39849ee
    [sign_type] => MD5
)

2016-10-14 00:50:16订单：付款成功，给了玩家相应的代金券
Array
(
    [discount] => 0.00
    [extra_common_param] => 5120
    [payment_type] => 1
    [subject] => 《诛仙yw》5120元代金券
    [trade_no] => 2016101421001004800280128699
    [buyer_email] => 174960848@qq.com
    [gmt_create] => 2016-10-14 00:46:52
    [notify_type] => trade_status_sync
    [quantity] => 1
    [out_trade_no] => 147637720418744
    [seller_id] => 2088021266234053
    [notify_time] => 2016-10-14 00:50:16
    [body] => 《诛仙yw》5120元代金券
    [trade_status] => TRADE_SUCCESS
    [is_total_fee_adjust] => N
    [total_fee] => 2457.60
    [gmt_payment] => 2016-10-14 00:46:57
    [seller_email] => 867672678@qq.com
    [price] => 2457.60
    [buyer_id] => 2088702663816803
    [notify_id] => 3adc73ce9eb5c3de576221e9bd6ce4bm6a
    [use_coupon] => N
    [sign_type] => MD5
    [sign] => f17e407b4ecc813c0625904ae443c491
)

2016-10-14 01:01:28订单：付款成功，给了玩家相应的代金券
Array
(
    [discount] => 0.00
    [extra_common_param] => 5120
    [payment_type] => 1
    [subject] => 《诛仙yw》5120元代金券
    [trade_no] => 2016101421001004800280128699
    [buyer_email] => 174960848@qq.com
    [gmt_create] => 2016-10-14 00:46:52
    [notify_type] => trade_status_sync
    [quantity] => 1
    [out_trade_no] => 147637720418744
    [seller_id] => 2088021266234053
    [notify_time] => 2016-10-14 01:01:28
    [body] => 《诛仙yw》5120元代金券
    [trade_status] => TRADE_SUCCESS
    [is_total_fee_adjust] => N
    [total_fee] => 2457.60
    [gmt_payment] => 2016-10-14 00:46:57
    [seller_email] => 867672678@qq.com
    [price] => 2457.60
    [buyer_id] => 2088702663816803
    [notify_id] => 3adc73ce9eb5c3de576221e9bd6ce4bm6a
    [use_coupon] => N
    [sign_type] => MD5
    [sign] => 04c8f46febb64fc84bc8c806e1663860
)

2016-10-14 01:10:08订单：付款成功，给了玩家相应的代金券
Array
(
    [discount] => 0.00
    [extra_common_param] => 5120
    [payment_type] => 1
    [subject] => 《诛仙yw》5120元代金券
    [trade_no] => 2016101421001004800280128699
    [buyer_email] => 174960848@qq.com
    [gmt_create] => 2016-10-14 00:46:52
    [notify_type] => trade_status_sync
    [quantity] => 1
    [out_trade_no] => 147637720418744
    [seller_id] => 2088021266234053
    [notify_time] => 2016-10-14 01:10:08
    [body] => 《诛仙yw》5120元代金券
    [trade_status] => TRADE_SUCCESS
    [is_total_fee_adjust] => N
    [total_fee] => 2457.60
    [gmt_payment] => 2016-10-14 00:46:57
    [seller_email] => 867672678@qq.com
    [price] => 2457.60
    [buyer_id] => 2088702663816803
    [notify_id] => 3adc73ce9eb5c3de576221e9bd6ce4bm6a
    [use_coupon] => N
    [sign_type] => MD5
    [sign] => fcc1f7d1783a5f46c2112248b60cddf6
)

2016-10-14 02:10:27订单：付款成功，给了玩家相应的代金券
Array
(
    [discount] => 0.00
    [extra_common_param] => 5120
    [payment_type] => 1
    [subject] => 《诛仙yw》5120元代金券
    [trade_no] => 2016101421001004800280128699
    [buyer_email] => 174960848@qq.com
    [gmt_create] => 2016-10-14 00:46:52
    [notify_type] => trade_status_sync
    [quantity] => 1
    [out_trade_no] => 147637720418744
    [seller_id] => 2088021266234053
    [notify_time] => 2016-10-14 02:10:27
    [body] => 《诛仙yw》5120元代金券
    [trade_status] => TRADE_SUCCESS
    [is_total_fee_adjust] => N
    [total_fee] => 2457.60
    [gmt_payment] => 2016-10-14 00:46:57
    [seller_email] => 867672678@qq.com
    [price] => 2457.60
    [buyer_id] => 2088702663816803
    [notify_id] => 3adc73ce9eb5c3de576221e9bd6ce4bm6a
    [use_coupon] => N
    [sign_type] => MD5
    [sign] => 923a6385cc015698ef201c7aa04b052b
)

2016-10-14 04:10:11订单：付款成功，给了玩家相应的代金券
Array
(
    [discount] => 0.00
    [extra_common_param] => 5120
    [payment_type] => 1
    [subject] => 《诛仙yw》5120元代金券
    [trade_no] => 2016101421001004800280128699
    [buyer_email] => 174960848@qq.com
    [gmt_create] => 2016-10-14 00:46:52
    [notify_type] => trade_status_sync
    [quantity] => 1
    [out_trade_no] => 147637720418744
    [seller_id] => 2088021266234053
    [notify_time] => 2016-10-14 04:10:11
    [body] => 《诛仙yw》5120元代金券
    [trade_status] => TRADE_SUCCESS
    [is_total_fee_adjust] => N
    [total_fee] => 2457.60
    [gmt_payment] => 2016-10-14 00:46:57
    [seller_email] => 867672678@qq.com
    [price] => 2457.60
    [buyer_id] => 2088702663816803
    [notify_id] => 3adc73ce9eb5c3de576221e9bd6ce4bm6a
    [use_coupon] => N
    [sign_type] => MD5
    [sign] => 570207d35aa8b2f29af3d44e4532b62e
)

2016-10-14 05:10:24订单：付款成功，给了玩家相应的代金券
Array
(
    [discount] => 0.00
    [extra_common_param] => 200
    [payment_type] => 1
    [subject] => 《龙战于野》200元代金券
    [trade_no] => 2016101321001004100260297855
    [buyer_email] => zhengwanyi@hotmail.com
    [gmt_create] => 2016-10-13 19:44:43
    [notify_type] => trade_status_sync
    [quantity] => 1
    [out_trade_no] => 147635905644088
    [seller_id] => 2088021266234053
    [notify_time] => 2016-10-14 05:10:24
    [body] => 《龙战于野》200元代金券
    [trade_status] => TRADE_SUCCESS
    [is_total_fee_adjust] => N
    [total_fee] => 80.00
    [gmt_payment] => 2016-10-13 19:44:45
    [seller_email] => 867672678@qq.com
    [price] => 80.00
    [buyer_id] => 2088002293236104
    [notify_id] => 604d11c79a216a6ea642a4e9538f08cgru
    [use_coupon] => N
    [sign_type] => MD5
    [sign] => c706d55e563efb00177fae49668e125d
)

2016-10-14 09:58:13订单：付款成功，给了玩家相应的代金券
Array
(
    [discount] => 0.00
    [extra_common_param] => 300
    [payment_type] => 1
    [subject] => 《诛仙yw》300元代金券
    [trade_no] => 2016101321001004800265605744
    [buyer_email] => 174960848@qq.com
    [gmt_create] => 2016-10-13 09:34:54
    [notify_type] => trade_status_sync
    [quantity] => 1
    [out_trade_no] => 147632249141488
    [seller_id] => 2088021266234053
    [notify_time] => 2016-10-14 09:58:12
    [body] => 《诛仙yw》300元代金券
    [trade_status] => TRADE_SUCCESS
    [is_total_fee_adjust] => N
    [total_fee] => 144.00
    [gmt_payment] => 2016-10-13 09:34:59
    [seller_email] => 867672678@qq.com
    [price] => 144.00
    [buyer_id] => 2088702663816803
    [notify_id] => e48f1fe0a7e0d7c7e68e96b42fce640m6a
    [use_coupon] => N
    [sign_type] => MD5
    [sign] => a2282c416d721c192cbd3c2cb6e57b4e
)

2016-10-14 10:10:09订单：付款成功，给了玩家相应的代金券
Array
(
    [discount] => 0.00
    [extra_common_param] => 5120
    [payment_type] => 1
    [subject] => 《诛仙yw》5120元代金券
    [trade_no] => 2016101421001004800280128699
    [buyer_email] => 174960848@qq.com
    [gmt_create] => 2016-10-14 00:46:52
    [notify_type] => trade_status_sync
    [quantity] => 1
    [out_trade_no] => 147637720418744
    [seller_id] => 2088021266234053
    [notify_time] => 2016-10-14 10:10:08
    [body] => 《诛仙yw》5120元代金券
    [trade_status] => TRADE_SUCCESS
    [is_total_fee_adjust] => N
    [total_fee] => 2457.60
    [gmt_payment] => 2016-10-14 00:46:57
    [seller_email] => 867672678@qq.com
    [price] => 2457.60
    [buyer_id] => 2088702663816803
    [notify_id] => 3adc73ce9eb5c3de576221e9bd6ce4bm6a
    [use_coupon] => N
    [sign_type] => MD5
    [sign] => 3d0221f03a97dd301edf5117b79dcf7c
)

2016-10-14 10:33:27订单：付款成功，给了玩家相应的代金券
Array
(
    [discount] => 0.00
    [extra_common_param] => 1000
    [payment_type] => 1
    [subject] => 《诛仙yw》1000元代金券
    [trade_no] => 2016101421001004800269937885
    [buyer_email] => 174960848@qq.com
    [gmt_create] => 2016-10-14 10:33:21
    [notify_type] => trade_status_sync
    [quantity] => 1
    [out_trade_no] => 147641239706023
    [seller_id] => 2088021266234053
    [notify_time] => 2016-10-14 10:33:27
    [body] => 《诛仙yw》1000元代金券
    [trade_status] => TRADE_SUCCESS
    [is_total_fee_adjust] => N
    [total_fee] => 480.00
    [gmt_payment] => 2016-10-14 10:33:26
    [seller_email] => 867672678@qq.com
    [price] => 480.00
    [buyer_id] => 2088702663816803
    [notify_id] => 98cef3abdf8ca44372f903930dd97fam6a
    [use_coupon] => N
    [sign_type] => MD5
    [sign] => 7d4a719bfd6ab42d6e53d20834b5fe60
)

2016-10-14 10:33:40订单：付款成功，给了玩家相应的代金券
Array
(
    [body] => 《诛仙yw》1000元代金券
    [buyer_email] => 174960848@qq.com
    [buyer_id] => 2088702663816803
    [exterface] => create_direct_pay_by_user
    [extra_common_param] => 1000
    [is_success] => T
    [notify_id] => RqPnCoPT3K9%2Fvwbh3InWeOAU7XzckldnyT9GAmCR7ZD0OYNBMqJ7eGyGniPKo2nyqIJo
    [notify_time] => 2016-10-14 10:33:36
    [notify_type] => trade_status_sync
    [out_trade_no] => 147641239706023
    [payment_type] => 1
    [seller_email] => 867672678@qq.com
    [seller_id] => 2088021266234053
    [subject] => 《诛仙yw》1000元代金券
    [total_fee] => 480.00
    [trade_no] => 2016101421001004800269937885
    [trade_status] => TRADE_SUCCESS
    [sign] => 2ca01f91d98111d96798fa20bd53a63c
    [sign_type] => MD5
)

2016-10-14 10:37:28订单：付款成功，给了玩家相应的代金券
Array
(
    [discount] => 0.00
    [extra_common_param] => 1000
    [payment_type] => 1
    [subject] => 《诛仙yw》1000元代金券
    [trade_no] => 2016101421001004800269937885
    [buyer_email] => 174960848@qq.com
    [gmt_create] => 2016-10-14 10:33:21
    [notify_type] => trade_status_sync
    [quantity] => 1
    [out_trade_no] => 147641239706023
    [seller_id] => 2088021266234053
    [notify_time] => 2016-10-14 10:37:28
    [body] => 《诛仙yw》1000元代金券
    [trade_status] => TRADE_SUCCESS
    [is_total_fee_adjust] => N
    [total_fee] => 480.00
    [gmt_payment] => 2016-10-14 10:33:26
    [seller_email] => 867672678@qq.com
    [price] => 480.00
    [buyer_id] => 2088702663816803
    [notify_id] => 98cef3abdf8ca44372f903930dd97fam6a
    [use_coupon] => N
    [sign_type] => MD5
    [sign] => d785b14d5dda01b7c031d46b29990392
)

2016-10-14 10:40:33订单：付款成功，给了玩家相应的代金券
Array
(
    [discount] => 0.00
    [extra_common_param] => 266
    [payment_type] => 1
    [subject] => 《龙战于野》266元代金券
    [trade_no] => 2016101321001004440232130715
    [buyer_email] => 283266479@qq.com
    [gmt_create] => 2016-10-13 10:16:42
    [notify_type] => trade_status_sync
    [quantity] => 1
    [out_trade_no] => 147632499416742
    [seller_id] => 2088021266234053
    [notify_time] => 2016-10-14 10:40:33
    [body] => 《龙战于野》266元代金券
    [trade_status] => TRADE_SUCCESS
    [is_total_fee_adjust] => N
    [total_fee] => 106.40
    [gmt_payment] => 2016-10-13 10:16:55
    [seller_email] => 867672678@qq.com
    [price] => 106.40
    [buyer_id] => 2088312127602442
    [notify_id] => facf409010678c6c4a7202a4bdc512djea
    [use_coupon] => N
    [sign_type] => MD5
    [sign] => 6c30a18a4fb7527b5760cb53e1eaa799
)

2016-10-14 10:48:34订单：付款成功，给了玩家相应的代金券
Array
(
    [discount] => 0.00
    [extra_common_param] => 1000
    [payment_type] => 1
    [subject] => 《诛仙yw》1000元代金券
    [trade_no] => 2016101421001004800269937885
    [buyer_email] => 174960848@qq.com
    [gmt_create] => 2016-10-14 10:33:21
    [notify_type] => trade_status_sync
    [quantity] => 1
    [out_trade_no] => 147641239706023
    [seller_id] => 2088021266234053
    [notify_time] => 2016-10-14 10:48:34
    [body] => 《诛仙yw》1000元代金券
    [trade_status] => TRADE_SUCCESS
    [is_total_fee_adjust] => N
    [total_fee] => 480.00
    [gmt_payment] => 2016-10-14 10:33:26
    [seller_email] => 867672678@qq.com
    [price] => 480.00
    [buyer_id] => 2088702663816803
    [notify_id] => 98cef3abdf8ca44372f903930dd97fam6a
    [use_coupon] => N
    [sign_type] => MD5
    [sign] => da6f6dd03998cf3459fe790a81431c4a
)

2016-10-14 10:57:17订单：付款成功，给了玩家相应的代金券
Array
(
    [discount] => 0.00
    [extra_common_param] => 1000
    [payment_type] => 1
    [subject] => 《诛仙yw》1000元代金券
    [trade_no] => 2016101421001004800269937885
    [buyer_email] => 174960848@qq.com
    [gmt_create] => 2016-10-14 10:33:21
    [notify_type] => trade_status_sync
    [quantity] => 1
    [out_trade_no] => 147641239706023
    [seller_id] => 2088021266234053
    [notify_time] => 2016-10-14 10:57:17
    [body] => 《诛仙yw》1000元代金券
    [trade_status] => TRADE_SUCCESS
    [is_total_fee_adjust] => N
    [total_fee] => 480.00
    [gmt_payment] => 2016-10-14 10:33:26
    [seller_email] => 867672678@qq.com
    [price] => 480.00
    [buyer_id] => 2088702663816803
    [notify_id] => 98cef3abdf8ca44372f903930dd97fam6a
    [use_coupon] => N
    [sign_type] => MD5
    [sign] => d50e2dd074aef72aad2281c1808a6813
)

2016-10-14 11:58:40订单：付款成功，给了玩家相应的代金券
Array
(
    [discount] => 0.00
    [extra_common_param] => 1000
    [payment_type] => 1
    [subject] => 《诛仙yw》1000元代金券
    [trade_no] => 2016101421001004800269937885
    [buyer_email] => 174960848@qq.com
    [gmt_create] => 2016-10-14 10:33:21
    [notify_type] => trade_status_sync
    [quantity] => 1
    [out_trade_no] => 147641239706023
    [seller_id] => 2088021266234053
    [notify_time] => 2016-10-14 11:58:39
    [body] => 《诛仙yw》1000元代金券
    [trade_status] => TRADE_SUCCESS
    [is_total_fee_adjust] => N
    [total_fee] => 480.00
    [gmt_payment] => 2016-10-14 10:33:26
    [seller_email] => 867672678@qq.com
    [price] => 480.00
    [buyer_id] => 2088702663816803
    [notify_id] => 98cef3abdf8ca44372f903930dd97fam6a
    [use_coupon] => N
    [sign_type] => MD5
    [sign] => 5e8cbc8d587538c23e209f3a01275d59
)

2016-10-14 12:08:29订单：付款成功，给了玩家相应的代金券
Array
(
    [discount] => 0.00
    [extra_common_param] => 30
    [payment_type] => 1
    [subject] => 《龙战于野》30元代金券
    [trade_no] => 2016101321001004100251866950
    [buyer_email] => zhengwanyi@hotmail.com
    [gmt_create] => 2016-10-13 11:44:39
    [notify_type] => trade_status_sync
    [quantity] => 1
    [out_trade_no] => 147633025242045
    [seller_id] => 2088021266234053
    [notify_time] => 2016-10-14 12:08:29
    [body] => 《龙战于野》30元代金券
    [trade_status] => TRADE_SUCCESS
    [is_total_fee_adjust] => N
    [total_fee] => 12.00
    [gmt_payment] => 2016-10-13 11:44:42
    [seller_email] => 867672678@qq.com
    [price] => 12.00
    [buyer_id] => 2088002293236104
    [notify_id] => 190544e1caab3698861d5df91b97ccagru
    [use_coupon] => N
    [sign_type] => MD5
    [sign] => 22d1885efb1b26c4bace12fde2bfb213
)

2016-10-14 12:37:38订单：付款成功，给了玩家相应的代金券
Array
(
    [discount] => 0.00
    [extra_common_param] => 30
    [payment_type] => 1
    [subject] => 《龙战于野》30元代金券
    [trade_no] => 2016101421001004440235413439
    [buyer_email] => 283266479@qq.com
    [gmt_create] => 2016-10-14 12:37:25
    [notify_type] => trade_status_sync
    [quantity] => 1
    [out_trade_no] => 147641983119576
    [seller_id] => 2088021266234053
    [notify_time] => 2016-10-14 12:37:38
    [body] => 《龙战于野》30元代金券
    [trade_status] => TRADE_SUCCESS
    [is_total_fee_adjust] => N
    [total_fee] => 12.00
    [gmt_payment] => 2016-10-14 12:37:38
    [seller_email] => 867672678@qq.com
    [price] => 12.00
    [buyer_id] => 2088312127602442
    [notify_id] => 0a55f8c0eaee5772d4bfb985eff6091jea
    [use_coupon] => N
    [sign_type] => MD5
    [sign] => dfa634104f5f9793f4e9b7213689d338
)

2016-10-14 12:37:51订单：付款成功，给了玩家相应的代金券
Array
(
    [body] => 《龙战于野》30元代金券
    [buyer_email] => 283266479@qq.com
    [buyer_id] => 2088312127602442
    [exterface] => create_direct_pay_by_user
    [extra_common_param] => 30
    [is_success] => T
    [notify_id] => RqPnCoPT3K9%2Fvwbh3InWeOAU5nxnr21QNu9wgcxw%2FRq4GMq3MJivosRFlMky6ubnVQhU
    [notify_time] => 2016-10-14 12:37:47
    [notify_type] => trade_status_sync
    [out_trade_no] => 147641983119576
    [payment_type] => 1
    [seller_email] => 867672678@qq.com
    [seller_id] => 2088021266234053
    [subject] => 《龙战于野》30元代金券
    [total_fee] => 12.00
    [trade_no] => 2016101421001004440235413439
    [trade_status] => TRADE_SUCCESS
    [sign] => 19f5479b68236e6052164d9daf6b2587
    [sign_type] => MD5
)

2016-10-14 12:41:28订单：付款成功，给了玩家相应的代金券
Array
(
    [discount] => 0.00
    [extra_common_param] => 30
    [payment_type] => 1
    [subject] => 《龙战于野》30元代金券
    [trade_no] => 2016101421001004440235413439
    [buyer_email] => 283266479@qq.com
    [gmt_create] => 2016-10-14 12:37:25
    [notify_type] => trade_status_sync
    [quantity] => 1
    [out_trade_no] => 147641983119576
    [seller_id] => 2088021266234053
    [notify_time] => 2016-10-14 12:41:27
    [body] => 《龙战于野》30元代金券
    [trade_status] => TRADE_SUCCESS
    [is_total_fee_adjust] => N
    [total_fee] => 12.00
    [gmt_payment] => 2016-10-14 12:37:38
    [seller_email] => 867672678@qq.com
    [price] => 12.00
    [buyer_id] => 2088312127602442
    [notify_id] => 0a55f8c0eaee5772d4bfb985eff6091jea
    [use_coupon] => N
    [sign_type] => MD5
    [sign] => f0920c458d667b4de0c58cc76fd6bba3
)

2016-10-14 12:52:45订单：付款成功，给了玩家相应的代金券
Array
(
    [discount] => 0.00
    [extra_common_param] => 30
    [payment_type] => 1
    [subject] => 《龙战于野》30元代金券
    [trade_no] => 2016101421001004440235413439
    [buyer_email] => 283266479@qq.com
    [gmt_create] => 2016-10-14 12:37:25
    [notify_type] => trade_status_sync
    [quantity] => 1
    [out_trade_no] => 147641983119576
    [seller_id] => 2088021266234053
    [notify_time] => 2016-10-14 12:52:45
    [body] => 《龙战于野》30元代金券
    [trade_status] => TRADE_SUCCESS
    [is_total_fee_adjust] => N
    [total_fee] => 12.00
    [gmt_payment] => 2016-10-14 12:37:38
    [seller_email] => 867672678@qq.com
    [price] => 12.00
    [buyer_id] => 2088312127602442
    [notify_id] => 0a55f8c0eaee5772d4bfb985eff6091jea
    [use_coupon] => N
    [sign_type] => MD5
    [sign] => 591561b34106e4e0b3280fb0ae90206c
)

2016-10-14 13:01:07订单：付款成功，给了玩家相应的代金券
Array
(
    [discount] => 0.00
    [extra_common_param] => 30
    [payment_type] => 1
    [subject] => 《龙战于野》30元代金券
    [trade_no] => 2016101421001004440235413439
    [buyer_email] => 283266479@qq.com
    [gmt_create] => 2016-10-14 12:37:25
    [notify_type] => trade_status_sync
    [quantity] => 1
    [out_trade_no] => 147641983119576
    [seller_id] => 2088021266234053
    [notify_time] => 2016-10-14 13:01:06
    [body] => 《龙战于野》30元代金券
    [trade_status] => TRADE_SUCCESS
    [is_total_fee_adjust] => N
    [total_fee] => 12.00
    [gmt_payment] => 2016-10-14 12:37:38
    [seller_email] => 867672678@qq.com
    [price] => 12.00
    [buyer_id] => 2088312127602442
    [notify_id] => 0a55f8c0eaee5772d4bfb985eff6091jea
    [use_coupon] => N
    [sign_type] => MD5
    [sign] => 27a9436cb24836fa9e57d8f70d1c955e
)

2016-10-14 13:16:28订单：付款成功，给了玩家相应的代金券
Array
(
    [discount] => 0.00
    [extra_common_param] => 1980
    [payment_type] => 1
    [subject] => 《龙战于野》1980元代金券
    [trade_no] => 2016101421001004100271958084
    [buyer_email] => zhengwanyi@hotmail.com
    [gmt_create] => 2016-10-14 13:16:19
    [notify_type] => trade_status_sync
    [quantity] => 1
    [out_trade_no] => 147642216654064
    [seller_id] => 2088021266234053
    [notify_time] => 2016-10-14 13:16:28
    [body] => 《龙战于野》1980元代金券
    [trade_status] => TRADE_SUCCESS
    [is_total_fee_adjust] => N
    [total_fee] => 792.00
    [gmt_payment] => 2016-10-14 13:16:28
    [seller_email] => 867672678@qq.com
    [price] => 792.00
    [buyer_id] => 2088002293236104
    [notify_id] => 854222d30409d66fce08a79e754d62cgru
    [use_coupon] => N
    [sign_type] => MD5
    [sign] => a2d8b790da98e28d82c3c1715f05ded6
)

2016-10-14 13:16:40订单：付款成功，给了玩家相应的代金券
Array
(
    [body] => 《龙战于野》1980元代金券
    [buyer_email] => zhengwanyi@hotmail.com
    [buyer_id] => 2088002293236104
    [exterface] => create_direct_pay_by_user
    [extra_common_param] => 1980
    [is_success] => T
    [notify_id] => RqPnCoPT3K9%2Fvwbh3InWeOAX5sbydhIVqJvhyAErGXDqXlxL877jC4rpO7iXkC%2BWudp4
    [notify_time] => 2016-10-14 13:16:36
    [notify_type] => trade_status_sync
    [out_trade_no] => 147642216654064
    [payment_type] => 1
    [seller_email] => 867672678@qq.com
    [seller_id] => 2088021266234053
    [subject] => 《龙战于野》1980元代金券
    [total_fee] => 792.00
    [trade_no] => 2016101421001004100271958084
    [trade_status] => TRADE_SUCCESS
    [sign] => d9c3b2af0c10383d89914ed1fa3cc260
    [sign_type] => MD5
)

2016-10-14 13:20:36订单：付款成功，给了玩家相应的代金券
Array
(
    [discount] => 0.00
    [extra_common_param] => 1980
    [payment_type] => 1
    [subject] => 《龙战于野》1980元代金券
    [trade_no] => 2016101421001004100271958084
    [buyer_email] => zhengwanyi@hotmail.com
    [gmt_create] => 2016-10-14 13:16:19
    [notify_type] => trade_status_sync
    [quantity] => 1
    [out_trade_no] => 147642216654064
    [seller_id] => 2088021266234053
    [notify_time] => 2016-10-14 13:20:36
    [body] => 《龙战于野》1980元代金券
    [trade_status] => TRADE_SUCCESS
    [is_total_fee_adjust] => N
    [total_fee] => 792.00
    [gmt_payment] => 2016-10-14 13:16:28
    [seller_email] => 867672678@qq.com
    [price] => 792.00
    [buyer_id] => 2088002293236104
    [notify_id] => 854222d30409d66fce08a79e754d62cgru
    [use_coupon] => N
    [sign_type] => MD5
    [sign] => 8b9e9fd5a65f5776b180bc0107a4fd53
)

2016-10-14 13:31:52订单：付款成功，给了玩家相应的代金券
Array
(
    [discount] => 0.00
    [extra_common_param] => 1980
    [payment_type] => 1
    [subject] => 《龙战于野》1980元代金券
    [trade_no] => 2016101421001004100271958084
    [buyer_email] => zhengwanyi@hotmail.com
    [gmt_create] => 2016-10-14 13:16:19
    [notify_type] => trade_status_sync
    [quantity] => 1
    [out_trade_no] => 147642216654064
    [seller_id] => 2088021266234053
    [notify_time] => 2016-10-14 13:31:52
    [body] => 《龙战于野》1980元代金券
    [trade_status] => TRADE_SUCCESS
    [is_total_fee_adjust] => N
    [total_fee] => 792.00
    [gmt_payment] => 2016-10-14 13:16:28
    [seller_email] => 867672678@qq.com
    [price] => 792.00
    [buyer_id] => 2088002293236104
    [notify_id] => 854222d30409d66fce08a79e754d62cgru
    [use_coupon] => N
    [sign_type] => MD5
    [sign] => da9bc3709f25d6e852e26dca47c76bfc
)

2016-10-14 13:40:21订单：付款成功，给了玩家相应的代金券
Array
(
    [discount] => 0.00
    [extra_common_param] => 1980
    [payment_type] => 1
    [subject] => 《龙战于野》1980元代金券
    [trade_no] => 2016101421001004100271958084
    [buyer_email] => zhengwanyi@hotmail.com
    [gmt_create] => 2016-10-14 13:16:19
    [notify_type] => trade_status_sync
    [quantity] => 1
    [out_trade_no] => 147642216654064
    [seller_id] => 2088021266234053
    [notify_time] => 2016-10-14 13:40:21
    [body] => 《龙战于野》1980元代金券
    [trade_status] => TRADE_SUCCESS
    [is_total_fee_adjust] => N
    [total_fee] => 792.00
    [gmt_payment] => 2016-10-14 13:16:28
    [seller_email] => 867672678@qq.com
    [price] => 792.00
    [buyer_id] => 2088002293236104
    [notify_id] => 854222d30409d66fce08a79e754d62cgru
    [use_coupon] => N
    [sign_type] => MD5
    [sign] => 31b07b5e14b428a8d67a2fde8b4d6174
)

2016-10-14 13:58:38订单：付款成功，给了玩家相应的代金券
Array
(
    [discount] => 0.00
    [extra_common_param] => 1000
    [payment_type] => 1
    [subject] => 《诛仙yw》1000元代金券
    [trade_no] => 2016101421001004800269937885
    [buyer_email] => 174960848@qq.com
    [gmt_create] => 2016-10-14 10:33:21
    [notify_type] => trade_status_sync
    [quantity] => 1
    [out_trade_no] => 147641239706023
    [seller_id] => 2088021266234053
    [notify_time] => 2016-10-14 13:58:38
    [body] => 《诛仙yw》1000元代金券
    [trade_status] => TRADE_SUCCESS
    [is_total_fee_adjust] => N
    [total_fee] => 480.00
    [gmt_payment] => 2016-10-14 10:33:26
    [seller_email] => 867672678@qq.com
    [price] => 480.00
    [buyer_id] => 2088702663816803
    [notify_id] => 98cef3abdf8ca44372f903930dd97fam6a
    [use_coupon] => N
    [sign_type] => MD5
    [sign] => c08d501e9874eaaeaefb3fc53eef8f4d
)

2016-10-14 14:01:11订单：付款成功，给了玩家相应的代金券
Array
(
    [discount] => 0.00
    [extra_common_param] => 30
    [payment_type] => 1
    [subject] => 《龙战于野》30元代金券
    [trade_no] => 2016101421001004440235413439
    [buyer_email] => 283266479@qq.com
    [gmt_create] => 2016-10-14 12:37:25
    [notify_type] => trade_status_sync
    [quantity] => 1
    [out_trade_no] => 147641983119576
    [seller_id] => 2088021266234053
    [notify_time] => 2016-10-14 14:01:11
    [body] => 《龙战于野》30元代金券
    [trade_status] => TRADE_SUCCESS
    [is_total_fee_adjust] => N
    [total_fee] => 12.00
    [gmt_payment] => 2016-10-14 12:37:38
    [seller_email] => 867672678@qq.com
    [price] => 12.00
    [buyer_id] => 2088312127602442
    [notify_id] => 0a55f8c0eaee5772d4bfb985eff6091jea
    [use_coupon] => N
    [sign_type] => MD5
    [sign] => 9d5c4270945a6920ef84c41b7c5919db
)

2016-10-14 14:40:21订单：付款成功，给了玩家相应的代金券
Array
(
    [discount] => 0.00
    [extra_common_param] => 1980
    [payment_type] => 1
    [subject] => 《龙战于野》1980元代金券
    [trade_no] => 2016101421001004100271958084
    [buyer_email] => zhengwanyi@hotmail.com
    [gmt_create] => 2016-10-14 13:16:19
    [notify_type] => trade_status_sync
    [quantity] => 1
    [out_trade_no] => 147642216654064
    [seller_id] => 2088021266234053
    [notify_time] => 2016-10-14 14:40:21
    [body] => 《龙战于野》1980元代金券
    [trade_status] => TRADE_SUCCESS
    [is_total_fee_adjust] => N
    [total_fee] => 792.00
    [gmt_payment] => 2016-10-14 13:16:28
    [seller_email] => 867672678@qq.com
    [price] => 792.00
    [buyer_id] => 2088002293236104
    [notify_id] => 854222d30409d66fce08a79e754d62cgru
    [use_coupon] => N
    [sign_type] => MD5
    [sign] => 195a7a0dbcb6bf17520e5a6513ad02e7
)

2016-10-14 14:56:55订单：付款成功，给了玩家相应的代金券
Array
(
    [discount] => 0.00
    [extra_common_param] => 400
    [payment_type] => 1
    [subject] => 《御剑情缘》400元代金券
    [trade_no] => 2016101321001004910277943843
    [buyer_email] => 13922211245
    [gmt_create] => 2016-10-13 14:31:23
    [notify_type] => trade_status_sync
    [quantity] => 1
    [out_trade_no] => 147634022289322
    [seller_id] => 2088021266234053
    [notify_time] => 2016-10-14 14:56:53
    [body] => 《御剑情缘》400元代金券
    [trade_status] => TRADE_SUCCESS
    [is_total_fee_adjust] => N
    [total_fee] => 200.00
    [gmt_payment] => 2016-10-13 14:31:31
    [seller_email] => 867672678@qq.com
    [price] => 200.00
    [buyer_id] => 2088312643761911
    [notify_id] => 59ea53734db993d5d27bc9ff8c5b0b9n0u
    [use_coupon] => N
    [sign_type] => MD5
    [sign] => f3baba89e32931f054aeeeee12f40f12
)

2016-10-14 15:04:16订单：付款成功，给了玩家相应的代金券
Array
(
    [discount] => 0.00
    [extra_common_param] => 1000
    [payment_type] => 1
    [subject] => 《诛仙yw》1000元代金券
    [trade_no] => 2016101321001004800270060346
    [buyer_email] => 174960848@qq.com
    [gmt_create] => 2016-10-13 14:39:57
    [notify_type] => trade_status_sync
    [quantity] => 1
    [out_trade_no] => 147634079393709
    [seller_id] => 2088021266234053
    [notify_time] => 2016-10-14 15:04:16
    [body] => 《诛仙yw》1000元代金券
    [trade_status] => TRADE_SUCCESS
    [is_total_fee_adjust] => N
    [total_fee] => 480.00
    [gmt_payment] => 2016-10-13 14:40:02
    [seller_email] => 867672678@qq.com
    [price] => 480.00
    [buyer_id] => 2088702663816803
    [notify_id] => 14efc40b8e435c9a9624b1974997d2bm6a
    [use_coupon] => N
    [sign_type] => MD5
    [sign] => 35e7a5a4ec3058fbe0810643ed2b6375
)

2016-10-14 15:30:25订单：付款成功，给了玩家相应的代金券
Array
(
    [discount] => 0.00
    [extra_common_param] => 93
    [payment_type] => 1
    [subject] => 《龙战于野》93元代金券
    [trade_no] => 2016101321001004440229113030
    [buyer_email] => 283266479@qq.com
    [gmt_create] => 2016-10-13 15:06:07
    [notify_type] => trade_status_sync
    [quantity] => 1
    [out_trade_no] => 147634234715979
    [seller_id] => 2088021266234053
    [notify_time] => 2016-10-14 15:30:25
    [body] => 《龙战于野》93元代金券
    [trade_status] => TRADE_SUCCESS
    [is_total_fee_adjust] => N
    [total_fee] => 37.20
    [gmt_payment] => 2016-10-13 15:06:20
    [seller_email] => 867672678@qq.com
    [price] => 37.20
    [buyer_id] => 2088312127602442
    [notify_id] => de67d88174befd14946f57e63543d3cjea
    [use_coupon] => N
    [sign_type] => MD5
    [sign] => 2ffca0d1a11325f09e6927f1942fc9ee
)

2016-10-14 16:01:32订单：付款成功，给了玩家相应的代金券
Array
(
    [discount] => 0.00
    [extra_common_param] => 30
    [payment_type] => 1
    [subject] => 《龙战于野》30元代金券
    [trade_no] => 2016101421001004440235413439
    [buyer_email] => 283266479@qq.com
    [gmt_create] => 2016-10-14 12:37:25
    [notify_type] => trade_status_sync
    [quantity] => 1
    [out_trade_no] => 147641983119576
    [seller_id] => 2088021266234053
    [notify_time] => 2016-10-14 16:01:32
    [body] => 《龙战于野》30元代金券
    [trade_status] => TRADE_SUCCESS
    [is_total_fee_adjust] => N
    [total_fee] => 12.00
    [gmt_payment] => 2016-10-14 12:37:38
    [seller_email] => 867672678@qq.com
    [price] => 12.00
    [buyer_id] => 2088312127602442
    [notify_id] => 0a55f8c0eaee5772d4bfb985eff6091jea
    [use_coupon] => N
    [sign_type] => MD5
    [sign] => edf3c5e34d12e44bc15881119a804362
)

2016-10-14 16:34:55订单：付款成功，给了玩家相应的代金券
Array
(
    [discount] => 0.00
    [extra_common_param] => 172
    [payment_type] => 1
    [subject] => 《诛仙yw》172元代金券
    [trade_no] => 2016101421001004800282424891
    [buyer_email] => 174960848@qq.com
    [gmt_create] => 2016-10-14 16:34:49
    [notify_type] => trade_status_sync
    [quantity] => 1
    [out_trade_no] => 147643408671263
    [seller_id] => 2088021266234053
    [notify_time] => 2016-10-14 16:34:55
    [body] => 《诛仙yw》172元代金券
    [trade_status] => TRADE_SUCCESS
    [is_total_fee_adjust] => N
    [total_fee] => 82.60
    [gmt_payment] => 2016-10-14 16:34:54
    [seller_email] => 867672678@qq.com
    [price] => 82.60
    [buyer_id] => 2088702663816803
    [notify_id] => e710534222626a07b8ea65b54fe7aecm6a
    [use_coupon] => N
    [sign_type] => MD5
    [sign] => 9a87c5e362a0426d34c0830cb063de2f
)

2016-10-14 16:35:06订单：付款成功，给了玩家相应的代金券
Array
(
    [body] => 《诛仙yw》172元代金券
    [buyer_email] => 174960848@qq.com
    [buyer_id] => 2088702663816803
    [exterface] => create_direct_pay_by_user
    [extra_common_param] => 172
    [is_success] => T
    [notify_id] => RqPnCoPT3K9%2Fvwbh3InWeOAWISKsPBWAO2X%2Bk2tVMMi0X7nb2%2FAyRLJNidkNv%2FY5HZMF
    [notify_time] => 2016-10-14 16:35:02
    [notify_type] => trade_status_sync
    [out_trade_no] => 147643408671263
    [payment_type] => 1
    [seller_email] => 867672678@qq.com
    [seller_id] => 2088021266234053
    [subject] => 《诛仙yw》172元代金券
    [total_fee] => 82.60
    [trade_no] => 2016101421001004800282424891
    [trade_status] => TRADE_SUCCESS
    [sign] => c29349236aa49316dfd2375d7fd73848
    [sign_type] => MD5
)

2016-10-14 16:38:40订单：付款成功，给了玩家相应的代金券
Array
(
    [discount] => 0.00
    [extra_common_param] => 172
    [payment_type] => 1
    [subject] => 《诛仙yw》172元代金券
    [trade_no] => 2016101421001004800282424891
    [buyer_email] => 174960848@qq.com
    [gmt_create] => 2016-10-14 16:34:49
    [notify_type] => trade_status_sync
    [quantity] => 1
    [out_trade_no] => 147643408671263
    [seller_id] => 2088021266234053
    [notify_time] => 2016-10-14 16:38:40
    [body] => 《诛仙yw》172元代金券
    [trade_status] => TRADE_SUCCESS
    [is_total_fee_adjust] => N
    [total_fee] => 82.60
    [gmt_payment] => 2016-10-14 16:34:54
    [seller_email] => 867672678@qq.com
    [price] => 82.60
    [buyer_id] => 2088702663816803
    [notify_id] => e710534222626a07b8ea65b54fe7aecm6a
    [use_coupon] => N
    [sign_type] => MD5
    [sign] => 9dee4a1fa44590f7200aa8fc69671e7d
)

2016-10-14 16:40:35订单：付款成功，给了玩家相应的代金券
Array
(
    [discount] => 0.00
    [extra_common_param] => 1980
    [payment_type] => 1
    [subject] => 《龙战于野》1980元代金券
    [trade_no] => 2016101421001004100271958084
    [buyer_email] => zhengwanyi@hotmail.com
    [gmt_create] => 2016-10-14 13:16:19
    [notify_type] => trade_status_sync
    [quantity] => 1
    [out_trade_no] => 147642216654064
    [seller_id] => 2088021266234053
    [notify_time] => 2016-10-14 16:40:35
    [body] => 《龙战于野》1980元代金券
    [trade_status] => TRADE_SUCCESS
    [is_total_fee_adjust] => N
    [total_fee] => 792.00
    [gmt_payment] => 2016-10-14 13:16:28
    [seller_email] => 867672678@qq.com
    [price] => 792.00
    [buyer_id] => 2088002293236104
    [notify_id] => 854222d30409d66fce08a79e754d62cgru
    [use_coupon] => N
    [sign_type] => MD5
    [sign] => f9f343130ecac95b83e876c7bec7c317
)

2016-10-14 16:49:42订单：付款成功，给了玩家相应的代金券
Array
(
    [discount] => 0.00
    [extra_common_param] => 172
    [payment_type] => 1
    [subject] => 《诛仙yw》172元代金券
    [trade_no] => 2016101421001004800282424891
    [buyer_email] => 174960848@qq.com
    [gmt_create] => 2016-10-14 16:34:49
    [notify_type] => trade_status_sync
    [quantity] => 1
    [out_trade_no] => 147643408671263
    [seller_id] => 2088021266234053
    [notify_time] => 2016-10-14 16:49:42
    [body] => 《诛仙yw》172元代金券
    [trade_status] => TRADE_SUCCESS
    [is_total_fee_adjust] => N
    [total_fee] => 82.60
    [gmt_payment] => 2016-10-14 16:34:54
    [seller_email] => 867672678@qq.com
    [price] => 82.60
    [buyer_id] => 2088702663816803
    [notify_id] => e710534222626a07b8ea65b54fe7aecm6a
    [use_coupon] => N
    [sign_type] => MD5
    [sign] => 99d5081ac3e175e61d6a83472fd2f665
)

2016-10-14 16:58:06订单：付款成功，给了玩家相应的代金券
Array
(
    [discount] => 0.00
    [extra_common_param] => 172
    [payment_type] => 1
    [subject] => 《诛仙yw》172元代金券
    [trade_no] => 2016101421001004800282424891
    [buyer_email] => 174960848@qq.com
    [gmt_create] => 2016-10-14 16:34:49
    [notify_type] => trade_status_sync
    [quantity] => 1
    [out_trade_no] => 147643408671263
    [seller_id] => 2088021266234053
    [notify_time] => 2016-10-14 16:58:05
    [body] => 《诛仙yw》172元代金券
    [trade_status] => TRADE_SUCCESS
    [is_total_fee_adjust] => N
    [total_fee] => 82.60
    [gmt_payment] => 2016-10-14 16:34:54
    [seller_email] => 867672678@qq.com
    [price] => 82.60
    [buyer_id] => 2088702663816803
    [notify_id] => e710534222626a07b8ea65b54fe7aecm6a
    [use_coupon] => N
    [sign_type] => MD5
    [sign] => ff098979209b62ce94d5621f995815f7
)

2016-10-14 17:46:55订单：付款成功，给了玩家相应的代金券
Array
(
    [discount] => 0.00
    [extra_common_param] => 100
    [payment_type] => 1
    [subject] => 《诛仙yw》100元代金券
    [trade_no] => 2016101421001004800271315036
    [buyer_email] => 174960848@qq.com
    [gmt_create] => 2016-10-14 17:46:50
    [notify_type] => trade_status_sync
    [quantity] => 1
    [out_trade_no] => 147643840756392
    [seller_id] => 2088021266234053
    [notify_time] => 2016-10-14 17:46:55
    [body] => 《诛仙yw》100元代金券
    [trade_status] => TRADE_SUCCESS
    [is_total_fee_adjust] => N
    [total_fee] => 48.00
    [gmt_payment] => 2016-10-14 17:46:55
    [seller_email] => 867672678@qq.com
    [price] => 48.00
    [buyer_id] => 2088702663816803
    [notify_id] => f7dff4503f5ad173447582124b67f01m6a
    [use_coupon] => N
    [sign_type] => MD5
    [sign] => 03a595681cd732dd4f627f2f233f66de
)

2016-10-14 17:47:07订单：付款成功，给了玩家相应的代金券
Array
(
    [body] => 《诛仙yw》100元代金券
    [buyer_email] => 174960848@qq.com
    [buyer_id] => 2088702663816803
    [exterface] => create_direct_pay_by_user
    [extra_common_param] => 100
    [is_success] => T
    [notify_id] => RqPnCoPT3K9%2Fvwbh3InWeOAWLaexlHUptGlDGKmzdDR60JsA%2FOX1%2FJdgV9ARZy8IaSqP
    [notify_time] => 2016-10-14 17:47:03
    [notify_type] => trade_status_sync
    [out_trade_no] => 147643840756392
    [payment_type] => 1
    [seller_email] => 867672678@qq.com
    [seller_id] => 2088021266234053
    [subject] => 《诛仙yw》100元代金券
    [total_fee] => 48.00
    [trade_no] => 2016101421001004800271315036
    [trade_status] => TRADE_SUCCESS
    [sign] => 3431486241b9481a035bc82e77bbee5d
    [sign_type] => MD5
)

2016-10-14 17:50:43订单：付款成功，给了玩家相应的代金券
Array
(
    [discount] => 0.00
    [extra_common_param] => 100
    [payment_type] => 1
    [subject] => 《诛仙yw》100元代金券
    [trade_no] => 2016101421001004800271315036
    [buyer_email] => 174960848@qq.com
    [gmt_create] => 2016-10-14 17:46:50
    [notify_type] => trade_status_sync
    [quantity] => 1
    [out_trade_no] => 147643840756392
    [seller_id] => 2088021266234053
    [notify_time] => 2016-10-14 17:50:43
    [body] => 《诛仙yw》100元代金券
    [trade_status] => TRADE_SUCCESS
    [is_total_fee_adjust] => N
    [total_fee] => 48.00
    [gmt_payment] => 2016-10-14 17:46:55
    [seller_email] => 867672678@qq.com
    [price] => 48.00
    [buyer_id] => 2088702663816803
    [notify_id] => f7dff4503f5ad173447582124b67f01m6a
    [use_coupon] => N
    [sign_type] => MD5
    [sign] => 5e1433232e9b82e46a80a0bb293486ef
)

2016-10-14 17:58:29订单：付款成功，给了玩家相应的代金券
Array
(
    [discount] => 0.00
    [extra_common_param] => 172
    [payment_type] => 1
    [subject] => 《诛仙yw》172元代金券
    [trade_no] => 2016101421001004800282424891
    [buyer_email] => 174960848@qq.com
    [gmt_create] => 2016-10-14 16:34:49
    [notify_type] => trade_status_sync
    [quantity] => 1
    [out_trade_no] => 147643408671263
    [seller_id] => 2088021266234053
    [notify_time] => 2016-10-14 17:58:28
    [body] => 《诛仙yw》172元代金券
    [trade_status] => TRADE_SUCCESS
    [is_total_fee_adjust] => N
    [total_fee] => 82.60
    [gmt_payment] => 2016-10-14 16:34:54
    [seller_email] => 867672678@qq.com
    [price] => 82.60
    [buyer_id] => 2088702663816803
    [notify_id] => e710534222626a07b8ea65b54fe7aecm6a
    [use_coupon] => N
    [sign_type] => MD5
    [sign] => bcd0325383fbf9c67b604c21bacecc5e
)

2016-10-14 18:01:39订单：付款成功，给了玩家相应的代金券
Array
(
    [discount] => 0.00
    [extra_common_param] => 100
    [payment_type] => 1
    [subject] => 《诛仙yw》100元代金券
    [trade_no] => 2016101421001004800271315036
    [buyer_email] => 174960848@qq.com
    [gmt_create] => 2016-10-14 17:46:50
    [notify_type] => trade_status_sync
    [quantity] => 1
    [out_trade_no] => 147643840756392
    [seller_id] => 2088021266234053
    [notify_time] => 2016-10-14 18:01:38
    [body] => 《诛仙yw》100元代金券
    [trade_status] => TRADE_SUCCESS
    [is_total_fee_adjust] => N
    [total_fee] => 48.00
    [gmt_payment] => 2016-10-14 17:46:55
    [seller_email] => 867672678@qq.com
    [price] => 48.00
    [buyer_id] => 2088702663816803
    [notify_id] => f7dff4503f5ad173447582124b67f01m6a
    [use_coupon] => N
    [sign_type] => MD5
    [sign] => 19bc72c7ee7bdf8d0e59ef0a7f0c8c62
)

2016-10-14 18:10:29订单：付款成功，给了玩家相应的代金券
Array
(
    [discount] => 0.00
    [extra_common_param] => 100
    [payment_type] => 1
    [subject] => 《诛仙yw》100元代金券
    [trade_no] => 2016101421001004800271315036
    [buyer_email] => 174960848@qq.com
    [gmt_create] => 2016-10-14 17:46:50
    [notify_type] => trade_status_sync
    [quantity] => 1
    [out_trade_no] => 147643840756392
    [seller_id] => 2088021266234053
    [notify_time] => 2016-10-14 18:10:28
    [body] => 《诛仙yw》100元代金券
    [trade_status] => TRADE_SUCCESS
    [is_total_fee_adjust] => N
    [total_fee] => 48.00
    [gmt_payment] => 2016-10-14 17:46:55
    [seller_email] => 867672678@qq.com
    [price] => 48.00
    [buyer_id] => 2088702663816803
    [notify_id] => f7dff4503f5ad173447582124b67f01m6a
    [use_coupon] => N
    [sign_type] => MD5
    [sign] => 878617a6d0ace54944e4d2122522aaf6
)

2016-10-14 19:10:37订单：付款成功，给了玩家相应的代金券
Array
(
    [discount] => 0.00
    [extra_common_param] => 100
    [payment_type] => 1
    [subject] => 《诛仙yw》100元代金券
    [trade_no] => 2016101421001004800271315036
    [buyer_email] => 174960848@qq.com
    [gmt_create] => 2016-10-14 17:46:50
    [notify_type] => trade_status_sync
    [quantity] => 1
    [out_trade_no] => 147643840756392
    [seller_id] => 2088021266234053
    [notify_time] => 2016-10-14 19:10:36
    [body] => 《诛仙yw》100元代金券
    [trade_status] => TRADE_SUCCESS
    [is_total_fee_adjust] => N
    [total_fee] => 48.00
    [gmt_payment] => 2016-10-14 17:46:55
    [seller_email] => 867672678@qq.com
    [price] => 48.00
    [buyer_id] => 2088702663816803
    [notify_id] => f7dff4503f5ad173447582124b67f01m6a
    [use_coupon] => N
    [sign_type] => MD5
    [sign] => 7dc0e4497d36d778da416cc2d81d57c6
)

2016-10-14 19:58:48订单：付款成功，给了玩家相应的代金券
Array
(
    [discount] => 0.00
    [extra_common_param] => 172
    [payment_type] => 1
    [subject] => 《诛仙yw》172元代金券
    [trade_no] => 2016101421001004800282424891
    [buyer_email] => 174960848@qq.com
    [gmt_create] => 2016-10-14 16:34:49
    [notify_type] => trade_status_sync
    [quantity] => 1
    [out_trade_no] => 147643408671263
    [seller_id] => 2088021266234053
    [notify_time] => 2016-10-14 19:58:48
    [body] => 《诛仙yw》172元代金券
    [trade_status] => TRADE_SUCCESS
    [is_total_fee_adjust] => N
    [total_fee] => 82.60
    [gmt_payment] => 2016-10-14 16:34:54
    [seller_email] => 867672678@qq.com
    [price] => 82.60
    [buyer_id] => 2088702663816803
    [notify_id] => e710534222626a07b8ea65b54fe7aecm6a
    [use_coupon] => N
    [sign_type] => MD5
    [sign] => 7f81a10893333bbbe542cca7ebf2472b
)

2016-10-14 20:00:45订单：付款成功，给了玩家相应的代金券
Array
(
    [discount] => 0.00
    [extra_common_param] => 1000
    [payment_type] => 1
    [subject] => 《诛仙yw》1000元代金券
    [trade_no] => 2016101421001004800269937885
    [buyer_email] => 174960848@qq.com
    [gmt_create] => 2016-10-14 10:33:21
    [notify_type] => trade_status_sync
    [quantity] => 1
    [out_trade_no] => 147641239706023
    [seller_id] => 2088021266234053
    [notify_time] => 2016-10-14 20:00:44
    [body] => 《诛仙yw》1000元代金券
    [trade_status] => TRADE_SUCCESS
    [is_total_fee_adjust] => N
    [total_fee] => 480.00
    [gmt_payment] => 2016-10-14 10:33:26
    [seller_email] => 867672678@qq.com
    [price] => 480.00
    [buyer_id] => 2088702663816803
    [notify_id] => 98cef3abdf8ca44372f903930dd97fam6a
    [use_coupon] => N
    [sign_type] => MD5
    [sign] => 04d463e63c9c195a1058e12b8c4c2e31
)

2016-10-14 20:08:34订单：付款成功，给了玩家相应的代金券
Array
(
    [discount] => 0.00
    [extra_common_param] => 200
    [payment_type] => 1
    [subject] => 《龙战于野》200元代金券
    [trade_no] => 2016101321001004100260297855
    [buyer_email] => zhengwanyi@hotmail.com
    [gmt_create] => 2016-10-13 19:44:43
    [notify_type] => trade_status_sync
    [quantity] => 1
    [out_trade_no] => 147635905644088
    [seller_id] => 2088021266234053
    [notify_time] => 2016-10-14 20:08:34
    [body] => 《龙战于野》200元代金券
    [trade_status] => TRADE_SUCCESS
    [is_total_fee_adjust] => N
    [total_fee] => 80.00
    [gmt_payment] => 2016-10-13 19:44:45
    [seller_email] => 867672678@qq.com
    [price] => 80.00
    [buyer_id] => 2088002293236104
    [notify_id] => 604d11c79a216a6ea642a4e9538f08cgru
    [use_coupon] => N
    [sign_type] => MD5
    [sign] => 22f19e006fa613cd8ad2acfe68e4183e
)

2016-10-14 20:59:52订单：付款成功，给了玩家相应的代金券
Array
(
    [discount] => 0.00
    [extra_common_param] => 526
    [payment_type] => 1
    [subject] => 《诛仙yw》526元代金券
    [trade_no] => 2016101421001004800271321945
    [buyer_email] => 174960848@qq.com
    [gmt_create] => 2016-10-14 20:59:47
    [notify_type] => trade_status_sync
    [quantity] => 1
    [out_trade_no] => 147644998338242
    [seller_id] => 2088021266234053
    [notify_time] => 2016-10-14 20:59:52
    [body] => 《诛仙yw》526元代金券
    [trade_status] => TRADE_SUCCESS
    [is_total_fee_adjust] => N
    [total_fee] => 252.50
    [gmt_payment] => 2016-10-14 20:59:51
    [seller_email] => 867672678@qq.com
    [price] => 252.50
    [buyer_id] => 2088702663816803
    [notify_id] => a1064ac67768e5b8ce753b72cf038e8m6a
    [use_coupon] => N
    [sign_type] => MD5
    [sign] => 3b9d16d1132af4f4af1b913ec2ebbca6
)

2016-10-14 21:00:03订单：付款成功，给了玩家相应的代金券
Array
(
    [body] => 《诛仙yw》526元代金券
    [buyer_email] => 174960848@qq.com
    [buyer_id] => 2088702663816803
    [exterface] => create_direct_pay_by_user
    [extra_common_param] => 526
    [is_success] => T
    [notify_id] => RqPnCoPT3K9%2Fvwbh3InWeOAR0zgzndP2huIsuF66432%2BFEFzZamS9uMNywcEHdbqJS90
    [notify_time] => 2016-10-14 20:59:59
    [notify_type] => trade_status_sync
    [out_trade_no] => 147644998338242
    [payment_type] => 1
    [seller_email] => 867672678@qq.com
    [seller_id] => 2088021266234053
    [subject] => 《诛仙yw》526元代金券
    [total_fee] => 252.50
    [trade_no] => 2016101421001004800271321945
    [trade_status] => TRADE_SUCCESS
    [sign] => fd31f18c08f68925385117cff6af4dcf
    [sign_type] => MD5
)

2016-10-14 21:03:11订单：付款成功，给了玩家相应的代金券
Array
(
    [discount] => 0.00
    [extra_common_param] => 526
    [payment_type] => 1
    [subject] => 《诛仙yw》526元代金券
    [trade_no] => 2016101421001004800271321945
    [buyer_email] => 174960848@qq.com
    [gmt_create] => 2016-10-14 20:59:47
    [notify_type] => trade_status_sync
    [quantity] => 1
    [out_trade_no] => 147644998338242
    [seller_id] => 2088021266234053
    [notify_time] => 2016-10-14 21:03:11
    [body] => 《诛仙yw》526元代金券
    [trade_status] => TRADE_SUCCESS
    [is_total_fee_adjust] => N
    [total_fee] => 252.50
    [gmt_payment] => 2016-10-14 20:59:51
    [seller_email] => 867672678@qq.com
    [price] => 252.50
    [buyer_id] => 2088702663816803
    [notify_id] => a1064ac67768e5b8ce753b72cf038e8m6a
    [use_coupon] => N
    [sign_type] => MD5
    [sign] => 22ace533894c0d7b8207ab282e40582e
)

2016-10-14 21:10:19订单：付款成功，给了玩家相应的代金券
Array
(
    [discount] => 0.00
    [extra_common_param] => 100
    [payment_type] => 1
    [subject] => 《诛仙yw》100元代金券
    [trade_no] => 2016101421001004800271315036
    [buyer_email] => 174960848@qq.com
    [gmt_create] => 2016-10-14 17:46:50
    [notify_type] => trade_status_sync
    [quantity] => 1
    [out_trade_no] => 147643840756392
    [seller_id] => 2088021266234053
    [notify_time] => 2016-10-14 21:10:19
    [body] => 《诛仙yw》100元代金券
    [trade_status] => TRADE_SUCCESS
    [is_total_fee_adjust] => N
    [total_fee] => 48.00
    [gmt_payment] => 2016-10-14 17:46:55
    [seller_email] => 867672678@qq.com
    [price] => 48.00
    [buyer_id] => 2088702663816803
    [notify_id] => f7dff4503f5ad173447582124b67f01m6a
    [use_coupon] => N
    [sign_type] => MD5
    [sign] => 4cb98155f02d5515c1f278a18291a7c0
)

2016-10-14 21:13:10订单：付款成功，给了玩家相应的代金券
Array
(
    [discount] => 0.00
    [extra_common_param] => 526
    [payment_type] => 1
    [subject] => 《诛仙yw》526元代金券
    [trade_no] => 2016101421001004800271321945
    [buyer_email] => 174960848@qq.com
    [gmt_create] => 2016-10-14 20:59:47
    [notify_type] => trade_status_sync
    [quantity] => 1
    [out_trade_no] => 147644998338242
    [seller_id] => 2088021266234053
    [notify_time] => 2016-10-14 21:13:09
    [body] => 《诛仙yw》526元代金券
    [trade_status] => TRADE_SUCCESS
    [is_total_fee_adjust] => N
    [total_fee] => 252.50
    [gmt_payment] => 2016-10-14 20:59:51
    [seller_email] => 867672678@qq.com
    [price] => 252.50
    [buyer_id] => 2088702663816803
    [notify_id] => a1064ac67768e5b8ce753b72cf038e8m6a
    [use_coupon] => N
    [sign_type] => MD5
    [sign] => 828b04ed4b446d38bbb7792724693441
)

2016-10-14 21:23:03订单：付款成功，给了玩家相应的代金券
Array
(
    [discount] => 0.00
    [extra_common_param] => 526
    [payment_type] => 1
    [subject] => 《诛仙yw》526元代金券
    [trade_no] => 2016101421001004800271321945
    [buyer_email] => 174960848@qq.com
    [gmt_create] => 2016-10-14 20:59:47
    [notify_type] => trade_status_sync
    [quantity] => 1
    [out_trade_no] => 147644998338242
    [seller_id] => 2088021266234053
    [notify_time] => 2016-10-14 21:23:03
    [body] => 《诛仙yw》526元代金券
    [trade_status] => TRADE_SUCCESS
    [is_total_fee_adjust] => N
    [total_fee] => 252.50
    [gmt_payment] => 2016-10-14 20:59:51
    [seller_email] => 867672678@qq.com
    [price] => 252.50
    [buyer_id] => 2088702663816803
    [notify_id] => a1064ac67768e5b8ce753b72cf038e8m6a
    [use_coupon] => N
    [sign_type] => MD5
    [sign] => 086be40c096915cf02ef2e64e277dc04
)

2016-10-14 21:57:18订单：付款成功，给了玩家相应的代金券
Array
(
    [discount] => 0.00
    [extra_common_param] => 60
    [payment_type] => 1
    [subject] => 《龙战于野》60元代金券
    [trade_no] => 2016101421001004440228896600
    [buyer_email] => 283266479@qq.com
    [gmt_create] => 2016-10-14 21:57:03
    [notify_type] => trade_status_sync
    [quantity] => 1
    [out_trade_no] => 147645341030891
    [seller_id] => 2088021266234053
    [notify_time] => 2016-10-14 21:57:17
    [body] => 《龙战于野》60元代金券
    [trade_status] => TRADE_SUCCESS
    [is_total_fee_adjust] => N
    [total_fee] => 24.00
    [gmt_payment] => 2016-10-14 21:57:17
    [seller_email] => 867672678@qq.com
    [price] => 24.00
    [buyer_id] => 2088312127602442
    [notify_id] => 80eeb2c94ac17c9f95373d3d93d0c0bjea
    [use_coupon] => N
    [sign_type] => MD5
    [sign] => 5befe2458dc5a8b690c42683ddfb8a6f
)

2016-10-14 21:57:29订单：付款成功，给了玩家相应的代金券
Array
(
    [body] => 《龙战于野》60元代金券
    [buyer_email] => 283266479@qq.com
    [buyer_id] => 2088312127602442
    [exterface] => create_direct_pay_by_user
    [extra_common_param] => 60
    [is_success] => T
    [notify_id] => RqPnCoPT3K9%2Fvwbh3InWeOAQ0eN8isJAuZJeHg%2BPHMtjjAuX9XyXGqNE3BESeptSEdaU
    [notify_time] => 2016-10-14 21:57:25
    [notify_type] => trade_status_sync
    [out_trade_no] => 147645341030891
    [payment_type] => 1
    [seller_email] => 867672678@qq.com
    [seller_id] => 2088021266234053
    [subject] => 《龙战于野》60元代金券
    [total_fee] => 24.00
    [trade_no] => 2016101421001004440228896600
    [trade_status] => TRADE_SUCCESS
    [sign] => 52be7b1a1875e8ff9e55e1e535dc3f10
    [sign_type] => MD5
)

2016-10-14 22:00:35支付宝验证失败
Array
(
    [body] => 《龙战于野》60元代金券
    [buyer_email] => 283266479@qq.com
    [buyer_id] => 2088312127602442
    [exterface] => create_direct_pay_by_user
    [extra_common_param] => 60
    [is_success] => T
    [notify_id] => RqPnCoPT3K9/vwbh3InWeOAQ0eN8isJAuZJeHg+PHMtjjAuX9XyXGqNE3BESeptSEdaU
    [notify_time] => 2016-10-14 21:57:25
    [notify_type] => trade_status_sync
    [out_trade_no] => 147645341030891
    [payment_type] => 1
    [seller_email] => 867672678@qq.com
    [seller_id] => 2088021266234053
    [subject] => 《龙战于野》60元代金券
    [total_fee] => 24.00
    [trade_no] => 2016101421001004440228896600
    [trade_status] => TRADE_SUCCESS
    [sign] => 52be7b1a1875e8ff9e55e1e535dc3f10
    [sign_type] => MD5
)

2016-10-14 22:01:37订单：付款成功，给了玩家相应的代金券
Array
(
    [discount] => 0.00
    [extra_common_param] => 30
    [payment_type] => 1
    [subject] => 《龙战于野》30元代金券
    [trade_no] => 2016101421001004440235413439
    [buyer_email] => 283266479@qq.com
    [gmt_create] => 2016-10-14 12:37:25
    [notify_type] => trade_status_sync
    [quantity] => 1
    [out_trade_no] => 147641983119576
    [seller_id] => 2088021266234053
    [notify_time] => 2016-10-14 22:01:36
    [body] => 《龙战于野》30元代金券
    [trade_status] => TRADE_SUCCESS
    [is_total_fee_adjust] => N
    [total_fee] => 12.00
    [gmt_payment] => 2016-10-14 12:37:38
    [seller_email] => 867672678@qq.com
    [price] => 12.00
    [buyer_id] => 2088312127602442
    [notify_id] => 0a55f8c0eaee5772d4bfb985eff6091jea
    [use_coupon] => N
    [sign_type] => MD5
    [sign] => 123b13f321093655888a48b3da7b01ac
)

2016-10-14 22:01:41订单：付款成功，给了玩家相应的代金券
Array
(
    [discount] => 0.00
    [extra_common_param] => 60
    [payment_type] => 1
    [subject] => 《龙战于野》60元代金券
    [trade_no] => 2016101421001004440228896600
    [buyer_email] => 283266479@qq.com
    [gmt_create] => 2016-10-14 21:57:03
    [notify_type] => trade_status_sync
    [quantity] => 1
    [out_trade_no] => 147645341030891
    [seller_id] => 2088021266234053
    [notify_time] => 2016-10-14 22:01:41
    [body] => 《龙战于野》60元代金券
    [trade_status] => TRADE_SUCCESS
    [is_total_fee_adjust] => N
    [total_fee] => 24.00
    [gmt_payment] => 2016-10-14 21:57:17
    [seller_email] => 867672678@qq.com
    [price] => 24.00
    [buyer_id] => 2088312127602442
    [notify_id] => 80eeb2c94ac17c9f95373d3d93d0c0bjea
    [use_coupon] => N
    [sign_type] => MD5
    [sign] => 72b0a1317839ab788e73f94275026faa
)

2016-10-14 22:12:03订单：付款成功，给了玩家相应的代金券
Array
(
    [discount] => 0.00
    [extra_common_param] => 60
    [payment_type] => 1
    [subject] => 《龙战于野》60元代金券
    [trade_no] => 2016101421001004440228896600
    [buyer_email] => 283266479@qq.com
    [gmt_create] => 2016-10-14 21:57:03
    [notify_type] => trade_status_sync
    [quantity] => 1
    [out_trade_no] => 147645341030891
    [seller_id] => 2088021266234053
    [notify_time] => 2016-10-14 22:12:02
    [body] => 《龙战于野》60元代金券
    [trade_status] => TRADE_SUCCESS
    [is_total_fee_adjust] => N
    [total_fee] => 24.00
    [gmt_payment] => 2016-10-14 21:57:17
    [seller_email] => 867672678@qq.com
    [price] => 24.00
    [buyer_id] => 2088312127602442
    [notify_id] => 80eeb2c94ac17c9f95373d3d93d0c0bjea
    [use_coupon] => N
    [sign_type] => MD5
    [sign] => 4ce9ff280bddca77199e36928aa7005f
)

2016-10-14 22:21:51订单：付款成功，给了玩家相应的代金券
Array
(
    [discount] => 0.00
    [extra_common_param] => 60
    [payment_type] => 1
    [subject] => 《龙战于野》60元代金券
    [trade_no] => 2016101421001004440228896600
    [buyer_email] => 283266479@qq.com
    [gmt_create] => 2016-10-14 21:57:03
    [notify_type] => trade_status_sync
    [quantity] => 1
    [out_trade_no] => 147645341030891
    [seller_id] => 2088021266234053
    [notify_time] => 2016-10-14 22:21:51
    [body] => 《龙战于野》60元代金券
    [trade_status] => TRADE_SUCCESS
    [is_total_fee_adjust] => N
    [total_fee] => 24.00
    [gmt_payment] => 2016-10-14 21:57:17
    [seller_email] => 867672678@qq.com
    [price] => 24.00
    [buyer_id] => 2088312127602442
    [notify_id] => 80eeb2c94ac17c9f95373d3d93d0c0bjea
    [use_coupon] => N
    [sign_type] => MD5
    [sign] => e2965695e7e1a8b55e91f47cc14e6476
)

2016-10-14 22:23:19订单：付款成功，给了玩家相应的代金券
Array
(
    [discount] => 0.00
    [extra_common_param] => 526
    [payment_type] => 1
    [subject] => 《诛仙yw》526元代金券
    [trade_no] => 2016101421001004800271321945
    [buyer_email] => 174960848@qq.com
    [gmt_create] => 2016-10-14 20:59:47
    [notify_type] => trade_status_sync
    [quantity] => 1
    [out_trade_no] => 147644998338242
    [seller_id] => 2088021266234053
    [notify_time] => 2016-10-14 22:23:19
    [body] => 《诛仙yw》526元代金券
    [trade_status] => TRADE_SUCCESS
    [is_total_fee_adjust] => N
    [total_fee] => 252.50
    [gmt_payment] => 2016-10-14 20:59:51
    [seller_email] => 867672678@qq.com
    [price] => 252.50
    [buyer_id] => 2088702663816803
    [notify_id] => a1064ac67768e5b8ce753b72cf038e8m6a
    [use_coupon] => N
    [sign_type] => MD5
    [sign] => e4bd6293bec97be8f901ea32884b043e
)

2016-10-14 22:42:50订单：付款成功，给了玩家相应的代金券
Array
(
    [discount] => 0.00
    [extra_common_param] => 1980
    [payment_type] => 1
    [subject] => 《龙战于野》1980元代金券
    [trade_no] => 2016101421001004100271958084
    [buyer_email] => zhengwanyi@hotmail.com
    [gmt_create] => 2016-10-14 13:16:19
    [notify_type] => trade_status_sync
    [quantity] => 1
    [out_trade_no] => 147642216654064
    [seller_id] => 2088021266234053
    [notify_time] => 2016-10-14 22:42:50
    [body] => 《龙战于野》1980元代金券
    [trade_status] => TRADE_SUCCESS
    [is_total_fee_adjust] => N
    [total_fee] => 792.00
    [gmt_payment] => 2016-10-14 13:16:28
    [seller_email] => 867672678@qq.com
    [price] => 792.00
    [buyer_id] => 2088002293236104
    [notify_id] => 854222d30409d66fce08a79e754d62cgru
    [use_coupon] => N
    [sign_type] => MD5
    [sign] => afddda7ff04374de0a658d984d7dafdf
)

2016-10-14 23:07:04订单：付款成功，给了玩家相应的代金券
Array
(
    [discount] => 0.00
    [extra_common_param] => 1000
    [payment_type] => 1
    [subject] => 《龙战于野》1000元代金券
    [trade_no] => 2016101421001004440237835824
    [buyer_email] => 283266479@qq.com
    [gmt_create] => 2016-10-14 23:06:57
    [notify_type] => trade_status_sync
    [quantity] => 1
    [out_trade_no] => 147645761264304
    [seller_id] => 2088021266234053
    [notify_time] => 2016-10-14 23:07:04
    [body] => 《龙战于野》1000元代金券
    [trade_status] => TRADE_SUCCESS
    [is_total_fee_adjust] => N
    [total_fee] => 400.00
    [gmt_payment] => 2016-10-14 23:07:04
    [seller_email] => 867672678@qq.com
    [price] => 400.00
    [buyer_id] => 2088312127602442
    [notify_id] => 339255949c8d11adecf1f2cad417022jea
    [use_coupon] => N
    [sign_type] => MD5
    [sign] => 2f3f077569f53da4814a88e1cda051cf
)

2016-10-14 23:07:17订单：付款成功，给了玩家相应的代金券
Array
(
    [body] => 《龙战于野》1000元代金券
    [buyer_email] => 283266479@qq.com
    [buyer_id] => 2088312127602442
    [exterface] => create_direct_pay_by_user
    [extra_common_param] => 1000
    [is_success] => T
    [notify_id] => RqPnCoPT3K9%2Fvwbh3InWeOAQ1du4IlQhRqG%2BVTeNa%2Bcx14PmaLBdx9N43I0Rm%2Fi0BEUk
    [notify_time] => 2016-10-14 23:07:13
    [notify_type] => trade_status_sync
    [out_trade_no] => 147645761264304
    [payment_type] => 1
    [seller_email] => 867672678@qq.com
    [seller_id] => 2088021266234053
    [subject] => 《龙战于野》1000元代金券
    [total_fee] => 400.00
    [trade_no] => 2016101421001004440237835824
    [trade_status] => TRADE_SUCCESS
    [sign] => 12baad4741d8a7fed6fe8c3b8ed74b6e
    [sign_type] => MD5
)

2016-10-14 23:08:05订单：付款成功，给了玩家相应的代金券
Array
(
    [discount] => 0.00
    [extra_common_param] => 523
    [payment_type] => 1
    [subject] => 《诛仙yw》523元代金券
    [trade_no] => 2016101421001004800282436663
    [buyer_email] => 174960848@qq.com
    [gmt_create] => 2016-10-14 23:08:00
    [notify_type] => trade_status_sync
    [quantity] => 1
    [out_trade_no] => 147645767778879
    [seller_id] => 2088021266234053
    [notify_time] => 2016-10-14 23:08:05
    [body] => 《诛仙yw》523元代金券
    [trade_status] => TRADE_SUCCESS
    [is_total_fee_adjust] => N
    [total_fee] => 256.30
    [gmt_payment] => 2016-10-14 23:08:05
    [seller_email] => 867672678@qq.com
    [price] => 256.30
    [buyer_id] => 2088702663816803
    [notify_id] => b7b5249e5e5a65b101b1b6febeaadabm6a
    [use_coupon] => N
    [sign_type] => MD5
    [sign] => 038453e6444827cb7764d5cf1f7a528c
)

2016-10-14 23:08:17订单：付款成功，给了玩家相应的代金券
Array
(
    [body] => 《诛仙yw》523元代金券
    [buyer_email] => 174960848@qq.com
    [buyer_id] => 2088702663816803
    [exterface] => create_direct_pay_by_user
    [extra_common_param] => 523
    [is_success] => T
    [notify_id] => RqPnCoPT3K9%2Fvwbh3InWeOAQ1duyxmaHRc7nTglTwlM9%2FDHszeHlIb1pjaoBEjqhhJs8
    [notify_time] => 2016-10-14 23:08:13
    [notify_type] => trade_status_sync
    [out_trade_no] => 147645767778879
    [payment_type] => 1
    [seller_email] => 867672678@qq.com
    [seller_id] => 2088021266234053
    [subject] => 《诛仙yw》523元代金券
    [total_fee] => 256.30
    [trade_no] => 2016101421001004800282436663
    [trade_status] => TRADE_SUCCESS
    [sign] => 1e4f0da82642ff239347e6b43161f5c7
    [sign_type] => MD5
)

2016-10-14 23:10:22支付宝验证失败
Array
(
    [body] => 《龙战于野》1000元代金券
    [buyer_email] => 283266479@qq.com
    [buyer_id] => 2088312127602442
    [exterface] => create_direct_pay_by_user
    [extra_common_param] => 1000
    [is_success] => T
    [notify_id] => RqPnCoPT3K9/vwbh3InWeOAQ1du4IlQhRqG+VTeNa+cx14PmaLBdx9N43I0Rm/i0BEUk
    [notify_time] => 2016-10-14 23:07:13
    [notify_type] => trade_status_sync
    [out_trade_no] => 147645761264304
    [payment_type] => 1
    [seller_email] => 867672678@qq.com
    [seller_id] => 2088021266234053
    [subject] => 《龙战于野》1000元代金券
    [total_fee] => 400.00
    [trade_no] => 2016101421001004440237835824
    [trade_status] => TRADE_SUCCESS
    [sign] => 12baad4741d8a7fed6fe8c3b8ed74b6e
    [sign_type] => MD5
)

2016-10-14 23:11:21订单：付款成功，给了玩家相应的代金券
Array
(
    [discount] => 0.00
    [extra_common_param] => 1000
    [payment_type] => 1
    [subject] => 《龙战于野》1000元代金券
    [trade_no] => 2016101421001004440237835824
    [buyer_email] => 283266479@qq.com
    [gmt_create] => 2016-10-14 23:06:57
    [notify_type] => trade_status_sync
    [quantity] => 1
    [out_trade_no] => 147645761264304
    [seller_id] => 2088021266234053
    [notify_time] => 2016-10-14 23:11:21
    [body] => 《龙战于野》1000元代金券
    [trade_status] => TRADE_SUCCESS
    [is_total_fee_adjust] => N
    [total_fee] => 400.00
    [gmt_payment] => 2016-10-14 23:07:04
    [seller_email] => 867672678@qq.com
    [price] => 400.00
    [buyer_id] => 2088312127602442
    [notify_id] => 339255949c8d11adecf1f2cad417022jea
    [use_coupon] => N
    [sign_type] => MD5
    [sign] => bed398f39e9855d40f18a13c72e23b87
)

2016-10-14 23:12:32订单：付款成功，给了玩家相应的代金券
Array
(
    [discount] => 0.00
    [extra_common_param] => 523
    [payment_type] => 1
    [subject] => 《诛仙yw》523元代金券
    [trade_no] => 2016101421001004800282436663
    [buyer_email] => 174960848@qq.com
    [gmt_create] => 2016-10-14 23:08:00
    [notify_type] => trade_status_sync
    [quantity] => 1
    [out_trade_no] => 147645767778879
    [seller_id] => 2088021266234053
    [notify_time] => 2016-10-14 23:12:32
    [body] => 《诛仙yw》523元代金券
    [trade_status] => TRADE_SUCCESS
    [is_total_fee_adjust] => N
    [total_fee] => 256.30
    [gmt_payment] => 2016-10-14 23:08:05
    [seller_email] => 867672678@qq.com
    [price] => 256.30
    [buyer_id] => 2088702663816803
    [notify_id] => b7b5249e5e5a65b101b1b6febeaadabm6a
    [use_coupon] => N
    [sign_type] => MD5
    [sign] => acc4a213355992225b00b719cd297c6b
)

2016-10-14 23:13:29支付宝验证失败
Array
(
    [body] => 《龙战于野》1000元代金券
    [buyer_email] => 283266479@qq.com
    [buyer_id] => 2088312127602442
    [exterface] => create_direct_pay_by_user
    [extra_common_param] => 1000
    [is_success] => T
    [notify_id] => RqPnCoPT3K9/vwbh3InWeOAQ1du4IlQhRqG+VTeNa+cx14PmaLBdx9N43I0Rm/i0BEUk
    [notify_time] => 2016-10-14 23:07:13
    [notify_type] => trade_status_sync
    [out_trade_no] => 147645761264304
    [payment_type] => 1
    [seller_email] => 867672678@qq.com
    [seller_id] => 2088021266234053
    [subject] => 《龙战于野》1000元代金券
    [total_fee] => 400.00
    [trade_no] => 2016101421001004440237835824
    [trade_status] => TRADE_SUCCESS
    [sign] => 12baad4741d8a7fed6fe8c3b8ed74b6e
    [sign_type] => MD5
)

2016-10-14 23:21:06订单：付款成功，给了玩家相应的代金券
Array
(
    [discount] => 0.00
    [extra_common_param] => 60
    [payment_type] => 1
    [subject] => 《龙战于野》60元代金券
    [trade_no] => 2016101421001004440228896600
    [buyer_email] => 283266479@qq.com
    [gmt_create] => 2016-10-14 21:57:03
    [notify_type] => trade_status_sync
    [quantity] => 1
    [out_trade_no] => 147645341030891
    [seller_id] => 2088021266234053
    [notify_time] => 2016-10-14 23:21:06
    [body] => 《龙战于野》60元代金券
    [trade_status] => TRADE_SUCCESS
    [is_total_fee_adjust] => N
    [total_fee] => 24.00
    [gmt_payment] => 2016-10-14 21:57:17
    [seller_email] => 867672678@qq.com
    [price] => 24.00
    [buyer_id] => 2088312127602442
    [notify_id] => 80eeb2c94ac17c9f95373d3d93d0c0bjea
    [use_coupon] => N
    [sign_type] => MD5
    [sign] => d77b141ebcd782d249db65a129a90436
)

2016-10-14 23:21:26订单：付款成功，给了玩家相应的代金券
Array
(
    [discount] => 0.00
    [extra_common_param] => 1000
    [payment_type] => 1
    [subject] => 《龙战于野》1000元代金券
    [trade_no] => 2016101421001004440237835824
    [buyer_email] => 283266479@qq.com
    [gmt_create] => 2016-10-14 23:06:57
    [notify_type] => trade_status_sync
    [quantity] => 1
    [out_trade_no] => 147645761264304
    [seller_id] => 2088021266234053
    [notify_time] => 2016-10-14 23:21:26
    [body] => 《龙战于野》1000元代金券
    [trade_status] => TRADE_SUCCESS
    [is_total_fee_adjust] => N
    [total_fee] => 400.00
    [gmt_payment] => 2016-10-14 23:07:04
    [seller_email] => 867672678@qq.com
    [price] => 400.00
    [buyer_id] => 2088312127602442
    [notify_id] => 339255949c8d11adecf1f2cad417022jea
    [use_coupon] => N
    [sign_type] => MD5
    [sign] => 8efaec1a10b9327ca6c997658cdaaa38
)

2016-10-14 23:24:36订单：付款成功，给了玩家相应的代金券
Array
(
    [discount] => 0.00
    [extra_common_param] => 523
    [payment_type] => 1
    [subject] => 《诛仙yw》523元代金券
    [trade_no] => 2016101421001004800282436663
    [buyer_email] => 174960848@qq.com
    [gmt_create] => 2016-10-14 23:08:00
    [notify_type] => trade_status_sync
    [quantity] => 1
    [out_trade_no] => 147645767778879
    [seller_id] => 2088021266234053
    [notify_time] => 2016-10-14 23:24:36
    [body] => 《诛仙yw》523元代金券
    [trade_status] => TRADE_SUCCESS
    [is_total_fee_adjust] => N
    [total_fee] => 256.30
    [gmt_payment] => 2016-10-14 23:08:05
    [seller_email] => 867672678@qq.com
    [price] => 256.30
    [buyer_id] => 2088702663816803
    [notify_id] => b7b5249e5e5a65b101b1b6febeaadabm6a
    [use_coupon] => N
    [sign_type] => MD5
    [sign] => 82b36b01fb8fa379da18c5213eaf6c7b
)

2016-10-14 23:31:38订单：付款成功，给了玩家相应的代金券
Array
(
    [discount] => 0.00
    [extra_common_param] => 1000
    [payment_type] => 1
    [subject] => 《龙战于野》1000元代金券
    [trade_no] => 2016101421001004440237835824
    [buyer_email] => 283266479@qq.com
    [gmt_create] => 2016-10-14 23:06:57
    [notify_type] => trade_status_sync
    [quantity] => 1
    [out_trade_no] => 147645761264304
    [seller_id] => 2088021266234053
    [notify_time] => 2016-10-14 23:31:38
    [body] => 《龙战于野》1000元代金券
    [trade_status] => TRADE_SUCCESS
    [is_total_fee_adjust] => N
    [total_fee] => 400.00
    [gmt_payment] => 2016-10-14 23:07:04
    [seller_email] => 867672678@qq.com
    [price] => 400.00
    [buyer_id] => 2088312127602442
    [notify_id] => 339255949c8d11adecf1f2cad417022jea
    [use_coupon] => N
    [sign_type] => MD5
    [sign] => 93ded1c4add6e07a06440e35dd5b9c81
)

2016-10-14 23:32:34订单：付款成功，给了玩家相应的代金券
Array
(
    [discount] => 0.00
    [extra_common_param] => 523
    [payment_type] => 1
    [subject] => 《诛仙yw》523元代金券
    [trade_no] => 2016101421001004800282436663
    [buyer_email] => 174960848@qq.com
    [gmt_create] => 2016-10-14 23:08:00
    [notify_type] => trade_status_sync
    [quantity] => 1
    [out_trade_no] => 147645767778879
    [seller_id] => 2088021266234053
    [notify_time] => 2016-10-14 23:32:34
    [body] => 《诛仙yw》523元代金券
    [trade_status] => TRADE_SUCCESS
    [is_total_fee_adjust] => N
    [total_fee] => 256.30
    [gmt_payment] => 2016-10-14 23:08:05
    [seller_email] => 867672678@qq.com
    [price] => 256.30
    [buyer_id] => 2088702663816803
    [notify_id] => b7b5249e5e5a65b101b1b6febeaadabm6a
    [use_coupon] => N
    [sign_type] => MD5
    [sign] => acfdf82a6a8976325fd2531991775f8e
)

