2016-08-23 11:15:08订单：付款成功，给了玩家相应的代金券
Array
(
    [body] => 《龙战于野》6元代金券
    [buyer_email] => 283266479@qq.com
    [buyer_id] => 2088312127602442
    [exterface] => create_direct_pay_by_user
    [extra_common_param] => 871,6,huyali1023
    [is_success] => T
    [notify_id] => RqPnCoPT3K9%2Fvwbh3InWf0R9pQ5P875tCKFLMyqiR7qXbd76JOD6dyQX5cnyylci3G5k
    [notify_time] => 2016-08-23 11:15:04
    [notify_type] => trade_status_sync
    [out_trade_no] => 147192207529772
    [payment_type] => 1
    [seller_email] => 867672678@qq.com
    [seller_id] => 2088021266234053
    [subject] => 《龙战于野》6元代金券
    [total_fee] => 2.40
    [trade_no] => 2016082321001004440226670942
    [trade_status] => TRADE_SUCCESS
    [sign] => 4a2f708ba2b22c87b0aa82e5b0f86de1
    [sign_type] => MD5
)

2016-08-23 11:18:15支付宝验证失败
Array
(
    [body] => 《龙战于野》6元代金券
    [buyer_email] => 283266479@qq.com
    [buyer_id] => 2088312127602442
    [exterface] => create_direct_pay_by_user
    [extra_common_param] => 871,6,huyali1023
    [is_success] => T
    [notify_id] => RqPnCoPT3K9/vwbh3InWf0R9pQ5P875tCKFLMyqiR7qXbd76JOD6dyQX5cnyylci3G5k
    [notify_time] => 2016-08-23 11:15:04
    [notify_type] => trade_status_sync
    [out_trade_no] => 147192207529772
    [payment_type] => 1
    [seller_email] => 867672678@qq.com
    [seller_id] => 2088021266234053
    [subject] => 《龙战于野》6元代金券
    [total_fee] => 2.40
    [trade_no] => 2016082321001004440226670942
    [trade_status] => TRADE_SUCCESS
    [sign] => 4a2f708ba2b22c87b0aa82e5b0f86de1
    [sign_type] => MD5
)

2016-08-23 15:28:56订单：付款成功，给了玩家相应的代金券
Array
(
    [body] => 《龙战于野》30元代金券
    [buyer_email] => zhengwanyi@hotmail.com
    [buyer_id] => 2088002293236104
    [exterface] => create_direct_pay_by_user
    [extra_common_param] => 850,30,dodlzws00
    [is_success] => T
    [notify_id] => RqPnCoPT3K9%2Fvwbh3InWf0R8QeDLBkJwgNYVi1hx898MhvIgpANg9slcgmhrR3x6L4Ic
    [notify_time] => 2016-08-23 15:28:53
    [notify_type] => trade_status_sync
    [out_trade_no] => 147193731311056
    [payment_type] => 1
    [seller_email] => 867672678@qq.com
    [seller_id] => 2088021266234053
    [subject] => 《龙战于野》30元代金券
    [total_fee] => 12.00
    [trade_no] => 2016082321001004100269181514
    [trade_status] => TRADE_SUCCESS
    [sign] => 23b78359559eb915a4aa00a6eabb94eb
    [sign_type] => MD5
)

2016-08-23 19:41:04订单：付款成功，给了玩家相应的代金券
Array
(
    [body] => 《龙战于野》30元代金券
    [buyer_email] => zhengwanyi@hotmail.com
    [buyer_id] => 2088002293236104
    [exterface] => create_direct_pay_by_user
    [extra_common_param] => 850,30,ouyng05
    [is_success] => T
    [notify_id] => RqPnCoPT3K9%2Fvwbh3InWf0R6Co64pH2xBd52Q8YEFU3nqGrw1fW%2BBEAlH6OJgJozNLS4
    [notify_time] => 2016-08-23 19:41:01
    [notify_type] => trade_status_sync
    [out_trade_no] => 147195240598885
    [payment_type] => 1
    [seller_email] => 867672678@qq.com
    [seller_id] => 2088021266234053
    [subject] => 《龙战于野》30元代金券
    [total_fee] => 12.00
    [trade_no] => 2016082321001004100275349660
    [trade_status] => TRADE_SUCCESS
    [sign] => 7fc0fdea13eae3161f4608253a7dc209
    [sign_type] => MD5
)

