2016-09-22 03:34:13订单：付款成功，给了玩家相应的代金券
Array
(
    [discount] => 0.00
    [extra_common_param] => 71
    [payment_type] => 1
    [subject] => 《诛仙yw》71元代金券
    [trade_no] => 2016092121001004800212500206
    [buyer_email] => 174960848@qq.com
    [gmt_create] => 2016-09-21 18:09:55
    [notify_type] => trade_status_sync
    [quantity] => 1
    [out_trade_no] => 147445259128891
    [seller_id] => 2088021266234053
    [notify_time] => 2016-09-22 03:34:13
    [body] => 《诛仙yw》71元代金券
    [trade_status] => TRADE_SUCCESS
    [is_total_fee_adjust] => N
    [total_fee] => 34.10
    [gmt_payment] => 2016-09-21 18:10:05
    [seller_email] => 867672678@qq.com
    [price] => 34.10
    [buyer_id] => 2088702663816803
    [notify_id] => e3e6f9585d8ed4d52747f520836bf15m6a
    [use_coupon] => N
    [sign_type] => MD5
    [sign] => 7477975a34695d7ec779d2db430d3ddf
)

2016-09-22 10:56:24订单：付款成功，给了玩家相应的代金券
Array
(
    [discount] => 0.00
    [extra_common_param] => 98
    [payment_type] => 1
    [subject] => 《龙战于野》98元代金券
    [trade_no] => 2016092121001004440258660903
    [buyer_email] => 283266479@qq.com
    [gmt_create] => 2016-09-21 10:32:22
    [notify_type] => trade_status_sync
    [quantity] => 1
    [out_trade_no] => 147442513083377
    [seller_id] => 2088021266234053
    [notify_time] => 2016-09-22 10:56:24
    [body] => 《龙战于野》98元代金券
    [trade_status] => TRADE_SUCCESS
    [is_total_fee_adjust] => N
    [total_fee] => 39.20
    [gmt_payment] => 2016-09-21 10:32:25
    [seller_email] => 867672678@qq.com
    [price] => 39.20
    [buyer_id] => 2088312127602442
    [notify_id] => 34f0889858676962151a4e4f94ceaf2jea
    [use_coupon] => N
    [sign_type] => MD5
    [sign] => d4409c4fa9bb68a7b6356a34108476ad
)

2016-09-22 11:00:22订单：付款成功，给了玩家相应的代金券
Array
(
    [discount] => 0.00
    [extra_common_param] => 68
    [payment_type] => 1
    [subject] => 《龙战于野》68元代金券
    [trade_no] => 2016092121001004440258347668
    [buyer_email] => 283266479@qq.com
    [gmt_create] => 2016-09-21 10:36:41
    [notify_type] => trade_status_sync
    [quantity] => 1
    [out_trade_no] => 147442537919434
    [seller_id] => 2088021266234053
    [notify_time] => 2016-09-22 11:00:22
    [body] => 《龙战于野》68元代金券
    [trade_status] => TRADE_SUCCESS
    [is_total_fee_adjust] => N
    [total_fee] => 27.20
    [gmt_payment] => 2016-09-21 10:36:48
    [seller_email] => 867672678@qq.com
    [price] => 27.20
    [buyer_id] => 2088312127602442
    [notify_id] => cb659d3fbf370203ea39aeb7025c9d6jea
    [use_coupon] => N
    [sign_type] => MD5
    [sign] => d4d4ef046bf5ca0f9d063f9e74a582ab
)

2016-09-22 11:22:25订单：付款成功，给了玩家相应的代金券
Array
(
    [discount] => 0.00
    [extra_common_param] => 100
    [payment_type] => 1
    [subject] => 《诛仙yw》100元代金券
    [trade_no] => 2016092121001004800211948574
    [buyer_email] => 174960848@qq.com
    [gmt_create] => 2016-09-21 10:56:58
    [notify_type] => trade_status_sync
    [quantity] => 1
    [out_trade_no] => 147442660509850
    [seller_id] => 2088021266234053
    [notify_time] => 2016-09-22 11:22:25
    [body] => 《诛仙yw》100元代金券
    [trade_status] => TRADE_SUCCESS
    [is_total_fee_adjust] => N
    [total_fee] => 48.00
    [gmt_payment] => 2016-09-21 10:57:01
    [seller_email] => 867672678@qq.com
    [price] => 48.00
    [buyer_id] => 2088702663816803
    [notify_id] => 09935806a2a174e15a0e9df6970a8e8m6a
    [use_coupon] => N
    [sign_type] => MD5
    [sign] => e8039795de9d4ba5a7184c7a3fdb6eb9
)

2016-09-22 12:08:01订单：付款成功，给了玩家相应的代金券
Array
(
    [discount] => 0.00
    [extra_common_param] => 517
    [payment_type] => 1
    [subject] => 《诛仙yw》517元代金券
    [trade_no] => 2016092221001004800212122108
    [buyer_email] => 174960848@qq.com
    [gmt_create] => 2016-09-22 12:07:57
    [notify_type] => trade_status_sync
    [quantity] => 1
    [out_trade_no] => 147451727278406
    [seller_id] => 2088021266234053
    [notify_time] => 2016-09-22 12:08:01
    [body] => 《诛仙yw》517元代金券
    [trade_status] => TRADE_SUCCESS
    [is_total_fee_adjust] => N
    [total_fee] => 248.20
    [gmt_payment] => 2016-09-22 12:08:00
    [seller_email] => 867672678@qq.com
    [price] => 248.20
    [buyer_id] => 2088702663816803
    [notify_id] => ce76fc7e5feaaf0d2b331a992a916cem6a
    [use_coupon] => N
    [sign_type] => MD5
    [sign] => 0d1cfce92b9fbcc1f2ebfb0b463997d2
)

2016-09-22 12:08:13订单：付款成功，给了玩家相应的代金券
Array
(
    [body] => 《诛仙yw》517元代金券
    [buyer_email] => 174960848@qq.com
    [buyer_id] => 2088702663816803
    [exterface] => create_direct_pay_by_user
    [extra_common_param] => 517
    [is_success] => T
    [notify_id] => RqPnCoPT3K9%2Fvwbh3InWesxfSuhJq1X%2FAum0zRhIKaoPYJi0ukXpl7xUTtWXowwawQq6
    [notify_time] => 2016-09-22 12:08:10
    [notify_type] => trade_status_sync
    [out_trade_no] => 147451727278406
    [payment_type] => 1
    [seller_email] => 867672678@qq.com
    [seller_id] => 2088021266234053
    [subject] => 《诛仙yw》517元代金券
    [total_fee] => 248.20
    [trade_no] => 2016092221001004800212122108
    [trade_status] => TRADE_SUCCESS
    [sign] => 0948276dbe94ea416e6593ebeb395ffb
    [sign_type] => MD5
)

2016-09-22 12:12:03订单：付款成功，给了玩家相应的代金券
Array
(
    [discount] => 0.00
    [extra_common_param] => 517
    [payment_type] => 1
    [subject] => 《诛仙yw》517元代金券
    [trade_no] => 2016092221001004800212122108
    [buyer_email] => 174960848@qq.com
    [gmt_create] => 2016-09-22 12:07:57
    [notify_type] => trade_status_sync
    [quantity] => 1
    [out_trade_no] => 147451727278406
    [seller_id] => 2088021266234053
    [notify_time] => 2016-09-22 12:12:03
    [body] => 《诛仙yw》517元代金券
    [trade_status] => TRADE_SUCCESS
    [is_total_fee_adjust] => N
    [total_fee] => 248.20
    [gmt_payment] => 2016-09-22 12:08:00
    [seller_email] => 867672678@qq.com
    [price] => 248.20
    [buyer_id] => 2088702663816803
    [notify_id] => ce76fc7e5feaaf0d2b331a992a916cem6a
    [use_coupon] => N
    [sign_type] => MD5
    [sign] => 87de816676b155f4788747f1cbd1a57b
)

2016-09-22 12:22:29订单：付款成功，给了玩家相应的代金券
Array
(
    [discount] => 0.00
    [extra_common_param] => 517
    [payment_type] => 1
    [subject] => 《诛仙yw》517元代金券
    [trade_no] => 2016092221001004800212122108
    [buyer_email] => 174960848@qq.com
    [gmt_create] => 2016-09-22 12:07:57
    [notify_type] => trade_status_sync
    [quantity] => 1
    [out_trade_no] => 147451727278406
    [seller_id] => 2088021266234053
    [notify_time] => 2016-09-22 12:22:28
    [body] => 《诛仙yw》517元代金券
    [trade_status] => TRADE_SUCCESS
    [is_total_fee_adjust] => N
    [total_fee] => 248.20
    [gmt_payment] => 2016-09-22 12:08:00
    [seller_email] => 867672678@qq.com
    [price] => 248.20
    [buyer_id] => 2088702663816803
    [notify_id] => ce76fc7e5feaaf0d2b331a992a916cem6a
    [use_coupon] => N
    [sign_type] => MD5
    [sign] => 3301f39e5a8981aa8da122b865da5370
)

2016-09-22 12:32:46订单：付款成功，给了玩家相应的代金券
Array
(
    [discount] => 0.00
    [extra_common_param] => 517
    [payment_type] => 1
    [subject] => 《诛仙yw》517元代金券
    [trade_no] => 2016092221001004800212122108
    [buyer_email] => 174960848@qq.com
    [gmt_create] => 2016-09-22 12:07:57
    [notify_type] => trade_status_sync
    [quantity] => 1
    [out_trade_no] => 147451727278406
    [seller_id] => 2088021266234053
    [notify_time] => 2016-09-22 12:32:46
    [body] => 《诛仙yw》517元代金券
    [trade_status] => TRADE_SUCCESS
    [is_total_fee_adjust] => N
    [total_fee] => 248.20
    [gmt_payment] => 2016-09-22 12:08:00
    [seller_email] => 867672678@qq.com
    [price] => 248.20
    [buyer_id] => 2088702663816803
    [notify_id] => ce76fc7e5feaaf0d2b331a992a916cem6a
    [use_coupon] => N
    [sign_type] => MD5
    [sign] => 838161f75506b38b11ed1bf025aa12b1
)

2016-09-22 12:43:46订单：付款成功，给了玩家相应的代金券
Array
(
    [discount] => 0.00
    [extra_common_param] => 98
    [payment_type] => 1
    [subject] => 《龙战于野》98元代金券
    [trade_no] => 2016092221001004440278758341
    [buyer_email] => 283266479@qq.com
    [gmt_create] => 2016-09-22 12:43:37
    [notify_type] => trade_status_sync
    [quantity] => 1
    [out_trade_no] => 147451940134927
    [seller_id] => 2088021266234053
    [notify_time] => 2016-09-22 12:43:46
    [body] => 《龙战于野》98元代金券
    [trade_status] => TRADE_SUCCESS
    [is_total_fee_adjust] => N
    [total_fee] => 39.20
    [gmt_payment] => 2016-09-22 12:43:46
    [seller_email] => 867672678@qq.com
    [price] => 39.20
    [buyer_id] => 2088312127602442
    [notify_id] => 7eac5856a4e67519ae260a4c13e9f23jea
    [use_coupon] => N
    [sign_type] => MD5
    [sign] => 84db57e7abe968a3937f571acb13006a
)

2016-09-22 12:44:43订单：付款成功，给了玩家相应的代金券
Array
(
    [discount] => 0.00
    [extra_common_param] => 98
    [payment_type] => 1
    [subject] => 《龙战于野》98元代金券
    [trade_no] => 2016092221001004440270407881
    [buyer_email] => 283266479@qq.com
    [gmt_create] => 2016-09-22 12:44:35
    [notify_type] => trade_status_sync
    [quantity] => 1
    [out_trade_no] => 147451946806689
    [seller_id] => 2088021266234053
    [notify_time] => 2016-09-22 12:44:40
    [body] => 《龙战于野》98元代金券
    [trade_status] => TRADE_SUCCESS
    [is_total_fee_adjust] => N
    [total_fee] => 39.20
    [gmt_payment] => 2016-09-22 12:44:40
    [seller_email] => 867672678@qq.com
    [price] => 39.20
    [buyer_id] => 2088312127602442
    [notify_id] => 5d418a6adeddd1031621e66843e2292jea
    [use_coupon] => N
    [sign_type] => MD5
    [sign] => 0ac1a7aa59b3af2043c5f24b9ff42af3
)

2016-09-22 12:47:30订单：付款成功，给了玩家相应的代金券
Array
(
    [discount] => 0.00
    [extra_common_param] => 98
    [payment_type] => 1
    [subject] => 《龙战于野》98元代金券
    [trade_no] => 2016092221001004440278758341
    [buyer_email] => 283266479@qq.com
    [gmt_create] => 2016-09-22 12:43:37
    [notify_type] => trade_status_sync
    [quantity] => 1
    [out_trade_no] => 147451940134927
    [seller_id] => 2088021266234053
    [notify_time] => 2016-09-22 12:47:30
    [body] => 《龙战于野》98元代金券
    [trade_status] => TRADE_SUCCESS
    [is_total_fee_adjust] => N
    [total_fee] => 39.20
    [gmt_payment] => 2016-09-22 12:43:46
    [seller_email] => 867672678@qq.com
    [price] => 39.20
    [buyer_id] => 2088312127602442
    [notify_id] => 7eac5856a4e67519ae260a4c13e9f23jea
    [use_coupon] => N
    [sign_type] => MD5
    [sign] => 27c5d837d2df144d60806d6eba46e988
)

2016-09-22 12:48:12订单：付款成功，给了玩家相应的代金券
Array
(
    [discount] => 0.00
    [extra_common_param] => 98
    [payment_type] => 1
    [subject] => 《龙战于野》98元代金券
    [trade_no] => 2016092221001004440270407881
    [buyer_email] => 283266479@qq.com
    [gmt_create] => 2016-09-22 12:44:35
    [notify_type] => trade_status_sync
    [quantity] => 1
    [out_trade_no] => 147451946806689
    [seller_id] => 2088021266234053
    [notify_time] => 2016-09-22 12:48:12
    [body] => 《龙战于野》98元代金券
    [trade_status] => TRADE_SUCCESS
    [is_total_fee_adjust] => N
    [total_fee] => 39.20
    [gmt_payment] => 2016-09-22 12:44:40
    [seller_email] => 867672678@qq.com
    [price] => 39.20
    [buyer_id] => 2088312127602442
    [notify_id] => 5d418a6adeddd1031621e66843e2292jea
    [use_coupon] => N
    [sign_type] => MD5
    [sign] => 707672484c6f15b070037b6b65c329e6
)

2016-09-22 12:58:07订单：付款成功，给了玩家相应的代金券
Array
(
    [discount] => 0.00
    [extra_common_param] => 98
    [payment_type] => 1
    [subject] => 《龙战于野》98元代金券
    [trade_no] => 2016092221001004440270407881
    [buyer_email] => 283266479@qq.com
    [gmt_create] => 2016-09-22 12:44:35
    [notify_type] => trade_status_sync
    [quantity] => 1
    [out_trade_no] => 147451946806689
    [seller_id] => 2088021266234053
    [notify_time] => 2016-09-22 12:58:07
    [body] => 《龙战于野》98元代金券
    [trade_status] => TRADE_SUCCESS
    [is_total_fee_adjust] => N
    [total_fee] => 39.20
    [gmt_payment] => 2016-09-22 12:44:40
    [seller_email] => 867672678@qq.com
    [price] => 39.20
    [buyer_id] => 2088312127602442
    [notify_id] => 5d418a6adeddd1031621e66843e2292jea
    [use_coupon] => N
    [sign_type] => MD5
    [sign] => 07f869397c9c9fe40364cf37edc75090
)

2016-09-22 12:58:30订单：付款成功，给了玩家相应的代金券
Array
(
    [discount] => 0.00
    [extra_common_param] => 98
    [payment_type] => 1
    [subject] => 《龙战于野》98元代金券
    [trade_no] => 2016092221001004440278758341
    [buyer_email] => 283266479@qq.com
    [gmt_create] => 2016-09-22 12:43:37
    [notify_type] => trade_status_sync
    [quantity] => 1
    [out_trade_no] => 147451940134927
    [seller_id] => 2088021266234053
    [notify_time] => 2016-09-22 12:58:27
    [body] => 《龙战于野》98元代金券
    [trade_status] => TRADE_SUCCESS
    [is_total_fee_adjust] => N
    [total_fee] => 39.20
    [gmt_payment] => 2016-09-22 12:43:46
    [seller_email] => 867672678@qq.com
    [price] => 39.20
    [buyer_id] => 2088312127602442
    [notify_id] => 7eac5856a4e67519ae260a4c13e9f23jea
    [use_coupon] => N
    [sign_type] => MD5
    [sign] => 64c45eb1974ab839112e1f75435f9973
)

2016-09-22 13:07:42订单：付款成功，给了玩家相应的代金券
Array
(
    [discount] => 0.00
    [extra_common_param] => 98
    [payment_type] => 1
    [subject] => 《龙战于野》98元代金券
    [trade_no] => 2016092221001004440278758341
    [buyer_email] => 283266479@qq.com
    [gmt_create] => 2016-09-22 12:43:37
    [notify_type] => trade_status_sync
    [quantity] => 1
    [out_trade_no] => 147451940134927
    [seller_id] => 2088021266234053
    [notify_time] => 2016-09-22 13:07:42
    [body] => 《龙战于野》98元代金券
    [trade_status] => TRADE_SUCCESS
    [is_total_fee_adjust] => N
    [total_fee] => 39.20
    [gmt_payment] => 2016-09-22 12:43:46
    [seller_email] => 867672678@qq.com
    [price] => 39.20
    [buyer_id] => 2088312127602442
    [notify_id] => 7eac5856a4e67519ae260a4c13e9f23jea
    [use_coupon] => N
    [sign_type] => MD5
    [sign] => 68bfad940c632dec3cdbd5df11dcde08
)

2016-09-22 13:08:26订单：付款成功，给了玩家相应的代金券
Array
(
    [discount] => 0.00
    [extra_common_param] => 98
    [payment_type] => 1
    [subject] => 《龙战于野》98元代金券
    [trade_no] => 2016092221001004440270407881
    [buyer_email] => 283266479@qq.com
    [gmt_create] => 2016-09-22 12:44:35
    [notify_type] => trade_status_sync
    [quantity] => 1
    [out_trade_no] => 147451946806689
    [seller_id] => 2088021266234053
    [notify_time] => 2016-09-22 13:08:26
    [body] => 《龙战于野》98元代金券
    [trade_status] => TRADE_SUCCESS
    [is_total_fee_adjust] => N
    [total_fee] => 39.20
    [gmt_payment] => 2016-09-22 12:44:40
    [seller_email] => 867672678@qq.com
    [price] => 39.20
    [buyer_id] => 2088312127602442
    [notify_id] => 5d418a6adeddd1031621e66843e2292jea
    [use_coupon] => N
    [sign_type] => MD5
    [sign] => b2b16c915c3c1223ef1647a7d550ce66
)

2016-09-22 13:32:41订单：付款成功，给了玩家相应的代金券
Array
(
    [discount] => 0.00
    [extra_common_param] => 517
    [payment_type] => 1
    [subject] => 《诛仙yw》517元代金券
    [trade_no] => 2016092221001004800212122108
    [buyer_email] => 174960848@qq.com
    [gmt_create] => 2016-09-22 12:07:57
    [notify_type] => trade_status_sync
    [quantity] => 1
    [out_trade_no] => 147451727278406
    [seller_id] => 2088021266234053
    [notify_time] => 2016-09-22 13:32:40
    [body] => 《诛仙yw》517元代金券
    [trade_status] => TRADE_SUCCESS
    [is_total_fee_adjust] => N
    [total_fee] => 248.20
    [gmt_payment] => 2016-09-22 12:08:00
    [seller_email] => 867672678@qq.com
    [price] => 248.20
    [buyer_id] => 2088702663816803
    [notify_id] => ce76fc7e5feaaf0d2b331a992a916cem6a
    [use_coupon] => N
    [sign_type] => MD5
    [sign] => 7529d4a904cc78a461ea690f314e38b2
)

2016-09-22 13:55:27订单：付款成功，给了玩家相应的代金券
Array
(
    [discount] => 0.00
    [extra_common_param] => 702
    [payment_type] => 1
    [subject] => 《诛仙yw》702元代金券
    [trade_no] => 2016092221001004800211547433
    [buyer_email] => 174960848@qq.com
    [gmt_create] => 2016-09-22 13:55:18
    [notify_type] => trade_status_sync
    [quantity] => 1
    [out_trade_no] => 147452370542400
    [seller_id] => 2088021266234053
    [notify_time] => 2016-09-22 13:55:26
    [body] => 《诛仙yw》702元代金券
    [trade_status] => TRADE_SUCCESS
    [is_total_fee_adjust] => N
    [total_fee] => 337.00
    [gmt_payment] => 2016-09-22 13:55:26
    [seller_email] => 867672678@qq.com
    [price] => 337.00
    [buyer_id] => 2088702663816803
    [notify_id] => 230721db294f1e0226dfbcffba8e6bam6a
    [use_coupon] => N
    [sign_type] => MD5
    [sign] => 823b133530876d0ae015bb387b753969
)

2016-09-22 13:55:37订单：付款成功，给了玩家相应的代金券
Array
(
    [body] => 《诛仙yw》702元代金券
    [buyer_email] => 174960848@qq.com
    [buyer_id] => 2088702663816803
    [exterface] => create_direct_pay_by_user
    [extra_common_param] => 702
    [is_success] => T
    [notify_id] => RqPnCoPT3K9%2Fvwbh3InWesxct0KP%2F4nhdUSzogjoh9khS7hV4x5QIdI6iNYQXyoqDbb2
    [notify_time] => 2016-09-22 13:55:34
    [notify_type] => trade_status_sync
    [out_trade_no] => 147452370542400
    [payment_type] => 1
    [seller_email] => 867672678@qq.com
    [seller_id] => 2088021266234053
    [subject] => 《诛仙yw》702元代金券
    [total_fee] => 337.00
    [trade_no] => 2016092221001004800211547433
    [trade_status] => TRADE_SUCCESS
    [sign] => d0f3874db34f6017d7780085f161c393
    [sign_type] => MD5
)

2016-09-22 13:59:32订单：付款成功，给了玩家相应的代金券
Array
(
    [discount] => 0.00
    [extra_common_param] => 702
    [payment_type] => 1
    [subject] => 《诛仙yw》702元代金券
    [trade_no] => 2016092221001004800211547433
    [buyer_email] => 174960848@qq.com
    [gmt_create] => 2016-09-22 13:55:18
    [notify_type] => trade_status_sync
    [quantity] => 1
    [out_trade_no] => 147452370542400
    [seller_id] => 2088021266234053
    [notify_time] => 2016-09-22 13:59:31
    [body] => 《诛仙yw》702元代金券
    [trade_status] => TRADE_SUCCESS
    [is_total_fee_adjust] => N
    [total_fee] => 337.00
    [gmt_payment] => 2016-09-22 13:55:26
    [seller_email] => 867672678@qq.com
    [price] => 337.00
    [buyer_id] => 2088702663816803
    [notify_id] => 230721db294f1e0226dfbcffba8e6bam6a
    [use_coupon] => N
    [sign_type] => MD5
    [sign] => 2ef2d95875f62ae2c2ab9d4a02deb3ae
)

2016-09-22 14:02:52订单：付款成功，给了玩家相应的代金券
Array
(
    [discount] => 0.00
    [extra_common_param] => 648
    [payment_type] => 1
    [subject] => 《诛仙yw》648元代金券
    [trade_no] => 2016092221001004800207533279
    [buyer_email] => 174960848@qq.com
    [gmt_create] => 2016-09-22 14:02:48
    [notify_type] => trade_status_sync
    [quantity] => 1
    [out_trade_no] => 147452416577801
    [seller_id] => 2088021266234053
    [notify_time] => 2016-09-22 14:02:52
    [body] => 《诛仙yw》648元代金券
    [trade_status] => TRADE_SUCCESS
    [is_total_fee_adjust] => N
    [total_fee] => 311.00
    [gmt_payment] => 2016-09-22 14:02:52
    [seller_email] => 867672678@qq.com
    [price] => 311.00
    [buyer_id] => 2088702663816803
    [notify_id] => 94c434c8865dbac95a41d390a9b5a88m6a
    [use_coupon] => N
    [sign_type] => MD5
    [sign] => 0680e0cb44512209c8fb3ac44e92e9e0
)

2016-09-22 14:03:04订单：付款成功，给了玩家相应的代金券
Array
(
    [body] => 《诛仙yw》648元代金券
    [buyer_email] => 174960848@qq.com
    [buyer_id] => 2088702663816803
    [exterface] => create_direct_pay_by_user
    [extra_common_param] => 648
    [is_success] => T
    [notify_id] => RqPnCoPT3K9%2Fvwbh3InWesxcsBeZXZzuzh1qrHWs9Ni42m%2BQ9MlsQcRNKq3dvwvW0e%2Ft
    [notify_time] => 2016-09-22 14:03:00
    [notify_type] => trade_status_sync
    [out_trade_no] => 147452416577801
    [payment_type] => 1
    [seller_email] => 867672678@qq.com
    [seller_id] => 2088021266234053
    [subject] => 《诛仙yw》648元代金券
    [total_fee] => 311.00
    [trade_no] => 2016092221001004800207533279
    [trade_status] => TRADE_SUCCESS
    [sign] => 59ca4f00baa54b639be5f489c2f93e3e
    [sign_type] => MD5
)

2016-09-22 14:06:26订单：付款成功，给了玩家相应的代金券
Array
(
    [discount] => 0.00
    [extra_common_param] => 648
    [payment_type] => 1
    [subject] => 《诛仙yw》648元代金券
    [trade_no] => 2016092221001004800207533279
    [buyer_email] => 174960848@qq.com
    [gmt_create] => 2016-09-22 14:02:48
    [notify_type] => trade_status_sync
    [quantity] => 1
    [out_trade_no] => 147452416577801
    [seller_id] => 2088021266234053
    [notify_time] => 2016-09-22 14:06:25
    [body] => 《诛仙yw》648元代金券
    [trade_status] => TRADE_SUCCESS
    [is_total_fee_adjust] => N
    [total_fee] => 311.00
    [gmt_payment] => 2016-09-22 14:02:52
    [seller_email] => 867672678@qq.com
    [price] => 311.00
    [buyer_id] => 2088702663816803
    [notify_id] => 94c434c8865dbac95a41d390a9b5a88m6a
    [use_coupon] => N
    [sign_type] => MD5
    [sign] => 81e01cd10027d71e4996c4c144142049
)

2016-09-22 14:07:04订单：付款成功，给了玩家相应的代金券
Array
(
    [discount] => 0.00
    [extra_common_param] => 98
    [payment_type] => 1
    [subject] => 《龙战于野》98元代金券
    [trade_no] => 2016092221001004440278758341
    [buyer_email] => 283266479@qq.com
    [gmt_create] => 2016-09-22 12:43:37
    [notify_type] => trade_status_sync
    [quantity] => 1
    [out_trade_no] => 147451940134927
    [seller_id] => 2088021266234053
    [notify_time] => 2016-09-22 14:07:03
    [body] => 《龙战于野》98元代金券
    [trade_status] => TRADE_SUCCESS
    [is_total_fee_adjust] => N
    [total_fee] => 39.20
    [gmt_payment] => 2016-09-22 12:43:46
    [seller_email] => 867672678@qq.com
    [price] => 39.20
    [buyer_id] => 2088312127602442
    [notify_id] => 7eac5856a4e67519ae260a4c13e9f23jea
    [use_coupon] => N
    [sign_type] => MD5
    [sign] => 72358e8ffc22b6d8149c34611ebd5b17
)

2016-09-22 14:08:50订单：付款成功，给了玩家相应的代金券
Array
(
    [discount] => 0.00
    [extra_common_param] => 98
    [payment_type] => 1
    [subject] => 《龙战于野》98元代金券
    [trade_no] => 2016092221001004440270407881
    [buyer_email] => 283266479@qq.com
    [gmt_create] => 2016-09-22 12:44:35
    [notify_type] => trade_status_sync
    [quantity] => 1
    [out_trade_no] => 147451946806689
    [seller_id] => 2088021266234053
    [notify_time] => 2016-09-22 14:08:50
    [body] => 《龙战于野》98元代金券
    [trade_status] => TRADE_SUCCESS
    [is_total_fee_adjust] => N
    [total_fee] => 39.20
    [gmt_payment] => 2016-09-22 12:44:40
    [seller_email] => 867672678@qq.com
    [price] => 39.20
    [buyer_id] => 2088312127602442
    [notify_id] => 5d418a6adeddd1031621e66843e2292jea
    [use_coupon] => N
    [sign_type] => MD5
    [sign] => aed66dd741037fa635088a2936efac14
)

2016-09-22 14:09:27订单：付款成功，给了玩家相应的代金券
Array
(
    [discount] => 0.00
    [extra_common_param] => 702
    [payment_type] => 1
    [subject] => 《诛仙yw》702元代金券
    [trade_no] => 2016092221001004800211547433
    [buyer_email] => 174960848@qq.com
    [gmt_create] => 2016-09-22 13:55:18
    [notify_type] => trade_status_sync
    [quantity] => 1
    [out_trade_no] => 147452370542400
    [seller_id] => 2088021266234053
    [notify_time] => 2016-09-22 14:09:26
    [body] => 《诛仙yw》702元代金券
    [trade_status] => TRADE_SUCCESS
    [is_total_fee_adjust] => N
    [total_fee] => 337.00
    [gmt_payment] => 2016-09-22 13:55:26
    [seller_email] => 867672678@qq.com
    [price] => 337.00
    [buyer_id] => 2088702663816803
    [notify_id] => 230721db294f1e0226dfbcffba8e6bam6a
    [use_coupon] => N
    [sign_type] => MD5
    [sign] => 846566c73dd79f79c06e15ff3c304361
)

2016-09-22 14:16:27订单：付款成功，给了玩家相应的代金券
Array
(
    [discount] => 0.00
    [extra_common_param] => 648
    [payment_type] => 1
    [subject] => 《诛仙yw》648元代金券
    [trade_no] => 2016092221001004800207533279
    [buyer_email] => 174960848@qq.com
    [gmt_create] => 2016-09-22 14:02:48
    [notify_type] => trade_status_sync
    [quantity] => 1
    [out_trade_no] => 147452416577801
    [seller_id] => 2088021266234053
    [notify_time] => 2016-09-22 14:16:26
    [body] => 《诛仙yw》648元代金券
    [trade_status] => TRADE_SUCCESS
    [is_total_fee_adjust] => N
    [total_fee] => 311.00
    [gmt_payment] => 2016-09-22 14:02:52
    [seller_email] => 867672678@qq.com
    [price] => 311.00
    [buyer_id] => 2088702663816803
    [notify_id] => 94c434c8865dbac95a41d390a9b5a88m6a
    [use_coupon] => N
    [sign_type] => MD5
    [sign] => ff82f79ac0fc2c6a2566ed1d1371d149
)

2016-09-22 14:19:20订单：付款成功，给了玩家相应的代金券
Array
(
    [discount] => 0.00
    [extra_common_param] => 702
    [payment_type] => 1
    [subject] => 《诛仙yw》702元代金券
    [trade_no] => 2016092221001004800211547433
    [buyer_email] => 174960848@qq.com
    [gmt_create] => 2016-09-22 13:55:18
    [notify_type] => trade_status_sync
    [quantity] => 1
    [out_trade_no] => 147452370542400
    [seller_id] => 2088021266234053
    [notify_time] => 2016-09-22 14:19:20
    [body] => 《诛仙yw》702元代金券
    [trade_status] => TRADE_SUCCESS
    [is_total_fee_adjust] => N
    [total_fee] => 337.00
    [gmt_payment] => 2016-09-22 13:55:26
    [seller_email] => 867672678@qq.com
    [price] => 337.00
    [buyer_id] => 2088702663816803
    [notify_id] => 230721db294f1e0226dfbcffba8e6bam6a
    [use_coupon] => N
    [sign_type] => MD5
    [sign] => 34a3222e12056634a0601986b8ea94f0
)

2016-09-22 14:26:34订单：付款成功，给了玩家相应的代金券
Array
(
    [discount] => 0.00
    [extra_common_param] => 648
    [payment_type] => 1
    [subject] => 《诛仙yw》648元代金券
    [trade_no] => 2016092221001004800207533279
    [buyer_email] => 174960848@qq.com
    [gmt_create] => 2016-09-22 14:02:48
    [notify_type] => trade_status_sync
    [quantity] => 1
    [out_trade_no] => 147452416577801
    [seller_id] => 2088021266234053
    [notify_time] => 2016-09-22 14:26:34
    [body] => 《诛仙yw》648元代金券
    [trade_status] => TRADE_SUCCESS
    [is_total_fee_adjust] => N
    [total_fee] => 311.00
    [gmt_payment] => 2016-09-22 14:02:52
    [seller_email] => 867672678@qq.com
    [price] => 311.00
    [buyer_id] => 2088702663816803
    [notify_id] => 94c434c8865dbac95a41d390a9b5a88m6a
    [use_coupon] => N
    [sign_type] => MD5
    [sign] => 3538bf324b663a091eae5e15e26889ac
)

2016-09-22 14:51:21订单：付款成功，给了玩家相应的代金券
Array
(
    [discount] => 0.00
    [extra_common_param] => 1000
    [payment_type] => 1
    [subject] => 《诛仙yw》1000元代金券
    [trade_no] => 2016092221001004800201357001
    [buyer_email] => 174960848@qq.com
    [gmt_create] => 2016-09-22 14:51:10
    [notify_type] => trade_status_sync
    [quantity] => 1
    [out_trade_no] => 147452706425228
    [seller_id] => 2088021266234053
    [notify_time] => 2016-09-22 14:51:21
    [body] => 《诛仙yw》1000元代金券
    [trade_status] => TRADE_SUCCESS
    [is_total_fee_adjust] => N
    [total_fee] => 480.00
    [gmt_payment] => 2016-09-22 14:51:21
    [seller_email] => 867672678@qq.com
    [price] => 480.00
    [buyer_id] => 2088702663816803
    [notify_id] => d2d1cffc16f02d9bf42d1953cdcdff6m6a
    [use_coupon] => N
    [sign_type] => MD5
    [sign] => edd5cac9feb2df82532486edd843ceaa
)

2016-09-22 14:51:33订单：付款成功，给了玩家相应的代金券
Array
(
    [body] => 《诛仙yw》1000元代金券
    [buyer_email] => 174960848@qq.com
    [buyer_id] => 2088702663816803
    [exterface] => create_direct_pay_by_user
    [extra_common_param] => 1000
    [is_success] => T
    [notify_id] => RqPnCoPT3K9%2Fvwbh3InWesxcszNMaSNnITqRZjm1O1Vd%2FwZ%2BlHembPC5CHhFjkJd1LIc
    [notify_time] => 2016-09-22 14:51:29
    [notify_type] => trade_status_sync
    [out_trade_no] => 147452706425228
    [payment_type] => 1
    [seller_email] => 867672678@qq.com
    [seller_id] => 2088021266234053
    [subject] => 《诛仙yw》1000元代金券
    [total_fee] => 480.00
    [trade_no] => 2016092221001004800201357001
    [trade_status] => TRADE_SUCCESS
    [sign] => 78926b341906e00865852731a85b4f1b
    [sign_type] => MD5
)

2016-09-22 14:55:12订单：付款成功，给了玩家相应的代金券
Array
(
    [discount] => 0.00
    [extra_common_param] => 1000
    [payment_type] => 1
    [subject] => 《诛仙yw》1000元代金券
    [trade_no] => 2016092221001004800201357001
    [buyer_email] => 174960848@qq.com
    [gmt_create] => 2016-09-22 14:51:10
    [notify_type] => trade_status_sync
    [quantity] => 1
    [out_trade_no] => 147452706425228
    [seller_id] => 2088021266234053
    [notify_time] => 2016-09-22 14:55:12
    [body] => 《诛仙yw》1000元代金券
    [trade_status] => TRADE_SUCCESS
    [is_total_fee_adjust] => N
    [total_fee] => 480.00
    [gmt_payment] => 2016-09-22 14:51:21
    [seller_email] => 867672678@qq.com
    [price] => 480.00
    [buyer_id] => 2088702663816803
    [notify_id] => d2d1cffc16f02d9bf42d1953cdcdff6m6a
    [use_coupon] => N
    [sign_type] => MD5
    [sign] => 8097f465315353f74be1185d2e00645e
)

2016-09-22 15:06:43订单：付款成功，给了玩家相应的代金券
Array
(
    [discount] => 0.00
    [extra_common_param] => 1000
    [payment_type] => 1
    [subject] => 《诛仙yw》1000元代金券
    [trade_no] => 2016092221001004800201357001
    [buyer_email] => 174960848@qq.com
    [gmt_create] => 2016-09-22 14:51:10
    [notify_type] => trade_status_sync
    [quantity] => 1
    [out_trade_no] => 147452706425228
    [seller_id] => 2088021266234053
    [notify_time] => 2016-09-22 15:06:42
    [body] => 《诛仙yw》1000元代金券
    [trade_status] => TRADE_SUCCESS
    [is_total_fee_adjust] => N
    [total_fee] => 480.00
    [gmt_payment] => 2016-09-22 14:51:21
    [seller_email] => 867672678@qq.com
    [price] => 480.00
    [buyer_id] => 2088702663816803
    [notify_id] => d2d1cffc16f02d9bf42d1953cdcdff6m6a
    [use_coupon] => N
    [sign_type] => MD5
    [sign] => d9a2af6be4a633ddaee3ce909b8a3999
)

2016-09-22 15:15:18订单：付款成功，给了玩家相应的代金券
Array
(
    [discount] => 0.00
    [extra_common_param] => 1000
    [payment_type] => 1
    [subject] => 《诛仙yw》1000元代金券
    [trade_no] => 2016092221001004800201357001
    [buyer_email] => 174960848@qq.com
    [gmt_create] => 2016-09-22 14:51:10
    [notify_type] => trade_status_sync
    [quantity] => 1
    [out_trade_no] => 147452706425228
    [seller_id] => 2088021266234053
    [notify_time] => 2016-09-22 15:15:18
    [body] => 《诛仙yw》1000元代金券
    [trade_status] => TRADE_SUCCESS
    [is_total_fee_adjust] => N
    [total_fee] => 480.00
    [gmt_payment] => 2016-09-22 14:51:21
    [seller_email] => 867672678@qq.com
    [price] => 480.00
    [buyer_id] => 2088702663816803
    [notify_id] => d2d1cffc16f02d9bf42d1953cdcdff6m6a
    [use_coupon] => N
    [sign_type] => MD5
    [sign] => 8ee59afe61e735325c9b48eba5338f73
)

2016-09-22 15:15:42订单：付款成功，给了玩家相应的代金券
Array
(
    [discount] => 0.00
    [extra_common_param] => 689
    [payment_type] => 1
    [subject] => 《诛仙yw》689元代金券
    [trade_no] => 2016092221001004800211981546
    [buyer_email] => 174960848@qq.com
    [gmt_create] => 2016-09-22 15:15:38
    [notify_type] => trade_status_sync
    [quantity] => 1
    [out_trade_no] => 147452852055779
    [seller_id] => 2088021266234053
    [notify_time] => 2016-09-22 15:15:42
    [body] => 《诛仙yw》689元代金券
    [trade_status] => TRADE_SUCCESS
    [is_total_fee_adjust] => N
    [total_fee] => 330.70
    [gmt_payment] => 2016-09-22 15:15:41
    [seller_email] => 867672678@qq.com
    [price] => 330.70
    [buyer_id] => 2088702663816803
    [notify_id] => 21a518f98a67ecceeaa91450b54859fm6a
    [use_coupon] => N
    [sign_type] => MD5
    [sign] => 749e423b3f5037e18be3d3c37e1ee1f6
)

2016-09-22 15:15:55订单：付款成功，给了玩家相应的代金券
Array
(
    [body] => 《诛仙yw》689元代金券
    [buyer_email] => 174960848@qq.com
    [buyer_id] => 2088702663816803
    [exterface] => create_direct_pay_by_user
    [extra_common_param] => 689
    [is_success] => T
    [notify_id] => RqPnCoPT3K9%2Fvwbh3InWesxcvANZquSTUzX%2B0C9h8LeSgAkn4bDh321pY3xqmkoT4NMa
    [notify_time] => 2016-09-22 15:15:50
    [notify_type] => trade_status_sync
    [out_trade_no] => 147452852055779
    [payment_type] => 1
    [seller_email] => 867672678@qq.com
    [seller_id] => 2088021266234053
    [subject] => 《诛仙yw》689元代金券
    [total_fee] => 330.70
    [trade_no] => 2016092221001004800211981546
    [trade_status] => TRADE_SUCCESS
    [sign] => efb35fe2a09f6a74133d524f90af4845
    [sign_type] => MD5
)

2016-09-22 15:18:45订单：付款成功，给了玩家相应的代金券
Array
(
    [discount] => 0.00
    [extra_common_param] => 30
    [payment_type] => 1
    [subject] => 《龙战于野》30元代金券
    [trade_no] => 2016092221001004440265862229
    [buyer_email] => 283266479@qq.com
    [gmt_create] => 2016-09-22 15:18:39
    [notify_type] => trade_status_sync
    [quantity] => 1
    [out_trade_no] => 147452869880578
    [seller_id] => 2088021266234053
    [notify_time] => 2016-09-22 15:18:45
    [body] => 《龙战于野》30元代金券
    [trade_status] => TRADE_SUCCESS
    [is_total_fee_adjust] => N
    [total_fee] => 12.00
    [gmt_payment] => 2016-09-22 15:18:45
    [seller_email] => 867672678@qq.com
    [price] => 12.00
    [buyer_id] => 2088312127602442
    [notify_id] => b8b044464c1fd539c53a0c0e9d686d4jea
    [use_coupon] => N
    [sign_type] => MD5
    [sign] => f3a66e00376af9fb17781a5081c537c5
)

2016-09-22 15:19:29订单：付款成功，给了玩家相应的代金券
Array
(
    [discount] => 0.00
    [extra_common_param] => 702
    [payment_type] => 1
    [subject] => 《诛仙yw》702元代金券
    [trade_no] => 2016092221001004800211547433
    [buyer_email] => 174960848@qq.com
    [gmt_create] => 2016-09-22 13:55:18
    [notify_type] => trade_status_sync
    [quantity] => 1
    [out_trade_no] => 147452370542400
    [seller_id] => 2088021266234053
    [notify_time] => 2016-09-22 15:19:29
    [body] => 《诛仙yw》702元代金券
    [trade_status] => TRADE_SUCCESS
    [is_total_fee_adjust] => N
    [total_fee] => 337.00
    [gmt_payment] => 2016-09-22 13:55:26
    [seller_email] => 867672678@qq.com
    [price] => 337.00
    [buyer_id] => 2088702663816803
    [notify_id] => 230721db294f1e0226dfbcffba8e6bam6a
    [use_coupon] => N
    [sign_type] => MD5
    [sign] => 8d64f50af29b7d0cbe09585274924e1e
)

2016-09-22 15:19:34订单：付款成功，给了玩家相应的代金券
Array
(
    [discount] => 0.00
    [extra_common_param] => 689
    [payment_type] => 1
    [subject] => 《诛仙yw》689元代金券
    [trade_no] => 2016092221001004800211981546
    [buyer_email] => 174960848@qq.com
    [gmt_create] => 2016-09-22 15:15:38
    [notify_type] => trade_status_sync
    [quantity] => 1
    [out_trade_no] => 147452852055779
    [seller_id] => 2088021266234053
    [notify_time] => 2016-09-22 15:19:34
    [body] => 《诛仙yw》689元代金券
    [trade_status] => TRADE_SUCCESS
    [is_total_fee_adjust] => N
    [total_fee] => 330.70
    [gmt_payment] => 2016-09-22 15:15:41
    [seller_email] => 867672678@qq.com
    [price] => 330.70
    [buyer_id] => 2088702663816803
    [notify_id] => 21a518f98a67ecceeaa91450b54859fm6a
    [use_coupon] => N
    [sign_type] => MD5
    [sign] => 0e3ad1ea6bf7fe2e7d88652d62bb6fb9
)

2016-09-22 15:22:33订单：付款成功，给了玩家相应的代金券
Array
(
    [discount] => 0.00
    [extra_common_param] => 30
    [payment_type] => 1
    [subject] => 《龙战于野》30元代金券
    [trade_no] => 2016092221001004440265862229
    [buyer_email] => 283266479@qq.com
    [gmt_create] => 2016-09-22 15:18:39
    [notify_type] => trade_status_sync
    [quantity] => 1
    [out_trade_no] => 147452869880578
    [seller_id] => 2088021266234053
    [notify_time] => 2016-09-22 15:22:33
    [body] => 《龙战于野》30元代金券
    [trade_status] => TRADE_SUCCESS
    [is_total_fee_adjust] => N
    [total_fee] => 12.00
    [gmt_payment] => 2016-09-22 15:18:45
    [seller_email] => 867672678@qq.com
    [price] => 12.00
    [buyer_id] => 2088312127602442
    [notify_id] => b8b044464c1fd539c53a0c0e9d686d4jea
    [use_coupon] => N
    [sign_type] => MD5
    [sign] => 6f71d0eec68bd3dde771ae101c2023e1
)

2016-09-22 15:27:30订单：付款成功，给了玩家相应的代金券
Array
(
    [discount] => 0.00
    [extra_common_param] => 648
    [payment_type] => 1
    [subject] => 《诛仙yw》648元代金券
    [trade_no] => 2016092221001004800207533279
    [buyer_email] => 174960848@qq.com
    [gmt_create] => 2016-09-22 14:02:48
    [notify_type] => trade_status_sync
    [quantity] => 1
    [out_trade_no] => 147452416577801
    [seller_id] => 2088021266234053
    [notify_time] => 2016-09-22 15:27:30
    [body] => 《诛仙yw》648元代金券
    [trade_status] => TRADE_SUCCESS
    [is_total_fee_adjust] => N
    [total_fee] => 311.00
    [gmt_payment] => 2016-09-22 14:02:52
    [seller_email] => 867672678@qq.com
    [price] => 311.00
    [buyer_id] => 2088702663816803
    [notify_id] => 94c434c8865dbac95a41d390a9b5a88m6a
    [use_coupon] => N
    [sign_type] => MD5
    [sign] => 00ae05184494857a6770ff04234849cb
)

2016-09-22 15:30:48订单：付款成功，给了玩家相应的代金券
Array
(
    [discount] => 0.00
    [extra_common_param] => 689
    [payment_type] => 1
    [subject] => 《诛仙yw》689元代金券
    [trade_no] => 2016092221001004800211981546
    [buyer_email] => 174960848@qq.com
    [gmt_create] => 2016-09-22 15:15:38
    [notify_type] => trade_status_sync
    [quantity] => 1
    [out_trade_no] => 147452852055779
    [seller_id] => 2088021266234053
    [notify_time] => 2016-09-22 15:30:48
    [body] => 《诛仙yw》689元代金券
    [trade_status] => TRADE_SUCCESS
    [is_total_fee_adjust] => N
    [total_fee] => 330.70
    [gmt_payment] => 2016-09-22 15:15:41
    [seller_email] => 867672678@qq.com
    [price] => 330.70
    [buyer_id] => 2088702663816803
    [notify_id] => 21a518f98a67ecceeaa91450b54859fm6a
    [use_coupon] => N
    [sign_type] => MD5
    [sign] => 08a31a0a101bfccb67dc2b137e3f4ac1
)

2016-09-22 15:32:07订单：付款成功，给了玩家相应的代金券
Array
(
    [discount] => 0.00
    [extra_common_param] => 517
    [payment_type] => 1
    [subject] => 《诛仙yw》517元代金券
    [trade_no] => 2016092221001004800212122108
    [buyer_email] => 174960848@qq.com
    [gmt_create] => 2016-09-22 12:07:57
    [notify_type] => trade_status_sync
    [quantity] => 1
    [out_trade_no] => 147451727278406
    [seller_id] => 2088021266234053
    [notify_time] => 2016-09-22 15:32:04
    [body] => 《诛仙yw》517元代金券
    [trade_status] => TRADE_SUCCESS
    [is_total_fee_adjust] => N
    [total_fee] => 248.20
    [gmt_payment] => 2016-09-22 12:08:00
    [seller_email] => 867672678@qq.com
    [price] => 248.20
    [buyer_id] => 2088702663816803
    [notify_id] => ce76fc7e5feaaf0d2b331a992a916cem6a
    [use_coupon] => N
    [sign_type] => MD5
    [sign] => 9aef524fedd44572451a9e16217854ce
)

2016-09-22 15:34:13订单：付款成功，给了玩家相应的代金券
Array
(
    [discount] => 0.00
    [extra_common_param] => 30
    [payment_type] => 1
    [subject] => 《龙战于野》30元代金券
    [trade_no] => 2016092221001004440265862229
    [buyer_email] => 283266479@qq.com
    [gmt_create] => 2016-09-22 15:18:39
    [notify_type] => trade_status_sync
    [quantity] => 1
    [out_trade_no] => 147452869880578
    [seller_id] => 2088021266234053
    [notify_time] => 2016-09-22 15:34:13
    [body] => 《龙战于野》30元代金券
    [trade_status] => TRADE_SUCCESS
    [is_total_fee_adjust] => N
    [total_fee] => 12.00
    [gmt_payment] => 2016-09-22 15:18:45
    [seller_email] => 867672678@qq.com
    [price] => 12.00
    [buyer_id] => 2088312127602442
    [notify_id] => b8b044464c1fd539c53a0c0e9d686d4jea
    [use_coupon] => N
    [sign_type] => MD5
    [sign] => 743dbbdbaa3dcb0f5480740afe2bd1b6
)

2016-09-22 15:39:52订单：付款成功，给了玩家相应的代金券
Array
(
    [discount] => 0.00
    [extra_common_param] => 689
    [payment_type] => 1
    [subject] => 《诛仙yw》689元代金券
    [trade_no] => 2016092221001004800211981546
    [buyer_email] => 174960848@qq.com
    [gmt_create] => 2016-09-22 15:15:38
    [notify_type] => trade_status_sync
    [quantity] => 1
    [out_trade_no] => 147452852055779
    [seller_id] => 2088021266234053
    [notify_time] => 2016-09-22 15:39:52
    [body] => 《诛仙yw》689元代金券
    [trade_status] => TRADE_SUCCESS
    [is_total_fee_adjust] => N
    [total_fee] => 330.70
    [gmt_payment] => 2016-09-22 15:15:41
    [seller_email] => 867672678@qq.com
    [price] => 330.70
    [buyer_id] => 2088702663816803
    [notify_id] => 21a518f98a67ecceeaa91450b54859fm6a
    [use_coupon] => N
    [sign_type] => MD5
    [sign] => f6566e86517485def439d3051fc16185
)

2016-09-22 15:42:20订单：付款成功，给了玩家相应的代金券
Array
(
    [discount] => 0.00
    [extra_common_param] => 30
    [payment_type] => 1
    [subject] => 《龙战于野》30元代金券
    [trade_no] => 2016092221001004440265862229
    [buyer_email] => 283266479@qq.com
    [gmt_create] => 2016-09-22 15:18:39
    [notify_type] => trade_status_sync
    [quantity] => 1
    [out_trade_no] => 147452869880578
    [seller_id] => 2088021266234053
    [notify_time] => 2016-09-22 15:42:20
    [body] => 《龙战于野》30元代金券
    [trade_status] => TRADE_SUCCESS
    [is_total_fee_adjust] => N
    [total_fee] => 12.00
    [gmt_payment] => 2016-09-22 15:18:45
    [seller_email] => 867672678@qq.com
    [price] => 12.00
    [buyer_id] => 2088312127602442
    [notify_id] => b8b044464c1fd539c53a0c0e9d686d4jea
    [use_coupon] => N
    [sign_type] => MD5
    [sign] => 1c070365bb96f52a34adc886a7ed4bc4
)

2016-09-22 16:07:39订单：付款成功，给了玩家相应的代金券
Array
(
    [discount] => 0.00
    [extra_common_param] => 98
    [payment_type] => 1
    [subject] => 《龙战于野》98元代金券
    [trade_no] => 2016092221001004440278758341
    [buyer_email] => 283266479@qq.com
    [gmt_create] => 2016-09-22 12:43:37
    [notify_type] => trade_status_sync
    [quantity] => 1
    [out_trade_no] => 147451940134927
    [seller_id] => 2088021266234053
    [notify_time] => 2016-09-22 16:07:39
    [body] => 《龙战于野》98元代金券
    [trade_status] => TRADE_SUCCESS
    [is_total_fee_adjust] => N
    [total_fee] => 39.20
    [gmt_payment] => 2016-09-22 12:43:46
    [seller_email] => 867672678@qq.com
    [price] => 39.20
    [buyer_id] => 2088312127602442
    [notify_id] => 7eac5856a4e67519ae260a4c13e9f23jea
    [use_coupon] => N
    [sign_type] => MD5
    [sign] => 9930ec4666b14bf2b5a7d75c1f8657f6
)

2016-09-22 16:09:36订单：付款成功，给了玩家相应的代金券
Array
(
    [discount] => 0.00
    [extra_common_param] => 98
    [payment_type] => 1
    [subject] => 《龙战于野》98元代金券
    [trade_no] => 2016092221001004440270407881
    [buyer_email] => 283266479@qq.com
    [gmt_create] => 2016-09-22 12:44:35
    [notify_type] => trade_status_sync
    [quantity] => 1
    [out_trade_no] => 147451946806689
    [seller_id] => 2088021266234053
    [notify_time] => 2016-09-22 16:09:35
    [body] => 《龙战于野》98元代金券
    [trade_status] => TRADE_SUCCESS
    [is_total_fee_adjust] => N
    [total_fee] => 39.20
    [gmt_payment] => 2016-09-22 12:44:40
    [seller_email] => 867672678@qq.com
    [price] => 39.20
    [buyer_id] => 2088312127602442
    [notify_id] => 5d418a6adeddd1031621e66843e2292jea
    [use_coupon] => N
    [sign_type] => MD5
    [sign] => 6fb1841398294b6c6e0cfbbb84e6ec97
)

2016-09-22 16:15:09订单：付款成功，给了玩家相应的代金券
Array
(
    [discount] => 0.00
    [extra_common_param] => 1000
    [payment_type] => 1
    [subject] => 《诛仙yw》1000元代金券
    [trade_no] => 2016092221001004800201357001
    [buyer_email] => 174960848@qq.com
    [gmt_create] => 2016-09-22 14:51:10
    [notify_type] => trade_status_sync
    [quantity] => 1
    [out_trade_no] => 147452706425228
    [seller_id] => 2088021266234053
    [notify_time] => 2016-09-22 16:15:09
    [body] => 《诛仙yw》1000元代金券
    [trade_status] => TRADE_SUCCESS
    [is_total_fee_adjust] => N
    [total_fee] => 480.00
    [gmt_payment] => 2016-09-22 14:51:21
    [seller_email] => 867672678@qq.com
    [price] => 480.00
    [buyer_id] => 2088702663816803
    [notify_id] => d2d1cffc16f02d9bf42d1953cdcdff6m6a
    [use_coupon] => N
    [sign_type] => MD5
    [sign] => ed69395aa779a0cb19648b9c497e3725
)

2016-09-22 16:39:36订单：付款成功，给了玩家相应的代金券
Array
(
    [discount] => 0.00
    [extra_common_param] => 689
    [payment_type] => 1
    [subject] => 《诛仙yw》689元代金券
    [trade_no] => 2016092221001004800211981546
    [buyer_email] => 174960848@qq.com
    [gmt_create] => 2016-09-22 15:15:38
    [notify_type] => trade_status_sync
    [quantity] => 1
    [out_trade_no] => 147452852055779
    [seller_id] => 2088021266234053
    [notify_time] => 2016-09-22 16:39:36
    [body] => 《诛仙yw》689元代金券
    [trade_status] => TRADE_SUCCESS
    [is_total_fee_adjust] => N
    [total_fee] => 330.70
    [gmt_payment] => 2016-09-22 15:15:41
    [seller_email] => 867672678@qq.com
    [price] => 330.70
    [buyer_id] => 2088702663816803
    [notify_id] => 21a518f98a67ecceeaa91450b54859fm6a
    [use_coupon] => N
    [sign_type] => MD5
    [sign] => e5d086e420ced285c9a9dc948898a9ff
)

2016-09-22 16:42:40订单：付款成功，给了玩家相应的代金券
Array
(
    [discount] => 0.00
    [extra_common_param] => 30
    [payment_type] => 1
    [subject] => 《龙战于野》30元代金券
    [trade_no] => 2016092221001004440265862229
    [buyer_email] => 283266479@qq.com
    [gmt_create] => 2016-09-22 15:18:39
    [notify_type] => trade_status_sync
    [quantity] => 1
    [out_trade_no] => 147452869880578
    [seller_id] => 2088021266234053
    [notify_time] => 2016-09-22 16:42:40
    [body] => 《龙战于野》30元代金券
    [trade_status] => TRADE_SUCCESS
    [is_total_fee_adjust] => N
    [total_fee] => 12.00
    [gmt_payment] => 2016-09-22 15:18:45
    [seller_email] => 867672678@qq.com
    [price] => 12.00
    [buyer_id] => 2088312127602442
    [notify_id] => b8b044464c1fd539c53a0c0e9d686d4jea
    [use_coupon] => N
    [sign_type] => MD5
    [sign] => c6d5f9bda0d92f9d4e604fbede19c66b
)

2016-09-22 17:19:44订单：付款成功，给了玩家相应的代金券
Array
(
    [discount] => 0.00
    [extra_common_param] => 702
    [payment_type] => 1
    [subject] => 《诛仙yw》702元代金券
    [trade_no] => 2016092221001004800211547433
    [buyer_email] => 174960848@qq.com
    [gmt_create] => 2016-09-22 13:55:18
    [notify_type] => trade_status_sync
    [quantity] => 1
    [out_trade_no] => 147452370542400
    [seller_id] => 2088021266234053
    [notify_time] => 2016-09-22 17:19:41
    [body] => 《诛仙yw》702元代金券
    [trade_status] => TRADE_SUCCESS
    [is_total_fee_adjust] => N
    [total_fee] => 337.00
    [gmt_payment] => 2016-09-22 13:55:26
    [seller_email] => 867672678@qq.com
    [price] => 337.00
    [buyer_id] => 2088702663816803
    [notify_id] => 230721db294f1e0226dfbcffba8e6bam6a
    [use_coupon] => N
    [sign_type] => MD5
    [sign] => 4da91740d00df5a585c0fc285e134d68
)

2016-09-22 17:27:16订单：付款成功，给了玩家相应的代金券
Array
(
    [discount] => 0.00
    [extra_common_param] => 648
    [payment_type] => 1
    [subject] => 《诛仙yw》648元代金券
    [trade_no] => 2016092221001004800207533279
    [buyer_email] => 174960848@qq.com
    [gmt_create] => 2016-09-22 14:02:48
    [notify_type] => trade_status_sync
    [quantity] => 1
    [out_trade_no] => 147452416577801
    [seller_id] => 2088021266234053
    [notify_time] => 2016-09-22 17:27:15
    [body] => 《诛仙yw》648元代金券
    [trade_status] => TRADE_SUCCESS
    [is_total_fee_adjust] => N
    [total_fee] => 311.00
    [gmt_payment] => 2016-09-22 14:02:52
    [seller_email] => 867672678@qq.com
    [price] => 311.00
    [buyer_id] => 2088702663816803
    [notify_id] => 94c434c8865dbac95a41d390a9b5a88m6a
    [use_coupon] => N
    [sign_type] => MD5
    [sign] => a105b0c791fed0aba4d25b6e088017b0
)

2016-09-22 18:15:54订单：付款成功，给了玩家相应的代金券
Array
(
    [discount] => 0.00
    [extra_common_param] => 1000
    [payment_type] => 1
    [subject] => 《诛仙yw》1000元代金券
    [trade_no] => 2016092221001004800201357001
    [buyer_email] => 174960848@qq.com
    [gmt_create] => 2016-09-22 14:51:10
    [notify_type] => trade_status_sync
    [quantity] => 1
    [out_trade_no] => 147452706425228
    [seller_id] => 2088021266234053
    [notify_time] => 2016-09-22 18:15:52
    [body] => 《诛仙yw》1000元代金券
    [trade_status] => TRADE_SUCCESS
    [is_total_fee_adjust] => N
    [total_fee] => 480.00
    [gmt_payment] => 2016-09-22 14:51:21
    [seller_email] => 867672678@qq.com
    [price] => 480.00
    [buyer_id] => 2088702663816803
    [notify_id] => d2d1cffc16f02d9bf42d1953cdcdff6m6a
    [use_coupon] => N
    [sign_type] => MD5
    [sign] => 2a919fb6b17d593bdc6a28ad5d2a5b00
)

2016-09-22 18:34:20订单：付款成功，给了玩家相应的代金券
Array
(
    [discount] => 0.00
    [extra_common_param] => 71
    [payment_type] => 1
    [subject] => 《诛仙yw》71元代金券
    [trade_no] => 2016092121001004800212500206
    [buyer_email] => 174960848@qq.com
    [gmt_create] => 2016-09-21 18:09:55
    [notify_type] => trade_status_sync
    [quantity] => 1
    [out_trade_no] => 147445259128891
    [seller_id] => 2088021266234053
    [notify_time] => 2016-09-22 18:34:19
    [body] => 《诛仙yw》71元代金券
    [trade_status] => TRADE_SUCCESS
    [is_total_fee_adjust] => N
    [total_fee] => 34.10
    [gmt_payment] => 2016-09-21 18:10:05
    [seller_email] => 867672678@qq.com
    [price] => 34.10
    [buyer_id] => 2088702663816803
    [notify_id] => e3e6f9585d8ed4d52747f520836bf15m6a
    [use_coupon] => N
    [sign_type] => MD5
    [sign] => 42df1d56c8fa9bc3fe9ab20a97232ffa
)

2016-09-22 18:40:43订单：付款成功，给了玩家相应的代金券
Array
(
    [discount] => 0.00
    [extra_common_param] => 689
    [payment_type] => 1
    [subject] => 《诛仙yw》689元代金券
    [trade_no] => 2016092221001004800211981546
    [buyer_email] => 174960848@qq.com
    [gmt_create] => 2016-09-22 15:15:38
    [notify_type] => trade_status_sync
    [quantity] => 1
    [out_trade_no] => 147452852055779
    [seller_id] => 2088021266234053
    [notify_time] => 2016-09-22 18:40:42
    [body] => 《诛仙yw》689元代金券
    [trade_status] => TRADE_SUCCESS
    [is_total_fee_adjust] => N
    [total_fee] => 330.70
    [gmt_payment] => 2016-09-22 15:15:41
    [seller_email] => 867672678@qq.com
    [price] => 330.70
    [buyer_id] => 2088702663816803
    [notify_id] => 21a518f98a67ecceeaa91450b54859fm6a
    [use_coupon] => N
    [sign_type] => MD5
    [sign] => 1a32670c97e63ad36e57d4ea4e1cf3b0
)

2016-09-22 18:42:19订单：付款成功，给了玩家相应的代金券
Array
(
    [discount] => 0.00
    [extra_common_param] => 30
    [payment_type] => 1
    [subject] => 《龙战于野》30元代金券
    [trade_no] => 2016092221001004440265862229
    [buyer_email] => 283266479@qq.com
    [gmt_create] => 2016-09-22 15:18:39
    [notify_type] => trade_status_sync
    [quantity] => 1
    [out_trade_no] => 147452869880578
    [seller_id] => 2088021266234053
    [notify_time] => 2016-09-22 18:42:18
    [body] => 《龙战于野》30元代金券
    [trade_status] => TRADE_SUCCESS
    [is_total_fee_adjust] => N
    [total_fee] => 12.00
    [gmt_payment] => 2016-09-22 15:18:45
    [seller_email] => 867672678@qq.com
    [price] => 12.00
    [buyer_id] => 2088312127602442
    [notify_id] => b8b044464c1fd539c53a0c0e9d686d4jea
    [use_coupon] => N
    [sign_type] => MD5
    [sign] => 0638a32853f4df61a1f6fff4bdb52ea1
)

2016-09-22 19:44:10订单：付款成功，给了玩家相应的代金券
Array
(
    [discount] => 0.00
    [extra_common_param] => 172
    [payment_type] => 1
    [subject] => 《诛仙yw》172元代金券
    [trade_no] => 2016092221001004800222012520
    [buyer_email] => 174960848@qq.com
    [gmt_create] => 2016-09-22 19:44:05
    [notify_type] => trade_status_sync
    [quantity] => 1
    [out_trade_no] => 147454464350650
    [seller_id] => 2088021266234053
    [notify_time] => 2016-09-22 19:44:10
    [body] => 《诛仙yw》172元代金券
    [trade_status] => TRADE_SUCCESS
    [is_total_fee_adjust] => N
    [total_fee] => 82.60
    [gmt_payment] => 2016-09-22 19:44:09
    [seller_email] => 867672678@qq.com
    [price] => 82.60
    [buyer_id] => 2088702663816803
    [notify_id] => 00f834f6b9b2126d4dfad5e8a747bf3m6a
    [use_coupon] => N
    [sign_type] => MD5
    [sign] => ec43d70ea794a9619f47d3daaf5f55d0
)

2016-09-22 19:44:21订单：付款成功，给了玩家相应的代金券
Array
(
    [body] => 《诛仙yw》172元代金券
    [buyer_email] => 174960848@qq.com
    [buyer_id] => 2088702663816803
    [exterface] => create_direct_pay_by_user
    [extra_common_param] => 172
    [is_success] => T
    [notify_id] => RqPnCoPT3K9%2Fvwbh3InWesxaSLuoaWzW3%2FRNu2%2BoxbQTWbPsgrgTCY6gQjgww0MtbOZI
    [notify_time] => 2016-09-22 19:44:17
    [notify_type] => trade_status_sync
    [out_trade_no] => 147454464350650
    [payment_type] => 1
    [seller_email] => 867672678@qq.com
    [seller_id] => 2088021266234053
    [subject] => 《诛仙yw》172元代金券
    [total_fee] => 82.60
    [trade_no] => 2016092221001004800222012520
    [trade_status] => TRADE_SUCCESS
    [sign] => 72d9323c216fd5abb3a6ce75ef8100ff
    [sign_type] => MD5
)

2016-09-22 19:48:39订单：付款成功，给了玩家相应的代金券
Array
(
    [discount] => 0.00
    [extra_common_param] => 172
    [payment_type] => 1
    [subject] => 《诛仙yw》172元代金券
    [trade_no] => 2016092221001004800222012520
    [buyer_email] => 174960848@qq.com
    [gmt_create] => 2016-09-22 19:44:05
    [notify_type] => trade_status_sync
    [quantity] => 1
    [out_trade_no] => 147454464350650
    [seller_id] => 2088021266234053
    [notify_time] => 2016-09-22 19:48:39
    [body] => 《诛仙yw》172元代金券
    [trade_status] => TRADE_SUCCESS
    [is_total_fee_adjust] => N
    [total_fee] => 82.60
    [gmt_payment] => 2016-09-22 19:44:09
    [seller_email] => 867672678@qq.com
    [price] => 82.60
    [buyer_id] => 2088702663816803
    [notify_id] => 00f834f6b9b2126d4dfad5e8a747bf3m6a
    [use_coupon] => N
    [sign_type] => MD5
    [sign] => 4fb54fad816f71919cd289309593b1db
)

2016-09-22 19:58:36订单：付款成功，给了玩家相应的代金券
Array
(
    [discount] => 0.00
    [extra_common_param] => 172
    [payment_type] => 1
    [subject] => 《诛仙yw》172元代金券
    [trade_no] => 2016092221001004800222012520
    [buyer_email] => 174960848@qq.com
    [gmt_create] => 2016-09-22 19:44:05
    [notify_type] => trade_status_sync
    [quantity] => 1
    [out_trade_no] => 147454464350650
    [seller_id] => 2088021266234053
    [notify_time] => 2016-09-22 19:58:35
    [body] => 《诛仙yw》172元代金券
    [trade_status] => TRADE_SUCCESS
    [is_total_fee_adjust] => N
    [total_fee] => 82.60
    [gmt_payment] => 2016-09-22 19:44:09
    [seller_email] => 867672678@qq.com
    [price] => 82.60
    [buyer_id] => 2088702663816803
    [notify_id] => 00f834f6b9b2126d4dfad5e8a747bf3m6a
    [use_coupon] => N
    [sign_type] => MD5
    [sign] => 6774a0f65826b4bb0fbddda96bf34ca4
)

2016-09-22 20:08:35订单：付款成功，给了玩家相应的代金券
Array
(
    [discount] => 0.00
    [extra_common_param] => 172
    [payment_type] => 1
    [subject] => 《诛仙yw》172元代金券
    [trade_no] => 2016092221001004800222012520
    [buyer_email] => 174960848@qq.com
    [gmt_create] => 2016-09-22 19:44:05
    [notify_type] => trade_status_sync
    [quantity] => 1
    [out_trade_no] => 147454464350650
    [seller_id] => 2088021266234053
    [notify_time] => 2016-09-22 20:08:35
    [body] => 《诛仙yw》172元代金券
    [trade_status] => TRADE_SUCCESS
    [is_total_fee_adjust] => N
    [total_fee] => 82.60
    [gmt_payment] => 2016-09-22 19:44:09
    [seller_email] => 867672678@qq.com
    [price] => 82.60
    [buyer_id] => 2088702663816803
    [notify_id] => 00f834f6b9b2126d4dfad5e8a747bf3m6a
    [use_coupon] => N
    [sign_type] => MD5
    [sign] => b70099c21b83d27ebb3e24a73a57b9d2
)

2016-09-22 21:08:52订单：付款成功，给了玩家相应的代金券
Array
(
    [discount] => 0.00
    [extra_common_param] => 172
    [payment_type] => 1
    [subject] => 《诛仙yw》172元代金券
    [trade_no] => 2016092221001004800222012520
    [buyer_email] => 174960848@qq.com
    [gmt_create] => 2016-09-22 19:44:05
    [notify_type] => trade_status_sync
    [quantity] => 1
    [out_trade_no] => 147454464350650
    [seller_id] => 2088021266234053
    [notify_time] => 2016-09-22 21:08:51
    [body] => 《诛仙yw》172元代金券
    [trade_status] => TRADE_SUCCESS
    [is_total_fee_adjust] => N
    [total_fee] => 82.60
    [gmt_payment] => 2016-09-22 19:44:09
    [seller_email] => 867672678@qq.com
    [price] => 82.60
    [buyer_id] => 2088702663816803
    [notify_id] => 00f834f6b9b2126d4dfad5e8a747bf3m6a
    [use_coupon] => N
    [sign_type] => MD5
    [sign] => eb6a9e41d6e97ef23981feffba2911ef
)

2016-09-22 21:09:26订单：付款成功，给了玩家相应的代金券
Array
(
    [discount] => 0.00
    [extra_common_param] => 419
    [payment_type] => 1
    [subject] => 《龙战于野》419元代金券
    [trade_no] => 2016092221001004440278782006
    [buyer_email] => 283266479@qq.com
    [gmt_create] => 2016-09-22 21:09:21
    [notify_type] => trade_status_sync
    [quantity] => 1
    [out_trade_no] => 147454975025241
    [seller_id] => 2088021266234053
    [notify_time] => 2016-09-22 21:09:26
    [body] => 《龙战于野》419元代金券
    [trade_status] => TRADE_SUCCESS
    [is_total_fee_adjust] => N
    [total_fee] => 167.60
    [gmt_payment] => 2016-09-22 21:09:26
    [seller_email] => 867672678@qq.com
    [price] => 167.60
    [buyer_id] => 2088312127602442
    [notify_id] => 0e910334a66aff3016a4378c40896cdjea
    [use_coupon] => N
    [sign_type] => MD5
    [sign] => b356b18b44b2d3a45d504f6c9f2d0adf
)

2016-09-22 21:10:54订单：付款成功，给了玩家相应的代金券
Array
(
    [discount] => 0.00
    [extra_common_param] => 93
    [payment_type] => 1
    [subject] => 《龙战于野》93元代金券
    [trade_no] => 2016092221001004440269717505
    [buyer_email] => 283266479@qq.com
    [gmt_create] => 2016-09-22 21:10:48
    [notify_type] => trade_status_sync
    [quantity] => 1
    [out_trade_no] => 147454983539122
    [seller_id] => 2088021266234053
    [notify_time] => 2016-09-22 21:10:54
    [body] => 《龙战于野》93元代金券
    [trade_status] => TRADE_SUCCESS
    [is_total_fee_adjust] => N
    [total_fee] => 37.20
    [gmt_payment] => 2016-09-22 21:10:53
    [seller_email] => 867672678@qq.com
    [price] => 37.20
    [buyer_id] => 2088312127602442
    [notify_id] => 2ebda3ee86aba3fb0600671e2638a0bjea
    [use_coupon] => N
    [sign_type] => MD5
    [sign] => cf1ea4eb0b6dd90bc83fb03d6c3c1a0e
)

2016-09-22 21:13:06订单：付款成功，给了玩家相应的代金券
Array
(
    [discount] => 0.00
    [extra_common_param] => 419
    [payment_type] => 1
    [subject] => 《龙战于野》419元代金券
    [trade_no] => 2016092221001004440278782006
    [buyer_email] => 283266479@qq.com
    [gmt_create] => 2016-09-22 21:09:21
    [notify_type] => trade_status_sync
    [quantity] => 1
    [out_trade_no] => 147454975025241
    [seller_id] => 2088021266234053
    [notify_time] => 2016-09-22 21:13:06
    [body] => 《龙战于野》419元代金券
    [trade_status] => TRADE_SUCCESS
    [is_total_fee_adjust] => N
    [total_fee] => 167.60
    [gmt_payment] => 2016-09-22 21:09:26
    [seller_email] => 867672678@qq.com
    [price] => 167.60
    [buyer_id] => 2088312127602442
    [notify_id] => 0e910334a66aff3016a4378c40896cdjea
    [use_coupon] => N
    [sign_type] => MD5
    [sign] => 690eef70acff925123d91b999ab08616
)

2016-09-22 21:14:45订单：付款成功，给了玩家相应的代金券
Array
(
    [discount] => 0.00
    [extra_common_param] => 93
    [payment_type] => 1
    [subject] => 《龙战于野》93元代金券
    [trade_no] => 2016092221001004440269717505
    [buyer_email] => 283266479@qq.com
    [gmt_create] => 2016-09-22 21:10:48
    [notify_type] => trade_status_sync
    [quantity] => 1
    [out_trade_no] => 147454983539122
    [seller_id] => 2088021266234053
    [notify_time] => 2016-09-22 21:14:45
    [body] => 《龙战于野》93元代金券
    [trade_status] => TRADE_SUCCESS
    [is_total_fee_adjust] => N
    [total_fee] => 37.20
    [gmt_payment] => 2016-09-22 21:10:53
    [seller_email] => 867672678@qq.com
    [price] => 37.20
    [buyer_id] => 2088312127602442
    [notify_id] => 2ebda3ee86aba3fb0600671e2638a0bjea
    [use_coupon] => N
    [sign_type] => MD5
    [sign] => 8b0c22c6f30c66607f874b9724116b1e
)

2016-09-22 21:23:46订单：付款成功，给了玩家相应的代金券
Array
(
    [discount] => 0.00
    [extra_common_param] => 419
    [payment_type] => 1
    [subject] => 《龙战于野》419元代金券
    [trade_no] => 2016092221001004440278782006
    [buyer_email] => 283266479@qq.com
    [gmt_create] => 2016-09-22 21:09:21
    [notify_type] => trade_status_sync
    [quantity] => 1
    [out_trade_no] => 147454975025241
    [seller_id] => 2088021266234053
    [notify_time] => 2016-09-22 21:23:45
    [body] => 《龙战于野》419元代金券
    [trade_status] => TRADE_SUCCESS
    [is_total_fee_adjust] => N
    [total_fee] => 167.60
    [gmt_payment] => 2016-09-22 21:09:26
    [seller_email] => 867672678@qq.com
    [price] => 167.60
    [buyer_id] => 2088312127602442
    [notify_id] => 0e910334a66aff3016a4378c40896cdjea
    [use_coupon] => N
    [sign_type] => MD5
    [sign] => 67206c75c763605ab59a13def2bacc9e
)

2016-09-22 21:25:29订单：付款成功，给了玩家相应的代金券
Array
(
    [discount] => 0.00
    [extra_common_param] => 93
    [payment_type] => 1
    [subject] => 《龙战于野》93元代金券
    [trade_no] => 2016092221001004440269717505
    [buyer_email] => 283266479@qq.com
    [gmt_create] => 2016-09-22 21:10:48
    [notify_type] => trade_status_sync
    [quantity] => 1
    [out_trade_no] => 147454983539122
    [seller_id] => 2088021266234053
    [notify_time] => 2016-09-22 21:25:28
    [body] => 《龙战于野》93元代金券
    [trade_status] => TRADE_SUCCESS
    [is_total_fee_adjust] => N
    [total_fee] => 37.20
    [gmt_payment] => 2016-09-22 21:10:53
    [seller_email] => 867672678@qq.com
    [price] => 37.20
    [buyer_id] => 2088312127602442
    [notify_id] => 2ebda3ee86aba3fb0600671e2638a0bjea
    [use_coupon] => N
    [sign_type] => MD5
    [sign] => 2c017ea5d8cb75fbd7748927485a6137
)

2016-09-22 21:32:53订单：付款成功，给了玩家相应的代金券
Array
(
    [discount] => 0.00
    [extra_common_param] => 517
    [payment_type] => 1
    [subject] => 《诛仙yw》517元代金券
    [trade_no] => 2016092221001004800212122108
    [buyer_email] => 174960848@qq.com
    [gmt_create] => 2016-09-22 12:07:57
    [notify_type] => trade_status_sync
    [quantity] => 1
    [out_trade_no] => 147451727278406
    [seller_id] => 2088021266234053
    [notify_time] => 2016-09-22 21:32:51
    [body] => 《诛仙yw》517元代金券
    [trade_status] => TRADE_SUCCESS
    [is_total_fee_adjust] => N
    [total_fee] => 248.20
    [gmt_payment] => 2016-09-22 12:08:00
    [seller_email] => 867672678@qq.com
    [price] => 248.20
    [buyer_id] => 2088702663816803
    [notify_id] => ce76fc7e5feaaf0d2b331a992a916cem6a
    [use_coupon] => N
    [sign_type] => MD5
    [sign] => 0243303af3c4976d44227cfc8acee060
)

2016-09-22 21:33:32订单：付款成功，给了玩家相应的代金券
Array
(
    [discount] => 0.00
    [extra_common_param] => 419
    [payment_type] => 1
    [subject] => 《龙战于野》419元代金券
    [trade_no] => 2016092221001004440278782006
    [buyer_email] => 283266479@qq.com
    [gmt_create] => 2016-09-22 21:09:21
    [notify_type] => trade_status_sync
    [quantity] => 1
    [out_trade_no] => 147454975025241
    [seller_id] => 2088021266234053
    [notify_time] => 2016-09-22 21:33:31
    [body] => 《龙战于野》419元代金券
    [trade_status] => TRADE_SUCCESS
    [is_total_fee_adjust] => N
    [total_fee] => 167.60
    [gmt_payment] => 2016-09-22 21:09:26
    [seller_email] => 867672678@qq.com
    [price] => 167.60
    [buyer_id] => 2088312127602442
    [notify_id] => 0e910334a66aff3016a4378c40896cdjea
    [use_coupon] => N
    [sign_type] => MD5
    [sign] => b2968bd4547f084bcd7e902604b5c3f0
)

2016-09-22 21:34:05订单：付款成功，给了玩家相应的代金券
Array
(
    [discount] => 0.00
    [extra_common_param] => 93
    [payment_type] => 1
    [subject] => 《龙战于野》93元代金券
    [trade_no] => 2016092221001004440269717505
    [buyer_email] => 283266479@qq.com
    [gmt_create] => 2016-09-22 21:10:48
    [notify_type] => trade_status_sync
    [quantity] => 1
    [out_trade_no] => 147454983539122
    [seller_id] => 2088021266234053
    [notify_time] => 2016-09-22 21:34:05
    [body] => 《龙战于野》93元代金券
    [trade_status] => TRADE_SUCCESS
    [is_total_fee_adjust] => N
    [total_fee] => 37.20
    [gmt_payment] => 2016-09-22 21:10:53
    [seller_email] => 867672678@qq.com
    [price] => 37.20
    [buyer_id] => 2088312127602442
    [notify_id] => 2ebda3ee86aba3fb0600671e2638a0bjea
    [use_coupon] => N
    [sign_type] => MD5
    [sign] => 516b4005deddf77b8aa21be0d9790f0b
)

2016-09-22 22:08:05订单：付款成功，给了玩家相应的代金券
Array
(
    [discount] => 0.00
    [extra_common_param] => 98
    [payment_type] => 1
    [subject] => 《龙战于野》98元代金券
    [trade_no] => 2016092221001004440270407881
    [buyer_email] => 283266479@qq.com
    [gmt_create] => 2016-09-22 12:44:35
    [notify_type] => trade_status_sync
    [quantity] => 1
    [out_trade_no] => 147451946806689
    [seller_id] => 2088021266234053
    [notify_time] => 2016-09-22 22:08:05
    [body] => 《龙战于野》98元代金券
    [trade_status] => TRADE_SUCCESS
    [is_total_fee_adjust] => N
    [total_fee] => 39.20
    [gmt_payment] => 2016-09-22 12:44:40
    [seller_email] => 867672678@qq.com
    [price] => 39.20
    [buyer_id] => 2088312127602442
    [notify_id] => 5d418a6adeddd1031621e66843e2292jea
    [use_coupon] => N
    [sign_type] => MD5
    [sign] => 7cffe8a9fba30fb0a2de23894020e749
)

2016-09-22 22:09:12订单：付款成功，给了玩家相应的代金券
Array
(
    [discount] => 0.00
    [extra_common_param] => 98
    [payment_type] => 1
    [subject] => 《龙战于野》98元代金券
    [trade_no] => 2016092221001004440278758341
    [buyer_email] => 283266479@qq.com
    [gmt_create] => 2016-09-22 12:43:37
    [notify_type] => trade_status_sync
    [quantity] => 1
    [out_trade_no] => 147451940134927
    [seller_id] => 2088021266234053
    [notify_time] => 2016-09-22 22:09:11
    [body] => 《龙战于野》98元代金券
    [trade_status] => TRADE_SUCCESS
    [is_total_fee_adjust] => N
    [total_fee] => 39.20
    [gmt_payment] => 2016-09-22 12:43:46
    [seller_email] => 867672678@qq.com
    [price] => 39.20
    [buyer_id] => 2088312127602442
    [notify_id] => 7eac5856a4e67519ae260a4c13e9f23jea
    [use_coupon] => N
    [sign_type] => MD5
    [sign] => 5bb0c1f878742f192619fc3c67998b93
)

2016-09-22 22:34:09订单：付款成功，给了玩家相应的代金券
Array
(
    [discount] => 0.00
    [extra_common_param] => 419
    [payment_type] => 1
    [subject] => 《龙战于野》419元代金券
    [trade_no] => 2016092221001004440278782006
    [buyer_email] => 283266479@qq.com
    [gmt_create] => 2016-09-22 21:09:21
    [notify_type] => trade_status_sync
    [quantity] => 1
    [out_trade_no] => 147454975025241
    [seller_id] => 2088021266234053
    [notify_time] => 2016-09-22 22:34:08
    [body] => 《龙战于野》419元代金券
    [trade_status] => TRADE_SUCCESS
    [is_total_fee_adjust] => N
    [total_fee] => 167.60
    [gmt_payment] => 2016-09-22 21:09:26
    [seller_email] => 867672678@qq.com
    [price] => 167.60
    [buyer_id] => 2088312127602442
    [notify_id] => 0e910334a66aff3016a4378c40896cdjea
    [use_coupon] => N
    [sign_type] => MD5
    [sign] => c64e6a8b28fea600acdf963f51a01a99
)

2016-09-22 22:34:47订单：付款成功，给了玩家相应的代金券
Array
(
    [discount] => 0.00
    [extra_common_param] => 93
    [payment_type] => 1
    [subject] => 《龙战于野》93元代金券
    [trade_no] => 2016092221001004440269717505
    [buyer_email] => 283266479@qq.com
    [gmt_create] => 2016-09-22 21:10:48
    [notify_type] => trade_status_sync
    [quantity] => 1
    [out_trade_no] => 147454983539122
    [seller_id] => 2088021266234053
    [notify_time] => 2016-09-22 22:34:47
    [body] => 《龙战于野》93元代金券
    [trade_status] => TRADE_SUCCESS
    [is_total_fee_adjust] => N
    [total_fee] => 37.20
    [gmt_payment] => 2016-09-22 21:10:53
    [seller_email] => 867672678@qq.com
    [price] => 37.20
    [buyer_id] => 2088312127602442
    [notify_id] => 2ebda3ee86aba3fb0600671e2638a0bjea
    [use_coupon] => N
    [sign_type] => MD5
    [sign] => b964919d774ad0ba4813d68e9076d114
)

2016-09-22 22:55:24订单：付款成功，给了玩家相应的代金券
Array
(
    [discount] => 0.00
    [extra_common_param] => 30
    [payment_type] => 1
    [subject] => 《龙战于野》30元代金券
    [trade_no] => 2016092221001004440269936498
    [buyer_email] => 283266479@qq.com
    [gmt_create] => 2016-09-22 22:55:16
    [notify_type] => trade_status_sync
    [quantity] => 1
    [out_trade_no] => 147455609973039
    [seller_id] => 2088021266234053
    [notify_time] => 2016-09-22 22:55:24
    [body] => 《龙战于野》30元代金券
    [trade_status] => TRADE_SUCCESS
    [is_total_fee_adjust] => N
    [total_fee] => 12.00
    [gmt_payment] => 2016-09-22 22:55:23
    [seller_email] => 867672678@qq.com
    [price] => 12.00
    [buyer_id] => 2088312127602442
    [notify_id] => b50bde967110d023df0d0e6229e55d8jea
    [use_coupon] => N
    [sign_type] => MD5
    [sign] => 6bb4d137eca24a5d38ecaea96f00e4d9
)

2016-09-22 22:59:49订单：付款成功，给了玩家相应的代金券
Array
(
    [discount] => 0.00
    [extra_common_param] => 30
    [payment_type] => 1
    [subject] => 《龙战于野》30元代金券
    [trade_no] => 2016092221001004440269936498
    [buyer_email] => 283266479@qq.com
    [gmt_create] => 2016-09-22 22:55:16
    [notify_type] => trade_status_sync
    [quantity] => 1
    [out_trade_no] => 147455609973039
    [seller_id] => 2088021266234053
    [notify_time] => 2016-09-22 22:59:45
    [body] => 《龙战于野》30元代金券
    [trade_status] => TRADE_SUCCESS
    [is_total_fee_adjust] => N
    [total_fee] => 12.00
    [gmt_payment] => 2016-09-22 22:55:23
    [seller_email] => 867672678@qq.com
    [price] => 12.00
    [buyer_id] => 2088312127602442
    [notify_id] => b50bde967110d023df0d0e6229e55d8jea
    [use_coupon] => N
    [sign_type] => MD5
    [sign] => 0d0ec4bbcee0ad2fa63b53faa307de0c
)

2016-09-22 23:08:23订单：付款成功，给了玩家相应的代金券
Array
(
    [discount] => 0.00
    [extra_common_param] => 172
    [payment_type] => 1
    [subject] => 《诛仙yw》172元代金券
    [trade_no] => 2016092221001004800222012520
    [buyer_email] => 174960848@qq.com
    [gmt_create] => 2016-09-22 19:44:05
    [notify_type] => trade_status_sync
    [quantity] => 1
    [out_trade_no] => 147454464350650
    [seller_id] => 2088021266234053
    [notify_time] => 2016-09-22 23:08:23
    [body] => 《诛仙yw》172元代金券
    [trade_status] => TRADE_SUCCESS
    [is_total_fee_adjust] => N
    [total_fee] => 82.60
    [gmt_payment] => 2016-09-22 19:44:09
    [seller_email] => 867672678@qq.com
    [price] => 82.60
    [buyer_id] => 2088702663816803
    [notify_id] => 00f834f6b9b2126d4dfad5e8a747bf3m6a
    [use_coupon] => N
    [sign_type] => MD5
    [sign] => 673f7a4edc4f4f3ac0365db6a7d51dcd
)

2016-09-22 23:10:22订单：付款成功，给了玩家相应的代金券
Array
(
    [discount] => 0.00
    [extra_common_param] => 30
    [payment_type] => 1
    [subject] => 《龙战于野》30元代金券
    [trade_no] => 2016092221001004440269936498
    [buyer_email] => 283266479@qq.com
    [gmt_create] => 2016-09-22 22:55:16
    [notify_type] => trade_status_sync
    [quantity] => 1
    [out_trade_no] => 147455609973039
    [seller_id] => 2088021266234053
    [notify_time] => 2016-09-22 23:10:21
    [body] => 《龙战于野》30元代金券
    [trade_status] => TRADE_SUCCESS
    [is_total_fee_adjust] => N
    [total_fee] => 12.00
    [gmt_payment] => 2016-09-22 22:55:23
    [seller_email] => 867672678@qq.com
    [price] => 12.00
    [buyer_id] => 2088312127602442
    [notify_id] => b50bde967110d023df0d0e6229e55d8jea
    [use_coupon] => N
    [sign_type] => MD5
    [sign] => 6f7819cd40f55c85998a9932584c8e90
)

2016-09-22 23:19:41订单：付款成功，给了玩家相应的代金券
Array
(
    [discount] => 0.00
    [extra_common_param] => 30
    [payment_type] => 1
    [subject] => 《龙战于野》30元代金券
    [trade_no] => 2016092221001004440269936498
    [buyer_email] => 283266479@qq.com
    [gmt_create] => 2016-09-22 22:55:16
    [notify_type] => trade_status_sync
    [quantity] => 1
    [out_trade_no] => 147455609973039
    [seller_id] => 2088021266234053
    [notify_time] => 2016-09-22 23:19:40
    [body] => 《龙战于野》30元代金券
    [trade_status] => TRADE_SUCCESS
    [is_total_fee_adjust] => N
    [total_fee] => 12.00
    [gmt_payment] => 2016-09-22 22:55:23
    [seller_email] => 867672678@qq.com
    [price] => 12.00
    [buyer_id] => 2088312127602442
    [notify_id] => b50bde967110d023df0d0e6229e55d8jea
    [use_coupon] => N
    [sign_type] => MD5
    [sign] => c69b203e0149d539363b4548afd5a43b
)

2016-09-22 23:21:49订单：付款成功，给了玩家相应的代金券
Array
(
    [discount] => 0.00
    [extra_common_param] => 702
    [payment_type] => 1
    [subject] => 《诛仙yw》702元代金券
    [trade_no] => 2016092221001004800211547433
    [buyer_email] => 174960848@qq.com
    [gmt_create] => 2016-09-22 13:55:18
    [notify_type] => trade_status_sync
    [quantity] => 1
    [out_trade_no] => 147452370542400
    [seller_id] => 2088021266234053
    [notify_time] => 2016-09-22 23:21:49
    [body] => 《诛仙yw》702元代金券
    [trade_status] => TRADE_SUCCESS
    [is_total_fee_adjust] => N
    [total_fee] => 337.00
    [gmt_payment] => 2016-09-22 13:55:26
    [seller_email] => 867672678@qq.com
    [price] => 337.00
    [buyer_id] => 2088702663816803
    [notify_id] => 230721db294f1e0226dfbcffba8e6bam6a
    [use_coupon] => N
    [sign_type] => MD5
    [sign] => 420c8c904435121dd2993dcb36041e84
)

2016-09-22 23:26:16订单：付款成功，给了玩家相应的代金券
Array
(
    [discount] => 0.00
    [extra_common_param] => 648
    [payment_type] => 1
    [subject] => 《诛仙yw》648元代金券
    [trade_no] => 2016092221001004800207533279
    [buyer_email] => 174960848@qq.com
    [gmt_create] => 2016-09-22 14:02:48
    [notify_type] => trade_status_sync
    [quantity] => 1
    [out_trade_no] => 147452416577801
    [seller_id] => 2088021266234053
    [notify_time] => 2016-09-22 23:26:16
    [body] => 《诛仙yw》648元代金券
    [trade_status] => TRADE_SUCCESS
    [is_total_fee_adjust] => N
    [total_fee] => 311.00
    [gmt_payment] => 2016-09-22 14:02:52
    [seller_email] => 867672678@qq.com
    [price] => 311.00
    [buyer_id] => 2088702663816803
    [notify_id] => 94c434c8865dbac95a41d390a9b5a88m6a
    [use_coupon] => N
    [sign_type] => MD5
    [sign] => 2af7d576d4b453e9bc97c74b0747a418
)

