2016-10-22 00:34:22
统计当天：2016-10-21
渠道个数（即dailyaccount的个数）：7081
渠道sql：
select * from yx_tg_source S left join yx_tg_game G on S.gameid = G.gameid where S.activeflag = 1 and G.activeflag = 1 and G.isonstack = 0  and S.createtime<='2016-10-21 23:59:59' order by S.id desc
活跃渠道个数：345
活跃渠道array：
Array
(
    [0] => tg_77gFvmZyqqb5ZTA3643TFpwCYz8Jas
    [1] => tg_iNBVgkrz7R1IOCXEEJfkIlPzdSGnyI
    [2] => tg_v7cDnrslnzqxIArJ4erBCApkpQRJeE
    [3] => tg_v7Jb3BIDODCQ1VtgtfAmw7kXJEEPfK
    [4] => tg_xynK92e6Ss0NWnCvL8CCENHHEqAka4
    [5] => tg_Hllcezo5vcG6IuqIwwwGQ0oYw0mGPL
    [6] => tg_au4IVxZIqUPkIsk9WHXh5V7naKiSIK
    [7] => tg_sM3nfqDJy3Vy5aPurriOPCdX9iEJma
    [8] => tg_Ns2ruyRNGIFOc1V1cNXZTgYNXxKEzX
    [9] => COK-223-01
    [10] => tg_uM73vHb3tX7wOkVYYGRobZCg6rHCVT
    [11] => tg_Wn11xsfYxoYQKmXznDz7ic5H2PaJth
    [12] => tg_Gejy6CaJU0EYR82x85J7TjKGPjSSZY
    [13] => tg_5OSuPn9oHty6tDThXGVcWSFPKws79c
    [14] => tg_O9cgE2tLlaIUujkhXbTlcktVd9yvRi
    [15] => sdyxc3D-243-03
    [16] => tg_mGHUeBsI32LYmovto5wB74q45NSYQy
    [17] => tg_nNPe0vpMC4ZxmitWGiEHW0gWHDpRcF
    [18] => tg_3DSNWRoGvcnS1USj7RLdEQ1Anm4nds
    [19] => 
    [20] => tg_ImW7KdcLDbkfZrE1j7R4jVhpShIV9N
    [21] => tg_VY5fuFU8pF4jMVrZsTPAcRbAbM68ZA
    [22] => tg_UJipV7pXJ9Ui9rY70iZpjBHGl1EDWh
    [23] => tg_Ol1QFxsnwmPTIifUX1pY0CFdr9g2cW
    [24] => tg_It3ZrGnxHnT527Li1JsFPEbAXHFsnx
    [25] => tg_9wMQEwx1XSgzc6p1L1icWOicF6gRTs
    [26] => tg_iqfTzQ8SlRMYUsxMhhHnvScsJrc5by
    [27] => iszz-258-03
    [28] => tg_jCHJyMptnrEeCRtLvWCna1UgFDOg12
    [29] => tg_NO44EDPcEL3s66lwa9yRtCs9aY1gjc
    [30] => tg_iCdPvpx09yXS6AqVoH99GaBcG8K6Bx
    [31] => dfi2-252-03
    [32] => ly-266-01
    [33] => tg_YSA05Nah8JewKgqX9nr7Acwb2aBxyl
    [34] => tg_a5q2q9GN2xABq86jM9pwiS8iyBJVfW
    [35] => tg_o028lSVS26po0ZFjgGHlegKtggqz9S
    [36] => tg_PXQG1MoeGb9uQy94DtZg3mBtr0ErUI
    [37] => tg_9ODQEQAEQC2jZ68fdtnxDefI1lJGh5
    [38] => tg_MgtczvSC2Y8RhwzpkFMfLrp6BnzFJA
    [39] => tg_zjUY3zgmqTzHY6gaBbz0V5axvkeADq
    [40] => tg_isZoXNhPlO746tHMSp9H4QBHsPxXNI
    [41] => tg_JZ9J3vGNs6fiYDpid1fLVXAcdmnJGC
    [42] => tg_Trn7YSQVVtNZzq3Fw768fo98JN0n65
    [43] => tg_NgwIwYVjAzXZn1QBJC68rQwtm8qAnv
    [44] => tg_u5jkBNVLd4lnnf9w8P6FZVnCleJITd
    [45] => tg_y0rw3xWTqO1J6EbXH2IEeZciWZj2V8
    [46] => tg_5OfKZXixp7CjR7XPU0W90lqqqTFk5J
    [47] => tg_Zs0k3Wft4sZSUPLhqKbS72Fumhrxnx
    [48] => tg_6MtTadvoEKKgoLj4mjkg9EXH9fHVbf
    [49] => tg_dcZ5QIL64ZnGI4GY1HWwh29nKXB9BK
    [50] => zyj-263-04
    [51] => tg_euSiCujjVYyRZq2bhlsayXa9gchpUb
    [52] => tg_OelNZbsZicvSlFyKZY006o7gBOtSKO
    [53] => tg_DSCeq49dAY1NXszMuPT6YSvlibLEV5
    [54] => tg_mNXK59R18xrYtoBaxWNwkKYPBuKXQp
    [55] => tg_MwmQeDM6z2hcH7FkvAQSikHdIAwg1t
    [56] => tg_1wDDLzkjbW3Pb8jzRrA01incmPqYhQ
    [57] => tg_T0Ed5mmvuRdVzcxLWCLs9R6BGf0EaP
    [58] => tg_VZuGbtPK119VaeXIfeAFPpCwPVuF4q
    [59] => tg_XsxYkTvYKaFEZLomJmAIGTxKh6t473
    [60] => tg_lH8i7vtt5Vyi4nU4poSm8Iv68PqS5A
    [61] => wd-265-03
    [62] => tg_IHodxJNKrfS0xxajkR6tAtkpohQvUu
    [63] => tg_9exPJH0wBZ8HTOnBGIBAUy7Pd5KItg
    [64] => tg_SOmneBbDmU5oKk5ctGfFOWPhy6C5M4
    [65] => tg_hGFVwlehGMFc5AVTI0APT2AXvSQeGu
    [66] => tg_s5eM8IRXSE8Vp7FYNsFCvzEztLAiwD
    [67] => tg_4xaqzJIbeZOX10X6NI4jgUD3d7kYwn
    [68] => tg_KPu4Nors1HZxKWZihYMPeXmb4uu43N
    [69] => tg_MdY8o3ka4HnFeP8j7JprigdSox5agX
    [71] => NBAftx-225-02
    [73] => tg_Kf496E1VQ48ciXgp204oQfuAGOfmD4
    [74] => tg_ovYJpa0VxDSjfx9vB6F4bOOdyJRpkM
    [75] => qqics-242-02
    [76] => tg_NvXJf5QR5tjRwPjhRNfgiEKYRFgx4r
    [78] => tg_eLvEUVWPVr3mOUhel9Kbw0ggZa2BIk
    [79] => tg_USQULvLd7jEwvAnEXP6ogWMPmBcWXF
    [80] => xrtx-387-01
    [81] => zgzt-213-01
    [82] => sszj-260-01
    [83] => tg_cpyZr9GHGR8Xcn0z4evGlEaXGNXBtW
    [84] => tg_G9yTAxWgs6kbikFA8mybpflSOxGHtl
    [85] => tg_u1US2O9i4Z0zNFhwCpRHFpjjJ2Ti4w
    [86] => tg_NoqH248k7exruZXQMVi100rIj0Ow78
    [87] => tg_tqrdOEQGez8JLhsu6eKlKfqBQ95Nv9
    [88] => tg_Ls0r0ObpFIFHHBSzcMSHVlPIgMA5tM
    [89] => tg_vCsJpv46Zy29l982dIplz8UWDvylOA
    [90] => tg_a90RnFEOwkBcXh7tN9qQpXdm0EkE71
    [91] => tg_10eEbFl5fVEDE2KQ8RzdhUx4Ea7Ww1
    [92] => tkzz-330-01
    [93] => tg_ceyjwgtKjdoAWvo2vbmAPUZ25nKLFW
    [94] => tg_QpCczKlhz97ngi9cw2HApmvVoklmE4
    [95] => tg_OD7FcltYU9ZyDt7rn6beaylFAAVT5D
    [96] => tg_AZBv2evhsVKkqXHlezspyoy5xiNZpf
    [97] => lwzr-239-03
    [98] => tg_DLgDR06dmMa0a6U2hBofa0ahtn29UH
    [99] => tg_AdMndsyzT7HuzGNpX6xP7nNd2kL4of
    [100] => tg_UIq5v3eBxoWaOieomZ3V2ey4GibbMZ
    [101] => tg_Al79fPitwhjCcNsBqZGf6oJ02cb57J
    [102] => tg_kmqirNcTPqP9LXu9rVTn157Vye0pAs
    [103] => xjqxc3D-443-01
    [104] => tg_BX7jbPiBrO3Lbj4y7kRa9Zw7d5W5pt
    [105] => tg_mohUYUUR0HsouvywyxKRKclRKiIfUh
    [106] => tg_KSrTmGgyDYV81i5ltvne0CVaiHhXRQ
    [108] => kdygfk-292-01
    [109] => tg_Qo1fvJS7zsXzyA2IXbpN0O63IkFczD
    [110] => tg_N3n5bMNK8zcr4pfuMwWwZ8rQ1S89xz
    [111] => tg_QDYvyxICPNYv0kg1BOP8QtEcfFUNGs
    [112] => tg_oRr8aA1QCzsoU5qSPqYmMCuQ9sNmcg
    [113] => tg_6P9GHHsBX11Ko06XkpeOE7mACSAew6
    [114] => tg_zsTLBrqM2up5HI321rdz7hvmbXHCXx
    [115] => tg_rxk5PfhQq0bSCryZmN7GIozF5JXeYS
    [116] => lmzg-389-01
    [117] => tg_MPv6wZlNPr7LOEpHwY19XtQ1kr7Fff
    [118] => tg_4Zl6KMY5KHdYhVrnrJaLw47ibP8Ibs
    [119] => tg_3CTLpCGgn8ajARBQHs9MB7UThbYKag
    [120] => yxzxAPP-422-01
    [121] => tg_gWduPMd7D6sz2PYRMsO6iHgBSqP7G8
    [122] => dcfy-250-04
    [123] => tg_TrxgxR59Lf3xhcJLMmPUvFDDTab7eL
    [124] => tg_xBuL3S9TdcaQpVCpOs55vAmiUv8Ix9
    [125] => tg_W2yyQXCxIyTIwSbFXX4j5shu4N3mrk
    [126] => tg_vEZgCnp2a2oZM7hFQm8kAnWsY7F7Un
    [127] => tg_2N0xHDMuHNoT51QtNa4w5UvW579Hq3
    [128] => tg_7QcpM9nCqpQopSQYRJB5tiYQyFNcaS
    [129] => tg_4zE122WihSnHVLpwtgEbGo8wEaokgZ
    [130] => iszz-258-11
    [131] => tg_L4b9y9jkPeClOLmOuVH9PTWnXv2R2K
    [132] => tg_DVjFB30FnJLCYF24CvQJO75G3J64uW
    [133] => tg_c0mUBBrcogdE5UvZCY2HnsSHyc6ePs
    [134] => tg_g3bZ5ra75R1nWzPNlKVchhK6YtC5az
    [135] => tg_2WbWHagMS2SOb5xOSfVRLGlIn1S33u
    [136] => tg_CWHe7Hrfhl6JXuwTQhogiVXlCxO6f0
    [137] => tg_uKdkYuLOUZ6dYpKawiPxSlws5C3p2Q
    [138] => tg_IG3MtJ7JOXqsan5jjyzdOs1dngskIJ
    [139] => tg_ODoUx9rQG9p7rnBZM2d19F8EQZ5utc
    [140] => blidx-438-01
    [141] => tg_UDyMC93nwIALdlS1mugg7eTc5SGYIU
    [142] => tg_LZVNb8oMP1vPlllm0EKGZKP5Fr09kS
    [143] => tg_luMOlzXMsvqQNqaAuBhkolxOxGtjmA
    [144] => tg_DXLdwJFBbmEClkeZrrzUr7M0x5UknP
    [145] => tg_tWxsqLc2DyZW0xhEjU2AGnkAg8rSzH
    [146] => tg_sN4DNq0d4Vg5WHZg9OWPsd4bjkM0hL
    [147] => dwsj-435-01
    [148] => cbws-283-03
    [149] => tg_jejMxEyTgyxOGvlI2GYJusOt3QDOGb
    [150] => tg_XYfYHoZclDCF1YQH3YpE05PL3xnRMc
    [151] => tg_U29cGDHCcVOBa07j7jJvkgp23MCXxa
    [152] => tg_iTu7R5kBoS3ZwvVAV0dsCpeGvSwNDW
    [153] => tg_R64SDdeCJshvCUVl9kk1SAY2mVMv40
    [154] => tg_NIGftm0hA1EjxWm9DKPuA69NSdLiBs
    [155] => tg_NvMFF8a67IADmj73kvjokNrEYV5Evz
    [156] => tg_oAoVUwkuOeyVVQ05jZL3XRH3CJPrbR
    [157] => tg_rkdhUHC6qE4eW3gS1BZlZjxddi6ZJa
    [158] => sijzcycs-270-01
    [159] => tg_ijHbhzbqeJ7QVhjj4ph6QPSwgdFd2g
    [160] => tg_xyeEpNy38LrPrmO7kN8DtktaBlDieY
    [161] => tg_q4hI4MqWZwu7ac1kh5pn4KFdNgeV4y
    [162] => tg_oBmWiTVc7xdlfusizfDtn2O2bBjraE
    [163] => tg_yxb251siBnIPfFxfGL0q0F510DqGvt
    [164] => tg_5zmus2XSvjz0vSZcMo5AdoV6udmLIs
    [165] => tg_A4Xz0Z0bLzl5DLTHMSQis9vwWMSFuw
    [166] => tg_x7V0CXex19izghRLpbsKQuQz4iWGFy
    [167] => tg_URI8scPvK1DEfi44VUKTLVqP96eBcm
    [168] => tg_6vi6nfVunqSTdJKQ729D5wPqwD65uc
    [169] => cfzjbsn-245-05
    [170] => tg_1t8ZHkzHsOjjfBQdO8Sp6xQb4Jqv5N
    [171] => tg_lv369aN0qVNdyxeLNsOZUv42Khkq9c
    [172] => tg_NFFTmgzmMokyIfz9evpCJQ4sNXUaWF
    [173] => zyj-263-03
    [174] => tg_cC1AuzijXxk0DTe0f4TIeLb1sGp1Ut
    [175] => tg_2ARVHpH2uWK1GKxxu0Zg0YChSYsj0O
    [176] => tg_rmk6gWq0INJZaYZ6tgqFPmq3z5eqNm
    [177] => tg_9svDGMMYJz3JrJlA5yZkJ0dVtaUb4m
    [178] => tg_QOaluxlrDrdfHirks7boYovXT5VzvN
    [179] => tg_pbdbbYp6CP7zmUcKsYxbNotXs9ZNFJ
    [180] => tg_Ri2NPtmmh1FsYTXg1bpBcSfD0VdpP7
    [182] => tg_hT9imoeBBJOa4aoOSH8s9D4nXulXQ3
    [183] => tg_V3ZMC6AaWAUIgoEVwUp5VmHPypL3p1
    [184] => tg_IB6hnKY9LuosneMkON6vp3eobulWK3
    [185] => tg_ztpR2HKML8hJFjprho1zfbkV0imFp4
    [187] => tg_spVeL0duhA4o33C3XVLMLcJeGzpLLx
    [188] => tg_GXKFwldOWDrQ9XB8plFtCj91dyXAIh
    [189] => sbkcq-294-01
    [190] => tg_9aduPrN3gOk092jH1fwil9GtcSD8RH
    [191] => gfx-227-02
    [192] => tg_gROvgO1zaKN4u7rYKqqtV34oPECQ5H
    [193] => tg_BG27RInWylfMKFlW6A38gVLhmBw6Db
    [194] => tg_foInmUBJTEST2FsjE393noaqCL4YDz
    [195] => tg_2H4Lh6QFRbtPVS4psFYWJTTOhX6jay
    [197] => tg_eNCWE4IqbTr4L3rXk6kxGeYdF0sdgw
    [198] => tg_xX5O7gsz5V7ioS8CXkxejkdaaSilqn
    [199] => dfbb-261-03
    [200] => tg_GMTqei4u3HsEi273emHLsPpYI3B6DW
    [201] => tg_3H9a1haRWXASZzcsseDOLdFDuXWGy9
    [202] => tg_X9FfgTUedruUSLOuWANgAoPgSE0s2Q
    [203] => cbws-283-02
    [204] => tg_z037kSsOTpOe64cmjLjl1nUsQAoDwW
    [205] => tg_vHJuYyncAfyWx0OBOTNBzBs4VDbYKa
    [206] => tg_uYQsNlH1kqwKDEH4xABqHPfGQdgA9v
    [207] => tg_JE7555URTg8PnW3kg27YKTPGG7ZcbP
    [208] => tg_E0E2nta7J3vcP1BXFdQhyTIYyLZcTh
    [209] => tg_5QH6cQj37W9Aiel0tFJsWqgDtezJLR
    [210] => tg_JYWGy6Lv2jwnMs8SqyRiEdd3aHRvvv
    [211] => tg_OU20Xikl0SbparapZGvkebqzKhWQRE
    [212] => tg_5tm9Wg2AXqKDoIwYbz1h5YBQ4FS8P3
    [215] => tg_4gxvdgBfeXfU0Mkm1t3kqb6ftdzOMG
    [216] => tg_1jQe73rT4e8GVjRXeU65PvjFfgyCJ9
    [217] => tg_mrIHzdJ5a7cXVH9W4aDyn8BcY3sEWL
    [218] => jymf-237-03
    [219] => tg_5sYSllKI9CiU8DaoeqPrb4Tj63DcJx
    [221] => tg_kvTh1eV254JKcMoQPmaF50ZSF2YI8r
    [222] => xyj-241-02
    [223] => tg_ICEcjc9rCPIBR46UAcqeZksnO8Wi9M
    [224] => tg_JJZYD6SJy3SJ6c0AKRp1GmB5UqZ2jg
    [225] => tg_uRPJgNFRkhP1SYEz7vGMLo5cLwr10j
    [226] => tg_QZZFggp5dA4nZym1yeDjbwGvJrDxrz
    [227] => tg_BzSlq616dainWOMpgxtFCfaqMVWg3j
    [228] => tg_mcEuJVtSvdAtVUENaRDVMBLSq8APnS
    [229] => tg_HAE4GeBnupqKgTMoKVfdqFSpbGZqdw
    [230] => tg_qsnV07CXxrunsXAD8uJpw8KAtjwRUH
    [231] => tg_D3OC96S53NgitjGQM8exL3wMjxkf4X
    [232] => tg_v2aSduKnJJ5NKXAAkCTPEOYo7JnS94
    [233] => gfx-227-03
    [234] => tg_DwNO8ixOfJ2rY1XNclifft83mhYTi4
    [235] => tg_jOO61E4BopMsYl1t1Hp3H7ZJuq0vlO
    [236] => tg_9v3y1tH8IID2ObAOh7tIrIqGPUL5li
    [237] => tg_SWqbqvLqDQyYjsG9jBBHZo8bF5l6yj
    [238] => dfi2-252-02
    [239] => tg_KGrCSe1a4ryaHXKDklFBnaD9pInRXq
    [240] => tg_cpZrEKR0IJ4S1rcmaswi8oADsic8pk
    [241] => tg_9MSv9Id4g4YQ5HqkZSRgzWSsm3hDiU
    [245] => tg_IkrlXzTXRIz8Ff1EmFcvknDMveHyZy
    [246] => tg_B2gRz6KoFotcJwvqLHiYqclhTRZjAI
    [247] => tg_rRyHzAFMUdV7axvQjFOLFWcimW2ISs
    [249] => tg_eGqoU2qlNLtvDYNYfI973jrvfDEN6u
    [250] => dixl-277-03
    [251] => tg_OfaE1oD9jOkeCrMxFmwZmT29Ew1L5z
    [252] => tg_73mHAOuM3KdQa6oKLLG6XZgNWYlZCU
    [253] => sji2-257-03
    [254] => tg_ExtRRmq70LZ5cPOsbOSWEzt7KRjR70
    [256] => tg_vC2YDzjcVUC15FGQBPgLNxYeO7Z5SQ
    [257] => tg_mDkHHPzmPXS39YYhBz8uKjl3CzEfCG
    [258] => tg_eXfOrB7ZM7cDO2nqwzIwswNwbLhnlJ
    [259] => tg_R1RDVqNHRQXgl4KJSMyZU2Tno2K9bg
    [260] => tg_Q2b1rjqmySzYHTs1i9OWePb2NaBcGB
    [261] => tg_oGuXovKoRUbLPmHuvs3UuIE9aeMS2u
    [262] => tg_Yu783LP9jjPQKkQ4gZ37LJqiGsa8F2
    [263] => dixy-232-02
    [264] => tg_Je3lev3DcTrpWyvtuiZSchJ3XaklFZ
    [266] => tg_FF4y91BVHs0XFBT5b8yguHQV2ml675
    [268] => tg_gGqT8bYbaxpqLD1XpnsxYSJ3XLlWdc
    [269] => tg_xvCgNlPr9K7D216WoVlBjkIHzwcQuK
    [270] => qqics-242-03
    [271] => tg_1EINsQaerAIg5QtrK92gm7n6zSfR7D
    [272] => tg_G7iLAMkERZ5ZZ4eotZjjQMghR4aFpd
    [273] => tg_ohkBpsfUYhZVj9odMIMj6RRXHQuf7y
    [274] => tg_e1XmOfhhxXMfenNMZuYv78znuFefbr
    [277] => tg_Zoks2ueLqNQh9bkP9F8nWgWxgVN4a3
    [279] => tg_AXIXnbBwMpJMQDEe2VSEWJmTX2afnP
    [280] => tg_1UrNa6pMG9ilFEbZCPTKAY22s7V5Cz
    [282] => tg_fGavmBEmEeJaNl84wbOJXtzYoz3ImT
    [283] => tg_Ok1V5icI9vmONx23EKbYHVP56i1pYd
    [284] => tg_LPiY9ekEdtZqLLuukBC3fKOMYpbNWo
    [285] => tg_gxMXCdvJJOAMmzsoXJMMaU34TPUY3s
    [286] => tg_CfiAkPLcWCKERyb9IHu6Ecf4fqCN0e
    [287] => tg_FVED9w8UsxvyBAd0XI1SJDloFLdtQm
    [288] => tg_n3qXUbsViYy6M8zO55x3jxvAMHZa2W
    [289] => tg_Ylsw4PyijBADuMjBqAvjXxmuH9Wj3F
    [290] => tg_vQk4YxqC6WppWmaHRPd2w4A2NFvcLe
    [292] => tg_howgDJMf8H0nC23KdM8cLLhsk330Sj
    [293] => tg_HlAnvCbNuM4o6gu4lj9ouY9mA4dxfQ
    [294] => tg_YdzBBvglsoXidJdKCmWrG85bql5kG4
    [295] => tg_XFjHfg1mv3pPvJKCJ0JShkY18TdXxi
    [296] => tg_caJsC7EfMOzEbr9mIg1Oi8xmFBpxw6
    [299] => tg_HeObsj9BdHlkcHrYrsz6EL2fa2GJTi
    [300] => tg_quBxwsHLnDcetKwYUeL0ZwGVhOWJvs
    [301] => tg_Uzk9TWGhQpn8JMmxrdOv3sknjw9Rpv
    [302] => tg_yguQaDrCX4sRHyusZCmoIu2wxKyPTv
    [303] => tg_zlmQ1MYrs3puVAfAUySNfxp8DprrcN
    [304] => ly-266-03
    [305] => tg_a3MwwHqtFVIIu2wAcJtxFP9Qq6YXdU
    [306] => tg_R8HYrK50f168ti9sOsZtaiQD2co59J
    [308] => tg_V4rCcoFzbBkK9PCpIYlOHxsf6WUDQr
    [310] => wd-265-02
    [311] => tg_YP3WF3TI3Mr7oCBqG4P1cEzXc7s0uA
    [312] => xdzz-228-02
    [314] => tg_NKOwsJ0b1FzamrotErpd6jgYsKAN2v
    [315] => tg_AsxPJXxY4WyybvnM7G2sf9DlUpfLcS
    [319] => tg_JXdNpFL3qYrFKCQydFp9kS0Es7uq9p
    [320] => tg_pdviUeEztqS8c3nE98GICfvvesETHJ
    [321] => tg_WObUg0waseMQMRqjvOnCzrgFmhUPVo
    [322] => tg_g7ZxSv4gz7VPwWmtBN4Rua0RkQd3SI
    [323] => tg_Q0OXBqTKUT4gxwLdq8cEyinsbxvWsh
    [324] => tg_bemh9vIE1yhl2WLX8PC3K4kt6T56sl
    [326] => tg_TFiu6KfYAaKKGcBXfRsXxwaULniObl
    [327] => tg_2NsHXZzeADPI3sOdsGvb5UWmUgvIq3
    [328] => fzj-291-01
    [329] => ijilz-249-03
    [332] => tg_NCP73iALs0HQvWtKPZzGiEA3HSBsAa
    [333] => tg_9DneKn1CDJFWOGcDYBJNlApta8VGdl
    [334] => tg_hjdu6ORJM7OG8QrXFIcC2xcYVRv9Dr
    [336] => iziy-262-03
    [337] => tg_vfaj7fCIWHRW8AF6lOhWStml7M07BG
    [338] => tg_3GSSy8PYKoFrup8G30jsux8ihQxkGc
    [339] => tg_KMpuyo1EOdaG6l4RIJxknESqe8i1do
    [340] => tg_R5o8QShUV1GO4zyUU3UWozKOn12GdV
    [341] => tg_JrFLtWsbbdLYlqboVhSzzxoHROQD4k
    [342] => sszj-260-03
    [347] => iszz-258-02
    [348] => tg_rerMGmdYU9Jyeq8z0UUtJkITxPIPi2
    [349] => tg_3ljjNwItLS8dXWcAQk9dgMtgVhn6Zx
    [350] => tg_jozQbXSt0MsOdEGwpK3VTTyUp66Ce2
    [351] => tg_Spjn27BpHac5Q481Rr5zp1q1m3soZ2
    [353] => xyj-241-03
    [355] => tg_oYeamNiVoPhCQ43VMK6OhFySsqpVbh
    [356] => tg_q5tpNQkvjppy8orNkmvHjKeZoFDicc
    [357] => tg_aFWrMTmCWEE0kaQmPHz5pWXf54vm83
    [358] => iszz-258-10
    [359] => dixy-232-01
    [360] => tg_mFtD7NWQksoGcdkYjyTLyCGBW5LAiU
    [361] => smsjOL-247-04
    [364] => tg_xyZ3j9g1TEE5oRQ8jtjOvWp93RoO1U
    [365] => tg_WCkCTf0pTrn8wT5Vga2ak2u2b6U4jG
    [366] => tg_ZZgcgW1UXMwmQ7XrtNJNYgILCHkhvx
    [368] => iszz-258-09
    [371] => tg_wdPlPXqIiLNs9uy7Ml0oOQKl3eamzQ
    [373] => tg_Sewxs3XtPGOLYiORI5Pkg7odXeAKXN
    [376] => tg_Ybl9xENxHsfVBPK7IBZikgc9icV0p0
    [377] => tg_C279T8XrdTVBzfahN2pau9nO3JhRif
    [378] => tg_hfQFP1T5unIBwVwmYZ84lmbLUk6Hql
    [380] => tg_hgxfsHaP3Nl6ta14BIeWsy7lPXS8e2
    [381] => xdzz-228-03
    [382] => tg_lfUx09OXmzxWGLxjyNqiYhji1J6o3S
    [384] => tg_1nGplhQDLUI1MZSEUXMNUL84CHOPpX
    [388] => tg_9L7imM0iNMHDvx030tEttb2gY6yAvf
    [390] => tg_fl4scLZ4FiUV9noT00XsT0B55NgKEK
    [392] => tg_prw2gIFGyrnJH79P6pDgYGJjanWPHY
    [394] => tg_Gl4B6QurIAtwce1L8X9Drz0yYnpQAo
    [399] => iszz-258-04
    [400] => tg_pVLKwuqunHstVkThsuG9m9ZSFNKY4Z
    [401] => tg_Uuu7DKIS1H6x1tYmIF3QwX7uhrg7pM
    [403] => tg_zIE36IpaEbThVLZgMNej31QQ7USmDL
    [467] => gfsl-221-03
    [486] => byxxc-238-03
)

有效渠道个数：324
有效渠道array：
Array
(
    [0] => 7893
    [1] => 7676
    [2] => 7673
    [3] => 7655
    [4] => 7636
    [5] => 7635
    [6] => 7634
    [7] => 7632
    [8] => 7625
    [9] => 7616
    [10] => 7608
    [11] => 7593
    [12] => 7592
    [13] => 7403
    [14] => 7224
    [15] => 7222
    [16] => 7198
    [17] => 7029
    [18] => 7026
    [19] => 7015
    [20] => 6971
    [21] => 6969
    [22] => 6887
    [23] => 6886
    [24] => 6880
    [25] => 6879
    [26] => 6874
    [27] => 6871
    [28] => 6867
    [29] => 6866
    [30] => 6865
    [31] => 6864
    [32] => 6863
    [33] => 6862
    [34] => 6861
    [35] => 6860
    [36] => 6859
    [37] => 6856
    [38] => 6854
    [39] => 6852
    [40] => 6851
    [41] => 6850
    [42] => 6849
    [43] => 6847
    [44] => 6846
    [45] => 6845
    [46] => 6841
    [47] => 6838
    [48] => 6468
    [49] => 6438
    [50] => 6435
    [51] => 6426
    [52] => 6421
    [53] => 6253
    [54] => 6049
    [55] => 5856
    [56] => 5750
    [57] => 5728
    [58] => 5727
    [59] => 5726
    [60] => 5717
    [61] => 4637
    [62] => 4575
    [63] => 4282
    [64] => 4204
    [65] => 4097
    [66] => 4094
    [67] => 4067
    [68] => 3401
    [69] => 2879
    [70] => 2815
    [71] => 2547
    [72] => 2505
    [73] => 2446
    [74] => 2437
    [75] => 2407
    [76] => 2402
    [77] => 2395
    [78] => 2394
    [79] => 2393
    [80] => 2391
    [81] => 2388
    [82] => 2387
    [83] => 2386
    [84] => 2385
    [85] => 2383
    [86] => 2381
    [87] => 2377
    [88] => 2280
    [89] => 2274
    [90] => 2273
    [91] => 2271
    [92] => 2270
    [93] => 2269
    [94] => 2268
    [95] => 2267
    [96] => 2266
    [97] => 2264
    [98] => 2263
    [99] => 2262
    [100] => 2260
    [101] => 2259
    [102] => 2258
    [103] => 2256
    [104] => 2231
    [105] => 2221
    [106] => 2218
    [107] => 2215
    [108] => 2210
    [109] => 2099
    [110] => 2090
    [111] => 2073
    [112] => 2055
    [113] => 2045
    [114] => 1896
    [115] => 1884
    [116] => 1877
    [117] => 1875
    [118] => 1872
    [119] => 1870
    [120] => 1868
    [121] => 1867
    [122] => 1859
    [123] => 1857
    [124] => 1856
    [125] => 1854
    [126] => 1837
    [127] => 1825
    [128] => 1824
    [129] => 1823
    [130] => 1821
    [131] => 1814
    [132] => 1809
    [133] => 1803
    [134] => 1801
    [135] => 1650
    [136] => 1647
    [137] => 1638
    [138] => 1637
    [139] => 1631
    [140] => 1630
    [141] => 1629
    [142] => 1621
    [143] => 1620
    [144] => 1618
    [145] => 1617
    [146] => 1604
    [147] => 1601
    [148] => 1597
    [149] => 1595
    [150] => 1557
    [151] => 1553
    [152] => 1531
    [153] => 1526
    [154] => 1524
    [155] => 1519
    [156] => 1491
    [157] => 1488
    [158] => 1481
    [159] => 1480
    [160] => 1475
    [161] => 1473
    [162] => 1470
    [163] => 1464
    [164] => 1461
    [165] => 1459
    [166] => 1457
    [167] => 1452
    [168] => 1438
    [169] => 1436
    [170] => 1428
    [171] => 1419
    [172] => 1417
    [173] => 1393
    [174] => 1392
    [175] => 1389
    [176] => 1380
    [177] => 1369
    [178] => 1346
    [179] => 1344
    [180] => 1343
    [181] => 1337
    [182] => 1336
    [183] => 1335
    [184] => 1324
    [185] => 1306
    [186] => 1305
    [187] => 1304
    [188] => 1292
    [189] => 1289
    [190] => 1288
    [191] => 1287
    [192] => 1278
    [193] => 1277
    [194] => 1139
    [195] => 1134
    [196] => 1123
    [197] => 1120
    [198] => 1115
    [199] => 1110
    [200] => 1101
    [201] => 1077
    [202] => 1056
    [203] => 1012
    [204] => 1009
    [205] => 999
    [206] => 998
    [207] => 994
    [208] => 991
    [209] => 971
    [210] => 946
    [211] => 944
    [212] => 942
    [213] => 915
    [214] => 913
    [215] => 910
    [216] => 881
    [217] => 876
    [218] => 873
    [219] => 872
    [220] => 871
    [221] => 866
    [222] => 860
    [223] => 857
    [224] => 855
    [225] => 851
    [226] => 850
    [227] => 843
    [228] => 841
    [229] => 836
    [230] => 825
    [231] => 823
    [232] => 805
    [233] => 800
    [234] => 799
    [235] => 798
    [236] => 785
    [237] => 775
    [238] => 758
    [239] => 753
    [240] => 751
    [241] => 728
    [242] => 727
    [243] => 725
    [244] => 724
    [245] => 717
    [246] => 697
    [247] => 696
    [248] => 695
    [249] => 694
    [250] => 689
    [251] => 686
    [252] => 685
    [253] => 683
    [254] => 680
    [255] => 677
    [256] => 658
    [257] => 657
    [258] => 656
    [259] => 654
    [260] => 616
    [261] => 593
    [262] => 589
    [263] => 588
    [264] => 581
    [265] => 579
    [266] => 572
    [267] => 563
    [268] => 562
    [269] => 536
    [270] => 535
    [271] => 528
    [272] => 527
    [273] => 526
    [274] => 478
    [275] => 477
    [276] => 476
    [277] => 464
    [278] => 462
    [279] => 460
    [280] => 456
    [281] => 453
    [282] => 443
    [283] => 441
    [284] => 439
    [285] => 430
    [286] => 429
    [287] => 416
    [288] => 412
    [289] => 409
    [290] => 407
    [291] => 405
    [292] => 404
    [293] => 403
    [294] => 399
    [295] => 398
    [296] => 396
    [297] => 394
    [298] => 392
    [299] => 389
    [300] => 386
    [301] => 384
    [302] => 381
    [303] => 380
    [304] => 379
    [305] => 377
    [306] => 373
    [307] => 371
    [308] => 370
    [309] => 369
    [310] => 368
    [311] => 324
    [312] => 311
    [313] => 309
    [314] => 300
    [315] => 297
    [316] => 296
    [317] => 295
    [318] => 293
    [319] => 262
    [320] => 223
    [321] => 167
    [322] => 141
    [323] => 14
)

