2016-09-22 00:12:19
统计当天：2016-09-21
渠道个数（即dailyaccount的个数）：1518
渠道sql：
select * from yx_tg_source S left join yx_tg_game G on S.gameid = G.gameid where S.activeflag = 1 and G.activeflag = 1 and G.isonstack = 0  and S.createtime<='2016-09-21 23:59:59' order by S.id desc
活跃渠道个数：261
活跃渠道array：
Array
(
    [0] => tg_R1RDVqNHRQXgl4KJSMyZU2Tno2K9bg
    [1] => tg_Ns2ruyRNGIFOc1V1cNXZTgYNXxKEzX
    [2] => tg_NO44EDPcEL3s66lwa9yRtCs9aY1gjc
    [3] => tg_DSCeq49dAY1NXszMuPT6YSvlibLEV5
    [4] => tg_mNXK59R18xrYtoBaxWNwkKYPBuKXQp
    [5] => tg_gGqT8bYbaxpqLD1XpnsxYSJ3XLlWdc
    [6] => tg_Wn11xsfYxoYQKmXznDz7ic5H2PaJth
    [7] => tg_G7iLAMkERZ5ZZ4eotZjjQMghR4aFpd
    [8] => tg_YSA05Nah8JewKgqX9nr7Acwb2aBxyl
    [9] => zyj-263-04
    [10] => tg_au4IVxZIqUPkIsk9WHXh5V7naKiSIK
    [11] => dfi2-252-03
    [12] => tg_T0Ed5mmvuRdVzcxLWCLs9R6BGf0EaP
    [13] => tg_1nGplhQDLUI1MZSEUXMNUL84CHOPpX
    [14] => tg_q5tpNQkvjppy8orNkmvHjKeZoFDicc
    [15] => sdyxc3D-243-03
    [16] => tg_vfaj7fCIWHRW8AF6lOhWStml7M07BG
    [17] => tg_iNBVgkrz7R1IOCXEEJfkIlPzdSGnyI
    [18] => COK-223-01
    [19] => tg_MgtczvSC2Y8RhwzpkFMfLrp6BnzFJA
    [20] => tg_v7Jb3BIDODCQ1VtgtfAmw7kXJEEPfK
    [21] => ly-266-01
    [22] => fzj-291-01
    [23] => COK-223-02
    [24] => tg_IyGlIlS4MTTVxm0zpx7MdfvmcesX3r
    [25] => tg_Zs0k3Wft4sZSUPLhqKbS72Fumhrxnx
    [26] => tg_It3ZrGnxHnT527Li1JsFPEbAXHFsnx
    [27] => tg_VZuGbtPK119VaeXIfeAFPpCwPVuF4q
    [28] => tg_isZoXNhPlO746tHMSp9H4QBHsPxXNI
    [29] => tg_DbGOemqQa31uumD6DFGIs6Wgn593nT
    [30] => tg_MwmQeDM6z2hcH7FkvAQSikHdIAwg1t
    [31] => tg_UDyMC93nwIALdlS1mugg7eTc5SGYIU
    [32] => tg_IHodxJNKrfS0xxajkR6tAtkpohQvUu
    [33] => tg_2NsHXZzeADPI3sOdsGvb5UWmUgvIq3
    [34] => tg_sM3nfqDJy3Vy5aPurriOPCdX9iEJma
    [35] => tg_AXIXnbBwMpJMQDEe2VSEWJmTX2afnP
    [36] => tg_PXQG1MoeGb9uQy94DtZg3mBtr0ErUI
    [37] => tg_OelNZbsZicvSlFyKZY006o7gBOtSKO
    [38] => tg_XsxYkTvYKaFEZLomJmAIGTxKh6t473
    [39] => tg_Trn7YSQVVtNZzq3Fw768fo98JN0n65
    [40] => tg_jCHJyMptnrEeCRtLvWCna1UgFDOg12
    [41] => sszj-260-03
    [42] => tg_OfaE1oD9jOkeCrMxFmwZmT29Ew1L5z
    [43] => tg_NgwIwYVjAzXZn1QBJC68rQwtm8qAnv
    [44] => tg_hfQFP1T5unIBwVwmYZ84lmbLUk6Hql
    [45] => tg_JZ9J3vGNs6fiYDpid1fLVXAcdmnJGC
    [46] => tg_Yu783LP9jjPQKkQ4gZ37LJqiGsa8F2
    [47] => iszz-258-09
    [48] => tg_lH8i7vtt5Vyi4nU4poSm8Iv68PqS5A
    [49] => tg_a5q2q9GN2xABq86jM9pwiS8iyBJVfW
    [50] => tg_5OSuPn9oHty6tDThXGVcWSFPKws79c
    [51] => wd-265-03
    [52] => tg_jVaInI6nlTytxENBtvj0QGDG4ROnQZ
    [53] => tg_CzAs7KojtFjuTDyUcuBu0J6ECOeMUh
    [54] => tg_uM73vHb3tX7wOkVYYGRobZCg6rHCVT
    [55] => tg_mrIHzdJ5a7cXVH9W4aDyn8BcY3sEWL
    [56] => tg_I0YvXhD2svI5uMg8BdLS62F6ZFzP9c
    [57] => tg_iTu7R5kBoS3ZwvVAV0dsCpeGvSwNDW
    [58] => tg_65d7Umo1mRGTuGyBBv8r8fwlmHxuTY
    [59] => tg_WKEZzvjtNqHpTuBTHqpYtoLXs9Y9Ys
    [60] => tg_oRr8aA1QCzsoU5qSPqYmMCuQ9sNmcg
    [61] => tg_GXKFwldOWDrQ9XB8plFtCj91dyXAIh
    [62] => tg_kuwf61UrHioa0STYPUx4FDugzJz67B
    [63] => tg_ukKVlFDkkWIyijtZbh7wQ9szez1vK1
    [64] => nyi-272-01
    [65] => yxzxAPP-422-01
    [66] => tg_n4b8CS4K78h0geAIYsCs3ktFsTRKns
    [67] => tg_xaLMqpKhrtltIUIzPdm0xNOHeiB1ZK
    [68] => tg_9ZT0zx9P4NtByNIEvAzMTSfmqp1yEE
    [69] => tg_LCBAo5M49QJod3ieQrI8FDn2wFhAp8
    [70] => tg_HZVn8DL1xysZ39a0iD3FlrNIfkVfXx
    [71] => tg_radynjycJycQAFuAfK5GP6rDqGT6ed
    [72] => tg_bWN4ISOqWcdLGPLqWK0mc2Dhk0BZW3
    [73] => dixl-277-03
    [74] => tg_bKnybL4otl2MtKbxCtLLDw8xA056HA
    [75] => tg_OR6k1HjrRFrcg1DYYkX3RZNfmsAJfA
    [76] => tg_7ygUWViw2QMvlKmC2Pi0MP5W6qypmc
    [77] => tg_lv369aN0qVNdyxeLNsOZUv42Khkq9c
    [78] => cbws-283-03
    [79] => dcfy-250-04
    [80] => tg_tguculjyiayOdvcCaDHLeZ5THH6GGh
    [81] => skszj-288-01
    [82] => tg_xEplWJZkxbKqE6TfgeL443TSmb1nA5
    [83] => xdzz-228-01
    [84] => tg_4Zl6KMY5KHdYhVrnrJaLw47ibP8Ibs
    [85] => tg_foInmUBJTEST2FsjE393noaqCL4YDz
    [86] => ttmwy-278-01
    [87] => tg_5JtYTW0a9p9j1vHgT86rMlanbYoJSt
    [88] => tyix-357-01
    [89] => lisgz-409-01
    [90] => tg_XtFvAraX5GDj9C1xWnCN9H3iWaOpXI
    [91] => xyj-241-12
    [92] => tg_NjJhXmcaSQ6Azxzy9yp1hDfx9FX4j0
    [93] => tg_USQULvLd7jEwvAnEXP6ogWMPmBcWXF
    [94] => tg_ODoUx9rQG9p7rnBZM2d19F8EQZ5utc
    [95] => tg_2WbWHagMS2SOb5xOSfVRLGlIn1S33u
    [96] => tg_IG3MtJ7JOXqsan5jjyzdOs1dngskIJ
    [97] => tg_Ok1V5icI9vmONx23EKbYHVP56i1pYd
    [98] => tg_eNCWE4IqbTr4L3rXk6kxGeYdF0sdgw
    [99] => iszz-258-11
    [100] => tg_4xaqzJIbeZOX10X6NI4jgUD3d7kYwn
    [101] => tmfy-416-01
    [102] => tg_ymld57G5I4vbEL4xKP4jLw7Orz8ckF
    [103] => tg_u1US2O9i4Z0zNFhwCpRHFpjjJ2Ti4w
    [104] => tg_MPv6wZlNPr7LOEpHwY19XtQ1kr7Fff
    [105] => dixy-232-03
    [106] => tg_GRfNDZqBJr6NfIEUwCME6aHh3ekzpu
    [107] => tg_YEGigjvUVMhHY4g2vs3HBjFuRhLdgZ
    [108] => tg_24W84oVmJL1xUtDIXrbJFauOXc1cEM
    [109] => tg_1EINsQaerAIg5QtrK92gm7n6zSfR7D
    [110] => gfx-227-02
    [111] => tg_WVIJfGRQxOqspRDYUaZLgCwNZPr3sJ
    [112] => tg_L4b9y9jkPeClOLmOuVH9PTWnXv2R2K
    [113] => jstm-325-01
    [114] => tg_lL18buxWhFqzUxurimpTMAX9MSCxYM
    [115] => tg_sN4DNq0d4Vg5WHZg9OWPsd4bjkM0hL
    [116] => tlbb3D-301-01
    [117] => zxyw-368-01
    [118] => tg_BQaWasK1Zm3umr9VeZyyEimEDKCfNW
    [119] => wd-265-01
    [120] => tg_LZVNb8oMP1vPlllm0EKGZKP5Fr09kS
    [121] => tg_luMOlzXMsvqQNqaAuBhkolxOxGtjmA
    [122] => tg_DdM2D5jmeqG8eCsh1m5hEOomRB53Cs
    [124] => bsqx-412-01
    [126] => lwzr-239-03
    [127] => tg_zlmQ1MYrs3puVAfAUySNfxp8DprrcN
    [128] => tg_FaZb25GFzkkaEQPYa84jlOoFkDlYmg
    [130] => kdygqy-299-01
    [132] => 
    [133] => tg_ExtRRmq70LZ5cPOsbOSWEzt7KRjR70
    [134] => tg_Fd3SdzZtnTEsxDiZUdbgxPg5RxVWFv
    [135] => tg_eXfOrB7ZM7cDO2nqwzIwswNwbLhnlJ
    [136] => zyj-263-03
    [137] => tg_U7dQFVw0JZmpH11lmYHLR5qIsPJy3K
    [138] => cbws-283-02
    [139] => tg_9wMQEwx1XSgzc6p1L1icWOicF6gRTs
    [140] => tg_euSiCujjVYyRZq2bhlsayXa9gchpUb
    [141] => tg_NIGftm0hA1EjxWm9DKPuA69NSdLiBs
    [142] => tg_Uzk9TWGhQpn8JMmxrdOv3sknjw9Rpv
    [143] => tg_hGFVwlehGMFc5AVTI0APT2AXvSQeGu
    [144] => tg_qHza9gIeJGTH2MKaWSDdJWO2bAcfty
    [145] => tg_ceyjwgtKjdoAWvo2vbmAPUZ25nKLFW
    [146] => tg_D3OC96S53NgitjGQM8exL3wMjxkf4X
    [147] => iziy-262-04
    [148] => tg_jejMxEyTgyxOGvlI2GYJusOt3QDOGb
    [149] => tg_oGuXovKoRUbLPmHuvs3UuIE9aeMS2u
    [150] => tg_9svDGMMYJz3JrJlA5yZkJ0dVtaUb4m
    [151] => tg_vCsJpv46Zy29l982dIplz8UWDvylOA
    [152] => tg_9v3y1tH8IID2ObAOh7tIrIqGPUL5li
    [153] => tg_tWxsqLc2DyZW0xhEjU2AGnkAg8rSzH
    [154] => tg_BzSlq616dainWOMpgxtFCfaqMVWg3j
    [155] => tg_CMn3QsdnmrYBklOoZVQMNZsa0x91F5
    [156] => tg_5QH6cQj37W9Aiel0tFJsWqgDtezJLR
    [157] => byxxc-238-03
    [158] => tg_HlAnvCbNuM4o6gu4lj9ouY9mA4dxfQ
    [159] => gfx-227-03
    [160] => tg_BX7jbPiBrO3Lbj4y7kRa9Zw7d5W5pt
    [161] => tg_HAE4GeBnupqKgTMoKVfdqFSpbGZqdw
    [162] => tg_SWqbqvLqDQyYjsG9jBBHZo8bF5l6yj
    [163] => tg_OU20Xikl0SbparapZGvkebqzKhWQRE
    [164] => tg_2ARVHpH2uWK1GKxxu0Zg0YChSYsj0O
    [165] => tg_yguQaDrCX4sRHyusZCmoIu2wxKyPTv
    [166] => llysq-282-03
    [167] => tg_mcEuJVtSvdAtVUENaRDVMBLSq8APnS
    [168] => tg_v2Qd56QlqG5MyJCuSizLIu252lHZgr
    [169] => tg_o028lSVS26po0ZFjgGHlegKtggqz9S
    [170] => tg_dE40iVMPYicK6apZag3A7mu7y50uQ9
    [171] => tg_WCkCTf0pTrn8wT5Vga2ak2u2b6U4jG
    [173] => tg_Qo1fvJS7zsXzyA2IXbpN0O63IkFczD
    [174] => tg_ZPo6AUjenS3o8rOmul8XP3mZ4bHixh
    [175] => tg_DwNO8ixOfJ2rY1XNclifft83mhYTi4
    [177] => tg_cpZrEKR0IJ4S1rcmaswi8oADsic8pk
    [178] => tg_x7V0CXex19izghRLpbsKQuQz4iWGFy
    [179] => tg_spVeL0duhA4o33C3XVLMLcJeGzpLLx
    [181] => tg_rxk5PfhQq0bSCryZmN7GIozF5JXeYS
    [182] => tg_hjdu6ORJM7OG8QrXFIcC2xcYVRv9Dr
    [183] => tg_E0E2nta7J3vcP1BXFdQhyTIYyLZcTh
    [184] => tg_rmk6gWq0INJZaYZ6tgqFPmq3z5eqNm
    [185] => sji2-257-03
    [186] => tg_kvTh1eV254JKcMoQPmaF50ZSF2YI8r
    [187] => tg_e1XmOfhhxXMfenNMZuYv78znuFefbr
    [189] => iszz-258-02
    [191] => tg_n3qXUbsViYy6M8zO55x3jxvAMHZa2W
    [192] => tg_rZLzNO4FSdY9hoRYNqEFV16bvYXuBb
    [193] => tg_YdzBBvglsoXidJdKCmWrG85bql5kG4
    [194] => tg_tqrdOEQGez8JLhsu6eKlKfqBQ95Nv9
    [195] => tg_9exPJH0wBZ8HTOnBGIBAUy7Pd5KItg
    [196] => iziy-262-03
    [197] => tg_q4hI4MqWZwu7ac1kh5pn4KFdNgeV4y
    [198] => tg_6vi6nfVunqSTdJKQ729D5wPqwD65uc
    [199] => tg_xX5O7gsz5V7ioS8CXkxejkdaaSilqn
    [200] => tg_ICEcjc9rCPIBR46UAcqeZksnO8Wi9M
    [201] => tg_rRyHzAFMUdV7axvQjFOLFWcimW2ISs
    [202] => tg_oYeamNiVoPhCQ43VMK6OhFySsqpVbh
    [203] => tg_v2aSduKnJJ5NKXAAkCTPEOYo7JnS94
    [204] => tg_ztpR2HKML8hJFjprho1zfbkV0imFp4
    [205] => dixy-232-02
    [206] => tg_KSrTmGgyDYV81i5ltvne0CVaiHhXRQ
    [208] => tg_vHJuYyncAfyWx0OBOTNBzBs4VDbYKa
    [209] => tg_pdviUeEztqS8c3nE98GICfvvesETHJ
    [211] => tg_GMTqei4u3HsEi273emHLsPpYI3B6DW
    [212] => tg_CWHe7Hrfhl6JXuwTQhogiVXlCxO6f0
    [213] => tg_3H9a1haRWXASZzcsseDOLdFDuXWGy9
    [214] => tg_Ol1QFxsnwmPTIifUX1pY0CFdr9g2cW
    [215] => tg_Ri2NPtmmh1FsYTXg1bpBcSfD0VdpP7
    [217] => tg_Hllcezo5vcG6IuqIwwwGQ0oYw0mGPL
    [218] => tg_a3MwwHqtFVIIu2wAcJtxFP9Qq6YXdU
    [221] => tg_WObUg0waseMQMRqjvOnCzrgFmhUPVo
    [222] => tg_V3ZMC6AaWAUIgoEVwUp5VmHPypL3p1
    [223] => NBAftx-225-02
    [225] => tg_gxMXCdvJJOAMmzsoXJMMaU34TPUY3s
    [227] => tg_caJsC7EfMOzEbr9mIg1Oi8xmFBpxw6
    [228] => tg_vC2YDzjcVUC15FGQBPgLNxYeO7Z5SQ
    [229] => tg_W2pysd1dY4bhFAxFDmSbPJAAXMZAJP
    [230] => tg_Gl4B6QurIAtwce1L8X9Drz0yYnpQAo
    [232] => tg_JYWGy6Lv2jwnMs8SqyRiEdd3aHRvvv
    [234] => jymf-237-03
    [236] => tg_9L7imM0iNMHDvx030tEttb2gY6yAvf
    [237] => tg_NCP73iALs0HQvWtKPZzGiEA3HSBsAa
    [238] => tg_4gxvdgBfeXfU0Mkm1t3kqb6ftdzOMG
    [239] => iszz-258-04
    [240] => tg_iqfTzQ8SlRMYUsxMhhHnvScsJrc5by
    [241] => tg_JXdNpFL3qYrFKCQydFp9kS0Es7uq9p
    [242] => tg_wdPlPXqIiLNs9uy7Ml0oOQKl3eamzQ
    [243] => iszz-258-10
    [244] => dfbb-261-03
    [245] => tg_Ybl9xENxHsfVBPK7IBZikgc9icV0p0
    [250] => tg_aFWrMTmCWEE0kaQmPHz5pWXf54vm83
    [251] => tg_V4rCcoFzbBkK9PCpIYlOHxsf6WUDQr
    [252] => tg_mFtD7NWQksoGcdkYjyTLyCGBW5LAiU
    [254] => xyj-241-02
    [256] => iszz-258-03
    [258] => smsjOL-247-04
    [261] => ly-266-03
    [262] => tg_hgxfsHaP3Nl6ta14BIeWsy7lPXS8e2
    [263] => tg_5OfKZXixp7CjR7XPU0W90lqqqTFk5J
    [264] => tg_Sewxs3XtPGOLYiORI5Pkg7odXeAKXN
    [265] => tg_Q0OXBqTKUT4gxwLdq8cEyinsbxvWsh
    [266] => tg_Gejy6CaJU0EYR82x85J7TjKGPjSSZY
    [267] => tg_Ylsw4PyijBADuMjBqAvjXxmuH9Wj3F
    [268] => tg_KMpuyo1EOdaG6l4RIJxknESqe8i1do
    [270] => tg_hNjMap3hjNuOedvUnzvAWJBXgasDJc
    [271] => ijilz-249-03
    [272] => tg_zjUY3zgmqTzHY6gaBbz0V5axvkeADq
    [275] => tg_3GSSy8PYKoFrup8G30jsux8ihQxkGc
    [276] => tg_YP3WF3TI3Mr7oCBqG4P1cEzXc7s0uA
    [279] => tg_VY5fuFU8pF4jMVrZsTPAcRbAbM68ZA
    [281] => qqics-242-03
    [283] => wd-265-02
    [284] => tg_QZZFggp5dA4nZym1yeDjbwGvJrDxrz
    [288] => tg_rerMGmdYU9Jyeq8z0UUtJkITxPIPi2
    [289] => tg_xynK92e6Ss0NWnCvL8CCENHHEqAka4
    [291] => tg_Uuu7DKIS1H6x1tYmIF3QwX7uhrg7pM
    [292] => tg_oAoVUwkuOeyVVQ05jZL3XRH3CJPrbR
    [293] => xdzz-228-03
    [297] => tg_pVLKwuqunHstVkThsuG9m9ZSFNKY4Z
    [301] => xdzz-228-02
    [302] => tg_lfUx09OXmzxWGLxjyNqiYhji1J6o3S
    [305] => dixy-232-01
    [306] => tg_uRPJgNFRkhP1SYEz7vGMLo5cLwr10j
    [307] => tg_9qi3bVuFrRYnjckoJq4Dtos0NVwJYt
)

有效渠道个数：237
有效渠道array：
Array
(
    [0] => 2266
    [1] => 2238
    [2] => 2237
    [3] => 2235
    [4] => 2222
    [5] => 2221
    [6] => 2220
    [7] => 2215
    [8] => 2210
    [9] => 2099
    [10] => 2094
    [11] => 2092
    [12] => 2090
    [13] => 2073
    [14] => 2055
    [15] => 2045
    [16] => 1896
    [17] => 1884
    [18] => 1877
    [19] => 1875
    [20] => 1872
    [21] => 1871
    [22] => 1870
    [23] => 1869
    [24] => 1859
    [25] => 1856
    [26] => 1854
    [27] => 1840
    [28] => 1837
    [29] => 1825
    [30] => 1824
    [31] => 1823
    [32] => 1821
    [33] => 1820
    [34] => 1817
    [35] => 1816
    [36] => 1814
    [37] => 1809
    [38] => 1803
    [39] => 1801
    [40] => 1800
    [41] => 1681
    [42] => 1670
    [43] => 1650
    [44] => 1638
    [45] => 1637
    [46] => 1631
    [47] => 1630
    [48] => 1629
    [49] => 1620
    [50] => 1618
    [51] => 1617
    [52] => 1604
    [53] => 1601
    [54] => 1597
    [55] => 1595
    [56] => 1557
    [57] => 1555
    [58] => 1553
    [59] => 1531
    [60] => 1529
    [61] => 1526
    [62] => 1524
    [63] => 1519
    [64] => 1492
    [65] => 1491
    [66] => 1488
    [67] => 1481
    [68] => 1480
    [69] => 1478
    [70] => 1476
    [71] => 1475
    [72] => 1470
    [73] => 1464
    [74] => 1461
    [75] => 1459
    [76] => 1457
    [77] => 1438
    [78] => 1431
    [79] => 1430
    [80] => 1428
    [81] => 1419
    [82] => 1417
    [83] => 1415
    [84] => 1393
    [85] => 1392
    [86] => 1391
    [87] => 1389
    [88] => 1380
    [89] => 1346
    [90] => 1344
    [91] => 1343
    [92] => 1337
    [93] => 1335
    [94] => 1324
    [95] => 1306
    [96] => 1305
    [97] => 1304
    [98] => 1292
    [99] => 1280
    [100] => 1139
    [101] => 1134
    [102] => 1123
    [103] => 1120
    [104] => 1115
    [105] => 1110
    [106] => 1101
    [107] => 1077
    [108] => 1056
    [109] => 1047
    [110] => 1012
    [111] => 1009
    [112] => 999
    [113] => 998
    [114] => 992
    [115] => 971
    [116] => 946
    [117] => 944
    [118] => 942
    [119] => 915
    [120] => 913
    [121] => 885
    [122] => 876
    [123] => 873
    [124] => 872
    [125] => 871
    [126] => 867
    [127] => 866
    [128] => 860
    [129] => 857
    [130] => 856
    [131] => 855
    [132] => 854
    [133] => 851
    [134] => 850
    [135] => 843
    [136] => 836
    [137] => 826
    [138] => 800
    [139] => 799
    [140] => 798
    [141] => 785
    [142] => 775
    [143] => 758
    [144] => 753
    [145] => 751
    [146] => 728
    [147] => 727
    [148] => 725
    [149] => 717
    [150] => 713
    [151] => 697
    [152] => 696
    [153] => 695
    [154] => 694
    [155] => 689
    [156] => 686
    [157] => 685
    [158] => 683
    [159] => 680
    [160] => 677
    [161] => 658
    [162] => 657
    [163] => 656
    [164] => 654
    [165] => 616
    [166] => 615
    [167] => 609
    [168] => 593
    [169] => 589
    [170] => 588
    [171] => 587
    [172] => 585
    [173] => 581
    [174] => 579
    [175] => 572
    [176] => 563
    [177] => 562
    [178] => 542
    [179] => 536
    [180] => 535
    [181] => 533
    [182] => 530
    [183] => 528
    [184] => 527
    [185] => 526
    [186] => 478
    [187] => 477
    [188] => 476
    [189] => 464
    [190] => 462
    [191] => 460
    [192] => 456
    [193] => 453
    [194] => 441
    [195] => 439
    [196] => 433
    [197] => 430
    [198] => 429
    [199] => 416
    [200] => 409
    [201] => 407
    [202] => 406
    [203] => 405
    [204] => 404
    [205] => 403
    [206] => 399
    [207] => 398
    [208] => 396
    [209] => 392
    [210] => 389
    [211] => 386
    [212] => 381
    [213] => 380
    [214] => 379
    [215] => 377
    [216] => 374
    [217] => 373
    [218] => 371
    [219] => 370
    [220] => 369
    [221] => 368
    [222] => 324
    [223] => 309
    [224] => 300
    [225] => 297
    [226] => 296
    [227] => 295
    [228] => 293
    [229] => 270
    [230] => 262
    [231] => 223
    [232] => 184
    [233] => 174
    [234] => 167
    [235] => 141
    [236] => 14
)

