2016-10-19 00:33:35
统计当天：2016-10-18
渠道个数（即dailyaccount的个数）：6767
渠道sql：
select * from yx_tg_source S left join yx_tg_game G on S.gameid = G.gameid where S.activeflag = 1 and G.activeflag = 1 and G.isonstack = 0  and S.createtime<='2016-10-18 23:59:59' order by S.id desc
活跃渠道个数：337
活跃渠道array：
Array
(
    [0] => tg_5OSuPn9oHty6tDThXGVcWSFPKws79c
    [1] => tg_DSCeq49dAY1NXszMuPT6YSvlibLEV5
    [2] => tg_wdPlPXqIiLNs9uy7Ml0oOQKl3eamzQ
    [3] => tg_euSiCujjVYyRZq2bhlsayXa9gchpUb
    [4] => tg_Gl4B6QurIAtwce1L8X9Drz0yYnpQAo
    [5] => tg_9DneKn1CDJFWOGcDYBJNlApta8VGdl
    [6] => tg_v7Jb3BIDODCQ1VtgtfAmw7kXJEEPfK
    [7] => tg_xynK92e6Ss0NWnCvL8CCENHHEqAka4
    [8] => tg_u5jkBNVLd4lnnf9w8P6FZVnCleJITd
    [9] => tg_Hllcezo5vcG6IuqIwwwGQ0oYw0mGPL
    [10] => tg_Yu783LP9jjPQKkQ4gZ37LJqiGsa8F2
    [11] => COK-223-01
    [12] => ly-266-01
    [13] => tg_Sewxs3XtPGOLYiORI5Pkg7odXeAKXN
    [14] => ijilz-249-03
    [15] => tg_cC1AuzijXxk0DTe0f4TIeLb1sGp1Ut
    [16] => tg_foInmUBJTEST2FsjE393noaqCL4YDz
    [17] => tg_ICEcjc9rCPIBR46UAcqeZksnO8Wi9M
    [18] => tg_mDkHHPzmPXS39YYhBz8uKjl3CzEfCG
    [19] => xdzz-228-03
    [20] => dfi2-252-03
    [21] => tg_au4IVxZIqUPkIsk9WHXh5V7naKiSIK
    [22] => wd-265-03
    [23] => tg_Wn11xsfYxoYQKmXznDz7ic5H2PaJth
    [24] => tg_2ZYkmaQb5dtVWF9Eg0rokADvWu2l1D
    [25] => tg_Trn7YSQVVtNZzq3Fw768fo98JN0n65
    [26] => tg_Q2b1rjqmySzYHTs1i9OWePb2NaBcGB
    [27] => tg_uM73vHb3tX7wOkVYYGRobZCg6rHCVT
    [28] => tg_MwmQeDM6z2hcH7FkvAQSikHdIAwg1t
    [29] => tg_mNXK59R18xrYtoBaxWNwkKYPBuKXQp
    [30] => tg_sM3nfqDJy3Vy5aPurriOPCdX9iEJma
    [31] => tg_2NsHXZzeADPI3sOdsGvb5UWmUgvIq3
    [32] => iziy-262-03
    [33] => tg_OelNZbsZicvSlFyKZY006o7gBOtSKO
    [34] => tg_9ODQEQAEQC2jZ68fdtnxDefI1lJGh5
    [35] => tg_jCHJyMptnrEeCRtLvWCna1UgFDOg12
    [36] => tg_MgtczvSC2Y8RhwzpkFMfLrp6BnzFJA
    [37] => zyj-263-04
    [38] => tg_G7iLAMkERZ5ZZ4eotZjjQMghR4aFpd
    [39] => tg_VZuGbtPK119VaeXIfeAFPpCwPVuF4q
    [40] => tg_IHodxJNKrfS0xxajkR6tAtkpohQvUu
    [41] => tg_XsxYkTvYKaFEZLomJmAIGTxKh6t473
    [42] => tg_zIE36IpaEbThVLZgMNej31QQ7USmDL
    [43] => tg_T0Ed5mmvuRdVzcxLWCLs9R6BGf0EaP
    [44] => tg_JZ9J3vGNs6fiYDpid1fLVXAcdmnJGC
    [45] => tg_PXQG1MoeGb9uQy94DtZg3mBtr0ErUI
    [46] => tg_eGqoU2qlNLtvDYNYfI973jrvfDEN6u
    [47] => tg_fl4scLZ4FiUV9noT00XsT0B55NgKEK
    [48] => tg_YSA05Nah8JewKgqX9nr7Acwb2aBxyl
    [49] => tg_a5q2q9GN2xABq86jM9pwiS8iyBJVfW
    [50] => tg_iNBVgkrz7R1IOCXEEJfkIlPzdSGnyI
    [51] => tg_NgwIwYVjAzXZn1QBJC68rQwtm8qAnv
    [52] => tg_hfQFP1T5unIBwVwmYZ84lmbLUk6Hql
    [53] => tg_lH8i7vtt5Vyi4nU4poSm8Iv68PqS5A
    [54] => dcfy-250-04
    [55] => tg_hGFVwlehGMFc5AVTI0APT2AXvSQeGu
    [56] => cfzjbsn-245-05
    [57] => null
    [58] => tg_hT9imoeBBJOa4aoOSH8s9D4nXulXQ3
    [59] => tg_4xaqzJIbeZOX10X6NI4jgUD3d7kYwn
    [60] => tg_KPu4Nors1HZxKWZihYMPeXmb4uu43N
    [61] => tg_X9FfgTUedruUSLOuWANgAoPgSE0s2Q
    [62] => iszz-258-11
    [63] => tg_xvCgNlPr9K7D216WoVlBjkIHzwcQuK
    [64] => tg_Lyx50AlHYhUEsejnRNlXTJrfMFjfaU
    [65] => tg_WxyICK73BRFOH62RcXpAgw7TCRgkLE
    [66] => byxxc-238-05
    [67] => tg_UIq5v3eBxoWaOieomZ3V2ey4GibbMZ
    [68] => tg_KCPvr3MfOWw0L81NeB4EjEHBFus8My
    [69] => tg_KGrCSe1a4ryaHXKDklFBnaD9pInRXq
    [70] => tg_USQULvLd7jEwvAnEXP6ogWMPmBcWXF
    [71] => tg_ImW7KdcLDbkfZrE1j7R4jVhpShIV9N
    [72] => tg_gROvgO1zaKN4u7rYKqqtV34oPECQ5H
    [73] => tg_A0WJG6ZDiQ3ypQyccJYwWmrInd4ni9
    [74] => sijzcycs-270-01
    [75] => tg_Z0odwem3eueocdaYwGPeewNGs3eMzJ
    [76] => tg_YdzBBvglsoXidJdKCmWrG85bql5kG4
    [77] => tg_v2Qd56QlqG5MyJCuSizLIu252lHZgr
    [79] => tg_G9yTAxWgs6kbikFA8mybpflSOxGHtl
    [80] => tg_ukKVlFDkkWIyijtZbh7wQ9szez1vK1
    [81] => tg_IB6hnKY9LuosneMkON6vp3eobulWK3
    [83] => tg_ovYJpa0VxDSjfx9vB6F4bOOdyJRpkM
    [84] => wmsj3D-256-01
    [85] => tg_6EsT5MZUsec2TxWvC3OJLCbsLUJqPT
    [86] => lwzr-239-03
    [87] => tg_FpXDuybKIJPNh59t6JyrliJWL2RGd1
    [88] => tg_u1US2O9i4Z0zNFhwCpRHFpjjJ2Ti4w
    [89] => tg_qO1qTrsE9beNEGqvA7QnEn03h2WUZj
    [90] => tg_Ls0r0ObpFIFHHBSzcMSHVlPIgMA5tM
    [91] => ddd2-318-01
    [92] => tg_9exPJH0wBZ8HTOnBGIBAUy7Pd5KItg
    [93] => tg_lIOl2zcaIeBqz5T2UZ8clErFHYjbqG
    [94] => sglxc-386-01
    [95] => tg_vQk4YxqC6WppWmaHRPd2w4A2NFvcLe
    [96] => tg_MiibYxryifzPfLEmcBEmI3SkJrkRlL
    [97] => tg_aXjjyHs79eyoXO95l2jC4RUiG4mS1e
    [98] => sji2-257-03
    [99] => tg_zcdMNOMku4zyxNZzzatm9UIZU4jWUQ
    [100] => tg_7QcpM9nCqpQopSQYRJB5tiYQyFNcaS
    [101] => qqics-242-02
    [102] => tg_eKgpglHNQWuU8NNeLUHKwpPPblhbJx
    [103] => bzqst-306-01
    [104] => tg_eyjth5l3eBWH5UlD8sNHDf3lw1aniG
    [105] => tg_DhOh8ID5Ex0qv5X1v4d8sQyeQCAEhB
    [106] => tg_vTbMfHDIB32mAvNDaOKQrmgYEKmHHz
    [107] => dfw9-295-01
    [108] => tg_LPiY9ekEdtZqLLuukBC3fKOMYpbNWo
    [109] => tg_NtIayKgqI5dmws2phUaG2sd1trUmnc
    [110] => byxxc-238-03
    [111] => tg_bKnybL4otl2MtKbxCtLLDw8xA056HA
    [112] => mfyx-309-01
    [114] => tg_NFFTmgzmMokyIfz9evpCJQ4sNXUaWF
    [115] => tg_rmk6gWq0INJZaYZ6tgqFPmq3z5eqNm
    [116] => tg_QDYvyxICPNYv0kg1BOP8QtEcfFUNGs
    [117] => xyj-241-17
    [118] => tg_quBxwsHLnDcetKwYUeL0ZwGVhOWJvs
    [119] => tg_jejMxEyTgyxOGvlI2GYJusOt3QDOGb
    [120] => tg_Zs0k3Wft4sZSUPLhqKbS72Fumhrxnx
    [121] => tg_DVjFB30FnJLCYF24CvQJO75G3J64uW
    [122] => tg_NoqH248k7exruZXQMVi100rIj0Ow78
    [123] => tg_LLCnuPvPz2vL5lkzkWTv86VAZqXiFt
    [124] => tg_eHZFYqOW37zZly6Ci485hAPKblznlk
    [125] => tg_uKdkYuLOUZ6dYpKawiPxSlws5C3p2Q
    [126] => tg_MPv6wZlNPr7LOEpHwY19XtQ1kr7Fff
    [127] => tg_PEbTLGzNvnESyOdTgKbhjxMrpp6Pv1
    [128] => tg_2WbWHagMS2SOb5xOSfVRLGlIn1S33u
    [129] => tyix-357-01
    [130] => mnqy-335-01
    [131] => tg_rZLzNO4FSdY9hoRYNqEFV16bvYXuBb
    [132] => tg_BX7jbPiBrO3Lbj4y7kRa9Zw7d5W5pt
    [133] => tg_IG3MtJ7JOXqsan5jjyzdOs1dngskIJ
    [134] => zyj-263-03
    [135] => tg_WObUg0waseMQMRqjvOnCzrgFmhUPVo
    [136] => zyj-263-02
    [137] => tg_4zE122WihSnHVLpwtgEbGo8wEaokgZ
    [138] => tg_Z8XHK6EMe4ksphVFjhUAxGqxIZLjXz
    [139] => dwsj-435-01
    [140] => tg_iBQwLu3gRW3oY2acIF0T5eQc2uURTg
    [141] => tg_GMTqei4u3HsEi273emHLsPpYI3B6DW
    [142] => tg_8T7NZZ0K1lUhDstwHQnzUVaXtWYYnV
    [143] => tg_LZVNb8oMP1vPlllm0EKGZKP5Fr09kS
    [144] => tg_9wMQEwx1XSgzc6p1L1icWOicF6gRTs
    [145] => tg_QNIdVsHmq2UJ0KNrgyokjQkFMiWOhX
    [146] => tg_gerYjB6O8LOZGhTsfjUHrjOYsrVC8R
    [147] => gfx-227-02
    [148] => fknsg2-431-01
    [149] => tg_o1Q4oe61eaE1KhVzPONFtMOI4rWrnc
    [150] => tg_HxU1CoCoVKqPjjfMcKZ0TzcyV77wqY
    [151] => tidmx-259-03
    [152] => zgzt-213-01
    [153] => tg_3Loe52HsfZ64cDHwscmhKfYUPSQXzG
    [154] => tg_oYeamNiVoPhCQ43VMK6OhFySsqpVbh
    [155] => tg_GXKFwldOWDrQ9XB8plFtCj91dyXAIh
    [156] => tg_oGuXovKoRUbLPmHuvs3UuIE9aeMS2u
    [157] => tg_QgeyI96z3ilxD6UdQtzfY0C4oig1DZ
    [158] => f-441-01
    [159] => tg_2i8s3OS0ZCcjztr3Km52a16vESsvis
    [160] => tg_vCsJpv46Zy29l982dIplz8UWDvylOA
    [161] => tg_Ri2NPtmmh1FsYTXg1bpBcSfD0VdpP7
    [162] => tg_2ARVHpH2uWK1GKxxu0Zg0YChSYsj0O
    [163] => tg_OD7FcltYU9ZyDt7rn6beaylFAAVT5D
    [164] => tg_Uzk9TWGhQpn8JMmxrdOv3sknjw9Rpv
    [165] => tg_q4hI4MqWZwu7ac1kh5pn4KFdNgeV4y
    [166] => tg_9svDGMMYJz3JrJlA5yZkJ0dVtaUb4m
    [167] => gfx-227-03
    [168] => xyj-241-11
    [169] => tg_1jQe73rT4e8GVjRXeU65PvjFfgyCJ9
    [170] => tg_Qo1fvJS7zsXzyA2IXbpN0O63IkFczD
    [171] => cbws-283-02
    [172] => tg_luMOlzXMsvqQNqaAuBhkolxOxGtjmA
    [173] => tg_OfaE1oD9jOkeCrMxFmwZmT29Ew1L5z
    [174] => tg_eNCWE4IqbTr4L3rXk6kxGeYdF0sdgw
    [175] => tg_NIGftm0hA1EjxWm9DKPuA69NSdLiBs
    [176] => tg_73mHAOuM3KdQa6oKLLG6XZgNWYlZCU
    [177] => tg_ceyjwgtKjdoAWvo2vbmAPUZ25nKLFW
    [178] => tg_JXdNpFL3qYrFKCQydFp9kS0Es7uq9p
    [179] => jymf-237-03
    [180] => tg_nNPe0vpMC4ZxmitWGiEHW0gWHDpRcF
    [181] => tg_5QH6cQj37W9Aiel0tFJsWqgDtezJLR
    [182] => tg_uYQsNlH1kqwKDEH4xABqHPfGQdgA9v
    [183] => NBAftx-225-02
    [184] => tg_6vi6nfVunqSTdJKQ729D5wPqwD65uc
    [185] => tg_D3OC96S53NgitjGQM8exL3wMjxkf4X
    [186] => tg_R1RDVqNHRQXgl4KJSMyZU2Tno2K9bg
    [187] => tg_c0mUBBrcogdE5UvZCY2HnsSHyc6ePs
    [188] => tg_ODoUx9rQG9p7rnBZM2d19F8EQZ5utc
    [189] => tg_VY5fuFU8pF4jMVrZsTPAcRbAbM68ZA
    [190] => tg_CWHe7Hrfhl6JXuwTQhogiVXlCxO6f0
    [191] => tg_mFtD7NWQksoGcdkYjyTLyCGBW5LAiU
    [192] => tg_9MSv9Id4g4YQ5HqkZSRgzWSsm3hDiU
    [193] => tg_vC2YDzjcVUC15FGQBPgLNxYeO7Z5SQ
    [194] => tg_x7V0CXex19izghRLpbsKQuQz4iWGFy
    [195] => tg_pbdbbYp6CP7zmUcKsYxbNotXs9ZNFJ
    [196] => xyj-241-02
    [197] => tg_z037kSsOTpOe64cmjLjl1nUsQAoDwW
    [198] => tg_W2pysd1dY4bhFAxFDmSbPJAAXMZAJP
    [199] => tg_SUBQvuZAx9lnRfMLE4t3Vdfem6fCqd
    [200] => tg_JE7555URTg8PnW3kg27YKTPGG7ZcbP
    [201] => tg_pdviUeEztqS8c3nE98GICfvvesETHJ
    [202] => iszz-258-10
    [203] => tg_JYWGy6Lv2jwnMs8SqyRiEdd3aHRvvv
    [205] => tg_oRr8aA1QCzsoU5qSPqYmMCuQ9sNmcg
    [206] => tg_3ljjNwItLS8dXWcAQk9dgMtgVhn6Zx
    [207] => tg_OU20Xikl0SbparapZGvkebqzKhWQRE
    [208] => tg_BzSlq616dainWOMpgxtFCfaqMVWg3j
    [209] => tg_O9cgE2tLlaIUujkhXbTlcktVd9yvRi
    [210] => tg_HlAnvCbNuM4o6gu4lj9ouY9mA4dxfQ
    [211] => tg_hgxfsHaP3Nl6ta14BIeWsy7lPXS8e2
    [212] => tg_qsnV07CXxrunsXAD8uJpw8KAtjwRUH
    [214] => tg_QZZFggp5dA4nZym1yeDjbwGvJrDxrz
    [215] => tg_Gejy6CaJU0EYR82x85J7TjKGPjSSZY
    [216] => tg_tqrdOEQGez8JLhsu6eKlKfqBQ95Nv9
    [217] => tg_HAE4GeBnupqKgTMoKVfdqFSpbGZqdw
    [218] => tg_kvTh1eV254JKcMoQPmaF50ZSF2YI8r
    [219] => tg_9v3y1tH8IID2ObAOh7tIrIqGPUL5li
    [220] => tg_Q0OXBqTKUT4gxwLdq8cEyinsbxvWsh
    [221] => tg_SWqbqvLqDQyYjsG9jBBHZo8bF5l6yj
    [222] => tg_prw2gIFGyrnJH79P6pDgYGJjanWPHY
    [223] => tg_howgDJMf8H0nC23KdM8cLLhsk330Sj
    [224] => tg_tWxsqLc2DyZW0xhEjU2AGnkAg8rSzH
    [225] => tg_spVeL0duhA4o33C3XVLMLcJeGzpLLx
    [226] => tg_q5tpNQkvjppy8orNkmvHjKeZoFDicc
    [227] => tg_WCkCTf0pTrn8wT5Vga2ak2u2b6U4jG
    [228] => dfbb-261-03
    [229] => tg_uRPJgNFRkhP1SYEz7vGMLo5cLwr10j
    [230] => 
    [231] => tg_V4rCcoFzbBkK9PCpIYlOHxsf6WUDQr
    [232] => tg_5tm9Wg2AXqKDoIwYbz1h5YBQ4FS8P3
    [233] => tg_jlkC6X8s1QpUpkaUOzJ2fGYI7vjo37
    [234] => dfi2-252-02
    [235] => tg_hjdu6ORJM7OG8QrXFIcC2xcYVRv9Dr
    [236] => tg_rRyHzAFMUdV7axvQjFOLFWcimW2ISs
    [237] => yxzxAPP-422-01
    [238] => tg_DwNO8ixOfJ2rY1XNclifft83mhYTi4
    [239] => tg_iCdPvpx09yXS6AqVoH99GaBcG8K6Bx
    [240] => sdyxc3D-243-03
    [241] => tg_e1XmOfhhxXMfenNMZuYv78znuFefbr
    [242] => tg_a90RnFEOwkBcXh7tN9qQpXdm0EkE71
    [244] => tg_AsxPJXxY4WyybvnM7G2sf9DlUpfLcS
    [246] => tg_UDyMC93nwIALdlS1mugg7eTc5SGYIU
    [247] => tg_IkrlXzTXRIz8Ff1EmFcvknDMveHyZy
    [248] => tg_iTu7R5kBoS3ZwvVAV0dsCpeGvSwNDW
    [249] => tg_xBuL3S9TdcaQpVCpOs55vAmiUv8Ix9
    [250] => cbws-283-03
    [251] => tg_R64SDdeCJshvCUVl9kk1SAY2mVMv40
    [252] => tg_XFjHfg1mv3pPvJKCJ0JShkY18TdXxi
    [253] => tg_zlmQ1MYrs3puVAfAUySNfxp8DprrcN
    [254] => tg_3H9a1haRWXASZzcsseDOLdFDuXWGy9
    [255] => tg_yguQaDrCX4sRHyusZCmoIu2wxKyPTv
    [256] => tg_fGavmBEmEeJaNl84wbOJXtzYoz3ImT
    [257] => tg_4gxvdgBfeXfU0Mkm1t3kqb6ftdzOMG
    [259] => tg_mGHUeBsI32LYmovto5wB74q45NSYQy
    [261] => tg_QOaluxlrDrdfHirks7boYovXT5VzvN
    [262] => tg_ExtRRmq70LZ5cPOsbOSWEzt7KRjR70
    [263] => tg_eXfOrB7ZM7cDO2nqwzIwswNwbLhnlJ
    [264] => ly-266-03
    [265] => tg_NO44EDPcEL3s66lwa9yRtCs9aY1gjc
    [266] => tg_jozQbXSt0MsOdEGwpK3VTTyUp66Ce2
    [267] => tg_E0E2nta7J3vcP1BXFdQhyTIYyLZcTh
    [269] => tg_v2aSduKnJJ5NKXAAkCTPEOYo7JnS94
    [270] => tg_NCP73iALs0HQvWtKPZzGiEA3HSBsAa
    [271] => tg_77gFvmZyqqb5ZTA3643TFpwCYz8Jas
    [272] => tg_vfaj7fCIWHRW8AF6lOhWStml7M07BG
    [274] => tg_1t8ZHkzHsOjjfBQdO8Sp6xQb4Jqv5N
    [275] => tg_1EINsQaerAIg5QtrK92gm7n6zSfR7D
    [277] => iszz-258-02
    [278] => tg_vHJuYyncAfyWx0OBOTNBzBs4VDbYKa
    [279] => tg_lv369aN0qVNdyxeLNsOZUv42Khkq9c
    [281] => wd-265-02
    [282] => tg_JrFLtWsbbdLYlqboVhSzzxoHROQD4k
    [283] => tg_Ylsw4PyijBADuMjBqAvjXxmuH9Wj3F
    [284] => tg_KMpuyo1EOdaG6l4RIJxknESqe8i1do
    [286] => dixy-232-01
    [287] => tg_ztpR2HKML8hJFjprho1zfbkV0imFp4
    [290] => tg_a3MwwHqtFVIIu2wAcJtxFP9Qq6YXdU
    [292] => tg_B2gRz6KoFotcJwvqLHiYqclhTRZjAI
    [294] => tg_gGqT8bYbaxpqLD1XpnsxYSJ3XLlWdc
    [295] => xyj-241-03
    [296] => xdzz-228-02
    [297] => tg_mrIHzdJ5a7cXVH9W4aDyn8BcY3sEWL
    [298] => dixy-232-02
    [299] => tg_HeObsj9BdHlkcHrYrsz6EL2fa2GJTi
    [300] => tg_bemh9vIE1yhl2WLX8PC3K4kt6T56sl
    [301] => tg_R5o8QShUV1GO4zyUU3UWozKOn12GdV
    [302] => tg_gxMXCdvJJOAMmzsoXJMMaU34TPUY3s
    [303] => tg_It3ZrGnxHnT527Li1JsFPEbAXHFsnx
    [304] => tg_Spjn27BpHac5Q481Rr5zp1q1m3soZ2
    [306] => tg_iqfTzQ8SlRMYUsxMhhHnvScsJrc5by
    [307] => tg_KSrTmGgyDYV81i5ltvne0CVaiHhXRQ
    [309] => tg_R8HYrK50f168ti9sOsZtaiQD2co59J
    [310] => tg_URI8scPvK1DEfi44VUKTLVqP96eBcm
    [311] => tg_1wDDLzkjbW3Pb8jzRrA01incmPqYhQ
    [312] => tg_C279T8XrdTVBzfahN2pau9nO3JhRif
    [314] => tg_1nGplhQDLUI1MZSEUXMNUL84CHOPpX
    [315] => tg_NKOwsJ0b1FzamrotErpd6jgYsKAN2v
    [316] => tg_Ol1QFxsnwmPTIifUX1pY0CFdr9g2cW
    [317] => tg_Ns2ruyRNGIFOc1V1cNXZTgYNXxKEzX
    [319] => tg_g7ZxSv4gz7VPwWmtBN4Rua0RkQd3SI
    [320] => tg_V3ZMC6AaWAUIgoEVwUp5VmHPypL3p1
    [324] => tg_FVED9w8UsxvyBAd0XI1SJDloFLdtQm
    [325] => tg_DXLdwJFBbmEClkeZrrzUr7M0x5UknP
    [327] => tg_rerMGmdYU9Jyeq8z0UUtJkITxPIPi2
    [328] => tg_cpZrEKR0IJ4S1rcmaswi8oADsic8pk
    [329] => tg_Ok1V5icI9vmONx23EKbYHVP56i1pYd
    [330] => tg_mcEuJVtSvdAtVUENaRDVMBLSq8APnS
    [331] => tg_5OfKZXixp7CjR7XPU0W90lqqqTFk5J
    [332] => tg_oAoVUwkuOeyVVQ05jZL3XRH3CJPrbR
    [335] => iszz-258-04
    [337] => tg_AXIXnbBwMpJMQDEe2VSEWJmTX2afnP
    [340] => tg_4Zl6KMY5KHdYhVrnrJaLw47ibP8Ibs
    [341] => iszz-258-09
    [343] => sszj-260-03
    [345] => qqics-242-03
    [346] => sbkcq-294-01
    [350] => tg_3GSSy8PYKoFrup8G30jsux8ihQxkGc
    [351] => tg_1UrNa6pMG9ilFEbZCPTKAY22s7V5Cz
    [353] => tg_Zoks2ueLqNQh9bkP9F8nWgWxgVN4a3
    [354] => tg_Ybl9xENxHsfVBPK7IBZikgc9icV0p0
    [355] => tg_JJZYD6SJy3SJ6c0AKRp1GmB5UqZ2jg
    [356] => tg_lfUx09OXmzxWGLxjyNqiYhji1J6o3S
    [357] => tg_aFWrMTmCWEE0kaQmPHz5pWXf54vm83
    [358] => smsjOL-247-04
    [360] => tg_9L7imM0iNMHDvx030tEttb2gY6yAvf
    [364] => tg_zjUY3zgmqTzHY6gaBbz0V5axvkeADq
    [365] => tg_o028lSVS26po0ZFjgGHlegKtggqz9S
    [367] => tg_caJsC7EfMOzEbr9mIg1Oi8xmFBpxw6
    [368] => tg_xX5O7gsz5V7ioS8CXkxejkdaaSilqn
    [370] => tg_xyZ3j9g1TEE5oRQ8jtjOvWp93RoO1U
    [371] => tg_Uuu7DKIS1H6x1tYmIF3QwX7uhrg7pM
    [372] => tg_isZoXNhPlO746tHMSp9H4QBHsPxXNI
    [373] => tg_pVLKwuqunHstVkThsuG9m9ZSFNKY4Z
    [378] => tg_ZZgcgW1UXMwmQ7XrtNJNYgILCHkhvx
    [380] => tg_YP3WF3TI3Mr7oCBqG4P1cEzXc7s0uA
    [383] => fzj-291-01
    [387] => iszz-258-03
    [388] => xdzz-228-06
    [431] => gfsl-221-03
)

有效渠道个数：310
有效渠道array：
Array
(
    [0] => 7403
    [1] => 7218
    [2] => 7202
    [3] => 7201
    [4] => 7200
    [5] => 7029
    [6] => 7026
    [7] => 7025
    [8] => 6991
    [9] => 6971
    [10] => 6881
    [11] => 6880
    [12] => 6879
    [13] => 6878
    [14] => 6874
    [15] => 6871
    [16] => 6864
    [17] => 6862
    [18] => 6860
    [19] => 6859
    [20] => 6856
    [21] => 6852
    [22] => 6851
    [23] => 6850
    [24] => 6847
    [25] => 6846
    [26] => 6845
    [27] => 6843
    [28] => 6841
    [29] => 6838
    [30] => 6468
    [31] => 6435
    [32] => 6426
    [33] => 6424
    [34] => 6421
    [35] => 6251
    [36] => 5750
    [37] => 5728
    [38] => 5727
    [39] => 5717
    [40] => 5179
    [41] => 4681
    [42] => 4637
    [43] => 4575
    [44] => 4097
    [45] => 4094
    [46] => 4067
    [47] => 3106
    [48] => 2749
    [49] => 2547
    [50] => 2505
    [51] => 2446
    [52] => 2437
    [53] => 2407
    [54] => 2395
    [55] => 2394
    [56] => 2393
    [57] => 2391
    [58] => 2388
    [59] => 2387
    [60] => 2386
    [61] => 2385
    [62] => 2377
    [63] => 2373
    [64] => 2283
    [65] => 2280
    [66] => 2274
    [67] => 2273
    [68] => 2271
    [69] => 2270
    [70] => 2269
    [71] => 2268
    [72] => 2267
    [73] => 2266
    [74] => 2264
    [75] => 2263
    [76] => 2262
    [77] => 2259
    [78] => 2258
    [79] => 2256
    [80] => 2255
    [81] => 2232
    [82] => 2231
    [83] => 2221
    [84] => 2218
    [85] => 2215
    [86] => 2210
    [87] => 2098
    [88] => 2090
    [89] => 2073
    [90] => 2055
    [91] => 2045
    [92] => 1896
    [93] => 1884
    [94] => 1877
    [95] => 1875
    [96] => 1872
    [97] => 1870
    [98] => 1867
    [99] => 1859
    [100] => 1857
    [101] => 1856
    [102] => 1854
    [103] => 1837
    [104] => 1825
    [105] => 1824
    [106] => 1823
    [107] => 1821
    [108] => 1814
    [109] => 1811
    [110] => 1809
    [111] => 1803
    [112] => 1801
    [113] => 1650
    [114] => 1647
    [115] => 1638
    [116] => 1637
    [117] => 1631
    [118] => 1630
    [119] => 1629
    [120] => 1621
    [121] => 1618
    [122] => 1617
    [123] => 1604
    [124] => 1601
    [125] => 1597
    [126] => 1595
    [127] => 1559
    [128] => 1557
    [129] => 1555
    [130] => 1553
    [131] => 1531
    [132] => 1526
    [133] => 1524
    [134] => 1522
    [135] => 1519
    [136] => 1491
    [137] => 1488
    [138] => 1481
    [139] => 1480
    [140] => 1475
    [141] => 1473
    [142] => 1470
    [143] => 1464
    [144] => 1461
    [145] => 1459
    [146] => 1457
    [147] => 1452
    [148] => 1438
    [149] => 1431
    [150] => 1428
    [151] => 1419
    [152] => 1417
    [153] => 1393
    [154] => 1392
    [155] => 1389
    [156] => 1386
    [157] => 1380
    [158] => 1369
    [159] => 1346
    [160] => 1344
    [161] => 1343
    [162] => 1337
    [163] => 1335
    [164] => 1324
    [165] => 1306
    [166] => 1305
    [167] => 1304
    [168] => 1292
    [169] => 1278
    [170] => 1139
    [171] => 1134
    [172] => 1123
    [173] => 1120
    [174] => 1115
    [175] => 1110
    [176] => 1101
    [177] => 1077
    [178] => 1056
    [179] => 1047
    [180] => 1012
    [181] => 1009
    [182] => 999
    [183] => 998
    [184] => 991
    [185] => 971
    [186] => 946
    [187] => 944
    [188] => 927
    [189] => 915
    [190] => 913
    [191] => 912
    [192] => 881
    [193] => 876
    [194] => 873
    [195] => 872
    [196] => 871
    [197] => 867
    [198] => 866
    [199] => 860
    [200] => 857
    [201] => 855
    [202] => 851
    [203] => 850
    [204] => 843
    [205] => 841
    [206] => 837
    [207] => 836
    [208] => 825
    [209] => 823
    [210] => 805
    [211] => 800
    [212] => 799
    [213] => 798
    [214] => 785
    [215] => 775
    [216] => 764
    [217] => 758
    [218] => 753
    [219] => 751
    [220] => 728
    [221] => 727
    [222] => 725
    [223] => 724
    [224] => 717
    [225] => 697
    [226] => 696
    [227] => 695
    [228] => 694
    [229] => 692
    [230] => 689
    [231] => 686
    [232] => 685
    [233] => 683
    [234] => 680
    [235] => 677
    [236] => 658
    [237] => 657
    [238] => 656
    [239] => 654
    [240] => 616
    [241] => 593
    [242] => 589
    [243] => 588
    [244] => 581
    [245] => 579
    [246] => 572
    [247] => 563
    [248] => 562
    [249] => 536
    [250] => 535
    [251] => 528
    [252] => 527
    [253] => 526
    [254] => 478
    [255] => 477
    [256] => 476
    [257] => 466
    [258] => 464
    [259] => 462
    [260] => 460
    [261] => 456
    [262] => 454
    [263] => 453
    [264] => 441
    [265] => 439
    [266] => 431
    [267] => 430
    [268] => 429
    [269] => 427
    [270] => 421
    [271] => 416
    [272] => 412
    [273] => 411
    [274] => 409
    [275] => 407
    [276] => 405
    [277] => 404
    [278] => 403
    [279] => 399
    [280] => 396
    [281] => 394
    [282] => 392
    [283] => 391
    [284] => 389
    [285] => 386
    [286] => 384
    [287] => 381
    [288] => 380
    [289] => 379
    [290] => 377
    [291] => 373
    [292] => 371
    [293] => 370
    [294] => 369
    [295] => 368
    [296] => 324
    [297] => 311
    [298] => 309
    [299] => 300
    [300] => 297
    [301] => 296
    [302] => 295
    [303] => 293
    [304] => 262
    [305] => 223
    [306] => 167
    [307] => 151
    [308] => 141
    [309] => 14
)

