2016-10-17 00:33:46
统计当天：2016-10-16
渠道个数（即dailyaccount的个数）：6384
渠道sql：
select * from yx_tg_source S left join yx_tg_game G on S.gameid = G.gameid where S.activeflag = 1 and G.activeflag = 1 and G.isonstack = 0  and S.createtime<='2016-10-16 23:59:59' order by S.id desc
活跃渠道个数：302
活跃渠道array：
Array
(
    [0] => tg_xyZ3j9g1TEE5oRQ8jtjOvWp93RoO1U
    [1] => tg_JE7555URTg8PnW3kg27YKTPGG7ZcbP
    [2] => sszj-260-03
    [3] => tg_iCdPvpx09yXS6AqVoH99GaBcG8K6Bx
    [4] => tg_SWqbqvLqDQyYjsG9jBBHZo8bF5l6yj
    [5] => tg_Gejy6CaJU0EYR82x85J7TjKGPjSSZY
    [6] => zyj-263-04
    [7] => tg_Yu783LP9jjPQKkQ4gZ37LJqiGsa8F2
    [8] => tg_Uuu7DKIS1H6x1tYmIF3QwX7uhrg7pM
    [9] => xyj-241-03
    [10] => tg_9ODQEQAEQC2jZ68fdtnxDefI1lJGh5
    [11] => iziy-262-03
    [12] => tg_sM3nfqDJy3Vy5aPurriOPCdX9iEJma
    [13] => tg_g7ZxSv4gz7VPwWmtBN4Rua0RkQd3SI
    [14] => tg_v2aSduKnJJ5NKXAAkCTPEOYo7JnS94
    [15] => tg_au4IVxZIqUPkIsk9WHXh5V7naKiSIK
    [16] => tg_iqfTzQ8SlRMYUsxMhhHnvScsJrc5by
    [17] => tg_zjUY3zgmqTzHY6gaBbz0V5axvkeADq
    [18] => tg_Trn7YSQVVtNZzq3Fw768fo98JN0n65
    [19] => tg_9L7imM0iNMHDvx030tEttb2gY6yAvf
    [20] => ly-266-01
    [21] => tg_jCHJyMptnrEeCRtLvWCna1UgFDOg12
    [22] => COK-223-03
    [23] => tg_Hllcezo5vcG6IuqIwwwGQ0oYw0mGPL
    [24] => tg_R5o8QShUV1GO4zyUU3UWozKOn12GdV
    [25] => tg_YSA05Nah8JewKgqX9nr7Acwb2aBxyl
    [26] => COK-223-02
    [27] => tg_mNXK59R18xrYtoBaxWNwkKYPBuKXQp
    [28] => wd-265-03
    [29] => tg_fl4scLZ4FiUV9noT00XsT0B55NgKEK
    [30] => tg_1wDDLzkjbW3Pb8jzRrA01incmPqYhQ
    [31] => tg_UDyMC93nwIALdlS1mugg7eTc5SGYIU
    [32] => tg_IHodxJNKrfS0xxajkR6tAtkpohQvUu
    [33] => tg_hfQFP1T5unIBwVwmYZ84lmbLUk6Hql
    [34] => tg_DSCeq49dAY1NXszMuPT6YSvlibLEV5
    [35] => tg_2NsHXZzeADPI3sOdsGvb5UWmUgvIq3
    [36] => tg_MwmQeDM6z2hcH7FkvAQSikHdIAwg1t
    [37] => tg_WCkCTf0pTrn8wT5Vga2ak2u2b6U4jG
    [38] => tg_1nGplhQDLUI1MZSEUXMNUL84CHOPpX
    [39] => tg_T0Ed5mmvuRdVzcxLWCLs9R6BGf0EaP
    [40] => xdzz-228-03
    [41] => tg_NgwIwYVjAzXZn1QBJC68rQwtm8qAnv
    [42] => tg_foInmUBJTEST2FsjE393noaqCL4YDz
    [43] => tg_It3ZrGnxHnT527Li1JsFPEbAXHFsnx
    [44] => tg_PXQG1MoeGb9uQy94DtZg3mBtr0ErUI
    [45] => tg_a5q2q9GN2xABq86jM9pwiS8iyBJVfW
    [46] => tg_9wMQEwx1XSgzc6p1L1icWOicF6gRTs
    [47] => tg_JZ9J3vGNs6fiYDpid1fLVXAcdmnJGC
    [48] => tg_VZuGbtPK119VaeXIfeAFPpCwPVuF4q
    [49] => tg_lH8i7vtt5Vyi4nU4poSm8Iv68PqS5A
    [50] => tg_Sewxs3XtPGOLYiORI5Pkg7odXeAKXN
    [51] => tg_OelNZbsZicvSlFyKZY006o7gBOtSKO
    [52] => tg_XsxYkTvYKaFEZLomJmAIGTxKh6t473
    [53] => tg_Zs0k3Wft4sZSUPLhqKbS72Fumhrxnx
    [54] => tg_3H9a1haRWXASZzcsseDOLdFDuXWGy9
    [55] => tg_QNIdVsHmq2UJ0KNrgyokjQkFMiWOhX
    [56] => tg_SUBQvuZAx9lnRfMLE4t3Vdfem6fCqd
    [57] => tg_U29cGDHCcVOBa07j7jJvkgp23MCXxa
    [58] => lwzr-239-03
    [59] => tg_PmAyr0IlfYftITdz5mJ4tk275XA5LQ
    [60] => tg_jVaInI6nlTytxENBtvj0QGDG4ROnQZ
    [61] => tg_uPUvULu9YdxvzgdxQi4yvePhHeSD9Q
    [62] => tg_NFFTmgzmMokyIfz9evpCJQ4sNXUaWF
    [63] => tg_gROvgO1zaKN4u7rYKqqtV34oPECQ5H
    [64] => tg_eKgpglHNQWuU8NNeLUHKwpPPblhbJx
    [65] => tg_jlkC6X8s1QpUpkaUOzJ2fGYI7vjo37
    [66] => tg_7QcpM9nCqpQopSQYRJB5tiYQyFNcaS
    [67] => tg_U7dQFVw0JZmpH11lmYHLR5qIsPJy3K
    [68] => tg_xyeEpNy38LrPrmO7kN8DtktaBlDieY
    [69] => tg_G9yTAxWgs6kbikFA8mybpflSOxGHtl
    [70] => tg_DLgDR06dmMa0a6U2hBofa0ahtn29UH
    [71] => sgqyc-340-01
    [72] => tg_GMTqei4u3HsEi273emHLsPpYI3B6DW
    [73] => tg_u1US2O9i4Z0zNFhwCpRHFpjjJ2Ti4w
    [74] => tg_mrIHzdJ5a7cXVH9W4aDyn8BcY3sEWL
    [75] => tg_LPiY9ekEdtZqLLuukBC3fKOMYpbNWo
    [76] => tg_sN4DNq0d4Vg5WHZg9OWPsd4bjkM0hL
    [77] => tg_gerYjB6O8LOZGhTsfjUHrjOYsrVC8R
    [78] => xyj-241-17
    [79] => tg_rRyHzAFMUdV7axvQjFOLFWcimW2ISs
    [80] => tg_mohUYUUR0HsouvywyxKRKclRKiIfUh
    [81] => tg_9svDGMMYJz3JrJlA5yZkJ0dVtaUb4m
    [82] => tg_vCsJpv46Zy29l982dIplz8UWDvylOA
    [83] => tg_NvXJf5QR5tjRwPjhRNfgiEKYRFgx4r
    [84] => tg_bKnybL4otl2MtKbxCtLLDw8xA056HA
    [85] => tg_nIqDlZQ0dQMiGOudQVBgJ8vMzvy4ST
    [86] => tqjjd-426-01
    [87] => tg_3ljjNwItLS8dXWcAQk9dgMtgVhn6Zx
    [89] => tg_W2pysd1dY4bhFAxFDmSbPJAAXMZAJP
    [90] => tg_JlRqvBfsks2ni5ghWQqYA730uapFrC
    [91] => tg_v7Jb3BIDODCQ1VtgtfAmw7kXJEEPfK
    [92] => tg_Ok1V5icI9vmONx23EKbYHVP56i1pYd
    [93] => tg_OR6k1HjrRFrcg1DYYkX3RZNfmsAJfA
    [94] => tg_Ri2NPtmmh1FsYTXg1bpBcSfD0VdpP7
    [95] => tg_USQULvLd7jEwvAnEXP6ogWMPmBcWXF
    [96] => tg_Qo1fvJS7zsXzyA2IXbpN0O63IkFczD
    [97] => tg_5JtYTW0a9p9j1vHgT86rMlanbYoJSt
    [98] => dfi2-252-02
    [99] => tg_IG3MtJ7JOXqsan5jjyzdOs1dngskIJ
    [100] => tg_fGavmBEmEeJaNl84wbOJXtzYoz3ImT
    [102] => tg_spVeL0duhA4o33C3XVLMLcJeGzpLLx
    [103] => tg_Ls0r0ObpFIFHHBSzcMSHVlPIgMA5tM
    [104] => tg_HeObsj9BdHlkcHrYrsz6EL2fa2GJTi
    [105] => tg_eNCWE4IqbTr4L3rXk6kxGeYdF0sdgw
    [106] => tg_OD7FcltYU9ZyDt7rn6beaylFAAVT5D
    [107] => tg_uYQsNlH1kqwKDEH4xABqHPfGQdgA9v
    [108] => tg_FpXDuybKIJPNh59t6JyrliJWL2RGd1
    [109] => tg_BX7jbPiBrO3Lbj4y7kRa9Zw7d5W5pt
    [110] => sji2-257-03
    [111] => tg_KPu4Nors1HZxKWZihYMPeXmb4uu43N
    [112] => qqics-242-02
    [113] => tg_ICEcjc9rCPIBR46UAcqeZksnO8Wi9M
    [114] => tg_4zE122WihSnHVLpwtgEbGo8wEaokgZ
    [116] => tg_2WbWHagMS2SOb5xOSfVRLGlIn1S33u
    [117] => tg_Ns2ruyRNGIFOc1V1cNXZTgYNXxKEzX
    [118] => jymf-237-03
    [119] => tg_L4b9y9jkPeClOLmOuVH9PTWnXv2R2K
    [120] => tg_NCP73iALs0HQvWtKPZzGiEA3HSBsAa
    [121] => tg_oGuXovKoRUbLPmHuvs3UuIE9aeMS2u
    [122] => tg_73mHAOuM3KdQa6oKLLG6XZgNWYlZCU
    [123] => NBAftx-225-02
    [124] => tg_NtIayKgqI5dmws2phUaG2sd1trUmnc
    [125] => tg_mFtD7NWQksoGcdkYjyTLyCGBW5LAiU
    [126] => tg_c0mUBBrcogdE5UvZCY2HnsSHyc6ePs
    [127] => gfx-227-02
    [128] => tg_gy9qyNC7VuqyVmyLgXC5CullXPIf65
    [129] => tg_HxU1CoCoVKqPjjfMcKZ0TzcyV77wqY
    [130] => zyj-263-03
    [131] => tg_NIGftm0hA1EjxWm9DKPuA69NSdLiBs
    [132] => tg_cYKbmfe1jYW21pNtqPwQKQlHEFz6HA
    [133] => tg_OU20Xikl0SbparapZGvkebqzKhWQRE
    [134] => tg_V3ZMC6AaWAUIgoEVwUp5VmHPypL3p1
    [135] => tg_vC2YDzjcVUC15FGQBPgLNxYeO7Z5SQ
    [136] => tg_Uzk9TWGhQpn8JMmxrdOv3sknjw9Rpv
    [137] => tg_UIq5v3eBxoWaOieomZ3V2ey4GibbMZ
    [138] => tg_hLpA8rIwW7zOEB6Klxutst11Ge88jZ
    [139] => cbws-283-02
    [140] => tg_oBmWiTVc7xdlfusizfDtn2O2bBjraE
    [141] => tg_z037kSsOTpOe64cmjLjl1nUsQAoDwW
    [142] => tg_ceyjwgtKjdoAWvo2vbmAPUZ25nKLFW
    [143] => tg_rxk5PfhQq0bSCryZmN7GIozF5JXeYS
    [144] => tg_DXLdwJFBbmEClkeZrrzUr7M0x5UknP
    [145] => tg_rZLzNO4FSdY9hoRYNqEFV16bvYXuBb
    [146] => dixy-232-03
    [147] => tg_JXdNpFL3qYrFKCQydFp9kS0Es7uq9p
    [148] => tg_ODoUx9rQG9p7rnBZM2d19F8EQZ5utc
    [149] => tg_VY5fuFU8pF4jMVrZsTPAcRbAbM68ZA
    [150] => tg_ImW7KdcLDbkfZrE1j7R4jVhpShIV9N
    [151] => tg_D3OC96S53NgitjGQM8exL3wMjxkf4X
    [152] => tg_vHJuYyncAfyWx0OBOTNBzBs4VDbYKa
    [153] => tg_5tm9Wg2AXqKDoIwYbz1h5YBQ4FS8P3
    [154] => dfbb-261-03
    [155] => tg_4gxvdgBfeXfU0Mkm1t3kqb6ftdzOMG
    [156] => tg_eGqoU2qlNLtvDYNYfI973jrvfDEN6u
    [157] => tg_x7V0CXex19izghRLpbsKQuQz4iWGFy
    [158] => tg_V4rCcoFzbBkK9PCpIYlOHxsf6WUDQr
    [159] => tg_GXKFwldOWDrQ9XB8plFtCj91dyXAIh
    [160] => tg_ovYJpa0VxDSjfx9vB6F4bOOdyJRpkM
    [161] => tg_zlmQ1MYrs3puVAfAUySNfxp8DprrcN
    [162] => tg_5QH6cQj37W9Aiel0tFJsWqgDtezJLR
    [163] => tg_R1RDVqNHRQXgl4KJSMyZU2Tno2K9bg
    [164] => tg_JYWGy6Lv2jwnMs8SqyRiEdd3aHRvvv
    [166] => tg_MPv6wZlNPr7LOEpHwY19XtQ1kr7Fff
    [167] => tg_pdviUeEztqS8c3nE98GICfvvesETHJ
    [168] => tg_eXfOrB7ZM7cDO2nqwzIwswNwbLhnlJ
    [169] => tg_tWxsqLc2DyZW0xhEjU2AGnkAg8rSzH
    [170] => tg_WxyICK73BRFOH62RcXpAgw7TCRgkLE
    [171] => tg_4Zl6KMY5KHdYhVrnrJaLw47ibP8Ibs
    [172] => tg_HAE4GeBnupqKgTMoKVfdqFSpbGZqdw
    [174] => tg_BzSlq616dainWOMpgxtFCfaqMVWg3j
    [175] => xdzz-228-02
    [176] => tg_Q2b1rjqmySzYHTs1i9OWePb2NaBcGB
    [177] => tg_rmk6gWq0INJZaYZ6tgqFPmq3z5eqNm
    [178] => tg_howgDJMf8H0nC23KdM8cLLhsk330Sj
    [181] => tg_N3n5bMNK8zcr4pfuMwWwZ8rQ1S89xz
    [182] => tg_mcEuJVtSvdAtVUENaRDVMBLSq8APnS
    [183] => tg_DwNO8ixOfJ2rY1XNclifft83mhYTi4
    [184] => tg_9MSv9Id4g4YQ5HqkZSRgzWSsm3hDiU
    [185] => tg_1EINsQaerAIg5QtrK92gm7n6zSfR7D
    [187] => tg_uRPJgNFRkhP1SYEz7vGMLo5cLwr10j
    [188] => tg_JrFLtWsbbdLYlqboVhSzzxoHROQD4k
    [189] => tg_mDkHHPzmPXS39YYhBz8uKjl3CzEfCG
    [190] => tg_Q0OXBqTKUT4gxwLdq8cEyinsbxvWsh
    [191] => tg_uKdkYuLOUZ6dYpKawiPxSlws5C3p2Q
    [192] => tg_AsxPJXxY4WyybvnM7G2sf9DlUpfLcS
    [193] => tg_cpZrEKR0IJ4S1rcmaswi8oADsic8pk
    [194] => tg_B2gRz6KoFotcJwvqLHiYqclhTRZjAI
    [195] => tg_2ARVHpH2uWK1GKxxu0Zg0YChSYsj0O
    [196] => tg_q4hI4MqWZwu7ac1kh5pn4KFdNgeV4y
    [197] => tg_uM73vHb3tX7wOkVYYGRobZCg6rHCVT
    [198] => tg_hT9imoeBBJOa4aoOSH8s9D4nXulXQ3
    [199] => tg_Ylsw4PyijBADuMjBqAvjXxmuH9Wj3F
    [200] => tg_e1XmOfhhxXMfenNMZuYv78znuFefbr
    [202] => tg_YdzBBvglsoXidJdKCmWrG85bql5kG4
    [203] => tg_NKOwsJ0b1FzamrotErpd6jgYsKAN2v
    [204] => gfx-227-03
    [205] => tg_KGrCSe1a4ryaHXKDklFBnaD9pInRXq
    [206] => tg_qsnV07CXxrunsXAD8uJpw8KAtjwRUH
    [208] => tg_quBxwsHLnDcetKwYUeL0ZwGVhOWJvs
    [210] => tg_OfaE1oD9jOkeCrMxFmwZmT29Ew1L5z
    [211] => sbkcq-294-01
    [212] => tg_pbdbbYp6CP7zmUcKsYxbNotXs9ZNFJ
    [213] => dixy-232-02
    [214] => tg_R64SDdeCJshvCUVl9kk1SAY2mVMv40
    [215] => tg_9exPJH0wBZ8HTOnBGIBAUy7Pd5KItg
    [216] => tg_hjdu6ORJM7OG8QrXFIcC2xcYVRv9Dr
    [217] => cbws-283-03
    [218] => null
    [219] => sdyxc3D-243-03
    [220] => tg_prw2gIFGyrnJH79P6pDgYGJjanWPHY
    [221] => tg_ExtRRmq70LZ5cPOsbOSWEzt7KRjR70
    [222] => tg_yguQaDrCX4sRHyusZCmoIu2wxKyPTv
    [224] => dcfy-250-04
    [225] => tg_caJsC7EfMOzEbr9mIg1Oi8xmFBpxw6
    [226] => tg_nNPe0vpMC4ZxmitWGiEHW0gWHDpRcF
    [227] => tg_1t8ZHkzHsOjjfBQdO8Sp6xQb4Jqv5N
    [228] => tg_IkrlXzTXRIz8Ff1EmFcvknDMveHyZy
    [229] => tg_9DneKn1CDJFWOGcDYBJNlApta8VGdl
    [231] => iszz-258-04
    [232] => tg_3GSSy8PYKoFrup8G30jsux8ihQxkGc
    [233] => tg_ztpR2HKML8hJFjprho1zfbkV0imFp4
    [235] => tg_E0E2nta7J3vcP1BXFdQhyTIYyLZcTh
    [236] => tg_tqrdOEQGez8JLhsu6eKlKfqBQ95Nv9
    [237] => tg_WObUg0waseMQMRqjvOnCzrgFmhUPVo
    [238] => tg_77gFvmZyqqb5ZTA3643TFpwCYz8Jas
    [239] => tg_HlAnvCbNuM4o6gu4lj9ouY9mA4dxfQ
    [240] => tg_KSrTmGgyDYV81i5ltvne0CVaiHhXRQ
    [241] => iszz-258-02
    [242] => tg_CWHe7Hrfhl6JXuwTQhogiVXlCxO6f0
    [243] => tg_gGqT8bYbaxpqLD1XpnsxYSJ3XLlWdc
    [244] => fzj-291-01
    [245] => tg_iu56kFIsU8Go2yDBRIhyBqxV8YTaqb
    [246] => tg_aFWrMTmCWEE0kaQmPHz5pWXf54vm83
    [248] => tg_R8HYrK50f168ti9sOsZtaiQD2co59J
    [249] => xyj-241-02
    [250] => ly-266-03
    [251] => 
    [252] => tg_O9cgE2tLlaIUujkhXbTlcktVd9yvRi
    [253] => tg_Tz78wapH5HOWKkA6nychOiftbexKey
    [254] => smsjOL-247-04
    [255] => tg_gxMXCdvJJOAMmzsoXJMMaU34TPUY3s
    [256] => tg_C279T8XrdTVBzfahN2pau9nO3JhRif
    [257] => wd-265-04
    [258] => yxzxAPP-422-01
    [259] => tg_Ol1QFxsnwmPTIifUX1pY0CFdr9g2cW
    [261] => tg_Zoks2ueLqNQh9bkP9F8nWgWxgVN4a3
    [262] => tg_URI8scPvK1DEfi44VUKTLVqP96eBcm
    [264] => tg_IB6hnKY9LuosneMkON6vp3eobulWK3
    [265] => tg_MgtczvSC2Y8RhwzpkFMfLrp6BnzFJA
    [267] => tg_xBuL3S9TdcaQpVCpOs55vAmiUv8Ix9
    [268] => tg_mGHUeBsI32LYmovto5wB74q45NSYQy
    [269] => tg_G7iLAMkERZ5ZZ4eotZjjQMghR4aFpd
    [270] => tg_NO44EDPcEL3s66lwa9yRtCs9aY1gjc
    [271] => tg_hgxfsHaP3Nl6ta14BIeWsy7lPXS8e2
    [273] => tg_6vi6nfVunqSTdJKQ729D5wPqwD65uc
    [274] => iszz-258-03
    [275] => tg_a3MwwHqtFVIIu2wAcJtxFP9Qq6YXdU
    [278] => qqics-242-03
    [279] => tg_XFjHfg1mv3pPvJKCJ0JShkY18TdXxi
    [280] => dixy-232-01
    [281] => iszz-258-11
    [285] => tg_JJZYD6SJy3SJ6c0AKRp1GmB5UqZ2jg
    [287] => tg_luMOlzXMsvqQNqaAuBhkolxOxGtjmA
    [288] => tg_kvTh1eV254JKcMoQPmaF50ZSF2YI8r
    [289] => tg_1UrNa6pMG9ilFEbZCPTKAY22s7V5Cz
    [290] => tg_Wn11xsfYxoYQKmXznDz7ic5H2PaJth
    [291] => iszz-258-10
    [293] => tg_lfUx09OXmzxWGLxjyNqiYhji1J6o3S
    [296] => tg_KMpuyo1EOdaG6l4RIJxknESqe8i1do
    [298] => tg_euSiCujjVYyRZq2bhlsayXa9gchpUb
    [299] => tg_iTu7R5kBoS3ZwvVAV0dsCpeGvSwNDW
    [300] => ijilz-249-03
    [301] => tg_FVED9w8UsxvyBAd0XI1SJDloFLdtQm
    [303] => tg_zIE36IpaEbThVLZgMNej31QQ7USmDL
    [304] => tg_wdPlPXqIiLNs9uy7Ml0oOQKl3eamzQ
    [305] => tg_ZZgcgW1UXMwmQ7XrtNJNYgILCHkhvx
    [306] => tg_o028lSVS26po0ZFjgGHlegKtggqz9S
    [307] => tg_5OfKZXixp7CjR7XPU0W90lqqqTFk5J
    [308] => tg_q5tpNQkvjppy8orNkmvHjKeZoFDicc
    [309] => tg_iNBVgkrz7R1IOCXEEJfkIlPzdSGnyI
    [310] => tg_bemh9vIE1yhl2WLX8PC3K4kt6T56sl
    [311] => tg_YP3WF3TI3Mr7oCBqG4P1cEzXc7s0uA
    [312] => tg_rerMGmdYU9Jyeq8z0UUtJkITxPIPi2
    [315] => iszz-258-09
    [316] => tg_5OSuPn9oHty6tDThXGVcWSFPKws79c
    [318] => tg_Spjn27BpHac5Q481Rr5zp1q1m3soZ2
    [321] => tg_QZZFggp5dA4nZym1yeDjbwGvJrDxrz
    [323] => wd-265-02
    [324] => tg_pVLKwuqunHstVkThsuG9m9ZSFNKY4Z
    [325] => tg_ukKVlFDkkWIyijtZbh7wQ9szez1vK1
    [326] => tg_cC1AuzijXxk0DTe0f4TIeLb1sGp1Ut
    [327] => tg_xX5O7gsz5V7ioS8CXkxejkdaaSilqn
    [328] => tg_AXIXnbBwMpJMQDEe2VSEWJmTX2afnP
    [329] => dfi2-252-03
    [332] => tg_xynK92e6Ss0NWnCvL8CCENHHEqAka4
    [337] => tg_9v3y1tH8IID2ObAOh7tIrIqGPUL5li
    [339] => tg_vfaj7fCIWHRW8AF6lOhWStml7M07BG
    [340] => tg_oAoVUwkuOeyVVQ05jZL3XRH3CJPrbR
    [342] => tg_a90RnFEOwkBcXh7tN9qQpXdm0EkE71
    [349] => tg_Gl4B6QurIAtwce1L8X9Drz0yYnpQAo
    [350] => tg_Ybl9xENxHsfVBPK7IBZikgc9icV0p0
    [352] => tg_isZoXNhPlO746tHMSp9H4QBHsPxXNI
)

有效渠道个数：287
有效渠道array：
Array
(
    [0] => 7029
    [1] => 7028
    [2] => 7026
    [3] => 6991
    [4] => 6971
    [5] => 6879
    [6] => 6874
    [7] => 6865
    [8] => 6864
    [9] => 6860
    [10] => 6859
    [11] => 6856
    [12] => 6853
    [13] => 6852
    [14] => 6851
    [15] => 6850
    [16] => 6847
    [17] => 6846
    [18] => 6845
    [19] => 6841
    [20] => 6838
    [21] => 6468
    [22] => 6435
    [23] => 6426
    [24] => 6421
    [25] => 5750
    [26] => 5728
    [27] => 5727
    [28] => 5717
    [29] => 4637
    [30] => 4575
    [31] => 4097
    [32] => 4094
    [33] => 2841
    [34] => 2749
    [35] => 2547
    [36] => 2505
    [37] => 2446
    [38] => 2437
    [39] => 2407
    [40] => 2395
    [41] => 2394
    [42] => 2393
    [43] => 2391
    [44] => 2388
    [45] => 2386
    [46] => 2385
    [47] => 2383
    [48] => 2382
    [49] => 2381
    [50] => 2377
    [51] => 2373
    [52] => 2283
    [53] => 2280
    [54] => 2274
    [55] => 2273
    [56] => 2271
    [57] => 2270
    [58] => 2269
    [59] => 2268
    [60] => 2267
    [61] => 2266
    [62] => 2264
    [63] => 2263
    [64] => 2262
    [65] => 2260
    [66] => 2259
    [67] => 2258
    [68] => 2256
    [69] => 2255
    [70] => 2254
    [71] => 2231
    [72] => 2221
    [73] => 2218
    [74] => 2215
    [75] => 2210
    [76] => 2209
    [77] => 2099
    [78] => 2090
    [79] => 2073
    [80] => 2060
    [81] => 2055
    [82] => 2045
    [83] => 1896
    [84] => 1884
    [85] => 1877
    [86] => 1875
    [87] => 1872
    [88] => 1870
    [89] => 1867
    [90] => 1859
    [91] => 1857
    [92] => 1856
    [93] => 1854
    [94] => 1837
    [95] => 1825
    [96] => 1824
    [97] => 1823
    [98] => 1821
    [99] => 1814
    [100] => 1811
    [101] => 1809
    [102] => 1803
    [103] => 1801
    [104] => 1800
    [105] => 1650
    [106] => 1647
    [107] => 1645
    [108] => 1638
    [109] => 1637
    [110] => 1631
    [111] => 1630
    [112] => 1629
    [113] => 1621
    [114] => 1618
    [115] => 1617
    [116] => 1604
    [117] => 1601
    [118] => 1597
    [119] => 1595
    [120] => 1559
    [121] => 1557
    [122] => 1555
    [123] => 1553
    [124] => 1531
    [125] => 1526
    [126] => 1524
    [127] => 1519
    [128] => 1491
    [129] => 1488
    [130] => 1481
    [131] => 1480
    [132] => 1476
    [133] => 1475
    [134] => 1473
    [135] => 1464
    [136] => 1461
    [137] => 1457
    [138] => 1452
    [139] => 1436
    [140] => 1431
    [141] => 1428
    [142] => 1419
    [143] => 1417
    [144] => 1393
    [145] => 1392
    [146] => 1389
    [147] => 1380
    [148] => 1346
    [149] => 1344
    [150] => 1343
    [151] => 1337
    [152] => 1335
    [153] => 1324
    [154] => 1306
    [155] => 1305
    [156] => 1304
    [157] => 1139
    [158] => 1134
    [159] => 1123
    [160] => 1120
    [161] => 1115
    [162] => 1110
    [163] => 1101
    [164] => 1077
    [165] => 1056
    [166] => 1012
    [167] => 1009
    [168] => 999
    [169] => 998
    [170] => 995
    [171] => 994
    [172] => 971
    [173] => 946
    [174] => 944
    [175] => 942
    [176] => 927
    [177] => 915
    [178] => 913
    [179] => 910
    [180] => 881
    [181] => 876
    [182] => 873
    [183] => 872
    [184] => 871
    [185] => 867
    [186] => 866
    [187] => 860
    [188] => 857
    [189] => 855
    [190] => 851
    [191] => 850
    [192] => 843
    [193] => 836
    [194] => 825
    [195] => 823
    [196] => 805
    [197] => 800
    [198] => 799
    [199] => 798
    [200] => 785
    [201] => 775
    [202] => 758
    [203] => 753
    [204] => 751
    [205] => 728
    [206] => 727
    [207] => 724
    [208] => 717
    [209] => 697
    [210] => 696
    [211] => 694
    [212] => 689
    [213] => 686
    [214] => 685
    [215] => 683
    [216] => 680
    [217] => 677
    [218] => 658
    [219] => 656
    [220] => 654
    [221] => 616
    [222] => 593
    [223] => 589
    [224] => 588
    [225] => 587
    [226] => 581
    [227] => 579
    [228] => 572
    [229] => 563
    [230] => 562
    [231] => 536
    [232] => 535
    [233] => 533
    [234] => 528
    [235] => 527
    [236] => 526
    [237] => 478
    [238] => 477
    [239] => 476
    [240] => 464
    [241] => 462
    [242] => 460
    [243] => 456
    [244] => 453
    [245] => 441
    [246] => 439
    [247] => 430
    [248] => 429
    [249] => 421
    [250] => 416
    [251] => 412
    [252] => 409
    [253] => 407
    [254] => 405
    [255] => 404
    [256] => 403
    [257] => 399
    [258] => 396
    [259] => 392
    [260] => 389
    [261] => 386
    [262] => 384
    [263] => 381
    [264] => 380
    [265] => 377
    [266] => 374
    [267] => 373
    [268] => 371
    [269] => 370
    [270] => 369
    [271] => 368
    [272] => 324
    [273] => 311
    [274] => 309
    [275] => 300
    [276] => 297
    [277] => 296
    [278] => 295
    [279] => 293
    [280] => 273
    [281] => 262
    [282] => 223
    [283] => 167
    [284] => 151
    [285] => 141
    [286] => 14
)

