2016-10-11 00:13:28
统计当天：2016-10-10
渠道个数（即dailyaccount的个数）：6044
渠道sql：
select * from yx_tg_source S left join yx_tg_game G on S.gameid = G.gameid where S.activeflag = 1 and G.activeflag = 1 and G.isonstack = 0  and S.createtime<='2016-10-10 23:59:59' order by S.id desc
活跃渠道个数：289
活跃渠道array：
Array
(
    [0] => tg_g7ZxSv4gz7VPwWmtBN4Rua0RkQd3SI
    [1] => COK-223-01
    [2] => fzj-291-01
    [3] => tg_pdviUeEztqS8c3nE98GICfvvesETHJ
    [4] => tg_xynK92e6Ss0NWnCvL8CCENHHEqAka4
    [5] => wd-265-03
    [6] => tg_sN4DNq0d4Vg5WHZg9OWPsd4bjkM0hL
    [7] => tg_mNXK59R18xrYtoBaxWNwkKYPBuKXQp
    [8] => tg_dE40iVMPYicK6apZag3A7mu7y50uQ9
    [9] => tg_JE7555URTg8PnW3kg27YKTPGG7ZcbP
    [10] => ly-266-01
    [11] => tg_iCdPvpx09yXS6AqVoH99GaBcG8K6Bx
    [12] => smsjOL-247-04
    [13] => jymf-237-01
    [14] => tg_T0Ed5mmvuRdVzcxLWCLs9R6BGf0EaP
    [15] => tg_Ns2ruyRNGIFOc1V1cNXZTgYNXxKEzX
    [16] => tg_It3ZrGnxHnT527Li1JsFPEbAXHFsnx
    [17] => tg_AsxPJXxY4WyybvnM7G2sf9DlUpfLcS
    [18] => tg_ICEcjc9rCPIBR46UAcqeZksnO8Wi9M
    [19] => lqsc-353-01
    [20] => tg_IHodxJNKrfS0xxajkR6tAtkpohQvUu
    [21] => tg_YSA05Nah8JewKgqX9nr7Acwb2aBxyl
    [22] => tg_IB6hnKY9LuosneMkON6vp3eobulWK3
    [23] => tg_pVLKwuqunHstVkThsuG9m9ZSFNKY4Z
    [24] => tg_wdPlPXqIiLNs9uy7Ml0oOQKl3eamzQ
    [25] => tg_sM3nfqDJy3Vy5aPurriOPCdX9iEJma
    [26] => tg_VZuGbtPK119VaeXIfeAFPpCwPVuF4q
    [27] => NBAftx-225-02
    [28] => tg_2NsHXZzeADPI3sOdsGvb5UWmUgvIq3
    [29] => tg_Zs0k3Wft4sZSUPLhqKbS72Fumhrxnx
    [30] => COK-223-02
    [31] => tg_WCkCTf0pTrn8wT5Vga2ak2u2b6U4jG
    [32] => tg_1wDDLzkjbW3Pb8jzRrA01incmPqYhQ
    [33] => iszz-258-09
    [34] => xdzz-228-03
    [35] => tg_OelNZbsZicvSlFyKZY006o7gBOtSKO
    [36] => tg_a5q2q9GN2xABq86jM9pwiS8iyBJVfW
    [37] => tg_5OfKZXixp7CjR7XPU0W90lqqqTFk5J
    [38] => tg_jCHJyMptnrEeCRtLvWCna1UgFDOg12
    [39] => tg_DSCeq49dAY1NXszMuPT6YSvlibLEV5
    [40] => tg_5OSuPn9oHty6tDThXGVcWSFPKws79c
    [41] => tg_o028lSVS26po0ZFjgGHlegKtggqz9S
    [42] => tg_MwmQeDM6z2hcH7FkvAQSikHdIAwg1t
    [43] => tg_Trn7YSQVVtNZzq3Fw768fo98JN0n65
    [44] => tg_lH8i7vtt5Vyi4nU4poSm8Iv68PqS5A
    [45] => tg_isZoXNhPlO746tHMSp9H4QBHsPxXNI
    [46] => tg_Zoks2ueLqNQh9bkP9F8nWgWxgVN4a3
    [47] => tg_JZ9J3vGNs6fiYDpid1fLVXAcdmnJGC
    [48] => sszj-260-03
    [49] => tg_hfQFP1T5unIBwVwmYZ84lmbLUk6Hql
    [50] => tg_9wMQEwx1XSgzc6p1L1icWOicF6gRTs
    [51] => tg_NgwIwYVjAzXZn1QBJC68rQwtm8qAnv
    [52] => tg_XsxYkTvYKaFEZLomJmAIGTxKh6t473
    [53] => xdzz-228-01
    [54] => tg_DRkQoc4JCBwlfXGBZt3S7Xe7qKbHuX
    [55] => tg_mrIHzdJ5a7cXVH9W4aDyn8BcY3sEWL
    [56] => tg_KPu4Nors1HZxKWZihYMPeXmb4uu43N
    [57] => tg_luMOlzXMsvqQNqaAuBhkolxOxGtjmA
    [58] => xyj-241-12
    [59] => cfzjbsn-245-05
    [60] => tg_6vi6nfVunqSTdJKQ729D5wPqwD65uc
    [61] => tg_jlkC6X8s1QpUpkaUOzJ2fGYI7vjo37
    [62] => tg_CfiAkPLcWCKERyb9IHu6Ecf4fqCN0e
    [63] => xyj-241-17
    [64] => qqics-242-02
    [65] => tg_2WbWHagMS2SOb5xOSfVRLGlIn1S33u
    [66] => tg_v7Jb3BIDODCQ1VtgtfAmw7kXJEEPfK
    [67] => tg_DLgDR06dmMa0a6U2hBofa0ahtn29UH
    [68] => tg_GMTqei4u3HsEi273emHLsPpYI3B6DW
    [69] => tg_Uzk9TWGhQpn8JMmxrdOv3sknjw9Rpv
    [70] => tg_n3qXUbsViYy6M8zO55x3jxvAMHZa2W
    [71] => byxxc-238-03
    [72] => tg_eKgpglHNQWuU8NNeLUHKwpPPblhbJx
    [73] => tg_nIqDlZQ0dQMiGOudQVBgJ8vMzvy4ST
    [74] => tg_u1US2O9i4Z0zNFhwCpRHFpjjJ2Ti4w
    [75] => tg_uM73vHb3tX7wOkVYYGRobZCg6rHCVT
    [76] => tg_2N0xHDMuHNoT51QtNa4w5UvW579Hq3
    [77] => tg_ohkBpsfUYhZVj9odMIMj6RRXHQuf7y
    [78] => tg_bKnybL4otl2MtKbxCtLLDw8xA056HA
    [79] => tg_GRfNDZqBJr6NfIEUwCME6aHh3ekzpu
    [80] => tg_ovYJpa0VxDSjfx9vB6F4bOOdyJRpkM
    [81] => tg_lv369aN0qVNdyxeLNsOZUv42Khkq9c
    [82] => lwzr-239-03
    [83] => tg_fGavmBEmEeJaNl84wbOJXtzYoz3ImT
    [84] => tg_N3n5bMNK8zcr4pfuMwWwZ8rQ1S89xz
    [85] => tg_L4b9y9jkPeClOLmOuVH9PTWnXv2R2K
    [86] => tg_jVaInI6nlTytxENBtvj0QGDG4ROnQZ
    [87] => tg_JrFLtWsbbdLYlqboVhSzzxoHROQD4k
    [88] => tg_2i8s3OS0ZCcjztr3Km52a16vESsvis
    [89] => tg_Ok1V5icI9vmONx23EKbYHVP56i1pYd
    [90] => tg_HxU1CoCoVKqPjjfMcKZ0TzcyV77wqY
    [91] => tg_caJsC7EfMOzEbr9mIg1Oi8xmFBpxw6
    [92] => tg_tqrdOEQGez8JLhsu6eKlKfqBQ95Nv9
    [94] => tg_IG3MtJ7JOXqsan5jjyzdOs1dngskIJ
    [95] => iszz-258-11
    [96] => tg_oRr8aA1QCzsoU5qSPqYmMCuQ9sNmcg
    [97] => tg_4xaqzJIbeZOX10X6NI4jgUD3d7kYwn
    [98] => tg_USQULvLd7jEwvAnEXP6ogWMPmBcWXF
    [99] => tg_howgDJMf8H0nC23KdM8cLLhsk330Sj
    [100] => zgzt-213-01
    [101] => tg_vHJuYyncAfyWx0OBOTNBzBs4VDbYKa
    [102] => tg_H2pXLcysG7IN93ZLTzKsc9knRvi4P3
    [103] => ycyzj-428-01
    [104] => yxzxAPP-422-01
    [105] => tg_73mHAOuM3KdQa6oKLLG6XZgNWYlZCU
    [106] => tg_ukKVlFDkkWIyijtZbh7wQ9szez1vK1
    [107] => tg_OD7FcltYU9ZyDt7rn6beaylFAAVT5D
    [108] => gfx-227-02
    [109] => tg_LZVNb8oMP1vPlllm0EKGZKP5Fr09kS
    [110] => tg_V3ZMC6AaWAUIgoEVwUp5VmHPypL3p1
    [111] => tg_B8hIhBmFN4X3ijAaXtsTwvigoF1oKO
    [112] => tg_LPiY9ekEdtZqLLuukBC3fKOMYpbNWo
    [113] => dcfy-250-02
    [114] => tg_vRYp2eQQGer5lK072YLwLivcFbf2xf
    [115] => tqjjd-426-01
    [116] => tg_oBmWiTVc7xdlfusizfDtn2O2bBjraE
    [117] => dwsj-435-01
    [118] => tg_oGuXovKoRUbLPmHuvs3UuIE9aeMS2u
    [119] => tg_FpXDuybKIJPNh59t6JyrliJWL2RGd1
    [120] => tg_Ri2NPtmmh1FsYTXg1bpBcSfD0VdpP7
    [122] => tg_2ARVHpH2uWK1GKxxu0Zg0YChSYsj0O
    [124] => tg_dRIioV9G6DWsK3kw1lF7jFXUNDZEbE
    [125] => tg_G9yTAxWgs6kbikFA8mybpflSOxGHtl
    [127] => tg_tWxsqLc2DyZW0xhEjU2AGnkAg8rSzH
    [129] => null
    [130] => dfbb-261-03
    [131] => tg_eNCWE4IqbTr4L3rXk6kxGeYdF0sdgw
    [132] => tg_vCsJpv46Zy29l982dIplz8UWDvylOA
    [133] => tg_jejMxEyTgyxOGvlI2GYJusOt3QDOGb
    [134] => 
    [135] => xyj-241-02
    [136] => tg_VD9fabmjMTqKUo3zGp3UHnyM0FohMB
    [137] => tg_x7V0CXex19izghRLpbsKQuQz4iWGFy
    [138] => tg_hT9imoeBBJOa4aoOSH8s9D4nXulXQ3
    [139] => tg_NIGftm0hA1EjxWm9DKPuA69NSdLiBs
    [140] => tg_BzSlq616dainWOMpgxtFCfaqMVWg3j
    [141] => tg_Qo1fvJS7zsXzyA2IXbpN0O63IkFczD
    [143] => gfx-227-03
    [144] => tg_JYWGy6Lv2jwnMs8SqyRiEdd3aHRvvv
    [145] => xyj-241-03
    [146] => tg_oAoVUwkuOeyVVQ05jZL3XRH3CJPrbR
    [147] => tg_mFtD7NWQksoGcdkYjyTLyCGBW5LAiU
    [148] => dixy-232-03
    [149] => tg_4gxvdgBfeXfU0Mkm1t3kqb6ftdzOMG
    [150] => tg_HAE4GeBnupqKgTMoKVfdqFSpbGZqdw
    [151] => tg_GXKFwldOWDrQ9XB8plFtCj91dyXAIh
    [152] => tg_hgxfsHaP3Nl6ta14BIeWsy7lPXS8e2
    [153] => tg_KGrCSe1a4ryaHXKDklFBnaD9pInRXq
    [154] => tg_ODoUx9rQG9p7rnBZM2d19F8EQZ5utc
    [155] => tg_rZLzNO4FSdY9hoRYNqEFV16bvYXuBb
    [156] => zyj-263-03
    [157] => cbws-283-02
    [158] => tg_5tm9Wg2AXqKDoIwYbz1h5YBQ4FS8P3
    [159] => tg_NCP73iALs0HQvWtKPZzGiEA3HSBsAa
    [160] => tg_MPv6wZlNPr7LOEpHwY19XtQ1kr7Fff
    [161] => tg_4Zl6KMY5KHdYhVrnrJaLw47ibP8Ibs
    [162] => tg_SWqbqvLqDQyYjsG9jBBHZo8bF5l6yj
    [163] => tg_5QH6cQj37W9Aiel0tFJsWqgDtezJLR
    [164] => tg_Toa60zPU0WqYqU8ASqUxrPXcR7OOGo
    [165] => sdyxc3D-243-03
    [166] => tg_c0mUBBrcogdE5UvZCY2HnsSHyc6ePs
    [167] => tg_spVeL0duhA4o33C3XVLMLcJeGzpLLx
    [169] => tg_ImW7KdcLDbkfZrE1j7R4jVhpShIV9N
    [170] => iszz-258-04
    [171] => tg_9v3y1tH8IID2ObAOh7tIrIqGPUL5li
    [173] => tg_V4rCcoFzbBkK9PCpIYlOHxsf6WUDQr
    [174] => xyj-241-04
    [175] => tg_iqfTzQ8SlRMYUsxMhhHnvScsJrc5by
    [176] => tg_Q2b1rjqmySzYHTs1i9OWePb2NaBcGB
    [177] => tg_W2pysd1dY4bhFAxFDmSbPJAAXMZAJP
    [178] => cbws-283-03
    [179] => tg_e1XmOfhhxXMfenNMZuYv78znuFefbr
    [180] => tg_1EINsQaerAIg5QtrK92gm7n6zSfR7D
    [181] => wd-265-02
    [182] => tg_D3OC96S53NgitjGQM8exL3wMjxkf4X
    [183] => sji2-257-03
    [184] => tg_WxyICK73BRFOH62RcXpAgw7TCRgkLE
    [185] => tg_qsnV07CXxrunsXAD8uJpw8KAtjwRUH
    [186] => tg_JXdNpFL3qYrFKCQydFp9kS0Es7uq9p
    [187] => tg_DwNO8ixOfJ2rY1XNclifft83mhYTi4
    [188] => tg_xX5O7gsz5V7ioS8CXkxejkdaaSilqn
    [190] => tg_HlAnvCbNuM4o6gu4lj9ouY9mA4dxfQ
    [191] => tg_9MSv9Id4g4YQ5HqkZSRgzWSsm3hDiU
    [192] => tg_OfaE1oD9jOkeCrMxFmwZmT29Ew1L5z
    [193] => tg_mcEuJVtSvdAtVUENaRDVMBLSq8APnS
    [194] => tg_1UrNa6pMG9ilFEbZCPTKAY22s7V5Cz
    [195] => tg_hGFVwlehGMFc5AVTI0APT2AXvSQeGu
    [197] => tg_NKOwsJ0b1FzamrotErpd6jgYsKAN2v
    [198] => tg_WObUg0waseMQMRqjvOnCzrgFmhUPVo
    [200] => tg_Q0OXBqTKUT4gxwLdq8cEyinsbxvWsh
    [201] => tg_E0E2nta7J3vcP1BXFdQhyTIYyLZcTh
    [202] => tg_v2aSduKnJJ5NKXAAkCTPEOYo7JnS94
    [203] => tg_aFWrMTmCWEE0kaQmPHz5pWXf54vm83
    [204] => zyj-263-04
    [205] => tg_v7cDnrslnzqxIArJ4erBCApkpQRJeE
    [206] => tg_Gl4B6QurIAtwce1L8X9Drz0yYnpQAo
    [207] => tg_MgtczvSC2Y8RhwzpkFMfLrp6BnzFJA
    [208] => tg_NvXJf5QR5tjRwPjhRNfgiEKYRFgx4r
    [209] => tg_CWHe7Hrfhl6JXuwTQhogiVXlCxO6f0
    [210] => tg_rRyHzAFMUdV7axvQjFOLFWcimW2ISs
    [211] => tg_QNIdVsHmq2UJ0KNrgyokjQkFMiWOhX
    [214] => tg_rmk6gWq0INJZaYZ6tgqFPmq3z5eqNm
    [215] => tg_Ylsw4PyijBADuMjBqAvjXxmuH9Wj3F
    [216] => dixy-232-01
    [217] => tg_a3MwwHqtFVIIu2wAcJtxFP9Qq6YXdU
    [218] => tg_ztpR2HKML8hJFjprho1zfbkV0imFp4
    [220] => tg_hjdu6ORJM7OG8QrXFIcC2xcYVRv9Dr
    [221] => ly-266-03
    [222] => tg_C279T8XrdTVBzfahN2pau9nO3JhRif
    [224] => tg_R1RDVqNHRQXgl4KJSMyZU2Tno2K9bg
    [225] => tg_5JtYTW0a9p9j1vHgT86rMlanbYoJSt
    [226] => tg_zlmQ1MYrs3puVAfAUySNfxp8DprrcN
    [227] => tg_KSrTmGgyDYV81i5ltvne0CVaiHhXRQ
    [229] => tg_Wn11xsfYxoYQKmXznDz7ic5H2PaJth
    [230] => tg_Yu783LP9jjPQKkQ4gZ37LJqiGsa8F2
    [231] => tg_q4hI4MqWZwu7ac1kh5pn4KFdNgeV4y
    [233] => tg_uRPJgNFRkhP1SYEz7vGMLo5cLwr10j
    [234] => tg_XFjHfg1mv3pPvJKCJ0JShkY18TdXxi
    [235] => tg_q5tpNQkvjppy8orNkmvHjKeZoFDicc
    [236] => tg_1t8ZHkzHsOjjfBQdO8Sp6xQb4Jqv5N
    [237] => iszz-258-10
    [239] => tg_z037kSsOTpOe64cmjLjl1nUsQAoDwW
    [240] => tg_Gejy6CaJU0EYR82x85J7TjKGPjSSZY
    [241] => tg_DXLdwJFBbmEClkeZrrzUr7M0x5UknP
    [242] => tg_B2gRz6KoFotcJwvqLHiYqclhTRZjAI
    [243] => tg_VY5fuFU8pF4jMVrZsTPAcRbAbM68ZA
    [244] => tg_Hllcezo5vcG6IuqIwwwGQ0oYw0mGPL
    [245] => tg_prw2gIFGyrnJH79P6pDgYGJjanWPHY
    [247] => tg_Ol1QFxsnwmPTIifUX1pY0CFdr9g2cW
    [248] => tg_PXQG1MoeGb9uQy94DtZg3mBtr0ErUI
    [249] => tg_YdzBBvglsoXidJdKCmWrG85bql5kG4
    [250] => tg_ExtRRmq70LZ5cPOsbOSWEzt7KRjR70
    [251] => tg_euSiCujjVYyRZq2bhlsayXa9gchpUb
    [252] => iszz-258-03
    [253] => tg_9svDGMMYJz3JrJlA5yZkJ0dVtaUb4m
    [254] => tg_foInmUBJTEST2FsjE393noaqCL4YDz
    [256] => tg_R8HYrK50f168ti9sOsZtaiQD2co59J
    [257] => tg_vC2YDzjcVUC15FGQBPgLNxYeO7Z5SQ
    [258] => tg_JlRqvBfsks2ni5ghWQqYA730uapFrC
    [259] => tg_PEbTLGzNvnESyOdTgKbhjxMrpp6Pv1
    [261] => jymf-237-03
    [262] => tg_NO44EDPcEL3s66lwa9yRtCs9aY1gjc
    [263] => tg_QOaluxlrDrdfHirks7boYovXT5VzvN
    [264] => tg_gxMXCdvJJOAMmzsoXJMMaU34TPUY3s
    [266] => tg_AXIXnbBwMpJMQDEe2VSEWJmTX2afnP
    [267] => tg_quBxwsHLnDcetKwYUeL0ZwGVhOWJvs
    [269] => tg_U7dQFVw0JZmpH11lmYHLR5qIsPJy3K
    [270] => iziy-262-03
    [271] => tg_eXfOrB7ZM7cDO2nqwzIwswNwbLhnlJ
    [272] => tg_9L7imM0iNMHDvx030tEttb2gY6yAvf
    [273] => tg_OU20Xikl0SbparapZGvkebqzKhWQRE
    [274] => tg_JJZYD6SJy3SJ6c0AKRp1GmB5UqZ2jg
    [275] => tg_lfUx09OXmzxWGLxjyNqiYhji1J6o3S
    [276] => ijilz-249-03
    [279] => dixy-232-02
    [280] => tg_nNPe0vpMC4ZxmitWGiEHW0gWHDpRcF
    [282] => tg_yguQaDrCX4sRHyusZCmoIu2wxKyPTv
    [284] => tg_3H9a1haRWXASZzcsseDOLdFDuXWGy9
    [285] => tg_cpZrEKR0IJ4S1rcmaswi8oADsic8pk
    [286] => tg_bemh9vIE1yhl2WLX8PC3K4kt6T56sl
    [287] => tg_KMpuyo1EOdaG6l4RIJxknESqe8i1do
    [288] => iszz-258-02
    [290] => tg_YP3WF3TI3Mr7oCBqG4P1cEzXc7s0uA
    [292] => tg_9exPJH0wBZ8HTOnBGIBAUy7Pd5KItg
    [293] => tg_uYQsNlH1kqwKDEH4xABqHPfGQdgA9v
    [296] => tg_au4IVxZIqUPkIsk9WHXh5V7naKiSIK
    [297] => tg_Spjn27BpHac5Q481Rr5zp1q1m3soZ2
    [299] => xdzz-228-02
    [300] => tg_3GSSy8PYKoFrup8G30jsux8ihQxkGc
    [302] => tg_QZZFggp5dA4nZym1yeDjbwGvJrDxrz
    [303] => tg_Uuu7DKIS1H6x1tYmIF3QwX7uhrg7pM
    [305] => tg_Sewxs3XtPGOLYiORI5Pkg7odXeAKXN
    [307] => tg_ZZgcgW1UXMwmQ7XrtNJNYgILCHkhvx
    [310] => dfi2-252-02
    [311] => tg_Ybl9xENxHsfVBPK7IBZikgc9icV0p0
    [313] => tg_vfaj7fCIWHRW8AF6lOhWStml7M07BG
    [315] => tg_iTu7R5kBoS3ZwvVAV0dsCpeGvSwNDW
    [317] => tg_gGqT8bYbaxpqLD1XpnsxYSJ3XLlWdc
    [318] => tg_G7iLAMkERZ5ZZ4eotZjjQMghR4aFpd
    [320] => dfi2-252-03
    [322] => tg_xyZ3j9g1TEE5oRQ8jtjOvWp93RoO1U
    [323] => qqics-242-03
    [325] => tg_IkrlXzTXRIz8Ff1EmFcvknDMveHyZy
    [326] => tg_iNBVgkrz7R1IOCXEEJfkIlPzdSGnyI
    [327] => tg_R5o8QShUV1GO4zyUU3UWozKOn12GdV
    [330] => sbkcq-294-01
    [331] => tg_zjUY3zgmqTzHY6gaBbz0V5axvkeADq
    [333] => tg_1nGplhQDLUI1MZSEUXMNUL84CHOPpX
    [337] => tg_rerMGmdYU9Jyeq8z0UUtJkITxPIPi2
)

有效渠道个数：269
有效渠道array：
Array
(
    [0] => 6839
    [1] => 6468
    [2] => 6435
    [3] => 6427
    [4] => 6426
    [5] => 6424
    [6] => 6421
    [7] => 6253
    [8] => 6251
    [9] => 5880
    [10] => 5728
    [11] => 5727
    [12] => 4637
    [13] => 4575
    [14] => 4097
    [15] => 4094
    [16] => 2749
    [17] => 2547
    [18] => 2505
    [19] => 2446
    [20] => 2437
    [21] => 2434
    [22] => 2407
    [23] => 2402
    [24] => 2394
    [25] => 2393
    [26] => 2391
    [27] => 2388
    [28] => 2387
    [29] => 2386
    [30] => 2385
    [31] => 2383
    [32] => 2382
    [33] => 2381
    [34] => 2377
    [35] => 2283
    [36] => 2280
    [37] => 2274
    [38] => 2273
    [39] => 2271
    [40] => 2270
    [41] => 2269
    [42] => 2268
    [43] => 2267
    [44] => 2266
    [45] => 2265
    [46] => 2264
    [47] => 2263
    [48] => 2262
    [49] => 2260
    [50] => 2259
    [51] => 2258
    [52] => 2256
    [53] => 2255
    [54] => 2254
    [55] => 2231
    [56] => 2230
    [57] => 2226
    [58] => 2221
    [59] => 2220
    [60] => 2218
    [61] => 2215
    [62] => 2099
    [63] => 2090
    [64] => 2073
    [65] => 2055
    [66] => 2045
    [67] => 1896
    [68] => 1884
    [69] => 1877
    [70] => 1875
    [71] => 1872
    [72] => 1870
    [73] => 1868
    [74] => 1867
    [75] => 1859
    [76] => 1856
    [77] => 1854
    [78] => 1837
    [79] => 1825
    [80] => 1824
    [81] => 1823
    [82] => 1821
    [83] => 1814
    [84] => 1811
    [85] => 1809
    [86] => 1803
    [87] => 1801
    [88] => 1650
    [89] => 1647
    [90] => 1638
    [91] => 1637
    [92] => 1631
    [93] => 1629
    [94] => 1620
    [95] => 1618
    [96] => 1617
    [97] => 1604
    [98] => 1601
    [99] => 1597
    [100] => 1595
    [101] => 1559
    [102] => 1557
    [103] => 1555
    [104] => 1553
    [105] => 1531
    [106] => 1526
    [107] => 1524
    [108] => 1519
    [109] => 1491
    [110] => 1488
    [111] => 1481
    [112] => 1480
    [113] => 1476
    [114] => 1475
    [115] => 1470
    [116] => 1464
    [117] => 1461
    [118] => 1459
    [119] => 1457
    [120] => 1452
    [121] => 1438
    [122] => 1431
    [123] => 1428
    [124] => 1419
    [125] => 1417
    [126] => 1393
    [127] => 1392
    [128] => 1380
    [129] => 1346
    [130] => 1344
    [131] => 1343
    [132] => 1337
    [133] => 1335
    [134] => 1324
    [135] => 1306
    [136] => 1305
    [137] => 1304
    [138] => 1292
    [139] => 1139
    [140] => 1134
    [141] => 1123
    [142] => 1120
    [143] => 1115
    [144] => 1110
    [145] => 1101
    [146] => 1077
    [147] => 1056
    [148] => 1012
    [149] => 1009
    [150] => 999
    [151] => 998
    [152] => 971
    [153] => 946
    [154] => 944
    [155] => 942
    [156] => 915
    [157] => 913
    [158] => 910
    [159] => 876
    [160] => 873
    [161] => 872
    [162] => 871
    [163] => 867
    [164] => 866
    [165] => 860
    [166] => 857
    [167] => 855
    [168] => 851
    [169] => 850
    [170] => 843
    [171] => 836
    [172] => 825
    [173] => 805
    [174] => 800
    [175] => 799
    [176] => 798
    [177] => 785
    [178] => 775
    [179] => 758
    [180] => 753
    [181] => 751
    [182] => 728
    [183] => 727
    [184] => 725
    [185] => 724
    [186] => 717
    [187] => 713
    [188] => 697
    [189] => 696
    [190] => 694
    [191] => 689
    [192] => 686
    [193] => 685
    [194] => 683
    [195] => 680
    [196] => 677
    [197] => 657
    [198] => 656
    [199] => 654
    [200] => 616
    [201] => 593
    [202] => 589
    [203] => 588
    [204] => 587
    [205] => 581
    [206] => 579
    [207] => 572
    [208] => 563
    [209] => 562
    [210] => 536
    [211] => 535
    [212] => 533
    [213] => 528
    [214] => 527
    [215] => 526
    [216] => 478
    [217] => 477
    [218] => 476
    [219] => 464
    [220] => 462
    [221] => 460
    [222] => 456
    [223] => 453
    [224] => 443
    [225] => 441
    [226] => 439
    [227] => 433
    [228] => 429
    [229] => 421
    [230] => 416
    [231] => 412
    [232] => 409
    [233] => 407
    [234] => 405
    [235] => 404
    [236] => 403
    [237] => 399
    [238] => 396
    [239] => 392
    [240] => 389
    [241] => 386
    [242] => 384
    [243] => 381
    [244] => 380
    [245] => 379
    [246] => 377
    [247] => 374
    [248] => 373
    [249] => 371
    [250] => 370
    [251] => 369
    [252] => 368
    [253] => 324
    [254] => 311
    [255] => 309
    [256] => 303
    [257] => 300
    [258] => 297
    [259] => 296
    [260] => 295
    [261] => 293
    [262] => 262
    [263] => 259
    [264] => 223
    [265] => 167
    [266] => 151
    [267] => 141
    [268] => 14
)

