2016-09-29 00:13:28
统计当天：2016-09-28
渠道个数（即dailyaccount的个数）：5663
渠道sql：
select * from yx_tg_source S left join yx_tg_game G on S.gameid = G.gameid where S.activeflag = 1 and G.activeflag = 1 and G.isonstack = 0  and S.createtime<='2016-09-28 23:59:59' order by S.id desc
活跃渠道个数：321
活跃渠道array：
Array
(
    [0] => tg_QNIdVsHmq2UJ0KNrgyokjQkFMiWOhX
    [1] => tg_Q0OXBqTKUT4gxwLdq8cEyinsbxvWsh
    [2] => tg_wdPlPXqIiLNs9uy7Ml0oOQKl3eamzQ
    [3] => tg_au4IVxZIqUPkIsk9WHXh5V7naKiSIK
    [4] => tg_2WbWHagMS2SOb5xOSfVRLGlIn1S33u
    [5] => tg_Yu783LP9jjPQKkQ4gZ37LJqiGsa8F2
    [6] => tg_T0Ed5mmvuRdVzcxLWCLs9R6BGf0EaP
    [7] => tg_1wDDLzkjbW3Pb8jzRrA01incmPqYhQ
    [8] => tg_xyZ3j9g1TEE5oRQ8jtjOvWp93RoO1U
    [9] => tg_2NsHXZzeADPI3sOdsGvb5UWmUgvIq3
    [10] => tg_mNXK59R18xrYtoBaxWNwkKYPBuKXQp
    [11] => tg_9wMQEwx1XSgzc6p1L1icWOicF6gRTs
    [12] => tg_quBxwsHLnDcetKwYUeL0ZwGVhOWJvs
    [13] => tg_Z1o8fn9GDjJqXMosdSqyp3cPHow3sh
    [14] => ly-266-03
    [15] => dixy-232-01
    [16] => tg_IB6hnKY9LuosneMkON6vp3eobulWK3
    [17] => tg_vfaj7fCIWHRW8AF6lOhWStml7M07BG
    [18] => tg_VZuGbtPK119VaeXIfeAFPpCwPVuF4q
    [19] => tg_92e8q9Y6ueq6bmNKlDUKCUYhIvkm3a
    [20] => tg_NF4r6WlAFc3l4qtuati1iAruzLRr6d
    [21] => tg_NgwIwYVjAzXZn1QBJC68rQwtm8qAnv
    [22] => tg_oOOMHTz8kMZ36X3HxL1ly0hiYeYy7L
    [23] => tg_xWjpyGB9IliocrYwqXqRs23tqTGtsm
    [24] => 
    [25] => tg_0CoRh2EYv5woXxneDWOkEgYXXwcnr6
    [26] => iziy-262-03
    [27] => dfi2-252-03
    [28] => tg_iNBVgkrz7R1IOCXEEJfkIlPzdSGnyI
    [29] => tg_2ZYkmaQb5dtVWF9Eg0rokADvWu2l1D
    [30] => tg_2H4Lh6QFRbtPVS4psFYWJTTOhX6jay
    [31] => tg_z037kSsOTpOe64cmjLjl1nUsQAoDwW
    [32] => tx-417-01
    [33] => wd-265-04
    [34] => tg_JJZYD6SJy3SJ6c0AKRp1GmB5UqZ2jg
    [35] => tg_jCHJyMptnrEeCRtLvWCna1UgFDOg12
    [36] => COK-223-03
    [37] => tg_MgtczvSC2Y8RhwzpkFMfLrp6BnzFJA
    [38] => tg_Ns2ruyRNGIFOc1V1cNXZTgYNXxKEzX
    [39] => tg_xynK92e6Ss0NWnCvL8CCENHHEqAka4
    [40] => gfx-227-01
    [41] => tg_Trn7YSQVVtNZzq3Fw768fo98JN0n65
    [42] => ly-266-01
    [43] => tg_5QH6cQj37W9Aiel0tFJsWqgDtezJLR
    [44] => iszz-258-03
    [45] => tg_XsxYkTvYKaFEZLomJmAIGTxKh6t473
    [46] => tg_euSiCujjVYyRZq2bhlsayXa9gchpUb
    [47] => tg_howgDJMf8H0nC23KdM8cLLhsk330Sj
    [48] => tg_isZoXNhPlO746tHMSp9H4QBHsPxXNI
    [49] => smsjOL-247-04
    [50] => tg_5OSuPn9oHty6tDThXGVcWSFPKws79c
    [51] => tg_DSCeq49dAY1NXszMuPT6YSvlibLEV5
    [52] => tg_MwmQeDM6z2hcH7FkvAQSikHdIAwg1t
    [53] => tg_a5q2q9GN2xABq86jM9pwiS8iyBJVfW
    [54] => wd-265-03
    [55] => sdyxc3D-243-03
    [56] => tg_iqfTzQ8SlRMYUsxMhhHnvScsJrc5by
    [57] => tg_OelNZbsZicvSlFyKZY006o7gBOtSKO
    [58] => tg_IHodxJNKrfS0xxajkR6tAtkpohQvUu
    [59] => tg_Zs0k3Wft4sZSUPLhqKbS72Fumhrxnx
    [60] => qqics-242-03
    [61] => tg_g7ZxSv4gz7VPwWmtBN4Rua0RkQd3SI
    [62] => tg_Ylsw4PyijBADuMjBqAvjXxmuH9Wj3F
    [63] => tg_JZ9J3vGNs6fiYDpid1fLVXAcdmnJGC
    [64] => tg_qsnV07CXxrunsXAD8uJpw8KAtjwRUH
    [65] => iszz-258-09
    [66] => tg_lH8i7vtt5Vyi4nU4poSm8Iv68PqS5A
    [67] => tg_PXQG1MoeGb9uQy94DtZg3mBtr0ErUI
    [68] => tg_NO44EDPcEL3s66lwa9yRtCs9aY1gjc
    [69] => tg_65d7Umo1mRGTuGyBBv8r8fwlmHxuTY
    [70] => tg_3H9a1haRWXASZzcsseDOLdFDuXWGy9
    [71] => tg_bWN4ISOqWcdLGPLqWK0mc2Dhk0BZW3
    [72] => tg_aVm2lO14wb8hlW09ruBVPkn7IuCrxx
    [73] => tg_N3n5bMNK8zcr4pfuMwWwZ8rQ1S89xz
    [74] => tg_6CokVfS6Oz4fhV96SrZwcFvSmIfKmE
    [75] => tg_I0YvXhD2svI5uMg8BdLS62F6ZFzP9c
    [76] => tg_GXKFwldOWDrQ9XB8plFtCj91dyXAIh
    [77] => tg_radynjycJycQAFuAfK5GP6rDqGT6ed
    [78] => xdzz-228-06
    [79] => tg_WxyICK73BRFOH62RcXpAgw7TCRgkLE
    [80] => tg_I0yFcLAGEDDKqd44YaBeFpfYR55Xp4
    [81] => xdzz-228-01
    [82] => yxy2-281-01
    [83] => dfi2-252-02
    [84] => tg_VD9fabmjMTqKUo3zGp3UHnyM0FohMB
    [86] => tg_Uzk9TWGhQpn8JMmxrdOv3sknjw9Rpv
    [87] => tg_oRr8aA1QCzsoU5qSPqYmMCuQ9sNmcg
    [88] => smbbdmx-371-01
    [89] => tg_9MSv9Id4g4YQ5HqkZSRgzWSsm3hDiU
    [90] => sdsxs3D-359-01
    [91] => zlc-280-01
    [92] => tg_kQgu1eoRtZe1XLwe6ZTIDTmtZMzz16
    [93] => COK-223-01
    [94] => tg_KqwAgwov42RJ2jOpobQTw1iEELai5n
    [96] => tg_hZidMeJI7gCmniBlVQIZtFQBmZqlA1
    [97] => tg_H2pXLcysG7IN93ZLTzKsc9knRvi4P3
    [98] => NBAftx-225-01
    [99] => tg_1t8ZHkzHsOjjfBQdO8Sp6xQb4Jqv5N
    [100] => tg_tqrdOEQGez8JLhsu6eKlKfqBQ95Nv9
    [101] => tg_Spjn27BpHac5Q481Rr5zp1q1m3soZ2
    [102] => tg_IkbWDAcItP4bEIQKcKFghVDAMQ7xfh
    [103] => tg_HxU1CoCoVKqPjjfMcKZ0TzcyV77wqY
    [104] => tg_YEGigjvUVMhHY4g2vs3HBjFuRhLdgZ
    [105] => tg_WETL8S0hHclO07rWLAnvnOjc3ZRiGB
    [106] => tg_lv369aN0qVNdyxeLNsOZUv42Khkq9c
    [107] => tg_KGrCSe1a4ryaHXKDklFBnaD9pInRXq
    [109] => tg_KaysvByJUccL9AOqgyCFDOaCPQyb5Z
    [110] => tg_prw2gIFGyrnJH79P6pDgYGJjanWPHY
    [111] => tg_xBuL3S9TdcaQpVCpOs55vAmiUv8Ix9
    [112] => tg_wF1yp8tVcoSWs5pYoJOCU3SMqnChrD
    [113] => tg_6xr1Gp0fBYKqDvLlPxczeDXEIcvRnZ
    [114] => tg_2rHFTwiFSgRvTRo2gPW23V4yeuXOmT
    [115] => tg_C279T8XrdTVBzfahN2pau9nO3JhRif
    [116] => mcwy-385-01
    [118] => tg_7ygUWViw2QMvlKmC2Pi0MP5W6qypmc
    [119] => dtcq-313-01
    [120] => zgzt-213-01
    [121] => wmsj3D-256-01
    [122] => tg_Fd3SdzZtnTEsxDiZUdbgxPg5RxVWFv
    [123] => tg_jVaInI6nlTytxENBtvj0QGDG4ROnQZ
    [124] => tg_pbdbbYp6CP7zmUcKsYxbNotXs9ZNFJ
    [125] => tg_k1jeJlBRrMLwak7ovtY3q6b3FKSIRy
    [127] => tg_QpotQhX4cUAgk5QTnv1U8hOVb812jN
    [128] => tg_R8HYrK50f168ti9sOsZtaiQD2co59J
    [129] => tg_atvkFT6WfdLvhq13SzOpitWJFgBoqu
    [130] => tg_rxk5PfhQq0bSCryZmN7GIozF5JXeYS
    [131] => lwzr-239-03
    [132] => tg_XFjHfg1mv3pPvJKCJ0JShkY18TdXxi
    [133] => jyzj3D-399-01
    [135] => tg_hGFVwlehGMFc5AVTI0APT2AXvSQeGu
    [137] => tg_GRfNDZqBJr6NfIEUwCME6aHh3ekzpu
    [139] => tg_iCdPvpx09yXS6AqVoH99GaBcG8K6Bx
    [140] => tg_VTIb5DaGCBJKGzmOMCno3o3PZif4jo
    [142] => tg_GMTqei4u3HsEi273emHLsPpYI3B6DW
    [143] => tg_JrFLtWsbbdLYlqboVhSzzxoHROQD4k
    [144] => tg_4xaqzJIbeZOX10X6NI4jgUD3d7kYwn
    [145] => qqics-242-02
    [146] => tg_eXfOrB7ZM7cDO2nqwzIwswNwbLhnlJ
    [148] => llysq-282-03
    [149] => tg_ukKVlFDkkWIyijtZbh7wQ9szez1vK1
    [150] => tg_HAE4GeBnupqKgTMoKVfdqFSpbGZqdw
    [151] => ydsnywl-413-01
    [152] => tg_45XdvoRQ0ociugoONfDiRVbC6PSadH
    [153] => zyj-263-03
    [154] => tg_NKOwsJ0b1FzamrotErpd6jgYsKAN2v
    [155] => tg_xyeEpNy38LrPrmO7kN8DtktaBlDieY
    [156] => tg_eKgpglHNQWuU8NNeLUHKwpPPblhbJx
    [157] => tg_KMpuyo1EOdaG6l4RIJxknESqe8i1do
    [158] => tg_TFEOkJhvAtOLNs5YqZfTtI8me9ibBc
    [159] => tg_PEbTLGzNvnESyOdTgKbhjxMrpp6Pv1
    [160] => tg_u1US2O9i4Z0zNFhwCpRHFpjjJ2Ti4w
    [161] => xljs-420-01
    [162] => tg_uWKqaP6ZfSKVK9SeNpvanuMu2Putxs
    [163] => tg_Ri2NPtmmh1FsYTXg1bpBcSfD0VdpP7
    [164] => jtjs-349-01
    [165] => gfx-227-02
    [166] => tg_vCsJpv46Zy29l982dIplz8UWDvylOA
    [167] => tg_v7Jb3BIDODCQ1VtgtfAmw7kXJEEPfK
    [168] => tg_Tqvpp0tdq3AeB2bDflfarN8Wb5Dzce
    [169] => tg_CfiAkPLcWCKERyb9IHu6Ecf4fqCN0e
    [170] => zdbmgj-424-01
    [172] => tg_IG3MtJ7JOXqsan5jjyzdOs1dngskIJ
    [173] => dfi2-252-01
    [174] => tg_2ARVHpH2uWK1GKxxu0Zg0YChSYsj0O
    [175] => tg_bNlXdb2SQfKBV9w3j2KljJMcIsUQRt
    [176] => tg_yEKmbDpEbspbqP52W381zTvoeSN356
    [177] => tg_iTu7R5kBoS3ZwvVAV0dsCpeGvSwNDW
    [178] => tg_luMOlzXMsvqQNqaAuBhkolxOxGtjmA
    [179] => tg_bKnybL4otl2MtKbxCtLLDw8xA056HA
    [180] => tg_6vi6nfVunqSTdJKQ729D5wPqwD65uc
    [181] => tg_uM73vHb3tX7wOkVYYGRobZCg6rHCVT
    [182] => sji2-257-03
    [183] => tg_NtIayKgqI5dmws2phUaG2sd1trUmnc
    [184] => tg_xX5O7gsz5V7ioS8CXkxejkdaaSilqn
    [185] => tg_rmk6gWq0INJZaYZ6tgqFPmq3z5eqNm
    [186] => tg_ICEcjc9rCPIBR46UAcqeZksnO8Wi9M
    [187] => tg_V3ZMC6AaWAUIgoEVwUp5VmHPypL3p1
    [188] => tg_Qo1fvJS7zsXzyA2IXbpN0O63IkFczD
    [189] => tg_eNCWE4IqbTr4L3rXk6kxGeYdF0sdgw
    [190] => tg_VY5fuFU8pF4jMVrZsTPAcRbAbM68ZA
    [191] => tg_9svDGMMYJz3JrJlA5yZkJ0dVtaUb4m
    [192] => jymf-237-03
    [193] => tg_mrIHzdJ5a7cXVH9W4aDyn8BcY3sEWL
    [194] => tg_jejMxEyTgyxOGvlI2GYJusOt3QDOGb
    [195] => tg_ceyjwgtKjdoAWvo2vbmAPUZ25nKLFW
    [196] => iziy-262-04
    [197] => tg_BzSlq616dainWOMpgxtFCfaqMVWg3j
    [198] => tg_IkrlXzTXRIz8Ff1EmFcvknDMveHyZy
    [199] => tg_c0mUBBrcogdE5UvZCY2HnsSHyc6ePs
    [200] => xyj-241-12
    [201] => tg_ODoUx9rQG9p7rnBZM2d19F8EQZ5utc
    [202] => tg_Q2b1rjqmySzYHTs1i9OWePb2NaBcGB
    [203] => tg_JYWGy6Lv2jwnMs8SqyRiEdd3aHRvvv
    [204] => tg_ZZgcgW1UXMwmQ7XrtNJNYgILCHkhvx
    [205] => tg_OfaE1oD9jOkeCrMxFmwZmT29Ew1L5z
    [206] => tg_o028lSVS26po0ZFjgGHlegKtggqz9S
    [207] => tg_Gl4B6QurIAtwce1L8X9Drz0yYnpQAo
    [208] => tg_DRkQoc4JCBwlfXGBZt3S7Xe7qKbHuX
    [209] => tg_rZLzNO4FSdY9hoRYNqEFV16bvYXuBb
    [210] => tg_pdviUeEztqS8c3nE98GICfvvesETHJ
    [211] => byxxc-238-03
    [212] => tg_B2gRz6KoFotcJwvqLHiYqclhTRZjAI
    [213] => tg_R5o8QShUV1GO4zyUU3UWozKOn12GdV
    [214] => tg_gxMXCdvJJOAMmzsoXJMMaU34TPUY3s
    [215] => tg_OU20Xikl0SbparapZGvkebqzKhWQRE
    [216] => tg_Gejy6CaJU0EYR82x85J7TjKGPjSSZY
    [217] => dixy-232-03
    [218] => tg_U29cGDHCcVOBa07j7jJvkgp23MCXxa
    [219] => tg_spVeL0duhA4o33C3XVLMLcJeGzpLLx
    [220] => tg_v2Qd56QlqG5MyJCuSizLIu252lHZgr
    [221] => tg_ZPo6AUjenS3o8rOmul8XP3mZ4bHixh
    [222] => tg_BX7jbPiBrO3Lbj4y7kRa9Zw7d5W5pt
    [223] => tg_SWqbqvLqDQyYjsG9jBBHZo8bF5l6yj
    [224] => tg_bemh9vIE1yhl2WLX8PC3K4kt6T56sl
    [225] => tg_Ok1V5icI9vmONx23EKbYHVP56i1pYd
    [226] => tg_9exPJH0wBZ8HTOnBGIBAUy7Pd5KItg
    [227] => tg_rRyHzAFMUdV7axvQjFOLFWcimW2ISs
    [229] => tg_WObUg0waseMQMRqjvOnCzrgFmhUPVo
    [230] => tg_sN4DNq0d4Vg5WHZg9OWPsd4bjkM0hL
    [231] => tg_dE40iVMPYicK6apZag3A7mu7y50uQ9
    [232] => tg_WCkCTf0pTrn8wT5Vga2ak2u2b6U4jG
    [233] => tg_V4rCcoFzbBkK9PCpIYlOHxsf6WUDQr
    [234] => tg_DwNO8ixOfJ2rY1XNclifft83mhYTi4
    [235] => tg_UDyMC93nwIALdlS1mugg7eTc5SGYIU
    [236] => tg_yguQaDrCX4sRHyusZCmoIu2wxKyPTv
    [237] => tg_mcEuJVtSvdAtVUENaRDVMBLSq8APnS
    [238] => sbkcq-294-01
    [240] => dixy-232-02
    [241] => gfx-227-03
    [242] => tg_ovYJpa0VxDSjfx9vB6F4bOOdyJRpkM
    [243] => tg_lkJenLTf3uhjm38o51BofReYhEyBEj
    [244] => tg_oGuXovKoRUbLPmHuvs3UuIE9aeMS2u
    [245] => tg_e1XmOfhhxXMfenNMZuYv78znuFefbr
    [246] => cbws-283-03
    [247] => tg_LZVNb8oMP1vPlllm0EKGZKP5Fr09kS
    [248] => tg_vHJuYyncAfyWx0OBOTNBzBs4VDbYKa
    [249] => tg_1EINsQaerAIg5QtrK92gm7n6zSfR7D
    [250] => tg_D3OC96S53NgitjGQM8exL3wMjxkf4X
    [251] => zyj-263-04
    [252] => xyj-241-02
    [253] => tg_tkywLzSIt5aSnvn3IajVveDiFKZPog
    [254] => tg_KSrTmGgyDYV81i5ltvne0CVaiHhXRQ
    [255] => tg_It3ZrGnxHnT527Li1JsFPEbAXHFsnx
    [256] => tg_4gxvdgBfeXfU0Mkm1t3kqb6ftdzOMG
    [258] => tg_ZYpcDjcdzPXo9mq3BmOpV125UYut9U
    [259] => tg_tWxsqLc2DyZW0xhEjU2AGnkAg8rSzH
    [260] => tg_E0E2nta7J3vcP1BXFdQhyTIYyLZcTh
    [261] => tg_HlAnvCbNuM4o6gu4lj9ouY9mA4dxfQ
    [262] => tg_vC2YDzjcVUC15FGQBPgLNxYeO7Z5SQ
    [263] => tg_9L7imM0iNMHDvx030tEttb2gY6yAvf
    [264] => tg_Sewxs3XtPGOLYiORI5Pkg7odXeAKXN
    [265] => tg_ExtRRmq70LZ5cPOsbOSWEzt7KRjR70
    [268] => tg_Hllcezo5vcG6IuqIwwwGQ0oYw0mGPL
    [269] => tg_Wn11xsfYxoYQKmXznDz7ic5H2PaJth
    [270] => tg_oYeamNiVoPhCQ43VMK6OhFySsqpVbh
    [271] => tg_ymld57G5I4vbEL4xKP4jLw7Orz8ckF
    [272] => tg_v2aSduKnJJ5NKXAAkCTPEOYo7JnS94
    [273] => tg_NIGftm0hA1EjxWm9DKPuA69NSdLiBs
    [274] => iszz-258-11
    [276] => tg_W2pysd1dY4bhFAxFDmSbPJAAXMZAJP
    [278] => tg_sM3nfqDJy3Vy5aPurriOPCdX9iEJma
    [279] => tg_caJsC7EfMOzEbr9mIg1Oi8xmFBpxw6
    [281] => xyj-241-03
    [282] => tg_Ol1QFxsnwmPTIifUX1pY0CFdr9g2cW
    [283] => tg_q4hI4MqWZwu7ac1kh5pn4KFdNgeV4y
    [284] => tg_lfUx09OXmzxWGLxjyNqiYhji1J6o3S
    [286] => tg_hgxfsHaP3Nl6ta14BIeWsy7lPXS8e2
    [287] => tg_JXdNpFL3qYrFKCQydFp9kS0Es7uq9p
    [288] => tg_gGqT8bYbaxpqLD1XpnsxYSJ3XLlWdc
    [289] => tg_QZZFggp5dA4nZym1yeDjbwGvJrDxrz
    [291] => iszz-258-04
    [292] => NBAftx-225-02
    [294] => tg_ztpR2HKML8hJFjprho1zfbkV0imFp4
    [295] => tg_YP3WF3TI3Mr7oCBqG4P1cEzXc7s0uA
    [296] => iszz-258-02
    [297] => tg_hjdu6ORJM7OG8QrXFIcC2xcYVRv9Dr
    [298] => ijilz-249-03
    [299] => tg_73mHAOuM3KdQa6oKLLG6XZgNWYlZCU
    [301] => tg_a3MwwHqtFVIIu2wAcJtxFP9Qq6YXdU
    [302] => sszj-260-03
    [305] => tg_AXIXnbBwMpJMQDEe2VSEWJmTX2afnP
    [307] => tg_x7V0CXex19izghRLpbsKQuQz4iWGFy
    [308] => tg_foInmUBJTEST2FsjE393noaqCL4YDz
    [309] => tg_rerMGmdYU9Jyeq8z0UUtJkITxPIPi2
    [311] => tg_n3qXUbsViYy6M8zO55x3jxvAMHZa2W
    [312] => tg_Zoks2ueLqNQh9bkP9F8nWgWxgVN4a3
    [313] => tg_TENeIojtmSpDKsv56C6VA3ZOUuYzdT
    [314] => tg_YdzBBvglsoXidJdKCmWrG85bql5kG4
    [315] => tg_1nGplhQDLUI1MZSEUXMNUL84CHOPpX
    [319] => tg_R1RDVqNHRQXgl4KJSMyZU2Tno2K9bg
    [321] => iszz-258-10
    [324] => tg_cpZrEKR0IJ4S1rcmaswi8oADsic8pk
    [325] => tg_U7dQFVw0JZmpH11lmYHLR5qIsPJy3K
    [327] => xdzz-228-03
    [329] => tg_q5tpNQkvjppy8orNkmvHjKeZoFDicc
    [332] => tg_CWHe7Hrfhl6JXuwTQhogiVXlCxO6f0
    [334] => dfbb-261-03
    [336] => tg_G7iLAMkERZ5ZZ4eotZjjQMghR4aFpd
    [340] => tg_3GSSy8PYKoFrup8G30jsux8ihQxkGc
    [346] => tg_zjUY3zgmqTzHY6gaBbz0V5axvkeADq
    [349] => tg_NCP73iALs0HQvWtKPZzGiEA3HSBsAa
    [350] => tg_G9yTAxWgs6kbikFA8mybpflSOxGHtl
    [351] => xdzz-228-02
    [354] => tg_hfQFP1T5unIBwVwmYZ84lmbLUk6Hql
    [355] => tg_5OfKZXixp7CjR7XPU0W90lqqqTFk5J
    [356] => tg_Ybl9xENxHsfVBPK7IBZikgc9icV0p0
    [358] => tg_MwZYoxxhkXMGKQvooankzqnsiobfkD
    [362] => tg_hNjMap3hjNuOedvUnzvAWJBXgasDJc
    [363] => tg_uRPJgNFRkhP1SYEz7vGMLo5cLwr10j
    [365] => tg_mFtD7NWQksoGcdkYjyTLyCGBW5LAiU
    [366] => wd-265-02
    [367] => tg_Uuu7DKIS1H6x1tYmIF3QwX7uhrg7pM
    [368] => tg_9v3y1tH8IID2ObAOh7tIrIqGPUL5li
    [369] => tg_oAoVUwkuOeyVVQ05jZL3XRH3CJPrbR
    [373] => tg_1UrNa6pMG9ilFEbZCPTKAY22s7V5Cz
    [374] => tg_aFWrMTmCWEE0kaQmPHz5pWXf54vm83
    [375] => tg_YSA05Nah8JewKgqX9nr7Acwb2aBxyl
    [378] => fzj-291-01
    [379] => cbws-283-02
    [381] => tg_pVLKwuqunHstVkThsuG9m9ZSFNKY4Z
    [440] => yxzxAPP-422-01
)

有效渠道个数：290
有效渠道array：
Array
(
    [0] => 6428
    [1] => 6427
    [2] => 6425
    [3] => 6421
    [4] => 6404
    [5] => 6275
    [6] => 6251
    [7] => 5938
    [8] => 5872
    [9] => 5728
    [10] => 5727
    [11] => 5726
    [12] => 5725
    [13] => 5724
    [14] => 5717
    [15] => 3413
    [16] => 3386
    [17] => 3266
    [18] => 3086
    [19] => 2768
    [20] => 2749
    [21] => 2554
    [22] => 2547
    [23] => 2523
    [24] => 2505
    [25] => 2437
    [26] => 2434
    [27] => 2407
    [28] => 2402
    [29] => 2395
    [30] => 2394
    [31] => 2393
    [32] => 2391
    [33] => 2388
    [34] => 2386
    [35] => 2385
    [36] => 2380
    [37] => 2377
    [38] => 2283
    [39] => 2281
    [40] => 2280
    [41] => 2274
    [42] => 2273
    [43] => 2272
    [44] => 2271
    [45] => 2270
    [46] => 2269
    [47] => 2268
    [48] => 2267
    [49] => 2266
    [50] => 2265
    [51] => 2264
    [52] => 2263
    [53] => 2262
    [54] => 2261
    [55] => 2259
    [56] => 2257
    [57] => 2256
    [58] => 2255
    [59] => 2231
    [60] => 2223
    [61] => 2220
    [62] => 2218
    [63] => 2212
    [64] => 2210
    [65] => 2102
    [66] => 2099
    [67] => 2090
    [68] => 2073
    [69] => 2055
    [70] => 2045
    [71] => 1896
    [72] => 1884
    [73] => 1877
    [74] => 1875
    [75] => 1872
    [76] => 1870
    [77] => 1869
    [78] => 1867
    [79] => 1859
    [80] => 1856
    [81] => 1854
    [82] => 1840
    [83] => 1837
    [84] => 1825
    [85] => 1824
    [86] => 1823
    [87] => 1821
    [88] => 1814
    [89] => 1809
    [90] => 1803
    [91] => 1801
    [92] => 1650
    [93] => 1647
    [94] => 1638
    [95] => 1637
    [96] => 1631
    [97] => 1630
    [98] => 1629
    [99] => 1628
    [100] => 1620
    [101] => 1618
    [102] => 1617
    [103] => 1604
    [104] => 1603
    [105] => 1601
    [106] => 1595
    [107] => 1573
    [108] => 1559
    [109] => 1557
    [110] => 1555
    [111] => 1553
    [112] => 1531
    [113] => 1529
    [114] => 1526
    [115] => 1524
    [116] => 1519
    [117] => 1491
    [118] => 1488
    [119] => 1481
    [120] => 1480
    [121] => 1476
    [122] => 1475
    [123] => 1470
    [124] => 1464
    [125] => 1461
    [126] => 1459
    [127] => 1457
    [128] => 1451
    [129] => 1438
    [130] => 1436
    [131] => 1431
    [132] => 1428
    [133] => 1419
    [134] => 1418
    [135] => 1417
    [136] => 1393
    [137] => 1392
    [138] => 1391
    [139] => 1389
    [140] => 1380
    [141] => 1346
    [142] => 1344
    [143] => 1343
    [144] => 1337
    [145] => 1335
    [146] => 1324
    [147] => 1306
    [148] => 1305
    [149] => 1304
    [150] => 1292
    [151] => 1280
    [152] => 1139
    [153] => 1136
    [154] => 1134
    [155] => 1123
    [156] => 1120
    [157] => 1115
    [158] => 1110
    [159] => 1101
    [160] => 1100
    [161] => 1077
    [162] => 1056
    [163] => 1047
    [164] => 1012
    [165] => 1009
    [166] => 999
    [167] => 998
    [168] => 994
    [169] => 971
    [170] => 953
    [171] => 946
    [172] => 944
    [173] => 927
    [174] => 915
    [175] => 913
    [176] => 910
    [177] => 885
    [178] => 876
    [179] => 873
    [180] => 872
    [181] => 871
    [182] => 867
    [183] => 866
    [184] => 860
    [185] => 857
    [186] => 856
    [187] => 855
    [188] => 851
    [189] => 850
    [190] => 843
    [191] => 842
    [192] => 836
    [193] => 825
    [194] => 800
    [195] => 799
    [196] => 798
    [197] => 785
    [198] => 775
    [199] => 764
    [200] => 758
    [201] => 753
    [202] => 751
    [203] => 728
    [204] => 727
    [205] => 725
    [206] => 717
    [207] => 713
    [208] => 697
    [209] => 696
    [210] => 695
    [211] => 694
    [212] => 689
    [213] => 686
    [214] => 685
    [215] => 683
    [216] => 680
    [217] => 677
    [218] => 657
    [219] => 656
    [220] => 654
    [221] => 615
    [222] => 593
    [223] => 592
    [224] => 589
    [225] => 588
    [226] => 581
    [227] => 579
    [228] => 572
    [229] => 563
    [230] => 562
    [231] => 542
    [232] => 536
    [233] => 535
    [234] => 533
    [235] => 528
    [236] => 527
    [237] => 526
    [238] => 478
    [239] => 477
    [240] => 476
    [241] => 464
    [242] => 462
    [243] => 460
    [244] => 456
    [245] => 453
    [246] => 441
    [247] => 439
    [248] => 433
    [249] => 429
    [250] => 427
    [251] => 416
    [252] => 412
    [253] => 409
    [254] => 407
    [255] => 405
    [256] => 404
    [257] => 403
    [258] => 399
    [259] => 396
    [260] => 392
    [261] => 389
    [262] => 386
    [263] => 384
    [264] => 381
    [265] => 380
    [266] => 379
    [267] => 377
    [268] => 374
    [269] => 373
    [270] => 371
    [271] => 370
    [272] => 369
    [273] => 368
    [274] => 324
    [275] => 311
    [276] => 309
    [277] => 300
    [278] => 297
    [279] => 296
    [280] => 295
    [281] => 293
    [282] => 273
    [283] => 270
    [284] => 262
    [285] => 223
    [286] => 184
    [287] => 167
    [288] => 141
    [289] => 14
)

