2016-10-03 00:13:42
统计当天：2016-10-02
渠道个数（即dailyaccount的个数）：6053
渠道sql：
select * from yx_tg_source S left join yx_tg_game G on S.gameid = G.gameid where S.activeflag = 1 and G.activeflag = 1 and G.isonstack = 0  and S.createtime<='2016-10-02 23:59:59' order by S.id desc
活跃渠道个数：297
活跃渠道array：
Array
(
    [0] => tg_v2aSduKnJJ5NKXAAkCTPEOYo7JnS94
    [1] => tg_euSiCujjVYyRZq2bhlsayXa9gchpUb
    [2] => tg_zlmQ1MYrs3puVAfAUySNfxp8DprrcN
    [3] => tg_PEbTLGzNvnESyOdTgKbhjxMrpp6Pv1
    [4] => tg_KMpuyo1EOdaG6l4RIJxknESqe8i1do
    [5] => tg_Hllcezo5vcG6IuqIwwwGQ0oYw0mGPL
    [6] => dfi2-252-03
    [7] => tg_2WbWHagMS2SOb5xOSfVRLGlIn1S33u
    [8] => tg_QNIdVsHmq2UJ0KNrgyokjQkFMiWOhX
    [9] => tg_Zoks2ueLqNQh9bkP9F8nWgWxgVN4a3
    [10] => tg_It3ZrGnxHnT527Li1JsFPEbAXHFsnx
    [11] => tg_caJsC7EfMOzEbr9mIg1Oi8xmFBpxw6
    [12] => tg_au4IVxZIqUPkIsk9WHXh5V7naKiSIK
    [13] => fzj-291-01
    [14] => tg_xyZ3j9g1TEE5oRQ8jtjOvWp93RoO1U
    [15] => tg_Trn7YSQVVtNZzq3Fw768fo98JN0n65
    [16] => tg_g7ZxSv4gz7VPwWmtBN4Rua0RkQd3SI
    [17] => tg_iNBVgkrz7R1IOCXEEJfkIlPzdSGnyI
    [18] => tg_SWqbqvLqDQyYjsG9jBBHZo8bF5l6yj
    [19] => tg_R5o8QShUV1GO4zyUU3UWozKOn12GdV
    [20] => tg_VY5fuFU8pF4jMVrZsTPAcRbAbM68ZA
    [21] => ijilz-249-03
    [22] => tg_9L7imM0iNMHDvx030tEttb2gY6yAvf
    [23] => tg_4gxvdgBfeXfU0Mkm1t3kqb6ftdzOMG
    [24] => tg_1wDDLzkjbW3Pb8jzRrA01incmPqYhQ
    [25] => tg_T0Ed5mmvuRdVzcxLWCLs9R6BGf0EaP
    [26] => sdyxc3D-243-03
    [27] => tg_Uuu7DKIS1H6x1tYmIF3QwX7uhrg7pM
    [28] => tg_xynK92e6Ss0NWnCvL8CCENHHEqAka4
    [29] => tg_JE7555URTg8PnW3kg27YKTPGG7ZcbP
    [30] => tg_Sewxs3XtPGOLYiORI5Pkg7odXeAKXN
    [31] => iszz-258-09
    [32] => tg_2ZYkmaQb5dtVWF9Eg0rokADvWu2l1D
    [33] => tg_Ybl9xENxHsfVBPK7IBZikgc9icV0p0
    [34] => tg_5OfKZXixp7CjR7XPU0W90lqqqTFk5J
    [35] => tg_IHodxJNKrfS0xxajkR6tAtkpohQvUu
    [36] => tg_luMOlzXMsvqQNqaAuBhkolxOxGtjmA
    [37] => ly-266-03
    [38] => tg_DSCeq49dAY1NXszMuPT6YSvlibLEV5
    [39] => tg_3GSSy8PYKoFrup8G30jsux8ihQxkGc
    [40] => tg_qsnV07CXxrunsXAD8uJpw8KAtjwRUH
    [41] => tg_jCHJyMptnrEeCRtLvWCna1UgFDOg12
    [42] => tg_XsxYkTvYKaFEZLomJmAIGTxKh6t473
    [43] => tg_MwmQeDM6z2hcH7FkvAQSikHdIAwg1t
    [44] => zyj-263-03
    [45] => tg_zjUY3zgmqTzHY6gaBbz0V5axvkeADq
    [46] => tg_wdPlPXqIiLNs9uy7Ml0oOQKl3eamzQ
    [47] => tg_pVLKwuqunHstVkThsuG9m9ZSFNKY4Z
    [48] => tg_isZoXNhPlO746tHMSp9H4QBHsPxXNI
    [49] => tg_NKOwsJ0b1FzamrotErpd6jgYsKAN2v
    [50] => tg_gGqT8bYbaxpqLD1XpnsxYSJ3XLlWdc
    [51] => dfbb-261-03
    [52] => tg_VZuGbtPK119VaeXIfeAFPpCwPVuF4q
    [53] => zyj-263-04
    [54] => tg_1nGplhQDLUI1MZSEUXMNUL84CHOPpX
    [55] => xdzz-228-03
    [56] => tg_PXQG1MoeGb9uQy94DtZg3mBtr0ErUI
    [57] => tg_QZZFggp5dA4nZym1yeDjbwGvJrDxrz
    [58] => tg_a5q2q9GN2xABq86jM9pwiS8iyBJVfW
    [59] => tg_9wMQEwx1XSgzc6p1L1icWOicF6gRTs
    [60] => tg_Zs0k3Wft4sZSUPLhqKbS72Fumhrxnx
    [61] => wd-265-03
    [62] => tg_hfQFP1T5unIBwVwmYZ84lmbLUk6Hql
    [63] => tg_2NsHXZzeADPI3sOdsGvb5UWmUgvIq3
    [64] => tg_sM3nfqDJy3Vy5aPurriOPCdX9iEJma
    [65] => tg_OelNZbsZicvSlFyKZY006o7gBOtSKO
    [66] => tg_YSA05Nah8JewKgqX9nr7Acwb2aBxyl
    [67] => tg_lH8i7vtt5Vyi4nU4poSm8Iv68PqS5A
    [68] => tg_JZ9J3vGNs6fiYDpid1fLVXAcdmnJGC
    [69] => tg_bOttG2GcZRWvsnBiw5uboOCDfcgEDG
    [70] => tg_jejMxEyTgyxOGvlI2GYJusOt3QDOGb
    [71] => tg_ExtRRmq70LZ5cPOsbOSWEzt7KRjR70
    [72] => tg_CzAs7KojtFjuTDyUcuBu0J6ECOeMUh
    [73] => tg_Fd3SdzZtnTEsxDiZUdbgxPg5RxVWFv
    [74] => tg_65d7Umo1mRGTuGyBBv8r8fwlmHxuTY
    [75] => tg_BL1cvYB10xHPlkyqQCXE7m6l9qVzKO
    [76] => dixl-277-03
    [77] => tg_GMTqei4u3HsEi273emHLsPpYI3B6DW
    [78] => tg_jVaInI6nlTytxENBtvj0QGDG4ROnQZ
    [79] => xdzz-228-01
    [80] => xdzz-228-06
    [81] => tg_cA8TUVGqxGLBjw8lkCcvfahLz06eQ5
    [82] => tg_ceyjwgtKjdoAWvo2vbmAPUZ25nKLFW
    [83] => cfzjbsn-245-05
    [84] => dcfy-250-04
    [85] => tg_VcezU3RmjFFGFExoptKJ7NRCgca0oi
    [86] => tg_mfofP8knkWoVx0XWJAWkwAqaf8xjNE
    [87] => tg_QOaluxlrDrdfHirks7boYovXT5VzvN
    [88] => tg_td1oMjL0zRv1tbcrzRfo0X6yG63QX0
    [89] => tg_I0yFcLAGEDDKqd44YaBeFpfYR55Xp4
    [90] => tg_iCdPvpx09yXS6AqVoH99GaBcG8K6Bx
    [91] => tg_REbZq3xHh7bBMYgjx9hoFuLn8zSkuc
    [92] => tg_tqrdOEQGez8JLhsu6eKlKfqBQ95Nv9
    [93] => tg_howgDJMf8H0nC23KdM8cLLhsk330Sj
    [94] => tg_N3n5bMNK8zcr4pfuMwWwZ8rQ1S89xz
    [95] => tg_aKxvBwPiZFwh0QQsKPVtWjSUVso72F
    [96] => tg_uYQsNlH1kqwKDEH4xABqHPfGQdgA9v
    [97] => tg_rmk6gWq0INJZaYZ6tgqFPmq3z5eqNm
    [98] => xyj-241-12
    [99] => tg_rxk5PfhQq0bSCryZmN7GIozF5JXeYS
    [100] => tg_oRr8aA1QCzsoU5qSPqYmMCuQ9sNmcg
    [101] => tg_ymld57G5I4vbEL4xKP4jLw7Orz8ckF
    [102] => tg_eKgpglHNQWuU8NNeLUHKwpPPblhbJx
    [103] => tg_BX7jbPiBrO3Lbj4y7kRa9Zw7d5W5pt
    [104] => cbws-283-03
    [105] => tg_IG3MtJ7JOXqsan5jjyzdOs1dngskIJ
    [106] => tg_mrIHzdJ5a7cXVH9W4aDyn8BcY3sEWL
    [107] => qqics-242-02
    [108] => tg_u1US2O9i4Z0zNFhwCpRHFpjjJ2Ti4w
    [109] => tg_sN4DNq0d4Vg5WHZg9OWPsd4bjkM0hL
    [111] => tg_ICEcjc9rCPIBR46UAcqeZksnO8Wi9M
    [112] => tg_YgNaBXl7CUsjTHeNCFtq0jxD6JrqSf
    [113] => iziy-262-04
    [114] => gfx-227-02
    [115] => tg_rRkZhxKJLkEkZmjdQjKd7tjDz8Ko6D
    [118] => tg_DVjFB30FnJLCYF24CvQJO75G3J64uW
    [119] => tg_MPv6wZlNPr7LOEpHwY19XtQ1kr7Fff
    [120] => tg_UDyMC93nwIALdlS1mugg7eTc5SGYIU
    [121] => tg_mFtD7NWQksoGcdkYjyTLyCGBW5LAiU
    [122] => tg_hNjMap3hjNuOedvUnzvAWJBXgasDJc
    [123] => tg_2N0xHDMuHNoT51QtNa4w5UvW579Hq3
    [124] => byxxc-238-03
    [125] => tg_uM73vHb3tX7wOkVYYGRobZCg6rHCVT
    [127] => tg_rRyHzAFMUdV7axvQjFOLFWcimW2ISs
    [128] => tg_LZVNb8oMP1vPlllm0EKGZKP5Fr09kS
    [129] => tg_I0YvXhD2svI5uMg8BdLS62F6ZFzP9c
    [130] => tg_U7dQFVw0JZmpH11lmYHLR5qIsPJy3K
    [131] => tg_iTu7R5kBoS3ZwvVAV0dsCpeGvSwNDW
    [132] => tg_OR6k1HjrRFrcg1DYYkX3RZNfmsAJfA
    [133] => tg_xX5O7gsz5V7ioS8CXkxejkdaaSilqn
    [134] => tg_4xaqzJIbeZOX10X6NI4jgUD3d7kYwn
    [135] => tg_vCsJpv46Zy29l982dIplz8UWDvylOA
    [136] => tg_NvXJf5QR5tjRwPjhRNfgiEKYRFgx4r
    [137] => tg_jlkC6X8s1QpUpkaUOzJ2fGYI7vjo37
    [138] => tg_FBRU1OZlwtg4i3DyAwOepei5y13Hid
    [139] => tg_Ok1V5icI9vmONx23EKbYHVP56i1pYd
    [140] => cbws-283-02
    [141] => tg_Q2b1rjqmySzYHTs1i9OWePb2NaBcGB
    [142] => tg_NIGftm0hA1EjxWm9DKPuA69NSdLiBs
    [143] => tg_hGFVwlehGMFc5AVTI0APT2AXvSQeGu
    [144] => tg_aVm2lO14wb8hlW09ruBVPkn7IuCrxx
    [145] => lwzr-239-03
    [146] => tg_vHJuYyncAfyWx0OBOTNBzBs4VDbYKa
    [147] => tg_9svDGMMYJz3JrJlA5yZkJ0dVtaUb4m
    [148] => tg_oAoVUwkuOeyVVQ05jZL3XRH3CJPrbR
    [149] => tg_cpZrEKR0IJ4S1rcmaswi8oADsic8pk
    [150] => tg_2H4Lh6QFRbtPVS4psFYWJTTOhX6jay
    [151] => sji2-257-03
    [152] => tg_AsxPJXxY4WyybvnM7G2sf9DlUpfLcS
    [153] => tg_Ri2NPtmmh1FsYTXg1bpBcSfD0VdpP7
    [154] => tg_dE40iVMPYicK6apZag3A7mu7y50uQ9
    [155] => tg_GXKFwldOWDrQ9XB8plFtCj91dyXAIh
    [156] => tg_KPu4Nors1HZxKWZihYMPeXmb4uu43N
    [157] => tg_6xr1Gp0fBYKqDvLlPxczeDXEIcvRnZ
    [158] => tg_Uzk9TWGhQpn8JMmxrdOv3sknjw9Rpv
    [159] => tg_v2Qd56QlqG5MyJCuSizLIu252lHZgr
    [160] => tg_oGuXovKoRUbLPmHuvs3UuIE9aeMS2u
    [161] => tg_o028lSVS26po0ZFjgGHlegKtggqz9S
    [162] => tg_YEGigjvUVMhHY4g2vs3HBjFuRhLdgZ
    [164] => tg_JYWGy6Lv2jwnMs8SqyRiEdd3aHRvvv
    [166] => tg_eXfOrB7ZM7cDO2nqwzIwswNwbLhnlJ
    [167] => tg_DwNO8ixOfJ2rY1XNclifft83mhYTi4
    [168] => tg_5QH6cQj37W9Aiel0tFJsWqgDtezJLR
    [169] => tg_VD9fabmjMTqKUo3zGp3UHnyM0FohMB
    [171] => tg_HAE4GeBnupqKgTMoKVfdqFSpbGZqdw
    [173] => tg_ovYJpa0VxDSjfx9vB6F4bOOdyJRpkM
    [175] => dixy-232-03
    [176] => tg_W2pysd1dY4bhFAxFDmSbPJAAXMZAJP
    [177] => tg_9exPJH0wBZ8HTOnBGIBAUy7Pd5KItg
    [178] => tg_U29cGDHCcVOBa07j7jJvkgp23MCXxa
    [179] => tg_TENeIojtmSpDKsv56C6VA3ZOUuYzdT
    [180] => tg_V4rCcoFzbBkK9PCpIYlOHxsf6WUDQr
    [181] => tg_G9yTAxWgs6kbikFA8mybpflSOxGHtl
    [182] => tg_mcEuJVtSvdAtVUENaRDVMBLSq8APnS
    [183] => xyj-241-02
    [184] => tg_D3OC96S53NgitjGQM8exL3wMjxkf4X
    [185] => tg_Q0OXBqTKUT4gxwLdq8cEyinsbxvWsh
    [186] => tg_x7V0CXex19izghRLpbsKQuQz4iWGFy
    [187] => tg_tWxsqLc2DyZW0xhEjU2AGnkAg8rSzH
    [188] => tg_6CokVfS6Oz4fhV96SrZwcFvSmIfKmE
    [189] => tg_xBuL3S9TdcaQpVCpOs55vAmiUv8Ix9
    [190] => tg_WCkCTf0pTrn8wT5Vga2ak2u2b6U4jG
    [191] => tg_E0E2nta7J3vcP1BXFdQhyTIYyLZcTh
    [192] => tg_yguQaDrCX4sRHyusZCmoIu2wxKyPTv
    [193] => xdzz-228-02
    [194] => tg_9v3y1tH8IID2ObAOh7tIrIqGPUL5li
    [195] => gfx-227-03
    [196] => tg_Gejy6CaJU0EYR82x85J7TjKGPjSSZY
    [197] => tg_5tm9Wg2AXqKDoIwYbz1h5YBQ4FS8P3
    [198] => tg_q5tpNQkvjppy8orNkmvHjKeZoFDicc
    [199] => tg_9MSv9Id4g4YQ5HqkZSRgzWSsm3hDiU
    [200] => tg_e1XmOfhhxXMfenNMZuYv78znuFefbr
    [201] => tg_R8HYrK50f168ti9sOsZtaiQD2co59J
    [202] => tg_NtIayKgqI5dmws2phUaG2sd1trUmnc
    [203] => tg_gxMXCdvJJOAMmzsoXJMMaU34TPUY3s
    [204] => tg_spVeL0duhA4o33C3XVLMLcJeGzpLLx
    [205] => tg_OfaE1oD9jOkeCrMxFmwZmT29Ew1L5z
    [206] => tg_c0mUBBrcogdE5UvZCY2HnsSHyc6ePs
    [207] => tg_B2gRz6KoFotcJwvqLHiYqclhTRZjAI
    [208] => tg_lkJenLTf3uhjm38o51BofReYhEyBEj
    [211] => iszz-258-11
    [212] => tg_WObUg0waseMQMRqjvOnCzrgFmhUPVo
    [213] => 
    [214] => tg_HlAnvCbNuM4o6gu4lj9ouY9mA4dxfQ
    [215] => tg_DLgDR06dmMa0a6U2hBofa0ahtn29UH
    [216] => tg_6vi6nfVunqSTdJKQ729D5wPqwD65uc
    [218] => tg_CfiAkPLcWCKERyb9IHu6Ecf4fqCN0e
    [219] => tg_Gl4B6QurIAtwce1L8X9Drz0yYnpQAo
    [220] => tg_DRkQoc4JCBwlfXGBZt3S7Xe7qKbHuX
    [221] => tg_KGrCSe1a4ryaHXKDklFBnaD9pInRXq
    [222] => jymf-237-03
    [223] => tg_Yu783LP9jjPQKkQ4gZ37LJqiGsa8F2
    [226] => tg_JrFLtWsbbdLYlqboVhSzzxoHROQD4k
    [227] => tg_Ylsw4PyijBADuMjBqAvjXxmuH9Wj3F
    [228] => tg_HxU1CoCoVKqPjjfMcKZ0TzcyV77wqY
    [229] => tg_ZZgcgW1UXMwmQ7XrtNJNYgILCHkhvx
    [230] => tg_ztpR2HKML8hJFjprho1zfbkV0imFp4
    [232] => xyj-241-03
    [234] => tg_v7Jb3BIDODCQ1VtgtfAmw7kXJEEPfK
    [235] => tg_uRPJgNFRkhP1SYEz7vGMLo5cLwr10j
    [237] => tg_C279T8XrdTVBzfahN2pau9nO3JhRif
    [239] => tg_XFjHfg1mv3pPvJKCJ0JShkY18TdXxi
    [240] => tg_Qo1fvJS7zsXzyA2IXbpN0O63IkFczD
    [241] => tg_JXdNpFL3qYrFKCQydFp9kS0Es7uq9p
    [242] => tg_ODoUx9rQG9p7rnBZM2d19F8EQZ5utc
    [244] => tg_vfaj7fCIWHRW8AF6lOhWStml7M07BG
    [245] => tg_hjdu6ORJM7OG8QrXFIcC2xcYVRv9Dr
    [247] => iszz-258-02
    [248] => null
    [250] => tg_NO44EDPcEL3s66lwa9yRtCs9aY1gjc
    [252] => tg_OU20Xikl0SbparapZGvkebqzKhWQRE
    [253] => tg_q4hI4MqWZwu7ac1kh5pn4KFdNgeV4y
    [254] => wd-265-02
    [255] => dixy-232-01
    [256] => tg_ZJ8Nb6ClNjpPbMmknQY9rYULRdy2Id
    [257] => tg_CWHe7Hrfhl6JXuwTQhogiVXlCxO6f0
    [258] => tg_R1RDVqNHRQXgl4KJSMyZU2Tno2K9bg
    [260] => dixy-232-02
    [261] => tg_ZYpcDjcdzPXo9mq3BmOpV125UYut9U
    [262] => tg_1UrNa6pMG9ilFEbZCPTKAY22s7V5Cz
    [263] => sbkcq-294-01
    [264] => tg_Wn11xsfYxoYQKmXznDz7ic5H2PaJth
    [266] => tg_V3ZMC6AaWAUIgoEVwUp5VmHPypL3p1
    [267] => tg_prw2gIFGyrnJH79P6pDgYGJjanWPHY
    [268] => tg_pbdbbYp6CP7zmUcKsYxbNotXs9ZNFJ
    [269] => tg_3H9a1haRWXASZzcsseDOLdFDuXWGy9
    [270] => tg_hgxfsHaP3Nl6ta14BIeWsy7lPXS8e2
    [271] => tg_73mHAOuM3KdQa6oKLLG6XZgNWYlZCU
    [272] => tg_1t8ZHkzHsOjjfBQdO8Sp6xQb4Jqv5N
    [274] => tg_KSrTmGgyDYV81i5ltvne0CVaiHhXRQ
    [276] => tg_quBxwsHLnDcetKwYUeL0ZwGVhOWJvs
    [277] => tg_NCP73iALs0HQvWtKPZzGiEA3HSBsAa
    [279] => tg_tkywLzSIt5aSnvn3IajVveDiFKZPog
    [280] => tg_DXLdwJFBbmEClkeZrrzUr7M0x5UknP
    [281] => yxzxAPP-422-01
    [282] => tg_Ns2ruyRNGIFOc1V1cNXZTgYNXxKEzX
    [284] => tg_aFWrMTmCWEE0kaQmPHz5pWXf54vm83
    [285] => tg_rZLzNO4FSdY9hoRYNqEFV16bvYXuBb
    [286] => tg_BzSlq616dainWOMpgxtFCfaqMVWg3j
    [287] => tg_pdviUeEztqS8c3nE98GICfvvesETHJ
    [290] => tg_eNCWE4IqbTr4L3rXk6kxGeYdF0sdgw
    [291] => iszz-258-03
    [292] => sszj-260-03
    [296] => tg_5OSuPn9oHty6tDThXGVcWSFPKws79c
    [298] => tg_JlRqvBfsks2ni5ghWQqYA730uapFrC
    [299] => tg_YP3WF3TI3Mr7oCBqG4P1cEzXc7s0uA
    [301] => tg_Ol1QFxsnwmPTIifUX1pY0CFdr9g2cW
    [302] => tg_ukKVlFDkkWIyijtZbh7wQ9szez1vK1
    [304] => tg_rerMGmdYU9Jyeq8z0UUtJkITxPIPi2
    [305] => tg_hT9imoeBBJOa4aoOSH8s9D4nXulXQ3
    [309] => tg_mNXK59R18xrYtoBaxWNwkKYPBuKXQp
    [311] => tg_vC2YDzjcVUC15FGQBPgLNxYeO7Z5SQ
    [313] => tg_foInmUBJTEST2FsjE393noaqCL4YDz
    [314] => tg_z037kSsOTpOe64cmjLjl1nUsQAoDwW
    [316] => smsjOL-247-04
    [317] => iszz-258-10
    [318] => tg_IB6hnKY9LuosneMkON6vp3eobulWK3
    [320] => dfi2-252-02
    [324] => tg_G7iLAMkERZ5ZZ4eotZjjQMghR4aFpd
    [327] => tg_bemh9vIE1yhl2WLX8PC3K4kt6T56sl
    [329] => NBAftx-225-02
    [330] => tg_n3qXUbsViYy6M8zO55x3jxvAMHZa2W
    [331] => tg_MgtczvSC2Y8RhwzpkFMfLrp6BnzFJA
    [332] => qqics-242-03
    [334] => tg_a3MwwHqtFVIIu2wAcJtxFP9Qq6YXdU
    [336] => iziy-262-03
    [339] => tg_lfUx09OXmzxWGLxjyNqiYhji1J6o3S
    [341] => tg_YdzBBvglsoXidJdKCmWrG85bql5kG4
    [342] => iszz-258-04
    [343] => tg_IkrlXzTXRIz8Ff1EmFcvknDMveHyZy
    [344] => tg_JJZYD6SJy3SJ6c0AKRp1GmB5UqZ2jg
    [350] => tg_AXIXnbBwMpJMQDEe2VSEWJmTX2afnP
    [351] => tg_iqfTzQ8SlRMYUsxMhhHnvScsJrc5by
    [353] => tg_AhvgWr5nY3iUQ6aOmZ235ZRzNfupkg
    [358] => tg_NgwIwYVjAzXZn1QBJC68rQwtm8qAnv
    [361] => tg_2ARVHpH2uWK1GKxxu0Zg0YChSYsj0O
    [362] => tg_fGavmBEmEeJaNl84wbOJXtzYoz3ImT
)

有效渠道个数：286
有效渠道array：
Array
(
    [0] => 6468
    [1] => 6447
    [2] => 6434
    [3] => 6421
    [4] => 6253
    [5] => 6251
    [6] => 5872
    [7] => 5728
    [8] => 5727
    [9] => 5726
    [10] => 5717
    [11] => 5174
    [12] => 4637
    [13] => 4575
    [14] => 4243
    [15] => 4183
    [16] => 4094
    [17] => 3413
    [18] => 2919
    [19] => 2749
    [20] => 2554
    [21] => 2547
    [22] => 2523
    [23] => 2505
    [24] => 2456
    [25] => 2446
    [26] => 2437
    [27] => 2434
    [28] => 2407
    [29] => 2402
    [30] => 2395
    [31] => 2394
    [32] => 2393
    [33] => 2391
    [34] => 2388
    [35] => 2387
    [36] => 2386
    [37] => 2385
    [38] => 2381
    [39] => 2377
    [40] => 2282
    [41] => 2281
    [42] => 2280
    [43] => 2275
    [44] => 2274
    [45] => 2273
    [46] => 2272
    [47] => 2271
    [48] => 2270
    [49] => 2269
    [50] => 2268
    [51] => 2267
    [52] => 2266
    [53] => 2265
    [54] => 2264
    [55] => 2263
    [56] => 2262
    [57] => 2260
    [58] => 2259
    [59] => 2258
    [60] => 2256
    [61] => 2255
    [62] => 2254
    [63] => 2231
    [64] => 2221
    [65] => 2218
    [66] => 2215
    [67] => 2210
    [68] => 2099
    [69] => 2094
    [70] => 2090
    [71] => 2073
    [72] => 2055
    [73] => 2045
    [74] => 1896
    [75] => 1884
    [76] => 1877
    [77] => 1875
    [78] => 1872
    [79] => 1870
    [80] => 1869
    [81] => 1859
    [82] => 1856
    [83] => 1854
    [84] => 1840
    [85] => 1837
    [86] => 1825
    [87] => 1824
    [88] => 1823
    [89] => 1821
    [90] => 1814
    [91] => 1811
    [92] => 1809
    [93] => 1803
    [94] => 1801
    [95] => 1800
    [96] => 1650
    [97] => 1647
    [98] => 1638
    [99] => 1637
    [100] => 1631
    [101] => 1630
    [102] => 1629
    [103] => 1620
    [104] => 1618
    [105] => 1617
    [106] => 1604
    [107] => 1601
    [108] => 1595
    [109] => 1559
    [110] => 1557
    [111] => 1555
    [112] => 1553
    [113] => 1531
    [114] => 1526
    [115] => 1524
    [116] => 1519
    [117] => 1491
    [118] => 1488
    [119] => 1481
    [120] => 1480
    [121] => 1476
    [122] => 1475
    [123] => 1470
    [124] => 1464
    [125] => 1461
    [126] => 1459
    [127] => 1457
    [128] => 1431
    [129] => 1428
    [130] => 1419
    [131] => 1418
    [132] => 1417
    [133] => 1393
    [134] => 1392
    [135] => 1389
    [136] => 1380
    [137] => 1347
    [138] => 1346
    [139] => 1344
    [140] => 1343
    [141] => 1338
    [142] => 1337
    [143] => 1335
    [144] => 1324
    [145] => 1306
    [146] => 1305
    [147] => 1292
    [148] => 1139
    [149] => 1134
    [150] => 1123
    [151] => 1120
    [152] => 1115
    [153] => 1110
    [154] => 1101
    [155] => 1077
    [156] => 1056
    [157] => 1047
    [158] => 1012
    [159] => 1009
    [160] => 999
    [161] => 998
    [162] => 994
    [163] => 971
    [164] => 946
    [165] => 944
    [166] => 927
    [167] => 915
    [168] => 913
    [169] => 910
    [170] => 885
    [171] => 876
    [172] => 873
    [173] => 872
    [174] => 871
    [175] => 867
    [176] => 866
    [177] => 860
    [178] => 857
    [179] => 855
    [180] => 851
    [181] => 850
    [182] => 843
    [183] => 841
    [184] => 836
    [185] => 825
    [186] => 805
    [187] => 800
    [188] => 799
    [189] => 798
    [190] => 785
    [191] => 775
    [192] => 764
    [193] => 758
    [194] => 753
    [195] => 751
    [196] => 728
    [197] => 727
    [198] => 725
    [199] => 724
    [200] => 717
    [201] => 713
    [202] => 697
    [203] => 696
    [204] => 694
    [205] => 689
    [206] => 686
    [207] => 685
    [208] => 683
    [209] => 680
    [210] => 678
    [211] => 677
    [212] => 657
    [213] => 656
    [214] => 654
    [215] => 615
    [216] => 593
    [217] => 592
    [218] => 589
    [219] => 588
    [220] => 582
    [221] => 581
    [222] => 579
    [223] => 572
    [224] => 563
    [225] => 562
    [226] => 542
    [227] => 536
    [228] => 535
    [229] => 533
    [230] => 528
    [231] => 527
    [232] => 526
    [233] => 478
    [234] => 477
    [235] => 476
    [236] => 464
    [237] => 462
    [238] => 460
    [239] => 456
    [240] => 453
    [241] => 441
    [242] => 439
    [243] => 433
    [244] => 430
    [245] => 429
    [246] => 427
    [247] => 416
    [248] => 412
    [249] => 409
    [250] => 407
    [251] => 405
    [252] => 404
    [253] => 403
    [254] => 399
    [255] => 398
    [256] => 396
    [257] => 392
    [258] => 389
    [259] => 386
    [260] => 384
    [261] => 381
    [262] => 380
    [263] => 379
    [264] => 377
    [265] => 374
    [266] => 373
    [267] => 371
    [268] => 370
    [269] => 369
    [270] => 368
    [271] => 324
    [272] => 311
    [273] => 309
    [274] => 300
    [275] => 297
    [276] => 296
    [277] => 295
    [278] => 293
    [279] => 270
    [280] => 262
    [281] => 223
    [282] => 184
    [283] => 167
    [284] => 141
    [285] => 14
)

