2016-09-17 00:12:16
统计当天：2016-09-16
渠道个数（即dailyaccount的个数）：1968
渠道sql：
select * from yx_tg_source S left join yx_tg_game G on S.gameid = G.gameid where S.activeflag = 1 and G.activeflag = 1 and G.isonstack = 0  and S.createtime<='2016-09-16 23:59:59' order by S.id desc
活跃渠道个数：237
活跃渠道array：
Array
(
    [0] => tg_iNBVgkrz7R1IOCXEEJfkIlPzdSGnyI
    [1] => tg_2WbWHagMS2SOb5xOSfVRLGlIn1S33u
    [2] => tg_iqfTzQ8SlRMYUsxMhhHnvScsJrc5by
    [3] => tg_NCP73iALs0HQvWtKPZzGiEA3HSBsAa
    [4] => tg_VZuGbtPK119VaeXIfeAFPpCwPVuF4q
    [5] => tg_1nGplhQDLUI1MZSEUXMNUL84CHOPpX
    [6] => tg_2NsHXZzeADPI3sOdsGvb5UWmUgvIq3
    [7] => tg_caJsC7EfMOzEbr9mIg1Oi8xmFBpxw6
    [8] => tg_R1RDVqNHRQXgl4KJSMyZU2Tno2K9bg
    [9] => tg_hfQFP1T5unIBwVwmYZ84lmbLUk6Hql
    [10] => tg_W2pysd1dY4bhFAxFDmSbPJAAXMZAJP
    [11] => tg_IHodxJNKrfS0xxajkR6tAtkpohQvUu
    [12] => iziy-262-03
    [13] => tg_NO44EDPcEL3s66lwa9yRtCs9aY1gjc
    [14] => tg_5QH6cQj37W9Aiel0tFJsWqgDtezJLR
    [15] => tg_9qi3bVuFrRYnjckoJq4Dtos0NVwJYt
    [16] => iszz-258-09
    [17] => tg_gxMXCdvJJOAMmzsoXJMMaU34TPUY3s
    [18] => qqics-242-03
    [19] => sji2-257-03
    [20] => tg_Q0OXBqTKUT4gxwLdq8cEyinsbxvWsh
    [21] => tg_YSA05Nah8JewKgqX9nr7Acwb2aBxyl
    [22] => fzj-291-01
    [23] => tg_rZLzNO4FSdY9hoRYNqEFV16bvYXuBb
    [24] => tg_MwmQeDM6z2hcH7FkvAQSikHdIAwg1t
    [25] => tg_Ns2ruyRNGIFOc1V1cNXZTgYNXxKEzX
    [26] => tg_mNXK59R18xrYtoBaxWNwkKYPBuKXQp
    [27] => tg_jCHJyMptnrEeCRtLvWCna1UgFDOg12
    [28] => tg_luMOlzXMsvqQNqaAuBhkolxOxGtjmA
    [29] => tg_AXIXnbBwMpJMQDEe2VSEWJmTX2afnP
    [30] => tg_Sewxs3XtPGOLYiORI5Pkg7odXeAKXN
    [31] => tg_5OSuPn9oHty6tDThXGVcWSFPKws79c
    [32] => tg_Trn7YSQVVtNZzq3Fw768fo98JN0n65
    [33] => tg_wdPlPXqIiLNs9uy7Ml0oOQKl3eamzQ
    [34] => wd-265-03
    [35] => tg_au4IVxZIqUPkIsk9WHXh5V7naKiSIK
    [36] => tg_Hllcezo5vcG6IuqIwwwGQ0oYw0mGPL
    [37] => tg_isZoXNhPlO746tHMSp9H4QBHsPxXNI
    [38] => tg_sM3nfqDJy3Vy5aPurriOPCdX9iEJma
    [39] => tg_gGqT8bYbaxpqLD1XpnsxYSJ3XLlWdc
    [40] => tg_foInmUBJTEST2FsjE393noaqCL4YDz
    [41] => tg_q5tpNQkvjppy8orNkmvHjKeZoFDicc
    [42] => tg_NgwIwYVjAzXZn1QBJC68rQwtm8qAnv
    [43] => tg_Ybl9xENxHsfVBPK7IBZikgc9icV0p0
    [44] => xdzz-228-03
    [45] => tg_OelNZbsZicvSlFyKZY006o7gBOtSKO
    [46] => zyj-263-04
    [47] => tg_vfaj7fCIWHRW8AF6lOhWStml7M07BG
    [48] => tg_Wn11xsfYxoYQKmXznDz7ic5H2PaJth
    [49] => tg_OfaE1oD9jOkeCrMxFmwZmT29Ew1L5z
    [50] => tg_DSCeq49dAY1NXszMuPT6YSvlibLEV5
    [51] => dfi2-252-03
    [52] => tg_XsxYkTvYKaFEZLomJmAIGTxKh6t473
    [53] => tg_PXQG1MoeGb9uQy94DtZg3mBtr0ErUI
    [54] => tg_Zs0k3Wft4sZSUPLhqKbS72Fumhrxnx
    [55] => tg_a5q2q9GN2xABq86jM9pwiS8iyBJVfW
    [56] => tg_lH8i7vtt5Vyi4nU4poSm8Iv68PqS5A
    [57] => tg_JZ9J3vGNs6fiYDpid1fLVXAcdmnJGC
    [58] => tg_drMtMAGjrdLVF86Dy6lyVbFyRP7cxt
    [59] => xdzz-228-01
    [60] => xdzz-228-06
    [61] => tg_radynjycJycQAFuAfK5GP6rDqGT6ed
    [62] => tg_cYKbmfe1jYW21pNtqPwQKQlHEFz6HA
    [63] => tg_zRnBcW23chp2xLf0qaD1SZynlCrOYp
    [64] => tg_5FOr48Gz5m1Z2G62PmlhHhMRnZKooO
    [65] => tg_ukKVlFDkkWIyijtZbh7wQ9szez1vK1
    [66] => tg_bWN4ISOqWcdLGPLqWK0mc2Dhk0BZW3
    [67] => tg_BL1cvYB10xHPlkyqQCXE7m6l9qVzKO
    [68] => tg_Nc0TlciG0UmfWoTeOnldJ1rTU6XeE9
    [69] => tg_xyeEpNy38LrPrmO7kN8DtktaBlDieY
    [70] => tg_N3n5bMNK8zcr4pfuMwWwZ8rQ1S89xz
    [71] => tg_v7Jb3BIDODCQ1VtgtfAmw7kXJEEPfK
    [72] => tg_mrIHzdJ5a7cXVH9W4aDyn8BcY3sEWL
    [73] => xyj-241-04
    [74] => tg_iTu7R5kBoS3ZwvVAV0dsCpeGvSwNDW
    [75] => tg_rRkZhxKJLkEkZmjdQjKd7tjDz8Ko6D
    [76] => tg_USQULvLd7jEwvAnEXP6ogWMPmBcWXF
    [77] => tg_eKgpglHNQWuU8NNeLUHKwpPPblhbJx
    [78] => tg_xEplWJZkxbKqE6TfgeL443TSmb1nA5
    [79] => tg_lCJYqGb6SZqrkFLya5lrzcauMahixa
    [80] => tg_tqrdOEQGez8JLhsu6eKlKfqBQ95Nv9
    [82] => tg_DwNO8ixOfJ2rY1XNclifft83mhYTi4
    [83] => tg_2ARVHpH2uWK1GKxxu0Zg0YChSYsj0O
    [84] => xyj-241-17
    [85] => tg_Fd3SdzZtnTEsxDiZUdbgxPg5RxVWFv
    [86] => tg_CMn3QsdnmrYBklOoZVQMNZsa0x91F5
    [87] => gfx-227-02
    [89] => tg_o028lSVS26po0ZFjgGHlegKtggqz9S
    [90] => dixl-277-03
    [91] => tg_OR6k1HjrRFrcg1DYYkX3RZNfmsAJfA
    [92] => tg_EEhdfSGvb9S7p5QAPsXJRDPUPfeSxU
    [93] => tg_7ygUWViw2QMvlKmC2Pi0MP5W6qypmc
    [94] => tg_iu56kFIsU8Go2yDBRIhyBqxV8YTaqb
    [95] => tg_BX7jbPiBrO3Lbj4y7kRa9Zw7d5W5pt
    [96] => tg_BzSlq616dainWOMpgxtFCfaqMVWg3j
    [97] => tg_mc19Db7rj7wDQl11dYC545i5bK5SyY
    [98] => tg_GMTqei4u3HsEi273emHLsPpYI3B6DW
    [99] => tg_9svDGMMYJz3JrJlA5yZkJ0dVtaUb4m
    [100] => tg_LZVNb8oMP1vPlllm0EKGZKP5Fr09kS
    [101] => tg_77gFvmZyqqb5ZTA3643TFpwCYz8Jas
    [102] => tg_4xaqzJIbeZOX10X6NI4jgUD3d7kYwn
    [103] => tg_9wMQEwx1XSgzc6p1L1icWOicF6gRTs
    [104] => 
    [105] => tg_AiJwHtn43hGHh0Q6lFNUKaOFnTJSdP
    [106] => tg_CzAs7KojtFjuTDyUcuBu0J6ECOeMUh
    [107] => tg_1EINsQaerAIg5QtrK92gm7n6zSfR7D
    [108] => tg_jVaInI6nlTytxENBtvj0QGDG4ROnQZ
    [109] => tg_yguQaDrCX4sRHyusZCmoIu2wxKyPTv
    [110] => tg_qHza9gIeJGTH2MKaWSDdJWO2bAcfty
    [111] => tg_tWxsqLc2DyZW0xhEjU2AGnkAg8rSzH
    [112] => tg_Ri2NPtmmh1FsYTXg1bpBcSfD0VdpP7
    [113] => tg_U7dQFVw0JZmpH11lmYHLR5qIsPJy3K
    [114] => tg_c0mUBBrcogdE5UvZCY2HnsSHyc6ePs
    [115] => tg_rmk6gWq0INJZaYZ6tgqFPmq3z5eqNm
    [116] => tg_9dPvkn3tpmwMqW38bgHdjAgMYuqf1G
    [118] => tg_hGFVwlehGMFc5AVTI0APT2AXvSQeGu
    [119] => tg_JYWGy6Lv2jwnMs8SqyRiEdd3aHRvvv
    [122] => tg_I0YvXhD2svI5uMg8BdLS62F6ZFzP9c
    [123] => tg_3H9a1haRWXASZzcsseDOLdFDuXWGy9
    [125] => tg_vHJuYyncAfyWx0OBOTNBzBs4VDbYKa
    [127] => tg_D3OC96S53NgitjGQM8exL3wMjxkf4X
    [128] => tg_IG3MtJ7JOXqsan5jjyzdOs1dngskIJ
    [129] => tg_Gejy6CaJU0EYR82x85J7TjKGPjSSZY
    [130] => dixy-232-03
    [131] => cbws-283-03
    [132] => iziy-262-04
    [133] => tg_jejMxEyTgyxOGvlI2GYJusOt3QDOGb
    [134] => tg_SWqbqvLqDQyYjsG9jBBHZo8bF5l6yj
    [135] => tg_u1US2O9i4Z0zNFhwCpRHFpjjJ2Ti4w
    [136] => zyj-263-03
    [137] => tg_oYeamNiVoPhCQ43VMK6OhFySsqpVbh
    [138] => tg_hjdu6ORJM7OG8QrXFIcC2xcYVRv9Dr
    [139] => tg_vCsJpv46Zy29l982dIplz8UWDvylOA
    [140] => tg_kvTh1eV254JKcMoQPmaF50ZSF2YI8r
    [141] => tg_QZZFggp5dA4nZym1yeDjbwGvJrDxrz
    [142] => tg_OU20Xikl0SbparapZGvkebqzKhWQRE
    [143] => tg_WCkCTf0pTrn8wT5Vga2ak2u2b6U4jG
    [144] => tg_oGuXovKoRUbLPmHuvs3UuIE9aeMS2u
    [145] => tg_YP3WF3TI3Mr7oCBqG4P1cEzXc7s0uA
    [146] => tg_HAE4GeBnupqKgTMoKVfdqFSpbGZqdw
    [147] => tg_v2Qd56QlqG5MyJCuSizLIu252lHZgr
    [148] => tg_GXKFwldOWDrQ9XB8plFtCj91dyXAIh
    [149] => tg_mcEuJVtSvdAtVUENaRDVMBLSq8APnS
    [151] => tg_pdviUeEztqS8c3nE98GICfvvesETHJ
    [152] => tg_x7V0CXex19izghRLpbsKQuQz4iWGFy
    [153] => gfx-227-03
    [154] => tg_dE40iVMPYicK6apZag3A7mu7y50uQ9
    [155] => tg_ZPo6AUjenS3o8rOmul8XP3mZ4bHixh
    [156] => dixl-277-02
    [157] => tg_cpZrEKR0IJ4S1rcmaswi8oADsic8pk
    [159] => lwzr-239-03
    [160] => tg_V4rCcoFzbBkK9PCpIYlOHxsf6WUDQr
    [161] => tg_spVeL0duhA4o33C3XVLMLcJeGzpLLx
    [162] => tg_ztpR2HKML8hJFjprho1zfbkV0imFp4
    [163] => tg_iCdPvpx09yXS6AqVoH99GaBcG8K6Bx
    [164] => dfbb-261-03
    [166] => tg_6jUp3DnwQlVKwly7ksK225akkquoO3
    [167] => tg_WObUg0waseMQMRqjvOnCzrgFmhUPVo
    [168] => sdyxc3D-243-03
    [169] => xyj-241-12
    [170] => tg_HlAnvCbNuM4o6gu4lj9ouY9mA4dxfQ
    [171] => tg_OD7FcltYU9ZyDt7rn6beaylFAAVT5D
    [172] => tg_9exPJH0wBZ8HTOnBGIBAUy7Pd5KItg
    [173] => tg_ymld57G5I4vbEL4xKP4jLw7Orz8ckF
    [174] => tg_S4NEvPc0JjEOnqEdXTK7gKhzEqpxpB
    [175] => dixy-232-02
    [177] => tg_vC2YDzjcVUC15FGQBPgLNxYeO7Z5SQ
    [178] => ijilz-249-03
    [179] => tg_9v3y1tH8IID2ObAOh7tIrIqGPUL5li
    [180] => jymf-237-03
    [181] => tg_Qo1fvJS7zsXzyA2IXbpN0O63IkFczD
    [182] => iszz-258-11
    [183] => xyj-241-03
    [184] => tg_Gl4B6QurIAtwce1L8X9Drz0yYnpQAo
    [185] => tg_eXfOrB7ZM7cDO2nqwzIwswNwbLhnlJ
    [186] => tg_5OfKZXixp7CjR7XPU0W90lqqqTFk5J
    [187] => tg_xX5O7gsz5V7ioS8CXkxejkdaaSilqn
    [188] => tg_rxk5PfhQq0bSCryZmN7GIozF5JXeYS
    [189] => tg_e1XmOfhhxXMfenNMZuYv78znuFefbr
    [190] => tg_hNjMap3hjNuOedvUnzvAWJBXgasDJc
    [191] => tg_Uzk9TWGhQpn8JMmxrdOv3sknjw9Rpv
    [192] => tg_rRyHzAFMUdV7axvQjFOLFWcimW2ISs
    [194] => tg_ExtRRmq70LZ5cPOsbOSWEzt7KRjR70
    [195] => sszj-260-03
    [196] => tg_6vi6nfVunqSTdJKQ729D5wPqwD65uc
    [197] => xyj-241-02
    [198] => tg_JXdNpFL3qYrFKCQydFp9kS0Es7uq9p
    [199] => tg_zjUY3zgmqTzHY6gaBbz0V5axvkeADq
    [202] => tg_mFtD7NWQksoGcdkYjyTLyCGBW5LAiU
    [204] => tg_a3MwwHqtFVIIu2wAcJtxFP9Qq6YXdU
    [206] => tg_CWHe7Hrfhl6JXuwTQhogiVXlCxO6f0
    [207] => tg_oAoVUwkuOeyVVQ05jZL3XRH3CJPrbR
    [208] => tg_E0E2nta7J3vcP1BXFdQhyTIYyLZcTh
    [209] => tg_K0pEZu5hdS2GSPqNeZag1EHxsLH3vM
    [211] => tg_Ol1QFxsnwmPTIifUX1pY0CFdr9g2cW
    [212] => tg_3GSSy8PYKoFrup8G30jsux8ihQxkGc
    [213] => tg_Yu783LP9jjPQKkQ4gZ37LJqiGsa8F2
    [214] => tg_V3ZMC6AaWAUIgoEVwUp5VmHPypL3p1
    [217] => iszz-258-10
    [218] => tg_ICEcjc9rCPIBR46UAcqeZksnO8Wi9M
    [219] => ly-266-03
    [220] => NBAftx-225-02
    [221] => tg_v2aSduKnJJ5NKXAAkCTPEOYo7JnS94
    [222] => tg_Ylsw4PyijBADuMjBqAvjXxmuH9Wj3F
    [223] => iszz-258-02
    [224] => tg_KMpuyo1EOdaG6l4RIJxknESqe8i1do
    [227] => cbws-283-02
    [229] => tg_ceyjwgtKjdoAWvo2vbmAPUZ25nKLFW
    [231] => tg_euSiCujjVYyRZq2bhlsayXa9gchpUb
    [232] => wd-265-02
    [233] => tg_aFWrMTmCWEE0kaQmPHz5pWXf54vm83
    [235] => smsjOL-247-04
    [236] => tg_T0Ed5mmvuRdVzcxLWCLs9R6BGf0EaP
    [238] => xdzz-228-02
    [239] => tg_uRPJgNFRkhP1SYEz7vGMLo5cLwr10j
    [243] => tg_hgxfsHaP3Nl6ta14BIeWsy7lPXS8e2
    [245] => tg_KSrTmGgyDYV81i5ltvne0CVaiHhXRQ
    [247] => tg_q4hI4MqWZwu7ac1kh5pn4KFdNgeV4y
    [250] => tg_45XdvoRQ0ociugoONfDiRVbC6PSadH
    [254] => byxxc-238-03
    [255] => dixy-232-01
    [256] => tg_lfUx09OXmzxWGLxjyNqiYhji1J6o3S
    [258] => tg_rerMGmdYU9Jyeq8z0UUtJkITxPIPi2
    [259] => tg_YdzBBvglsoXidJdKCmWrG85bql5kG4
    [267] => tg_G7iLAMkERZ5ZZ4eotZjjQMghR4aFpd
    [268] => tg_NIGftm0hA1EjxWm9DKPuA69NSdLiBs
    [270] => tg_9L7imM0iNMHDvx030tEttb2gY6yAvf
    [271] => tg_MgtczvSC2Y8RhwzpkFMfLrp6BnzFJA
    [273] => tg_4gxvdgBfeXfU0Mkm1t3kqb6ftdzOMG
    [274] => tg_VY5fuFU8pF4jMVrZsTPAcRbAbM68ZA
    [278] => tg_Ok1V5icI9vmONx23EKbYHVP56i1pYd
    [281] => tg_Uuu7DKIS1H6x1tYmIF3QwX7uhrg7pM
    [282] => tg_pVLKwuqunHstVkThsuG9m9ZSFNKY4Z
    [287] => tg_n3qXUbsViYy6M8zO55x3jxvAMHZa2W
    [290] => iszz-258-04
    [293] => tg_xynK92e6Ss0NWnCvL8CCENHHEqAka4
    [294] => iszz-258-03
)

有效渠道个数：230
有效渠道array：
Array
(
    [0] => 2096
    [1] => 2094
    [2] => 2090
    [3] => 2074
    [4] => 2073
    [5] => 2060
    [6] => 2045
    [7] => 1884
    [8] => 1877
    [9] => 1876
    [10] => 1875
    [11] => 1872
    [12] => 1870
    [13] => 1859
    [14] => 1856
    [15] => 1854
    [16] => 1840
    [17] => 1837
    [18] => 1829
    [19] => 1825
    [20] => 1824
    [21] => 1823
    [22] => 1821
    [23] => 1814
    [24] => 1809
    [25] => 1803
    [26] => 1801
    [27] => 1800
    [28] => 1650
    [29] => 1647
    [30] => 1645
    [31] => 1638
    [32] => 1637
    [33] => 1631
    [34] => 1630
    [35] => 1629
    [36] => 1620
    [37] => 1618
    [38] => 1617
    [39] => 1614
    [40] => 1604
    [41] => 1601
    [42] => 1599
    [43] => 1595
    [44] => 1559
    [45] => 1557
    [46] => 1555
    [47] => 1553
    [48] => 1531
    [49] => 1529
    [50] => 1526
    [51] => 1524
    [52] => 1519
    [53] => 1491
    [54] => 1488
    [55] => 1481
    [56] => 1480
    [57] => 1478
    [58] => 1476
    [59] => 1475
    [60] => 1470
    [61] => 1464
    [62] => 1461
    [63] => 1459
    [64] => 1457
    [65] => 1452
    [66] => 1436
    [67] => 1431
    [68] => 1430
    [69] => 1428
    [70] => 1419
    [71] => 1417
    [72] => 1393
    [73] => 1392
    [74] => 1391
    [75] => 1389
    [76] => 1380
    [77] => 1346
    [78] => 1343
    [79] => 1337
    [80] => 1335
    [81] => 1324
    [82] => 1306
    [83] => 1305
    [84] => 1304
    [85] => 1292
    [86] => 1280
    [87] => 1140
    [88] => 1139
    [89] => 1136
    [90] => 1134
    [91] => 1123
    [92] => 1120
    [93] => 1115
    [94] => 1110
    [95] => 1102
    [96] => 1101
    [97] => 1078
    [98] => 1077
    [99] => 1074
    [100] => 1056
    [101] => 1047
    [102] => 1012
    [103] => 1009
    [104] => 999
    [105] => 998
    [106] => 971
    [107] => 946
    [108] => 944
    [109] => 941
    [110] => 915
    [111] => 913
    [112] => 910
    [113] => 885
    [114] => 881
    [115] => 876
    [116] => 873
    [117] => 872
    [118] => 871
    [119] => 867
    [120] => 866
    [121] => 860
    [122] => 857
    [123] => 856
    [124] => 855
    [125] => 854
    [126] => 851
    [127] => 850
    [128] => 843
    [129] => 836
    [130] => 825
    [131] => 800
    [132] => 799
    [133] => 798
    [134] => 785
    [135] => 775
    [136] => 758
    [137] => 753
    [138] => 751
    [139] => 728
    [140] => 727
    [141] => 717
    [142] => 713
    [143] => 701
    [144] => 697
    [145] => 696
    [146] => 695
    [147] => 694
    [148] => 689
    [149] => 686
    [150] => 685
    [151] => 683
    [152] => 680
    [153] => 678
    [154] => 677
    [155] => 658
    [156] => 657
    [157] => 656
    [158] => 654
    [159] => 616
    [160] => 615
    [161] => 593
    [162] => 589
    [163] => 588
    [164] => 582
    [165] => 581
    [166] => 579
    [167] => 572
    [168] => 563
    [169] => 562
    [170] => 542
    [171] => 536
    [172] => 535
    [173] => 533
    [174] => 528
    [175] => 527
    [176] => 526
    [177] => 478
    [178] => 477
    [179] => 476
    [180] => 464
    [181] => 462
    [182] => 460
    [183] => 456
    [184] => 453
    [185] => 441
    [186] => 439
    [187] => 433
    [188] => 429
    [189] => 427
    [190] => 421
    [191] => 416
    [192] => 409
    [193] => 407
    [194] => 405
    [195] => 404
    [196] => 403
    [197] => 399
    [198] => 398
    [199] => 396
    [200] => 392
    [201] => 389
    [202] => 386
    [203] => 384
    [204] => 381
    [205] => 380
    [206] => 379
    [207] => 377
    [208] => 374
    [209] => 373
    [210] => 371
    [211] => 370
    [212] => 369
    [213] => 368
    [214] => 324
    [215] => 323
    [216] => 309
    [217] => 300
    [218] => 297
    [219] => 296
    [220] => 295
    [221] => 293
    [222] => 270
    [223] => 262
    [224] => 259
    [225] => 223
    [226] => 174
    [227] => 167
    [228] => 141
    [229] => 14
)

