2016-10-23 00:35:14
统计当天：2016-10-22
渠道个数（即dailyaccount的个数）：7082
渠道sql：
select * from yx_tg_source S left join yx_tg_game G on S.gameid = G.gameid where S.activeflag = 1 and G.activeflag = 1 and G.isonstack = 0  and S.createtime<='2016-10-22 23:59:59' order by S.id desc
活跃渠道个数：328
活跃渠道array：
Array
(
    [0] => tg_v7cDnrslnzqxIArJ4erBCApkpQRJeE
    [1] => tg_5OSuPn9oHty6tDThXGVcWSFPKws79c
    [2] => tg_e1XmOfhhxXMfenNMZuYv78znuFefbr
    [3] => sszj-260-03
    [4] => tg_sM3nfqDJy3Vy5aPurriOPCdX9iEJma
    [5] => tg_au4IVxZIqUPkIsk9WHXh5V7naKiSIK
    [6] => tg_1wDDLzkjbW3Pb8jzRrA01incmPqYhQ
    [7] => tg_NO44EDPcEL3s66lwa9yRtCs9aY1gjc
    [8] => ly-266-03
    [9] => tg_QZZFggp5dA4nZym1yeDjbwGvJrDxrz
    [10] => tg_aFWrMTmCWEE0kaQmPHz5pWXf54vm83
    [11] => tg_It3ZrGnxHnT527Li1JsFPEbAXHFsnx
    [12] => iszz-258-04
    [13] => COK-223-01
    [14] => tg_mGHUeBsI32LYmovto5wB74q45NSYQy
    [15] => tg_Zs0k3Wft4sZSUPLhqKbS72Fumhrxnx
    [16] => tg_GXKFwldOWDrQ9XB8plFtCj91dyXAIh
    [17] => tg_sN4DNq0d4Vg5WHZg9OWPsd4bjkM0hL
    [18] => iszz-258-09
    [19] => fzj-291-01
    [20] => tg_YP3WF3TI3Mr7oCBqG4P1cEzXc7s0uA
    [21] => tg_quBxwsHLnDcetKwYUeL0ZwGVhOWJvs
    [22] => tg_mNXK59R18xrYtoBaxWNwkKYPBuKXQp
    [23] => tg_W2yyQXCxIyTIwSbFXX4j5shu4N3mrk
    [24] => tg_v2aSduKnJJ5NKXAAkCTPEOYo7JnS94
    [25] => tg_uKdkYuLOUZ6dYpKawiPxSlws5C3p2Q
    [26] => tg_IHodxJNKrfS0xxajkR6tAtkpohQvUu
    [27] => tg_prw2gIFGyrnJH79P6pDgYGJjanWPHY
    [28] => tg_Ol1QFxsnwmPTIifUX1pY0CFdr9g2cW
    [29] => tg_9DneKn1CDJFWOGcDYBJNlApta8VGdl
    [30] => tg_iqfTzQ8SlRMYUsxMhhHnvScsJrc5by
    [31] => tg_fl4scLZ4FiUV9noT00XsT0B55NgKEK
    [32] => tg_xynK92e6Ss0NWnCvL8CCENHHEqAka4
    [33] => yw3-240-03
    [34] => tg_Spjn27BpHac5Q481Rr5zp1q1m3soZ2
    [35] => xdzz-228-03
    [36] => tg_u5jkBNVLd4lnnf9w8P6FZVnCleJITd
    [37] => tg_MdY8o3ka4HnFeP8j7JprigdSox5agX
    [38] => tg_5OfKZXixp7CjR7XPU0W90lqqqTFk5J
    [39] => tg_isZoXNhPlO746tHMSp9H4QBHsPxXNI
    [40] => tg_NKOwsJ0b1FzamrotErpd6jgYsKAN2v
    [41] => tg_zIE36IpaEbThVLZgMNej31QQ7USmDL
    [42] => tg_2NsHXZzeADPI3sOdsGvb5UWmUgvIq3
    [43] => tg_XsxYkTvYKaFEZLomJmAIGTxKh6t473
    [44] => tg_MwmQeDM6z2hcH7FkvAQSikHdIAwg1t
    [45] => wd-265-03
    [46] => tg_hfQFP1T5unIBwVwmYZ84lmbLUk6Hql
    [47] => tg_G7iLAMkERZ5ZZ4eotZjjQMghR4aFpd
    [48] => tg_NgwIwYVjAzXZn1QBJC68rQwtm8qAnv
    [49] => sdyxc3D-243-03
    [50] => tg_DSCeq49dAY1NXszMuPT6YSvlibLEV5
    [51] => tg_JZ9J3vGNs6fiYDpid1fLVXAcdmnJGC
    [52] => tg_Uzk9TWGhQpn8JMmxrdOv3sknjw9Rpv
    [53] => dfi2-252-03
    [54] => iziy-262-03
    [55] => zyj-263-04
    [56] => tg_Trn7YSQVVtNZzq3Fw768fo98JN0n65
    [57] => tg_jCHJyMptnrEeCRtLvWCna1UgFDOg12
    [58] => tg_wdPlPXqIiLNs9uy7Ml0oOQKl3eamzQ
    [59] => tg_3DSNWRoGvcnS1USj7RLdEQ1Anm4nds
    [60] => tg_euSiCujjVYyRZq2bhlsayXa9gchpUb
    [61] => tg_VZuGbtPK119VaeXIfeAFPpCwPVuF4q
    [62] => tg_dcZ5QIL64ZnGI4GY1HWwh29nKXB9BK
    [63] => tg_YSA05Nah8JewKgqX9nr7Acwb2aBxyl
    [64] => tg_T0Ed5mmvuRdVzcxLWCLs9R6BGf0EaP
    [65] => tg_77gFvmZyqqb5ZTA3643TFpwCYz8Jas
    [66] => tg_lH8i7vtt5Vyi4nU4poSm8Iv68PqS5A
    [67] => tg_PXQG1MoeGb9uQy94DtZg3mBtr0ErUI
    [68] => tg_a5q2q9GN2xABq86jM9pwiS8iyBJVfW
    [69] => tg_OelNZbsZicvSlFyKZY006o7gBOtSKO
    [70] => tg_6vi6nfVunqSTdJKQ729D5wPqwD65uc
    [71] => dcfy-250-04
    [72] => tg_n7kYaKqcjBqgEHemPV870cpqG0QgFD
    [73] => tg_WxyICK73BRFOH62RcXpAgw7TCRgkLE
    [74] => tg_lTm5KCarKN5sbIrdEvpfC30Lw2bfXX
    [75] => yxzxAPP-422-01
    [76] => byxxc-238-03
    [77] => tg_ukKVlFDkkWIyijtZbh7wQ9szez1vK1
    [78] => tg_5sYSllKI9CiU8DaoeqPrb4Tj63DcJx
    [79] => tg_jozQbXSt0MsOdEGwpK3VTTyUp66Ce2
    [80] => tg_ZVxMldoPK0odMWviz3egNX7hvRCHKQ
    [81] => tg_ldlS3tWKN8VmhxHWs7NPgQTPUOg9cJ
    [82] => qqics-242-02
    [83] => tg_u1US2O9i4Z0zNFhwCpRHFpjjJ2Ti4w
    [84] => null
    [85] => 
    [86] => tg_s5eM8IRXSE8Vp7FYNsFCvzEztLAiwD
    [87] => tg_NoqH248k7exruZXQMVi100rIj0Ow78
    [88] => tg_QpCczKlhz97ngi9cw2HApmvVoklmE4
    [89] => tg_UJipV7pXJ9Ui9rY70iZpjBHGl1EDWh
    [90] => tg_vQk4YxqC6WppWmaHRPd2w4A2NFvcLe
    [91] => tg_xyeEpNy38LrPrmO7kN8DtktaBlDieY
    [92] => tg_QOaluxlrDrdfHirks7boYovXT5VzvN
    [93] => tg_HlAnvCbNuM4o6gu4lj9ouY9mA4dxfQ
    [94] => tg_9exPJH0wBZ8HTOnBGIBAUy7Pd5KItg
    [95] => tg_RVEZ71jff6AgFZHMhKx2kBBqBu0eQF
    [96] => tg_4xaqzJIbeZOX10X6NI4jgUD3d7kYwn
    [97] => tg_jlkC6X8s1QpUpkaUOzJ2fGYI7vjo37
    [98] => tg_DXLdwJFBbmEClkeZrrzUr7M0x5UknP
    [99] => tg_3CTLpCGgn8ajARBQHs9MB7UThbYKag
    [100] => tg_TrxgxR59Lf3xhcJLMmPUvFDDTab7eL
    [101] => tg_6EsT5MZUsec2TxWvC3OJLCbsLUJqPT
    [102] => tg_ijHbhzbqeJ7QVhjj4ph6QPSwgdFd2g
    [103] => tg_zsTLBrqM2up5HI321rdz7hvmbXHCXx
    [104] => tg_lv369aN0qVNdyxeLNsOZUv42Khkq9c
    [105] => tg_hjdu6ORJM7OG8QrXFIcC2xcYVRv9Dr
    [106] => tg_zXkEIesMME0I8oUamSSGTHc68GkimZ
    [107] => gfx-227-02
    [108] => tg_2i8s3OS0ZCcjztr3Km52a16vESsvis
    [109] => tg_Nc0TlciG0UmfWoTeOnldJ1rTU6XeE9
    [110] => tg_rxk5PfhQq0bSCryZmN7GIozF5JXeYS
    [111] => tg_w68oXOlcBXT6GSmLsx64bgvFAo1M5u
    [112] => tg_3ljjNwItLS8dXWcAQk9dgMtgVhn6Zx
    [113] => tg_vCsJpv46Zy29l982dIplz8UWDvylOA
    [114] => tg_DLgDR06dmMa0a6U2hBofa0ahtn29UH
    [115] => tg_USQULvLd7jEwvAnEXP6ogWMPmBcWXF
    [116] => tg_U7dQFVw0JZmpH11lmYHLR5qIsPJy3K
    [117] => tg_gy9qyNC7VuqyVmyLgXC5CullXPIf65
    [118] => tg_mrIHzdJ5a7cXVH9W4aDyn8BcY3sEWL
    [119] => tg_qqQUdggyHH4Yq4RVnYKoxngb2JamOg
    [120] => tg_KSrTmGgyDYV81i5ltvne0CVaiHhXRQ
    [121] => tg_NIGftm0hA1EjxWm9DKPuA69NSdLiBs
    [122] => tg_LFM2pjnMTvCP56deDGoP9cSpxl6LPt
    [123] => tg_xNkFYCVe3999kOpWMmGd9nc4ADgor5
    [125] => tg_2WbWHagMS2SOb5xOSfVRLGlIn1S33u
    [126] => tg_OD7FcltYU9ZyDt7rn6beaylFAAVT5D
    [127] => tg_rmk6gWq0INJZaYZ6tgqFPmq3z5eqNm
    [128] => NBAftx-225-02
    [129] => tg_oRr8aA1QCzsoU5qSPqYmMCuQ9sNmcg
    [130] => tg_cC1AuzijXxk0DTe0f4TIeLb1sGp1Ut
    [131] => tg_R8HYrK50f168ti9sOsZtaiQD2co59J
    [132] => tg_g3bZ5ra75R1nWzPNlKVchhK6YtC5az
    [133] => tg_mFtD7NWQksoGcdkYjyTLyCGBW5LAiU
    [134] => tg_hT9imoeBBJOa4aoOSH8s9D4nXulXQ3
    [135] => tg_NvMFF8a67IADmj73kvjokNrEYV5Evz
    [136] => tg_FBRU1OZlwtg4i3DyAwOepei5y13Hid
    [137] => tg_jOO61E4BopMsYl1t1Hp3H7ZJuq0vlO
    [138] => tg_sCWQ5mO1iHJAOcEFrfABzVnYvuEaqq
    [139] => jymf-237-03
    [140] => tg_oAoVUwkuOeyVVQ05jZL3XRH3CJPrbR
    [141] => tg_IG3MtJ7JOXqsan5jjyzdOs1dngskIJ
    [142] => iszz-258-11
    [143] => tg_Nc0co5JrNt7sFmz1Fm7rObHZUP70Qk
    [144] => tg_jVaInI6nlTytxENBtvj0QGDG4ROnQZ
    [145] => tg_ceyjwgtKjdoAWvo2vbmAPUZ25nKLFW
    [146] => tg_KPu4Nors1HZxKWZihYMPeXmb4uu43N
    [147] => tg_q4hI4MqWZwu7ac1kh5pn4KFdNgeV4y
    [148] => tg_luMOlzXMsvqQNqaAuBhkolxOxGtjmA
    [149] => tg_BX7jbPiBrO3Lbj4y7kRa9Zw7d5W5pt
    [150] => tg_Ri2NPtmmh1FsYTXg1bpBcSfD0VdpP7
    [151] => tg_uYQsNlH1kqwKDEH4xABqHPfGQdgA9v
    [152] => tg_Tz78wapH5HOWKkA6nychOiftbexKey
    [153] => tg_PeTNy1Faj8mQIBuAgfbjX5jTJXLLXa
    [154] => tg_4zE122WihSnHVLpwtgEbGo8wEaokgZ
    [155] => tg_Ns2ruyRNGIFOc1V1cNXZTgYNXxKEzX
    [156] => tg_eNCWE4IqbTr4L3rXk6kxGeYdF0sdgw
    [159] => tg_9wMQEwx1XSgzc6p1L1icWOicF6gRTs
    [160] => xdzz-228-01
    [161] => tg_UIq5v3eBxoWaOieomZ3V2ey4GibbMZ
    [162] => zyj-263-03
    [163] => tg_G9yTAxWgs6kbikFA8mybpflSOxGHtl
    [164] => tg_OU20Xikl0SbparapZGvkebqzKhWQRE
    [166] => tg_QDYvyxICPNYv0kg1BOP8QtEcfFUNGs
    [167] => tg_pdviUeEztqS8c3nE98GICfvvesETHJ
    [168] => tg_LZVNb8oMP1vPlllm0EKGZKP5Fr09kS
    [169] => tg_c0mUBBrcogdE5UvZCY2HnsSHyc6ePs
    [171] => tg_9svDGMMYJz3JrJlA5yZkJ0dVtaUb4m
    [172] => tg_eXfOrB7ZM7cDO2nqwzIwswNwbLhnlJ
    [173] => sji2-257-03
    [174] => tg_IB6hnKY9LuosneMkON6vp3eobulWK3
    [175] => tg_7QcpM9nCqpQopSQYRJB5tiYQyFNcaS
    [176] => tg_QfYcdctVA5N5b6qwlphIA3VccpOwAf
    [177] => tg_Q0OXBqTKUT4gxwLdq8cEyinsbxvWsh
    [178] => tg_JXdNpFL3qYrFKCQydFp9kS0Es7uq9p
    [179] => tg_qsnV07CXxrunsXAD8uJpw8KAtjwRUH
    [180] => tg_4Zl6KMY5KHdYhVrnrJaLw47ibP8Ibs
    [181] => tg_XJry001am35PAcx7zF8rHGIMzeXdtN
    [183] => tg_WObUg0waseMQMRqjvOnCzrgFmhUPVo
    [184] => lwzr-239-03
    [185] => dixl-277-03
    [186] => tg_HAE4GeBnupqKgTMoKVfdqFSpbGZqdw
    [188] => tg_x7V0CXex19izghRLpbsKQuQz4iWGFy
    [189] => tg_D3OC96S53NgitjGQM8exL3wMjxkf4X
    [190] => tg_W2pysd1dY4bhFAxFDmSbPJAAXMZAJP
    [191] => tg_JYWGy6Lv2jwnMs8SqyRiEdd3aHRvvv
    [192] => tg_N3n5bMNK8zcr4pfuMwWwZ8rQ1S89xz
    [193] => tg_rZLzNO4FSdY9hoRYNqEFV16bvYXuBb
    [195] => tg_z037kSsOTpOe64cmjLjl1nUsQAoDwW
    [197] => tg_uM73vHb3tX7wOkVYYGRobZCg6rHCVT
    [198] => tg_oYeamNiVoPhCQ43VMK6OhFySsqpVbh
    [199] => tg_ODoUx9rQG9p7rnBZM2d19F8EQZ5utc
    [200] => tg_Qo1fvJS7zsXzyA2IXbpN0O63IkFczD
    [201] => tg_9v3y1tH8IID2ObAOh7tIrIqGPUL5li
    [202] => tg_9aduPrN3gOk092jH1fwil9GtcSD8RH
    [203] => tg_gROvgO1zaKN4u7rYKqqtV34oPECQ5H
    [204] => tg_ImW7KdcLDbkfZrE1j7R4jVhpShIV9N
    [205] => tg_XFjHfg1mv3pPvJKCJ0JShkY18TdXxi
    [206] => tg_nNPe0vpMC4ZxmitWGiEHW0gWHDpRcF
    [207] => tg_mcEuJVtSvdAtVUENaRDVMBLSq8APnS
    [208] => tg_tqrdOEQGez8JLhsu6eKlKfqBQ95Nv9
    [209] => xyj-241-02
    [210] => tg_BzSlq616dainWOMpgxtFCfaqMVWg3j
    [211] => xyj-241-03
    [212] => tg_73mHAOuM3KdQa6oKLLG6XZgNWYlZCU
    [213] => tg_Gejy6CaJU0EYR82x85J7TjKGPjSSZY
    [214] => tg_spVeL0duhA4o33C3XVLMLcJeGzpLLx
    [215] => tg_uRPJgNFRkhP1SYEz7vGMLo5cLwr10j
    [218] => tg_DwNO8ixOfJ2rY1XNclifft83mhYTi4
    [219] => tg_hgxfsHaP3Nl6ta14BIeWsy7lPXS8e2
    [220] => tg_HeObsj9BdHlkcHrYrsz6EL2fa2GJTi
    [221] => tg_WCkCTf0pTrn8wT5Vga2ak2u2b6U4jG
    [222] => tg_KGrCSe1a4ryaHXKDklFBnaD9pInRXq
    [223] => tg_9MSv9Id4g4YQ5HqkZSRgzWSsm3hDiU
    [224] => tg_q5tpNQkvjppy8orNkmvHjKeZoFDicc
    [226] => gfx-227-03
    [227] => tg_UDyMC93nwIALdlS1mugg7eTc5SGYIU
    [228] => tg_B2gRz6KoFotcJwvqLHiYqclhTRZjAI
    [229] => tg_6MtTadvoEKKgoLj4mjkg9EXH9fHVbf
    [231] => tg_gxMXCdvJJOAMmzsoXJMMaU34TPUY3s
    [232] => dfi2-252-02
    [233] => tg_FF4y91BVHs0XFBT5b8yguHQV2ml675
    [234] => tg_vEZgCnp2a2oZM7hFQm8kAnWsY7F7Un
    [235] => tg_V4rCcoFzbBkK9PCpIYlOHxsf6WUDQr
    [236] => tg_FVED9w8UsxvyBAd0XI1SJDloFLdtQm
    [237] => tg_Gl4B6QurIAtwce1L8X9Drz0yYnpQAo
    [238] => tg_tWxsqLc2DyZW0xhEjU2AGnkAg8rSzH
    [239] => tg_ICEcjc9rCPIBR46UAcqeZksnO8Wi9M
    [240] => tg_IkrlXzTXRIz8Ff1EmFcvknDMveHyZy
    [241] => tg_yxb251siBnIPfFxfGL0q0F510DqGvt
    [243] => tg_Ylsw4PyijBADuMjBqAvjXxmuH9Wj3F
    [244] => tg_n3qXUbsViYy6M8zO55x3jxvAMHZa2W
    [245] => tg_3GSSy8PYKoFrup8G30jsux8ihQxkGc
    [246] => tg_JE7555URTg8PnW3kg27YKTPGG7ZcbP
    [247] => tg_rkdhUHC6qE4eW3gS1BZlZjxddi6ZJa
    [248] => tg_vC2YDzjcVUC15FGQBPgLNxYeO7Z5SQ
    [249] => sbkcq-294-01
    [250] => dixy-232-02
    [251] => tg_zlmQ1MYrs3puVAfAUySNfxp8DprrcN
    [252] => cbws-283-03
    [253] => tg_ohkBpsfUYhZVj9odMIMj6RRXHQuf7y
    [254] => tg_SWqbqvLqDQyYjsG9jBBHZo8bF5l6yj
    [255] => iszz-258-02
    [256] => tg_1UrNa6pMG9ilFEbZCPTKAY22s7V5Cz
    [257] => tg_lfUx09OXmzxWGLxjyNqiYhji1J6o3S
    [258] => tg_E0E2nta7J3vcP1BXFdQhyTIYyLZcTh
    [259] => tg_MPv6wZlNPr7LOEpHwY19XtQ1kr7Fff
    [260] => tg_mDkHHPzmPXS39YYhBz8uKjl3CzEfCG
    [261] => tg_iBQwLu3gRW3oY2acIF0T5eQc2uURTg
    [262] => tg_CWHe7Hrfhl6JXuwTQhogiVXlCxO6f0
    [263] => dixy-232-01
    [264] => tg_cpZrEKR0IJ4S1rcmaswi8oADsic8pk
    [265] => tg_1jQe73rT4e8GVjRXeU65PvjFfgyCJ9
    [266] => tg_howgDJMf8H0nC23KdM8cLLhsk330Sj
    [267] => tg_iTu7R5kBoS3ZwvVAV0dsCpeGvSwNDW
    [268] => tg_TFiu6KfYAaKKGcBXfRsXxwaULniObl
    [270] => tg_ExtRRmq70LZ5cPOsbOSWEzt7KRjR70
    [271] => tg_V3ZMC6AaWAUIgoEVwUp5VmHPypL3p1
    [272] => tg_5QH6cQj37W9Aiel0tFJsWqgDtezJLR
    [273] => tg_KMpuyo1EOdaG6l4RIJxknESqe8i1do
    [274] => tg_pbdbbYp6CP7zmUcKsYxbNotXs9ZNFJ
    [275] => tg_xBuL3S9TdcaQpVCpOs55vAmiUv8Ix9
    [276] => tg_OfaE1oD9jOkeCrMxFmwZmT29Ew1L5z
    [277] => tg_a90RnFEOwkBcXh7tN9qQpXdm0EkE71
    [279] => tg_xX5O7gsz5V7ioS8CXkxejkdaaSilqn
    [280] => tg_4gxvdgBfeXfU0Mkm1t3kqb6ftdzOMG
    [281] => tg_AsxPJXxY4WyybvnM7G2sf9DlUpfLcS
    [282] => tg_oGuXovKoRUbLPmHuvs3UuIE9aeMS2u
    [283] => tg_yguQaDrCX4sRHyusZCmoIu2wxKyPTv
    [287] => tg_2ARVHpH2uWK1GKxxu0Zg0YChSYsj0O
    [288] => tg_Ok1V5icI9vmONx23EKbYHVP56i1pYd
    [289] => tg_1EINsQaerAIg5QtrK92gm7n6zSfR7D
    [290] => tg_Sewxs3XtPGOLYiORI5Pkg7odXeAKXN
    [291] => tg_foInmUBJTEST2FsjE393noaqCL4YDz
    [292] => tg_YdzBBvglsoXidJdKCmWrG85bql5kG4
    [293] => tg_rRyHzAFMUdV7axvQjFOLFWcimW2ISs
    [294] => tg_5tm9Wg2AXqKDoIwYbz1h5YBQ4FS8P3
    [295] => tg_Zoks2ueLqNQh9bkP9F8nWgWxgVN4a3
    [297] => tg_X9FfgTUedruUSLOuWANgAoPgSE0s2Q
    [298] => tg_C279T8XrdTVBzfahN2pau9nO3JhRif
    [299] => tg_URI8scPvK1DEfi44VUKTLVqP96eBcm
    [301] => tg_R1RDVqNHRQXgl4KJSMyZU2Tno2K9bg
    [302] => qqics-242-03
    [304] => tg_JJZYD6SJy3SJ6c0AKRp1GmB5UqZ2jg
    [305] => tg_Q2b1rjqmySzYHTs1i9OWePb2NaBcGB
    [307] => xdzz-228-02
    [308] => tg_3H9a1haRWXASZzcsseDOLdFDuXWGy9
    [310] => iszz-258-10
    [314] => tg_ztpR2HKML8hJFjprho1zfbkV0imFp4
    [317] => tg_R5o8QShUV1GO4zyUU3UWozKOn12GdV
    [318] => tg_caJsC7EfMOzEbr9mIg1Oi8xmFBpxw6
    [323] => tg_ZZgcgW1UXMwmQ7XrtNJNYgILCHkhvx
    [324] => tg_1t8ZHkzHsOjjfBQdO8Sp6xQb4Jqv5N
    [326] => tg_o028lSVS26po0ZFjgGHlegKtggqz9S
    [328] => dfbb-261-03
    [331] => tg_NCP73iALs0HQvWtKPZzGiEA3HSBsAa
    [332] => tg_Yu783LP9jjPQKkQ4gZ37LJqiGsa8F2
    [335] => tg_VY5fuFU8pF4jMVrZsTPAcRbAbM68ZA
    [337] => tg_xyZ3j9g1TEE5oRQ8jtjOvWp93RoO1U
    [338] => tg_vHJuYyncAfyWx0OBOTNBzBs4VDbYKa
    [339] => tg_vfaj7fCIWHRW8AF6lOhWStml7M07BG
    [342] => tg_9ODQEQAEQC2jZ68fdtnxDefI1lJGh5
    [345] => tg_zjUY3zgmqTzHY6gaBbz0V5axvkeADq
    [347] => smsjOL-247-04
    [349] => iszz-258-03
    [351] => tg_Wn11xsfYxoYQKmXznDz7ic5H2PaJth
    [352] => wd-265-02
    [353] => tg_bemh9vIE1yhl2WLX8PC3K4kt6T56sl
    [354] => tg_pVLKwuqunHstVkThsuG9m9ZSFNKY4Z
    [355] => tg_Uuu7DKIS1H6x1tYmIF3QwX7uhrg7pM
    [357] => tg_gGqT8bYbaxpqLD1XpnsxYSJ3XLlWdc
    [358] => tg_JrFLtWsbbdLYlqboVhSzzxoHROQD4k
    [361] => tg_Ls0r0ObpFIFHHBSzcMSHVlPIgMA5tM
    [364] => tg_rerMGmdYU9Jyeq8z0UUtJkITxPIPi2
    [366] => tg_g7ZxSv4gz7VPwWmtBN4Rua0RkQd3SI
    [368] => tg_a3MwwHqtFVIIu2wAcJtxFP9Qq6YXdU
    [370] => tg_MgtczvSC2Y8RhwzpkFMfLrp6BnzFJA
    [371] => tg_O9cgE2tLlaIUujkhXbTlcktVd9yvRi
    [373] => tg_iNBVgkrz7R1IOCXEEJfkIlPzdSGnyI
    [375] => tg_AXIXnbBwMpJMQDEe2VSEWJmTX2afnP
    [376] => tg_9L7imM0iNMHDvx030tEttb2gY6yAvf
    [377] => tg_Hllcezo5vcG6IuqIwwwGQ0oYw0mGPL
    [378] => tg_LPiY9ekEdtZqLLuukBC3fKOMYpbNWo
    [379] => ijilz-249-03
    [385] => tg_1nGplhQDLUI1MZSEUXMNUL84CHOPpX
    [386] => tg_y0rw3xWTqO1J6EbXH2IEeZciWZj2V8
    [390] => tg_kvTh1eV254JKcMoQPmaF50ZSF2YI8r
    [393] => tg_Ybl9xENxHsfVBPK7IBZikgc9icV0p0
    [394] => cbws-283-02
)

有效渠道个数：316
有效渠道array：
Array
(
    [0] => 7895
    [1] => 7891
    [2] => 7676
    [3] => 7673
    [4] => 7641
    [5] => 7635
    [6] => 7632
    [7] => 7625
    [8] => 7616
    [9] => 7608
    [10] => 7593
    [11] => 7592
    [12] => 7403
    [13] => 7224
    [14] => 7222
    [15] => 7202
    [16] => 7029
    [17] => 7026
    [18] => 7018
    [19] => 7015
    [20] => 7009
    [21] => 7003
    [22] => 6971
    [23] => 6969
    [24] => 6887
    [25] => 6884
    [26] => 6881
    [27] => 6880
    [28] => 6879
    [29] => 6876
    [30] => 6874
    [31] => 6871
    [32] => 6870
    [33] => 6869
    [34] => 6867
    [35] => 6866
    [36] => 6864
    [37] => 6862
    [38] => 6861
    [39] => 6860
    [40] => 6859
    [41] => 6856
    [42] => 6854
    [43] => 6851
    [44] => 6850
    [45] => 6849
    [46] => 6847
    [47] => 6846
    [48] => 6845
    [49] => 6841
    [50] => 6838
    [51] => 6468
    [52] => 6435
    [53] => 6434
    [54] => 6426
    [55] => 6424
    [56] => 6421
    [57] => 6049
    [58] => 5728
    [59] => 5727
    [60] => 5717
    [61] => 4637
    [62] => 4615
    [63] => 4282
    [64] => 4097
    [65] => 4094
    [66] => 4067
    [67] => 2841
    [68] => 2828
    [69] => 2547
    [70] => 2505
    [71] => 2446
    [72] => 2437
    [73] => 2407
    [74] => 2395
    [75] => 2394
    [76] => 2393
    [77] => 2391
    [78] => 2388
    [79] => 2387
    [80] => 2386
    [81] => 2385
    [82] => 2377
    [83] => 2283
    [84] => 2280
    [85] => 2274
    [86] => 2273
    [87] => 2270
    [88] => 2269
    [89] => 2268
    [90] => 2267
    [91] => 2266
    [92] => 2264
    [93] => 2263
    [94] => 2262
    [95] => 2260
    [96] => 2259
    [97] => 2258
    [98] => 2256
    [99] => 2231
    [100] => 2221
    [101] => 2218
    [102] => 2215
    [103] => 2210
    [104] => 2209
    [105] => 2099
    [106] => 2090
    [107] => 2073
    [108] => 2055
    [109] => 2045
    [110] => 1896
    [111] => 1884
    [112] => 1877
    [113] => 1875
    [114] => 1872
    [115] => 1870
    [116] => 1868
    [117] => 1867
    [118] => 1859
    [119] => 1857
    [120] => 1856
    [121] => 1854
    [122] => 1837
    [123] => 1825
    [124] => 1824
    [125] => 1823
    [126] => 1821
    [127] => 1814
    [128] => 1811
    [129] => 1809
    [130] => 1803
    [131] => 1801
    [132] => 1650
    [133] => 1638
    [134] => 1637
    [135] => 1631
    [136] => 1630
    [137] => 1629
    [138] => 1621
    [139] => 1620
    [140] => 1618
    [141] => 1617
    [142] => 1604
    [143] => 1601
    [144] => 1597
    [145] => 1595
    [146] => 1557
    [147] => 1555
    [148] => 1553
    [149] => 1531
    [150] => 1526
    [151] => 1524
    [152] => 1519
    [153] => 1491
    [154] => 1488
    [155] => 1481
    [156] => 1480
    [157] => 1476
    [158] => 1475
    [159] => 1464
    [160] => 1459
    [161] => 1457
    [162] => 1452
    [163] => 1438
    [164] => 1436
    [165] => 1431
    [166] => 1428
    [167] => 1419
    [168] => 1417
    [169] => 1393
    [170] => 1392
    [171] => 1389
    [172] => 1380
    [173] => 1369
    [174] => 1346
    [175] => 1344
    [176] => 1343
    [177] => 1337
    [178] => 1336
    [179] => 1335
    [180] => 1324
    [181] => 1306
    [182] => 1305
    [183] => 1304
    [184] => 1292
    [185] => 1278
    [186] => 1277
    [187] => 1139
    [188] => 1134
    [189] => 1123
    [190] => 1120
    [191] => 1115
    [192] => 1110
    [193] => 1101
    [194] => 1078
    [195] => 1077
    [196] => 1056
    [197] => 1012
    [198] => 1009
    [199] => 999
    [200] => 998
    [201] => 971
    [202] => 946
    [203] => 944
    [204] => 915
    [205] => 913
    [206] => 910
    [207] => 881
    [208] => 876
    [209] => 873
    [210] => 872
    [211] => 871
    [212] => 867
    [213] => 866
    [214] => 860
    [215] => 857
    [216] => 855
    [217] => 851
    [218] => 850
    [219] => 843
    [220] => 836
    [221] => 835
    [222] => 825
    [223] => 823
    [224] => 805
    [225] => 800
    [226] => 799
    [227] => 798
    [228] => 785
    [229] => 775
    [230] => 758
    [231] => 753
    [232] => 751
    [233] => 728
    [234] => 725
    [235] => 724
    [236] => 717
    [237] => 697
    [238] => 696
    [239] => 695
    [240] => 694
    [241] => 689
    [242] => 686
    [243] => 685
    [244] => 683
    [245] => 680
    [246] => 677
    [247] => 658
    [248] => 656
    [249] => 654
    [250] => 616
    [251] => 593
    [252] => 589
    [253] => 588
    [254] => 581
    [255] => 579
    [256] => 572
    [257] => 563
    [258] => 562
    [259] => 536
    [260] => 535
    [261] => 533
    [262] => 528
    [263] => 527
    [264] => 526
    [265] => 513
    [266] => 478
    [267] => 477
    [268] => 476
    [269] => 464
    [270] => 462
    [271] => 460
    [272] => 456
    [273] => 453
    [274] => 443
    [275] => 441
    [276] => 439
    [277] => 430
    [278] => 429
    [279] => 416
    [280] => 412
    [281] => 409
    [282] => 407
    [283] => 405
    [284] => 404
    [285] => 403
    [286] => 399
    [287] => 398
    [288] => 396
    [289] => 392
    [290] => 389
    [291] => 386
    [292] => 384
    [293] => 382
    [294] => 381
    [295] => 380
    [296] => 379
    [297] => 377
    [298] => 373
    [299] => 371
    [300] => 370
    [301] => 369
    [302] => 368
    [303] => 324
    [304] => 311
    [305] => 309
    [306] => 300
    [307] => 297
    [308] => 296
    [309] => 295
    [310] => 293
    [311] => 262
    [312] => 223
    [313] => 167
    [314] => 141
    [315] => 14
)

