2016-09-27 00:12:58
统计当天：2016-09-26
渠道个数（即dailyaccount的个数）：4137
渠道sql：
select * from yx_tg_source S left join yx_tg_game G on S.gameid = G.gameid where S.activeflag = 1 and G.activeflag = 1 and G.isonstack = 0  and S.createtime<='2016-09-26 23:59:59' order by S.id desc
活跃渠道个数：284
活跃渠道array：
Array
(
    [0] => tg_5OfKZXixp7CjR7XPU0W90lqqqTFk5J
    [1] => tg_v7Jb3BIDODCQ1VtgtfAmw7kXJEEPfK
    [2] => dfi2-252-03
    [3] => tg_5OSuPn9oHty6tDThXGVcWSFPKws79c
    [4] => tg_It3ZrGnxHnT527Li1JsFPEbAXHFsnx
    [5] => tg_ovYJpa0VxDSjfx9vB6F4bOOdyJRpkM
    [6] => tg_iqfTzQ8SlRMYUsxMhhHnvScsJrc5by
    [7] => sszj-260-03
    [8] => tg_2ZYkmaQb5dtVWF9Eg0rokADvWu2l1D
    [9] => tg_XsxYkTvYKaFEZLomJmAIGTxKh6t473
    [10] => tg_Ylsw4PyijBADuMjBqAvjXxmuH9Wj3F
    [11] => tg_NgwIwYVjAzXZn1QBJC68rQwtm8qAnv
    [12] => tg_KMpuyo1EOdaG6l4RIJxknESqe8i1do
    [13] => lqsc-353-01
    [14] => tg_Q0OXBqTKUT4gxwLdq8cEyinsbxvWsh
    [15] => tg_OfaE1oD9jOkeCrMxFmwZmT29Ew1L5z
    [16] => tg_IHodxJNKrfS0xxajkR6tAtkpohQvUu
    [17] => tg_1wDDLzkjbW3Pb8jzRrA01incmPqYhQ
    [18] => tg_xyZ3j9g1TEE5oRQ8jtjOvWp93RoO1U
    [19] => tg_R5o8QShUV1GO4zyUU3UWozKOn12GdV
    [20] => diizl-396-01
    [21] => tg_Sewxs3XtPGOLYiORI5Pkg7odXeAKXN
    [22] => ly-266-01
    [23] => czqst-395-01
    [24] => tg_jCHJyMptnrEeCRtLvWCna1UgFDOg12
    [25] => tg_MwmQeDM6z2hcH7FkvAQSikHdIAwg1t
    [26] => tg_xynK92e6Ss0NWnCvL8CCENHHEqAka4
    [27] => tg_Zs0k3Wft4sZSUPLhqKbS72Fumhrxnx
    [28] => tg_iNBVgkrz7R1IOCXEEJfkIlPzdSGnyI
    [29] => wd-265-03
    [30] => tg_o028lSVS26po0ZFjgGHlegKtggqz9S
    [31] => iszz-258-09
    [32] => tg_NO44EDPcEL3s66lwa9yRtCs9aY1gjc
    [33] => tg_PXQG1MoeGb9uQy94DtZg3mBtr0ErUI
    [34] => tg_au4IVxZIqUPkIsk9WHXh5V7naKiSIK
    [35] => COK-223-01
    [36] => tg_2NsHXZzeADPI3sOdsGvb5UWmUgvIq3
    [37] => tg_g7ZxSv4gz7VPwWmtBN4Rua0RkQd3SI
    [38] => tg_isZoXNhPlO746tHMSp9H4QBHsPxXNI
    [39] => tg_QNIdVsHmq2UJ0KNrgyokjQkFMiWOhX
    [40] => zyj-263-04
    [41] => tg_DSCeq49dAY1NXszMuPT6YSvlibLEV5
    [42] => tg_qsnV07CXxrunsXAD8uJpw8KAtjwRUH
    [43] => tg_Hllcezo5vcG6IuqIwwwGQ0oYw0mGPL
    [44] => tg_Trn7YSQVVtNZzq3Fw768fo98JN0n65
    [45] => tg_hfQFP1T5unIBwVwmYZ84lmbLUk6Hql
    [46] => tg_vfaj7fCIWHRW8AF6lOhWStml7M07BG
    [47] => tg_lH8i7vtt5Vyi4nU4poSm8Iv68PqS5A
    [48] => tg_a5q2q9GN2xABq86jM9pwiS8iyBJVfW
    [49] => tg_wdPlPXqIiLNs9uy7Ml0oOQKl3eamzQ
    [50] => tg_JZ9J3vGNs6fiYDpid1fLVXAcdmnJGC
    [51] => tg_OelNZbsZicvSlFyKZY006o7gBOtSKO
    [52] => tg_Ns2ruyRNGIFOc1V1cNXZTgYNXxKEzX
    [53] => tg_sM3nfqDJy3Vy5aPurriOPCdX9iEJma
    [54] => tg_MX9VbTr9WeDcv3VpNZR9cCCQU9sdSt
    [55] => xdzz-228-01
    [56] => tg_I0YvXhD2svI5uMg8BdLS62F6ZFzP9c
    [57] => xqsmy-302-01
    [58] => tg_tguculjyiayOdvcCaDHLeZ5THH6GGh
    [59] => tg_YEGigjvUVMhHY4g2vs3HBjFuRhLdgZ
    [60] => tg_GXKFwldOWDrQ9XB8plFtCj91dyXAIh
    [61] => tg_65d7Umo1mRGTuGyBBv8r8fwlmHxuTY
    [62] => tg_QpotQhX4cUAgk5QTnv1U8hOVb812jN
    [63] => tg_C279T8XrdTVBzfahN2pau9nO3JhRif
    [64] => tg_prw2gIFGyrnJH79P6pDgYGJjanWPHY
    [65] => tg_1t8ZHkzHsOjjfBQdO8Sp6xQb4Jqv5N
    [66] => tg_7WG5JTm3uW8NzqDodtjpwGYbm5j8oL
    [67] => tg_U29cGDHCcVOBa07j7jJvkgp23MCXxa
    [68] => tg_XFjHfg1mv3pPvJKCJ0JShkY18TdXxi
    [69] => byxxc-238-03
    [70] => tg_QOaluxlrDrdfHirks7boYovXT5VzvN
    [71] => tg_ukKVlFDkkWIyijtZbh7wQ9szez1vK1
    [72] => gfsl-221-03
    [73] => tg_OR6k1HjrRFrcg1DYYkX3RZNfmsAJfA
    [74] => tg_73mHAOuM3KdQa6oKLLG6XZgNWYlZCU
    [75] => lzymd-375-01
    [76] => zgzt-213-01
    [77] => tg_jVaInI6nlTytxENBtvj0QGDG4ROnQZ
    [78] => zdbmgj-424-01
    [79] => sszj-260-01
    [80] => tg_MPv6wZlNPr7LOEpHwY19XtQ1kr7Fff
    [81] => tg_vikjMWAxyXbRHWqq9lPHkPQXwerxJg
    [82] => tg_ExtRRmq70LZ5cPOsbOSWEzt7KRjR70
    [83] => tg_DdM2D5jmeqG8eCsh1m5hEOomRB53Cs
    [84] => lwzr-239-03
    [85] => tg_b2MbPaw4uyuNVuxuXhqlb6TPrTucP5
    [86] => tg_ymld57G5I4vbEL4xKP4jLw7Orz8ckF
    [87] => tg_4Zl6KMY5KHdYhVrnrJaLw47ibP8Ibs
    [88] => tg_VdfqjT3SAeNOe4y8Zp8LyRx260N7MH
    [89] => wdqc-398-01
    [90] => tg_WjF3qDtphsAXwpZBM1Fh8UGc7gmLxS
    [91] => tg_k0giPevUqJJhQThN3xbviBcFEIpSsi
    [92] => xljs-420-01
    [93] => tfsgz-404-01
    [94] => tg_foInmUBJTEST2FsjE393noaqCL4YDz
    [95] => bfzj-411-01
    [96] => tg_bKnybL4otl2MtKbxCtLLDw8xA056HA
    [97] => ydsnywl-413-01
    [98] => tg_Fd3SdzZtnTEsxDiZUdbgxPg5RxVWFv
    [99] => tg_Nc0TlciG0UmfWoTeOnldJ1rTU6XeE9
    [100] => tg_luMOlzXMsvqQNqaAuBhkolxOxGtjmA
    [101] => tg_ZZgcgW1UXMwmQ7XrtNJNYgILCHkhvx
    [102] => tg_2WbWHagMS2SOb5xOSfVRLGlIn1S33u
    [103] => dcfy-250-04
    [104] => tg_u1US2O9i4Z0zNFhwCpRHFpjjJ2Ti4w
    [105] => gfx-227-02
    [106] => tg_tqrdOEQGez8JLhsu6eKlKfqBQ95Nv9
    [107] => yjqy-342-01
    [108] => tg_xZz6weBptJY48zp4uDecTP8JxdDblt
    [109] => ytx-423-01
    [111] => wcym-425-01
    [112] => tg_hNjMap3hjNuOedvUnzvAWJBXgasDJc
    [113] => tg_N3n5bMNK8zcr4pfuMwWwZ8rQ1S89xz
    [114] => tg_oRr8aA1QCzsoU5qSPqYmMCuQ9sNmcg
    [115] => wwyiqc-378-01
    [116] => tg_NtIayKgqI5dmws2phUaG2sd1trUmnc
    [117] => tg_mfofP8knkWoVx0XWJAWkwAqaf8xjNE
    [118] => qqics-242-02
    [119] => wjMT3-311-01
    [121] => tg_eKgpglHNQWuU8NNeLUHKwpPPblhbJx
    [122] => sji2-257-03
    [123] => tg_ohkBpsfUYhZVj9odMIMj6RRXHQuf7y
    [124] => tg_HZVn8DL1xysZ39a0iD3FlrNIfkVfXx
    [125] => tg_NIGftm0hA1EjxWm9DKPuA69NSdLiBs
    [127] => tg_B8hIhBmFN4X3ijAaXtsTwvigoF1oKO
    [128] => tg_AiJwHtn43hGHh0Q6lFNUKaOFnTJSdP
    [129] => tg_LZVNb8oMP1vPlllm0EKGZKP5Fr09kS
    [130] => tg_hGFVwlehGMFc5AVTI0APT2AXvSQeGu
    [131] => tg_vC2YDzjcVUC15FGQBPgLNxYeO7Z5SQ
    [132] => tg_tWxsqLc2DyZW0xhEjU2AGnkAg8rSzH
    [133] => tg_7ygUWViw2QMvlKmC2Pi0MP5W6qypmc
    [134] => tg_oYeamNiVoPhCQ43VMK6OhFySsqpVbh
    [135] => tg_BX7jbPiBrO3Lbj4y7kRa9Zw7d5W5pt
    [136] => tg_eNCWE4IqbTr4L3rXk6kxGeYdF0sdgw
    [137] => tg_UDyMC93nwIALdlS1mugg7eTc5SGYIU
    [139] => tg_mrIHzdJ5a7cXVH9W4aDyn8BcY3sEWL
    [140] => xdzz-228-02
    [141] => tg_9wMQEwx1XSgzc6p1L1icWOicF6gRTs
    [142] => tg_rZLzNO4FSdY9hoRYNqEFV16bvYXuBb
    [143] => xyj-241-03
    [144] => tg_W2pysd1dY4bhFAxFDmSbPJAAXMZAJP
    [145] => tg_xX5O7gsz5V7ioS8CXkxejkdaaSilqn
    [146] => tg_VY5fuFU8pF4jMVrZsTPAcRbAbM68ZA
    [147] => tg_spVeL0duhA4o33C3XVLMLcJeGzpLLx
    [148] => xdzz-228-06
    [149] => iziy-262-04
    [150] => tg_Z1o8fn9GDjJqXMosdSqyp3cPHow3sh
    [151] => tg_vCsJpv46Zy29l982dIplz8UWDvylOA
    [152] => tg_ODoUx9rQG9p7rnBZM2d19F8EQZ5utc
    [153] => tg_IG3MtJ7JOXqsan5jjyzdOs1dngskIJ
    [154] => tg_ZPo6AUjenS3o8rOmul8XP3mZ4bHixh
    [155] => tg_sN4DNq0d4Vg5WHZg9OWPsd4bjkM0hL
    [156] => tg_3H9a1haRWXASZzcsseDOLdFDuXWGy9
    [157] => tg_ICEcjc9rCPIBR46UAcqeZksnO8Wi9M
    [158] => tg_Qo1fvJS7zsXzyA2IXbpN0O63IkFczD
    [159] => tg_JYWGy6Lv2jwnMs8SqyRiEdd3aHRvvv
    [160] => tg_radynjycJycQAFuAfK5GP6rDqGT6ed
    [161] => tg_Gejy6CaJU0EYR82x85J7TjKGPjSSZY
    [162] => tg_bWN4ISOqWcdLGPLqWK0mc2Dhk0BZW3
    [163] => tg_4gxvdgBfeXfU0Mkm1t3kqb6ftdzOMG
    [164] => tg_ceyjwgtKjdoAWvo2vbmAPUZ25nKLFW
    [165] => tg_DRkQoc4JCBwlfXGBZt3S7Xe7qKbHuX
    [167] => tg_yguQaDrCX4sRHyusZCmoIu2wxKyPTv
    [168] => tg_5QH6cQj37W9Aiel0tFJsWqgDtezJLR
    [169] => tg_aVm2lO14wb8hlW09ruBVPkn7IuCrxx
    [171] => tg_HAE4GeBnupqKgTMoKVfdqFSpbGZqdw
    [172] => tg_AXIXnbBwMpJMQDEe2VSEWJmTX2afnP
    [173] => tg_2rHFTwiFSgRvTRo2gPW23V4yeuXOmT
    [174] => tg_ztpR2HKML8hJFjprho1zfbkV0imFp4
    [176] => tg_v2Qd56QlqG5MyJCuSizLIu252lHZgr
    [177] => tg_G9yTAxWgs6kbikFA8mybpflSOxGHtl
    [178] => dixy-232-03
    [179] => tg_cpZrEKR0IJ4S1rcmaswi8oADsic8pk
    [180] => tg_OU20Xikl0SbparapZGvkebqzKhWQRE
    [181] => tg_c0mUBBrcogdE5UvZCY2HnsSHyc6ePs
    [182] => tg_WObUg0waseMQMRqjvOnCzrgFmhUPVo
    [183] => tg_dE40iVMPYicK6apZag3A7mu7y50uQ9
    [184] => tg_SWqbqvLqDQyYjsG9jBBHZo8bF5l6yj
    [185] => tg_BzSlq616dainWOMpgxtFCfaqMVWg3j
    [186] => llysq-282-03
    [188] => tg_9exPJH0wBZ8HTOnBGIBAUy7Pd5KItg
    [189] => tg_1EINsQaerAIg5QtrK92gm7n6zSfR7D
    [190] => tg_DwNO8ixOfJ2rY1XNclifft83mhYTi4
    [191] => iszz-258-04
    [192] => tg_eXfOrB7ZM7cDO2nqwzIwswNwbLhnlJ
    [193] => tg_mcEuJVtSvdAtVUENaRDVMBLSq8APnS
    [194] => tg_VZuGbtPK119VaeXIfeAFPpCwPVuF4q
    [195] => wd-265-02
    [196] => tg_caJsC7EfMOzEbr9mIg1Oi8xmFBpxw6
    [198] => gfx-227-03
    [199] => tg_x7V0CXex19izghRLpbsKQuQz4iWGFy
    [200] => dfbb-261-03
    [201] => xyj-241-12
    [202] => tg_mFtD7NWQksoGcdkYjyTLyCGBW5LAiU
    [203] => tg_D3OC96S53NgitjGQM8exL3wMjxkf4X
    [204] => tg_n3qXUbsViYy6M8zO55x3jxvAMHZa2W
    [205] => tg_a3MwwHqtFVIIu2wAcJtxFP9Qq6YXdU
    [206] => tg_IB6hnKY9LuosneMkON6vp3eobulWK3
    [207] => tg_oAoVUwkuOeyVVQ05jZL3XRH3CJPrbR
    [208] => tg_NKOwsJ0b1FzamrotErpd6jgYsKAN2v
    [209] => tg_rRyHzAFMUdV7axvQjFOLFWcimW2ISs
    [211] => iszz-258-02
    [212] => tg_HlAnvCbNuM4o6gu4lj9ouY9mA4dxfQ
    [213] => tg_E0E2nta7J3vcP1BXFdQhyTIYyLZcTh
    [214] => tg_aFWrMTmCWEE0kaQmPHz5pWXf54vm83
    [216] => tg_Ol1QFxsnwmPTIifUX1pY0CFdr9g2cW
    [218] => cbws-283-02
    [219] => tg_CWHe7Hrfhl6JXuwTQhogiVXlCxO6f0
    [220] => tg_JXdNpFL3qYrFKCQydFp9kS0Es7uq9p
    [221] => tg_V4rCcoFzbBkK9PCpIYlOHxsf6WUDQr
    [222] => tg_hgxfsHaP3Nl6ta14BIeWsy7lPXS8e2
    [223] => tg_q4hI4MqWZwu7ac1kh5pn4KFdNgeV4y
    [225] => tg_QZZFggp5dA4nZym1yeDjbwGvJrDxrz
    [227] => tg_uM73vHb3tX7wOkVYYGRobZCg6rHCVT
    [228] => dixy-232-01
    [229] => tg_WxyICK73BRFOH62RcXpAgw7TCRgkLE
    [230] => tg_Zoks2ueLqNQh9bkP9F8nWgWxgVN4a3
    [231] => tg_YP3WF3TI3Mr7oCBqG4P1cEzXc7s0uA
    [232] => iszz-258-11
    [234] => tg_hjdu6ORJM7OG8QrXFIcC2xcYVRv9Dr
    [236] => jymf-237-03
    [237] => tg_Yu783LP9jjPQKkQ4gZ37LJqiGsa8F2
    [238] => tg_oGuXovKoRUbLPmHuvs3UuIE9aeMS2u
    [239] => tg_9L7imM0iNMHDvx030tEttb2gY6yAvf
    [240] => tg_gxMXCdvJJOAMmzsoXJMMaU34TPUY3s
    [241] => tg_e1XmOfhhxXMfenNMZuYv78znuFefbr
    [242] => tg_Gl4B6QurIAtwce1L8X9Drz0yYnpQAo
    [243] => tg_R1RDVqNHRQXgl4KJSMyZU2Tno2K9bg
    [244] => tg_2ARVHpH2uWK1GKxxu0Zg0YChSYsj0O
    [246] => tg_euSiCujjVYyRZq2bhlsayXa9gchpUb
    [247] => tg_6vi6nfVunqSTdJKQ729D5wPqwD65uc
    [248] => tg_U7dQFVw0JZmpH11lmYHLR5qIsPJy3K
    [249] => tg_KSrTmGgyDYV81i5ltvne0CVaiHhXRQ
    [251] => tg_Ok1V5icI9vmONx23EKbYHVP56i1pYd
    [252] => tg_NCP73iALs0HQvWtKPZzGiEA3HSBsAa
    [253] => tg_v2aSduKnJJ5NKXAAkCTPEOYo7JnS94
    [254] => tg_9svDGMMYJz3JrJlA5yZkJ0dVtaUb4m
    [255] => tg_rmk6gWq0INJZaYZ6tgqFPmq3z5eqNm
    [256] => tg_ZYpcDjcdzPXo9mq3BmOpV125UYut9U
    [257] => tg_pdviUeEztqS8c3nE98GICfvvesETHJ
    [259] => tg_T0Ed5mmvuRdVzcxLWCLs9R6BGf0EaP
    [260] => tg_zjUY3zgmqTzHY6gaBbz0V5axvkeADq
    [261] => tg_vHJuYyncAfyWx0OBOTNBzBs4VDbYKa
    [262] => tg_Uuu7DKIS1H6x1tYmIF3QwX7uhrg7pM
    [263] => tg_3GSSy8PYKoFrup8G30jsux8ihQxkGc
    [265] => tg_G7iLAMkERZ5ZZ4eotZjjQMghR4aFpd
    [268] => tg_jejMxEyTgyxOGvlI2GYJusOt3QDOGb
    [269] => dixy-232-02
    [270] => tg_iTu7R5kBoS3ZwvVAV0dsCpeGvSwNDW
    [273] => tg_rerMGmdYU9Jyeq8z0UUtJkITxPIPi2
    [276] => ly-266-03
    [277] => tg_YSA05Nah8JewKgqX9nr7Acwb2aBxyl
    [278] => tg_Uzk9TWGhQpn8JMmxrdOv3sknjw9Rpv
    [279] => zyj-263-03
    [280] => tg_Ri2NPtmmh1FsYTXg1bpBcSfD0VdpP7
    [281] => ijilz-249-03
    [282] => iziy-262-03
    [283] => tg_V3ZMC6AaWAUIgoEVwUp5VmHPypL3p1
    [284] => tg_quBxwsHLnDcetKwYUeL0ZwGVhOWJvs
    [285] => qqics-242-03
    [287] => tg_q5tpNQkvjppy8orNkmvHjKeZoFDicc
    [290] => tg_uRPJgNFRkhP1SYEz7vGMLo5cLwr10j
    [291] => tg_Ybl9xENxHsfVBPK7IBZikgc9icV0p0
    [293] => tg_YdzBBvglsoXidJdKCmWrG85bql5kG4
    [294] => sdyxc3D-243-03
    [296] => iszz-258-03
    [297] => tg_lfUx09OXmzxWGLxjyNqiYhji1J6o3S
    [298] => tg_pVLKwuqunHstVkThsuG9m9ZSFNKY4Z
    [300] => smsjOL-247-04
    [302] => tg_9v3y1tH8IID2ObAOh7tIrIqGPUL5li
    [304] => tg_howgDJMf8H0nC23KdM8cLLhsk330Sj
    [305] => tg_GMTqei4u3HsEi273emHLsPpYI3B6DW
    [310] => fzj-291-01
    [311] => xyj-241-02
    [312] => tg_gGqT8bYbaxpqLD1XpnsxYSJ3XLlWdc
    [314] => tg_1nGplhQDLUI1MZSEUXMNUL84CHOPpX
    [315] => tg_WCkCTf0pTrn8wT5Vga2ak2u2b6U4jG
    [318] => NBAftx-225-02
    [319] => xdzz-228-03
    [320] => tg_Wn11xsfYxoYQKmXznDz7ic5H2PaJth
    [324] => iszz-258-10
    [325] => tg_mNXK59R18xrYtoBaxWNwkKYPBuKXQp
    [326] => tg_MgtczvSC2Y8RhwzpkFMfLrp6BnzFJA
    [414] => 
)

有效渠道个数：257
有效渠道array：
Array
(
    [0] => 2394
    [1] => 2393
    [2] => 2388
    [3] => 2387
    [4] => 2386
    [5] => 2378
    [6] => 2376
    [7] => 2288
    [8] => 2283
    [9] => 2282
    [10] => 2280
    [11] => 2273
    [12] => 2272
    [13] => 2271
    [14] => 2270
    [15] => 2269
    [16] => 2268
    [17] => 2267
    [18] => 2266
    [19] => 2265
    [20] => 2264
    [21] => 2263
    [22] => 2262
    [23] => 2261
    [24] => 2259
    [25] => 2256
    [26] => 2255
    [27] => 2231
    [28] => 2226
    [29] => 2223
    [30] => 2222
    [31] => 2218
    [32] => 2215
    [33] => 2210
    [34] => 2102
    [35] => 2099
    [36] => 2090
    [37] => 2074
    [38] => 2073
    [39] => 2055
    [40] => 2045
    [41] => 1896
    [42] => 1884
    [43] => 1877
    [44] => 1875
    [45] => 1872
    [46] => 1870
    [47] => 1869
    [48] => 1868
    [49] => 1859
    [50] => 1856
    [51] => 1854
    [52] => 1840
    [53] => 1837
    [54] => 1825
    [55] => 1824
    [56] => 1823
    [57] => 1821
    [58] => 1820
    [59] => 1817
    [60] => 1814
    [61] => 1809
    [62] => 1803
    [63] => 1801
    [64] => 1800
    [65] => 1650
    [66] => 1638
    [67] => 1637
    [68] => 1631
    [69] => 1630
    [70] => 1629
    [71] => 1620
    [72] => 1618
    [73] => 1617
    [74] => 1608
    [75] => 1604
    [76] => 1601
    [77] => 1597
    [78] => 1595
    [79] => 1562
    [80] => 1559
    [81] => 1557
    [82] => 1555
    [83] => 1553
    [84] => 1531
    [85] => 1529
    [86] => 1526
    [87] => 1524
    [88] => 1519
    [89] => 1491
    [90] => 1488
    [91] => 1481
    [92] => 1480
    [93] => 1476
    [94] => 1475
    [95] => 1470
    [96] => 1464
    [97] => 1463
    [98] => 1461
    [99] => 1459
    [100] => 1457
    [101] => 1431
    [102] => 1429
    [103] => 1428
    [104] => 1419
    [105] => 1418
    [106] => 1417
    [107] => 1393
    [108] => 1392
    [109] => 1391
    [110] => 1389
    [111] => 1380
    [112] => 1346
    [113] => 1344
    [114] => 1343
    [115] => 1337
    [116] => 1335
    [117] => 1324
    [118] => 1306
    [119] => 1305
    [120] => 1304
    [121] => 1280
    [122] => 1139
    [123] => 1134
    [124] => 1123
    [125] => 1120
    [126] => 1115
    [127] => 1110
    [128] => 1101
    [129] => 1078
    [130] => 1077
    [131] => 1056
    [132] => 1047
    [133] => 1012
    [134] => 1009
    [135] => 999
    [136] => 998
    [137] => 994
    [138] => 993
    [139] => 971
    [140] => 946
    [141] => 944
    [142] => 927
    [143] => 915
    [144] => 913
    [145] => 910
    [146] => 885
    [147] => 876
    [148] => 873
    [149] => 872
    [150] => 871
    [151] => 867
    [152] => 866
    [153] => 860
    [154] => 857
    [155] => 856
    [156] => 855
    [157] => 851
    [158] => 850
    [159] => 843
    [160] => 836
    [161] => 825
    [162] => 800
    [163] => 799
    [164] => 798
    [165] => 785
    [166] => 775
    [167] => 764
    [168] => 758
    [169] => 753
    [170] => 751
    [171] => 728
    [172] => 727
    [173] => 725
    [174] => 717
    [175] => 713
    [176] => 697
    [177] => 696
    [178] => 695
    [179] => 694
    [180] => 689
    [181] => 686
    [182] => 685
    [183] => 683
    [184] => 680
    [185] => 677
    [186] => 657
    [187] => 656
    [188] => 654
    [189] => 615
    [190] => 593
    [191] => 589
    [192] => 588
    [193] => 581
    [194] => 579
    [195] => 572
    [196] => 563
    [197] => 562
    [198] => 542
    [199] => 536
    [200] => 535
    [201] => 533
    [202] => 528
    [203] => 527
    [204] => 526
    [205] => 478
    [206] => 477
    [207] => 476
    [208] => 464
    [209] => 462
    [210] => 460
    [211] => 456
    [212] => 453
    [213] => 441
    [214] => 439
    [215] => 433
    [216] => 430
    [217] => 429
    [218] => 427
    [219] => 416
    [220] => 409
    [221] => 407
    [222] => 406
    [223] => 405
    [224] => 404
    [225] => 403
    [226] => 396
    [227] => 394
    [228] => 392
    [229] => 389
    [230] => 386
    [231] => 384
    [232] => 381
    [233] => 380
    [234] => 379
    [235] => 377
    [236] => 374
    [237] => 373
    [238] => 371
    [239] => 370
    [240] => 369
    [241] => 368
    [242] => 324
    [243] => 311
    [244] => 309
    [245] => 300
    [246] => 297
    [247] => 296
    [248] => 295
    [249] => 293
    [250] => 270
    [251] => 262
    [252] => 223
    [253] => 184
    [254] => 167
    [255] => 141
    [256] => 14
)

