2016-10-10 00:13:28
统计当天：2016-10-09
渠道个数（即dailyaccount的个数）：6060
渠道sql：
select * from yx_tg_source S left join yx_tg_game G on S.gameid = G.gameid where S.activeflag = 1 and G.activeflag = 1 and G.isonstack = 0  and S.createtime<='2016-10-09 23:59:59' order by S.id desc
活跃渠道个数：294
活跃渠道array：
Array
(
    [0] => tg_Uuu7DKIS1H6x1tYmIF3QwX7uhrg7pM
    [1] => dfi2-252-03
    [2] => tg_DRkQoc4JCBwlfXGBZt3S7Xe7qKbHuX
    [3] => tg_ImW7KdcLDbkfZrE1j7R4jVhpShIV9N
    [4] => tg_hfQFP1T5unIBwVwmYZ84lmbLUk6Hql
    [5] => tg_wm7YyTNJDFl62mc1yEQmFYVKsDaLrI
    [6] => tg_XsxYkTvYKaFEZLomJmAIGTxKh6t473
    [7] => tg_Sewxs3XtPGOLYiORI5Pkg7odXeAKXN
    [8] => tg_sM3nfqDJy3Vy5aPurriOPCdX9iEJma
    [9] => tg_qsnV07CXxrunsXAD8uJpw8KAtjwRUH
    [10] => dwsj-435-01
    [11] => tg_cpZrEKR0IJ4S1rcmaswi8oADsic8pk
    [12] => tg_DSCeq49dAY1NXszMuPT6YSvlibLEV5
    [13] => tg_AsxPJXxY4WyybvnM7G2sf9DlUpfLcS
    [14] => smsjOL-247-04
    [15] => tg_au4IVxZIqUPkIsk9WHXh5V7naKiSIK
    [16] => tg_5OSuPn9oHty6tDThXGVcWSFPKws79c
    [17] => tg_g7ZxSv4gz7VPwWmtBN4Rua0RkQd3SI
    [18] => tg_AXIXnbBwMpJMQDEe2VSEWJmTX2afnP
    [19] => tg_mNXK59R18xrYtoBaxWNwkKYPBuKXQp
    [20] => NBAftx-225-02
    [21] => tg_1wDDLzkjbW3Pb8jzRrA01incmPqYhQ
    [22] => tg_iCdPvpx09yXS6AqVoH99GaBcG8K6Bx
    [23] => tg_NgwIwYVjAzXZn1QBJC68rQwtm8qAnv
    [24] => tg_1UrNa6pMG9ilFEbZCPTKAY22s7V5Cz
    [25] => tg_It3ZrGnxHnT527Li1JsFPEbAXHFsnx
    [26] => tg_YSA05Nah8JewKgqX9nr7Acwb2aBxyl
    [27] => tg_2ZYkmaQb5dtVWF9Eg0rokADvWu2l1D
    [28] => tg_pVLKwuqunHstVkThsuG9m9ZSFNKY4Z
    [29] => tg_NO44EDPcEL3s66lwa9yRtCs9aY1gjc
    [30] => ly-266-01
    [31] => tg_5OfKZXixp7CjR7XPU0W90lqqqTFk5J
    [32] => iszz-258-09
    [33] => tg_VZuGbtPK119VaeXIfeAFPpCwPVuF4q
    [34] => tg_IHodxJNKrfS0xxajkR6tAtkpohQvUu
    [35] => tg_jCHJyMptnrEeCRtLvWCna1UgFDOg12
    [36] => tg_xynK92e6Ss0NWnCvL8CCENHHEqAka4
    [37] => tg_spVeL0duhA4o33C3XVLMLcJeGzpLLx
    [38] => tg_dE40iVMPYicK6apZag3A7mu7y50uQ9
    [39] => tg_wdPlPXqIiLNs9uy7Ml0oOQKl3eamzQ
    [40] => tg_MgtczvSC2Y8RhwzpkFMfLrp6BnzFJA
    [41] => tg_YP3WF3TI3Mr7oCBqG4P1cEzXc7s0uA
    [42] => tg_a5q2q9GN2xABq86jM9pwiS8iyBJVfW
    [43] => tg_MwmQeDM6z2hcH7FkvAQSikHdIAwg1t
    [44] => xdzz-228-03
    [45] => tg_gxMXCdvJJOAMmzsoXJMMaU34TPUY3s
    [46] => tg_REbZq3xHh7bBMYgjx9hoFuLn8zSkuc
    [47] => wd-265-03
    [48] => sszj-260-03
    [49] => tg_JZ9J3vGNs6fiYDpid1fLVXAcdmnJGC
    [50] => tg_lH8i7vtt5Vyi4nU4poSm8Iv68PqS5A
    [51] => tg_isZoXNhPlO746tHMSp9H4QBHsPxXNI
    [52] => iszz-258-03
    [53] => tg_9wMQEwx1XSgzc6p1L1icWOicF6gRTs
    [54] => tg_OelNZbsZicvSlFyKZY006o7gBOtSKO
    [55] => tg_Zs0k3Wft4sZSUPLhqKbS72Fumhrxnx
    [56] => tg_qHza9gIeJGTH2MKaWSDdJWO2bAcfty
    [57] => xdzz-228-01
    [58] => tg_xyeEpNy38LrPrmO7kN8DtktaBlDieY
    [59] => tg_9exPJH0wBZ8HTOnBGIBAUy7Pd5KItg
    [60] => tg_KPu4Nors1HZxKWZihYMPeXmb4uu43N
    [61] => qqics-242-02
    [62] => tg_eXfOrB7ZM7cDO2nqwzIwswNwbLhnlJ
    [63] => tg_Uzk9TWGhQpn8JMmxrdOv3sknjw9Rpv
    [64] => tg_Ls0r0ObpFIFHHBSzcMSHVlPIgMA5tM
    [65] => tg_BX7jbPiBrO3Lbj4y7kRa9Zw7d5W5pt
    [66] => tg_WxyICK73BRFOH62RcXpAgw7TCRgkLE
    [67] => tg_vRYp2eQQGer5lK072YLwLivcFbf2xf
    [68] => tg_2ARVHpH2uWK1GKxxu0Zg0YChSYsj0O
    [69] => tg_JYWGy6Lv2jwnMs8SqyRiEdd3aHRvvv
    [70] => tg_dR9H2XzwOtyfidTpxmEHj5gPu6Y91x
    [71] => tg_jVaInI6nlTytxENBtvj0QGDG4ROnQZ
    [72] => tg_rRkZhxKJLkEkZmjdQjKd7tjDz8Ko6D
    [73] => tg_u1US2O9i4Z0zNFhwCpRHFpjjJ2Ti4w
    [74] => tg_C4AtrTbYKkD8nu6hiCd54cAM5zpPwG
    [75] => tg_2H4Lh6QFRbtPVS4psFYWJTTOhX6jay
    [77] => tg_rxk5PfhQq0bSCryZmN7GIozF5JXeYS
    [78] => tg_oBmWiTVc7xdlfusizfDtn2O2bBjraE
    [79] => tg_c0mUBBrcogdE5UvZCY2HnsSHyc6ePs
    [80] => tg_KRO4tgKz98o2QEo8GPGocl5GAA74Im
    [81] => tg_AhvgWr5nY3iUQ6aOmZ235ZRzNfupkg
    [82] => tg_DLgDR06dmMa0a6U2hBofa0ahtn29UH
    [83] => null
    [84] => tg_L4b9y9jkPeClOLmOuVH9PTWnXv2R2K
    [85] => tg_GRfNDZqBJr6NfIEUwCME6aHh3ekzpu
    [86] => tg_iYASmZtfja0EPC8NhI13Q229rpWnaR
    [87] => tg_LLXzjYhZJ0OgPqHDoVaruOSlYtYhEB
    [88] => tg_cC1AuzijXxk0DTe0f4TIeLb1sGp1Ut
    [89] => tg_KGrCSe1a4ryaHXKDklFBnaD9pInRXq
    [90] => tg_2WbWHagMS2SOb5xOSfVRLGlIn1S33u
    [91] => tg_jlkC6X8s1QpUpkaUOzJ2fGYI7vjo37
    [92] => tg_fGavmBEmEeJaNl84wbOJXtzYoz3ImT
    [93] => tg_dRIioV9G6DWsK3kw1lF7jFXUNDZEbE
    [94] => tg_Ri2NPtmmh1FsYTXg1bpBcSfD0VdpP7
    [95] => tg_NvXJf5QR5tjRwPjhRNfgiEKYRFgx4r
    [96] => tg_LZVNb8oMP1vPlllm0EKGZKP5Fr09kS
    [97] => tg_QOaluxlrDrdfHirks7boYovXT5VzvN
    [98] => tg_lv369aN0qVNdyxeLNsOZUv42Khkq9c
    [99] => tg_OR6k1HjrRFrcg1DYYkX3RZNfmsAJfA
    [100] => tg_nr4JqBnEI0bskXmRxWsVj7C1tf9FJM
    [101] => gfsl-221-02
    [102] => tg_ymld57G5I4vbEL4xKP4jLw7Orz8ckF
    [104] => tg_oYeamNiVoPhCQ43VMK6OhFySsqpVbh
    [105] => tg_77gFvmZyqqb5ZTA3643TFpwCYz8Jas
    [106] => tg_73mHAOuM3KdQa6oKLLG6XZgNWYlZCU
    [107] => tg_4xaqzJIbeZOX10X6NI4jgUD3d7kYwn
    [108] => tg_nIqDlZQ0dQMiGOudQVBgJ8vMzvy4ST
    [109] => tg_0CoRh2EYv5woXxneDWOkEgYXXwcnr6
    [110] => tg_tqrdOEQGez8JLhsu6eKlKfqBQ95Nv9
    [111] => tg_foInmUBJTEST2FsjE393noaqCL4YDz
    [112] => bfmnc-327-01
    [113] => tg_uM73vHb3tX7wOkVYYGRobZCg6rHCVT
    [114] => tg_2N0xHDMuHNoT51QtNa4w5UvW579Hq3
    [115] => tg_ovYJpa0VxDSjfx9vB6F4bOOdyJRpkM
    [117] => tg_nNPe0vpMC4ZxmitWGiEHW0gWHDpRcF
    [118] => tg_1ReM0qqeDaS6sF5f5Fn4Dv8ODfWpk0
    [119] => tg_B8hIhBmFN4X3ijAaXtsTwvigoF1oKO
    [120] => tg_bKnybL4otl2MtKbxCtLLDw8xA056HA
    [121] => tg_ICEcjc9rCPIBR46UAcqeZksnO8Wi9M
    [122] => tg_6vi6nfVunqSTdJKQ729D5wPqwD65uc
    [123] => dcfy-250-02
    [124] => tg_ZYpcDjcdzPXo9mq3BmOpV125UYut9U
    [125] => 
    [126] => iszz-258-11
    [127] => zgzt-213-01
    [128] => tg_OD7FcltYU9ZyDt7rn6beaylFAAVT5D
    [129] => sjzg-418-01
    [131] => tg_E0E2nta7J3vcP1BXFdQhyTIYyLZcTh
    [132] => tg_V3ZMC6AaWAUIgoEVwUp5VmHPypL3p1
    [133] => tg_v7Jb3BIDODCQ1VtgtfAmw7kXJEEPfK
    [134] => tg_a3MwwHqtFVIIu2wAcJtxFP9Qq6YXdU
    [135] => tg_xX5O7gsz5V7ioS8CXkxejkdaaSilqn
    [136] => tg_ExtRRmq70LZ5cPOsbOSWEzt7KRjR70
    [137] => dfbb-261-03
    [138] => tg_ukKVlFDkkWIyijtZbh7wQ9szez1vK1
    [139] => tg_eNCWE4IqbTr4L3rXk6kxGeYdF0sdgw
    [140] => tg_q4hI4MqWZwu7ac1kh5pn4KFdNgeV4y
    [141] => tg_DXLdwJFBbmEClkeZrrzUr7M0x5UknP
    [142] => tg_Q2b1rjqmySzYHTs1i9OWePb2NaBcGB
    [143] => tg_luMOlzXMsvqQNqaAuBhkolxOxGtjmA
    [144] => dcfy-250-04
    [145] => tg_vCsJpv46Zy29l982dIplz8UWDvylOA
    [146] => tg_oGuXovKoRUbLPmHuvs3UuIE9aeMS2u
    [147] => tg_hGFVwlehGMFc5AVTI0APT2AXvSQeGu
    [148] => cbws-283-02
    [149] => tg_jejMxEyTgyxOGvlI2GYJusOt3QDOGb
    [150] => tg_x7V0CXex19izghRLpbsKQuQz4iWGFy
    [151] => tg_G9yTAxWgs6kbikFA8mybpflSOxGHtl
    [152] => gfx-227-02
    [153] => xyj-241-17
    [155] => tg_KMpuyo1EOdaG6l4RIJxknESqe8i1do
    [156] => tg_D3OC96S53NgitjGQM8exL3wMjxkf4X
    [157] => yxzxAPP-422-01
    [158] => tg_IG3MtJ7JOXqsan5jjyzdOs1dngskIJ
    [159] => tg_NIGftm0hA1EjxWm9DKPuA69NSdLiBs
    [160] => tg_1t8ZHkzHsOjjfBQdO8Sp6xQb4Jqv5N
    [161] => tg_z037kSsOTpOe64cmjLjl1nUsQAoDwW
    [162] => tg_IB6hnKY9LuosneMkON6vp3eobulWK3
    [164] => tg_VD9fabmjMTqKUo3zGp3UHnyM0FohMB
    [165] => tg_vHJuYyncAfyWx0OBOTNBzBs4VDbYKa
    [166] => tg_SWqbqvLqDQyYjsG9jBBHZo8bF5l6yj
    [168] => tg_mFtD7NWQksoGcdkYjyTLyCGBW5LAiU
    [169] => tg_ODoUx9rQG9p7rnBZM2d19F8EQZ5utc
    [170] => tg_BzSlq616dainWOMpgxtFCfaqMVWg3j
    [171] => tg_MPv6wZlNPr7LOEpHwY19XtQ1kr7Fff
    [172] => tg_5QH6cQj37W9Aiel0tFJsWqgDtezJLR
    [173] => tg_tWxsqLc2DyZW0xhEjU2AGnkAg8rSzH
    [174] => tg_DwNO8ixOfJ2rY1XNclifft83mhYTi4
    [175] => tg_rmk6gWq0INJZaYZ6tgqFPmq3z5eqNm
    [177] => tg_zlmQ1MYrs3puVAfAUySNfxp8DprrcN
    [178] => tg_ceyjwgtKjdoAWvo2vbmAPUZ25nKLFW
    [179] => tg_R8HYrK50f168ti9sOsZtaiQD2co59J
    [180] => tg_Gejy6CaJU0EYR82x85J7TjKGPjSSZY
    [181] => tg_HlAnvCbNuM4o6gu4lj9ouY9mA4dxfQ
    [183] => tg_GXKFwldOWDrQ9XB8plFtCj91dyXAIh
    [184] => iszz-258-04
    [185] => tg_Qo1fvJS7zsXzyA2IXbpN0O63IkFczD
    [186] => tg_Ylsw4PyijBADuMjBqAvjXxmuH9Wj3F
    [187] => xyj-241-02
    [188] => tg_rRyHzAFMUdV7axvQjFOLFWcimW2ISs
    [189] => gfx-227-03
    [190] => tg_Zoks2ueLqNQh9bkP9F8nWgWxgVN4a3
    [191] => tg_v2aSduKnJJ5NKXAAkCTPEOYo7JnS94
    [192] => tg_IkrlXzTXRIz8Ff1EmFcvknDMveHyZy
    [193] => tg_bemh9vIE1yhl2WLX8PC3K4kt6T56sl
    [194] => tg_4gxvdgBfeXfU0Mkm1t3kqb6ftdzOMG
    [195] => dixy-232-03
    [196] => tg_OU20Xikl0SbparapZGvkebqzKhWQRE
    [197] => tg_QZZFggp5dA4nZym1yeDjbwGvJrDxrz
    [198] => tg_uYQsNlH1kqwKDEH4xABqHPfGQdgA9v
    [199] => cbws-283-03
    [200] => tg_HAE4GeBnupqKgTMoKVfdqFSpbGZqdw
    [201] => tg_9MSv9Id4g4YQ5HqkZSRgzWSsm3hDiU
    [202] => tg_WCkCTf0pTrn8wT5Vga2ak2u2b6U4jG
    [203] => tg_vC2YDzjcVUC15FGQBPgLNxYeO7Z5SQ
    [204] => tg_V4rCcoFzbBkK9PCpIYlOHxsf6WUDQr
    [205] => tg_PEbTLGzNvnESyOdTgKbhjxMrpp6Pv1
    [206] => tg_oRr8aA1QCzsoU5qSPqYmMCuQ9sNmcg
    [207] => tg_5tm9Wg2AXqKDoIwYbz1h5YBQ4FS8P3
    [208] => tg_Q0OXBqTKUT4gxwLdq8cEyinsbxvWsh
    [209] => zyj-263-03
    [212] => tg_mcEuJVtSvdAtVUENaRDVMBLSq8APnS
    [213] => tg_hgxfsHaP3Nl6ta14BIeWsy7lPXS8e2
    [214] => tg_ztpR2HKML8hJFjprho1zfbkV0imFp4
    [215] => dfi2-252-02
    [216] => xyj-241-03
    [217] => tg_iTu7R5kBoS3ZwvVAV0dsCpeGvSwNDW
    [218] => tg_o028lSVS26po0ZFjgGHlegKtggqz9S
    [219] => tg_ZZgcgW1UXMwmQ7XrtNJNYgILCHkhvx
    [220] => iszz-258-02
    [221] => wd-265-02
    [222] => tg_1EINsQaerAIg5QtrK92gm7n6zSfR7D
    [223] => tg_WObUg0waseMQMRqjvOnCzrgFmhUPVo
    [224] => tg_Ns2ruyRNGIFOc1V1cNXZTgYNXxKEzX
    [225] => tg_Ok1V5icI9vmONx23EKbYHVP56i1pYd
    [226] => tg_C279T8XrdTVBzfahN2pau9nO3JhRif
    [227] => zyj-263-04
    [229] => tg_B2gRz6KoFotcJwvqLHiYqclhTRZjAI
    [231] => tg_xBuL3S9TdcaQpVCpOs55vAmiUv8Ix9
    [232] => tg_Wn11xsfYxoYQKmXznDz7ic5H2PaJth
    [233] => tg_QNIdVsHmq2UJ0KNrgyokjQkFMiWOhX
    [234] => tg_e1XmOfhhxXMfenNMZuYv78znuFefbr
    [235] => dixy-232-02
    [236] => sji2-257-03
    [237] => tg_CWHe7Hrfhl6JXuwTQhogiVXlCxO6f0
    [238] => tg_JXdNpFL3qYrFKCQydFp9kS0Es7uq9p
    [239] => tg_Gl4B6QurIAtwce1L8X9Drz0yYnpQAo
    [241] => tg_q5tpNQkvjppy8orNkmvHjKeZoFDicc
    [242] => tg_rZLzNO4FSdY9hoRYNqEFV16bvYXuBb
    [243] => tg_OfaE1oD9jOkeCrMxFmwZmT29Ew1L5z
    [244] => tg_hjdu6ORJM7OG8QrXFIcC2xcYVRv9Dr
    [245] => tg_YdzBBvglsoXidJdKCmWrG85bql5kG4
    [246] => tg_NKOwsJ0b1FzamrotErpd6jgYsKAN2v
    [248] => tg_Trn7YSQVVtNZzq3Fw768fo98JN0n65
    [249] => tg_9svDGMMYJz3JrJlA5yZkJ0dVtaUb4m
    [252] => tg_quBxwsHLnDcetKwYUeL0ZwGVhOWJvs
    [254] => iziy-262-03
    [256] => tg_howgDJMf8H0nC23KdM8cLLhsk330Sj
    [258] => tg_Yu783LP9jjPQKkQ4gZ37LJqiGsa8F2
    [259] => tg_sN4DNq0d4Vg5WHZg9OWPsd4bjkM0hL
    [260] => dixy-232-01
    [261] => tg_NCP73iALs0HQvWtKPZzGiEA3HSBsAa
    [263] => tg_PXQG1MoeGb9uQy94DtZg3mBtr0ErUI
    [265] => tg_JlRqvBfsks2ni5ghWQqYA730uapFrC
    [266] => tg_3GSSy8PYKoFrup8G30jsux8ihQxkGc
    [267] => sbkcq-294-01
    [269] => iszz-258-10
    [270] => ijilz-249-03
    [271] => tg_KSrTmGgyDYV81i5ltvne0CVaiHhXRQ
    [272] => tg_FpXDuybKIJPNh59t6JyrliJWL2RGd1
    [274] => tg_euSiCujjVYyRZq2bhlsayXa9gchpUb
    [276] => tg_3H9a1haRWXASZzcsseDOLdFDuXWGy9
    [277] => tg_JJZYD6SJy3SJ6c0AKRp1GmB5UqZ2jg
    [279] => fzj-291-01
    [280] => tg_U7dQFVw0JZmpH11lmYHLR5qIsPJy3K
    [281] => tg_prw2gIFGyrnJH79P6pDgYGJjanWPHY
    [282] => tg_R1RDVqNHRQXgl4KJSMyZU2Tno2K9bg
    [283] => tg_vfaj7fCIWHRW8AF6lOhWStml7M07BG
    [285] => tg_Ol1QFxsnwmPTIifUX1pY0CFdr9g2cW
    [287] => tg_oAoVUwkuOeyVVQ05jZL3XRH3CJPrbR
    [288] => tg_rerMGmdYU9Jyeq8z0UUtJkITxPIPi2
    [289] => tg_ohkBpsfUYhZVj9odMIMj6RRXHQuf7y
    [291] => tg_gGqT8bYbaxpqLD1XpnsxYSJ3XLlWdc
    [292] => tg_yguQaDrCX4sRHyusZCmoIu2wxKyPTv
    [293] => jymf-237-03
    [295] => tg_lfUx09OXmzxWGLxjyNqiYhji1J6o3S
    [296] => tg_W2pysd1dY4bhFAxFDmSbPJAAXMZAJP
    [297] => tg_XFjHfg1mv3pPvJKCJ0JShkY18TdXxi
    [298] => ly-266-03
    [304] => tg_R5o8QShUV1GO4zyUU3UWozKOn12GdV
    [306] => xdzz-228-02
    [309] => tg_CfiAkPLcWCKERyb9IHu6Ecf4fqCN0e
    [312] => tg_uRPJgNFRkhP1SYEz7vGMLo5cLwr10j
    [313] => tg_hT9imoeBBJOa4aoOSH8s9D4nXulXQ3
    [315] => tg_Hllcezo5vcG6IuqIwwwGQ0oYw0mGPL
    [316] => tg_aFWrMTmCWEE0kaQmPHz5pWXf54vm83
    [320] => tg_9v3y1tH8IID2ObAOh7tIrIqGPUL5li
    [321] => tg_pdviUeEztqS8c3nE98GICfvvesETHJ
    [322] => tg_9L7imM0iNMHDvx030tEttb2gY6yAvf
    [326] => tg_Ybl9xENxHsfVBPK7IBZikgc9icV0p0
    [329] => tg_Spjn27BpHac5Q481Rr5zp1q1m3soZ2
    [330] => tg_1nGplhQDLUI1MZSEUXMNUL84CHOPpX
    [331] => tg_iNBVgkrz7R1IOCXEEJfkIlPzdSGnyI
    [332] => tg_2NsHXZzeADPI3sOdsGvb5UWmUgvIq3
    [333] => tg_caJsC7EfMOzEbr9mIg1Oi8xmFBpxw6
    [334] => tg_xyZ3j9g1TEE5oRQ8jtjOvWp93RoO1U
    [335] => tg_T0Ed5mmvuRdVzcxLWCLs9R6BGf0EaP
    [336] => tg_G7iLAMkERZ5ZZ4eotZjjQMghR4aFpd
    [337] => tg_mrIHzdJ5a7cXVH9W4aDyn8BcY3sEWL
    [338] => tg_VY5fuFU8pF4jMVrZsTPAcRbAbM68ZA
    [339] => sdyxc3D-243-03
    [340] => qqics-242-03
    [341] => tg_zjUY3zgmqTzHY6gaBbz0V5axvkeADq
    [344] => tg_iqfTzQ8SlRMYUsxMhhHnvScsJrc5by
)

有效渠道个数：278
有效渠道array：
Array
(
    [0] => 6841
    [1] => 6838
    [2] => 6468
    [3] => 6463
    [4] => 6447
    [5] => 6435
    [6] => 6426
    [7] => 6421
    [8] => 6253
    [9] => 6251
    [10] => 5919
    [11] => 5880
    [12] => 5728
    [13] => 5727
    [14] => 5726
    [15] => 5717
    [16] => 4637
    [17] => 4575
    [18] => 4243
    [19] => 4153
    [20] => 4146
    [21] => 4094
    [22] => 2547
    [23] => 2505
    [24] => 2446
    [25] => 2437
    [26] => 2434
    [27] => 2407
    [28] => 2402
    [29] => 2394
    [30] => 2393
    [31] => 2391
    [32] => 2388
    [33] => 2387
    [34] => 2386
    [35] => 2383
    [36] => 2382
    [37] => 2381
    [38] => 2377
    [39] => 2283
    [40] => 2280
    [41] => 2274
    [42] => 2273
    [43] => 2271
    [44] => 2270
    [45] => 2269
    [46] => 2268
    [47] => 2267
    [48] => 2266
    [49] => 2265
    [50] => 2264
    [51] => 2263
    [52] => 2262
    [53] => 2260
    [54] => 2259
    [55] => 2258
    [56] => 2256
    [57] => 2255
    [58] => 2254
    [59] => 2231
    [60] => 2230
    [61] => 2228
    [62] => 2226
    [63] => 2225
    [64] => 2221
    [65] => 2220
    [66] => 2218
    [67] => 2215
    [68] => 2099
    [69] => 2090
    [70] => 2073
    [71] => 2055
    [72] => 2045
    [73] => 1896
    [74] => 1884
    [75] => 1877
    [76] => 1875
    [77] => 1872
    [78] => 1870
    [79] => 1868
    [80] => 1867
    [81] => 1859
    [82] => 1856
    [83] => 1854
    [84] => 1837
    [85] => 1825
    [86] => 1824
    [87] => 1823
    [88] => 1821
    [89] => 1814
    [90] => 1811
    [91] => 1809
    [92] => 1803
    [93] => 1801
    [94] => 1800
    [95] => 1650
    [96] => 1647
    [97] => 1638
    [98] => 1637
    [99] => 1631
    [100] => 1630
    [101] => 1629
    [102] => 1618
    [103] => 1617
    [104] => 1604
    [105] => 1601
    [106] => 1595
    [107] => 1573
    [108] => 1557
    [109] => 1555
    [110] => 1553
    [111] => 1531
    [112] => 1526
    [113] => 1524
    [114] => 1519
    [115] => 1491
    [116] => 1488
    [117] => 1481
    [118] => 1480
    [119] => 1478
    [120] => 1476
    [121] => 1475
    [122] => 1470
    [123] => 1464
    [124] => 1459
    [125] => 1457
    [126] => 1452
    [127] => 1438
    [128] => 1436
    [129] => 1431
    [130] => 1428
    [131] => 1419
    [132] => 1418
    [133] => 1417
    [134] => 1393
    [135] => 1392
    [136] => 1389
    [137] => 1380
    [138] => 1346
    [139] => 1344
    [140] => 1343
    [141] => 1337
    [142] => 1335
    [143] => 1324
    [144] => 1306
    [145] => 1305
    [146] => 1304
    [147] => 1292
    [148] => 1139
    [149] => 1134
    [150] => 1123
    [151] => 1120
    [152] => 1119
    [153] => 1115
    [154] => 1110
    [155] => 1101
    [156] => 1077
    [157] => 1065
    [158] => 1056
    [159] => 1012
    [160] => 1009
    [161] => 999
    [162] => 998
    [163] => 971
    [164] => 946
    [165] => 944
    [166] => 942
    [167] => 915
    [168] => 913
    [169] => 881
    [170] => 876
    [171] => 873
    [172] => 872
    [173] => 871
    [174] => 867
    [175] => 866
    [176] => 860
    [177] => 857
    [178] => 855
    [179] => 851
    [180] => 850
    [181] => 843
    [182] => 836
    [183] => 825
    [184] => 800
    [185] => 799
    [186] => 798
    [187] => 785
    [188] => 775
    [189] => 764
    [190] => 758
    [191] => 753
    [192] => 751
    [193] => 728
    [194] => 727
    [195] => 725
    [196] => 724
    [197] => 717
    [198] => 713
    [199] => 697
    [200] => 696
    [201] => 695
    [202] => 694
    [203] => 689
    [204] => 686
    [205] => 685
    [206] => 683
    [207] => 680
    [208] => 678
    [209] => 677
    [210] => 657
    [211] => 656
    [212] => 654
    [213] => 615
    [214] => 593
    [215] => 589
    [216] => 588
    [217] => 581
    [218] => 579
    [219] => 572
    [220] => 563
    [221] => 562
    [222] => 536
    [223] => 535
    [224] => 533
    [225] => 528
    [226] => 527
    [227] => 526
    [228] => 478
    [229] => 477
    [230] => 476
    [231] => 464
    [232] => 462
    [233] => 460
    [234] => 456
    [235] => 453
    [236] => 441
    [237] => 439
    [238] => 430
    [239] => 429
    [240] => 421
    [241] => 416
    [242] => 412
    [243] => 409
    [244] => 407
    [245] => 405
    [246] => 404
    [247] => 403
    [248] => 399
    [249] => 396
    [250] => 392
    [251] => 389
    [252] => 386
    [253] => 384
    [254] => 380
    [255] => 377
    [256] => 374
    [257] => 373
    [258] => 371
    [259] => 370
    [260] => 369
    [261] => 368
    [262] => 324
    [263] => 319
    [264] => 311
    [265] => 309
    [266] => 303
    [267] => 300
    [268] => 297
    [269] => 296
    [270] => 295
    [271] => 293
    [272] => 262
    [273] => 223
    [274] => 167
    [275] => 151
    [276] => 141
    [277] => 14
)

