2016-09-24 00:12:35
统计当天：2016-09-23
渠道个数（即dailyaccount的个数）：1550
渠道sql：
select * from yx_tg_source S left join yx_tg_game G on S.gameid = G.gameid where S.activeflag = 1 and G.activeflag = 1 and G.isonstack = 0  and S.createtime<='2016-09-23 23:59:59' order by S.id desc
活跃渠道个数：291
活跃渠道array：
Array
(
    [0] => tg_g7ZxSv4gz7VPwWmtBN4Rua0RkQd3SI
    [1] => qqics-242-03
    [2] => jymf-237-01
    [3] => tg_UDyMC93nwIALdlS1mugg7eTc5SGYIU
    [4] => tg_g8bEkV1tPUOCTD1TmzF40HZdiyNju8
    [5] => tg_rZLzNO4FSdY9hoRYNqEFV16bvYXuBb
    [6] => ijilz-249-03
    [7] => czqst-395-01
    [8] => tg_Hllcezo5vcG6IuqIwwwGQ0oYw0mGPL
    [9] => diizl-396-01
    [10] => xyj-241-03
    [11] => tg_sM3nfqDJy3Vy5aPurriOPCdX9iEJma
    [12] => iszz-258-04
    [13] => COK-223-01
    [14] => tg_sp31vMDSFcA6z3PRqDM5scCEj04Zx8
    [15] => sszj-260-03
    [16] => tg_au4IVxZIqUPkIsk9WHXh5V7naKiSIK
    [17] => tg_isZoXNhPlO746tHMSp9H4QBHsPxXNI
    [18] => tg_qsnV07CXxrunsXAD8uJpw8KAtjwRUH
    [19] => tg_2NsHXZzeADPI3sOdsGvb5UWmUgvIq3
    [20] => tg_euSiCujjVYyRZq2bhlsayXa9gchpUb
    [21] => tg_VZuGbtPK119VaeXIfeAFPpCwPVuF4q
    [22] => tg_IB6hnKY9LuosneMkON6vp3eobulWK3
    [23] => tg_DdM2D5jmeqG8eCsh1m5hEOomRB53Cs
    [24] => tg_NgwIwYVjAzXZn1QBJC68rQwtm8qAnv
    [25] => tg_pVLKwuqunHstVkThsuG9m9ZSFNKY4Z
    [26] => tg_iNBVgkrz7R1IOCXEEJfkIlPzdSGnyI
    [27] => wd-265-03
    [28] => ly-266-01
    [29] => tg_Ns2ruyRNGIFOc1V1cNXZTgYNXxKEzX
    [30] => iszz-258-03
    [31] => wd-265-04
    [32] => tg_jCHJyMptnrEeCRtLvWCna1UgFDOg12
    [33] => tg_Zs0k3Wft4sZSUPLhqKbS72Fumhrxnx
    [34] => tg_NCP73iALs0HQvWtKPZzGiEA3HSBsAa
    [35] => tg_a5q2q9GN2xABq86jM9pwiS8iyBJVfW
    [36] => tg_wdPlPXqIiLNs9uy7Ml0oOQKl3eamzQ
    [37] => ly-266-03
    [38] => tg_NO44EDPcEL3s66lwa9yRtCs9aY1gjc
    [39] => tg_PXQG1MoeGb9uQy94DtZg3mBtr0ErUI
    [40] => tg_XsxYkTvYKaFEZLomJmAIGTxKh6t473
    [41] => tg_IHodxJNKrfS0xxajkR6tAtkpohQvUu
    [42] => tg_It3ZrGnxHnT527Li1JsFPEbAXHFsnx
    [43] => tg_5OfKZXixp7CjR7XPU0W90lqqqTFk5J
    [44] => zyj-263-04
    [45] => dfi2-252-03
    [46] => tg_YSA05Nah8JewKgqX9nr7Acwb2aBxyl
    [47] => tg_MwmQeDM6z2hcH7FkvAQSikHdIAwg1t
    [48] => tg_Trn7YSQVVtNZzq3Fw768fo98JN0n65
    [49] => tg_5OSuPn9oHty6tDThXGVcWSFPKws79c
    [50] => tg_OfaE1oD9jOkeCrMxFmwZmT29Ew1L5z
    [51] => tg_hfQFP1T5unIBwVwmYZ84lmbLUk6Hql
    [52] => tg_v2aSduKnJJ5NKXAAkCTPEOYo7JnS94
    [53] => xdzz-228-03
    [54] => tg_G7iLAMkERZ5ZZ4eotZjjQMghR4aFpd
    [55] => tg_DSCeq49dAY1NXszMuPT6YSvlibLEV5
    [56] => tg_lH8i7vtt5Vyi4nU4poSm8Iv68PqS5A
    [57] => iszz-258-09
    [58] => tg_mNXK59R18xrYtoBaxWNwkKYPBuKXQp
    [59] => tg_OelNZbsZicvSlFyKZY006o7gBOtSKO
    [60] => tg_JZ9J3vGNs6fiYDpid1fLVXAcdmnJGC
    [61] => tg_eKgpglHNQWuU8NNeLUHKwpPPblhbJx
    [62] => tg_1wDDLzkjbW3Pb8jzRrA01incmPqYhQ
    [63] => qqics-242-02
    [64] => xdzz-228-01
    [65] => tg_I0YvXhD2svI5uMg8BdLS62F6ZFzP9c
    [66] => ytx-423-01
    [67] => tg_jVaInI6nlTytxENBtvj0QGDG4ROnQZ
    [68] => tg_jlkC6X8s1QpUpkaUOzJ2fGYI7vjo37
    [69] => tg_N3n5bMNK8zcr4pfuMwWwZ8rQ1S89xz
    [70] => tg_GXKFwldOWDrQ9XB8plFtCj91dyXAIh
    [71] => tg_ExtRRmq70LZ5cPOsbOSWEzt7KRjR70
    [72] => COK-223-03
    [73] => tg_2WbWHagMS2SOb5xOSfVRLGlIn1S33u
    [74] => bfzj-411-01
    [75] => tg_c0mUBBrcogdE5UvZCY2HnsSHyc6ePs
    [76] => tg_TE5euwJub0hhLRi5QhqLX8ks5R6MHo
    [77] => tg_M2q440Wx4h1HY2l1C4ES55BZ1ULaFB
    [78] => iziy-262-01
    [79] => tg_mIZuRCTsIEoA4BzEo48N4E7X3htGus
    [80] => tg_ukKVlFDkkWIyijtZbh7wQ9szez1vK1
    [81] => tg_4N4FTa6FWuZ3NdtKGvfAoMgibXGNos
    [82] => tg_bWN4ISOqWcdLGPLqWK0mc2Dhk0BZW3
    [83] => tg_r2SwjTv5leThBkUwiRgTiJILTDBeao
    [84] => gfsl-221-03
    [85] => tg_USQULvLd7jEwvAnEXP6ogWMPmBcWXF
    [86] => tg_4lRiisZH0JDrv5SjTFuyTrjTfz9HlH
    [87] => tg_DLgDR06dmMa0a6U2hBofa0ahtn29UH
    [88] => lwzr-239-03
    [89] => wwyiqc-378-01
    [90] => tg_7ygUWViw2QMvlKmC2Pi0MP5W6qypmc
    [91] => tg_OR6k1HjrRFrcg1DYYkX3RZNfmsAJfA
    [92] => wd-265-01
    [93] => xdzz-228-06
    [94] => tg_G9yTAxWgs6kbikFA8mybpflSOxGHtl
    [95] => zgzt-213-01
    [96] => tg_xyeEpNy38LrPrmO7kN8DtktaBlDieY
    [97] => ic-362-01
    [98] => tg_Qt291OQxj3jumKFllwxDexYINewg2o
    [99] => tg_oRr8aA1QCzsoU5qSPqYmMCuQ9sNmcg
    [100] => tg_Uzk9TWGhQpn8JMmxrdOv3sknjw9Rpv
    [101] => wjMT3-311-01
    [102] => tg_4xaqzJIbeZOX10X6NI4jgUD3d7kYwn
    [103] => tg_rRyHzAFMUdV7axvQjFOLFWcimW2ISs
    [104] => bsqx-412-01
    [105] => tg_MiibYxryifzPfLEmcBEmI3SkJrkRlL
    [106] => tg_YEGigjvUVMhHY4g2vs3HBjFuRhLdgZ
    [108] => tg_HZVn8DL1xysZ39a0iD3FlrNIfkVfXx
    [109] => tg_bNlXdb2SQfKBV9w3j2KljJMcIsUQRt
    [110] => tg_2ARVHpH2uWK1GKxxu0Zg0YChSYsj0O
    [112] => tg_PYh9xGbkk20UcrNohCyRW65KllW12G
    [113] => tg_MPv6wZlNPr7LOEpHwY19XtQ1kr7Fff
    [114] => tg_rxk5PfhQq0bSCryZmN7GIozF5JXeYS
    [115] => tg_7WG5JTm3uW8NzqDodtjpwGYbm5j8oL
    [116] => tg_NKOwsJ0b1FzamrotErpd6jgYsKAN2v
    [117] => tg_hNjMap3hjNuOedvUnzvAWJBXgasDJc
    [118] => zyj-263-03
    [119] => lj-350-01
    [120] => tg_u1US2O9i4Z0zNFhwCpRHFpjjJ2Ti4w
    [121] => tg_GRfNDZqBJr6NfIEUwCME6aHh3ekzpu
    [122] => tg_vHJuYyncAfyWx0OBOTNBzBs4VDbYKa
    [123] => tg_yguQaDrCX4sRHyusZCmoIu2wxKyPTv
    [124] => tg_9qi3bVuFrRYnjckoJq4Dtos0NVwJYt
    [126] => wxzz-419-01
    [127] => tg_QpotQhX4cUAgk5QTnv1U8hOVb812jN
    [128] => tg_77gFvmZyqqb5ZTA3643TFpwCYz8Jas
    [130] => tg_hjdu6ORJM7OG8QrXFIcC2xcYVRv9Dr
    [131] => tg_73mHAOuM3KdQa6oKLLG6XZgNWYlZCU
    [132] => tg_ZZgcgW1UXMwmQ7XrtNJNYgILCHkhvx
    [133] => tg_Zoks2ueLqNQh9bkP9F8nWgWxgVN4a3
    [134] => smbbfk-415-01
    [135] => tg_WxyICK73BRFOH62RcXpAgw7TCRgkLE
    [136] => tg_lv369aN0qVNdyxeLNsOZUv42Khkq9c
    [137] => tg_ucgSlwjCyVURyZlylDS2uXodrqtSVP
    [138] => tg_mfofP8knkWoVx0XWJAWkwAqaf8xjNE
    [139] => tg_LZVNb8oMP1vPlllm0EKGZKP5Fr09kS
    [140] => tg_I0yFcLAGEDDKqd44YaBeFpfYR55Xp4
    [141] => tg_bKnybL4otl2MtKbxCtLLDw8xA056HA
    [142] => tg_oGuXovKoRUbLPmHuvs3UuIE9aeMS2u
    [143] => tg_tWxsqLc2DyZW0xhEjU2AGnkAg8rSzH
    [144] => mmd-323-01
    [145] => tg_B8hIhBmFN4X3ijAaXtsTwvigoF1oKO
    [146] => tg_U7dQFVw0JZmpH11lmYHLR5qIsPJy3K
    [147] => wmsj3D-256-01
    [148] => tg_BX7jbPiBrO3Lbj4y7kRa9Zw7d5W5pt
    [149] => tg_Ri2NPtmmh1FsYTXg1bpBcSfD0VdpP7
    [150] => 
    [151] => tg_ceyjwgtKjdoAWvo2vbmAPUZ25nKLFW
    [153] => gfx-227-02
    [154] => tg_9wMQEwx1XSgzc6p1L1icWOicF6gRTs
    [156] => iszz-258-11
    [157] => tg_vCsJpv46Zy29l982dIplz8UWDvylOA
    [158] => tg_qHza9gIeJGTH2MKaWSDdJWO2bAcfty
    [159] => tg_tqrdOEQGez8JLhsu6eKlKfqBQ95Nv9
    [160] => cbws-283-02
    [161] => tg_CMn3QsdnmrYBklOoZVQMNZsa0x91F5
    [162] => tg_AXIXnbBwMpJMQDEe2VSEWJmTX2afnP
    [163] => tg_eNCWE4IqbTr4L3rXk6kxGeYdF0sdgw
    [164] => tg_IG3MtJ7JOXqsan5jjyzdOs1dngskIJ
    [165] => tg_jejMxEyTgyxOGvlI2GYJusOt3QDOGb
    [166] => tg_NIGftm0hA1EjxWm9DKPuA69NSdLiBs
    [167] => tg_gxMXCdvJJOAMmzsoXJMMaU34TPUY3s
    [168] => iziy-262-04
    [169] => tg_mrIHzdJ5a7cXVH9W4aDyn8BcY3sEWL
    [170] => tg_JYWGy6Lv2jwnMs8SqyRiEdd3aHRvvv
    [171] => tg_o028lSVS26po0ZFjgGHlegKtggqz9S
    [172] => tg_hGFVwlehGMFc5AVTI0APT2AXvSQeGu
    [173] => tg_BzSlq616dainWOMpgxtFCfaqMVWg3j
    [174] => tg_D3OC96S53NgitjGQM8exL3wMjxkf4X
    [175] => tg_q4hI4MqWZwu7ac1kh5pn4KFdNgeV4y
    [176] => tg_5QH6cQj37W9Aiel0tFJsWqgDtezJLR
    [177] => tg_Gejy6CaJU0EYR82x85J7TjKGPjSSZY
    [178] => tg_PmAyr0IlfYftITdz5mJ4tk275XA5LQ
    [179] => tg_1EINsQaerAIg5QtrK92gm7n6zSfR7D
    [181] => tg_Nc0TlciG0UmfWoTeOnldJ1rTU6XeE9
    [182] => tg_radynjycJycQAFuAfK5GP6rDqGT6ed
    [183] => tg_f3YrVumb581hd00FTHPSiI7Ynyax0m
    [184] => byxxc-238-03
    [185] => iszz-258-10
    [186] => tg_ODoUx9rQG9p7rnBZM2d19F8EQZ5utc
    [187] => tg_spVeL0duhA4o33C3XVLMLcJeGzpLLx
    [188] => tg_OU20Xikl0SbparapZGvkebqzKhWQRE
    [190] => tg_HAE4GeBnupqKgTMoKVfdqFSpbGZqdw
    [191] => tg_Q0OXBqTKUT4gxwLdq8cEyinsbxvWsh
    [192] => tg_mcEuJVtSvdAtVUENaRDVMBLSq8APnS
    [193] => tg_QZZFggp5dA4nZym1yeDjbwGvJrDxrz
    [194] => xyj-241-17
    [195] => tg_v7Jb3BIDODCQ1VtgtfAmw7kXJEEPfK
    [196] => tg_SWqbqvLqDQyYjsG9jBBHZo8bF5l6yj
    [197] => tg_x7V0CXex19izghRLpbsKQuQz4iWGFy
    [198] => dixy-232-02
    [199] => tg_cpZrEKR0IJ4S1rcmaswi8oADsic8pk
    [200] => tg_WCkCTf0pTrn8wT5Vga2ak2u2b6U4jG
    [201] => gfx-227-03
    [202] => tg_dE40iVMPYicK6apZag3A7mu7y50uQ9
    [203] => tg_DwNO8ixOfJ2rY1XNclifft83mhYTi4
    [204] => tg_v2Qd56QlqG5MyJCuSizLIu252lHZgr
    [205] => tg_Ok1V5icI9vmONx23EKbYHVP56i1pYd
    [206] => sji2-257-03
    [207] => tg_V4rCcoFzbBkK9PCpIYlOHxsf6WUDQr
    [208] => llysq-282-03
    [210] => tg_4gxvdgBfeXfU0Mkm1t3kqb6ftdzOMG
    [212] => tg_e1XmOfhhxXMfenNMZuYv78znuFefbr
    [213] => tg_WObUg0waseMQMRqjvOnCzrgFmhUPVo
    [214] => xyj-241-02
    [216] => tg_Qo1fvJS7zsXzyA2IXbpN0O63IkFczD
    [217] => tg_pdviUeEztqS8c3nE98GICfvvesETHJ
    [218] => tg_luMOlzXMsvqQNqaAuBhkolxOxGtjmA
    [219] => tg_uM73vHb3tX7wOkVYYGRobZCg6rHCVT
    [220] => tg_iTu7R5kBoS3ZwvVAV0dsCpeGvSwNDW
    [221] => dfbb-261-03
    [222] => tg_vC2YDzjcVUC15FGQBPgLNxYeO7Z5SQ
    [223] => tg_zRnBcW23chp2xLf0qaD1SZynlCrOYp
    [227] => wd-265-02
    [228] => sdyxc3D-243-03
    [229] => tg_xyZ3j9g1TEE5oRQ8jtjOvWp93RoO1U
    [230] => jymf-237-03
    [232] => tg_9v3y1tH8IID2ObAOh7tIrIqGPUL5li
    [233] => tg_Uuu7DKIS1H6x1tYmIF3QwX7uhrg7pM
    [234] => tg_mFtD7NWQksoGcdkYjyTLyCGBW5LAiU
    [235] => tg_R5o8QShUV1GO4zyUU3UWozKOn12GdV
    [240] => tg_Yu783LP9jjPQKkQ4gZ37LJqiGsa8F2
    [241] => tg_quBxwsHLnDcetKwYUeL0ZwGVhOWJvs
    [242] => tg_Ybl9xENxHsfVBPK7IBZikgc9icV0p0
    [244] => tg_ZPo6AUjenS3o8rOmul8XP3mZ4bHixh
    [245] => tg_V3ZMC6AaWAUIgoEVwUp5VmHPypL3p1
    [246] => tg_KMpuyo1EOdaG6l4RIJxknESqe8i1do
    [247] => tg_ztpR2HKML8hJFjprho1zfbkV0imFp4
    [248] => tg_Gl4B6QurIAtwce1L8X9Drz0yYnpQAo
    [249] => tg_QNIdVsHmq2UJ0KNrgyokjQkFMiWOhX
    [250] => xdzz-228-02
    [251] => tg_hgxfsHaP3Nl6ta14BIeWsy7lPXS8e2
    [252] => dixy-232-01
    [253] => tg_3GSSy8PYKoFrup8G30jsux8ihQxkGc
    [254] => tg_W2pysd1dY4bhFAxFDmSbPJAAXMZAJP
    [255] => tg_sN4DNq0d4Vg5WHZg9OWPsd4bjkM0hL
    [256] => tg_9L7imM0iNMHDvx030tEttb2gY6yAvf
    [257] => tg_n3qXUbsViYy6M8zO55x3jxvAMHZa2W
    [258] => tg_ICEcjc9rCPIBR46UAcqeZksnO8Wi9M
    [259] => smsjOL-247-04
    [260] => tg_6vi6nfVunqSTdJKQ729D5wPqwD65uc
    [261] => tg_a3MwwHqtFVIIu2wAcJtxFP9Qq6YXdU
    [262] => tg_xX5O7gsz5V7ioS8CXkxejkdaaSilqn
    [263] => NBAftx-225-02
    [264] => tg_caJsC7EfMOzEbr9mIg1Oi8xmFBpxw6
    [265] => tg_Ol1QFxsnwmPTIifUX1pY0CFdr9g2cW
    [267] => tg_gGqT8bYbaxpqLD1XpnsxYSJ3XLlWdc
    [268] => tg_E0E2nta7J3vcP1BXFdQhyTIYyLZcTh
    [270] => tg_YdzBBvglsoXidJdKCmWrG85bql5kG4
    [273] => tg_YP3WF3TI3Mr7oCBqG4P1cEzXc7s0uA
    [275] => tg_JXdNpFL3qYrFKCQydFp9kS0Es7uq9p
    [276] => tg_iqfTzQ8SlRMYUsxMhhHnvScsJrc5by
    [277] => tg_Sewxs3XtPGOLYiORI5Pkg7odXeAKXN
    [279] => tg_howgDJMf8H0nC23KdM8cLLhsk330Sj
    [280] => tg_MgtczvSC2Y8RhwzpkFMfLrp6BnzFJA
    [282] => iziy-262-03
    [283] => tg_aVm2lO14wb8hlW09ruBVPkn7IuCrxx
    [284] => tg_VY5fuFU8pF4jMVrZsTPAcRbAbM68ZA
    [285] => tg_eXfOrB7ZM7cDO2nqwzIwswNwbLhnlJ
    [286] => tg_oYeamNiVoPhCQ43VMK6OhFySsqpVbh
    [287] => tg_CzAs7KojtFjuTDyUcuBu0J6ECOeMUh
    [288] => tg_3H9a1haRWXASZzcsseDOLdFDuXWGy9
    [290] => tg_CWHe7Hrfhl6JXuwTQhogiVXlCxO6f0
    [291] => xyj-241-04
    [292] => tg_ovYJpa0VxDSjfx9vB6F4bOOdyJRpkM
    [293] => tg_HlAnvCbNuM4o6gu4lj9ouY9mA4dxfQ
    [294] => iszz-258-02
    [295] => tg_9svDGMMYJz3JrJlA5yZkJ0dVtaUb4m
    [296] => tg_vfaj7fCIWHRW8AF6lOhWStml7M07BG
    [298] => tg_foInmUBJTEST2FsjE393noaqCL4YDz
    [299] => dixl-277-03
    [302] => tg_zjUY3zgmqTzHY6gaBbz0V5axvkeADq
    [303] => tg_T0Ed5mmvuRdVzcxLWCLs9R6BGf0EaP
    [304] => tg_rmk6gWq0INJZaYZ6tgqFPmq3z5eqNm
    [305] => tg_GMTqei4u3HsEi273emHLsPpYI3B6DW
    [307] => tg_q5tpNQkvjppy8orNkmvHjKeZoFDicc
    [308] => tg_KSrTmGgyDYV81i5ltvne0CVaiHhXRQ
    [310] => tg_xynK92e6Ss0NWnCvL8CCENHHEqAka4
    [311] => tg_uRPJgNFRkhP1SYEz7vGMLo5cLwr10j
    [315] => fzj-291-01
    [316] => tg_1nGplhQDLUI1MZSEUXMNUL84CHOPpX
    [317] => tg_R1RDVqNHRQXgl4KJSMyZU2Tno2K9bg
    [323] => tg_rerMGmdYU9Jyeq8z0UUtJkITxPIPi2
    [326] => tg_Wn11xsfYxoYQKmXznDz7ic5H2PaJth
    [328] => tg_9exPJH0wBZ8HTOnBGIBAUy7Pd5KItg
    [330] => tg_aFWrMTmCWEE0kaQmPHz5pWXf54vm83
    [335] => tg_Ylsw4PyijBADuMjBqAvjXxmuH9Wj3F
    [336] => tg_oAoVUwkuOeyVVQ05jZL3XRH3CJPrbR
    [338] => tg_lfUx09OXmzxWGLxjyNqiYhji1J6o3S
    [343] => dixy-232-03
    [390] => yxzxAPP-422-01
)

有效渠道个数：262
有效渠道array：
Array
(
    [0] => 2295
    [1] => 2292
    [2] => 2291
    [3] => 2287
    [4] => 2284
    [5] => 2283
    [6] => 2282
    [7] => 2281
    [8] => 2280
    [9] => 2273
    [10] => 2272
    [11] => 2271
    [12] => 2270
    [13] => 2269
    [14] => 2268
    [15] => 2267
    [16] => 2266
    [17] => 2264
    [18] => 2263
    [19] => 2262
    [20] => 2260
    [21] => 2259
    [22] => 2256
    [23] => 2255
    [24] => 2231
    [25] => 2226
    [26] => 2223
    [27] => 2222
    [28] => 2220
    [29] => 2218
    [30] => 2215
    [31] => 2210
    [32] => 2099
    [33] => 2095
    [34] => 2094
    [35] => 2090
    [36] => 2073
    [37] => 2059
    [38] => 2058
    [39] => 2055
    [40] => 2045
    [41] => 1896
    [42] => 1884
    [43] => 1877
    [44] => 1875
    [45] => 1872
    [46] => 1870
    [47] => 1869
    [48] => 1859
    [49] => 1856
    [50] => 1854
    [51] => 1840
    [52] => 1837
    [53] => 1825
    [54] => 1824
    [55] => 1823
    [56] => 1821
    [57] => 1817
    [58] => 1814
    [59] => 1811
    [60] => 1809
    [61] => 1803
    [62] => 1801
    [63] => 1800
    [64] => 1650
    [65] => 1638
    [66] => 1637
    [67] => 1631
    [68] => 1630
    [69] => 1629
    [70] => 1620
    [71] => 1618
    [72] => 1617
    [73] => 1614
    [74] => 1604
    [75] => 1601
    [76] => 1595
    [77] => 1559
    [78] => 1558
    [79] => 1557
    [80] => 1555
    [81] => 1553
    [82] => 1531
    [83] => 1529
    [84] => 1526
    [85] => 1524
    [86] => 1519
    [87] => 1491
    [88] => 1488
    [89] => 1481
    [90] => 1480
    [91] => 1478
    [92] => 1476
    [93] => 1475
    [94] => 1470
    [95] => 1464
    [96] => 1461
    [97] => 1459
    [98] => 1457
    [99] => 1438
    [100] => 1436
    [101] => 1431
    [102] => 1430
    [103] => 1429
    [104] => 1428
    [105] => 1419
    [106] => 1417
    [107] => 1393
    [108] => 1392
    [109] => 1391
    [110] => 1389
    [111] => 1380
    [112] => 1346
    [113] => 1344
    [114] => 1343
    [115] => 1337
    [116] => 1335
    [117] => 1324
    [118] => 1306
    [119] => 1305
    [120] => 1304
    [121] => 1292
    [122] => 1280
    [123] => 1139
    [124] => 1134
    [125] => 1123
    [126] => 1120
    [127] => 1115
    [128] => 1110
    [129] => 1101
    [130] => 1078
    [131] => 1077
    [132] => 1056
    [133] => 1047
    [134] => 1012
    [135] => 1009
    [136] => 999
    [137] => 998
    [138] => 995
    [139] => 971
    [140] => 953
    [141] => 946
    [142] => 944
    [143] => 915
    [144] => 913
    [145] => 910
    [146] => 885
    [147] => 881
    [148] => 876
    [149] => 873
    [150] => 872
    [151] => 871
    [152] => 867
    [153] => 866
    [154] => 860
    [155] => 857
    [156] => 856
    [157] => 855
    [158] => 851
    [159] => 850
    [160] => 843
    [161] => 836
    [162] => 825
    [163] => 817
    [164] => 800
    [165] => 799
    [166] => 798
    [167] => 785
    [168] => 775
    [169] => 758
    [170] => 753
    [171] => 751
    [172] => 728
    [173] => 727
    [174] => 725
    [175] => 717
    [176] => 713
    [177] => 697
    [178] => 696
    [179] => 695
    [180] => 694
    [181] => 691
    [182] => 689
    [183] => 686
    [184] => 685
    [185] => 683
    [186] => 680
    [187] => 677
    [188] => 657
    [189] => 656
    [190] => 654
    [191] => 616
    [192] => 593
    [193] => 589
    [194] => 588
    [195] => 581
    [196] => 579
    [197] => 572
    [198] => 563
    [199] => 562
    [200] => 536
    [201] => 535
    [202] => 533
    [203] => 528
    [204] => 527
    [205] => 526
    [206] => 478
    [207] => 477
    [208] => 476
    [209] => 466
    [210] => 464
    [211] => 462
    [212] => 461
    [213] => 460
    [214] => 456
    [215] => 453
    [216] => 441
    [217] => 439
    [218] => 429
    [219] => 427
    [220] => 421
    [221] => 416
    [222] => 409
    [223] => 407
    [224] => 406
    [225] => 405
    [226] => 404
    [227] => 403
    [228] => 398
    [229] => 396
    [230] => 394
    [231] => 392
    [232] => 389
    [233] => 386
    [234] => 384
    [235] => 381
    [236] => 380
    [237] => 379
    [238] => 377
    [239] => 374
    [240] => 373
    [241] => 371
    [242] => 370
    [243] => 369
    [244] => 368
    [245] => 324
    [246] => 311
    [247] => 309
    [248] => 300
    [249] => 297
    [250] => 296
    [251] => 295
    [252] => 293
    [253] => 273
    [254] => 270
    [255] => 262
    [256] => 259
    [257] => 223
    [258] => 174
    [259] => 167
    [260] => 141
    [261] => 14
)

