2016-10-28 00:35:41
统计当天：2016-10-27
渠道个数（即dailyaccount的个数）：7224
渠道sql：
select * from yx_tg_source S left join yx_tg_game G on S.gameid = G.gameid where S.activeflag = 1 and G.activeflag = 1 and G.isonstack = 0  and S.createtime<='2016-10-27 23:59:59' order by S.id desc
活跃渠道个数：368
活跃渠道array：
Array
(
    [0] => tg_Gl4B6QurIAtwce1L8X9Drz0yYnpQAo
    [1] => tg_Ns2ruyRNGIFOc1V1cNXZTgYNXxKEzX
    [2] => tg_O9cgE2tLlaIUujkhXbTlcktVd9yvRi
    [3] => tg_Zoks2ueLqNQh9bkP9F8nWgWxgVN4a3
    [4] => ly-266-03
    [5] => tg_dAoS95IeOPrEdZPFtjKeLSeUbfJn7f
    [6] => tg_oVuXEouaDagQKrGaZi23ZZhUpapd4J
    [7] => tg_5OfKZXixp7CjR7XPU0W90lqqqTFk5J
    [8] => tg_9L7imM0iNMHDvx030tEttb2gY6yAvf
    [9] => tg_0Nbqgie2P1B0rStUJTCCnOwL2cQhFN
    [10] => tg_It3ZrGnxHnT527Li1JsFPEbAXHFsnx
    [11] => tg_YSA05Nah8JewKgqX9nr7Acwb2aBxyl
    [12] => tg_ZFKqnwhylnrusVCHzMKMfQ1CrM4PKI
    [13] => tg_hfQFP1T5unIBwVwmYZ84lmbLUk6Hql
    [14] => tg_5OSuPn9oHty6tDThXGVcWSFPKws79c
    [15] => tg_MgtczvSC2Y8RhwzpkFMfLrp6BnzFJA
    [16] => tg_fSAlRxHa2UDWbbx3Gn7nvypxDWqvkd
    [17] => tg_Yu783LP9jjPQKkQ4gZ37LJqiGsa8F2
    [18] => tg_u5jkBNVLd4lnnf9w8P6FZVnCleJITd
    [19] => tg_BamqldxcexXjvJe8UCVI1UMmRPLYKa
    [20] => tg_PXQG1MoeGb9uQy94DtZg3mBtr0ErUI
    [21] => iszz-258-03
    [22] => tg_wIXN1rzotxhcO2fHCh8v4WaFOhvM3i
    [23] => tg_fl4scLZ4FiUV9noT00XsT0B55NgKEK
    [24] => tg_IHodxJNKrfS0xxajkR6tAtkpohQvUu
    [25] => tg_wdPlPXqIiLNs9uy7Ml0oOQKl3eamzQ
    [26] => tg_PeTNy1Faj8mQIBuAgfbjX5jTJXLLXa
    [27] => ly-266-01
    [28] => ydsnywl-413-01
    [29] => tg_XFjHfg1mv3pPvJKCJ0JShkY18TdXxi
    [30] => tg_NO44EDPcEL3s66lwa9yRtCs9aY1gjc
    [31] => tg_Ol1QFxsnwmPTIifUX1pY0CFdr9g2cW
    [32] => tg_xBuL3S9TdcaQpVCpOs55vAmiUv8Ix9
    [33] => iszz-258-09
    [34] => tg_y0rw3xWTqO1J6EbXH2IEeZciWZj2V8
    [35] => tg_zLFsg3Fa86nvLPLJJJDDqD5CCTfdGQ
    [36] => tg_vRYp2eQQGer5lK072YLwLivcFbf2xf
    [37] => xdzz-228-03
    [38] => tg_ZZgcgW1UXMwmQ7XrtNJNYgILCHkhvx
    [39] => COK-223-01
    [40] => tg_au4IVxZIqUPkIsk9WHXh5V7naKiSIK
    [41] => tg_rZLzNO4FSdY9hoRYNqEFV16bvYXuBb
    [42] => tg_prw2gIFGyrnJH79P6pDgYGJjanWPHY
    [43] => tg_5F72RIe0igT2d2LdZdPvLwMhxxM3DE
    [44] => tg_hQCfxRAltho6mu57AFzdD1m4djON6a
    [45] => tg_JZ9J3vGNs6fiYDpid1fLVXAcdmnJGC
    [46] => tg_1t8ZHkzHsOjjfBQdO8Sp6xQb4Jqv5N
    [47] => tg_R64SDdeCJshvCUVl9kk1SAY2mVMv40
    [48] => tg_xNkFYCVe3999kOpWMmGd9nc4ADgor5
    [49] => tg_0iRQ3TG1o1aOD0Ok82kgGDYXLzULCh
    [50] => tg_o028lSVS26po0ZFjgGHlegKtggqz9S
    [51] => tg_mDkHHPzmPXS39YYhBz8uKjl3CzEfCG
    [52] => tg_FF4y91BVHs0XFBT5b8yguHQV2ml675
    [53] => tg_6MtTadvoEKKgoLj4mjkg9EXH9fHVbf
    [54] => NBAftx-225-02
    [55] => tg_isZoXNhPlO746tHMSp9H4QBHsPxXNI
    [56] => tg_MwmQeDM6z2hcH7FkvAQSikHdIAwg1t
    [57] => tg_ldlS3tWKN8VmhxHWs7NPgQTPUOg9cJ
    [58] => tg_Trn7YSQVVtNZzq3Fw768fo98JN0n65
    [59] => tg_c9HTP8FS1ZqrHK9fKvx39Km8ZBgAXJ
    [60] => tg_sM3nfqDJy3Vy5aPurriOPCdX9iEJma
    [61] => tg_jCHJyMptnrEeCRtLvWCna1UgFDOg12
    [62] => tg_NgwIwYVjAzXZn1QBJC68rQwtm8qAnv
    [63] => tg_XsxYkTvYKaFEZLomJmAIGTxKh6t473
    [64] => tg_pVLKwuqunHstVkThsuG9m9ZSFNKY4Z
    [65] => tg_zIE36IpaEbThVLZgMNej31QQ7USmDL
    [66] => iziy-262-03
    [67] => tg_xynK92e6Ss0NWnCvL8CCENHHEqAka4
    [68] => tg_mNXK59R18xrYtoBaxWNwkKYPBuKXQp
    [69] => tg_iNBVgkrz7R1IOCXEEJfkIlPzdSGnyI
    [70] => tg_LLCnuPvPz2vL5lkzkWTv86VAZqXiFt
    [71] => tg_DSCeq49dAY1NXszMuPT6YSvlibLEV5
    [72] => tg_VZuGbtPK119VaeXIfeAFPpCwPVuF4q
    [73] => tg_sN4DNq0d4Vg5WHZg9OWPsd4bjkM0hL
    [74] => sdyxc3D-243-03
    [75] => wd-265-03
    [76] => tg_OelNZbsZicvSlFyKZY006o7gBOtSKO
    [77] => tg_xyZ3j9g1TEE5oRQ8jtjOvWp93RoO1U
    [78] => tg_a5q2q9GN2xABq86jM9pwiS8iyBJVfW
    [79] => tg_Zs0k3Wft4sZSUPLhqKbS72Fumhrxnx
    [80] => tg_JJZYD6SJy3SJ6c0AKRp1GmB5UqZ2jg
    [81] => tg_lH8i7vtt5Vyi4nU4poSm8Iv68PqS5A
    [82] => tg_dcZ5QIL64ZnGI4GY1HWwh29nKXB9BK
    [83] => tg_aZSTVz4tH7pnhGsMqOJ9v01XxGkqJY
    [84] => tg_OD7FcltYU9ZyDt7rn6beaylFAAVT5D
    [85] => tg_QDYvyxICPNYv0kg1BOP8QtEcfFUNGs
    [86] => tg_8uxohq1bonydqlPt2OVdKeyvgfO1HG
    [87] => tg_NoqH248k7exruZXQMVi100rIj0Ow78
    [88] => dcfy-250-04
    [89] => tg_KPu4Nors1HZxKWZihYMPeXmb4uu43N
    [90] => tg_9ODQEQAEQC2jZ68fdtnxDefI1lJGh5
    [91] => tg_ukKVlFDkkWIyijtZbh7wQ9szez1vK1
    [92] => tg_hGFVwlehGMFc5AVTI0APT2AXvSQeGu
    [93] => qqics-242-02
    [94] => dfi2-252-02
    [95] => tg_ZVxMldoPK0odMWviz3egNX7hvRCHKQ
    [96] => tg_127j5YH7792BhdfqL1ReAO3NfR4xz0
    [97] => tg_tqrdOEQGez8JLhsu6eKlKfqBQ95Nv9
    [98] => tg_n3qXUbsViYy6M8zO55x3jxvAMHZa2W
    [99] => tg_g3bZ5ra75R1nWzPNlKVchhK6YtC5az
    [100] => tg_Hr9az1lMNVa85gptvyaRGcDEAlj8Mo
    [101] => tg_G9yTAxWgs6kbikFA8mybpflSOxGHtl
    [102] => tg_iTu7R5kBoS3ZwvVAV0dsCpeGvSwNDW
    [103] => tg_s5DINUX58GHXmIZJJJV1gq5T40RdcF
    [104] => tg_XA1snjA4pRFYFA5VydpbMXyEIvVJuR
    [105] => tg_eXfOrB7ZM7cDO2nqwzIwswNwbLhnlJ
    [106] => wd-265-01
    [107] => tg_IB6hnKY9LuosneMkON6vp3eobulWK3
    [109] => tg_HxU1CoCoVKqPjjfMcKZ0TzcyV77wqY
    [110] => tg_JYWGy6Lv2jwnMs8SqyRiEdd3aHRvvv
    [111] => zcsm-320-01
    [112] => bfzj-411-01
    [113] => ly-266-02
    [114] => tg_mohUYUUR0HsouvywyxKRKclRKiIfUh
    [115] => tg_QOaluxlrDrdfHirks7boYovXT5VzvN
    [116] => byxxc-238-03
    [117] => tg_AdMndsyzT7HuzGNpX6xP7nNd2kL4of
    [118] => tg_gWduPMd7D6sz2PYRMsO6iHgBSqP7G8
    [119] => tg_5JtYTW0a9p9j1vHgT86rMlanbYoJSt
    [120] => tg_AhvgWr5nY3iUQ6aOmZ235ZRzNfupkg
    [121] => tg_NIGftm0hA1EjxWm9DKPuA69NSdLiBs
    [123] => tg_65d7Umo1mRGTuGyBBv8r8fwlmHxuTY
    [124] => tg_eGqoU2qlNLtvDYNYfI973jrvfDEN6u
    [125] => tg_3CTLpCGgn8ajARBQHs9MB7UThbYKag
    [126] => lmzg-389-01
    [127] => tg_GMTqei4u3HsEi273emHLsPpYI3B6DW
    [128] => tg_UIq5v3eBxoWaOieomZ3V2ey4GibbMZ
    [129] => tg_euHmUuim8CFrtGd1r2XPUwVf6hU4mJ
    [131] => tg_kuwf61UrHioa0STYPUx4FDugzJz67B
    [132] => zgzt-213-01
    [133] => tg_CWHe7Hrfhl6JXuwTQhogiVXlCxO6f0
    [134] => tg_ijHbhzbqeJ7QVhjj4ph6QPSwgdFd2g
    [135] => tg_IXBU0cMvHJZlRkAOUPUzWIZZt2pQGl
    [137] => null
    [138] => nyi-272-01
    [139] => sizj-400-01
    [140] => tg_oGuXovKoRUbLPmHuvs3UuIE9aeMS2u
    [141] => tg_2i8s3OS0ZCcjztr3Km52a16vESsvis
    [142] => tg_foInmUBJTEST2FsjE393noaqCL4YDz
    [143] => tg_f3YrVumb581hd00FTHPSiI7Ynyax0m
    [144] => sQc-358-01
    [145] => xjqxc3D-443-01
    [146] => tg_2WbWHagMS2SOb5xOSfVRLGlIn1S33u
    [147] => tg_rxk5PfhQq0bSCryZmN7GIozF5JXeYS
    [148] => tg_iBQwLu3gRW3oY2acIF0T5eQc2uURTg
    [149] => tg_ohkBpsfUYhZVj9odMIMj6RRXHQuf7y
    [150] => tg_QNIdVsHmq2UJ0KNrgyokjQkFMiWOhX
    [151] => tg_3ljjNwItLS8dXWcAQk9dgMtgVhn6Zx
    [152] => tg_7QcpM9nCqpQopSQYRJB5tiYQyFNcaS
    [153] => iszz-258-11
    [154] => tg_sCWQ5mO1iHJAOcEFrfABzVnYvuEaqq
    [155] => tg_Tz78wapH5HOWKkA6nychOiftbexKey
    [156] => lwzr-239-03
    [157] => gfx-227-03
    [158] => tg_IG3MtJ7JOXqsan5jjyzdOs1dngskIJ
    [159] => tg_NvXJf5QR5tjRwPjhRNfgiEKYRFgx4r
    [160] => tg_uD57uHz47E8wXoO4kR5m7FNhYk7ljV
    [161] => tg_ODoUx9rQG9p7rnBZM2d19F8EQZ5utc
    [162] => tg_LGAQq5wZDjKuMv7GSg1stWlXYeWZmS
    [163] => tg_rRkZhxKJLkEkZmjdQjKd7tjDz8Ko6D
    [164] => tg_DVjFB30FnJLCYF24CvQJO75G3J64uW
    [166] => tg_B8hIhBmFN4X3ijAaXtsTwvigoF1oKO
    [167] => tg_oRr8aA1QCzsoU5qSPqYmMCuQ9sNmcg
    [168] => fknsg2-431-01
    [169] => tg_G7iLAMkERZ5ZZ4eotZjjQMghR4aFpd
    [170] => zyj-263-03
    [171] => tg_4zE122WihSnHVLpwtgEbGo8wEaokgZ
    [172] => tg_jozQbXSt0MsOdEGwpK3VTTyUp66Ce2
    [173] => smbbdmx-371-01
    [174] => tj-436-01
    [175] => wmsj3D-256-03
    [176] => tg_6vi6nfVunqSTdJKQ729D5wPqwD65uc
    [177] => tg_3L5ZJi8hSbYwnJQzhsMU5VHW0XgxLp
    [178] => tg_YEGigjvUVMhHY4g2vs3HBjFuRhLdgZ
    [179] => gfx-227-02
    [180] => tg_2IxdlbSwcuNEvSDGBrrX9CN0ZymPS9
    [181] => tg_29McOCy654FQHBg0k7IU0OJzmBi52V
    [182] => tg_Ri2NPtmmh1FsYTXg1bpBcSfD0VdpP7
    [183] => tg_JE7555URTg8PnW3kg27YKTPGG7ZcbP
    [184] => yxzxAPP-422-01
    [186] => tg_UJipV7pXJ9Ui9rY70iZpjBHGl1EDWh
    [187] => tg_2H4Lh6QFRbtPVS4psFYWJTTOhX6jay
    [188] => tg_5sYSllKI9CiU8DaoeqPrb4Tj63DcJx
    [191] => tg_D3OC96S53NgitjGQM8exL3wMjxkf4X
    [193] => tg_uKdkYuLOUZ6dYpKawiPxSlws5C3p2Q
    [194] => 
    [195] => tg_BoOVFdQ5PzJUpAq8lROJsTo2M3hVFU
    [196] => tg_JXdNpFL3qYrFKCQydFp9kS0Es7uq9p
    [197] => tg_KGrCSe1a4ryaHXKDklFBnaD9pInRXq
    [198] => tg_bJwb42D2NyPwgID5KQngbREXKIVqTS
    [199] => tg_Ok1V5icI9vmONx23EKbYHVP56i1pYd
    [201] => tg_NFFTmgzmMokyIfz9evpCJQ4sNXUaWF
    [202] => jymf-237-03
    [203] => dixl-277-03
    [204] => tg_howgDJMf8H0nC23KdM8cLLhsk330Sj
    [205] => tg_GXKFwldOWDrQ9XB8plFtCj91dyXAIh
    [206] => tg_X9FfgTUedruUSLOuWANgAoPgSE0s2Q
    [207] => cbws-283-02
    [208] => tg_9svDGMMYJz3JrJlA5yZkJ0dVtaUb4m
    [209] => dfbb-261-03
    [210] => tg_DLgDR06dmMa0a6U2hBofa0ahtn29UH
    [212] => tg_WObUg0waseMQMRqjvOnCzrgFmhUPVo
    [213] => tg_HeObsj9BdHlkcHrYrsz6EL2fa2GJTi
    [214] => tg_mGHUeBsI32LYmovto5wB74q45NSYQy
    [215] => tg_v7cDnrslnzqxIArJ4erBCApkpQRJeE
    [216] => tg_C279T8XrdTVBzfahN2pau9nO3JhRif
    [217] => tg_KSrTmGgyDYV81i5ltvne0CVaiHhXRQ
    [218] => tg_oAoVUwkuOeyVVQ05jZL3XRH3CJPrbR
    [219] => tg_aFWrMTmCWEE0kaQmPHz5pWXf54vm83
    [220] => tg_tWxsqLc2DyZW0xhEjU2AGnkAg8rSzH
    [221] => tg_ceyjwgtKjdoAWvo2vbmAPUZ25nKLFW
    [222] => tg_nNPe0vpMC4ZxmitWGiEHW0gWHDpRcF
    [223] => cbws-283-03
    [224] => tg_ehdVeO32w7AyPfY0ZBqkpWIr1SvDrn
    [225] => tg_vQk4YxqC6WppWmaHRPd2w4A2NFvcLe
    [226] => tg_9exPJH0wBZ8HTOnBGIBAUy7Pd5KItg
    [227] => xdzz-228-02
    [228] => tg_uYQsNlH1kqwKDEH4xABqHPfGQdgA9v
    [229] => tg_9v3y1tH8IID2ObAOh7tIrIqGPUL5li
    [230] => tg_Q0OXBqTKUT4gxwLdq8cEyinsbxvWsh
    [231] => tg_zHs8HJGyn0Rv5Gi1WOdDkiISnK0H7s
    [232] => tg_V3ZMC6AaWAUIgoEVwUp5VmHPypL3p1
    [233] => tg_2ARVHpH2uWK1GKxxu0Zg0YChSYsj0O
    [235] => tg_TS7g68ApFyNFyAAgoOk3qtRWimfoNg
    [236] => xyj-241-02
    [239] => tg_mrIHzdJ5a7cXVH9W4aDyn8BcY3sEWL
    [240] => tg_MPv6wZlNPr7LOEpHwY19XtQ1kr7Fff
    [241] => tg_77gFvmZyqqb5ZTA3643TFpwCYz8Jas
    [242] => tg_DwNO8ixOfJ2rY1XNclifft83mhYTi4
    [244] => tg_B2gRz6KoFotcJwvqLHiYqclhTRZjAI
    [245] => tg_gROvgO1zaKN4u7rYKqqtV34oPECQ5H
    [246] => tg_xvCgNlPr9K7D216WoVlBjkIHzwcQuK
    [247] => tg_uRPJgNFRkhP1SYEz7vGMLo5cLwr10j
    [248] => tg_OU20Xikl0SbparapZGvkebqzKhWQRE
    [249] => tg_W2pysd1dY4bhFAxFDmSbPJAAXMZAJP
    [250] => tg_yxb251siBnIPfFxfGL0q0F510DqGvt
    [251] => tg_5QH6cQj37W9Aiel0tFJsWqgDtezJLR
    [252] => dixy-232-03
    [253] => tg_4Zl6KMY5KHdYhVrnrJaLw47ibP8Ibs
    [254] => tg_Qo1fvJS7zsXzyA2IXbpN0O63IkFczD
    [256] => tg_N3n5bMNK8zcr4pfuMwWwZ8rQ1S89xz
    [257] => tg_HlAnvCbNuM4o6gu4lj9ouY9mA4dxfQ
    [258] => tg_SWqbqvLqDQyYjsG9jBBHZo8bF5l6yj
    [259] => tg_qsnV07CXxrunsXAD8uJpw8KAtjwRUH
    [260] => tg_Gejy6CaJU0EYR82x85J7TjKGPjSSZY
    [261] => sji2-257-03
    [262] => xyj-241-03
    [263] => tg_v2aSduKnJJ5NKXAAkCTPEOYo7JnS94
    [264] => tg_QZZFggp5dA4nZym1yeDjbwGvJrDxrz
    [265] => tg_WCkCTf0pTrn8wT5Vga2ak2u2b6U4jG
    [266] => tg_FBRU1OZlwtg4i3DyAwOepei5y13Hid
    [267] => tg_be3G2CGOTHqGytb47b5E1MRw4NGu3R
    [268] => tg_HAE4GeBnupqKgTMoKVfdqFSpbGZqdw
    [269] => tg_spVeL0duhA4o33C3XVLMLcJeGzpLLx
    [270] => tg_CiBhEkklsCLVA2UpTTjD0UaX2nUWu1
    [271] => tg_BzSlq616dainWOMpgxtFCfaqMVWg3j
    [272] => tg_V4rCcoFzbBkK9PCpIYlOHxsf6WUDQr
    [273] => tg_mFtD7NWQksoGcdkYjyTLyCGBW5LAiU
    [274] => tg_NKOwsJ0b1FzamrotErpd6jgYsKAN2v
    [275] => tg_1UrNa6pMG9ilFEbZCPTKAY22s7V5Cz
    [276] => tg_Lyx50AlHYhUEsejnRNlXTJrfMFjfaU
    [277] => tg_5tm9Wg2AXqKDoIwYbz1h5YBQ4FS8P3
    [279] => tg_mcEuJVtSvdAtVUENaRDVMBLSq8APnS
    [280] => tg_caJsC7EfMOzEbr9mIg1Oi8xmFBpxw6
    [281] => tg_e1XmOfhhxXMfenNMZuYv78znuFefbr
    [282] => tg_YP3WF3TI3Mr7oCBqG4P1cEzXc7s0uA
    [283] => tg_Wzr2IL6gTf4wvBKCRmPUV1h0KHaqa1
    [284] => tg_NCP73iALs0HQvWtKPZzGiEA3HSBsAa
    [285] => tg_zlmQ1MYrs3puVAfAUySNfxp8DprrcN
    [286] => tg_MdY8o3ka4HnFeP8j7JprigdSox5agX
    [287] => tg_FVED9w8UsxvyBAd0XI1SJDloFLdtQm
    [288] => tg_73mHAOuM3KdQa6oKLLG6XZgNWYlZCU
    [289] => tg_zsTLBrqM2up5HI321rdz7hvmbXHCXx
    [290] => tg_gxMXCdvJJOAMmzsoXJMMaU34TPUY3s
    [291] => tg_Nc0co5JrNt7sFmz1Fm7rObHZUP70Qk
    [293] => tg_oYeamNiVoPhCQ43VMK6OhFySsqpVbh
    [294] => tg_ExtRRmq70LZ5cPOsbOSWEzt7KRjR70
    [295] => tg_YdzBBvglsoXidJdKCmWrG85bql5kG4
    [296] => tg_Uzk9TWGhQpn8JMmxrdOv3sknjw9Rpv
    [297] => tg_XqqefIBRLPljmy0fSj4gQUXeoc2JeF
    [298] => tg_z037kSsOTpOe64cmjLjl1nUsQAoDwW
    [299] => tg_ovYJpa0VxDSjfx9vB6F4bOOdyJRpkM
    [301] => tg_9wMQEwx1XSgzc6p1L1icWOicF6gRTs
    [302] => tg_pbdbbYp6CP7zmUcKsYxbNotXs9ZNFJ
    [303] => tg_UDyMC93nwIALdlS1mugg7eTc5SGYIU
    [304] => tg_1EINsQaerAIg5QtrK92gm7n6zSfR7D
    [305] => tg_luMOlzXMsvqQNqaAuBhkolxOxGtjmA
    [307] => smsjOL-247-04
    [310] => tg_1jQe73rT4e8GVjRXeU65PvjFfgyCJ9
    [311] => sszj-260-03
    [312] => tg_x7V0CXex19izghRLpbsKQuQz4iWGFy
    [315] => tg_a3MwwHqtFVIIu2wAcJtxFP9Qq6YXdU
    [316] => iszz-258-02
    [317] => tg_vHJuYyncAfyWx0OBOTNBzBs4VDbYKa
    [318] => tg_vC2YDzjcVUC15FGQBPgLNxYeO7Z5SQ
    [320] => tg_Q2b1rjqmySzYHTs1i9OWePb2NaBcGB
    [321] => tg_ImW7KdcLDbkfZrE1j7R4jVhpShIV9N
    [322] => tg_cpZrEKR0IJ4S1rcmaswi8oADsic8pk
    [323] => tg_vEZgCnp2a2oZM7hFQm8kAnWsY7F7Un
    [324] => tg_xX5O7gsz5V7ioS8CXkxejkdaaSilqn
    [326] => tg_R8HYrK50f168ti9sOsZtaiQD2co59J
    [327] => tg_uM73vHb3tX7wOkVYYGRobZCg6rHCVT
    [328] => tg_E0E2nta7J3vcP1BXFdQhyTIYyLZcTh
    [329] => tg_rRyHzAFMUdV7axvQjFOLFWcimW2ISs
    [330] => tg_eHZFYqOW37zZly6Ci485hAPKblznlk
    [334] => tg_Uuu7DKIS1H6x1tYmIF3QwX7uhrg7pM
    [335] => tg_OfaE1oD9jOkeCrMxFmwZmT29Ew1L5z
    [336] => tg_4gxvdgBfeXfU0Mkm1t3kqb6ftdzOMG
    [337] => dixy-232-01
    [339] => tg_iCdPvpx09yXS6AqVoH99GaBcG8K6Bx
    [340] => tg_4hveOZ2EMZz0zH0ykRr1CimMmYjVF3
    [341] => tg_Hllcezo5vcG6IuqIwwwGQ0oYw0mGPL
    [342] => tg_iqfTzQ8SlRMYUsxMhhHnvScsJrc5by
    [343] => tg_R5o8QShUV1GO4zyUU3UWozKOn12GdV
    [345] => tg_W2yyQXCxIyTIwSbFXX4j5shu4N3mrk
    [348] => tg_JrFLtWsbbdLYlqboVhSzzxoHROQD4k
    [350] => tg_ICEcjc9rCPIBR46UAcqeZksnO8Wi9M
    [351] => fzj-291-01
    [352] => iszz-258-10
    [353] => sbkcq-294-01
    [355] => tg_NvMFF8a67IADmj73kvjokNrEYV5Evz
    [357] => wd-265-02
    [362] => dfi2-252-03
    [363] => tg_2NsHXZzeADPI3sOdsGvb5UWmUgvIq3
    [364] => tg_zjUY3zgmqTzHY6gaBbz0V5axvkeADq
    [370] => tg_bemh9vIE1yhl2WLX8PC3K4kt6T56sl
    [371] => tg_3H9a1haRWXASZzcsseDOLdFDuXWGy9
    [373] => tg_rkdhUHC6qE4eW3gS1BZlZjxddi6ZJa
    [375] => tg_gGqT8bYbaxpqLD1XpnsxYSJ3XLlWdc
    [377] => tg_kvTh1eV254JKcMoQPmaF50ZSF2YI8r
    [378] => tg_AXIXnbBwMpJMQDEe2VSEWJmTX2afnP
    [379] => tg_9DneKn1CDJFWOGcDYBJNlApta8VGdl
    [381] => iszz-258-04
    [383] => tg_Ylsw4PyijBADuMjBqAvjXxmuH9Wj3F
    [384] => tg_ztpR2HKML8hJFjprho1zfbkV0imFp4
    [385] => tg_fOWWgpxgog85mLXkPhWxAWHdhX1ZU7
    [386] => tg_VY5fuFU8pF4jMVrZsTPAcRbAbM68ZA
    [388] => tg_3DSNWRoGvcnS1USj7RLdEQ1Anm4nds
    [389] => tg_lfUx09OXmzxWGLxjyNqiYhji1J6o3S
    [391] => tg_Wn11xsfYxoYQKmXznDz7ic5H2PaJth
    [392] => tg_3GSSy8PYKoFrup8G30jsux8ihQxkGc
    [393] => tg_vfaj7fCIWHRW8AF6lOhWStml7M07BG
    [395] => tg_hgxfsHaP3Nl6ta14BIeWsy7lPXS8e2
    [399] => tg_Ybl9xENxHsfVBPK7IBZikgc9icV0p0
    [402] => tg_pdviUeEztqS8c3nE98GICfvvesETHJ
    [403] => tg_1wDDLzkjbW3Pb8jzRrA01incmPqYhQ
    [405] => tg_euSiCujjVYyRZq2bhlsayXa9gchpUb
    [406] => tg_T0Ed5mmvuRdVzcxLWCLs9R6BGf0EaP
    [409] => tg_Sewxs3XtPGOLYiORI5Pkg7odXeAKXN
    [411] => tg_q5tpNQkvjppy8orNkmvHjKeZoFDicc
    [412] => tg_R1RDVqNHRQXgl4KJSMyZU2Tno2K9bg
    [413] => dixy-232-02
    [416] => tg_rerMGmdYU9Jyeq8z0UUtJkITxPIPi2
    [418] => ijilz-249-03
    [420] => tg_g7ZxSv4gz7VPwWmtBN4Rua0RkQd3SI
    [421] => qqics-242-03
    [422] => tg_quBxwsHLnDcetKwYUeL0ZwGVhOWJvs
    [427] => tg_yguQaDrCX4sRHyusZCmoIu2wxKyPTv
    [428] => tg_lTm5KCarKN5sbIrdEvpfC30Lw2bfXX
    [430] => tg_1nGplhQDLUI1MZSEUXMNUL84CHOPpX
    [432] => tg_dDJLG6to6sFxyogiRQbTmRoGWdC2Dz
    [437] => tg_KMpuyo1EOdaG6l4RIJxknESqe8i1do
    [439] => tg_9MSv9Id4g4YQ5HqkZSRgzWSsm3hDiU
    [442] => tg_AsxPJXxY4WyybvnM7G2sf9DlUpfLcS
    [444] => tg_LPiY9ekEdtZqLLuukBC3fKOMYpbNWo
    [445] => tg_Spjn27BpHac5Q481Rr5zp1q1m3soZ2
    [508] => yxzxAPP-422-02
    [538] => yxzxAPP-422-03
)

有效渠道个数：343
有效渠道array：
Array
(
    [0] => 8029
    [1] => 8025
    [2] => 8018
    [3] => 8017
    [4] => 7935
    [5] => 7929
    [6] => 7927
    [7] => 7925
    [8] => 7914
    [9] => 7908
    [10] => 7905
    [11] => 7904
    [12] => 7902
    [13] => 7900
    [14] => 7898
    [15] => 7895
    [16] => 7892
    [17] => 7891
    [18] => 7888
    [19] => 7786
    [20] => 7742
    [21] => 7735
    [22] => 7721
    [23] => 7707
    [24] => 7700
    [25] => 7686
    [26] => 7679
    [27] => 7676
    [28] => 7673
    [29] => 7668
    [30] => 7643
    [31] => 7635
    [32] => 7634
    [33] => 7632
    [34] => 7625
    [35] => 7622
    [36] => 7616
    [37] => 7608
    [38] => 7593
    [39] => 7592
    [40] => 7584
    [41] => 7403
    [42] => 7222
    [43] => 7029
    [44] => 7025
    [45] => 7015
    [46] => 7009
    [47] => 7003
    [48] => 6985
    [49] => 6976
    [50] => 6971
    [51] => 6887
    [52] => 6881
    [53] => 6880
    [54] => 6879
    [55] => 6878
    [56] => 6872
    [57] => 6871
    [58] => 6870
    [59] => 6869
    [60] => 6866
    [61] => 6865
    [62] => 6864
    [63] => 6863
    [64] => 6862
    [65] => 6861
    [66] => 6860
    [67] => 6859
    [68] => 6856
    [69] => 6854
    [70] => 6852
    [71] => 6851
    [72] => 6850
    [73] => 6849
    [74] => 6847
    [75] => 6846
    [76] => 6845
    [77] => 6435
    [78] => 6434
    [79] => 6426
    [80] => 6424
    [81] => 6421
    [82] => 5880
    [83] => 5750
    [84] => 5728
    [85] => 5727
    [86] => 5726
    [87] => 5717
    [88] => 4637
    [89] => 4282
    [90] => 4243
    [91] => 4155
    [92] => 4097
    [93] => 4067
    [94] => 2749
    [95] => 2547
    [96] => 2505
    [97] => 2446
    [98] => 2407
    [99] => 2395
    [100] => 2394
    [101] => 2393
    [102] => 2391
    [103] => 2388
    [104] => 2387
    [105] => 2386
    [106] => 2385
    [107] => 2381
    [108] => 2377
    [109] => 2280
    [110] => 2274
    [111] => 2273
    [112] => 2271
    [113] => 2270
    [114] => 2269
    [115] => 2268
    [116] => 2267
    [117] => 2266
    [118] => 2264
    [119] => 2263
    [120] => 2262
    [121] => 2260
    [122] => 2259
    [123] => 2258
    [124] => 2256
    [125] => 2255
    [126] => 2232
    [127] => 2231
    [128] => 2226
    [129] => 2224
    [130] => 2221
    [131] => 2218
    [132] => 2215
    [133] => 2210
    [134] => 2209
    [135] => 2099
    [136] => 2095
    [137] => 2092
    [138] => 2090
    [139] => 2073
    [140] => 2055
    [141] => 2045
    [142] => 1884
    [143] => 1877
    [144] => 1875
    [145] => 1872
    [146] => 1869
    [147] => 1868
    [148] => 1867
    [149] => 1859
    [150] => 1857
    [151] => 1856
    [152] => 1854
    [153] => 1837
    [154] => 1825
    [155] => 1824
    [156] => 1823
    [157] => 1821
    [158] => 1814
    [159] => 1809
    [160] => 1803
    [161] => 1801
    [162] => 1650
    [163] => 1647
    [164] => 1638
    [165] => 1637
    [166] => 1631
    [167] => 1630
    [168] => 1629
    [169] => 1621
    [170] => 1620
    [171] => 1618
    [172] => 1617
    [173] => 1604
    [174] => 1601
    [175] => 1597
    [176] => 1595
    [177] => 1555
    [178] => 1553
    [179] => 1531
    [180] => 1526
    [181] => 1524
    [182] => 1523
    [183] => 1519
    [184] => 1491
    [185] => 1488
    [186] => 1481
    [187] => 1480
    [188] => 1475
    [189] => 1473
    [190] => 1470
    [191] => 1464
    [192] => 1461
    [193] => 1457
    [194] => 1452
    [195] => 1431
    [196] => 1428
    [197] => 1419
    [198] => 1417
    [199] => 1393
    [200] => 1392
    [201] => 1380
    [202] => 1369
    [203] => 1346
    [204] => 1344
    [205] => 1343
    [206] => 1342
    [207] => 1337
    [208] => 1335
    [209] => 1324
    [210] => 1306
    [211] => 1305
    [212] => 1304
    [213] => 1278
    [214] => 1139
    [215] => 1134
    [216] => 1123
    [217] => 1120
    [218] => 1110
    [219] => 1101
    [220] => 1077
    [221] => 1056
    [222] => 1012
    [223] => 1009
    [224] => 999
    [225] => 998
    [226] => 991
    [227] => 971
    [228] => 946
    [229] => 944
    [230] => 915
    [231] => 913
    [232] => 910
    [233] => 881
    [234] => 876
    [235] => 873
    [236] => 872
    [237] => 871
    [238] => 867
    [239] => 866
    [240] => 860
    [241] => 857
    [242] => 855
    [243] => 851
    [244] => 850
    [245] => 843
    [246] => 841
    [247] => 836
    [248] => 835
    [249] => 823
    [250] => 805
    [251] => 800
    [252] => 799
    [253] => 798
    [254] => 785
    [255] => 775
    [256] => 758
    [257] => 753
    [258] => 751
    [259] => 728
    [260] => 725
    [261] => 724
    [262] => 717
    [263] => 697
    [264] => 696
    [265] => 695
    [266] => 694
    [267] => 689
    [268] => 686
    [269] => 685
    [270] => 683
    [271] => 678
    [272] => 677
    [273] => 658
    [274] => 656
    [275] => 654
    [276] => 593
    [277] => 589
    [278] => 588
    [279] => 587
    [280] => 583
    [281] => 581
    [282] => 579
    [283] => 572
    [284] => 563
    [285] => 562
    [286] => 536
    [287] => 535
    [288] => 528
    [289] => 527
    [290] => 526
    [291] => 478
    [292] => 477
    [293] => 476
    [294] => 464
    [295] => 462
    [296] => 460
    [297] => 456
    [298] => 453
    [299] => 443
    [300] => 441
    [301] => 439
    [302] => 430
    [303] => 429
    [304] => 412
    [305] => 409
    [306] => 407
    [307] => 405
    [308] => 404
    [309] => 403
    [310] => 399
    [311] => 398
    [312] => 397
    [313] => 396
    [314] => 392
    [315] => 389
    [316] => 386
    [317] => 384
    [318] => 381
    [319] => 380
    [320] => 379
    [321] => 377
    [322] => 374
    [323] => 373
    [324] => 371
    [325] => 370
    [326] => 369
    [327] => 368
    [328] => 324
    [329] => 311
    [330] => 309
    [331] => 300
    [332] => 297
    [333] => 296
    [334] => 295
    [335] => 294
    [336] => 293
    [337] => 262
    [338] => 223
    [339] => 184
    [340] => 167
    [341] => 141
    [342] => 14
)

