2016-09-11 00:12:05
统计当天：2016-09-10
渠道个数（即dailyaccount的个数）：1910
渠道sql：
select * from yx_tg_source S left join yx_tg_game G on S.gameid = G.gameid where S.activeflag = 1 and G.activeflag = 1 and G.isonstack = 0  and S.createtime<='2016-09-10 23:59:59' order by S.id desc
活跃渠道个数：238
活跃渠道array：
Array
(
    [0] => tg_Ns2ruyRNGIFOc1V1cNXZTgYNXxKEzX
    [1] => tg_wdPlPXqIiLNs9uy7Ml0oOQKl3eamzQ
    [2] => ijilz-249-03
    [3] => jymf-237-03
    [4] => tg_a5q2q9GN2xABq86jM9pwiS8iyBJVfW
    [5] => tg_q4hI4MqWZwu7ac1kh5pn4KFdNgeV4y
    [6] => tg_mNXK59R18xrYtoBaxWNwkKYPBuKXQp
    [7] => dfi2-252-03
    [8] => tg_ZPo6AUjenS3o8rOmul8XP3mZ4bHixh
    [9] => tg_JXdNpFL3qYrFKCQydFp9kS0Es7uq9p
    [10] => yw3-240-03
    [11] => tg_vfaj7fCIWHRW8AF6lOhWStml7M07BG
    [12] => tg_VY5fuFU8pF4jMVrZsTPAcRbAbM68ZA
    [13] => tg_Ol1QFxsnwmPTIifUX1pY0CFdr9g2cW
    [14] => tg_Ylsw4PyijBADuMjBqAvjXxmuH9Wj3F
    [15] => tg_iqfTzQ8SlRMYUsxMhhHnvScsJrc5by
    [16] => gfx-227-03
    [17] => tg_caJsC7EfMOzEbr9mIg1Oi8xmFBpxw6
    [18] => tg_IHodxJNKrfS0xxajkR6tAtkpohQvUu
    [19] => tg_OelNZbsZicvSlFyKZY006o7gBOtSKO
    [20] => tg_v2aSduKnJJ5NKXAAkCTPEOYo7JnS94
    [21] => tg_G7iLAMkERZ5ZZ4eotZjjQMghR4aFpd
    [22] => diizl-396-01
    [23] => tg_MwmQeDM6z2hcH7FkvAQSikHdIAwg1t
    [24] => tg_qHza9gIeJGTH2MKaWSDdJWO2bAcfty
    [25] => dixy-232-01
    [26] => byxxc-238-03
    [27] => tg_5QH6cQj37W9Aiel0tFJsWqgDtezJLR
    [28] => tg_jCHJyMptnrEeCRtLvWCna1UgFDOg12
    [29] => tg_OfaE1oD9jOkeCrMxFmwZmT29Ew1L5z
    [30] => tg_XsxYkTvYKaFEZLomJmAIGTxKh6t473
    [31] => tg_Wn11xsfYxoYQKmXznDz7ic5H2PaJth
    [32] => tg_DbGOemqQa31uumD6DFGIs6Wgn593nT
    [33] => tg_Yu783LP9jjPQKkQ4gZ37LJqiGsa8F2
    [34] => tg_rmk6gWq0INJZaYZ6tgqFPmq3z5eqNm
    [35] => tg_SWqbqvLqDQyYjsG9jBBHZo8bF5l6yj
    [36] => tg_Sewxs3XtPGOLYiORI5Pkg7odXeAKXN
    [37] => tg_PXQG1MoeGb9uQy94DtZg3mBtr0ErUI
    [38] => tg_isZoXNhPlO746tHMSp9H4QBHsPxXNI
    [39] => tg_5OfKZXixp7CjR7XPU0W90lqqqTFk5J
    [40] => tg_4gxvdgBfeXfU0Mkm1t3kqb6ftdzOMG
    [41] => tg_Trn7YSQVVtNZzq3Fw768fo98JN0n65
    [42] => wd-265-03
    [43] => tg_T0Ed5mmvuRdVzcxLWCLs9R6BGf0EaP
    [44] => tg_xynK92e6Ss0NWnCvL8CCENHHEqAka4
    [45] => tg_NO44EDPcEL3s66lwa9yRtCs9aY1gjc
    [46] => tg_foInmUBJTEST2FsjE393noaqCL4YDz
    [47] => tg_JZ9J3vGNs6fiYDpid1fLVXAcdmnJGC
    [48] => tg_fDPOX97e8cE8kTFCplIQ5lhboRmcwO
    [49] => tg_2NsHXZzeADPI3sOdsGvb5UWmUgvIq3
    [50] => tg_hGFVwlehGMFc5AVTI0APT2AXvSQeGu
    [51] => fzj-291-01
    [52] => tg_NgwIwYVjAzXZn1QBJC68rQwtm8qAnv
    [53] => tg_DSCeq49dAY1NXszMuPT6YSvlibLEV5
    [54] => tg_hfQFP1T5unIBwVwmYZ84lmbLUk6Hql
    [55] => tg_MgtczvSC2Y8RhwzpkFMfLrp6BnzFJA
    [56] => xdzz-228-03
    [57] => tg_9wMQEwx1XSgzc6p1L1icWOicF6gRTs
    [58] => tg_Zs0k3Wft4sZSUPLhqKbS72Fumhrxnx
    [59] => tg_zRnBcW23chp2xLf0qaD1SZynlCrOYp
    [60] => xdzz-228-01
    [61] => tg_I0YvXhD2svI5uMg8BdLS62F6ZFzP9c
    [62] => tg_AXIXnbBwMpJMQDEe2VSEWJmTX2afnP
    [63] => tg_v7Jb3BIDODCQ1VtgtfAmw7kXJEEPfK
    [64] => tg_BL1cvYB10xHPlkyqQCXE7m6l9qVzKO
    [66] => tg_HZVn8DL1xysZ39a0iD3FlrNIfkVfXx
    [67] => tg_GgpQVd3PntrNVQNt9BvYbBhK9KbOBZ
    [68] => tg_oYeamNiVoPhCQ43VMK6OhFySsqpVbh
    [69] => tg_Nc0TlciG0UmfWoTeOnldJ1rTU6XeE9
    [70] => tg_wiZfGGZ5VmiKZDTLcFudf4BxvoHnnr
    [71] => tg_TnESoblB9QX5GIpChNdOSvYXc1KlKd
    [72] => tg_45XdvoRQ0ociugoONfDiRVbC6PSadH
    [73] => tg_iTu7R5kBoS3ZwvVAV0dsCpeGvSwNDW
    [74] => tg_kgycsTg1M20QXgIKkerBXKQWoroyPv
    [75] => tg_GWXABKe79BspisqHeJkOCov4zCYQ0J
    [76] => tg_65d7Umo1mRGTuGyBBv8r8fwlmHxuTY
    [77] => tg_vdTfZG8vLW7nN2Vr2L8S5DhwRStLoA
    [78] => tg_Spjn27BpHac5Q481Rr5zp1q1m3soZ2
    [79] => cbws-283-03
    [80] => tg_xyeEpNy38LrPrmO7kN8DtktaBlDieY
    [81] => tg_dAhEZ2vjxMJWkPiKCC67inRukg9Ywj
    [83] => tg_R1RDVqNHRQXgl4KJSMyZU2Tno2K9bg
    [84] => tg_ohkBpsfUYhZVj9odMIMj6RRXHQuf7y
    [85] => tg_nUF6Q9QCrCJIIFKQ0wbhKQRUcRxZkQ
    [86] => tg_7WG5JTm3uW8NzqDodtjpwGYbm5j8oL
    [87] => tg_9exPJH0wBZ8HTOnBGIBAUy7Pd5KItg
    [88] => tg_7ygUWViw2QMvlKmC2Pi0MP5W6qypmc
    [89] => gfx-227-02
    [90] => tg_xG9LNLcvs09x9XT9zIFTOg9SZSiXXK
    [91] => tg_jlkC6X8s1QpUpkaUOzJ2fGYI7vjo37
    [93] => tg_VTIb5DaGCBJKGzmOMCno3o3PZif4jo
    [94] => xyj-241-03
    [95] => tg_MCBEPT7TlMAoHD53fV2FfYPSNTj0U5
    [97] => tg_db29xoSxWEaiCdYcoshsgAGjHxgURp
    [98] => tg_mrIHzdJ5a7cXVH9W4aDyn8BcY3sEWL
    [99] => tg_StcJB26LSuvy3sSxIaj450p557bRSH
    [100] => tg_N3n5bMNK8zcr4pfuMwWwZ8rQ1S89xz
    [101] => dixl-277-03
    [102] => tg_HlAnvCbNuM4o6gu4lj9ouY9mA4dxfQ
    [103] => tg_atvkFT6WfdLvhq13SzOpitWJFgBoqu
    [104] => tg_vHJuYyncAfyWx0OBOTNBzBs4VDbYKa
    [105] => tg_EEhdfSGvb9S7p5QAPsXJRDPUPfeSxU
    [106] => tg_XtFvAraX5GDj9C1xWnCN9H3iWaOpXI
    [108] => dfbb-261-03
    [109] => tg_NIGftm0hA1EjxWm9DKPuA69NSdLiBs
    [110] => tg_U7dQFVw0JZmpH11lmYHLR5qIsPJy3K
    [111] => tg_Ri2NPtmmh1FsYTXg1bpBcSfD0VdpP7
    [112] => tg_GXKFwldOWDrQ9XB8plFtCj91dyXAIh
    [113] => tg_1EINsQaerAIg5QtrK92gm7n6zSfR7D
    [114] => tg_Gejy6CaJU0EYR82x85J7TjKGPjSSZY
    [115] => cbws-283-02
    [116] => tg_v2Qd56QlqG5MyJCuSizLIu252lHZgr
    [117] => tg_OR6k1HjrRFrcg1DYYkX3RZNfmsAJfA
    [118] => tg_5OSuPn9oHty6tDThXGVcWSFPKws79c
    [119] => tg_jVaInI6nlTytxENBtvj0QGDG4ROnQZ
    [120] => tg_ceyjwgtKjdoAWvo2vbmAPUZ25nKLFW
    [122] => iszz-258-11
    [123] => iziy-262-04
    [124] => tg_IG3MtJ7JOXqsan5jjyzdOs1dngskIJ
    [125] => tg_oGuXovKoRUbLPmHuvs3UuIE9aeMS2u
    [126] => tg_BzSlq616dainWOMpgxtFCfaqMVWg3j
    [127] => tg_2ARVHpH2uWK1GKxxu0Zg0YChSYsj0O
    [128] => tg_OU20Xikl0SbparapZGvkebqzKhWQRE
    [129] => tg_hjdu6ORJM7OG8QrXFIcC2xcYVRv9Dr
    [130] => tg_pJMJsGoFLsRMlUougP8UbrhnBRQS1a
    [131] => tg_tWxsqLc2DyZW0xhEjU2AGnkAg8rSzH
    [132] => lwzr-239-03
    [133] => tg_LZVNb8oMP1vPlllm0EKGZKP5Fr09kS
    [135] => tg_YP3WF3TI3Mr7oCBqG4P1cEzXc7s0uA
    [136] => tg_kvTh1eV254JKcMoQPmaF50ZSF2YI8r
    [137] => tg_radynjycJycQAFuAfK5GP6rDqGT6ed
    [138] => sdyxc3D-243-03
    [139] => tg_vCsJpv46Zy29l982dIplz8UWDvylOA
    [140] => tg_ukKVlFDkkWIyijtZbh7wQ9szez1vK1
    [141] => tg_rxk5PfhQq0bSCryZmN7GIozF5JXeYS
    [142] => tg_HAE4GeBnupqKgTMoKVfdqFSpbGZqdw
    [143] => tg_WObUg0waseMQMRqjvOnCzrgFmhUPVo
    [144] => zyj-263-03
    [145] => tg_GMTqei4u3HsEi273emHLsPpYI3B6DW
    [146] => tg_iCdPvpx09yXS6AqVoH99GaBcG8K6Bx
    [147] => tg_jejMxEyTgyxOGvlI2GYJusOt3QDOGb
    [149] => iszz-258-04
    [150] => tg_rRyHzAFMUdV7axvQjFOLFWcimW2ISs
    [151] => tg_9svDGMMYJz3JrJlA5yZkJ0dVtaUb4m
    [152] => tg_DKaNuKOyvG11c2r4z7fS9iRyoUDxLw
    [153] => tg_USQULvLd7jEwvAnEXP6ogWMPmBcWXF
    [154] => tg_dE40iVMPYicK6apZag3A7mu7y50uQ9
    [155] => tg_W2pysd1dY4bhFAxFDmSbPJAAXMZAJP
    [156] => tg_spVeL0duhA4o33C3XVLMLcJeGzpLLx
    [157] => tg_Ok1V5icI9vmONx23EKbYHVP56i1pYd
    [158] => sji2-257-03
    [159] => tg_CMn3QsdnmrYBklOoZVQMNZsa0x91F5
    [160] => tg_V4rCcoFzbBkK9PCpIYlOHxsf6WUDQr
    [161] => tg_lCJYqGb6SZqrkFLya5lrzcauMahixa
    [163] => tg_9v3y1tH8IID2ObAOh7tIrIqGPUL5li
    [164] => tg_fiVxTkRnmQOqXfhUtCnwFnyhg2zmNy
    [165] => tg_mFtD7NWQksoGcdkYjyTLyCGBW5LAiU
    [166] => dixy-232-02
    [169] => tg_D3OC96S53NgitjGQM8exL3wMjxkf4X
    [170] => tg_o028lSVS26po0ZFjgGHlegKtggqz9S
    [171] => smsjOL-247-04
    [172] => xyj-241-02
    [173] => tg_x7V0CXex19izghRLpbsKQuQz4iWGFy
    [174] => tg_c0mUBBrcogdE5UvZCY2HnsSHyc6ePs
    [176] => tg_Uzk9TWGhQpn8JMmxrdOv3sknjw9Rpv
    [177] => tg_Gl4B6QurIAtwce1L8X9Drz0yYnpQAo
    [178] => tg_lfUx09OXmzxWGLxjyNqiYhji1J6o3S
    [180] => tg_9L7imM0iNMHDvx030tEttb2gY6yAvf
    [181] => tg_vC2YDzjcVUC15FGQBPgLNxYeO7Z5SQ
    [182] => tg_1nGplhQDLUI1MZSEUXMNUL84CHOPpX
    [189] => tg_iNBVgkrz7R1IOCXEEJfkIlPzdSGnyI
    [190] => wd-265-02
    [191] => tg_KMpuyo1EOdaG6l4RIJxknESqe8i1do
    [192] => iszz-258-02
    [193] => tg_xX5O7gsz5V7ioS8CXkxejkdaaSilqn
    [194] => tg_6vi6nfVunqSTdJKQ729D5wPqwD65uc
    [195] => tg_ztpR2HKML8hJFjprho1zfbkV0imFp4
    [196] => tg_bWN4ISOqWcdLGPLqWK0mc2Dhk0BZW3
    [198] => tg_u1US2O9i4Z0zNFhwCpRHFpjjJ2Ti4w
    [199] => dixy-232-03
    [201] => tg_CWHe7Hrfhl6JXuwTQhogiVXlCxO6f0
    [202] => tg_hNjMap3hjNuOedvUnzvAWJBXgasDJc
    [203] => NBAftx-225-02
    [204] => tg_rZLzNO4FSdY9hoRYNqEFV16bvYXuBb
    [205] => tg_tqrdOEQGez8JLhsu6eKlKfqBQ95Nv9
    [207] => qqics-242-03
    [208] => tg_ExtRRmq70LZ5cPOsbOSWEzt7KRjR70
    [209] => tg_Qo1fvJS7zsXzyA2IXbpN0O63IkFczD
    [210] => gfsl-221-02
    [211] => tg_WCkCTf0pTrn8wT5Vga2ak2u2b6U4jG
    [212] => tg_euSiCujjVYyRZq2bhlsayXa9gchpUb
    [213] => sszj-260-03
    [214] => tg_YgNaBXl7CUsjTHeNCFtq0jxD6JrqSf
    [215] => tg_3H9a1haRWXASZzcsseDOLdFDuXWGy9
    [216] => xdzz-228-02
    [219] => tg_hgxfsHaP3Nl6ta14BIeWsy7lPXS8e2
    [220] => tg_Hllcezo5vcG6IuqIwwwGQ0oYw0mGPL
    [222] => tg_JBTSjmYoNdCGHgEe6sdiu3Fy5l13Zg
    [223] => tg_pdviUeEztqS8c3nE98GICfvvesETHJ
    [224] => tg_e1XmOfhhxXMfenNMZuYv78znuFefbr
    [225] => tg_gGqT8bYbaxpqLD1XpnsxYSJ3XLlWdc
    [226] => tg_q5tpNQkvjppy8orNkmvHjKeZoFDicc
    [228] => tg_VZuGbtPK119VaeXIfeAFPpCwPVuF4q
    [230] => tg_4xaqzJIbeZOX10X6NI4jgUD3d7kYwn
    [233] => tg_n3qXUbsViYy6M8zO55x3jxvAMHZa2W
    [234] => tg_BX7jbPiBrO3Lbj4y7kRa9Zw7d5W5pt
    [236] => tg_E0E2nta7J3vcP1BXFdQhyTIYyLZcTh
    [237] => tg_uRPJgNFRkhP1SYEz7vGMLo5cLwr10j
    [239] => zyj-263-04
    [240] => tg_xEplWJZkxbKqE6TfgeL443TSmb1nA5
    [242] => tg_eXfOrB7ZM7cDO2nqwzIwswNwbLhnlJ
    [245] => tg_mcEuJVtSvdAtVUENaRDVMBLSq8APnS
    [247] => tg_luMOlzXMsvqQNqaAuBhkolxOxGtjmA
    [248] => tg_rerMGmdYU9Jyeq8z0UUtJkITxPIPi2
    [252] => tg_9qi3bVuFrRYnjckoJq4Dtos0NVwJYt
    [253] => iszz-258-10
    [254] => tg_KSrTmGgyDYV81i5ltvne0CVaiHhXRQ
    [256] => iziy-262-03
    [260] => tg_gxMXCdvJJOAMmzsoXJMMaU34TPUY3s
    [262] => tg_V3ZMC6AaWAUIgoEVwUp5VmHPypL3p1
    [263] => tg_Uuu7DKIS1H6x1tYmIF3QwX7uhrg7pM
    [265] => tg_3GSSy8PYKoFrup8G30jsux8ihQxkGc
    [266] => tg_a3MwwHqtFVIIu2wAcJtxFP9Qq6YXdU
    [267] => tg_QZZFggp5dA4nZym1yeDjbwGvJrDxrz
    [268] => tg_NCP73iALs0HQvWtKPZzGiEA3HSBsAa
    [269] => tg_YdzBBvglsoXidJdKCmWrG85bql5kG4
    [270] => tg_zjUY3zgmqTzHY6gaBbz0V5axvkeADq
    [271] => tg_cpZrEKR0IJ4S1rcmaswi8oADsic8pk
    [272] => tg_au4IVxZIqUPkIsk9WHXh5V7naKiSIK
    [276] => tg_pVLKwuqunHstVkThsuG9m9ZSFNKY4Z
    [277] => iszz-258-03
    [278] => iszz-258-09
    [280] => tg_Ybl9xENxHsfVBPK7IBZikgc9icV0p0
    [281] => tg_oAoVUwkuOeyVVQ05jZL3XRH3CJPrbR
    [284] => ly-266-03
    [288] => tg_YSA05Nah8JewKgqX9nr7Acwb2aBxyl
    [289] => tg_sM3nfqDJy3Vy5aPurriOPCdX9iEJma
    [374] => 
)

有效渠道个数：230
有效渠道array：
Array
(
    [0] => 2045
    [1] => 1884
    [2] => 1877
    [3] => 1875
    [4] => 1870
    [5] => 1868
    [6] => 1867
    [7] => 1859
    [8] => 1856
    [9] => 1854
    [10] => 1840
    [11] => 1838
    [12] => 1837
    [13] => 1830
    [14] => 1829
    [15] => 1828
    [16] => 1827
    [17] => 1826
    [18] => 1825
    [19] => 1824
    [20] => 1823
    [21] => 1822
    [22] => 1821
    [23] => 1819
    [24] => 1817
    [25] => 1816
    [26] => 1814
    [27] => 1811
    [28] => 1809
    [29] => 1803
    [30] => 1800
    [31] => 1650
    [32] => 1647
    [33] => 1638
    [34] => 1637
    [35] => 1631
    [36] => 1630
    [37] => 1629
    [38] => 1620
    [39] => 1618
    [40] => 1617
    [41] => 1616
    [42] => 1614
    [43] => 1604
    [44] => 1603
    [45] => 1601
    [46] => 1600
    [47] => 1557
    [48] => 1555
    [49] => 1553
    [50] => 1531
    [51] => 1529
    [52] => 1524
    [53] => 1519
    [54] => 1509
    [55] => 1491
    [56] => 1488
    [57] => 1481
    [58] => 1480
    [59] => 1478
    [60] => 1477
    [61] => 1476
    [62] => 1475
    [63] => 1470
    [64] => 1464
    [65] => 1461
    [66] => 1459
    [67] => 1457
    [68] => 1436
    [69] => 1431
    [70] => 1430
    [71] => 1429
    [72] => 1428
    [73] => 1419
    [74] => 1417
    [75] => 1393
    [76] => 1392
    [77] => 1391
    [78] => 1389
    [79] => 1380
    [80] => 1346
    [81] => 1343
    [82] => 1338
    [83] => 1337
    [84] => 1335
    [85] => 1324
    [86] => 1306
    [87] => 1305
    [88] => 1304
    [89] => 1292
    [90] => 1280
    [91] => 1139
    [92] => 1136
    [93] => 1134
    [94] => 1123
    [95] => 1120
    [96] => 1115
    [97] => 1110
    [98] => 1101
    [99] => 1100
    [100] => 1078
    [101] => 1077
    [102] => 1056
    [103] => 1047
    [104] => 1012
    [105] => 1009
    [106] => 999
    [107] => 998
    [108] => 971
    [109] => 947
    [110] => 946
    [111] => 944
    [112] => 941
    [113] => 915
    [114] => 914
    [115] => 913
    [116] => 911
    [117] => 910
    [118] => 885
    [119] => 876
    [120] => 873
    [121] => 872
    [122] => 871
    [123] => 867
    [124] => 866
    [125] => 860
    [126] => 857
    [127] => 856
    [128] => 855
    [129] => 854
    [130] => 851
    [131] => 850
    [132] => 843
    [133] => 836
    [134] => 825
    [135] => 800
    [136] => 799
    [137] => 798
    [138] => 785
    [139] => 775
    [140] => 758
    [141] => 753
    [142] => 751
    [143] => 728
    [144] => 727
    [145] => 717
    [146] => 713
    [147] => 697
    [148] => 696
    [149] => 695
    [150] => 694
    [151] => 689
    [152] => 686
    [153] => 685
    [154] => 683
    [155] => 680
    [156] => 677
    [157] => 658
    [158] => 657
    [159] => 656
    [160] => 616
    [161] => 611
    [162] => 609
    [163] => 599
    [164] => 589
    [165] => 588
    [166] => 582
    [167] => 581
    [168] => 579
    [169] => 572
    [170] => 563
    [171] => 562
    [172] => 536
    [173] => 535
    [174] => 533
    [175] => 528
    [176] => 527
    [177] => 526
    [178] => 517
    [179] => 478
    [180] => 477
    [181] => 476
    [182] => 464
    [183] => 462
    [184] => 460
    [185] => 456
    [186] => 453
    [187] => 441
    [188] => 439
    [189] => 429
    [190] => 416
    [191] => 409
    [192] => 407
    [193] => 405
    [194] => 404
    [195] => 403
    [196] => 399
    [197] => 398
    [198] => 396
    [199] => 392
    [200] => 389
    [201] => 386
    [202] => 384
    [203] => 382
    [204] => 381
    [205] => 380
    [206] => 379
    [207] => 377
    [208] => 374
    [209] => 373
    [210] => 371
    [211] => 370
    [212] => 369
    [213] => 368
    [214] => 324
    [215] => 319
    [216] => 309
    [217] => 300
    [218] => 297
    [219] => 296
    [220] => 295
    [221] => 293
    [222] => 270
    [223] => 262
    [224] => 223
    [225] => 184
    [226] => 174
    [227] => 167
    [228] => 141
    [229] => 14
)

