2016-10-05 00:13:28
统计当天：2016-10-04
渠道个数（即dailyaccount的个数）：6053
渠道sql：
select * from yx_tg_source S left join yx_tg_game G on S.gameid = G.gameid where S.activeflag = 1 and G.activeflag = 1 and G.isonstack = 0  and S.createtime<='2016-10-04 23:59:59' order by S.id desc
活跃渠道个数：282
活跃渠道array：
Array
(
    [0] => tg_ExtRRmq70LZ5cPOsbOSWEzt7KRjR70
    [1] => tg_g7ZxSv4gz7VPwWmtBN4Rua0RkQd3SI
    [2] => tg_QZZFggp5dA4nZym1yeDjbwGvJrDxrz
    [3] => ijilz-249-03
    [4] => tg_NKOwsJ0b1FzamrotErpd6jgYsKAN2v
    [5] => tg_isZoXNhPlO746tHMSp9H4QBHsPxXNI
    [6] => tg_KMpuyo1EOdaG6l4RIJxknESqe8i1do
    [7] => tg_T0Ed5mmvuRdVzcxLWCLs9R6BGf0EaP
    [8] => tg_iNBVgkrz7R1IOCXEEJfkIlPzdSGnyI
    [9] => tg_au4IVxZIqUPkIsk9WHXh5V7naKiSIK
    [10] => tg_DLgDR06dmMa0a6U2hBofa0ahtn29UH
    [11] => tg_VZuGbtPK119VaeXIfeAFPpCwPVuF4q
    [12] => tg_5OfKZXixp7CjR7XPU0W90lqqqTFk5J
    [13] => tg_Ol1QFxsnwmPTIifUX1pY0CFdr9g2cW
    [14] => qqics-242-03
    [15] => xdzz-228-03
    [16] => tg_NO44EDPcEL3s66lwa9yRtCs9aY1gjc
    [17] => tg_wdPlPXqIiLNs9uy7Ml0oOQKl3eamzQ
    [18] => tg_1UrNa6pMG9ilFEbZCPTKAY22s7V5Cz
    [19] => tg_DSCeq49dAY1NXszMuPT6YSvlibLEV5
    [20] => tg_Zs0k3Wft4sZSUPLhqKbS72Fumhrxnx
    [21] => tg_mNXK59R18xrYtoBaxWNwkKYPBuKXQp
    [22] => tg_v7Jb3BIDODCQ1VtgtfAmw7kXJEEPfK
    [23] => tg_SWqbqvLqDQyYjsG9jBBHZo8bF5l6yj
    [24] => tg_1wDDLzkjbW3Pb8jzRrA01incmPqYhQ
    [25] => tg_foInmUBJTEST2FsjE393noaqCL4YDz
    [26] => tg_Trn7YSQVVtNZzq3Fw768fo98JN0n65
    [27] => tg_IHodxJNKrfS0xxajkR6tAtkpohQvUu
    [28] => tg_XsxYkTvYKaFEZLomJmAIGTxKh6t473
    [29] => tg_qsnV07CXxrunsXAD8uJpw8KAtjwRUH
    [30] => tg_Sewxs3XtPGOLYiORI5Pkg7odXeAKXN
    [31] => tg_jCHJyMptnrEeCRtLvWCna1UgFDOg12
    [32] => tg_euSiCujjVYyRZq2bhlsayXa9gchpUb
    [33] => tg_QNIdVsHmq2UJ0KNrgyokjQkFMiWOhX
    [34] => dfi2-252-03
    [35] => tg_Hllcezo5vcG6IuqIwwwGQ0oYw0mGPL
    [36] => smsjOL-247-04
    [37] => tg_MwmQeDM6z2hcH7FkvAQSikHdIAwg1t
    [38] => zyj-263-04
    [39] => fzj-291-01
    [40] => tg_NgwIwYVjAzXZn1QBJC68rQwtm8qAnv
    [41] => tg_9wMQEwx1XSgzc6p1L1icWOicF6gRTs
    [42] => tg_hfQFP1T5unIBwVwmYZ84lmbLUk6Hql
    [43] => iszz-258-09
    [44] => tg_PXQG1MoeGb9uQy94DtZg3mBtr0ErUI
    [45] => tg_R5o8QShUV1GO4zyUU3UWozKOn12GdV
    [46] => tg_OelNZbsZicvSlFyKZY006o7gBOtSKO
    [47] => tg_5OSuPn9oHty6tDThXGVcWSFPKws79c
    [48] => tg_JZ9J3vGNs6fiYDpid1fLVXAcdmnJGC
    [49] => tg_YSA05Nah8JewKgqX9nr7Acwb2aBxyl
    [50] => tg_a5q2q9GN2xABq86jM9pwiS8iyBJVfW
    [51] => tg_lH8i7vtt5Vyi4nU4poSm8Iv68PqS5A
    [52] => tg_SUBQvuZAx9lnRfMLE4t3Vdfem6fCqd
    [53] => tg_G7i486aocPximcnaM87D2KpVarAWWY
    [54] => tg_xyeEpNy38LrPrmO7kN8DtktaBlDieY
    [55] => tg_77gFvmZyqqb5ZTA3643TFpwCYz8Jas
    [56] => tg_BL1cvYB10xHPlkyqQCXE7m6l9qVzKO
    [57] => tg_I0YvXhD2svI5uMg8BdLS62F6ZFzP9c
    [58] => tg_GMTqei4u3HsEi273emHLsPpYI3B6DW
    [59] => tg_3WU9MDO31z8djXXtRATcHCMAatt5Ye
    [60] => tg_uM73vHb3tX7wOkVYYGRobZCg6rHCVT
    [61] => tg_6xr1Gp0fBYKqDvLlPxczeDXEIcvRnZ
    [62] => tg_Uzk9TWGhQpn8JMmxrdOv3sknjw9Rpv
    [63] => tg_aKxvBwPiZFwh0QQsKPVtWjSUVso72F
    [64] => null
    [65] => tg_atvkFT6WfdLvhq13SzOpitWJFgBoqu
    [66] => byxxc-238-03
    [67] => tg_ukKVlFDkkWIyijtZbh7wQ9szez1vK1
    [68] => tg_tkywLzSIt5aSnvn3IajVveDiFKZPog
    [69] => tg_eKgpglHNQWuU8NNeLUHKwpPPblhbJx
    [70] => tg_KGrCSe1a4ryaHXKDklFBnaD9pInRXq
    [71] => tg_jlkC6X8s1QpUpkaUOzJ2fGYI7vjo37
    [72] => dixl-277-03
    [73] => tg_ZYpcDjcdzPXo9mq3BmOpV125UYut9U
    [74] => tg_rZLzNO4FSdY9hoRYNqEFV16bvYXuBb
    [75] => xyj-241-12
    [76] => tg_GXKFwldOWDrQ9XB8plFtCj91dyXAIh
    [77] => tg_9exPJH0wBZ8HTOnBGIBAUy7Pd5KItg
    [78] => tg_JE7555URTg8PnW3kg27YKTPGG7ZcbP
    [79] => tg_jVaInI6nlTytxENBtvj0QGDG4ROnQZ
    [80] => tg_hGFVwlehGMFc5AVTI0APT2AXvSQeGu
    [81] => tg_tqrdOEQGez8JLhsu6eKlKfqBQ95Nv9
    [82] => tg_UDyMC93nwIALdlS1mugg7eTc5SGYIU
    [83] => tg_iTu7R5kBoS3ZwvVAV0dsCpeGvSwNDW
    [84] => tg_jejMxEyTgyxOGvlI2GYJusOt3QDOGb
    [85] => tg_65d7Umo1mRGTuGyBBv8r8fwlmHxuTY
    [86] => tg_JYWGy6Lv2jwnMs8SqyRiEdd3aHRvvv
    [87] => tg_IG3MtJ7JOXqsan5jjyzdOs1dngskIJ
    [88] => gfx-227-02
    [89] => tg_MPv6wZlNPr7LOEpHwY19XtQ1kr7Fff
    [90] => cbws-283-03
    [91] => tg_DXLdwJFBbmEClkeZrrzUr7M0x5UknP
    [92] => xdzz-228-01
    [93] => tg_Q0OXBqTKUT4gxwLdq8cEyinsbxvWsh
    [94] => tg_ceyjwgtKjdoAWvo2vbmAPUZ25nKLFW
    [95] => tg_OR6k1HjrRFrcg1DYYkX3RZNfmsAJfA
    [96] => tg_rmk6gWq0INJZaYZ6tgqFPmq3z5eqNm
    [97] => tg_USQULvLd7jEwvAnEXP6ogWMPmBcWXF
    [98] => iziy-262-04
    [100] => tg_ovYJpa0VxDSjfx9vB6F4bOOdyJRpkM
    [101] => qqics-242-02
    [102] => tg_ODoUx9rQG9p7rnBZM2d19F8EQZ5utc
    [103] => tg_rRkZhxKJLkEkZmjdQjKd7tjDz8Ko6D
    [104] => tg_mrIHzdJ5a7cXVH9W4aDyn8BcY3sEWL
    [105] => tg_TENeIojtmSpDKsv56C6VA3ZOUuYzdT
    [106] => tg_rxk5PfhQq0bSCryZmN7GIozF5JXeYS
    [107] => tg_x7V0CXex19izghRLpbsKQuQz4iWGFy
    [108] => tg_KPu4Nors1HZxKWZihYMPeXmb4uu43N
    [109] => tg_n3qXUbsViYy6M8zO55x3jxvAMHZa2W
    [111] => tg_Q2b1rjqmySzYHTs1i9OWePb2NaBcGB
    [112] => tg_LZVNb8oMP1vPlllm0EKGZKP5Fr09kS
    [113] => tg_U7dQFVw0JZmpH11lmYHLR5qIsPJy3K
    [114] => tg_N3n5bMNK8zcr4pfuMwWwZ8rQ1S89xz
    [115] => tg_Ok1V5icI9vmONx23EKbYHVP56i1pYd
    [116] => tg_hgxfsHaP3Nl6ta14BIeWsy7lPXS8e2
    [117] => tg_DwNO8ixOfJ2rY1XNclifft83mhYTi4
    [118] => tg_NIGftm0hA1EjxWm9DKPuA69NSdLiBs
    [119] => tg_eXfOrB7ZM7cDO2nqwzIwswNwbLhnlJ
    [120] => tg_W2pysd1dY4bhFAxFDmSbPJAAXMZAJP
    [121] => tg_2WbWHagMS2SOb5xOSfVRLGlIn1S33u
    [122] => tg_u1US2O9i4Z0zNFhwCpRHFpjjJ2Ti4w
    [123] => iszz-258-11
    [124] => tg_D3OC96S53NgitjGQM8exL3wMjxkf4X
    [125] => tg_OU20Xikl0SbparapZGvkebqzKhWQRE
    [127] => tg_vfaj7fCIWHRW8AF6lOhWStml7M07BG
    [128] => tg_9svDGMMYJz3JrJlA5yZkJ0dVtaUb4m
    [129] => jymf-237-03
    [130] => tg_G9yTAxWgs6kbikFA8mybpflSOxGHtl
    [131] => tg_5QH6cQj37W9Aiel0tFJsWqgDtezJLR
    [132] => tg_BX7jbPiBrO3Lbj4y7kRa9Zw7d5W5pt
    [133] => tg_pbdbbYp6CP7zmUcKsYxbNotXs9ZNFJ
    [134] => cbws-283-02
    [135] => dixy-232-03
    [136] => tg_oRr8aA1QCzsoU5qSPqYmMCuQ9sNmcg
    [137] => tg_4xaqzJIbeZOX10X6NI4jgUD3d7kYwn
    [138] => tidmx-259-03
    [139] => tg_R8HYrK50f168ti9sOsZtaiQD2co59J
    [140] => tg_dE40iVMPYicK6apZag3A7mu7y50uQ9
    [141] => tg_spVeL0duhA4o33C3XVLMLcJeGzpLLx
    [142] => tg_ICEcjc9rCPIBR46UAcqeZksnO8Wi9M
    [143] => 
    [144] => tg_oYeamNiVoPhCQ43VMK6OhFySsqpVbh
    [145] => tg_HxU1CoCoVKqPjjfMcKZ0TzcyV77wqY
    [146] => wd-265-02
    [147] => tg_QOaluxlrDrdfHirks7boYovXT5VzvN
    [148] => tg_ymld57G5I4vbEL4xKP4jLw7Orz8ckF
    [149] => lwzr-239-03
    [150] => tg_PEbTLGzNvnESyOdTgKbhjxMrpp6Pv1
    [151] => tg_tWxsqLc2DyZW0xhEjU2AGnkAg8rSzH
    [152] => tg_NCP73iALs0HQvWtKPZzGiEA3HSBsAa
    [153] => tg_HAE4GeBnupqKgTMoKVfdqFSpbGZqdw
    [154] => tg_3H9a1haRWXASZzcsseDOLdFDuXWGy9
    [155] => tg_VD9fabmjMTqKUo3zGp3UHnyM0FohMB
    [156] => zyj-263-03
    [157] => tg_oGuXovKoRUbLPmHuvs3UuIE9aeMS2u
    [158] => tg_howgDJMf8H0nC23KdM8cLLhsk330Sj
    [161] => tg_mcEuJVtSvdAtVUENaRDVMBLSq8APnS
    [162] => tg_xBuL3S9TdcaQpVCpOs55vAmiUv8Ix9
    [163] => tg_xX5O7gsz5V7ioS8CXkxejkdaaSilqn
    [164] => tg_V4rCcoFzbBkK9PCpIYlOHxsf6WUDQr
    [165] => tg_Gejy6CaJU0EYR82x85J7TjKGPjSSZY
    [166] => tg_73mHAOuM3KdQa6oKLLG6XZgNWYlZCU
    [167] => iziy-262-03
    [168] => sji2-257-03
    [169] => tg_4gxvdgBfeXfU0Mkm1t3kqb6ftdzOMG
    [170] => tg_AsxPJXxY4WyybvnM7G2sf9DlUpfLcS
    [171] => tg_yguQaDrCX4sRHyusZCmoIu2wxKyPTv
    [172] => tg_aFWrMTmCWEE0kaQmPHz5pWXf54vm83
    [173] => tg_prw2gIFGyrnJH79P6pDgYGJjanWPHY
    [174] => tg_vC2YDzjcVUC15FGQBPgLNxYeO7Z5SQ
    [176] => tg_o028lSVS26po0ZFjgGHlegKtggqz9S
    [177] => tg_JXdNpFL3qYrFKCQydFp9kS0Es7uq9p
    [178] => tg_OfaE1oD9jOkeCrMxFmwZmT29Ew1L5z
    [179] => iszz-258-02
    [180] => tg_5tm9Wg2AXqKDoIwYbz1h5YBQ4FS8P3
    [182] => tg_9MSv9Id4g4YQ5HqkZSRgzWSsm3hDiU
    [183] => tg_zlmQ1MYrs3puVAfAUySNfxp8DprrcN
    [186] => xyj-241-03
    [187] => tg_ztpR2HKML8hJFjprho1zfbkV0imFp4
    [188] => tg_1t8ZHkzHsOjjfBQdO8Sp6xQb4Jqv5N
    [189] => tg_ZJ8Nb6ClNjpPbMmknQY9rYULRdy2Id
    [190] => dfbb-261-03
    [191] => tg_R1RDVqNHRQXgl4KJSMyZU2Tno2K9bg
    [192] => tg_caJsC7EfMOzEbr9mIg1Oi8xmFBpxw6
    [193] => tg_iCdPvpx09yXS6AqVoH99GaBcG8K6Bx
    [194] => tg_uRPJgNFRkhP1SYEz7vGMLo5cLwr10j
    [195] => tg_9v3y1tH8IID2ObAOh7tIrIqGPUL5li
    [196] => tg_nIqDlZQ0dQMiGOudQVBgJ8vMzvy4ST
    [197] => tg_CWHe7Hrfhl6JXuwTQhogiVXlCxO6f0
    [198] => tg_IkrlXzTXRIz8Ff1EmFcvknDMveHyZy
    [200] => tg_vCsJpv46Zy29l982dIplz8UWDvylOA
    [201] => tg_Gl4B6QurIAtwce1L8X9Drz0yYnpQAo
    [202] => tg_Y5YCTsO5ANlGxB2eDoYuDMo1IgYUi8
    [203] => tg_B2gRz6KoFotcJwvqLHiYqclhTRZjAI
    [204] => tg_Wn11xsfYxoYQKmXznDz7ic5H2PaJth
    [205] => tg_BzSlq616dainWOMpgxtFCfaqMVWg3j
    [206] => tg_JrFLtWsbbdLYlqboVhSzzxoHROQD4k
    [207] => tg_luMOlzXMsvqQNqaAuBhkolxOxGtjmA
    [208] => tg_3GSSy8PYKoFrup8G30jsux8ihQxkGc
    [210] => iszz-258-10
    [211] => tg_JlRqvBfsks2ni5ghWQqYA730uapFrC
    [212] => tg_rRyHzAFMUdV7axvQjFOLFWcimW2ISs
    [213] => tg_KSrTmGgyDYV81i5ltvne0CVaiHhXRQ
    [214] => tg_Ri2NPtmmh1FsYTXg1bpBcSfD0VdpP7
    [215] => dixy-232-02
    [216] => tg_WObUg0waseMQMRqjvOnCzrgFmhUPVo
    [217] => tg_mfofP8knkWoVx0XWJAWkwAqaf8xjNE
    [218] => tg_cpZrEKR0IJ4S1rcmaswi8oADsic8pk
    [220] => yxzxAPP-422-01
    [221] => tg_eNCWE4IqbTr4L3rXk6kxGeYdF0sdgw
    [222] => sszj-260-03
    [223] => tg_Zoks2ueLqNQh9bkP9F8nWgWxgVN4a3
    [225] => iszz-258-03
    [226] => tg_HlAnvCbNuM4o6gu4lj9ouY9mA4dxfQ
    [227] => tg_v2aSduKnJJ5NKXAAkCTPEOYo7JnS94
    [228] => tg_uYQsNlH1kqwKDEH4xABqHPfGQdgA9v
    [229] => tg_hjdu6ORJM7OG8QrXFIcC2xcYVRv9Dr
    [230] => tg_e1XmOfhhxXMfenNMZuYv78znuFefbr
    [231] => sdyxc3D-243-03
    [232] => tg_Ylsw4PyijBADuMjBqAvjXxmuH9Wj3F
    [233] => tg_ZZgcgW1UXMwmQ7XrtNJNYgILCHkhvx
    [234] => tg_9L7imM0iNMHDvx030tEttb2gY6yAvf
    [235] => iszz-258-04
    [236] => tg_Ns2ruyRNGIFOc1V1cNXZTgYNXxKEzX
    [239] => tg_G7iLAMkERZ5ZZ4eotZjjQMghR4aFpd
    [240] => tg_6vi6nfVunqSTdJKQ729D5wPqwD65uc
    [241] => tg_gxMXCdvJJOAMmzsoXJMMaU34TPUY3s
    [242] => tg_DRkQoc4JCBwlfXGBZt3S7Xe7qKbHuX
    [243] => tg_YdzBBvglsoXidJdKCmWrG85bql5kG4
    [244] => tg_MgtczvSC2Y8RhwzpkFMfLrp6BnzFJA
    [245] => tg_WCkCTf0pTrn8wT5Vga2ak2u2b6U4jG
    [246] => tg_q4hI4MqWZwu7ac1kh5pn4KFdNgeV4y
    [247] => tg_sN4DNq0d4Vg5WHZg9OWPsd4bjkM0hL
    [248] => tg_c0mUBBrcogdE5UvZCY2HnsSHyc6ePs
    [249] => tg_mFtD7NWQksoGcdkYjyTLyCGBW5LAiU
    [250] => tg_hT9imoeBBJOa4aoOSH8s9D4nXulXQ3
    [252] => NBAftx-225-02
    [253] => tg_IB6hnKY9LuosneMkON6vp3eobulWK3
    [254] => tg_quBxwsHLnDcetKwYUeL0ZwGVhOWJvs
    [255] => tg_pdviUeEztqS8c3nE98GICfvvesETHJ
    [256] => tg_iqfTzQ8SlRMYUsxMhhHnvScsJrc5by
    [258] => tg_z037kSsOTpOe64cmjLjl1nUsQAoDwW
    [260] => tg_VY5fuFU8pF4jMVrZsTPAcRbAbM68ZA
    [263] => gfx-227-03
    [265] => tg_pVLKwuqunHstVkThsuG9m9ZSFNKY4Z
    [267] => tg_E0E2nta7J3vcP1BXFdQhyTIYyLZcTh
    [268] => tg_CfiAkPLcWCKERyb9IHu6Ecf4fqCN0e
    [269] => tg_xyZ3j9g1TEE5oRQ8jtjOvWp93RoO1U
    [270] => ly-266-03
    [271] => tg_YP3WF3TI3Mr7oCBqG4P1cEzXc7s0uA
    [272] => tg_Yu783LP9jjPQKkQ4gZ37LJqiGsa8F2
    [273] => tg_a3MwwHqtFVIIu2wAcJtxFP9Qq6YXdU
    [274] => tg_C279T8XrdTVBzfahN2pau9nO3JhRif
    [275] => tg_2H4Lh6QFRbtPVS4psFYWJTTOhX6jay
    [276] => tg_q5tpNQkvjppy8orNkmvHjKeZoFDicc
    [277] => tg_Qo1fvJS7zsXzyA2IXbpN0O63IkFczD
    [280] => tg_Uuu7DKIS1H6x1tYmIF3QwX7uhrg7pM
    [282] => xyj-241-02
    [283] => tg_zjUY3zgmqTzHY6gaBbz0V5axvkeADq
    [286] => tg_AXIXnbBwMpJMQDEe2VSEWJmTX2afnP
    [287] => tg_It3ZrGnxHnT527Li1JsFPEbAXHFsnx
    [288] => wd-265-03
    [290] => dixy-232-01
    [292] => xdzz-228-02
    [297] => tg_2NsHXZzeADPI3sOdsGvb5UWmUgvIq3
    [300] => tg_XFjHfg1mv3pPvJKCJ0JShkY18TdXxi
    [301] => tg_2ARVHpH2uWK1GKxxu0Zg0YChSYsj0O
    [303] => tg_Ybl9xENxHsfVBPK7IBZikgc9icV0p0
    [304] => tg_fGavmBEmEeJaNl84wbOJXtzYoz3ImT
    [307] => tg_lfUx09OXmzxWGLxjyNqiYhji1J6o3S
    [310] => sbkcq-294-01
    [311] => tg_1nGplhQDLUI1MZSEUXMNUL84CHOPpX
    [318] => tg_vHJuYyncAfyWx0OBOTNBzBs4VDbYKa
    [319] => tg_rerMGmdYU9Jyeq8z0UUtJkITxPIPi2
    [321] => dfi2-252-02
    [322] => tg_JJZYD6SJy3SJ6c0AKRp1GmB5UqZ2jg
    [323] => tg_oAoVUwkuOeyVVQ05jZL3XRH3CJPrbR
    [324] => tg_V3ZMC6AaWAUIgoEVwUp5VmHPypL3p1
    [325] => tg_gGqT8bYbaxpqLD1XpnsxYSJ3XLlWdc
    [326] => tg_xynK92e6Ss0NWnCvL8CCENHHEqAka4
    [328] => tg_sM3nfqDJy3Vy5aPurriOPCdX9iEJma
    [333] => tg_bemh9vIE1yhl2WLX8PC3K4kt6T56sl
)

有效渠道个数：272
有效渠道array：
Array
(
    [0] => 6468
    [1] => 6421
    [2] => 6251
    [3] => 5728
    [4] => 5727
    [5] => 5726
    [6] => 5717
    [7] => 5174
    [8] => 4637
    [9] => 4575
    [10] => 4183
    [11] => 4094
    [12] => 3413
    [13] => 2749
    [14] => 2547
    [15] => 2539
    [16] => 2523
    [17] => 2505
    [18] => 2446
    [19] => 2437
    [20] => 2434
    [21] => 2407
    [22] => 2402
    [23] => 2395
    [24] => 2394
    [25] => 2393
    [26] => 2391
    [27] => 2388
    [28] => 2387
    [29] => 2386
    [30] => 2385
    [31] => 2382
    [32] => 2377
    [33] => 2373
    [34] => 2282
    [35] => 2280
    [36] => 2274
    [37] => 2273
    [38] => 2271
    [39] => 2270
    [40] => 2269
    [41] => 2268
    [42] => 2267
    [43] => 2266
    [44] => 2265
    [45] => 2264
    [46] => 2263
    [47] => 2262
    [48] => 2260
    [49] => 2259
    [50] => 2258
    [51] => 2256
    [52] => 2255
    [53] => 2254
    [54] => 2231
    [55] => 2221
    [56] => 2218
    [57] => 2215
    [58] => 2210
    [59] => 2099
    [60] => 2090
    [61] => 2073
    [62] => 2055
    [63] => 2045
    [64] => 1896
    [65] => 1884
    [66] => 1877
    [67] => 1875
    [68] => 1872
    [69] => 1870
    [70] => 1859
    [71] => 1856
    [72] => 1854
    [73] => 1837
    [74] => 1825
    [75] => 1824
    [76] => 1823
    [77] => 1821
    [78] => 1814
    [79] => 1811
    [80] => 1809
    [81] => 1803
    [82] => 1801
    [83] => 1800
    [84] => 1650
    [85] => 1647
    [86] => 1638
    [87] => 1637
    [88] => 1631
    [89] => 1630
    [90] => 1629
    [91] => 1620
    [92] => 1618
    [93] => 1617
    [94] => 1604
    [95] => 1603
    [96] => 1601
    [97] => 1595
    [98] => 1559
    [99] => 1557
    [100] => 1555
    [101] => 1553
    [102] => 1531
    [103] => 1526
    [104] => 1524
    [105] => 1519
    [106] => 1491
    [107] => 1488
    [108] => 1481
    [109] => 1480
    [110] => 1476
    [111] => 1475
    [112] => 1470
    [113] => 1464
    [114] => 1461
    [115] => 1459
    [116] => 1457
    [117] => 1436
    [118] => 1431
    [119] => 1428
    [120] => 1419
    [121] => 1418
    [122] => 1417
    [123] => 1393
    [124] => 1392
    [125] => 1389
    [126] => 1380
    [127] => 1346
    [128] => 1344
    [129] => 1343
    [130] => 1337
    [131] => 1335
    [132] => 1324
    [133] => 1306
    [134] => 1305
    [135] => 1292
    [136] => 1139
    [137] => 1134
    [138] => 1123
    [139] => 1120
    [140] => 1115
    [141] => 1110
    [142] => 1101
    [143] => 1086
    [144] => 1077
    [145] => 1056
    [146] => 1012
    [147] => 1009
    [148] => 999
    [149] => 998
    [150] => 971
    [151] => 946
    [152] => 944
    [153] => 915
    [154] => 913
    [155] => 910
    [156] => 885
    [157] => 881
    [158] => 876
    [159] => 873
    [160] => 872
    [161] => 871
    [162] => 867
    [163] => 866
    [164] => 860
    [165] => 857
    [166] => 855
    [167] => 851
    [168] => 850
    [169] => 843
    [170] => 836
    [171] => 825
    [172] => 805
    [173] => 800
    [174] => 799
    [175] => 798
    [176] => 785
    [177] => 775
    [178] => 758
    [179] => 753
    [180] => 751
    [181] => 728
    [182] => 727
    [183] => 725
    [184] => 724
    [185] => 717
    [186] => 713
    [187] => 697
    [188] => 696
    [189] => 695
    [190] => 694
    [191] => 689
    [192] => 686
    [193] => 685
    [194] => 683
    [195] => 680
    [196] => 678
    [197] => 677
    [198] => 657
    [199] => 656
    [200] => 654
    [201] => 616
    [202] => 615
    [203] => 593
    [204] => 592
    [205] => 589
    [206] => 588
    [207] => 582
    [208] => 581
    [209] => 579
    [210] => 572
    [211] => 563
    [212] => 562
    [213] => 536
    [214] => 535
    [215] => 533
    [216] => 528
    [217] => 527
    [218] => 526
    [219] => 514
    [220] => 478
    [221] => 477
    [222] => 476
    [223] => 464
    [224] => 462
    [225] => 460
    [226] => 456
    [227] => 453
    [228] => 441
    [229] => 439
    [230] => 433
    [231] => 429
    [232] => 416
    [233] => 412
    [234] => 409
    [235] => 407
    [236] => 405
    [237] => 404
    [238] => 403
    [239] => 399
    [240] => 398
    [241] => 396
    [242] => 392
    [243] => 391
    [244] => 389
    [245] => 386
    [246] => 384
    [247] => 381
    [248] => 380
    [249] => 379
    [250] => 377
    [251] => 374
    [252] => 373
    [253] => 371
    [254] => 370
    [255] => 369
    [256] => 368
    [257] => 324
    [258] => 311
    [259] => 309
    [260] => 300
    [261] => 297
    [262] => 296
    [263] => 295
    [264] => 293
    [265] => 270
    [266] => 262
    [267] => 223
    [268] => 184
    [269] => 167
    [270] => 141
    [271] => 14
)

