2016-09-18 00:12:12
统计当天：2016-09-17
渠道个数（即dailyaccount的个数）：2071
渠道sql：
select * from yx_tg_source S left join yx_tg_game G on S.gameid = G.gameid where S.activeflag = 1 and G.activeflag = 1 and G.isonstack = 0  and S.createtime<='2016-09-17 23:59:59' order by S.id desc
活跃渠道个数：231
活跃渠道array：
Array
(
    [0] => tg_foInmUBJTEST2FsjE393noaqCL4YDz
    [1] => tg_9wMQEwx1XSgzc6p1L1icWOicF6gRTs
    [2] => tg_zjUY3zgmqTzHY6gaBbz0V5axvkeADq
    [3] => tg_4gxvdgBfeXfU0Mkm1t3kqb6ftdzOMG
    [4] => tg_iNBVgkrz7R1IOCXEEJfkIlPzdSGnyI
    [5] => tg_jCHJyMptnrEeCRtLvWCna1UgFDOg12
    [6] => tg_Sewxs3XtPGOLYiORI5Pkg7odXeAKXN
    [7] => tg_VZuGbtPK119VaeXIfeAFPpCwPVuF4q
    [8] => tg_YP3WF3TI3Mr7oCBqG4P1cEzXc7s0uA
    [9] => sszj-260-03
    [10] => qqics-242-03
    [11] => tg_PMdYDbMpsF9Jc7RWi0ILl0NmaJL6MW
    [12] => fzj-291-01
    [13] => ly-266-03
    [14] => smsjOL-247-04
    [15] => tg_HlAnvCbNuM4o6gu4lj9ouY9mA4dxfQ
    [16] => iszz-258-09
    [17] => tg_5OSuPn9oHty6tDThXGVcWSFPKws79c
    [18] => tg_Ybl9xENxHsfVBPK7IBZikgc9icV0p0
    [19] => tg_WCkCTf0pTrn8wT5Vga2ak2u2b6U4jG
    [20] => tg_R1RDVqNHRQXgl4KJSMyZU2Tno2K9bg
    [21] => tg_DSCeq49dAY1NXszMuPT6YSvlibLEV5
    [22] => tg_MwmQeDM6z2hcH7FkvAQSikHdIAwg1t
    [23] => tg_sM3nfqDJy3Vy5aPurriOPCdX9iEJma
    [24] => xdzz-228-03
    [25] => tg_NO44EDPcEL3s66lwa9yRtCs9aY1gjc
    [26] => tg_XsxYkTvYKaFEZLomJmAIGTxKh6t473
    [27] => tg_YSA05Nah8JewKgqX9nr7Acwb2aBxyl
    [28] => tg_2NsHXZzeADPI3sOdsGvb5UWmUgvIq3
    [29] => tg_Trn7YSQVVtNZzq3Fw768fo98JN0n65
    [30] => tg_MgtczvSC2Y8RhwzpkFMfLrp6BnzFJA
    [31] => tg_Hllcezo5vcG6IuqIwwwGQ0oYw0mGPL
    [32] => tg_5QH6cQj37W9Aiel0tFJsWqgDtezJLR
    [33] => tg_1nGplhQDLUI1MZSEUXMNUL84CHOPpX
    [34] => tg_5OfKZXixp7CjR7XPU0W90lqqqTFk5J
    [35] => tg_OfaE1oD9jOkeCrMxFmwZmT29Ew1L5z
    [36] => tg_gGqT8bYbaxpqLD1XpnsxYSJ3XLlWdc
    [37] => tg_PXQG1MoeGb9uQy94DtZg3mBtr0ErUI
    [38] => tg_isZoXNhPlO746tHMSp9H4QBHsPxXNI
    [39] => dfi2-252-03
    [40] => tg_au4IVxZIqUPkIsk9WHXh5V7naKiSIK
    [41] => tg_caJsC7EfMOzEbr9mIg1Oi8xmFBpxw6
    [42] => tg_a5q2q9GN2xABq86jM9pwiS8iyBJVfW
    [43] => tg_G7iLAMkERZ5ZZ4eotZjjQMghR4aFpd
    [44] => tg_OelNZbsZicvSlFyKZY006o7gBOtSKO
    [45] => zyj-263-04
    [46] => tg_xynK92e6Ss0NWnCvL8CCENHHEqAka4
    [47] => tg_Wn11xsfYxoYQKmXznDz7ic5H2PaJth
    [48] => tg_mNXK59R18xrYtoBaxWNwkKYPBuKXQp
    [49] => tg_lH8i7vtt5Vyi4nU4poSm8Iv68PqS5A
    [50] => tg_NgwIwYVjAzXZn1QBJC68rQwtm8qAnv
    [51] => tg_Zs0k3Wft4sZSUPLhqKbS72Fumhrxnx
    [52] => tg_JZ9J3vGNs6fiYDpid1fLVXAcdmnJGC
    [53] => wd-265-03
    [54] => xdzz-228-01
    [55] => tg_w65x81bBYgcRX8umiysdFhfbaCrdEX
    [56] => tg_XtFvAraX5GDj9C1xWnCN9H3iWaOpXI
    [57] => tg_I0YvXhD2svI5uMg8BdLS62F6ZFzP9c
    [58] => tg_zRnBcW23chp2xLf0qaD1SZynlCrOYp
    [59] => tg_fDPOX97e8cE8kTFCplIQ5lhboRmcwO
    [60] => xdzz-228-06
    [61] => tg_Fd3SdzZtnTEsxDiZUdbgxPg5RxVWFv
    [62] => tg_ICEcjc9rCPIBR46UAcqeZksnO8Wi9M
    [63] => xyj-241-04
    [64] => tg_OR6k1HjrRFrcg1DYYkX3RZNfmsAJfA
    [65] => COK-223-03
    [66] => tg_EEhdfSGvb9S7p5QAPsXJRDPUPfeSxU
    [67] => tg_gROvgO1zaKN4u7rYKqqtV34oPECQ5H
    [68] => tg_mrIHzdJ5a7cXVH9W4aDyn8BcY3sEWL
    [69] => gfsl-221-02
    [70] => tg_drMtMAGjrdLVF86Dy6lyVbFyRP7cxt
    [71] => tg_HAE4GeBnupqKgTMoKVfdqFSpbGZqdw
    [72] => tg_JYWGy6Lv2jwnMs8SqyRiEdd3aHRvvv
    [73] => cbws-283-03
    [74] => tg_lCJYqGb6SZqrkFLya5lrzcauMahixa
    [75] => tg_c0mUBBrcogdE5UvZCY2HnsSHyc6ePs
    [76] => tg_cYKbmfe1jYW21pNtqPwQKQlHEFz6HA
    [77] => tg_KMpuyo1EOdaG6l4RIJxknESqe8i1do
    [78] => tg_iCdPvpx09yXS6AqVoH99GaBcG8K6Bx
    [79] => gfx-227-02
    [80] => tg_rxk5PfhQq0bSCryZmN7GIozF5JXeYS
    [82] => dfbb-261-03
    [83] => tg_CMn3QsdnmrYBklOoZVQMNZsa0x91F5
    [84] => tg_IHodxJNKrfS0xxajkR6tAtkpohQvUu
    [85] => tg_radynjycJycQAFuAfK5GP6rDqGT6ed
    [86] => tg_U7dQFVw0JZmpH11lmYHLR5qIsPJy3K
    [87] => tg_9qi3bVuFrRYnjckoJq4Dtos0NVwJYt
    [88] => dixl-277-03
    [89] => tg_4lRiisZH0JDrv5SjTFuyTrjTfz9HlH
    [90] => dixy-232-03
    [91] => tg_ohkBpsfUYhZVj9odMIMj6RRXHQuf7y
    [92] => tg_oGuXovKoRUbLPmHuvs3UuIE9aeMS2u
    [93] => tg_rmk6gWq0INJZaYZ6tgqFPmq3z5eqNm
    [94] => tg_2WbWHagMS2SOb5xOSfVRLGlIn1S33u
    [95] => tg_7ygUWViw2QMvlKmC2Pi0MP5W6qypmc
    [96] => tg_9dPvkn3tpmwMqW38bgHdjAgMYuqf1G
    [97] => tg_OD7FcltYU9ZyDt7rn6beaylFAAVT5D
    [99] => tg_1EINsQaerAIg5QtrK92gm7n6zSfR7D
    [100] => tg_ceyjwgtKjdoAWvo2vbmAPUZ25nKLFW
    [101] => tg_Ri2NPtmmh1FsYTXg1bpBcSfD0VdpP7
    [103] => tg_xyeEpNy38LrPrmO7kN8DtktaBlDieY
    [104] => tg_IG3MtJ7JOXqsan5jjyzdOs1dngskIJ
    [105] => tg_ymld57G5I4vbEL4xKP4jLw7Orz8ckF
    [106] => tg_ukKVlFDkkWIyijtZbh7wQ9szez1vK1
    [107] => tg_GXKFwldOWDrQ9XB8plFtCj91dyXAIh
    [108] => tg_9svDGMMYJz3JrJlA5yZkJ0dVtaUb4m
    [109] => tg_USQULvLd7jEwvAnEXP6ogWMPmBcWXF
    [110] => tg_n3qXUbsViYy6M8zO55x3jxvAMHZa2W
    [111] => tg_eKgpglHNQWuU8NNeLUHKwpPPblhbJx
    [112] => tg_jejMxEyTgyxOGvlI2GYJusOt3QDOGb
    [113] => zyj-263-03
    [114] => tg_kvTh1eV254JKcMoQPmaF50ZSF2YI8r
    [115] => tg_xX5O7gsz5V7ioS8CXkxejkdaaSilqn
    [116] => tg_2ARVHpH2uWK1GKxxu0Zg0YChSYsj0O
    [117] => tg_OU20Xikl0SbparapZGvkebqzKhWQRE
    [118] => tg_hjdu6ORJM7OG8QrXFIcC2xcYVRv9Dr
    [119] => cbws-283-02
    [120] => iziy-262-04
    [121] => lwzr-239-03
    [122] => tg_Q0OXBqTKUT4gxwLdq8cEyinsbxvWsh
    [123] => tg_GMTqei4u3HsEi273emHLsPpYI3B6DW
    [124] => tg_o028lSVS26po0ZFjgGHlegKtggqz9S
    [125] => tg_yguQaDrCX4sRHyusZCmoIu2wxKyPTv
    [126] => tg_65d7Umo1mRGTuGyBBv8r8fwlmHxuTY
    [128] => tg_tqrdOEQGez8JLhsu6eKlKfqBQ95Nv9
    [129] => tg_pdviUeEztqS8c3nE98GICfvvesETHJ
    [130] => tg_hGFVwlehGMFc5AVTI0APT2AXvSQeGu
    [131] => tg_vCsJpv46Zy29l982dIplz8UWDvylOA
    [132] => tg_4xaqzJIbeZOX10X6NI4jgUD3d7kYwn
    [133] => tg_v2Qd56QlqG5MyJCuSizLIu252lHZgr
    [134] => tg_vHJuYyncAfyWx0OBOTNBzBs4VDbYKa
    [135] => tg_NIGftm0hA1EjxWm9DKPuA69NSdLiBs
    [137] => tg_rZLzNO4FSdY9hoRYNqEFV16bvYXuBb
    [138] => tg_QZZFggp5dA4nZym1yeDjbwGvJrDxrz
    [139] => iszz-258-11
    [140] => tg_SWqbqvLqDQyYjsG9jBBHZo8bF5l6yj
    [141] => tg_D3OC96S53NgitjGQM8exL3wMjxkf4X
    [142] => tg_BX7jbPiBrO3Lbj4y7kRa9Zw7d5W5pt
    [143] => tg_x7V0CXex19izghRLpbsKQuQz4iWGFy
    [144] => tg_q4hI4MqWZwu7ac1kh5pn4KFdNgeV4y
    [146] => tg_spVeL0duhA4o33C3XVLMLcJeGzpLLx
    [147] => tg_dE40iVMPYicK6apZag3A7mu7y50uQ9
    [148] => tg_DwNO8ixOfJ2rY1XNclifft83mhYTi4
    [149] => tg_ztpR2HKML8hJFjprho1zfbkV0imFp4
    [150] => tg_wdPlPXqIiLNs9uy7Ml0oOQKl3eamzQ
    [152] => tg_WObUg0waseMQMRqjvOnCzrgFmhUPVo
    [153] => tg_v7Jb3BIDODCQ1VtgtfAmw7kXJEEPfK
    [155] => tg_e1XmOfhhxXMfenNMZuYv78znuFefbr
    [156] => tg_ZPo6AUjenS3o8rOmul8XP3mZ4bHixh
    [158] => tg_Gl4B6QurIAtwce1L8X9Drz0yYnpQAo
    [159] => tg_BzSlq616dainWOMpgxtFCfaqMVWg3j
    [160] => tg_ExtRRmq70LZ5cPOsbOSWEzt7KRjR70
    [161] => tg_euSiCujjVYyRZq2bhlsayXa9gchpUb
    [163] => tg_Ns2ruyRNGIFOc1V1cNXZTgYNXxKEzX
    [164] => NBAftx-225-02
    [165] => tg_CWHe7Hrfhl6JXuwTQhogiVXlCxO6f0
    [166] => tg_vC2YDzjcVUC15FGQBPgLNxYeO7Z5SQ
    [167] => gfx-227-03
    [168] => tg_u1US2O9i4Z0zNFhwCpRHFpjjJ2Ti4w
    [169] => dixy-232-02
    [170] => tg_E0E2nta7J3vcP1BXFdQhyTIYyLZcTh
    [171] => tg_oYeamNiVoPhCQ43VMK6OhFySsqpVbh
    [172] => tg_iTu7R5kBoS3ZwvVAV0dsCpeGvSwNDW
    [174] => tg_jVaInI6nlTytxENBtvj0QGDG4ROnQZ
    [175] => tg_Uzk9TWGhQpn8JMmxrdOv3sknjw9Rpv
    [176] => tg_7WG5JTm3uW8NzqDodtjpwGYbm5j8oL
    [177] => tg_v2aSduKnJJ5NKXAAkCTPEOYo7JnS94
    [178] => tg_oAoVUwkuOeyVVQ05jZL3XRH3CJPrbR
    [179] => xyj-241-03
    [180] => xdzz-228-02
    [181] => tg_6vi6nfVunqSTdJKQ729D5wPqwD65uc
    [182] => 
    [184] => tg_CzAs7KojtFjuTDyUcuBu0J6ECOeMUh
    [185] => iszz-258-04
    [186] => tg_Gejy6CaJU0EYR82x85J7TjKGPjSSZY
    [187] => tg_JXdNpFL3qYrFKCQydFp9kS0Es7uq9p
    [188] => tg_hgxfsHaP3Nl6ta14BIeWsy7lPXS8e2
    [189] => wd-265-02
    [190] => tg_qHza9gIeJGTH2MKaWSDdJWO2bAcfty
    [191] => tg_q5tpNQkvjppy8orNkmvHjKeZoFDicc
    [192] => tg_Ol1QFxsnwmPTIifUX1pY0CFdr9g2cW
    [193] => tg_aFWrMTmCWEE0kaQmPHz5pWXf54vm83
    [195] => tg_Yu783LP9jjPQKkQ4gZ37LJqiGsa8F2
    [197] => tg_cpZrEKR0IJ4S1rcmaswi8oADsic8pk
    [198] => tg_mcEuJVtSvdAtVUENaRDVMBLSq8APnS
    [199] => tg_3H9a1haRWXASZzcsseDOLdFDuXWGy9
    [200] => tg_W2pysd1dY4bhFAxFDmSbPJAAXMZAJP
    [201] => sdyxc3D-243-03
    [202] => tg_V3ZMC6AaWAUIgoEVwUp5VmHPypL3p1
    [203] => tg_vfaj7fCIWHRW8AF6lOhWStml7M07BG
    [205] => tg_lfUx09OXmzxWGLxjyNqiYhji1J6o3S
    [207] => tg_AXIXnbBwMpJMQDEe2VSEWJmTX2afnP
    [208] => sji2-257-03
    [209] => tg_9L7imM0iNMHDvx030tEttb2gY6yAvf
    [212] => tg_Ylsw4PyijBADuMjBqAvjXxmuH9Wj3F
    [215] => tg_rRyHzAFMUdV7axvQjFOLFWcimW2ISs
    [216] => tg_uRPJgNFRkhP1SYEz7vGMLo5cLwr10j
    [217] => iziy-262-03
    [218] => tg_VY5fuFU8pF4jMVrZsTPAcRbAbM68ZA
    [219] => tg_hNjMap3hjNuOedvUnzvAWJBXgasDJc
    [220] => tg_6jUp3DnwQlVKwly7ksK225akkquoO3
    [222] => tg_mFtD7NWQksoGcdkYjyTLyCGBW5LAiU
    [223] => tg_eXfOrB7ZM7cDO2nqwzIwswNwbLhnlJ
    [224] => tg_Ok1V5icI9vmONx23EKbYHVP56i1pYd
    [225] => byxxc-238-03
    [226] => tg_tWxsqLc2DyZW0xhEjU2AGnkAg8rSzH
    [229] => tg_luMOlzXMsvqQNqaAuBhkolxOxGtjmA
    [230] => tg_bWN4ISOqWcdLGPLqWK0mc2Dhk0BZW3
    [232] => tg_iqfTzQ8SlRMYUsxMhhHnvScsJrc5by
    [236] => tg_3GSSy8PYKoFrup8G30jsux8ihQxkGc
    [238] => tg_gxMXCdvJJOAMmzsoXJMMaU34TPUY3s
    [239] => iszz-258-10
    [241] => jymf-237-03
    [243] => tg_V4rCcoFzbBkK9PCpIYlOHxsf6WUDQr
    [246] => tg_hfQFP1T5unIBwVwmYZ84lmbLUk6Hql
    [247] => tg_Qo1fvJS7zsXzyA2IXbpN0O63IkFczD
    [248] => tg_T0Ed5mmvuRdVzcxLWCLs9R6BGf0EaP
    [250] => tg_rerMGmdYU9Jyeq8z0UUtJkITxPIPi2
    [251] => tg_9v3y1tH8IID2ObAOh7tIrIqGPUL5li
    [254] => dixy-232-01
    [255] => iszz-258-02
    [257] => ijilz-249-03
    [258] => xyj-241-02
    [261] => tg_pVLKwuqunHstVkThsuG9m9ZSFNKY4Z
    [263] => tg_KSrTmGgyDYV81i5ltvne0CVaiHhXRQ
    [265] => tg_Uuu7DKIS1H6x1tYmIF3QwX7uhrg7pM
    [267] => tg_9exPJH0wBZ8HTOnBGIBAUy7Pd5KItg
    [270] => tg_NCP73iALs0HQvWtKPZzGiEA3HSBsAa
    [272] => tg_a3MwwHqtFVIIu2wAcJtxFP9Qq6YXdU
    [276] => iszz-258-03
    [281] => tg_YdzBBvglsoXidJdKCmWrG85bql5kG4
)

有效渠道个数：223
有效渠道array：
Array
(
    [0] => 2096
    [1] => 2094
    [2] => 2090
    [3] => 2076
    [4] => 2073
    [5] => 2058
    [6] => 2045
    [7] => 1884
    [8] => 1877
    [9] => 1876
    [10] => 1875
    [11] => 1872
    [12] => 1870
    [13] => 1868
    [14] => 1859
    [15] => 1856
    [16] => 1854
    [17] => 1840
    [18] => 1838
    [19] => 1837
    [20] => 1829
    [21] => 1825
    [22] => 1824
    [23] => 1823
    [24] => 1821
    [25] => 1816
    [26] => 1814
    [27] => 1809
    [28] => 1803
    [29] => 1801
    [30] => 1800
    [31] => 1650
    [32] => 1647
    [33] => 1645
    [34] => 1638
    [35] => 1637
    [36] => 1631
    [37] => 1630
    [38] => 1629
    [39] => 1620
    [40] => 1618
    [41] => 1617
    [42] => 1614
    [43] => 1604
    [44] => 1601
    [45] => 1595
    [46] => 1559
    [47] => 1557
    [48] => 1555
    [49] => 1553
    [50] => 1531
    [51] => 1529
    [52] => 1526
    [53] => 1524
    [54] => 1519
    [55] => 1491
    [56] => 1488
    [57] => 1481
    [58] => 1480
    [59] => 1478
    [60] => 1476
    [61] => 1475
    [62] => 1470
    [63] => 1464
    [64] => 1461
    [65] => 1457
    [66] => 1452
    [67] => 1436
    [68] => 1431
    [69] => 1430
    [70] => 1429
    [71] => 1428
    [72] => 1419
    [73] => 1417
    [74] => 1393
    [75] => 1392
    [76] => 1391
    [77] => 1389
    [78] => 1380
    [79] => 1346
    [80] => 1343
    [81] => 1337
    [82] => 1335
    [83] => 1324
    [84] => 1306
    [85] => 1305
    [86] => 1304
    [87] => 1292
    [88] => 1280
    [89] => 1155
    [90] => 1140
    [91] => 1139
    [92] => 1134
    [93] => 1123
    [94] => 1120
    [95] => 1115
    [96] => 1110
    [97] => 1101
    [98] => 1077
    [99] => 1056
    [100] => 1047
    [101] => 1012
    [102] => 1009
    [103] => 999
    [104] => 998
    [105] => 971
    [106] => 946
    [107] => 944
    [108] => 941
    [109] => 915
    [110] => 913
    [111] => 885
    [112] => 876
    [113] => 873
    [114] => 872
    [115] => 871
    [116] => 867
    [117] => 866
    [118] => 860
    [119] => 857
    [120] => 856
    [121] => 855
    [122] => 851
    [123] => 850
    [124] => 843
    [125] => 836
    [126] => 825
    [127] => 823
    [128] => 800
    [129] => 799
    [130] => 798
    [131] => 785
    [132] => 775
    [133] => 758
    [134] => 753
    [135] => 751
    [136] => 728
    [137] => 727
    [138] => 717
    [139] => 713
    [140] => 697
    [141] => 696
    [142] => 695
    [143] => 694
    [144] => 689
    [145] => 686
    [146] => 685
    [147] => 683
    [148] => 680
    [149] => 677
    [150] => 658
    [151] => 657
    [152] => 656
    [153] => 654
    [154] => 616
    [155] => 615
    [156] => 593
    [157] => 589
    [158] => 588
    [159] => 581
    [160] => 579
    [161] => 572
    [162] => 563
    [163] => 562
    [164] => 542
    [165] => 536
    [166] => 535
    [167] => 533
    [168] => 528
    [169] => 527
    [170] => 526
    [171] => 478
    [172] => 477
    [173] => 476
    [174] => 464
    [175] => 462
    [176] => 460
    [177] => 456
    [178] => 453
    [179] => 441
    [180] => 439
    [181] => 429
    [182] => 427
    [183] => 416
    [184] => 409
    [185] => 407
    [186] => 405
    [187] => 404
    [188] => 403
    [189] => 399
    [190] => 398
    [191] => 396
    [192] => 392
    [193] => 389
    [194] => 386
    [195] => 384
    [196] => 381
    [197] => 380
    [198] => 379
    [199] => 377
    [200] => 374
    [201] => 373
    [202] => 371
    [203] => 370
    [204] => 369
    [205] => 368
    [206] => 324
    [207] => 319
    [208] => 309
    [209] => 300
    [210] => 297
    [211] => 296
    [212] => 295
    [213] => 293
    [214] => 270
    [215] => 262
    [216] => 259
    [217] => 223
    [218] => 184
    [219] => 174
    [220] => 167
    [221] => 141
    [222] => 14
)

