2016-10-27 00:35:33
统计当天：2016-10-26
渠道个数（即dailyaccount的个数）：7213
渠道sql：
select * from yx_tg_source S left join yx_tg_game G on S.gameid = G.gameid where S.activeflag = 1 and G.activeflag = 1 and G.isonstack = 0  and S.createtime<='2016-10-26 23:59:59' order by S.id desc
活跃渠道个数：369
活跃渠道array：
Array
(
    [0] => tg_xvCgNlPr9K7D216WoVlBjkIHzwcQuK
    [1] => tg_DSCeq49dAY1NXszMuPT6YSvlibLEV5
    [2] => tg_zLFsg3Fa86nvLPLJJJDDqD5CCTfdGQ
    [3] => tg_hfQFP1T5unIBwVwmYZ84lmbLUk6Hql
    [4] => tg_MgtczvSC2Y8RhwzpkFMfLrp6BnzFJA
    [5] => tg_5OfKZXixp7CjR7XPU0W90lqqqTFk5J
    [6] => iszz-258-04
    [7] => NBAftx-225-02
    [8] => tg_YP3WF3TI3Mr7oCBqG4P1cEzXc7s0uA
    [9] => iziy-262-03
    [10] => fzj-291-01
    [11] => tg_XsxYkTvYKaFEZLomJmAIGTxKh6t473
    [12] => tg_unMwLTGeYthJRg2f50TqUFSAig0HCf
    [13] => tg_5OSuPn9oHty6tDThXGVcWSFPKws79c
    [14] => tg_FF4y91BVHs0XFBT5b8yguHQV2ml675
    [15] => COK-223-01
    [16] => tg_PeTNy1Faj8mQIBuAgfbjX5jTJXLLXa
    [17] => tg_GXKFwldOWDrQ9XB8plFtCj91dyXAIh
    [18] => tg_rkdhUHC6qE4eW3gS1BZlZjxddi6ZJa
    [19] => tg_3DSNWRoGvcnS1USj7RLdEQ1Anm4nds
    [20] => tg_euSiCujjVYyRZq2bhlsayXa9gchpUb
    [21] => tg_1nGplhQDLUI1MZSEUXMNUL84CHOPpX
    [22] => tj-436-01
    [23] => tg_gROvgO1zaKN4u7rYKqqtV34oPECQ5H
    [24] => yxy2-281-01
    [25] => tg_sM3nfqDJy3Vy5aPurriOPCdX9iEJma
    [26] => tg_pVLKwuqunHstVkThsuG9m9ZSFNKY4Z
    [27] => ly-266-01
    [28] => tg_o028lSVS26po0ZFjgGHlegKtggqz9S
    [29] => tg_fSAlRxHa2UDWbbx3Gn7nvypxDWqvkd
    [30] => tg_It3ZrGnxHnT527Li1JsFPEbAXHFsnx
    [31] => iszz-258-03
    [32] => tg_VZuGbtPK119VaeXIfeAFPpCwPVuF4q
    [33] => tg_FVED9w8UsxvyBAd0XI1SJDloFLdtQm
    [34] => tg_Ns2ruyRNGIFOc1V1cNXZTgYNXxKEzX
    [35] => tg_iqfTzQ8SlRMYUsxMhhHnvScsJrc5by
    [36] => tg_3GSSy8PYKoFrup8G30jsux8ihQxkGc
    [37] => tg_xynK92e6Ss0NWnCvL8CCENHHEqAka4
    [38] => tg_PXQG1MoeGb9uQy94DtZg3mBtr0ErUI
    [39] => tg_JJZYD6SJy3SJ6c0AKRp1GmB5UqZ2jg
    [40] => tg_iCdPvpx09yXS6AqVoH99GaBcG8K6Bx
    [41] => tg_Ol1QFxsnwmPTIifUX1pY0CFdr9g2cW
    [42] => tg_T0Ed5mmvuRdVzcxLWCLs9R6BGf0EaP
    [43] => tg_Spjn27BpHac5Q481Rr5zp1q1m3soZ2
    [44] => tg_MwmQeDM6z2hcH7FkvAQSikHdIAwg1t
    [45] => tg_isZoXNhPlO746tHMSp9H4QBHsPxXNI
    [46] => dixy-232-01
    [47] => tg_fl4scLZ4FiUV9noT00XsT0B55NgKEK
    [48] => tg_6MtTadvoEKKgoLj4mjkg9EXH9fHVbf
    [49] => tg_a5q2q9GN2xABq86jM9pwiS8iyBJVfW
    [50] => xdzz-228-03
    [51] => tg_jCHJyMptnrEeCRtLvWCna1UgFDOg12
    [52] => smsjOL-247-04
    [53] => tg_IHodxJNKrfS0xxajkR6tAtkpohQvUu
    [54] => tg_Trn7YSQVVtNZzq3Fw768fo98JN0n65
    [55] => tg_mDkHHPzmPXS39YYhBz8uKjl3CzEfCG
    [56] => tg_foInmUBJTEST2FsjE393noaqCL4YDz
    [57] => tg_quBxwsHLnDcetKwYUeL0ZwGVhOWJvs
    [58] => tg_dcZ5QIL64ZnGI4GY1HWwh29nKXB9BK
    [59] => tg_mNXK59R18xrYtoBaxWNwkKYPBuKXQp
    [60] => tg_ldlS3tWKN8VmhxHWs7NPgQTPUOg9cJ
    [61] => tg_YSA05Nah8JewKgqX9nr7Acwb2aBxyl
    [62] => wd-265-03
    [63] => tg_LLCnuPvPz2vL5lkzkWTv86VAZqXiFt
    [64] => tg_JZ9J3vGNs6fiYDpid1fLVXAcdmnJGC
    [65] => tg_OelNZbsZicvSlFyKZY006o7gBOtSKO
    [66] => tg_lH8i7vtt5Vyi4nU4poSm8Iv68PqS5A
    [67] => tg_QZZFggp5dA4nZym1yeDjbwGvJrDxrz
    [68] => tg_Zs0k3Wft4sZSUPLhqKbS72Fumhrxnx
    [69] => tg_XqqefIBRLPljmy0fSj4gQUXeoc2JeF
    [70] => tg_NgwIwYVjAzXZn1QBJC68rQwtm8qAnv
    [71] => tg_g7ZxSv4gz7VPwWmtBN4Rua0RkQd3SI
    [72] => tg_Kf496E1VQ48ciXgp204oQfuAGOfmD4
    [73] => tg_9ODQEQAEQC2jZ68fdtnxDefI1lJGh5
    [74] => tg_oYeamNiVoPhCQ43VMK6OhFySsqpVbh
    [75] => tg_ukKVlFDkkWIyijtZbh7wQ9szez1vK1
    [76] => tg_eGqoU2qlNLtvDYNYfI973jrvfDEN6u
    [77] => tg_ODoUx9rQG9p7rnBZM2d19F8EQZ5utc
    [78] => tg_jlkC6X8s1QpUpkaUOzJ2fGYI7vjo37
    [79] => tg_KPu4Nors1HZxKWZihYMPeXmb4uu43N
    [80] => tg_TS7g68ApFyNFyAAgoOk3qtRWimfoNg
    [81] => tg_4hveOZ2EMZz0zH0ykRr1CimMmYjVF3
    [82] => tg_127j5YH7792BhdfqL1ReAO3NfR4xz0
    [83] => tg_UIq5v3eBxoWaOieomZ3V2ey4GibbMZ
    [84] => tg_vCsJpv46Zy29l982dIplz8UWDvylOA
    [85] => tg_X9FfgTUedruUSLOuWANgAoPgSE0s2Q
    [86] => tg_N3n5bMNK8zcr4pfuMwWwZ8rQ1S89xz
    [87] => tg_c0mUBBrcogdE5UvZCY2HnsSHyc6ePs
    [88] => tg_3L5ZJi8hSbYwnJQzhsMU5VHW0XgxLp
    [89] => wmsj3D-256-03
    [90] => dixy-232-03
    [91] => nyi-272-01
    [92] => tg_Ls0r0ObpFIFHHBSzcMSHVlPIgMA5tM
    [93] => sizj-400-01
    [94] => tg_DXLdwJFBbmEClkeZrrzUr7M0x5UknP
    [95] => tg_lv369aN0qVNdyxeLNsOZUv42Khkq9c
    [96] => tg_f3YrVumb581hd00FTHPSiI7Ynyax0m
    [97] => tg_G9yTAxWgs6kbikFA8mybpflSOxGHtl
    [98] => tg_URI8scPvK1DEfi44VUKTLVqP96eBcm
    [99] => tg_rxk5PfhQq0bSCryZmN7GIozF5JXeYS
    [100] => sQc-358-01
    [101] => tg_4zE122WihSnHVLpwtgEbGo8wEaokgZ
    [102] => tg_I0TNLif1IHSj6FdX4GRWogy5eo1LvF
    [103] => tg_rZLzNO4FSdY9hoRYNqEFV16bvYXuBb
    [104] => tg_Ri2NPtmmh1FsYTXg1bpBcSfD0VdpP7
    [105] => tg_ohkBpsfUYhZVj9odMIMj6RRXHQuf7y
    [106] => tg_w68oXOlcBXT6GSmLsx64bgvFAo1M5u
    [107] => tg_Y1zDNaRApYOJQuuYkKly41tUinOseJ
    [108] => dixl-277-03
    [109] => null
    [110] => tg_WxyICK73BRFOH62RcXpAgw7TCRgkLE
    [111] => tg_9wMQEwx1XSgzc6p1L1icWOicF6gRTs
    [112] => tg_KCPvr3MfOWw0L81NeB4EjEHBFus8My
    [113] => tg_VY5fuFU8pF4jMVrZsTPAcRbAbM68ZA
    [114] => tg_09tVwByOMSwuVKL48im3qXqITSC0Qj
    [115] => tg_TFEOkJhvAtOLNs5YqZfTtI8me9ibBc
    [116] => tg_ijHbhzbqeJ7QVhjj4ph6QPSwgdFd2g
    [117] => tg_luMOlzXMsvqQNqaAuBhkolxOxGtjmA
    [118] => tg_Wzr2IL6gTf4wvBKCRmPUV1h0KHaqa1
    [119] => tg_gWduPMd7D6sz2PYRMsO6iHgBSqP7G8
    [120] => tg_ceyjwgtKjdoAWvo2vbmAPUZ25nKLFW
    [121] => tg_jVaInI6nlTytxENBtvj0QGDG4ROnQZ
    [122] => smsy-341-01
    [123] => tg_bJwb42D2NyPwgID5KQngbREXKIVqTS
    [124] => tg_VTIb5DaGCBJKGzmOMCno3o3PZif4jo
    [127] => dwsj-435-01
    [128] => gfx-227-03
    [130] => ytx-423-01
    [131] => tg_OD7FcltYU9ZyDt7rn6beaylFAAVT5D
    [132] => cbws-283-03
    [133] => yjqy-342-01
    [134] => lwzr-239-03
    [135] => tg_vHJuYyncAfyWx0OBOTNBzBs4VDbYKa
    [136] => tg_GMTqei4u3HsEi273emHLsPpYI3B6DW
    [137] => tg_DLgDR06dmMa0a6U2hBofa0ahtn29UH
    [138] => tg_xBuL3S9TdcaQpVCpOs55vAmiUv8Ix9
    [139] => tg_QOaluxlrDrdfHirks7boYovXT5VzvN
    [140] => tg_s5DINUX58GHXmIZJJJV1gq5T40RdcF
    [141] => tg_oRr8aA1QCzsoU5qSPqYmMCuQ9sNmcg
    [142] => tg_NKOwsJ0b1FzamrotErpd6jgYsKAN2v
    [143] => tg_n7kYaKqcjBqgEHemPV870cpqG0QgFD
    [144] => tg_QNIdVsHmq2UJ0KNrgyokjQkFMiWOhX
    [145] => tg_5sYSllKI9CiU8DaoeqPrb4Tj63DcJx
    [146] => tg_2WbWHagMS2SOb5xOSfVRLGlIn1S33u
    [147] => tg_IG3MtJ7JOXqsan5jjyzdOs1dngskIJ
    [149] => tg_sCWQ5mO1iHJAOcEFrfABzVnYvuEaqq
    [150] => tg_Tz78wapH5HOWKkA6nychOiftbexKey
    [151] => tg_7QcpM9nCqpQopSQYRJB5tiYQyFNcaS
    [152] => yxzxAPP-422-01
    [153] => tg_USQULvLd7jEwvAnEXP6ogWMPmBcWXF
    [154] => tg_JE7555URTg8PnW3kg27YKTPGG7ZcbP
    [156] => tg_D3OC96S53NgitjGQM8exL3wMjxkf4X
    [157] => tg_nNPe0vpMC4ZxmitWGiEHW0gWHDpRcF
    [158] => tg_HxU1CoCoVKqPjjfMcKZ0TzcyV77wqY
    [159] => tg_3CTLpCGgn8ajARBQHs9MB7UThbYKag
    [160] => tg_bKnybL4otl2MtKbxCtLLDw8xA056HA
    [161] => tg_29McOCy654FQHBg0k7IU0OJzmBi52V
    [162] => tg_zlmQ1MYrs3puVAfAUySNfxp8DprrcN
    [163] => tg_0vLu0zQWh9bnoE0WCjf0fwSDKUKPug
    [164] => tg_xyeEpNy38LrPrmO7kN8DtktaBlDieY
    [165] => tg_2IxdlbSwcuNEvSDGBrrX9CN0ZymPS9
    [166] => tg_eNCWE4IqbTr4L3rXk6kxGeYdF0sdgw
    [167] => tg_jozQbXSt0MsOdEGwpK3VTTyUp66Ce2
    [168] => tg_uD57uHz47E8wXoO4kR5m7FNhYk7ljV
    [169] => tg_BQaWasK1Zm3umr9VeZyyEimEDKCfNW
    [170] => gfx-227-02
    [171] => tg_IB6hnKY9LuosneMkON6vp3eobulWK3
    [172] => tg_mFtD7NWQksoGcdkYjyTLyCGBW5LAiU
    [173] => tg_PwJM16uX9eSU8BhZvQe6RiV6n5Shs4
    [174] => tg_eXfOrB7ZM7cDO2nqwzIwswNwbLhnlJ
    [175] => tg_B8hIhBmFN4X3ijAaXtsTwvigoF1oKO
    [176] => tg_Ok1V5icI9vmONx23EKbYHVP56i1pYd
    [177] => tg_dDJLG6to6sFxyogiRQbTmRoGWdC2Dz
    [179] => tg_aZSTVz4tH7pnhGsMqOJ9v01XxGkqJY
    [181] => tg_oGuXovKoRUbLPmHuvs3UuIE9aeMS2u
    [182] => zgzt-213-01
    [183] => tg_iBQwLu3gRW3oY2acIF0T5eQc2uURTg
    [184] => tg_KGrCSe1a4ryaHXKDklFBnaD9pInRXq
    [185] => tg_1t8ZHkzHsOjjfBQdO8Sp6xQb4Jqv5N
    [186] => tg_KSrTmGgyDYV81i5ltvne0CVaiHhXRQ
    [188] => tg_ImW7KdcLDbkfZrE1j7R4jVhpShIV9N
    [189] => tg_Gl4B6QurIAtwce1L8X9Drz0yYnpQAo
    [190] => tg_pbdbbYp6CP7zmUcKsYxbNotXs9ZNFJ
    [192] => tg_2ARVHpH2uWK1GKxxu0Zg0YChSYsj0O
    [193] => tg_NFFTmgzmMokyIfz9evpCJQ4sNXUaWF
    [194] => tg_LZVNb8oMP1vPlllm0EKGZKP5Fr09kS
    [195] => tg_nIqDlZQ0dQMiGOudQVBgJ8vMzvy4ST
    [196] => tg_pdviUeEztqS8c3nE98GICfvvesETHJ
    [197] => tg_mrIHzdJ5a7cXVH9W4aDyn8BcY3sEWL
    [198] => tg_9exPJH0wBZ8HTOnBGIBAUy7Pd5KItg
    [199] => tg_W2pysd1dY4bhFAxFDmSbPJAAXMZAJP
    [200] => tg_uYQsNlH1kqwKDEH4xABqHPfGQdgA9v
    [201] => tg_NIGftm0hA1EjxWm9DKPuA69NSdLiBs
    [202] => 
    [203] => tg_3ljjNwItLS8dXWcAQk9dgMtgVhn6Zx
    [204] => jymf-237-03
    [205] => tg_xNkFYCVe3999kOpWMmGd9nc4ADgor5
    [206] => tg_6vi6nfVunqSTdJKQ729D5wPqwD65uc
    [208] => tg_zHs8HJGyn0Rv5Gi1WOdDkiISnK0H7s
    [209] => tg_9svDGMMYJz3JrJlA5yZkJ0dVtaUb4m
    [210] => tg_cC1AuzijXxk0DTe0f4TIeLb1sGp1Ut
    [211] => tg_v7cDnrslnzqxIArJ4erBCApkpQRJeE
    [212] => tg_5QH6cQj37W9Aiel0tFJsWqgDtezJLR
    [213] => tg_HlAnvCbNuM4o6gu4lj9ouY9mA4dxfQ
    [214] => tg_v7Jb3BIDODCQ1VtgtfAmw7kXJEEPfK
    [215] => tg_v2aSduKnJJ5NKXAAkCTPEOYo7JnS94
    [216] => tg_4Zl6KMY5KHdYhVrnrJaLw47ibP8Ibs
    [218] => dcfy-250-04
    [219] => tg_9v3y1tH8IID2ObAOh7tIrIqGPUL5li
    [220] => xdzz-228-02
    [221] => tg_JYWGy6Lv2jwnMs8SqyRiEdd3aHRvvv
    [222] => zyj-263-03
    [224] => byxxc-238-03
    [225] => tg_ehdVeO32w7AyPfY0ZBqkpWIr1SvDrn
    [226] => xyj-241-02
    [227] => tg_5tm9Wg2AXqKDoIwYbz1h5YBQ4FS8P3
    [228] => tg_oAoVUwkuOeyVVQ05jZL3XRH3CJPrbR
    [229] => tg_R8HYrK50f168ti9sOsZtaiQD2co59J
    [230] => tg_SWqbqvLqDQyYjsG9jBBHZo8bF5l6yj
    [231] => tg_xX5O7gsz5V7ioS8CXkxejkdaaSilqn
    [232] => tg_NoqH248k7exruZXQMVi100rIj0Ow78
    [233] => tg_dAoS95IeOPrEdZPFtjKeLSeUbfJn7f
    [234] => tg_HAE4GeBnupqKgTMoKVfdqFSpbGZqdw
    [235] => tg_caJsC7EfMOzEbr9mIg1Oi8xmFBpxw6
    [236] => tg_gGqT8bYbaxpqLD1XpnsxYSJ3XLlWdc
    [237] => tg_OU20Xikl0SbparapZGvkebqzKhWQRE
    [238] => tg_vQk4YxqC6WppWmaHRPd2w4A2NFvcLe
    [239] => tg_Gejy6CaJU0EYR82x85J7TjKGPjSSZY
    [241] => tg_yxb251siBnIPfFxfGL0q0F510DqGvt
    [242] => tg_tqrdOEQGez8JLhsu6eKlKfqBQ95Nv9
    [243] => tg_kvTh1eV254JKcMoQPmaF50ZSF2YI8r
    [244] => tg_ICEcjc9rCPIBR46UAcqeZksnO8Wi9M
    [245] => tg_8T7NZZ0K1lUhDstwHQnzUVaXtWYYnV
    [246] => tg_rmk6gWq0INJZaYZ6tgqFPmq3z5eqNm
    [247] => dfbb-261-03
    [248] => tg_HeObsj9BdHlkcHrYrsz6EL2fa2GJTi
    [249] => tg_qsnV07CXxrunsXAD8uJpw8KAtjwRUH
    [250] => tg_WObUg0waseMQMRqjvOnCzrgFmhUPVo
    [251] => tg_MPv6wZlNPr7LOEpHwY19XtQ1kr7Fff
    [252] => sji2-257-03
    [253] => tg_CiBhEkklsCLVA2UpTTjD0UaX2nUWu1
    [254] => tg_spVeL0duhA4o33C3XVLMLcJeGzpLLx
    [255] => tg_ZFKqnwhylnrusVCHzMKMfQ1CrM4PKI
    [256] => tg_77gFvmZyqqb5ZTA3643TFpwCYz8Jas
    [257] => tg_V4rCcoFzbBkK9PCpIYlOHxsf6WUDQr
    [259] => tg_WCkCTf0pTrn8wT5Vga2ak2u2b6U4jG
    [260] => tg_mcEuJVtSvdAtVUENaRDVMBLSq8APnS
    [261] => tg_O9cgE2tLlaIUujkhXbTlcktVd9yvRi
    [262] => tg_9MSv9Id4g4YQ5HqkZSRgzWSsm3hDiU
    [263] => tg_B2gRz6KoFotcJwvqLHiYqclhTRZjAI
    [264] => tg_DwNO8ixOfJ2rY1XNclifft83mhYTi4
    [265] => dfi2-252-02
    [266] => cbws-283-02
    [267] => tg_frELfamKwGe3Qzw0DjbcfssUuplfwd
    [268] => tg_1jQe73rT4e8GVjRXeU65PvjFfgyCJ9
    [269] => sszj-260-03
    [270] => tg_hgxfsHaP3Nl6ta14BIeWsy7lPXS8e2
    [271] => iszz-258-02
    [272] => tg_eiHVeQu91ubRPnNWPoUoCHdKmgHKQ4
    [273] => tg_OfaE1oD9jOkeCrMxFmwZmT29Ew1L5z
    [274] => tg_Q0OXBqTKUT4gxwLdq8cEyinsbxvWsh
    [275] => dixy-232-02
    [276] => tg_73mHAOuM3KdQa6oKLLG6XZgNWYlZCU
    [277] => tg_1UrNa6pMG9ilFEbZCPTKAY22s7V5Cz
    [278] => tg_UDyMC93nwIALdlS1mugg7eTc5SGYIU
    [279] => tg_MdY8o3ka4HnFeP8j7JprigdSox5agX
    [281] => iszz-258-11
    [282] => tg_Uzk9TWGhQpn8JMmxrdOv3sknjw9Rpv
    [283] => tg_sN4DNq0d4Vg5WHZg9OWPsd4bjkM0hL
    [284] => tg_q5tpNQkvjppy8orNkmvHjKeZoFDicc
    [285] => tg_Nc0co5JrNt7sFmz1Fm7rObHZUP70Qk
    [286] => tg_c9HTP8FS1ZqrHK9fKvx39Km8ZBgAXJ
    [289] => tg_LAcz69Wu9w1IjZVYQbX5w1nIPoNRjK
    [290] => tg_YdzBBvglsoXidJdKCmWrG85bql5kG4
    [291] => tg_e1XmOfhhxXMfenNMZuYv78znuFefbr
    [292] => zyj-263-04
    [293] => wd-265-02
    [294] => tg_z037kSsOTpOe64cmjLjl1nUsQAoDwW
    [295] => tg_4gxvdgBfeXfU0Mkm1t3kqb6ftdzOMG
    [298] => tg_1wDDLzkjbW3Pb8jzRrA01incmPqYhQ
    [299] => tg_KMpuyo1EOdaG6l4RIJxknESqe8i1do
    [300] => dfi2-252-03
    [301] => xyj-241-03
    [302] => tg_eZVgvHfJbC0aJ0HqA0noFgFkA1ob4t
    [304] => ly-266-03
    [306] => tg_Ylsw4PyijBADuMjBqAvjXxmuH9Wj3F
    [307] => tg_1EINsQaerAIg5QtrK92gm7n6zSfR7D
    [308] => tg_R5o8QShUV1GO4zyUU3UWozKOn12GdV
    [309] => sbkcq-294-01
    [310] => tg_Zoks2ueLqNQh9bkP9F8nWgWxgVN4a3
    [311] => tg_Yu783LP9jjPQKkQ4gZ37LJqiGsa8F2
    [314] => tg_ExtRRmq70LZ5cPOsbOSWEzt7KRjR70
    [315] => tg_ZZgcgW1UXMwmQ7XrtNJNYgILCHkhvx
    [318] => tg_uM73vHb3tX7wOkVYYGRobZCg6rHCVT
    [319] => tg_V3ZMC6AaWAUIgoEVwUp5VmHPypL3p1
    [320] => tg_R1RDVqNHRQXgl4KJSMyZU2Tno2K9bg
    [321] => iszz-258-09
    [322] => tg_BzSlq616dainWOMpgxtFCfaqMVWg3j
    [323] => tg_3H9a1haRWXASZzcsseDOLdFDuXWGy9
    [324] => tg_JrFLtWsbbdLYlqboVhSzzxoHROQD4k
    [327] => tg_E0E2nta7J3vcP1BXFdQhyTIYyLZcTh
    [328] => tg_NCP73iALs0HQvWtKPZzGiEA3HSBsAa
    [329] => tg_NO44EDPcEL3s66lwa9yRtCs9aY1gjc
    [330] => tg_tWxsqLc2DyZW0xhEjU2AGnkAg8rSzH
    [331] => tg_LPiY9ekEdtZqLLuukBC3fKOMYpbNWo
    [332] => tg_wdPlPXqIiLNs9uy7Ml0oOQKl3eamzQ
    [333] => tg_KsD7Xpzal61GKDb5Aloe2tUVyqnt1n
    [335] => tg_Hllcezo5vcG6IuqIwwwGQ0oYw0mGPL
    [337] => sdyxc3D-243-03
    [338] => iszz-258-10
    [339] => tg_BoOVFdQ5PzJUpAq8lROJsTo2M3hVFU
    [340] => tg_howgDJMf8H0nC23KdM8cLLhsk330Sj
    [341] => tg_Sewxs3XtPGOLYiORI5Pkg7odXeAKXN
    [343] => tg_AdMndsyzT7HuzGNpX6xP7nNd2kL4of
    [344] => tg_C279T8XrdTVBzfahN2pau9nO3JhRif
    [345] => tg_uKdkYuLOUZ6dYpKawiPxSlws5C3p2Q
    [346] => tg_a3MwwHqtFVIIu2wAcJtxFP9Qq6YXdU
    [347] => tg_lTm5KCarKN5sbIrdEvpfC30Lw2bfXX
    [349] => tg_eHZFYqOW37zZly6Ci485hAPKblznlk
    [351] => tg_vC2YDzjcVUC15FGQBPgLNxYeO7Z5SQ
    [353] => tg_Uuu7DKIS1H6x1tYmIF3QwX7uhrg7pM
    [354] => tg_Qo1fvJS7zsXzyA2IXbpN0O63IkFczD
    [355] => tg_zsTLBrqM2up5HI321rdz7hvmbXHCXx
    [356] => tg_2NsHXZzeADPI3sOdsGvb5UWmUgvIq3
    [357] => tg_rerMGmdYU9Jyeq8z0UUtJkITxPIPi2
    [358] => tg_yguQaDrCX4sRHyusZCmoIu2wxKyPTv
    [359] => tg_uRPJgNFRkhP1SYEz7vGMLo5cLwr10j
    [360] => tg_vEZgCnp2a2oZM7hFQm8kAnWsY7F7Un
    [361] => tg_G7iLAMkERZ5ZZ4eotZjjQMghR4aFpd
    [362] => tg_XFjHfg1mv3pPvJKCJ0JShkY18TdXxi
    [364] => tg_x7V0CXex19izghRLpbsKQuQz4iWGFy
    [365] => tg_vfaj7fCIWHRW8AF6lOhWStml7M07BG
    [366] => tg_W2yyQXCxIyTIwSbFXX4j5shu4N3mrk
    [371] => tg_QDYvyxICPNYv0kg1BOP8QtEcfFUNGs
    [373] => tg_9DneKn1CDJFWOGcDYBJNlApta8VGdl
    [374] => qqics-242-03
    [376] => tg_cpZrEKR0IJ4S1rcmaswi8oADsic8pk
    [377] => tg_Q2b1rjqmySzYHTs1i9OWePb2NaBcGB
    [378] => tg_fOWWgpxgog85mLXkPhWxAWHdhX1ZU7
    [379] => tg_gxMXCdvJJOAMmzsoXJMMaU34TPUY3s
    [380] => tg_AhvgWr5nY3iUQ6aOmZ235ZRzNfupkg
    [382] => tg_zjUY3zgmqTzHY6gaBbz0V5axvkeADq
    [383] => tg_AsxPJXxY4WyybvnM7G2sf9DlUpfLcS
    [385] => tg_Wn11xsfYxoYQKmXznDz7ic5H2PaJth
    [386] => tg_be3G2CGOTHqGytb47b5E1MRw4NGu3R
    [388] => tg_mGHUeBsI32LYmovto5wB74q45NSYQy
    [389] => tg_JXdNpFL3qYrFKCQydFp9kS0Es7uq9p
    [394] => tg_xyZ3j9g1TEE5oRQ8jtjOvWp93RoO1U
    [396] => tg_Ybl9xENxHsfVBPK7IBZikgc9icV0p0
    [399] => tg_iNBVgkrz7R1IOCXEEJfkIlPzdSGnyI
    [402] => tg_CWHe7Hrfhl6JXuwTQhogiVXlCxO6f0
    [403] => tg_oVuXEouaDagQKrGaZi23ZZhUpapd4J
    [406] => tg_au4IVxZIqUPkIsk9WHXh5V7naKiSIK
    [409] => tg_aFWrMTmCWEE0kaQmPHz5pWXf54vm83
    [411] => tg_lfUx09OXmzxWGLxjyNqiYhji1J6o3S
    [413] => tg_bemh9vIE1yhl2WLX8PC3K4kt6T56sl
    [414] => tg_Lyx50AlHYhUEsejnRNlXTJrfMFjfaU
    [415] => tg_iTu7R5kBoS3ZwvVAV0dsCpeGvSwNDW
    [420] => tg_AXIXnbBwMpJMQDEe2VSEWJmTX2afnP
    [424] => tg_9L7imM0iNMHDvx030tEttb2gY6yAvf
    [426] => tg_u5jkBNVLd4lnnf9w8P6FZVnCleJITd
    [427] => tg_y0rw3xWTqO1J6EbXH2IEeZciWZj2V8
    [431] => tg_ztpR2HKML8hJFjprho1zfbkV0imFp4
    [432] => tg_hQCfxRAltho6mu57AFzdD1m4djON6a
    [433] => tg_prw2gIFGyrnJH79P6pDgYGJjanWPHY
    [435] => ijilz-249-03
    [436] => tg_zIE36IpaEbThVLZgMNej31QQ7USmDL
    [469] => yxzxAPP-422-02
    [594] => yxzxAPP-422-03
)

有效渠道个数：346
有效渠道array：
Array
(
    [0] => 8019
    [1] => 8018
    [2] => 8017
    [3] => 7927
    [4] => 7925
    [5] => 7914
    [6] => 7908
    [7] => 7902
    [8] => 7900
    [9] => 7898
    [10] => 7895
    [11] => 7892
    [12] => 7891
    [13] => 7742
    [14] => 7735
    [15] => 7721
    [16] => 7707
    [17] => 7700
    [18] => 7686
    [19] => 7679
    [20] => 7676
    [21] => 7668
    [22] => 7643
    [23] => 7641
    [24] => 7635
    [25] => 7634
    [26] => 7625
    [27] => 7622
    [28] => 7616
    [29] => 7608
    [30] => 7593
    [31] => 7592
    [32] => 7403
    [33] => 7222
    [34] => 7201
    [35] => 7029
    [36] => 7026
    [37] => 7025
    [38] => 7018
    [39] => 7015
    [40] => 7009
    [41] => 7003
    [42] => 6987
    [43] => 6985
    [44] => 6971
    [45] => 6893
    [46] => 6892
    [47] => 6890
    [48] => 6889
    [49] => 6887
    [50] => 6886
    [51] => 6881
    [52] => 6880
    [53] => 6879
    [54] => 6878
    [55] => 6877
    [56] => 6872
    [57] => 6871
    [58] => 6870
    [59] => 6866
    [60] => 6864
    [61] => 6863
    [62] => 6862
    [63] => 6861
    [64] => 6860
    [65] => 6859
    [66] => 6856
    [67] => 6854
    [68] => 6852
    [69] => 6851
    [70] => 6850
    [71] => 6847
    [72] => 6846
    [73] => 6845
    [74] => 6841
    [75] => 6838
    [76] => 6435
    [77] => 6426
    [78] => 6421
    [79] => 5728
    [80] => 5727
    [81] => 5724
    [82] => 5717
    [83] => 5179
    [84] => 4637
    [85] => 4282
    [86] => 4243
    [87] => 4155
    [88] => 4097
    [89] => 4094
    [90] => 4067
    [91] => 3550
    [92] => 3129
    [93] => 2749
    [94] => 2547
    [95] => 2505
    [96] => 2446
    [97] => 2407
    [98] => 2395
    [99] => 2394
    [100] => 2393
    [101] => 2391
    [102] => 2388
    [103] => 2387
    [104] => 2386
    [105] => 2385
    [106] => 2382
    [107] => 2377
    [108] => 2283
    [109] => 2280
    [110] => 2274
    [111] => 2273
    [112] => 2270
    [113] => 2269
    [114] => 2268
    [115] => 2267
    [116] => 2266
    [117] => 2264
    [118] => 2263
    [119] => 2262
    [120] => 2260
    [121] => 2259
    [122] => 2258
    [123] => 2256
    [124] => 2255
    [125] => 2232
    [126] => 2231
    [127] => 2226
    [128] => 2224
    [129] => 2221
    [130] => 2218
    [131] => 2215
    [132] => 2210
    [133] => 2209
    [134] => 2099
    [135] => 2095
    [136] => 2090
    [137] => 2073
    [138] => 2055
    [139] => 2045
    [140] => 1896
    [141] => 1884
    [142] => 1877
    [143] => 1875
    [144] => 1872
    [145] => 1870
    [146] => 1868
    [147] => 1867
    [148] => 1859
    [149] => 1857
    [150] => 1856
    [151] => 1854
    [152] => 1837
    [153] => 1825
    [154] => 1824
    [155] => 1823
    [156] => 1821
    [157] => 1814
    [158] => 1811
    [159] => 1809
    [160] => 1803
    [161] => 1801
    [162] => 1650
    [163] => 1647
    [164] => 1638
    [165] => 1637
    [166] => 1631
    [167] => 1630
    [168] => 1629
    [169] => 1621
    [170] => 1618
    [171] => 1617
    [172] => 1604
    [173] => 1601
    [174] => 1597
    [175] => 1595
    [176] => 1555
    [177] => 1553
    [178] => 1531
    [179] => 1526
    [180] => 1524
    [181] => 1523
    [182] => 1519
    [183] => 1491
    [184] => 1488
    [185] => 1481
    [186] => 1480
    [187] => 1476
    [188] => 1475
    [189] => 1473
    [190] => 1464
    [191] => 1461
    [192] => 1459
    [193] => 1457
    [194] => 1452
    [195] => 1438
    [196] => 1436
    [197] => 1431
    [198] => 1428
    [199] => 1419
    [200] => 1417
    [201] => 1415
    [202] => 1393
    [203] => 1392
    [204] => 1380
    [205] => 1369
    [206] => 1346
    [207] => 1344
    [208] => 1343
    [209] => 1337
    [210] => 1324
    [211] => 1306
    [212] => 1305
    [213] => 1304
    [214] => 1278
    [215] => 1139
    [216] => 1134
    [217] => 1123
    [218] => 1120
    [219] => 1110
    [220] => 1101
    [221] => 1100
    [222] => 1092
    [223] => 1077
    [224] => 1056
    [225] => 1012
    [226] => 1009
    [227] => 999
    [228] => 998
    [229] => 991
    [230] => 971
    [231] => 946
    [232] => 944
    [233] => 915
    [234] => 913
    [235] => 910
    [236] => 881
    [237] => 876
    [238] => 873
    [239] => 872
    [240] => 871
    [241] => 867
    [242] => 866
    [243] => 860
    [244] => 857
    [245] => 855
    [246] => 851
    [247] => 850
    [248] => 843
    [249] => 836
    [250] => 835
    [251] => 825
    [252] => 823
    [253] => 805
    [254] => 800
    [255] => 799
    [256] => 798
    [257] => 785
    [258] => 775
    [259] => 758
    [260] => 753
    [261] => 751
    [262] => 728
    [263] => 727
    [264] => 725
    [265] => 724
    [266] => 717
    [267] => 697
    [268] => 696
    [269] => 695
    [270] => 694
    [271] => 689
    [272] => 686
    [273] => 685
    [274] => 683
    [275] => 680
    [276] => 677
    [277] => 658
    [278] => 656
    [279] => 654
    [280] => 616
    [281] => 597
    [282] => 593
    [283] => 589
    [284] => 588
    [285] => 583
    [286] => 581
    [287] => 579
    [288] => 572
    [289] => 563
    [290] => 562
    [291] => 536
    [292] => 535
    [293] => 528
    [294] => 527
    [295] => 526
    [296] => 478
    [297] => 477
    [298] => 476
    [299] => 464
    [300] => 462
    [301] => 460
    [302] => 456
    [303] => 453
    [304] => 443
    [305] => 441
    [306] => 439
    [307] => 430
    [308] => 429
    [309] => 416
    [310] => 412
    [311] => 409
    [312] => 407
    [313] => 405
    [314] => 404
    [315] => 403
    [316] => 399
    [317] => 398
    [318] => 397
    [319] => 396
    [320] => 392
    [321] => 389
    [322] => 386
    [323] => 384
    [324] => 381
    [325] => 380
    [326] => 379
    [327] => 377
    [328] => 374
    [329] => 373
    [330] => 371
    [331] => 370
    [332] => 369
    [333] => 368
    [334] => 324
    [335] => 309
    [336] => 300
    [337] => 297
    [338] => 296
    [339] => 295
    [340] => 293
    [341] => 262
    [342] => 223
    [343] => 167
    [344] => 141
    [345] => 14
)

