2016-09-25 00:12:36
统计当天：2016-09-24
渠道个数（即dailyaccount的个数）：1550
渠道sql：
select * from yx_tg_source S left join yx_tg_game G on S.gameid = G.gameid where S.activeflag = 1 and G.activeflag = 1 and G.isonstack = 0  and S.createtime<='2016-09-24 23:59:59' order by S.id desc
活跃渠道个数：264
活跃渠道array：
Array
(
    [0] => tg_MgtczvSC2Y8RhwzpkFMfLrp6BnzFJA
    [1] => tg_It3ZrGnxHnT527Li1JsFPEbAXHFsnx
    [2] => tg_QNIdVsHmq2UJ0KNrgyokjQkFMiWOhX
    [3] => tg_LZVNb8oMP1vPlllm0EKGZKP5Fr09kS
    [4] => tg_NO44EDPcEL3s66lwa9yRtCs9aY1gjc
    [5] => tg_5OfKZXixp7CjR7XPU0W90lqqqTFk5J
    [6] => tg_howgDJMf8H0nC23KdM8cLLhsk330Sj
    [7] => tg_Ns2ruyRNGIFOc1V1cNXZTgYNXxKEzX
    [8] => tg_iqfTzQ8SlRMYUsxMhhHnvScsJrc5by
    [9] => tg_HZVn8DL1xysZ39a0iD3FlrNIfkVfXx
    [10] => tg_R5o8QShUV1GO4zyUU3UWozKOn12GdV
    [11] => tg_pVLKwuqunHstVkThsuG9m9ZSFNKY4Z
    [12] => tg_VZuGbtPK119VaeXIfeAFPpCwPVuF4q
    [13] => tg_v7Jb3BIDODCQ1VtgtfAmw7kXJEEPfK
    [14] => tg_foInmUBJTEST2FsjE393noaqCL4YDz
    [15] => tg_uM73vHb3tX7wOkVYYGRobZCg6rHCVT
    [16] => tg_IHodxJNKrfS0xxajkR6tAtkpohQvUu
    [17] => tg_R1RDVqNHRQXgl4KJSMyZU2Tno2K9bg
    [18] => tg_SWqbqvLqDQyYjsG9jBBHZo8bF5l6yj
    [19] => tg_gGqT8bYbaxpqLD1XpnsxYSJ3XLlWdc
    [20] => tg_jCHJyMptnrEeCRtLvWCna1UgFDOg12
    [21] => fzj-291-01
    [22] => tg_g7ZxSv4gz7VPwWmtBN4Rua0RkQd3SI
    [23] => dfi2-252-03
    [24] => tg_xynK92e6Ss0NWnCvL8CCENHHEqAka4
    [25] => 
    [26] => tg_vfaj7fCIWHRW8AF6lOhWStml7M07BG
    [27] => tg_2NsHXZzeADPI3sOdsGvb5UWmUgvIq3
    [28] => tg_Yu783LP9jjPQKkQ4gZ37LJqiGsa8F2
    [29] => tg_ovYJpa0VxDSjfx9vB6F4bOOdyJRpkM
    [30] => tg_a5q2q9GN2xABq86jM9pwiS8iyBJVfW
    [31] => tg_Uuu7DKIS1H6x1tYmIF3QwX7uhrg7pM
    [32] => tg_1nGplhQDLUI1MZSEUXMNUL84CHOPpX
    [33] => tg_hfQFP1T5unIBwVwmYZ84lmbLUk6Hql
    [34] => iziy-262-03
    [35] => tg_isZoXNhPlO746tHMSp9H4QBHsPxXNI
    [36] => tg_MwmQeDM6z2hcH7FkvAQSikHdIAwg1t
    [37] => tg_IB6hnKY9LuosneMkON6vp3eobulWK3
    [38] => tg_au4IVxZIqUPkIsk9WHXh5V7naKiSIK
    [39] => tg_OfaE1oD9jOkeCrMxFmwZmT29Ew1L5z
    [40] => tg_Sewxs3XtPGOLYiORI5Pkg7odXeAKXN
    [41] => iszz-258-09
    [42] => ly-266-03
    [43] => tg_xXpELjX8gp9PENtyqZwvKEjzOBZlvB
    [44] => tg_Trn7YSQVVtNZzq3Fw768fo98JN0n65
    [45] => tg_NKOwsJ0b1FzamrotErpd6jgYsKAN2v
    [46] => iszz-258-04
    [47] => tg_xyZ3j9g1TEE5oRQ8jtjOvWp93RoO1U
    [48] => tg_XsxYkTvYKaFEZLomJmAIGTxKh6t473
    [49] => tg_DSCeq49dAY1NXszMuPT6YSvlibLEV5
    [50] => zyj-263-04
    [51] => tg_sM3nfqDJy3Vy5aPurriOPCdX9iEJma
    [52] => tg_AXIXnbBwMpJMQDEe2VSEWJmTX2afnP
    [53] => tg_OelNZbsZicvSlFyKZY006o7gBOtSKO
    [54] => tg_Q0OXBqTKUT4gxwLdq8cEyinsbxvWsh
    [55] => tg_qsnV07CXxrunsXAD8uJpw8KAtjwRUH
    [56] => wd-265-03
    [57] => tg_NgwIwYVjAzXZn1QBJC68rQwtm8qAnv
    [58] => tg_JZ9J3vGNs6fiYDpid1fLVXAcdmnJGC
    [59] => tg_Zs0k3Wft4sZSUPLhqKbS72Fumhrxnx
    [60] => tg_lH8i7vtt5Vyi4nU4poSm8Iv68PqS5A
    [61] => tg_PXQG1MoeGb9uQy94DtZg3mBtr0ErUI
    [62] => tg_mNXK59R18xrYtoBaxWNwkKYPBuKXQp
    [63] => tg_DLgDR06dmMa0a6U2hBofa0ahtn29UH
    [64] => tg_45XdvoRQ0ociugoONfDiRVbC6PSadH
    [66] => tg_65d7Umo1mRGTuGyBBv8r8fwlmHxuTY
    [67] => tg_ZR2x2LlNnJ3J9b4Lp7UaJLrbXgeLjV
    [68] => tg_DRkQoc4JCBwlfXGBZt3S7Xe7qKbHuX
    [69] => tg_GXKFwldOWDrQ9XB8plFtCj91dyXAIh
    [70] => tg_3H9a1haRWXASZzcsseDOLdFDuXWGy9
    [71] => tg_oRr8aA1QCzsoU5qSPqYmMCuQ9sNmcg
    [72] => tg_bWN4ISOqWcdLGPLqWK0mc2Dhk0BZW3
    [73] => zgzt-213-01
    [74] => tg_tkywLzSIt5aSnvn3IajVveDiFKZPog
    [75] => tg_U29cGDHCcVOBa07j7jJvkgp23MCXxa
    [76] => tg_ukKVlFDkkWIyijtZbh7wQ9szez1vK1
    [78] => tg_TnESoblB9QX5GIpChNdOSvYXc1KlKd
    [79] => xljs-420-01
    [80] => tg_zlmQ1MYrs3puVAfAUySNfxp8DprrcN
    [81] => tg_OR6k1HjrRFrcg1DYYkX3RZNfmsAJfA
    [82] => cfzjbsn-245-05
    [83] => tg_EEhdfSGvb9S7p5QAPsXJRDPUPfeSxU
    [84] => tg_xyeEpNy38LrPrmO7kN8DtktaBlDieY
    [85] => tg_b2MbPaw4uyuNVuxuXhqlb6TPrTucP5
    [86] => tg_USQULvLd7jEwvAnEXP6ogWMPmBcWXF
    [87] => tg_YgNaBXl7CUsjTHeNCFtq0jxD6JrqSf
    [88] => tg_ZZgcgW1UXMwmQ7XrtNJNYgILCHkhvx
    [89] => xdzz-228-06
    [90] => tg_LCBAo5M49QJod3ieQrI8FDn2wFhAp8
    [91] => tg_Uzk9TWGhQpn8JMmxrdOv3sknjw9Rpv
    [92] => tg_YEGigjvUVMhHY4g2vs3HBjFuRhLdgZ
    [93] => gfx-227-02
    [94] => tg_73mHAOuM3KdQa6oKLLG6XZgNWYlZCU
    [95] => tg_PmAyr0IlfYftITdz5mJ4tk275XA5LQ
    [96] => tg_2ARVHpH2uWK1GKxxu0Zg0YChSYsj0O
    [97] => tg_mfofP8knkWoVx0XWJAWkwAqaf8xjNE
    [98] => tg_2rHFTwiFSgRvTRo2gPW23V4yeuXOmT
    [99] => tg_2WbWHagMS2SOb5xOSfVRLGlIn1S33u
    [100] => tg_hNjMap3hjNuOedvUnzvAWJBXgasDJc
    [101] => tg_cYKbmfe1jYW21pNtqPwQKQlHEFz6HA
    [102] => tg_IG3MtJ7JOXqsan5jjyzdOs1dngskIJ
    [103] => tg_7ygUWViw2QMvlKmC2Pi0MP5W6qypmc
    [104] => tg_I0YvXhD2svI5uMg8BdLS62F6ZFzP9c
    [105] => tg_tqrdOEQGez8JLhsu6eKlKfqBQ95Nv9
    [106] => tg_CMn3QsdnmrYBklOoZVQMNZsa0x91F5
    [107] => tg_Nc0TlciG0UmfWoTeOnldJ1rTU6XeE9
    [108] => tg_iTu7R5kBoS3ZwvVAV0dsCpeGvSwNDW
    [109] => tg_StcJB26LSuvy3sSxIaj450p557bRSH
    [110] => tg_77gFvmZyqqb5ZTA3643TFpwCYz8Jas
    [111] => tg_Zoks2ueLqNQh9bkP9F8nWgWxgVN4a3
    [112] => tg_DwNO8ixOfJ2rY1XNclifft83mhYTi4
    [113] => tg_U7dQFVw0JZmpH11lmYHLR5qIsPJy3K
    [114] => tg_ceyjwgtKjdoAWvo2vbmAPUZ25nKLFW
    [115] => tg_yguQaDrCX4sRHyusZCmoIu2wxKyPTv
    [116] => tg_u1US2O9i4Z0zNFhwCpRHFpjjJ2Ti4w
    [119] => tg_9wMQEwx1XSgzc6p1L1icWOicF6gRTs
    [120] => tg_HlAnvCbNuM4o6gu4lj9ouY9mA4dxfQ
    [121] => tg_NIGftm0hA1EjxWm9DKPuA69NSdLiBs
    [122] => ytx-423-01
    [123] => tg_hGFVwlehGMFc5AVTI0APT2AXvSQeGu
    [124] => tg_lfUx09OXmzxWGLxjyNqiYhji1J6o3S
    [125] => tg_radynjycJycQAFuAfK5GP6rDqGT6ed
    [126] => tg_JYWGy6Lv2jwnMs8SqyRiEdd3aHRvvv
    [127] => tg_q4hI4MqWZwu7ac1kh5pn4KFdNgeV4y
    [128] => tg_9L7imM0iNMHDvx030tEttb2gY6yAvf
    [129] => tg_5OSuPn9oHty6tDThXGVcWSFPKws79c
    [130] => tg_Qo1fvJS7zsXzyA2IXbpN0O63IkFczD
    [131] => gfsl-221-03
    [132] => tg_o028lSVS26po0ZFjgGHlegKtggqz9S
    [133] => tg_Gejy6CaJU0EYR82x85J7TjKGPjSSZY
    [134] => sszj-260-03
    [135] => tg_jejMxEyTgyxOGvlI2GYJusOt3QDOGb
    [136] => iziy-262-04
    [137] => tg_vCsJpv46Zy29l982dIplz8UWDvylOA
    [138] => tg_G9yTAxWgs6kbikFA8mybpflSOxGHtl
    [139] => tg_vHJuYyncAfyWx0OBOTNBzBs4VDbYKa
    [140] => tg_E0E2nta7J3vcP1BXFdQhyTIYyLZcTh
    [141] => tg_Ok1V5icI9vmONx23EKbYHVP56i1pYd
    [142] => tg_ODoUx9rQG9p7rnBZM2d19F8EQZ5utc
    [143] => tg_BX7jbPiBrO3Lbj4y7kRa9Zw7d5W5pt
    [144] => tg_D3OC96S53NgitjGQM8exL3wMjxkf4X
    [145] => tg_W2pysd1dY4bhFAxFDmSbPJAAXMZAJP
    [146] => tg_vC2YDzjcVUC15FGQBPgLNxYeO7Z5SQ
    [147] => byxxc-238-03
    [148] => tg_spVeL0duhA4o33C3XVLMLcJeGzpLLx
    [149] => tg_KMpuyo1EOdaG6l4RIJxknESqe8i1do
    [150] => tg_mcEuJVtSvdAtVUENaRDVMBLSq8APnS
    [151] => dixy-232-03
    [153] => lwzr-239-03
    [154] => dixl-277-03
    [155] => tg_4xaqzJIbeZOX10X6NI4jgUD3d7kYwn
    [156] => tidmx-259-03
    [157] => tg_WObUg0waseMQMRqjvOnCzrgFmhUPVo
    [158] => tg_v2Qd56QlqG5MyJCuSizLIu252lHZgr
    [159] => llysq-282-03
    [160] => tg_V4rCcoFzbBkK9PCpIYlOHxsf6WUDQr
    [161] => tg_tWxsqLc2DyZW0xhEjU2AGnkAg8rSzH
    [162] => tg_1wDDLzkjbW3Pb8jzRrA01incmPqYhQ
    [163] => tg_lCJYqGb6SZqrkFLya5lrzcauMahixa
    [164] => tg_gxMXCdvJJOAMmzsoXJMMaU34TPUY3s
    [165] => tg_ztpR2HKML8hJFjprho1zfbkV0imFp4
    [166] => tg_cpZrEKR0IJ4S1rcmaswi8oADsic8pk
    [167] => tg_WCkCTf0pTrn8wT5Vga2ak2u2b6U4jG
    [168] => tg_HAE4GeBnupqKgTMoKVfdqFSpbGZqdw
    [169] => gfx-227-03
    [170] => tg_ZPo6AUjenS3o8rOmul8XP3mZ4bHixh
    [172] => sdyxc3D-243-03
    [173] => tg_caJsC7EfMOzEbr9mIg1Oi8xmFBpxw6
    [174] => tg_Z1o8fn9GDjJqXMosdSqyp3cPHow3sh
    [175] => dixy-232-02
    [176] => tg_1EINsQaerAIg5QtrK92gm7n6zSfR7D
    [177] => tg_rRyHzAFMUdV7axvQjFOLFWcimW2ISs
    [178] => tg_9v3y1tH8IID2ObAOh7tIrIqGPUL5li
    [179] => jymf-237-03
    [180] => tg_luMOlzXMsvqQNqaAuBhkolxOxGtjmA
    [181] => tg_quBxwsHLnDcetKwYUeL0ZwGVhOWJvs
    [182] => tg_e1XmOfhhxXMfenNMZuYv78znuFefbr
    [183] => tg_Gl4B6QurIAtwce1L8X9Drz0yYnpQAo
    [184] => tg_ICEcjc9rCPIBR46UAcqeZksnO8Wi9M
    [185] => iszz-258-11
    [186] => tg_7WG5JTm3uW8NzqDodtjpwGYbm5j8oL
    [187] => sji2-257-03
    [188] => tg_CWHe7Hrfhl6JXuwTQhogiVXlCxO6f0
    [189] => zyj-263-03
    [191] => tg_n3qXUbsViYy6M8zO55x3jxvAMHZa2W
    [192] => tg_x7V0CXex19izghRLpbsKQuQz4iWGFy
    [193] => qqics-242-02
    [194] => dfbb-261-03
    [195] => tg_WxyICK73BRFOH62RcXpAgw7TCRgkLE
    [196] => tg_V3ZMC6AaWAUIgoEVwUp5VmHPypL3p1
    [197] => tg_f3YrVumb581hd00FTHPSiI7Ynyax0m
    [199] => tg_DdM2D5jmeqG8eCsh1m5hEOomRB53Cs
    [200] => tg_UDyMC93nwIALdlS1mugg7eTc5SGYIU
    [202] => tg_NCP73iALs0HQvWtKPZzGiEA3HSBsAa
    [204] => tg_hjdu6ORJM7OG8QrXFIcC2xcYVRv9Dr
    [205] => tg_9qi3bVuFrRYnjckoJq4Dtos0NVwJYt
    [206] => tg_5QH6cQj37W9Aiel0tFJsWqgDtezJLR
    [207] => tg_9exPJH0wBZ8HTOnBGIBAUy7Pd5KItg
    [208] => xyj-241-02
    [209] => tg_Wn11xsfYxoYQKmXznDz7ic5H2PaJth
    [210] => xdzz-228-02
    [212] => tg_eKgpglHNQWuU8NNeLUHKwpPPblhbJx
    [213] => tg_euSiCujjVYyRZq2bhlsayXa9gchpUb
    [214] => tg_c0mUBBrcogdE5UvZCY2HnsSHyc6ePs
    [216] => tg_JXdNpFL3qYrFKCQydFp9kS0Es7uq9p
    [217] => tg_rmk6gWq0INJZaYZ6tgqFPmq3z5eqNm
    [218] => tg_wdPlPXqIiLNs9uy7Ml0oOQKl3eamzQ
    [220] => qqics-242-03
    [221] => tg_a3MwwHqtFVIIu2wAcJtxFP9Qq6YXdU
    [222] => tg_T0Ed5mmvuRdVzcxLWCLs9R6BGf0EaP
    [223] => smsjOL-247-04
    [224] => tg_hgxfsHaP3Nl6ta14BIeWsy7lPXS8e2
    [226] => iszz-258-10
    [227] => tg_oYeamNiVoPhCQ43VMK6OhFySsqpVbh
    [229] => tg_DVjFB30FnJLCYF24CvQJO75G3J64uW
    [230] => tg_KSrTmGgyDYV81i5ltvne0CVaiHhXRQ
    [231] => tg_aVm2lO14wb8hlW09ruBVPkn7IuCrxx
    [232] => tg_Ol1QFxsnwmPTIifUX1pY0CFdr9g2cW
    [235] => tg_v2aSduKnJJ5NKXAAkCTPEOYo7JnS94
    [236] => dixy-232-01
    [237] => tg_3GSSy8PYKoFrup8G30jsux8ihQxkGc
    [240] => tg_mrIHzdJ5a7cXVH9W4aDyn8BcY3sEWL
    [242] => tg_OU20Xikl0SbparapZGvkebqzKhWQRE
    [243] => tg_oGuXovKoRUbLPmHuvs3UuIE9aeMS2u
    [244] => tg_BzSlq616dainWOMpgxtFCfaqMVWg3j
    [245] => iszz-258-02
    [246] => wd-265-02
    [247] => tg_9svDGMMYJz3JrJlA5yZkJ0dVtaUb4m
    [248] => tg_VY5fuFU8pF4jMVrZsTPAcRbAbM68ZA
    [250] => tg_YP3WF3TI3Mr7oCBqG4P1cEzXc7s0uA
    [251] => tg_mFtD7NWQksoGcdkYjyTLyCGBW5LAiU
    [252] => tg_N3n5bMNK8zcr4pfuMwWwZ8rQ1S89xz
    [253] => tg_eNCWE4IqbTr4L3rXk6kxGeYdF0sdgw
    [254] => tg_rZLzNO4FSdY9hoRYNqEFV16bvYXuBb
    [255] => tg_pdviUeEztqS8c3nE98GICfvvesETHJ
    [256] => ijilz-249-03
    [257] => tg_Hllcezo5vcG6IuqIwwwGQ0oYw0mGPL
    [265] => tg_q5tpNQkvjppy8orNkmvHjKeZoFDicc
    [266] => tg_4gxvdgBfeXfU0Mkm1t3kqb6ftdzOMG
    [267] => tg_G7iLAMkERZ5ZZ4eotZjjQMghR4aFpd
    [269] => NBAftx-225-02
    [270] => tg_Ri2NPtmmh1FsYTXg1bpBcSfD0VdpP7
    [274] => tg_YSA05Nah8JewKgqX9nr7Acwb2aBxyl
    [275] => tg_ExtRRmq70LZ5cPOsbOSWEzt7KRjR70
    [277] => tg_YdzBBvglsoXidJdKCmWrG85bql5kG4
    [280] => tg_uRPJgNFRkhP1SYEz7vGMLo5cLwr10j
    [281] => tg_oAoVUwkuOeyVVQ05jZL3XRH3CJPrbR
    [284] => tg_sN4DNq0d4Vg5WHZg9OWPsd4bjkM0hL
    [287] => cbws-283-02
    [289] => tg_iNBVgkrz7R1IOCXEEJfkIlPzdSGnyI
    [290] => tg_QZZFggp5dA4nZym1yeDjbwGvJrDxrz
    [292] => tg_6vi6nfVunqSTdJKQ729D5wPqwD65uc
    [294] => tg_eXfOrB7ZM7cDO2nqwzIwswNwbLhnlJ
    [295] => xyj-241-03
    [299] => tg_Ybl9xENxHsfVBPK7IBZikgc9icV0p0
    [303] => tg_aFWrMTmCWEE0kaQmPHz5pWXf54vm83
    [304] => tg_Ylsw4PyijBADuMjBqAvjXxmuH9Wj3F
    [310] => xdzz-228-03
    [311] => tg_dE40iVMPYicK6apZag3A7mu7y50uQ9
    [319] => tg_GMTqei4u3HsEi273emHLsPpYI3B6DW
    [320] => tg_zjUY3zgmqTzHY6gaBbz0V5axvkeADq
    [321] => tg_rerMGmdYU9Jyeq8z0UUtJkITxPIPi2
    [323] => iszz-258-03
    [324] => tg_xX5O7gsz5V7ioS8CXkxejkdaaSilqn
)

有效渠道个数：255
有效渠道array：
Array
(
    [0] => 2283
    [1] => 2282
    [2] => 2280
    [3] => 2273
    [4] => 2272
    [5] => 2271
    [6] => 2270
    [7] => 2269
    [8] => 2268
    [9] => 2267
    [10] => 2266
    [11] => 2265
    [12] => 2264
    [13] => 2263
    [14] => 2262
    [15] => 2261
    [16] => 2260
    [17] => 2259
    [18] => 2256
    [19] => 2255
    [20] => 2231
    [21] => 2222
    [22] => 2221
    [23] => 2218
    [24] => 2210
    [25] => 2102
    [26] => 2099
    [27] => 2095
    [28] => 2090
    [29] => 2073
    [30] => 2055
    [31] => 2045
    [32] => 1896
    [33] => 1884
    [34] => 1877
    [35] => 1875
    [36] => 1872
    [37] => 1871
    [38] => 1870
    [39] => 1869
    [40] => 1859
    [41] => 1856
    [42] => 1854
    [43] => 1840
    [44] => 1837
    [45] => 1830
    [46] => 1829
    [47] => 1825
    [48] => 1824
    [49] => 1823
    [50] => 1822
    [51] => 1821
    [52] => 1817
    [53] => 1814
    [54] => 1809
    [55] => 1803
    [56] => 1801
    [57] => 1800
    [58] => 1650
    [59] => 1645
    [60] => 1638
    [61] => 1637
    [62] => 1631
    [63] => 1630
    [64] => 1629
    [65] => 1620
    [66] => 1618
    [67] => 1617
    [68] => 1608
    [69] => 1604
    [70] => 1601
    [71] => 1595
    [72] => 1559
    [73] => 1557
    [74] => 1555
    [75] => 1553
    [76] => 1531
    [77] => 1529
    [78] => 1526
    [79] => 1524
    [80] => 1519
    [81] => 1491
    [82] => 1488
    [83] => 1481
    [84] => 1480
    [85] => 1475
    [86] => 1470
    [87] => 1464
    [88] => 1461
    [89] => 1459
    [90] => 1457
    [91] => 1436
    [92] => 1431
    [93] => 1430
    [94] => 1429
    [95] => 1428
    [96] => 1419
    [97] => 1417
    [98] => 1393
    [99] => 1392
    [100] => 1391
    [101] => 1389
    [102] => 1380
    [103] => 1346
    [104] => 1344
    [105] => 1343
    [106] => 1338
    [107] => 1337
    [108] => 1335
    [109] => 1324
    [110] => 1306
    [111] => 1305
    [112] => 1304
    [113] => 1292
    [114] => 1280
    [115] => 1139
    [116] => 1136
    [117] => 1134
    [118] => 1123
    [119] => 1120
    [120] => 1115
    [121] => 1110
    [122] => 1101
    [123] => 1078
    [124] => 1077
    [125] => 1056
    [126] => 1047
    [127] => 1012
    [128] => 1009
    [129] => 999
    [130] => 998
    [131] => 995
    [132] => 994
    [133] => 971
    [134] => 946
    [135] => 944
    [136] => 941
    [137] => 915
    [138] => 913
    [139] => 910
    [140] => 885
    [141] => 881
    [142] => 876
    [143] => 873
    [144] => 872
    [145] => 871
    [146] => 867
    [147] => 866
    [148] => 860
    [149] => 857
    [150] => 856
    [151] => 855
    [152] => 851
    [153] => 850
    [154] => 843
    [155] => 841
    [156] => 836
    [157] => 825
    [158] => 800
    [159] => 799
    [160] => 798
    [161] => 785
    [162] => 775
    [163] => 758
    [164] => 753
    [165] => 751
    [166] => 728
    [167] => 727
    [168] => 725
    [169] => 717
    [170] => 713
    [171] => 697
    [172] => 696
    [173] => 695
    [174] => 694
    [175] => 689
    [176] => 686
    [177] => 685
    [178] => 683
    [179] => 680
    [180] => 677
    [181] => 657
    [182] => 656
    [183] => 654
    [184] => 616
    [185] => 593
    [186] => 592
    [187] => 589
    [188] => 588
    [189] => 581
    [190] => 579
    [191] => 572
    [192] => 563
    [193] => 562
    [194] => 536
    [195] => 535
    [196] => 533
    [197] => 528
    [198] => 527
    [199] => 526
    [200] => 478
    [201] => 477
    [202] => 476
    [203] => 469
    [204] => 464
    [205] => 462
    [206] => 460
    [207] => 456
    [208] => 453
    [209] => 441
    [210] => 439
    [211] => 429
    [212] => 427
    [213] => 416
    [214] => 409
    [215] => 407
    [216] => 406
    [217] => 405
    [218] => 404
    [219] => 403
    [220] => 398
    [221] => 396
    [222] => 394
    [223] => 392
    [224] => 391
    [225] => 389
    [226] => 386
    [227] => 384
    [228] => 381
    [229] => 380
    [230] => 379
    [231] => 377
    [232] => 374
    [233] => 373
    [234] => 371
    [235] => 370
    [236] => 369
    [237] => 368
    [238] => 324
    [239] => 311
    [240] => 309
    [241] => 300
    [242] => 297
    [243] => 296
    [244] => 295
    [245] => 293
    [246] => 270
    [247] => 262
    [248] => 241
    [249] => 223
    [250] => 184
    [251] => 174
    [252] => 167
    [253] => 141
    [254] => 14
)

