2016-10-02 00:13:29
统计当天：2016-10-01
渠道个数（即dailyaccount的个数）：6052
渠道sql：
select * from yx_tg_source S left join yx_tg_game G on S.gameid = G.gameid where S.activeflag = 1 and G.activeflag = 1 and G.isonstack = 0  and S.createtime<='2016-10-01 23:59:59' order by S.id desc
活跃渠道个数：299
活跃渠道array：
Array
(
    [0] => tg_NCP73iALs0HQvWtKPZzGiEA3HSBsAa
    [1] => tg_Yu783LP9jjPQKkQ4gZ37LJqiGsa8F2
    [2] => sdyxc3D-243-03
    [3] => tg_Ns2ruyRNGIFOc1V1cNXZTgYNXxKEzX
    [4] => tg_1nGplhQDLUI1MZSEUXMNUL84CHOPpX
    [5] => qqics-242-03
    [6] => COK-223-01
    [7] => iszz-258-04
    [8] => tg_ZZgcgW1UXMwmQ7XrtNJNYgILCHkhvx
    [9] => tg_xyZ3j9g1TEE5oRQ8jtjOvWp93RoO1U
    [10] => tg_Sewxs3XtPGOLYiORI5Pkg7odXeAKXN
    [11] => tg_hfQFP1T5unIBwVwmYZ84lmbLUk6Hql
    [12] => tg_v7Jb3BIDODCQ1VtgtfAmw7kXJEEPfK
    [13] => iziy-262-03
    [14] => tg_VZuGbtPK119VaeXIfeAFPpCwPVuF4q
    [15] => jymf-237-03
    [16] => sszj-260-03
    [17] => tg_jCHJyMptnrEeCRtLvWCna1UgFDOg12
    [18] => tg_Ybl9xENxHsfVBPK7IBZikgc9icV0p0
    [19] => tg_9wMQEwx1XSgzc6p1L1icWOicF6gRTs
    [20] => tg_2WbWHagMS2SOb5xOSfVRLGlIn1S33u
    [21] => tg_G9yTAxWgs6kbikFA8mybpflSOxGHtl
    [22] => tg_5QH6cQj37W9Aiel0tFJsWqgDtezJLR
    [23] => tg_euSiCujjVYyRZq2bhlsayXa9gchpUb
    [24] => tg_2NsHXZzeADPI3sOdsGvb5UWmUgvIq3
    [25] => tg_QZZFggp5dA4nZym1yeDjbwGvJrDxrz
    [26] => tg_9L7imM0iNMHDvx030tEttb2gY6yAvf
    [27] => tg_pVLKwuqunHstVkThsuG9m9ZSFNKY4Z
    [28] => tg_iNBVgkrz7R1IOCXEEJfkIlPzdSGnyI
    [29] => tg_Zs0k3Wft4sZSUPLhqKbS72Fumhrxnx
    [30] => fzj-291-01
    [31] => tg_iqfTzQ8SlRMYUsxMhhHnvScsJrc5by
    [32] => tg_Uuu7DKIS1H6x1tYmIF3QwX7uhrg7pM
    [33] => tg_Gejy6CaJU0EYR82x85J7TjKGPjSSZY
    [34] => tg_z037kSsOTpOe64cmjLjl1nUsQAoDwW
    [35] => tg_1wDDLzkjbW3Pb8jzRrA01incmPqYhQ
    [36] => tg_DSCeq49dAY1NXszMuPT6YSvlibLEV5
    [37] => tg_NO44EDPcEL3s66lwa9yRtCs9aY1gjc
    [38] => tg_isZoXNhPlO746tHMSp9H4QBHsPxXNI
    [39] => tg_IB6hnKY9LuosneMkON6vp3eobulWK3
    [40] => tg_sM3nfqDJy3Vy5aPurriOPCdX9iEJma
    [41] => tg_5OfKZXixp7CjR7XPU0W90lqqqTFk5J
    [42] => COK-223-03
    [43] => tg_R1RDVqNHRQXgl4KJSMyZU2Tno2K9bg
    [44] => tg_IHodxJNKrfS0xxajkR6tAtkpohQvUu
    [45] => tg_NgwIwYVjAzXZn1QBJC68rQwtm8qAnv
    [46] => tg_a5q2q9GN2xABq86jM9pwiS8iyBJVfW
    [47] => tg_MwmQeDM6z2hcH7FkvAQSikHdIAwg1t
    [48] => xdzz-228-03
    [49] => dfbb-261-03
    [50] => tg_xynK92e6Ss0NWnCvL8CCENHHEqAka4
    [51] => wd-265-03
    [52] => tg_JJZYD6SJy3SJ6c0AKRp1GmB5UqZ2jg
    [53] => tg_Hllcezo5vcG6IuqIwwwGQ0oYw0mGPL
    [54] => tg_T0Ed5mmvuRdVzcxLWCLs9R6BGf0EaP
    [55] => tg_Q0OXBqTKUT4gxwLdq8cEyinsbxvWsh
    [56] => tg_YSA05Nah8JewKgqX9nr7Acwb2aBxyl
    [57] => tg_SWqbqvLqDQyYjsG9jBBHZo8bF5l6yj
    [58] => tg_au4IVxZIqUPkIsk9WHXh5V7naKiSIK
    [59] => tg_Trn7YSQVVtNZzq3Fw768fo98JN0n65
    [60] => tg_g7ZxSv4gz7VPwWmtBN4Rua0RkQd3SI
    [61] => ly-266-03
    [62] => tg_qsnV07CXxrunsXAD8uJpw8KAtjwRUH
    [63] => zyj-263-04
    [64] => iszz-258-09
    [65] => tg_MgtczvSC2Y8RhwzpkFMfLrp6BnzFJA
    [66] => xyj-241-03
    [67] => tg_wdPlPXqIiLNs9uy7Ml0oOQKl3eamzQ
    [68] => tg_lH8i7vtt5Vyi4nU4poSm8Iv68PqS5A
    [69] => tg_OelNZbsZicvSlFyKZY006o7gBOtSKO
    [70] => tg_PXQG1MoeGb9uQy94DtZg3mBtr0ErUI
    [71] => tg_JZ9J3vGNs6fiYDpid1fLVXAcdmnJGC
    [72] => tg_G7i486aocPximcnaM87D2KpVarAWWY
    [73] => tg_Nc0TlciG0UmfWoTeOnldJ1rTU6XeE9
    [74] => tg_jVaInI6nlTytxENBtvj0QGDG4ROnQZ
    [75] => tg_xyeEpNy38LrPrmO7kN8DtktaBlDieY
    [76] => xdzz-228-01
    [77] => tg_aVm2lO14wb8hlW09ruBVPkn7IuCrxx
    [78] => tg_BX7jbPiBrO3Lbj4y7kRa9Zw7d5W5pt
    [79] => tg_YplhKyDmDPIOW0xduxnltMqX1rjqfj
    [80] => tg_5FOr48Gz5m1Z2G62PmlhHhMRnZKooO
    [81] => tg_I0YvXhD2svI5uMg8BdLS62F6ZFzP9c
    [82] => tg_u1US2O9i4Z0zNFhwCpRHFpjjJ2Ti4w
    [83] => tg_Uzk9TWGhQpn8JMmxrdOv3sknjw9Rpv
    [84] => tg_eKgpglHNQWuU8NNeLUHKwpPPblhbJx
    [85] => wd-265-01
    [86] => tg_coI6kynxmDNiznGwKDKWYQ5FobWf2a
    [87] => tg_foInmUBJTEST2FsjE393noaqCL4YDz
    [88] => tg_HrQI25ZA7moQZ990COLvEQ1ERJhTzR
    [89] => tg_qTMHsZ9dmlMSRtUnljhKCgf8Q3vMQu
    [90] => cbws-283-03
    [91] => tg_g8bEkV1tPUOCTD1TmzF40HZdiyNju8
    [92] => tg_uM73vHb3tX7wOkVYYGRobZCg6rHCVT
    [93] => tg_2N0xHDMuHNoT51QtNa4w5UvW579Hq3
    [94] => tg_GMTqei4u3HsEi273emHLsPpYI3B6DW
    [95] => tg_JlRqvBfsks2ni5ghWQqYA730uapFrC
    [96] => dixy-232-03
    [97] => tg_ymld57G5I4vbEL4xKP4jLw7Orz8ckF
    [98] => tg_oRr8aA1QCzsoU5qSPqYmMCuQ9sNmcg
    [99] => tg_bWN4ISOqWcdLGPLqWK0mc2Dhk0BZW3
    [100] => tg_sN4DNq0d4Vg5WHZg9OWPsd4bjkM0hL
    [101] => tg_L4b9y9jkPeClOLmOuVH9PTWnXv2R2K
    [102] => tg_CfiAkPLcWCKERyb9IHu6Ecf4fqCN0e
    [103] => tg_zlmQ1MYrs3puVAfAUySNfxp8DprrcN
    [104] => tg_uYQsNlH1kqwKDEH4xABqHPfGQdgA9v
    [105] => tg_3H9a1haRWXASZzcsseDOLdFDuXWGy9
    [106] => tg_OR6k1HjrRFrcg1DYYkX3RZNfmsAJfA
    [107] => tg_N3n5bMNK8zcr4pfuMwWwZ8rQ1S89xz
    [108] => tg_BL1cvYB10xHPlkyqQCXE7m6l9qVzKO
    [109] => tg_6CokVfS6Oz4fhV96SrZwcFvSmIfKmE
    [110] => dcfy-250-04
    [111] => tg_vHJuYyncAfyWx0OBOTNBzBs4VDbYKa
    [112] => tg_2ARVHpH2uWK1GKxxu0Zg0YChSYsj0O
    [113] => tg_R5o8QShUV1GO4zyUU3UWozKOn12GdV
    [114] => tg_jejMxEyTgyxOGvlI2GYJusOt3QDOGb
    [115] => tg_QNIdVsHmq2UJ0KNrgyokjQkFMiWOhX
    [116] => tg_OfaE1oD9jOkeCrMxFmwZmT29Ew1L5z
    [117] => iziy-262-04
    [118] => tg_4xaqzJIbeZOX10X6NI4jgUD3d7kYwn
    [120] => tg_ICEcjc9rCPIBR46UAcqeZksnO8Wi9M
    [121] => tg_nIqDlZQ0dQMiGOudQVBgJ8vMzvy4ST
    [122] => tg_ODoUx9rQG9p7rnBZM2d19F8EQZ5utc
    [123] => tg_caJsC7EfMOzEbr9mIg1Oi8xmFBpxw6
    [124] => tg_ceyjwgtKjdoAWvo2vbmAPUZ25nKLFW
    [125] => tg_oYeamNiVoPhCQ43VMK6OhFySsqpVbh
    [126] => tg_1UrNa6pMG9ilFEbZCPTKAY22s7V5Cz
    [127] => tg_KPu4Nors1HZxKWZihYMPeXmb4uu43N
    [128] => tg_JYWGy6Lv2jwnMs8SqyRiEdd3aHRvvv
    [130] => tg_radynjycJycQAFuAfK5GP6rDqGT6ed
    [132] => tg_o028lSVS26po0ZFjgGHlegKtggqz9S
    [133] => tg_eNCWE4IqbTr4L3rXk6kxGeYdF0sdgw
    [135] => xyj-241-17
    [136] => gfx-227-02
    [137] => cbws-283-02
    [138] => tg_MPv6wZlNPr7LOEpHwY19XtQ1kr7Fff
    [139] => tg_W2pysd1dY4bhFAxFDmSbPJAAXMZAJP
    [140] => tg_cYKbmfe1jYW21pNtqPwQKQlHEFz6HA
    [141] => tg_hGFVwlehGMFc5AVTI0APT2AXvSQeGu
    [142] => tg_6vi6nfVunqSTdJKQ729D5wPqwD65uc
    [143] => tg_YEGigjvUVMhHY4g2vs3HBjFuRhLdgZ
    [144] => tg_vC2YDzjcVUC15FGQBPgLNxYeO7Z5SQ
    [145] => tg_7ygUWViw2QMvlKmC2Pi0MP5W6qypmc
    [147] => tg_9svDGMMYJz3JrJlA5yZkJ0dVtaUb4m
    [148] => tg_Ri2NPtmmh1FsYTXg1bpBcSfD0VdpP7
    [149] => tg_73mHAOuM3KdQa6oKLLG6XZgNWYlZCU
    [150] => tg_D3OC96S53NgitjGQM8exL3wMjxkf4X
    [151] => tg_Fd3SdzZtnTEsxDiZUdbgxPg5RxVWFv
    [152] => tg_Ok1V5icI9vmONx23EKbYHVP56i1pYd
    [153] => tg_NIGftm0hA1EjxWm9DKPuA69NSdLiBs
    [154] => dixl-277-03
    [155] => tg_QOaluxlrDrdfHirks7boYovXT5VzvN
    [156] => tg_IG3MtJ7JOXqsan5jjyzdOs1dngskIJ
    [157] => tg_GXKFwldOWDrQ9XB8plFtCj91dyXAIh
    [158] => tg_WObUg0waseMQMRqjvOnCzrgFmhUPVo
    [159] => tg_ukKVlFDkkWIyijtZbh7wQ9szez1vK1
    [160] => tg_xBuL3S9TdcaQpVCpOs55vAmiUv8Ix9
    [161] => tg_Qo1fvJS7zsXzyA2IXbpN0O63IkFczD
    [163] => tg_2H4Lh6QFRbtPVS4psFYWJTTOhX6jay
    [164] => tg_PEbTLGzNvnESyOdTgKbhjxMrpp6Pv1
    [165] => tg_4gxvdgBfeXfU0Mkm1t3kqb6ftdzOMG
    [166] => tg_howgDJMf8H0nC23KdM8cLLhsk330Sj
    [167] => tg_bKnybL4otl2MtKbxCtLLDw8xA056HA
    [170] => tg_lkJenLTf3uhjm38o51BofReYhEyBEj
    [171] => dfi2-252-02
    [172] => tg_HAE4GeBnupqKgTMoKVfdqFSpbGZqdw
    [173] => lwzr-239-03
    [174] => zyj-263-03
    [175] => tg_mcEuJVtSvdAtVUENaRDVMBLSq8APnS
    [176] => tg_rRyHzAFMUdV7axvQjFOLFWcimW2ISs
    [177] => tg_spVeL0duhA4o33C3XVLMLcJeGzpLLx
    [178] => xdzz-228-02
    [179] => tg_VD9fabmjMTqKUo3zGp3UHnyM0FohMB
    [180] => tg_AXIXnbBwMpJMQDEe2VSEWJmTX2afnP
    [181] => tg_UDyMC93nwIALdlS1mugg7eTc5SGYIU
    [183] => tg_yguQaDrCX4sRHyusZCmoIu2wxKyPTv
    [184] => tg_v2Qd56QlqG5MyJCuSizLIu252lHZgr
    [185] => tg_q4hI4MqWZwu7ac1kh5pn4KFdNgeV4y
    [186] => null
    [187] => tg_V4rCcoFzbBkK9PCpIYlOHxsf6WUDQr
    [188] => tg_XFjHfg1mv3pPvJKCJ0JShkY18TdXxi
    [189] => tg_WCkCTf0pTrn8wT5Vga2ak2u2b6U4jG
    [190] => tg_e1XmOfhhxXMfenNMZuYv78znuFefbr
    [191] => tg_tWxsqLc2DyZW0xhEjU2AGnkAg8rSzH
    [192] => tg_pdviUeEztqS8c3nE98GICfvvesETHJ
    [193] => tg_xX5O7gsz5V7ioS8CXkxejkdaaSilqn
    [195] => tg_vfaj7fCIWHRW8AF6lOhWStml7M07BG
    [196] => iszz-258-11
    [197] => tg_rmk6gWq0INJZaYZ6tgqFPmq3z5eqNm
    [198] => 
    [201] => tg_Gl4B6QurIAtwce1L8X9Drz0yYnpQAo
    [203] => tg_XsxYkTvYKaFEZLomJmAIGTxKh6t473
    [204] => tg_E0E2nta7J3vcP1BXFdQhyTIYyLZcTh
    [205] => tg_9MSv9Id4g4YQ5HqkZSRgzWSsm3hDiU
    [206] => tg_hjdu6ORJM7OG8QrXFIcC2xcYVRv9Dr
    [207] => tg_BzSlq616dainWOMpgxtFCfaqMVWg3j
    [209] => tg_B2gRz6KoFotcJwvqLHiYqclhTRZjAI
    [210] => tg_ExtRRmq70LZ5cPOsbOSWEzt7KRjR70
    [211] => tg_JXdNpFL3qYrFKCQydFp9kS0Es7uq9p
    [212] => tg_IkrlXzTXRIz8Ff1EmFcvknDMveHyZy
    [213] => tg_5tm9Wg2AXqKDoIwYbz1h5YBQ4FS8P3
    [214] => tg_vCsJpv46Zy29l982dIplz8UWDvylOA
    [215] => cfzjbsn-245-05
    [217] => tg_DRkQoc4JCBwlfXGBZt3S7Xe7qKbHuX
    [218] => tg_1t8ZHkzHsOjjfBQdO8Sp6xQb4Jqv5N
    [221] => tg_v2aSduKnJJ5NKXAAkCTPEOYo7JnS94
    [222] => smsjOL-247-04
    [223] => tg_HxU1CoCoVKqPjjfMcKZ0TzcyV77wqY
    [224] => tg_hT9imoeBBJOa4aoOSH8s9D4nXulXQ3
    [225] => tg_atvkFT6WfdLvhq13SzOpitWJFgBoqu
    [226] => tg_Q2b1rjqmySzYHTs1i9OWePb2NaBcGB
    [227] => tg_USQULvLd7jEwvAnEXP6ogWMPmBcWXF
    [228] => tg_ZYpcDjcdzPXo9mq3BmOpV125UYut9U
    [229] => gfx-227-03
    [230] => iszz-258-10
    [233] => wd-265-02
    [234] => tg_NtIayKgqI5dmws2phUaG2sd1trUmnc
    [235] => xyj-241-02
    [236] => tg_rxk5PfhQq0bSCryZmN7GIozF5JXeYS
    [237] => tg_hNjMap3hjNuOedvUnzvAWJBXgasDJc
    [238] => yxzxAPP-422-01
    [239] => tg_rZLzNO4FSdY9hoRYNqEFV16bvYXuBb
    [240] => tg_9v3y1tH8IID2ObAOh7tIrIqGPUL5li
    [242] => tg_NvXJf5QR5tjRwPjhRNfgiEKYRFgx4r
    [243] => tg_AhvgWr5nY3iUQ6aOmZ235ZRzNfupkg
    [244] => tg_FBRU1OZlwtg4i3DyAwOepei5y13Hid
    [246] => tg_LLXzjYhZJ0OgPqHDoVaruOSlYtYhEB
    [247] => dixy-232-02
    [248] => tg_OU20Xikl0SbparapZGvkebqzKhWQRE
    [249] => tg_HlAnvCbNuM4o6gu4lj9ouY9mA4dxfQ
    [250] => tg_ovYJpa0VxDSjfx9vB6F4bOOdyJRpkM
    [251] => tg_KGrCSe1a4ryaHXKDklFBnaD9pInRXq
    [252] => tg_x7V0CXex19izghRLpbsKQuQz4iWGFy
    [253] => tg_uRPJgNFRkhP1SYEz7vGMLo5cLwr10j
    [254] => tg_mFtD7NWQksoGcdkYjyTLyCGBW5LAiU
    [255] => tg_tqrdOEQGez8JLhsu6eKlKfqBQ95Nv9
    [256] => tg_luMOlzXMsvqQNqaAuBhkolxOxGtjmA
    [259] => tg_iTu7R5kBoS3ZwvVAV0dsCpeGvSwNDW
    [260] => tg_ZJ8Nb6ClNjpPbMmknQY9rYULRdy2Id
    [262] => tg_pbdbbYp6CP7zmUcKsYxbNotXs9ZNFJ
    [263] => tg_mNXK59R18xrYtoBaxWNwkKYPBuKXQp
    [264] => tg_Ylsw4PyijBADuMjBqAvjXxmuH9Wj3F
    [267] => tg_gxMXCdvJJOAMmzsoXJMMaU34TPUY3s
    [268] => tg_6xr1Gp0fBYKqDvLlPxczeDXEIcvRnZ
    [269] => tg_Zoks2ueLqNQh9bkP9F8nWgWxgVN4a3
    [270] => tg_Wn11xsfYxoYQKmXznDz7ic5H2PaJth
    [271] => tg_NKOwsJ0b1FzamrotErpd6jgYsKAN2v
    [272] => tg_V3ZMC6AaWAUIgoEVwUp5VmHPypL3p1
    [273] => tg_TENeIojtmSpDKsv56C6VA3ZOUuYzdT
    [274] => dixy-232-01
    [275] => tg_CWHe7Hrfhl6JXuwTQhogiVXlCxO6f0
    [276] => tg_tkywLzSIt5aSnvn3IajVveDiFKZPog
    [277] => tg_a3MwwHqtFVIIu2wAcJtxFP9Qq6YXdU
    [278] => tg_quBxwsHLnDcetKwYUeL0ZwGVhOWJvs
    [280] => tg_prw2gIFGyrnJH79P6pDgYGJjanWPHY
    [283] => tg_Ol1QFxsnwmPTIifUX1pY0CFdr9g2cW
    [284] => tg_DwNO8ixOfJ2rY1XNclifft83mhYTi4
    [285] => tg_mrIHzdJ5a7cXVH9W4aDyn8BcY3sEWL
    [286] => tg_c0mUBBrcogdE5UvZCY2HnsSHyc6ePs
    [290] => tg_zjUY3zgmqTzHY6gaBbz0V5axvkeADq
    [291] => tg_3GSSy8PYKoFrup8G30jsux8ihQxkGc
    [293] => tg_U29cGDHCcVOBa07j7jJvkgp23MCXxa
    [294] => tg_YdzBBvglsoXidJdKCmWrG85bql5kG4
    [296] => tg_DXLdwJFBbmEClkeZrrzUr7M0x5UknP
    [297] => tg_cpZrEKR0IJ4S1rcmaswi8oADsic8pk
    [298] => tg_LZVNb8oMP1vPlllm0EKGZKP5Fr09kS
    [300] => NBAftx-225-02
    [301] => tg_q5tpNQkvjppy8orNkmvHjKeZoFDicc
    [302] => tg_eXfOrB7ZM7cDO2nqwzIwswNwbLhnlJ
    [305] => tg_JrFLtWsbbdLYlqboVhSzzxoHROQD4k
    [306] => tg_rerMGmdYU9Jyeq8z0UUtJkITxPIPi2
    [308] => tg_hgxfsHaP3Nl6ta14BIeWsy7lPXS8e2
    [310] => tg_YP3WF3TI3Mr7oCBqG4P1cEzXc7s0uA
    [311] => tg_5OSuPn9oHty6tDThXGVcWSFPKws79c
    [312] => tg_G7iLAMkERZ5ZZ4eotZjjQMghR4aFpd
    [314] => tg_oAoVUwkuOeyVVQ05jZL3XRH3CJPrbR
    [315] => sbkcq-294-01
    [316] => qqics-242-02
    [317] => tg_gGqT8bYbaxpqLD1XpnsxYSJ3XLlWdc
    [318] => iszz-258-02
    [319] => tg_ztpR2HKML8hJFjprho1zfbkV0imFp4
    [320] => tg_It3ZrGnxHnT527Li1JsFPEbAXHFsnx
    [321] => tg_lfUx09OXmzxWGLxjyNqiYhji1J6o3S
    [322] => tg_oGuXovKoRUbLPmHuvs3UuIE9aeMS2u
    [323] => tg_R8HYrK50f168ti9sOsZtaiQD2co59J
    [324] => dfi2-252-03
    [328] => tg_KSrTmGgyDYV81i5ltvne0CVaiHhXRQ
    [329] => tg_DLgDR06dmMa0a6U2hBofa0ahtn29UH
    [334] => tg_aFWrMTmCWEE0kaQmPHz5pWXf54vm83
    [335] => tg_VY5fuFU8pF4jMVrZsTPAcRbAbM68ZA
    [338] => tg_fGavmBEmEeJaNl84wbOJXtzYoz3ImT
    [340] => iszz-258-03
    [345] => tg_C279T8XrdTVBzfahN2pau9nO3JhRif
    [350] => tg_U7dQFVw0JZmpH11lmYHLR5qIsPJy3K
    [351] => tg_bemh9vIE1yhl2WLX8PC3K4kt6T56sl
    [352] => tg_n3qXUbsViYy6M8zO55x3jxvAMHZa2W
    [362] => ijilz-249-03
    [364] => tg_dE40iVMPYicK6apZag3A7mu7y50uQ9
    [367] => tg_AsxPJXxY4WyybvnM7G2sf9DlUpfLcS
    [369] => tg_KMpuyo1EOdaG6l4RIJxknESqe8i1do
)

有效渠道个数：284
有效渠道array：
Array
(
    [0] => 6468
    [1] => 6434
    [2] => 6421
    [3] => 6253
    [4] => 6251
    [5] => 5919
    [6] => 5872
    [7] => 5728
    [8] => 5727
    [9] => 5726
    [10] => 5720
    [11] => 5717
    [12] => 5174
    [13] => 4637
    [14] => 4575
    [15] => 4243
    [16] => 4094
    [17] => 3413
    [18] => 2749
    [19] => 2554
    [20] => 2547
    [21] => 2523
    [22] => 2505
    [23] => 2446
    [24] => 2437
    [25] => 2434
    [26] => 2407
    [27] => 2402
    [28] => 2395
    [29] => 2394
    [30] => 2393
    [31] => 2391
    [32] => 2388
    [33] => 2387
    [34] => 2386
    [35] => 2385
    [36] => 2382
    [37] => 2381
    [38] => 2377
    [39] => 2280
    [40] => 2274
    [41] => 2273
    [42] => 2272
    [43] => 2271
    [44] => 2270
    [45] => 2269
    [46] => 2268
    [47] => 2267
    [48] => 2266
    [49] => 2265
    [50] => 2264
    [51] => 2263
    [52] => 2262
    [53] => 2260
    [54] => 2259
    [55] => 2258
    [56] => 2256
    [57] => 2255
    [58] => 2254
    [59] => 2231
    [60] => 2221
    [61] => 2218
    [62] => 2215
    [63] => 2211
    [64] => 2210
    [65] => 2099
    [66] => 2090
    [67] => 2073
    [68] => 2055
    [69] => 2045
    [70] => 1896
    [71] => 1884
    [72] => 1877
    [73] => 1875
    [74] => 1872
    [75] => 1870
    [76] => 1869
    [77] => 1859
    [78] => 1856
    [79] => 1854
    [80] => 1840
    [81] => 1837
    [82] => 1825
    [83] => 1824
    [84] => 1823
    [85] => 1821
    [86] => 1814
    [87] => 1809
    [88] => 1803
    [89] => 1801
    [90] => 1800
    [91] => 1650
    [92] => 1645
    [93] => 1638
    [94] => 1637
    [95] => 1631
    [96] => 1630
    [97] => 1629
    [98] => 1620
    [99] => 1617
    [100] => 1604
    [101] => 1603
    [102] => 1601
    [103] => 1595
    [104] => 1559
    [105] => 1557
    [106] => 1555
    [107] => 1553
    [108] => 1531
    [109] => 1530
    [110] => 1526
    [111] => 1524
    [112] => 1519
    [113] => 1491
    [114] => 1488
    [115] => 1481
    [116] => 1480
    [117] => 1476
    [118] => 1475
    [119] => 1470
    [120] => 1464
    [121] => 1461
    [122] => 1459
    [123] => 1457
    [124] => 1436
    [125] => 1431
    [126] => 1428
    [127] => 1419
    [128] => 1418
    [129] => 1417
    [130] => 1393
    [131] => 1392
    [132] => 1391
    [133] => 1389
    [134] => 1380
    [135] => 1346
    [136] => 1344
    [137] => 1343
    [138] => 1337
    [139] => 1335
    [140] => 1324
    [141] => 1315
    [142] => 1306
    [143] => 1305
    [144] => 1292
    [145] => 1280
    [146] => 1139
    [147] => 1134
    [148] => 1123
    [149] => 1120
    [150] => 1115
    [151] => 1110
    [152] => 1102
    [153] => 1101
    [154] => 1086
    [155] => 1078
    [156] => 1077
    [157] => 1056
    [158] => 1047
    [159] => 1012
    [160] => 1009
    [161] => 999
    [162] => 998
    [163] => 994
    [164] => 971
    [165] => 946
    [166] => 944
    [167] => 942
    [168] => 927
    [169] => 915
    [170] => 913
    [171] => 910
    [172] => 885
    [173] => 876
    [174] => 873
    [175] => 872
    [176] => 871
    [177] => 867
    [178] => 866
    [179] => 860
    [180] => 857
    [181] => 856
    [182] => 855
    [183] => 851
    [184] => 850
    [185] => 843
    [186] => 836
    [187] => 825
    [188] => 817
    [189] => 800
    [190] => 799
    [191] => 798
    [192] => 785
    [193] => 775
    [194] => 758
    [195] => 753
    [196] => 751
    [197] => 728
    [198] => 727
    [199] => 725
    [200] => 724
    [201] => 717
    [202] => 713
    [203] => 697
    [204] => 696
    [205] => 695
    [206] => 694
    [207] => 689
    [208] => 686
    [209] => 685
    [210] => 683
    [211] => 680
    [212] => 677
    [213] => 657
    [214] => 656
    [215] => 654
    [216] => 616
    [217] => 615
    [218] => 593
    [219] => 592
    [220] => 589
    [221] => 588
    [222] => 582
    [223] => 581
    [224] => 579
    [225] => 572
    [226] => 563
    [227] => 562
    [228] => 542
    [229] => 536
    [230] => 535
    [231] => 533
    [232] => 528
    [233] => 527
    [234] => 526
    [235] => 478
    [236] => 477
    [237] => 476
    [238] => 464
    [239] => 462
    [240] => 460
    [241] => 456
    [242] => 453
    [243] => 441
    [244] => 439
    [245] => 430
    [246] => 429
    [247] => 421
    [248] => 416
    [249] => 412
    [250] => 409
    [251] => 407
    [252] => 405
    [253] => 404
    [254] => 403
    [255] => 399
    [256] => 398
    [257] => 392
    [258] => 389
    [259] => 386
    [260] => 384
    [261] => 381
    [262] => 380
    [263] => 377
    [264] => 374
    [265] => 373
    [266] => 371
    [267] => 370
    [268] => 369
    [269] => 368
    [270] => 324
    [271] => 311
    [272] => 309
    [273] => 300
    [274] => 297
    [275] => 296
    [276] => 295
    [277] => 293
    [278] => 270
    [279] => 262
    [280] => 223
    [281] => 167
    [282] => 141
    [283] => 14
)

