2016-10-13 00:13:34
统计当天：2016-10-12
渠道个数（即dailyaccount的个数）：6175
渠道sql：
select * from yx_tg_source S left join yx_tg_game G on S.gameid = G.gameid where S.activeflag = 1 and G.activeflag = 1 and G.isonstack = 0  and S.createtime<='2016-10-12 23:59:59' order by S.id desc
活跃渠道个数：302
活跃渠道array：
Array
(
    [0] => tg_YSA05Nah8JewKgqX9nr7Acwb2aBxyl
    [1] => tg_3GSSy8PYKoFrup8G30jsux8ihQxkGc
    [2] => wd-265-03
    [3] => tg_2NsHXZzeADPI3sOdsGvb5UWmUgvIq3
    [4] => tg_quBxwsHLnDcetKwYUeL0ZwGVhOWJvs
    [5] => tg_5OSuPn9oHty6tDThXGVcWSFPKws79c
    [6] => tg_9L7imM0iNMHDvx030tEttb2gY6yAvf
    [7] => tg_1wDDLzkjbW3Pb8jzRrA01incmPqYhQ
    [8] => tg_xX5O7gsz5V7ioS8CXkxejkdaaSilqn
    [9] => tg_aFWrMTmCWEE0kaQmPHz5pWXf54vm83
    [10] => xdzz-228-03
    [11] => tg_R1RDVqNHRQXgl4KJSMyZU2Tno2K9bg
    [12] => tg_FVED9w8UsxvyBAd0XI1SJDloFLdtQm
    [13] => tg_iNBVgkrz7R1IOCXEEJfkIlPzdSGnyI
    [14] => tg_hfQFP1T5unIBwVwmYZ84lmbLUk6Hql
    [15] => ly-266-01
    [16] => tg_MgtczvSC2Y8RhwzpkFMfLrp6BnzFJA
    [17] => sszj-260-03
    [18] => tg_IHodxJNKrfS0xxajkR6tAtkpohQvUu
    [19] => tg_Zs0k3Wft4sZSUPLhqKbS72Fumhrxnx
    [20] => tg_euSiCujjVYyRZq2bhlsayXa9gchpUb
    [21] => tg_XsxYkTvYKaFEZLomJmAIGTxKh6t473
    [22] => tg_1nGplhQDLUI1MZSEUXMNUL84CHOPpX
    [23] => tg_pVLKwuqunHstVkThsuG9m9ZSFNKY4Z
    [24] => tg_sM3nfqDJy3Vy5aPurriOPCdX9iEJma
    [25] => tg_Trn7YSQVVtNZzq3Fw768fo98JN0n65
    [26] => iszz-258-09
    [27] => tg_MwmQeDM6z2hcH7FkvAQSikHdIAwg1t
    [28] => tg_dE40iVMPYicK6apZag3A7mu7y50uQ9
    [29] => ly-266-03
    [30] => tg_Yu783LP9jjPQKkQ4gZ37LJqiGsa8F2
    [31] => tg_AsxPJXxY4WyybvnM7G2sf9DlUpfLcS
    [32] => tg_a5q2q9GN2xABq86jM9pwiS8iyBJVfW
    [33] => tg_xynK92e6Ss0NWnCvL8CCENHHEqAka4
    [34] => tg_xyZ3j9g1TEE5oRQ8jtjOvWp93RoO1U
    [35] => tg_It3ZrGnxHnT527Li1JsFPEbAXHFsnx
    [36] => tg_VZuGbtPK119VaeXIfeAFPpCwPVuF4q
    [37] => tg_Hllcezo5vcG6IuqIwwwGQ0oYw0mGPL
    [38] => tg_wdPlPXqIiLNs9uy7Ml0oOQKl3eamzQ
    [39] => tg_9wMQEwx1XSgzc6p1L1icWOicF6gRTs
    [40] => tg_JZ9J3vGNs6fiYDpid1fLVXAcdmnJGC
    [41] => tg_NgwIwYVjAzXZn1QBJC68rQwtm8qAnv
    [42] => tg_DSCeq49dAY1NXszMuPT6YSvlibLEV5
    [43] => tg_mNXK59R18xrYtoBaxWNwkKYPBuKXQp
    [44] => tg_OelNZbsZicvSlFyKZY006o7gBOtSKO
    [45] => tg_g7ZxSv4gz7VPwWmtBN4Rua0RkQd3SI
    [46] => zyj-263-04
    [47] => tg_lH8i7vtt5Vyi4nU4poSm8Iv68PqS5A
    [48] => smsjOL-247-04
    [49] => tg_Ri2NPtmmh1FsYTXg1bpBcSfD0VdpP7
    [50] => xdzz-228-01
    [51] => tg_DRkQoc4JCBwlfXGBZt3S7Xe7qKbHuX
    [52] => tg_fGavmBEmEeJaNl84wbOJXtzYoz3ImT
    [53] => tg_n3qXUbsViYy6M8zO55x3jxvAMHZa2W
    [54] => tg_DVjFB30FnJLCYF24CvQJO75G3J64uW
    [55] => tg_QOaluxlrDrdfHirks7boYovXT5VzvN
    [56] => tg_9DneKn1CDJFWOGcDYBJNlApta8VGdl
    [57] => tg_eKgpglHNQWuU8NNeLUHKwpPPblhbJx
    [58] => tg_GMTqei4u3HsEi273emHLsPpYI3B6DW
    [59] => qqics-242-02
    [60] => tg_KPu4Nors1HZxKWZihYMPeXmb4uu43N
    [61] => tg_jlkC6X8s1QpUpkaUOzJ2fGYI7vjo37
    [62] => xdzz-228-06
    [63] => tg_fl4scLZ4FiUV9noT00XsT0B55NgKEK
    [64] => tg_Uzk9TWGhQpn8JMmxrdOv3sknjw9Rpv
    [65] => lwzr-239-03
    [66] => tg_radynjycJycQAFuAfK5GP6rDqGT6ed
    [67] => tg_xBuL3S9TdcaQpVCpOs55vAmiUv8Ix9
    [68] => tg_v7Jb3BIDODCQ1VtgtfAmw7kXJEEPfK
    [69] => tg_ovYJpa0VxDSjfx9vB6F4bOOdyJRpkM
    [70] => tg_2N0xHDMuHNoT51QtNa4w5UvW579Hq3
    [71] => tg_MPv6wZlNPr7LOEpHwY19XtQ1kr7Fff
    [72] => tg_WETL8S0hHclO07rWLAnvnOjc3ZRiGB
    [73] => tg_oYeamNiVoPhCQ43VMK6OhFySsqpVbh
    [74] => tg_eGqoU2qlNLtvDYNYfI973jrvfDEN6u
    [75] => tg_ukKVlFDkkWIyijtZbh7wQ9szez1vK1
    [76] => gfsl-221-02
    [77] => tg_MCBEPT7TlMAoHD53fV2FfYPSNTj0U5
    [78] => tg_rxk5PfhQq0bSCryZmN7GIozF5JXeYS
    [79] => tg_sN4DNq0d4Vg5WHZg9OWPsd4bjkM0hL
    [80] => ilw-269-01
    [81] => tg_NvXJf5QR5tjRwPjhRNfgiEKYRFgx4r
    [82] => wmsj3D-256-03
    [83] => ilw-269-02
    [84] => tkzz-330-01
    [85] => tg_U29cGDHCcVOBa07j7jJvkgp23MCXxa
    [86] => tg_B8hIhBmFN4X3ijAaXtsTwvigoF1oKO
    [87] => tg_G9yTAxWgs6kbikFA8mybpflSOxGHtl
    [88] => tg_uM73vHb3tX7wOkVYYGRobZCg6rHCVT
    [89] => tg_tqrdOEQGez8JLhsu6eKlKfqBQ95Nv9
    [90] => tg_vFRoFZpYD3kGy88Auf1GTqjU3s57Pc
    [91] => tg_IB6hnKY9LuosneMkON6vp3eobulWK3
    [92] => tg_lv369aN0qVNdyxeLNsOZUv42Khkq9c
    [93] => yxzxAPP-422-01
    [94] => xrtx-387-01
    [95] => tg_4xaqzJIbeZOX10X6NI4jgUD3d7kYwn
    [96] => dyqlb-332-01
    [97] => tg_IG3MtJ7JOXqsan5jjyzdOs1dngskIJ
    [98] => tg_v2Qd56QlqG5MyJCuSizLIu252lHZgr
    [99] => tg_2WbWHagMS2SOb5xOSfVRLGlIn1S33u
    [100] => tg_VD9fabmjMTqKUo3zGp3UHnyM0FohMB
    [101] => tg_x7V0CXex19izghRLpbsKQuQz4iWGFy
    [102] => tg_ceyjwgtKjdoAWvo2vbmAPUZ25nKLFW
    [103] => tg_a90RnFEOwkBcXh7tN9qQpXdm0EkE71
    [104] => tg_bWN4ISOqWcdLGPLqWK0mc2Dhk0BZW3
    [105] => tg_ZStSo7CfvZ46YShFGOtgycmfsj9Sxy
    [106] => zyj-263-03
    [107] => tg_DLgDR06dmMa0a6U2hBofa0ahtn29UH
    [108] => tg_vRYp2eQQGer5lK072YLwLivcFbf2xf
    [109] => zgzt-213-01
    [110] => tg_FpXDuybKIJPNh59t6JyrliJWL2RGd1
    [111] => tg_OD7FcltYU9ZyDt7rn6beaylFAAVT5D
    [112] => tg_vHJuYyncAfyWx0OBOTNBzBs4VDbYKa
    [113] => tg_kvTh1eV254JKcMoQPmaF50ZSF2YI8r
    [114] => fy-224-03
    [115] => tg_3ljjNwItLS8dXWcAQk9dgMtgVhn6Zx
    [116] => tg_77gFvmZyqqb5ZTA3643TFpwCYz8Jas
    [117] => NBAftx-225-02
    [118] => tg_6vi6nfVunqSTdJKQ729D5wPqwD65uc
    [119] => tg_rmk6gWq0INJZaYZ6tgqFPmq3z5eqNm
    [120] => 
    [121] => dwsj-435-01
    [122] => gfx-227-02
    [123] => sdsxs-290-01
    [124] => tg_JE7555URTg8PnW3kg27YKTPGG7ZcbP
    [125] => czqst-395-01
    [126] => tg_Qo1fvJS7zsXzyA2IXbpN0O63IkFczD
    [127] => tg_NjJhXmcaSQ6Azxzy9yp1hDfx9FX4j0
    [128] => tg_ICEcjc9rCPIBR46UAcqeZksnO8Wi9M
    [130] => tg_QNIdVsHmq2UJ0KNrgyokjQkFMiWOhX
    [131] => tg_JrFLtWsbbdLYlqboVhSzzxoHROQD4k
    [132] => tg_4zE122WihSnHVLpwtgEbGo8wEaokgZ
    [133] => tg_q4hI4MqWZwu7ac1kh5pn4KFdNgeV4y
    [135] => tg_bKnybL4otl2MtKbxCtLLDw8xA056HA
    [137] => tg_zlmQ1MYrs3puVAfAUySNfxp8DprrcN
    [138] => tg_vCsJpv46Zy29l982dIplz8UWDvylOA
    [139] => iszz-258-11
    [140] => tg_oGuXovKoRUbLPmHuvs3UuIE9aeMS2u
    [141] => tg_cC1AuzijXxk0DTe0f4TIeLb1sGp1Ut
    [143] => tg_U7dQFVw0JZmpH11lmYHLR5qIsPJy3K
    [144] => tg_R8HYrK50f168ti9sOsZtaiQD2co59J
    [145] => null
    [147] => cbws-283-02
    [148] => tg_4Zl6KMY5KHdYhVrnrJaLw47ibP8Ibs
    [149] => tg_5JtYTW0a9p9j1vHgT86rMlanbYoJSt
    [150] => tg_9svDGMMYJz3JrJlA5yZkJ0dVtaUb4m
    [151] => tg_2ARVHpH2uWK1GKxxu0Zg0YChSYsj0O
    [152] => tg_DXLdwJFBbmEClkeZrrzUr7M0x5UknP
    [153] => sji2-257-03
    [154] => tg_NKOwsJ0b1FzamrotErpd6jgYsKAN2v
    [155] => tg_LZVNb8oMP1vPlllm0EKGZKP5Fr09kS
    [156] => dfi2-252-02
    [157] => tg_jejMxEyTgyxOGvlI2GYJusOt3QDOGb
    [158] => tg_NIGftm0hA1EjxWm9DKPuA69NSdLiBs
    [159] => tg_5QH6cQj37W9Aiel0tFJsWqgDtezJLR
    [160] => tg_u1US2O9i4Z0zNFhwCpRHFpjjJ2Ti4w
    [161] => tg_vC2YDzjcVUC15FGQBPgLNxYeO7Z5SQ
    [162] => tg_ODoUx9rQG9p7rnBZM2d19F8EQZ5utc
    [163] => tg_1t8ZHkzHsOjjfBQdO8Sp6xQb4Jqv5N
    [164] => tg_oAoVUwkuOeyVVQ05jZL3XRH3CJPrbR
    [165] => tg_D3OC96S53NgitjGQM8exL3wMjxkf4X
    [166] => tg_pbdbbYp6CP7zmUcKsYxbNotXs9ZNFJ
    [167] => tg_mFtD7NWQksoGcdkYjyTLyCGBW5LAiU
    [168] => tg_eNCWE4IqbTr4L3rXk6kxGeYdF0sdgw
    [169] => tg_z037kSsOTpOe64cmjLjl1nUsQAoDwW
    [170] => tg_UDyMC93nwIALdlS1mugg7eTc5SGYIU
    [171] => tg_spVeL0duhA4o33C3XVLMLcJeGzpLLx
    [172] => tg_Gl4B6QurIAtwce1L8X9Drz0yYnpQAo
    [173] => tg_oRr8aA1QCzsoU5qSPqYmMCuQ9sNmcg
    [174] => tg_4gxvdgBfeXfU0Mkm1t3kqb6ftdzOMG
    [175] => tg_prw2gIFGyrnJH79P6pDgYGJjanWPHY
    [176] => tg_eXfOrB7ZM7cDO2nqwzIwswNwbLhnlJ
    [178] => wd-265-02
    [179] => tg_qsnV07CXxrunsXAD8uJpw8KAtjwRUH
    [180] => tg_HlAnvCbNuM4o6gu4lj9ouY9mA4dxfQ
    [181] => tg_mcEuJVtSvdAtVUENaRDVMBLSq8APnS
    [182] => tg_BX7jbPiBrO3Lbj4y7kRa9Zw7d5W5pt
    [183] => tg_HAE4GeBnupqKgTMoKVfdqFSpbGZqdw
    [184] => dfbb-261-03
    [185] => tg_GXKFwldOWDrQ9XB8plFtCj91dyXAIh
    [186] => tg_DwNO8ixOfJ2rY1XNclifft83mhYTi4
    [187] => tg_OU20Xikl0SbparapZGvkebqzKhWQRE
    [189] => tg_R5o8QShUV1GO4zyUU3UWozKOn12GdV
    [190] => tg_c0mUBBrcogdE5UvZCY2HnsSHyc6ePs
    [191] => tg_pdviUeEztqS8c3nE98GICfvvesETHJ
    [192] => tg_5tm9Wg2AXqKDoIwYbz1h5YBQ4FS8P3
    [193] => tg_KGrCSe1a4ryaHXKDklFBnaD9pInRXq
    [194] => tg_Zoks2ueLqNQh9bkP9F8nWgWxgVN4a3
    [195] => tg_Q2b1rjqmySzYHTs1i9OWePb2NaBcGB
    [196] => tg_o028lSVS26po0ZFjgGHlegKtggqz9S
    [197] => tg_ImW7KdcLDbkfZrE1j7R4jVhpShIV9N
    [198] => tg_rZLzNO4FSdY9hoRYNqEFV16bvYXuBb
    [199] => tg_B2gRz6KoFotcJwvqLHiYqclhTRZjAI
    [200] => tg_9MSv9Id4g4YQ5HqkZSRgzWSsm3hDiU
    [201] => tg_WCkCTf0pTrn8wT5Vga2ak2u2b6U4jG
    [202] => xyj-241-03
    [203] => tg_Gejy6CaJU0EYR82x85J7TjKGPjSSZY
    [204] => tg_e1XmOfhhxXMfenNMZuYv78znuFefbr
    [205] => xyj-241-02
    [206] => tg_hT9imoeBBJOa4aoOSH8s9D4nXulXQ3
    [207] => tg_tWxsqLc2DyZW0xhEjU2AGnkAg8rSzH
    [208] => cbws-283-03
    [209] => tg_PEbTLGzNvnESyOdTgKbhjxMrpp6Pv1
    [210] => jymf-237-03
    [211] => dixy-232-03
    [212] => tg_WObUg0waseMQMRqjvOnCzrgFmhUPVo
    [213] => tg_5m0CMWg4QcBaFoDH0ZDzJHyS8SyOEy
    [215] => tg_IkrlXzTXRIz8Ff1EmFcvknDMveHyZy
    [216] => tg_xyeEpNy38LrPrmO7kN8DtktaBlDieY
    [217] => iszz-258-04
    [218] => tg_wiZfGGZ5VmiKZDTLcFudf4BxvoHnnr
    [219] => tg_CWHe7Hrfhl6JXuwTQhogiVXlCxO6f0
    [220] => tg_rRyHzAFMUdV7axvQjFOLFWcimW2ISs
    [221] => tg_1UrNa6pMG9ilFEbZCPTKAY22s7V5Cz
    [222] => tg_PXQG1MoeGb9uQy94DtZg3mBtr0ErUI
    [223] => tg_q5tpNQkvjppy8orNkmvHjKeZoFDicc
    [224] => tg_uRPJgNFRkhP1SYEz7vGMLo5cLwr10j
    [225] => tg_iTu7R5kBoS3ZwvVAV0dsCpeGvSwNDW
    [227] => tg_a3MwwHqtFVIIu2wAcJtxFP9Qq6YXdU
    [228] => tg_BzSlq616dainWOMpgxtFCfaqMVWg3j
    [229] => iszz-258-02
    [231] => dixy-232-01
    [232] => tg_NO44EDPcEL3s66lwa9yRtCs9aY1gjc
    [233] => tg_Q0OXBqTKUT4gxwLdq8cEyinsbxvWsh
    [234] => tg_YplhKyDmDPIOW0xduxnltMqX1rjqfj
    [237] => tg_5OfKZXixp7CjR7XPU0W90lqqqTFk5J
    [238] => tg_XFjHfg1mv3pPvJKCJ0JShkY18TdXxi
    [240] => tg_QZZFggp5dA4nZym1yeDjbwGvJrDxrz
    [241] => tg_v2aSduKnJJ5NKXAAkCTPEOYo7JnS94
    [242] => tg_cpZrEKR0IJ4S1rcmaswi8oADsic8pk
    [243] => tg_luMOlzXMsvqQNqaAuBhkolxOxGtjmA
    [244] => tg_gxMXCdvJJOAMmzsoXJMMaU34TPUY3s
    [245] => tg_nNPe0vpMC4ZxmitWGiEHW0gWHDpRcF
    [246] => dixy-232-02
    [247] => tg_vfaj7fCIWHRW8AF6lOhWStml7M07BG
    [248] => tg_howgDJMf8H0nC23KdM8cLLhsk330Sj
    [249] => tg_ZZgcgW1UXMwmQ7XrtNJNYgILCHkhvx
    [250] => tg_ExtRRmq70LZ5cPOsbOSWEzt7KRjR70
    [251] => tg_V4rCcoFzbBkK9PCpIYlOHxsf6WUDQr
    [253] => tg_hjdu6ORJM7OG8QrXFIcC2xcYVRv9Dr
    [254] => tg_9v3y1tH8IID2ObAOh7tIrIqGPUL5li
    [255] => iszz-258-10
    [256] => tg_KMpuyo1EOdaG6l4RIJxknESqe8i1do
    [257] => tg_Sewxs3XtPGOLYiORI5Pkg7odXeAKXN
    [258] => tg_uYQsNlH1kqwKDEH4xABqHPfGQdgA9v
    [259] => byxxc-238-03
    [260] => tg_Ol1QFxsnwmPTIifUX1pY0CFdr9g2cW
    [261] => tg_JXdNpFL3qYrFKCQydFp9kS0Es7uq9p
    [262] => tg_JYWGy6Lv2jwnMs8SqyRiEdd3aHRvvv
    [263] => tg_KSrTmGgyDYV81i5ltvne0CVaiHhXRQ
    [266] => tg_1EINsQaerAIg5QtrK92gm7n6zSfR7D
    [267] => tg_isZoXNhPlO746tHMSp9H4QBHsPxXNI
    [268] => gfx-227-03
    [269] => tg_T0Ed5mmvuRdVzcxLWCLs9R6BGf0EaP
    [270] => tg_NCP73iALs0HQvWtKPZzGiEA3HSBsAa
    [271] => tg_Ok1V5icI9vmONx23EKbYHVP56i1pYd
    [272] => sdyxc3D-243-03
    [273] => tg_Ylsw4PyijBADuMjBqAvjXxmuH9Wj3F
    [274] => tg_JJZYD6SJy3SJ6c0AKRp1GmB5UqZ2jg
    [275] => iziy-262-03
    [276] => tg_iCdPvpx09yXS6AqVoH99GaBcG8K6Bx
    [280] => tg_SWqbqvLqDQyYjsG9jBBHZo8bF5l6yj
    [282] => tg_E0E2nta7J3vcP1BXFdQhyTIYyLZcTh
    [283] => tg_Wn11xsfYxoYQKmXznDz7ic5H2PaJth
    [284] => tg_zIE36IpaEbThVLZgMNej31QQ7USmDL
    [285] => tg_hgxfsHaP3Nl6ta14BIeWsy7lPXS8e2
    [288] => tg_73mHAOuM3KdQa6oKLLG6XZgNWYlZCU
    [289] => tg_YdzBBvglsoXidJdKCmWrG85bql5kG4
    [294] => tg_OfaE1oD9jOkeCrMxFmwZmT29Ew1L5z
    [295] => tg_G7iLAMkERZ5ZZ4eotZjjQMghR4aFpd
    [297] => tg_caJsC7EfMOzEbr9mIg1Oi8xmFBpxw6
    [298] => tg_yguQaDrCX4sRHyusZCmoIu2wxKyPTv
    [299] => tg_9exPJH0wBZ8HTOnBGIBAUy7Pd5KItg
    [300] => tg_Ns2ruyRNGIFOc1V1cNXZTgYNXxKEzX
    [301] => tg_AXIXnbBwMpJMQDEe2VSEWJmTX2afnP
    [302] => tg_VY5fuFU8pF4jMVrZsTPAcRbAbM68ZA
    [303] => tg_ztpR2HKML8hJFjprho1zfbkV0imFp4
    [304] => tg_V3ZMC6AaWAUIgoEVwUp5VmHPypL3p1
    [305] => tg_Spjn27BpHac5Q481Rr5zp1q1m3soZ2
    [306] => tg_foInmUBJTEST2FsjE393noaqCL4YDz
    [307] => xdzz-228-02
    [308] => tg_rerMGmdYU9Jyeq8z0UUtJkITxPIPi2
    [309] => ijilz-249-03
    [312] => tg_C279T8XrdTVBzfahN2pau9nO3JhRif
    [313] => tg_au4IVxZIqUPkIsk9WHXh5V7naKiSIK
    [314] => tg_mrIHzdJ5a7cXVH9W4aDyn8BcY3sEWL
    [318] => tg_bemh9vIE1yhl2WLX8PC3K4kt6T56sl
    [319] => tg_W2pysd1dY4bhFAxFDmSbPJAAXMZAJP
    [320] => qqics-242-03
    [323] => tg_zjUY3zgmqTzHY6gaBbz0V5axvkeADq
    [324] => dfi2-252-03
    [325] => fzj-291-01
    [326] => tg_Ybl9xENxHsfVBPK7IBZikgc9icV0p0
    [327] => tg_lfUx09OXmzxWGLxjyNqiYhji1J6o3S
    [329] => iszz-258-03
    [334] => tg_Uuu7DKIS1H6x1tYmIF3QwX7uhrg7pM
    [336] => tg_YP3WF3TI3Mr7oCBqG4P1cEzXc7s0uA
    [337] => sbkcq-294-01
    [338] => tg_3H9a1haRWXASZzcsseDOLdFDuXWGy9
    [343] => tg_gGqT8bYbaxpqLD1XpnsxYSJ3XLlWdc
    [344] => tg_iqfTzQ8SlRMYUsxMhhHnvScsJrc5by
    [349] => tg_jCHJyMptnrEeCRtLvWCna1UgFDOg12
)

有效渠道个数：282
有效渠道array：
Array
(
    [0] => 6971
    [1] => 6957
    [2] => 6874
    [3] => 6860
    [4] => 6859
    [5] => 6856
    [6] => 6852
    [7] => 6850
    [8] => 6845
    [9] => 6841
    [10] => 6468
    [11] => 6435
    [12] => 6426
    [13] => 6421
    [14] => 6275
    [15] => 6253
    [16] => 6251
    [17] => 5880
    [18] => 5728
    [19] => 5727
    [20] => 5717
    [21] => 4658
    [22] => 4637
    [23] => 4575
    [24] => 4094
    [25] => 2547
    [26] => 2505
    [27] => 2446
    [28] => 2437
    [29] => 2434
    [30] => 2407
    [31] => 2395
    [32] => 2394
    [33] => 2393
    [34] => 2391
    [35] => 2388
    [36] => 2387
    [37] => 2386
    [38] => 2385
    [39] => 2381
    [40] => 2377
    [41] => 2280
    [42] => 2274
    [43] => 2273
    [44] => 2271
    [45] => 2270
    [46] => 2269
    [47] => 2268
    [48] => 2267
    [49] => 2266
    [50] => 2265
    [51] => 2264
    [52] => 2263
    [53] => 2262
    [54] => 2260
    [55] => 2259
    [56] => 2258
    [57] => 2256
    [58] => 2255
    [59] => 2238
    [60] => 2231
    [61] => 2226
    [62] => 2221
    [63] => 2218
    [64] => 2215
    [65] => 2210
    [66] => 2099
    [67] => 2090
    [68] => 2073
    [69] => 2055
    [70] => 2045
    [71] => 1896
    [72] => 1884
    [73] => 1877
    [74] => 1875
    [75] => 1872
    [76] => 1870
    [77] => 1867
    [78] => 1859
    [79] => 1856
    [80] => 1854
    [81] => 1837
    [82] => 1825
    [83] => 1824
    [84] => 1823
    [85] => 1821
    [86] => 1814
    [87] => 1811
    [88] => 1809
    [89] => 1803
    [90] => 1801
    [91] => 1650
    [92] => 1647
    [93] => 1638
    [94] => 1637
    [95] => 1631
    [96] => 1630
    [97] => 1629
    [98] => 1620
    [99] => 1618
    [100] => 1617
    [101] => 1616
    [102] => 1604
    [103] => 1601
    [104] => 1597
    [105] => 1595
    [106] => 1559
    [107] => 1557
    [108] => 1555
    [109] => 1553
    [110] => 1531
    [111] => 1530
    [112] => 1526
    [113] => 1524
    [114] => 1519
    [115] => 1491
    [116] => 1488
    [117] => 1481
    [118] => 1480
    [119] => 1475
    [120] => 1464
    [121] => 1461
    [122] => 1459
    [123] => 1457
    [124] => 1452
    [125] => 1438
    [126] => 1436
    [127] => 1431
    [128] => 1428
    [129] => 1419
    [130] => 1417
    [131] => 1393
    [132] => 1392
    [133] => 1391
    [134] => 1389
    [135] => 1380
    [136] => 1346
    [137] => 1344
    [138] => 1343
    [139] => 1337
    [140] => 1335
    [141] => 1324
    [142] => 1306
    [143] => 1305
    [144] => 1304
    [145] => 1292
    [146] => 1280
    [147] => 1139
    [148] => 1134
    [149] => 1123
    [150] => 1120
    [151] => 1115
    [152] => 1110
    [153] => 1101
    [154] => 1077
    [155] => 1056
    [156] => 1047
    [157] => 1012
    [158] => 1009
    [159] => 999
    [160] => 998
    [161] => 994
    [162] => 971
    [163] => 947
    [164] => 946
    [165] => 944
    [166] => 915
    [167] => 913
    [168] => 881
    [169] => 876
    [170] => 873
    [171] => 872
    [172] => 871
    [173] => 867
    [174] => 866
    [175] => 860
    [176] => 857
    [177] => 855
    [178] => 851
    [179] => 850
    [180] => 843
    [181] => 841
    [182] => 836
    [183] => 825
    [184] => 824
    [185] => 805
    [186] => 800
    [187] => 799
    [188] => 798
    [189] => 785
    [190] => 775
    [191] => 758
    [192] => 753
    [193] => 751
    [194] => 728
    [195] => 727
    [196] => 725
    [197] => 724
    [198] => 717
    [199] => 713
    [200] => 697
    [201] => 696
    [202] => 695
    [203] => 694
    [204] => 689
    [205] => 686
    [206] => 685
    [207] => 683
    [208] => 680
    [209] => 677
    [210] => 658
    [211] => 657
    [212] => 656
    [213] => 654
    [214] => 593
    [215] => 589
    [216] => 588
    [217] => 587
    [218] => 581
    [219] => 579
    [220] => 572
    [221] => 563
    [222] => 562
    [223] => 536
    [224] => 535
    [225] => 533
    [226] => 528
    [227] => 527
    [228] => 526
    [229] => 478
    [230] => 477
    [231] => 476
    [232] => 464
    [233] => 462
    [234] => 460
    [235] => 456
    [236] => 453
    [237] => 441
    [238] => 439
    [239] => 429
    [240] => 427
    [241] => 416
    [242] => 412
    [243] => 409
    [244] => 407
    [245] => 405
    [246] => 404
    [247] => 403
    [248] => 399
    [249] => 397
    [250] => 396
    [251] => 392
    [252] => 389
    [253] => 386
    [254] => 384
    [255] => 381
    [256] => 380
    [257] => 379
    [258] => 377
    [259] => 374
    [260] => 373
    [261] => 371
    [262] => 370
    [263] => 369
    [264] => 368
    [265] => 365
    [266] => 324
    [267] => 319
    [268] => 317
    [269] => 311
    [270] => 309
    [271] => 300
    [272] => 297
    [273] => 296
    [274] => 295
    [275] => 293
    [276] => 262
    [277] => 223
    [278] => 167
    [279] => 151
    [280] => 141
    [281] => 14
)

