2016-09-21 00:12:19
统计当天：2016-09-20
渠道个数（即dailyaccount的个数）：1489
渠道sql：
select * from yx_tg_source S left join yx_tg_game G on S.gameid = G.gameid where S.activeflag = 1 and G.activeflag = 1 and G.isonstack = 0  and S.createtime<='2016-09-20 23:59:59' order by S.id desc
活跃渠道个数：263
活跃渠道array：
Array
(
    [0] => tg_Yu783LP9jjPQKkQ4gZ37LJqiGsa8F2
    [1] => tg_au4IVxZIqUPkIsk9WHXh5V7naKiSIK
    [2] => yw3-240-03
    [3] => tg_rRyHzAFMUdV7axvQjFOLFWcimW2ISs
    [4] => tg_caJsC7EfMOzEbr9mIg1Oi8xmFBpxw6
    [5] => tg_T0Ed5mmvuRdVzcxLWCLs9R6BGf0EaP
    [6] => tg_IHodxJNKrfS0xxajkR6tAtkpohQvUu
    [7] => xdzz-228-01
    [8] => llysq-282-03
    [9] => dfi2-252-03
    [10] => tg_DSCeq49dAY1NXszMuPT6YSvlibLEV5
    [11] => tg_TnIdkTLjQFHiDWh2mNsiaxhBbXWxH7
    [12] => tg_zjUY3zgmqTzHY6gaBbz0V5axvkeADq
    [13] => tg_Ns2ruyRNGIFOc1V1cNXZTgYNXxKEzX
    [14] => tg_Trn7YSQVVtNZzq3Fw768fo98JN0n65
    [15] => sdyxc3D-243-03
    [16] => tg_Hllcezo5vcG6IuqIwwwGQ0oYw0mGPL
    [17] => tg_pVLKwuqunHstVkThsuG9m9ZSFNKY4Z
    [18] => iszz-258-04
    [19] => tg_isZoXNhPlO746tHMSp9H4QBHsPxXNI
    [20] => tg_wdPlPXqIiLNs9uy7Ml0oOQKl3eamzQ
    [21] => tg_jCHJyMptnrEeCRtLvWCna1UgFDOg12
    [22] => tg_hfQFP1T5unIBwVwmYZ84lmbLUk6Hql
    [23] => sjzg-418-01
    [24] => ly-266-01
    [25] => COK-223-01
    [26] => tg_sM3nfqDJy3Vy5aPurriOPCdX9iEJma
    [27] => 
    [28] => tg_vfaj7fCIWHRW8AF6lOhWStml7M07BG
    [29] => dixy-232-01
    [30] => wd-265-03
    [31] => tg_2NsHXZzeADPI3sOdsGvb5UWmUgvIq3
    [32] => tg_5OfKZXixp7CjR7XPU0W90lqqqTFk5J
    [33] => fzj-291-01
    [34] => tg_Sewxs3XtPGOLYiORI5Pkg7odXeAKXN
    [35] => tg_MgtczvSC2Y8RhwzpkFMfLrp6BnzFJA
    [36] => tg_foInmUBJTEST2FsjE393noaqCL4YDz
    [37] => tg_iqfTzQ8SlRMYUsxMhhHnvScsJrc5by
    [38] => tg_Zs0k3Wft4sZSUPLhqKbS72Fumhrxnx
    [39] => tg_OfaE1oD9jOkeCrMxFmwZmT29Ew1L5z
    [40] => tg_5OSuPn9oHty6tDThXGVcWSFPKws79c
    [41] => tg_xynK92e6Ss0NWnCvL8CCENHHEqAka4
    [42] => tg_XsxYkTvYKaFEZLomJmAIGTxKh6t473
    [43] => tg_v2aSduKnJJ5NKXAAkCTPEOYo7JnS94
    [44] => tg_Wn11xsfYxoYQKmXznDz7ic5H2PaJth
    [45] => tg_a5q2q9GN2xABq86jM9pwiS8iyBJVfW
    [46] => tg_YSA05Nah8JewKgqX9nr7Acwb2aBxyl
    [47] => iszz-258-09
    [48] => tg_NgwIwYVjAzXZn1QBJC68rQwtm8qAnv
    [49] => tg_JZ9J3vGNs6fiYDpid1fLVXAcdmnJGC
    [50] => tg_MwmQeDM6z2hcH7FkvAQSikHdIAwg1t
    [51] => tg_lH8i7vtt5Vyi4nU4poSm8Iv68PqS5A
    [52] => xdzz-228-03
    [53] => tg_PXQG1MoeGb9uQy94DtZg3mBtr0ErUI
    [54] => tg_VZuGbtPK119VaeXIfeAFPpCwPVuF4q
    [55] => tg_OelNZbsZicvSlFyKZY006o7gBOtSKO
    [56] => tg_mNXK59R18xrYtoBaxWNwkKYPBuKXQp
    [58] => tg_7WG5JTm3uW8NzqDodtjpwGYbm5j8oL
    [59] => wyft-246-01
    [60] => tg_yguQaDrCX4sRHyusZCmoIu2wxKyPTv
    [62] => byxxc-238-03
    [64] => tg_iNBVgkrz7R1IOCXEEJfkIlPzdSGnyI
    [65] => tg_Ybl9xENxHsfVBPK7IBZikgc9icV0p0
    [70] => tg_Uzk9TWGhQpn8JMmxrdOv3sknjw9Rpv
    [72] => tg_Ol1QFxsnwmPTIifUX1pY0CFdr9g2cW
    [76] => tg_R1RDVqNHRQXgl4KJSMyZU2Tno2K9bg
    [77] => tg_gGqT8bYbaxpqLD1XpnsxYSJ3XLlWdc
    [84] => tg_WCkCTf0pTrn8wT5Vga2ak2u2b6U4jG
    [85] => tg_9v3y1tH8IID2ObAOh7tIrIqGPUL5li
    [86] => tg_9L7imM0iNMHDvx030tEttb2gY6yAvf
    [87] => tg_65d7Umo1mRGTuGyBBv8r8fwlmHxuTY
    [88] => tg_jVaInI6nlTytxENBtvj0QGDG4ROnQZ
    [89] => tg_GXKFwldOWDrQ9XB8plFtCj91dyXAIh
    [90] => tg_mrIHzdJ5a7cXVH9W4aDyn8BcY3sEWL
    [91] => tg_DwNO8ixOfJ2rY1XNclifft83mhYTi4
    [92] => tg_OR6k1HjrRFrcg1DYYkX3RZNfmsAJfA
    [93] => yxy2-281-01
    [94] => nyi-272-01
    [95] => tg_iCdPvpx09yXS6AqVoH99GaBcG8K6Bx
    [96] => tg_USQULvLd7jEwvAnEXP6ogWMPmBcWXF
    [97] => tg_Fd3SdzZtnTEsxDiZUdbgxPg5RxVWFv
    [98] => tg_MPv6wZlNPr7LOEpHwY19XtQ1kr7Fff
    [99] => bfzj-411-01
    [100] => tg_ukKVlFDkkWIyijtZbh7wQ9szez1vK1
    [101] => lisgz-409-01
    [102] => tg_73mHAOuM3KdQa6oKLLG6XZgNWYlZCU
    [103] => cfzjbsn-245-05
    [104] => tg_DdM2D5jmeqG8eCsh1m5hEOomRB53Cs
    [105] => tyix-357-01
    [106] => lwzr-239-03
    [107] => tg_Nc0TlciG0UmfWoTeOnldJ1rTU6XeE9
    [108] => dcfy-250-04
    [109] => tg_nKmv1Ebqi2wI95C4Roc54mjlghSDh7
    [110] => tg_dRIioV9G6DWsK3kw1lF7jFXUNDZEbE
    [111] => tg_nr4JqBnEI0bskXmRxWsVj7C1tf9FJM
    [112] => jtjs-349-01
    [113] => tg_zlmQ1MYrs3puVAfAUySNfxp8DprrcN
    [114] => skszj-288-01
    [115] => ttmwy-278-01
    [116] => tg_lv369aN0qVNdyxeLNsOZUv42Khkq9c
    [117] => tg_Lsy3XQ7bZR1gfxjzMgM2V7lQxITzle
    [118] => tg_bWN4ISOqWcdLGPLqWK0mc2Dhk0BZW3
    [119] => tg_iTu7R5kBoS3ZwvVAV0dsCpeGvSwNDW
    [122] => tg_o028lSVS26po0ZFjgGHlegKtggqz9S
    [123] => tg_4xaqzJIbeZOX10X6NI4jgUD3d7kYwn
    [124] => tg_7ygUWViw2QMvlKmC2Pi0MP5W6qypmc
    [125] => tg_KMpuyo1EOdaG6l4RIJxknESqe8i1do
    [126] => tg_2WbWHagMS2SOb5xOSfVRLGlIn1S33u
    [127] => cbws-283-03
    [128] => tg_AtpxIK5MYq817huF4RL7aRjPkfel0F
    [129] => smsy-341-01
    [130] => tg_ucgSlwjCyVURyZlylDS2uXodrqtSVP
    [131] => tg_rZLzNO4FSdY9hoRYNqEFV16bvYXuBb
    [132] => tg_ceyjwgtKjdoAWvo2vbmAPUZ25nKLFW
    [133] => tg_sN4DNq0d4Vg5WHZg9OWPsd4bjkM0hL
    [134] => tg_LCBAo5M49QJod3ieQrI8FDn2wFhAp8
    [135] => tg_jejMxEyTgyxOGvlI2GYJusOt3QDOGb
    [136] => tg_tguculjyiayOdvcCaDHLeZ5THH6GGh
    [137] => tg_B8hIhBmFN4X3ijAaXtsTwvigoF1oKO
    [138] => bsqx-412-01
    [139] => zxyw-368-01
    [140] => iszz-258-01
    [141] => tg_9qi3bVuFrRYnjckoJq4Dtos0NVwJYt
    [143] => kdygzz-380-01
    [144] => qyz-391-01
    [145] => gfx-227-02
    [146] => gfsl-221-02
    [147] => tg_9wMQEwx1XSgzc6p1L1icWOicF6gRTs
    [148] => tg_IG3MtJ7JOXqsan5jjyzdOs1dngskIJ
    [149] => tg_f3YrVumb581hd00FTHPSiI7Ynyax0m
    [150] => tg_2ARVHpH2uWK1GKxxu0Zg0YChSYsj0O
    [151] => tg_U7dQFVw0JZmpH11lmYHLR5qIsPJy3K
    [152] => tg_iYASmZtfja0EPC8NhI13Q229rpWnaR
    [153] => rgdsj-407-01
    [154] => tg_rmk6gWq0INJZaYZ6tgqFPmq3z5eqNm
    [155] => iszz-258-11
    [156] => tg_6vi6nfVunqSTdJKQ729D5wPqwD65uc
    [158] => tg_LZVNb8oMP1vPlllm0EKGZKP5Fr09kS
    [160] => tg_vHJuYyncAfyWx0OBOTNBzBs4VDbYKa
    [161] => tg_Gejy6CaJU0EYR82x85J7TjKGPjSSZY
    [162] => tg_NIGftm0hA1EjxWm9DKPuA69NSdLiBs
    [163] => tg_hGFVwlehGMFc5AVTI0APT2AXvSQeGu
    [164] => tg_Ok1V5icI9vmONx23EKbYHVP56i1pYd
    [165] => cbws-283-02
    [166] => tg_c0mUBBrcogdE5UvZCY2HnsSHyc6ePs
    [167] => tg_5QH6cQj37W9Aiel0tFJsWqgDtezJLR
    [168] => tg_drMtMAGjrdLVF86Dy6lyVbFyRP7cxt
    [169] => tg_qHza9gIeJGTH2MKaWSDdJWO2bAcfty
    [170] => tg_CMn3QsdnmrYBklOoZVQMNZsa0x91F5
    [171] => iziy-262-04
    [172] => tg_9svDGMMYJz3JrJlA5yZkJ0dVtaUb4m
    [173] => tg_XtFvAraX5GDj9C1xWnCN9H3iWaOpXI
    [174] => tg_u1US2O9i4Z0zNFhwCpRHFpjjJ2Ti4w
    [175] => tg_tWxsqLc2DyZW0xhEjU2AGnkAg8rSzH
    [176] => tg_pdviUeEztqS8c3nE98GICfvvesETHJ
    [177] => tg_JYWGy6Lv2jwnMs8SqyRiEdd3aHRvvv
    [178] => tg_ICEcjc9rCPIBR46UAcqeZksnO8Wi9M
    [179] => tg_eKgpglHNQWuU8NNeLUHKwpPPblhbJx
    [180] => zyj-263-03
    [181] => tg_ZPo6AUjenS3o8rOmul8XP3mZ4bHixh
    [182] => iszz-258-10
    [183] => tg_kvTh1eV254JKcMoQPmaF50ZSF2YI8r
    [184] => tg_OU20Xikl0SbparapZGvkebqzKhWQRE
    [185] => tg_tqrdOEQGez8JLhsu6eKlKfqBQ95Nv9
    [186] => dfbb-261-03
    [187] => tg_CzAs7KojtFjuTDyUcuBu0J6ECOeMUh
    [188] => tg_vCsJpv46Zy29l982dIplz8UWDvylOA
    [189] => tg_HAE4GeBnupqKgTMoKVfdqFSpbGZqdw
    [190] => tg_SWqbqvLqDQyYjsG9jBBHZo8bF5l6yj
    [191] => tg_mcEuJVtSvdAtVUENaRDVMBLSq8APnS
    [192] => sji2-257-03
    [193] => tg_I0YvXhD2svI5uMg8BdLS62F6ZFzP9c
    [194] => tg_v2Qd56QlqG5MyJCuSizLIu252lHZgr
    [195] => tg_q4hI4MqWZwu7ac1kh5pn4KFdNgeV4y
    [196] => tg_cpZrEKR0IJ4S1rcmaswi8oADsic8pk
    [197] => tg_x7V0CXex19izghRLpbsKQuQz4iWGFy
    [198] => tg_dE40iVMPYicK6apZag3A7mu7y50uQ9
    [199] => tg_WObUg0waseMQMRqjvOnCzrgFmhUPVo
    [200] => tg_BX7jbPiBrO3Lbj4y7kRa9Zw7d5W5pt
    [201] => tg_spVeL0duhA4o33C3XVLMLcJeGzpLLx
    [203] => tg_rxk5PfhQq0bSCryZmN7GIozF5JXeYS
    [205] => tg_ztpR2HKML8hJFjprho1zfbkV0imFp4
    [207] => dixy-232-02
    [208] => tg_euSiCujjVYyRZq2bhlsayXa9gchpUb
    [209] => tg_xX5O7gsz5V7ioS8CXkxejkdaaSilqn
    [211] => dixy-232-03
    [212] => tg_W2pysd1dY4bhFAxFDmSbPJAAXMZAJP
    [213] => tg_D3OC96S53NgitjGQM8exL3wMjxkf4X
    [214] => tg_vC2YDzjcVUC15FGQBPgLNxYeO7Z5SQ
    [215] => tg_oYeamNiVoPhCQ43VMK6OhFySsqpVbh
    [216] => tg_Q0OXBqTKUT4gxwLdq8cEyinsbxvWsh
    [218] => tg_U29cGDHCcVOBa07j7jJvkgp23MCXxa
    [219] => xyj-241-04
    [220] => tg_lTm5KCarKN5sbIrdEvpfC30Lw2bfXX
    [221] => tg_V4rCcoFzbBkK9PCpIYlOHxsf6WUDQr
    [222] => tg_v7Jb3BIDODCQ1VtgtfAmw7kXJEEPfK
    [223] => xyj-241-03
    [224] => NBAftx-225-02
    [225] => zyj-263-04
    [226] => tg_Ri2NPtmmh1FsYTXg1bpBcSfD0VdpP7
    [227] => tg_E0E2nta7J3vcP1BXFdQhyTIYyLZcTh
    [228] => tg_Ylsw4PyijBADuMjBqAvjXxmuH9Wj3F
    [230] => tg_G7i486aocPximcnaM87D2KpVarAWWY
    [231] => tg_rerMGmdYU9Jyeq8z0UUtJkITxPIPi2
    [232] => tg_BzSlq616dainWOMpgxtFCfaqMVWg3j
    [233] => tg_ymld57G5I4vbEL4xKP4jLw7Orz8ckF
    [234] => tg_a3MwwHqtFVIIu2wAcJtxFP9Qq6YXdU
    [235] => xyj-241-12
    [236] => jymf-237-03
    [239] => tg_luMOlzXMsvqQNqaAuBhkolxOxGtjmA
    [240] => gfx-227-03
    [241] => tg_V3ZMC6AaWAUIgoEVwUp5VmHPypL3p1
    [244] => tg_gxMXCdvJJOAMmzsoXJMMaU34TPUY3s
    [245] => tg_Gl4B6QurIAtwce1L8X9Drz0yYnpQAo
    [246] => tg_4gxvdgBfeXfU0Mkm1t3kqb6ftdzOMG
    [248] => tg_ExtRRmq70LZ5cPOsbOSWEzt7KRjR70
    [250] => smsjOL-247-04
    [251] => tg_HlAnvCbNuM4o6gu4lj9ouY9mA4dxfQ
    [252] => tg_GMTqei4u3HsEi273emHLsPpYI3B6DW
    [253] => tg_e1XmOfhhxXMfenNMZuYv78znuFefbr
    [254] => tg_UDyMC93nwIALdlS1mugg7eTc5SGYIU
    [255] => tg_9exPJH0wBZ8HTOnBGIBAUy7Pd5KItg
    [256] => tg_n3qXUbsViYy6M8zO55x3jxvAMHZa2W
    [257] => ijilz-249-03
    [258] => tg_JXdNpFL3qYrFKCQydFp9kS0Es7uq9p
    [260] => tg_It3ZrGnxHnT527Li1JsFPEbAXHFsnx
    [261] => tg_1nGplhQDLUI1MZSEUXMNUL84CHOPpX
    [262] => qqics-242-03
    [264] => xyj-241-02
    [265] => sszj-260-03
    [267] => tg_9dPvkn3tpmwMqW38bgHdjAgMYuqf1G
    [269] => tg_hNjMap3hjNuOedvUnzvAWJBXgasDJc
    [270] => tg_3GSSy8PYKoFrup8G30jsux8ihQxkGc
    [271] => tg_eXfOrB7ZM7cDO2nqwzIwswNwbLhnlJ
    [272] => tg_AXIXnbBwMpJMQDEe2VSEWJmTX2afnP
    [275] => tg_oAoVUwkuOeyVVQ05jZL3XRH3CJPrbR
    [277] => tg_mFtD7NWQksoGcdkYjyTLyCGBW5LAiU
    [279] => tg_YP3WF3TI3Mr7oCBqG4P1cEzXc7s0uA
    [280] => tg_NCP73iALs0HQvWtKPZzGiEA3HSBsAa
    [281] => tg_KSrTmGgyDYV81i5ltvne0CVaiHhXRQ
    [282] => tg_20lvqB2qncQDG87SwbpafWIPNlwKzy
    [283] => tg_CWHe7Hrfhl6JXuwTQhogiVXlCxO6f0
    [284] => ly-266-03
    [285] => tg_oGuXovKoRUbLPmHuvs3UuIE9aeMS2u
    [286] => tg_3H9a1haRWXASZzcsseDOLdFDuXWGy9
    [287] => tg_VY5fuFU8pF4jMVrZsTPAcRbAbM68ZA
    [288] => iziy-262-03
    [289] => tg_hgxfsHaP3Nl6ta14BIeWsy7lPXS8e2
    [292] => tg_G7iLAMkERZ5ZZ4eotZjjQMghR4aFpd
    [294] => tg_Qo1fvJS7zsXzyA2IXbpN0O63IkFczD
    [295] => tg_NO44EDPcEL3s66lwa9yRtCs9aY1gjc
    [296] => iszz-258-03
    [297] => wd-265-02
    [298] => iszz-258-02
    [301] => tg_lfUx09OXmzxWGLxjyNqiYhji1J6o3S
    [303] => tg_uRPJgNFRkhP1SYEz7vGMLo5cLwr10j
    [304] => tg_QZZFggp5dA4nZym1yeDjbwGvJrDxrz
    [306] => tg_Uuu7DKIS1H6x1tYmIF3QwX7uhrg7pM
    [308] => tg_YdzBBvglsoXidJdKCmWrG85bql5kG4
    [311] => tg_aFWrMTmCWEE0kaQmPHz5pWXf54vm83
    [312] => xdzz-228-02
    [313] => tg_hjdu6ORJM7OG8QrXFIcC2xcYVRv9Dr
    [314] => tg_q5tpNQkvjppy8orNkmvHjKeZoFDicc
)

有效渠道个数：235
有效渠道array：
Array
(
    [0] => 2231
    [1] => 2230
    [2] => 2229
    [3] => 2228
    [4] => 2227
    [5] => 2226
    [6] => 2225
    [7] => 2222
    [8] => 2221
    [9] => 2217
    [10] => 2215
    [11] => 2210
    [12] => 2099
    [13] => 2096
    [14] => 2095
    [15] => 2094
    [16] => 2090
    [17] => 2073
    [18] => 2059
    [19] => 2055
    [20] => 2045
    [21] => 1884
    [22] => 1877
    [23] => 1875
    [24] => 1872
    [25] => 1871
    [26] => 1870
    [27] => 1859
    [28] => 1856
    [29] => 1854
    [30] => 1840
    [31] => 1837
    [32] => 1825
    [33] => 1824
    [34] => 1823
    [35] => 1821
    [36] => 1820
    [37] => 1816
    [38] => 1814
    [39] => 1809
    [40] => 1803
    [41] => 1801
    [42] => 1800
    [43] => 1650
    [44] => 1647
    [45] => 1638
    [46] => 1637
    [47] => 1631
    [48] => 1630
    [49] => 1629
    [50] => 1620
    [51] => 1618
    [52] => 1617
    [53] => 1604
    [54] => 1601
    [55] => 1595
    [56] => 1559
    [57] => 1557
    [58] => 1555
    [59] => 1553
    [60] => 1531
    [61] => 1529
    [62] => 1526
    [63] => 1524
    [64] => 1519
    [65] => 1491
    [66] => 1488
    [67] => 1481
    [68] => 1480
    [69] => 1478
    [70] => 1476
    [71] => 1475
    [72] => 1470
    [73] => 1464
    [74] => 1461
    [75] => 1459
    [76] => 1457
    [77] => 1438
    [78] => 1431
    [79] => 1430
    [80] => 1429
    [81] => 1428
    [82] => 1419
    [83] => 1417
    [84] => 1393
    [85] => 1392
    [86] => 1389
    [87] => 1380
    [88] => 1346
    [89] => 1343
    [90] => 1337
    [91] => 1335
    [92] => 1324
    [93] => 1306
    [94] => 1305
    [95] => 1292
    [96] => 1280
    [97] => 1139
    [98] => 1134
    [99] => 1123
    [100] => 1120
    [101] => 1115
    [102] => 1110
    [103] => 1101
    [104] => 1086
    [105] => 1078
    [106] => 1077
    [107] => 1056
    [108] => 1047
    [109] => 1012
    [110] => 1009
    [111] => 999
    [112] => 998
    [113] => 994
    [114] => 971
    [115] => 946
    [116] => 944
    [117] => 915
    [118] => 913
    [119] => 885
    [120] => 876
    [121] => 873
    [122] => 872
    [123] => 871
    [124] => 867
    [125] => 866
    [126] => 860
    [127] => 857
    [128] => 856
    [129] => 855
    [130] => 851
    [131] => 850
    [132] => 843
    [133] => 836
    [134] => 835
    [135] => 825
    [136] => 800
    [137] => 799
    [138] => 798
    [139] => 785
    [140] => 775
    [141] => 771
    [142] => 758
    [143] => 753
    [144] => 751
    [145] => 728
    [146] => 727
    [147] => 717
    [148] => 713
    [149] => 697
    [150] => 696
    [151] => 695
    [152] => 694
    [153] => 689
    [154] => 686
    [155] => 685
    [156] => 683
    [157] => 680
    [158] => 677
    [159] => 658
    [160] => 657
    [161] => 656
    [162] => 654
    [163] => 616
    [164] => 615
    [165] => 593
    [166] => 589
    [167] => 588
    [168] => 581
    [169] => 579
    [170] => 572
    [171] => 563
    [172] => 562
    [173] => 542
    [174] => 536
    [175] => 535
    [176] => 533
    [177] => 528
    [178] => 527
    [179] => 526
    [180] => 478
    [181] => 477
    [182] => 476
    [183] => 464
    [184] => 462
    [185] => 460
    [186] => 456
    [187] => 453
    [188] => 441
    [189] => 439
    [190] => 433
    [191] => 430
    [192] => 429
    [193] => 416
    [194] => 409
    [195] => 407
    [196] => 406
    [197] => 405
    [198] => 404
    [199] => 403
    [200] => 399
    [201] => 396
    [202] => 392
    [203] => 389
    [204] => 386
    [205] => 384
    [206] => 382
    [207] => 381
    [208] => 380
    [209] => 379
    [210] => 377
    [211] => 374
    [212] => 373
    [213] => 371
    [214] => 370
    [215] => 369
    [216] => 368
    [217] => 324
    [218] => 319
    [219] => 309
    [220] => 300
    [221] => 297
    [222] => 296
    [223] => 295
    [224] => 293
    [225] => 270
    [226] => 262
    [227] => 259
    [228] => 223
    [229] => 184
    [230] => 174
    [231] => 167
    [232] => 152
    [233] => 141
    [234] => 14
)

