2016-10-21 00:34:16
统计当天：2016-10-20
渠道个数（即dailyaccount的个数）：6820
渠道sql：
select * from yx_tg_source S left join yx_tg_game G on S.gameid = G.gameid where S.activeflag = 1 and G.activeflag = 1 and G.isonstack = 0  and S.createtime<='2016-10-20 23:59:59' order by S.id desc
活跃渠道个数：343
活跃渠道array：
Array
(
    [0] => tg_iqfTzQ8SlRMYUsxMhhHnvScsJrc5by
    [1] => tg_XsxYkTvYKaFEZLomJmAIGTxKh6t473
    [2] => tg_It3ZrGnxHnT527Li1JsFPEbAXHFsnx
    [3] => tg_TFiu6KfYAaKKGcBXfRsXxwaULniObl
    [4] => COK-223-01
    [5] => tg_NO44EDPcEL3s66lwa9yRtCs9aY1gjc
    [6] => xdzz-228-03
    [7] => tg_Zoks2ueLqNQh9bkP9F8nWgWxgVN4a3
    [8] => tg_y0rw3xWTqO1J6EbXH2IEeZciWZj2V8
    [9] => tg_9ODQEQAEQC2jZ68fdtnxDefI1lJGh5
    [10] => tg_Zs0k3Wft4sZSUPLhqKbS72Fumhrxnx
    [11] => tg_wdPlPXqIiLNs9uy7Ml0oOQKl3eamzQ
    [12] => tg_ICEcjc9rCPIBR46UAcqeZksnO8Wi9M
    [13] => tg_xX5O7gsz5V7ioS8CXkxejkdaaSilqn
    [14] => tg_NCP73iALs0HQvWtKPZzGiEA3HSBsAa
    [15] => tg_fl4scLZ4FiUV9noT00XsT0B55NgKEK
    [16] => tg_mDkHHPzmPXS39YYhBz8uKjl3CzEfCG
    [17] => tg_YSA05Nah8JewKgqX9nr7Acwb2aBxyl
    [18] => tg_zIE36IpaEbThVLZgMNej31QQ7USmDL
    [19] => ijilz-249-03
    [20] => xjqxc3D-443-01
    [21] => tg_euSiCujjVYyRZq2bhlsayXa9gchpUb
    [22] => tg_9DneKn1CDJFWOGcDYBJNlApta8VGdl
    [23] => tg_2NsHXZzeADPI3sOdsGvb5UWmUgvIq3
    [24] => tg_au4IVxZIqUPkIsk9WHXh5V7naKiSIK
    [25] => tg_IHodxJNKrfS0xxajkR6tAtkpohQvUu
    [26] => tg_1UrNa6pMG9ilFEbZCPTKAY22s7V5Cz
    [27] => iziy-262-03
    [28] => tg_1nGplhQDLUI1MZSEUXMNUL84CHOPpX
    [29] => tg_sM3nfqDJy3Vy5aPurriOPCdX9iEJma
    [30] => tg_dcZ5QIL64ZnGI4GY1HWwh29nKXB9BK
    [31] => tg_PXQG1MoeGb9uQy94DtZg3mBtr0ErUI
    [32] => tg_KMpuyo1EOdaG6l4RIJxknESqe8i1do
    [33] => tg_NKOwsJ0b1FzamrotErpd6jgYsKAN2v
    [34] => tg_3DSNWRoGvcnS1USj7RLdEQ1Anm4nds
    [35] => dfi2-252-03
    [36] => sji2-257-03
    [37] => tg_JE7555URTg8PnW3kg27YKTPGG7ZcbP
    [38] => ly-266-01
    [39] => tg_AXIXnbBwMpJMQDEe2VSEWJmTX2afnP
    [40] => tg_5OfKZXixp7CjR7XPU0W90lqqqTFk5J
    [41] => tg_xynK92e6Ss0NWnCvL8CCENHHEqAka4
    [42] => tg_MwmQeDM6z2hcH7FkvAQSikHdIAwg1t
    [43] => smsjOL-247-04
    [44] => tg_Trn7YSQVVtNZzq3Fw768fo98JN0n65
    [45] => tg_MgtczvSC2Y8RhwzpkFMfLrp6BnzFJA
    [46] => tg_a5q2q9GN2xABq86jM9pwiS8iyBJVfW
    [47] => tg_jCHJyMptnrEeCRtLvWCna1UgFDOg12
    [48] => tg_O9cgE2tLlaIUujkhXbTlcktVd9yvRi
    [49] => tg_Sewxs3XtPGOLYiORI5Pkg7odXeAKXN
    [50] => tg_quBxwsHLnDcetKwYUeL0ZwGVhOWJvs
    [51] => tg_6MtTadvoEKKgoLj4mjkg9EXH9fHVbf
    [52] => tg_Gl4B6QurIAtwce1L8X9Drz0yYnpQAo
    [53] => tg_5QH6cQj37W9Aiel0tFJsWqgDtezJLR
    [54] => tg_mNXK59R18xrYtoBaxWNwkKYPBuKXQp
    [55] => tg_NgwIwYVjAzXZn1QBJC68rQwtm8qAnv
    [56] => tg_9wMQEwx1XSgzc6p1L1icWOicF6gRTs
    [57] => wd-265-03
    [58] => tg_DSCeq49dAY1NXszMuPT6YSvlibLEV5
    [59] => tg_V3ZMC6AaWAUIgoEVwUp5VmHPypL3p1
    [60] => tg_hfQFP1T5unIBwVwmYZ84lmbLUk6Hql
    [61] => tg_JZ9J3vGNs6fiYDpid1fLVXAcdmnJGC
    [62] => tg_VZuGbtPK119VaeXIfeAFPpCwPVuF4q
    [63] => tg_T0Ed5mmvuRdVzcxLWCLs9R6BGf0EaP
    [64] => tg_isZoXNhPlO746tHMSp9H4QBHsPxXNI
    [65] => tg_OelNZbsZicvSlFyKZY006o7gBOtSKO
    [66] => tg_lH8i7vtt5Vyi4nU4poSm8Iv68PqS5A
    [67] => tg_u5jkBNVLd4lnnf9w8P6FZVnCleJITd
    [68] => tg_FpXDuybKIJPNh59t6JyrliJWL2RGd1
    [69] => tg_4xaqzJIbeZOX10X6NI4jgUD3d7kYwn
    [70] => tg_n3qXUbsViYy6M8zO55x3jxvAMHZa2W
    [71] => tg_Tz78wapH5HOWKkA6nychOiftbexKey
    [72] => xdzz-228-01
    [73] => tg_U7dQFVw0JZmpH11lmYHLR5qIsPJy3K
    [74] => tg_QNIdVsHmq2UJ0KNrgyokjQkFMiWOhX
    [75] => tg_FF4y91BVHs0XFBT5b8yguHQV2ml675
    [76] => tg_9exPJH0wBZ8HTOnBGIBAUy7Pd5KItg
    [77] => tg_jlkC6X8s1QpUpkaUOzJ2fGYI7vjo37
    [78] => xyj-241-04
    [79] => tg_KPu4Nors1HZxKWZihYMPeXmb4uu43N
    [80] => rgdsj-407-01
    [81] => tg_6EsT5MZUsec2TxWvC3OJLCbsLUJqPT
    [82] => tg_eKgpglHNQWuU8NNeLUHKwpPPblhbJx
    [83] => tg_ODoUx9rQG9p7rnBZM2d19F8EQZ5utc
    [84] => tg_QpotQhX4cUAgk5QTnv1U8hOVb812jN
    [85] => tg_u1US2O9i4Z0zNFhwCpRHFpjjJ2Ti4w
    [86] => tg_77gFvmZyqqb5ZTA3643TFpwCYz8Jas
    [87] => tg_a90RnFEOwkBcXh7tN9qQpXdm0EkE71
    [88] => tg_KCPvr3MfOWw0L81NeB4EjEHBFus8My
    [89] => tg_YJ4VMJwsQB0biDswkaIAWx2SZiitgG
    [90] => tg_AdMndsyzT7HuzGNpX6xP7nNd2kL4of
    [91] => tg_ijHbhzbqeJ7QVhjj4ph6QPSwgdFd2g
    [92] => tg_I0yFcLAGEDDKqd44YaBeFpfYR55Xp4
    [93] => tg_Ls0r0ObpFIFHHBSzcMSHVlPIgMA5tM
    [94] => gfsl-221-02
    [95] => tg_AhvgWr5nY3iUQ6aOmZ235ZRzNfupkg
    [96] => tg_LZVNb8oMP1vPlllm0EKGZKP5Fr09kS
    [97] => tg_ohkBpsfUYhZVj9odMIMj6RRXHQuf7y
    [98] => tg_NoqH248k7exruZXQMVi100rIj0Ow78
    [99] => tg_5sYSllKI9CiU8DaoeqPrb4Tj63DcJx
    [100] => tg_G9yTAxWgs6kbikFA8mybpflSOxGHtl
    [101] => tg_BX7jbPiBrO3Lbj4y7kRa9Zw7d5W5pt
    [102] => tg_vEZgCnp2a2oZM7hFQm8kAnWsY7F7Un
    [103] => ljm-333-01
    [104] => tg_xvCgNlPr9K7D216WoVlBjkIHzwcQuK
    [105] => tg_tcadgrPG5U9MmjMHgBkb07Bb36Y6tT
    [106] => tg_ceyjwgtKjdoAWvo2vbmAPUZ25nKLFW
    [107] => tg_2i8s3OS0ZCcjztr3Km52a16vESsvis
    [108] => byxxc-238-03
    [109] => xdzz-228-06
    [110] => tg_NpheTcyMG2KPZQUGcRAuKF4GH2BxyN
    [111] => llysq-282-03
    [112] => tg_L4b9y9jkPeClOLmOuVH9PTWnXv2R2K
    [113] => tg_ymld57G5I4vbEL4xKP4jLw7Orz8ckF
    [114] => tg_TrxgxR59Lf3xhcJLMmPUvFDDTab7eL
    [115] => tg_vCsJpv46Zy29l982dIplz8UWDvylOA
    [116] => fknsg2-431-01
    [117] => null
    [118] => ytx-423-01
    [119] => tg_WObUg0waseMQMRqjvOnCzrgFmhUPVo
    [120] => tg_eGqoU2qlNLtvDYNYfI973jrvfDEN6u
    [121] => dwsj-435-01
    [122] => tg_DOPNP9vTK4G6kP4O3zsQ0TGBIgduE9
    [123] => tg_foInmUBJTEST2FsjE393noaqCL4YDz
    [124] => tg_oBmWiTVc7xdlfusizfDtn2O2bBjraE
    [125] => tg_oRr8aA1QCzsoU5qSPqYmMCuQ9sNmcg
    [126] => tg_KcJ4s8SZYBJBf0IVwDrhQOpE22uf50
    [127] => tg_yq88dykGowIthoP9cw1FxTq3NaIu9Q
    [129] => tg_rmk6gWq0INJZaYZ6tgqFPmq3z5eqNm
    [130] => tg_ImW7KdcLDbkfZrE1j7R4jVhpShIV9N
    [131] => 
    [132] => tg_Ri2NPtmmh1FsYTXg1bpBcSfD0VdpP7
    [133] => tg_2WbWHagMS2SOb5xOSfVRLGlIn1S33u
    [134] => NBAftx-225-02
    [135] => tg_UDyMC93nwIALdlS1mugg7eTc5SGYIU
    [136] => tg_g3bZ5ra75R1nWzPNlKVchhK6YtC5az
    [137] => tg_IG3MtJ7JOXqsan5jjyzdOs1dngskIJ
    [138] => tg_rxk5PfhQq0bSCryZmN7GIozF5JXeYS
    [139] => iszz-258-11
    [140] => tg_tWxsqLc2DyZW0xhEjU2AGnkAg8rSzH
    [141] => tg_9svDGMMYJz3JrJlA5yZkJ0dVtaUb4m
    [142] => tg_DVjFB30FnJLCYF24CvQJO75G3J64uW
    [143] => tg_c0mUBBrcogdE5UvZCY2HnsSHyc6ePs
    [145] => gfx-227-02
    [146] => tg_gerYjB6O8LOZGhTsfjUHrjOYsrVC8R
    [147] => sgqyc-340-01
    [148] => tg_5zmus2XSvjz0vSZcMo5AdoV6udmLIs
    [149] => xyj-241-12
    [151] => tg_4zE122WihSnHVLpwtgEbGo8wEaokgZ
    [152] => tg_4Zl6KMY5KHdYhVrnrJaLw47ibP8Ibs
    [153] => sijzcycs-270-01
    [154] => tg_Ok1V5icI9vmONx23EKbYHVP56i1pYd
    [155] => tg_NFFTmgzmMokyIfz9evpCJQ4sNXUaWF
    [156] => tg_73mHAOuM3KdQa6oKLLG6XZgNWYlZCU
    [157] => tg_KSrTmGgyDYV81i5ltvne0CVaiHhXRQ
    [158] => tg_KlFlT5ArAhjkRJDPDt9VsUkKPrI2vj
    [159] => kyzisg-445-01
    [160] => tg_IB6hnKY9LuosneMkON6vp3eobulWK3
    [161] => tg_W2pysd1dY4bhFAxFDmSbPJAAXMZAJP
    [162] => tg_QOaluxlrDrdfHirks7boYovXT5VzvN
    [163] => zyj-263-03
    [164] => tg_WxyICK73BRFOH62RcXpAgw7TCRgkLE
    [165] => tg_Qo1fvJS7zsXzyA2IXbpN0O63IkFczD
    [166] => sbkcq-294-01
    [167] => tg_vTbMfHDIB32mAvNDaOKQrmgYEKmHHz
    [168] => tg_vQk4YxqC6WppWmaHRPd2w4A2NFvcLe
    [169] => tg_YdzBBvglsoXidJdKCmWrG85bql5kG4
    [170] => xyj-241-01
    [171] => tfsgz-404-01
    [172] => tg_GRfNDZqBJr6NfIEUwCME6aHh3ekzpu
    [173] => jtizsg-447-01
    [174] => tg_7QcpM9nCqpQopSQYRJB5tiYQyFNcaS
    [175] => tg_q4hI4MqWZwu7ac1kh5pn4KFdNgeV4y
    [176] => tg_eNCWE4IqbTr4L3rXk6kxGeYdF0sdgw
    [177] => tg_tqrdOEQGez8JLhsu6eKlKfqBQ95Nv9
    [180] => lwzr-239-03
    [181] => tg_2ARVHpH2uWK1GKxxu0Zg0YChSYsj0O
    [182] => tg_HeObsj9BdHlkcHrYrsz6EL2fa2GJTi
    [183] => tg_NIGftm0hA1EjxWm9DKPuA69NSdLiBs
    [184] => tg_DLgDR06dmMa0a6U2hBofa0ahtn29UH
    [185] => tg_nIqDlZQ0dQMiGOudQVBgJ8vMzvy4ST
    [186] => tg_vbwwFyBTllAAffuxq0GtZmVvwtgcvu
    [187] => cbws-283-02
    [188] => tg_GXKFwldOWDrQ9XB8plFtCj91dyXAIh
    [189] => tg_iCdPvpx09yXS6AqVoH99GaBcG8K6Bx
    [190] => tg_URI8scPvK1DEfi44VUKTLVqP96eBcm
    [191] => tg_OfaE1oD9jOkeCrMxFmwZmT29Ew1L5z
    [192] => tg_5tm9Wg2AXqKDoIwYbz1h5YBQ4FS8P3
    [193] => tg_nNPe0vpMC4ZxmitWGiEHW0gWHDpRcF
    [194] => tg_R64SDdeCJshvCUVl9kk1SAY2mVMv40
    [195] => tg_CfiAkPLcWCKERyb9IHu6Ecf4fqCN0e
    [196] => tg_1jQe73rT4e8GVjRXeU65PvjFfgyCJ9
    [197] => tg_9MSv9Id4g4YQ5HqkZSRgzWSsm3hDiU
    [198] => dixl-277-03
    [199] => tg_MPv6wZlNPr7LOEpHwY19XtQ1kr7Fff
    [200] => tg_Gejy6CaJU0EYR82x85J7TjKGPjSSZY
    [201] => tg_sN4DNq0d4Vg5WHZg9OWPsd4bjkM0hL
    [202] => tg_JXdNpFL3qYrFKCQydFp9kS0Es7uq9p
    [204] => tg_mFtD7NWQksoGcdkYjyTLyCGBW5LAiU
    [205] => tg_caJsC7EfMOzEbr9mIg1Oi8xmFBpxw6
    [206] => tg_uYQsNlH1kqwKDEH4xABqHPfGQdgA9v
    [207] => tg_z037kSsOTpOe64cmjLjl1nUsQAoDwW
    [208] => tg_E0E2nta7J3vcP1BXFdQhyTIYyLZcTh
    [209] => tg_X9FfgTUedruUSLOuWANgAoPgSE0s2Q
    [210] => tg_9v3y1tH8IID2ObAOh7tIrIqGPUL5li
    [211] => tg_pdviUeEztqS8c3nE98GICfvvesETHJ
    [212] => tg_JYWGy6Lv2jwnMs8SqyRiEdd3aHRvvv
    [214] => tg_KGrCSe1a4ryaHXKDklFBnaD9pInRXq
    [215] => tg_Q0OXBqTKUT4gxwLdq8cEyinsbxvWsh
    [217] => tg_Q2b1rjqmySzYHTs1i9OWePb2NaBcGB
    [218] => tg_6vi6nfVunqSTdJKQ729D5wPqwD65uc
    [219] => tg_C279T8XrdTVBzfahN2pau9nO3JhRif
    [221] => sdyxc3D-243-03
    [222] => tg_D3OC96S53NgitjGQM8exL3wMjxkf4X
    [223] => tg_gROvgO1zaKN4u7rYKqqtV34oPECQ5H
    [224] => tg_cpZrEKR0IJ4S1rcmaswi8oADsic8pk
    [225] => tg_fGavmBEmEeJaNl84wbOJXtzYoz3ImT
    [227] => tg_mGHUeBsI32LYmovto5wB74q45NSYQy
    [228] => tg_kvTh1eV254JKcMoQPmaF50ZSF2YI8r
    [230] => tg_2H4Lh6QFRbtPVS4psFYWJTTOhX6jay
    [231] => tg_Yu783LP9jjPQKkQ4gZ37LJqiGsa8F2
    [232] => tg_ZVxMldoPK0odMWviz3egNX7hvRCHKQ
    [233] => dixy-232-03
    [234] => tg_HAE4GeBnupqKgTMoKVfdqFSpbGZqdw
    [235] => tg_uRPJgNFRkhP1SYEz7vGMLo5cLwr10j
    [236] => xyj-241-02
    [237] => tg_qsnV07CXxrunsXAD8uJpw8KAtjwRUH
    [238] => tg_spVeL0duhA4o33C3XVLMLcJeGzpLLx
    [239] => xyj-241-03
    [240] => tg_v7Jb3BIDODCQ1VtgtfAmw7kXJEEPfK
    [242] => tg_oYeamNiVoPhCQ43VMK6OhFySsqpVbh
    [244] => tg_zlmQ1MYrs3puVAfAUySNfxp8DprrcN
    [245] => tg_WCkCTf0pTrn8wT5Vga2ak2u2b6U4jG
    [246] => tg_ztpR2HKML8hJFjprho1zfbkV0imFp4
    [247] => tg_BzSlq616dainWOMpgxtFCfaqMVWg3j
    [248] => tg_lv369aN0qVNdyxeLNsOZUv42Khkq9c
    [249] => cbws-283-03
    [250] => tg_rZLzNO4FSdY9hoRYNqEFV16bvYXuBb
    [252] => tg_IkrlXzTXRIz8Ff1EmFcvknDMveHyZy
    [253] => tg_YP3WF3TI3Mr7oCBqG4P1cEzXc7s0uA
    [254] => dfi2-252-02
    [255] => tg_DwNO8ixOfJ2rY1XNclifft83mhYTi4
    [256] => dfbb-261-03
    [257] => tg_hgxfsHaP3Nl6ta14BIeWsy7lPXS8e2
    [258] => tg_VY5fuFU8pF4jMVrZsTPAcRbAbM68ZA
    [259] => tg_vHJuYyncAfyWx0OBOTNBzBs4VDbYKa
    [260] => tg_e1XmOfhhxXMfenNMZuYv78znuFefbr
    [261] => tg_G7iLAMkERZ5ZZ4eotZjjQMghR4aFpd
    [263] => tg_B2gRz6KoFotcJwvqLHiYqclhTRZjAI
    [264] => tg_R8HYrK50f168ti9sOsZtaiQD2co59J
    [265] => tg_yguQaDrCX4sRHyusZCmoIu2wxKyPTv
    [266] => tg_XFjHfg1mv3pPvJKCJ0JShkY18TdXxi
    [267] => tg_mcEuJVtSvdAtVUENaRDVMBLSq8APnS
    [268] => tg_ZZgcgW1UXMwmQ7XrtNJNYgILCHkhvx
    [269] => iszz-258-02
    [271] => tg_QZZFggp5dA4nZym1yeDjbwGvJrDxrz
    [272] => jymf-237-03
    [274] => tg_jozQbXSt0MsOdEGwpK3VTTyUp66Ce2
    [277] => tg_oGuXovKoRUbLPmHuvs3UuIE9aeMS2u
    [278] => tg_rRyHzAFMUdV7axvQjFOLFWcimW2ISs
    [280] => yxzxAPP-422-01
    [282] => zyj-263-04
    [283] => tg_Ylsw4PyijBADuMjBqAvjXxmuH9Wj3F
    [284] => sszj-260-03
    [285] => tg_GMTqei4u3HsEi273emHLsPpYI3B6DW
    [287] => tg_iTu7R5kBoS3ZwvVAV0dsCpeGvSwNDW
    [288] => tg_FVED9w8UsxvyBAd0XI1SJDloFLdtQm
    [289] => tg_v2aSduKnJJ5NKXAAkCTPEOYo7JnS94
    [290] => dixy-232-01
    [291] => tg_hGFVwlehGMFc5AVTI0APT2AXvSQeGu
    [292] => tg_q5tpNQkvjppy8orNkmvHjKeZoFDicc
    [293] => tg_pbdbbYp6CP7zmUcKsYxbNotXs9ZNFJ
    [294] => tg_R1RDVqNHRQXgl4KJSMyZU2Tno2K9bg
    [295] => ly-266-03
    [296] => xdzz-228-02
    [297] => tg_CWHe7Hrfhl6JXuwTQhogiVXlCxO6f0
    [298] => tg_LPiY9ekEdtZqLLuukBC3fKOMYpbNWo
    [299] => tg_SWqbqvLqDQyYjsG9jBBHZo8bF5l6yj
    [300] => tg_uM73vHb3tX7wOkVYYGRobZCg6rHCVT
    [301] => tg_1EINsQaerAIg5QtrK92gm7n6zSfR7D
    [302] => tg_HlAnvCbNuM4o6gu4lj9ouY9mA4dxfQ
    [303] => tg_cC1AuzijXxk0DTe0f4TIeLb1sGp1Ut
    [304] => tg_Uuu7DKIS1H6x1tYmIF3QwX7uhrg7pM
    [305] => tg_a3MwwHqtFVIIu2wAcJtxFP9Qq6YXdU
    [306] => tg_gxMXCdvJJOAMmzsoXJMMaU34TPUY3s
    [307] => dixy-232-02
    [308] => tg_V4rCcoFzbBkK9PCpIYlOHxsf6WUDQr
    [309] => tg_JrFLtWsbbdLYlqboVhSzzxoHROQD4k
    [310] => tg_LLXzjYhZJ0OgPqHDoVaruOSlYtYhEB
    [311] => tg_ExtRRmq70LZ5cPOsbOSWEzt7KRjR70
    [312] => tg_xBuL3S9TdcaQpVCpOs55vAmiUv8Ix9
    [314] => tg_hT9imoeBBJOa4aoOSH8s9D4nXulXQ3
    [315] => tg_howgDJMf8H0nC23KdM8cLLhsk330Sj
    [316] => iszz-258-04
    [317] => tg_luMOlzXMsvqQNqaAuBhkolxOxGtjmA
    [318] => tg_Ol1QFxsnwmPTIifUX1pY0CFdr9g2cW
    [319] => tg_bemh9vIE1yhl2WLX8PC3K4kt6T56sl
    [320] => tg_prw2gIFGyrnJH79P6pDgYGJjanWPHY
    [323] => tg_eXfOrB7ZM7cDO2nqwzIwswNwbLhnlJ
    [324] => tg_Wn11xsfYxoYQKmXznDz7ic5H2PaJth
    [327] => tg_Spjn27BpHac5Q481Rr5zp1q1m3soZ2
    [329] => tg_1t8ZHkzHsOjjfBQdO8Sp6xQb4Jqv5N
    [330] => tg_aFWrMTmCWEE0kaQmPHz5pWXf54vm83
    [331] => tg_vC2YDzjcVUC15FGQBPgLNxYeO7Z5SQ
    [333] => fzj-291-01
    [335] => tg_SUBQvuZAx9lnRfMLE4t3Vdfem6fCqd
    [338] => tg_3GSSy8PYKoFrup8G30jsux8ihQxkGc
    [339] => tg_Uzk9TWGhQpn8JMmxrdOv3sknjw9Rpv
    [340] => tg_AsxPJXxY4WyybvnM7G2sf9DlUpfLcS
    [342] => tg_g7ZxSv4gz7VPwWmtBN4Rua0RkQd3SI
    [344] => tg_Ns2ruyRNGIFOc1V1cNXZTgYNXxKEzX
    [347] => tg_o028lSVS26po0ZFjgGHlegKtggqz9S
    [349] => tg_OU20Xikl0SbparapZGvkebqzKhWQRE
    [350] => tg_3H9a1haRWXASZzcsseDOLdFDuXWGy9
    [354] => tg_R5o8QShUV1GO4zyUU3UWozKOn12GdV
    [355] => tg_1wDDLzkjbW3Pb8jzRrA01incmPqYhQ
    [358] => iszz-258-10
    [362] => tg_zjUY3zgmqTzHY6gaBbz0V5axvkeADq
    [363] => tg_JJZYD6SJy3SJ6c0AKRp1GmB5UqZ2jg
    [364] => tg_pVLKwuqunHstVkThsuG9m9ZSFNKY4Z
    [365] => tg_Hllcezo5vcG6IuqIwwwGQ0oYw0mGPL
    [366] => tg_hjdu6ORJM7OG8QrXFIcC2xcYVRv9Dr
    [370] => tg_5OSuPn9oHty6tDThXGVcWSFPKws79c
    [373] => tg_oAoVUwkuOeyVVQ05jZL3XRH3CJPrbR
    [375] => iszz-258-09
    [376] => tg_iNBVgkrz7R1IOCXEEJfkIlPzdSGnyI
    [378] => tg_gGqT8bYbaxpqLD1XpnsxYSJ3XLlWdc
    [379] => tg_3ljjNwItLS8dXWcAQk9dgMtgVhn6Zx
    [380] => wd-265-02
    [382] => tg_mrIHzdJ5a7cXVH9W4aDyn8BcY3sEWL
    [384] => iszz-258-03
    [386] => tg_4gxvdgBfeXfU0Mkm1t3kqb6ftdzOMG
    [388] => tg_lfUx09OXmzxWGLxjyNqiYhji1J6o3S
    [390] => gfx-227-03
    [391] => tg_xyZ3j9g1TEE5oRQ8jtjOvWp93RoO1U
    [394] => tg_ukKVlFDkkWIyijtZbh7wQ9szez1vK1
    [396] => tg_vfaj7fCIWHRW8AF6lOhWStml7M07BG
    [398] => tg_uKdkYuLOUZ6dYpKawiPxSlws5C3p2Q
    [400] => qqics-242-03
    [402] => tg_Ybl9xENxHsfVBPK7IBZikgc9icV0p0
    [403] => tg_9L7imM0iNMHDvx030tEttb2gY6yAvf
    [407] => tg_rerMGmdYU9Jyeq8z0UUtJkITxPIPi2
    [551] => yijyj-334-01
)

有效渠道个数：317
有效渠道array：
Array
(
    [0] => 7625
    [1] => 7624
    [2] => 7623
    [3] => 7616
    [4] => 7608
    [5] => 7593
    [6] => 7403
    [7] => 7224
    [8] => 7222
    [9] => 7202
    [10] => 7029
    [11] => 7026
    [12] => 6991
    [13] => 6971
    [14] => 6887
    [15] => 6880
    [16] => 6875
    [17] => 6874
    [18] => 6871
    [19] => 6869
    [20] => 6866
    [21] => 6864
    [22] => 6863
    [23] => 6860
    [24] => 6859
    [25] => 6856
    [26] => 6852
    [27] => 6851
    [28] => 6850
    [29] => 6849
    [30] => 6847
    [31] => 6846
    [32] => 6845
    [33] => 6843
    [34] => 6841
    [35] => 6838
    [36] => 6468
    [37] => 6435
    [38] => 6426
    [39] => 6424
    [40] => 6421
    [41] => 5919
    [42] => 5750
    [43] => 5728
    [44] => 5727
    [45] => 5726
    [46] => 5717
    [47] => 5179
    [48] => 4637
    [49] => 4575
    [50] => 4282
    [51] => 4243
    [52] => 4204
    [53] => 4097
    [54] => 4067
    [55] => 4062
    [56] => 3447
    [57] => 2547
    [58] => 2515
    [59] => 2505
    [60] => 2446
    [61] => 2437
    [62] => 2407
    [63] => 2402
    [64] => 2395
    [65] => 2394
    [66] => 2393
    [67] => 2391
    [68] => 2388
    [69] => 2387
    [70] => 2386
    [71] => 2385
    [72] => 2384
    [73] => 2383
    [74] => 2382
    [75] => 2377
    [76] => 2373
    [77] => 2283
    [78] => 2281
    [79] => 2280
    [80] => 2274
    [81] => 2273
    [82] => 2270
    [83] => 2269
    [84] => 2268
    [85] => 2267
    [86] => 2266
    [87] => 2264
    [88] => 2263
    [89] => 2262
    [90] => 2260
    [91] => 2259
    [92] => 2258
    [93] => 2256
    [94] => 2255
    [95] => 2231
    [96] => 2223
    [97] => 2221
    [98] => 2220
    [99] => 2218
    [100] => 2215
    [101] => 2210
    [102] => 2209
    [103] => 2099
    [104] => 2090
    [105] => 2073
    [106] => 2055
    [107] => 2045
    [108] => 1896
    [109] => 1884
    [110] => 1877
    [111] => 1875
    [112] => 1872
    [113] => 1870
    [114] => 1868
    [115] => 1867
    [116] => 1859
    [117] => 1857
    [118] => 1856
    [119] => 1854
    [120] => 1837
    [121] => 1825
    [122] => 1824
    [123] => 1823
    [124] => 1821
    [125] => 1814
    [126] => 1811
    [127] => 1809
    [128] => 1803
    [129] => 1801
    [130] => 1650
    [131] => 1647
    [132] => 1638
    [133] => 1637
    [134] => 1631
    [135] => 1630
    [136] => 1629
    [137] => 1621
    [138] => 1620
    [139] => 1618
    [140] => 1617
    [141] => 1604
    [142] => 1601
    [143] => 1597
    [144] => 1595
    [145] => 1559
    [146] => 1557
    [147] => 1555
    [148] => 1553
    [149] => 1531
    [150] => 1526
    [151] => 1524
    [152] => 1519
    [153] => 1491
    [154] => 1488
    [155] => 1481
    [156] => 1480
    [157] => 1475
    [158] => 1473
    [159] => 1470
    [160] => 1464
    [161] => 1461
    [162] => 1459
    [163] => 1457
    [164] => 1438
    [165] => 1431
    [166] => 1428
    [167] => 1419
    [168] => 1417
    [169] => 1393
    [170] => 1392
    [171] => 1389
    [172] => 1380
    [173] => 1369
    [174] => 1346
    [175] => 1344
    [176] => 1343
    [177] => 1337
    [178] => 1335
    [179] => 1324
    [180] => 1306
    [181] => 1305
    [182] => 1304
    [183] => 1292
    [184] => 1278
    [185] => 1277
    [186] => 1139
    [187] => 1134
    [188] => 1123
    [189] => 1120
    [190] => 1115
    [191] => 1110
    [192] => 1101
    [193] => 1077
    [194] => 1056
    [195] => 1012
    [196] => 1009
    [197] => 998
    [198] => 991
    [199] => 971
    [200] => 946
    [201] => 944
    [202] => 942
    [203] => 915
    [204] => 913
    [205] => 881
    [206] => 876
    [207] => 873
    [208] => 872
    [209] => 871
    [210] => 867
    [211] => 866
    [212] => 860
    [213] => 857
    [214] => 855
    [215] => 851
    [216] => 850
    [217] => 843
    [218] => 841
    [219] => 836
    [220] => 825
    [221] => 823
    [222] => 805
    [223] => 800
    [224] => 799
    [225] => 798
    [226] => 785
    [227] => 775
    [228] => 758
    [229] => 753
    [230] => 751
    [231] => 750
    [232] => 728
    [233] => 727
    [234] => 725
    [235] => 724
    [236] => 717
    [237] => 697
    [238] => 696
    [239] => 695
    [240] => 694
    [241] => 689
    [242] => 686
    [243] => 685
    [244] => 683
    [245] => 680
    [246] => 677
    [247] => 658
    [248] => 656
    [249] => 654
    [250] => 615
    [251] => 593
    [252] => 589
    [253] => 588
    [254] => 581
    [255] => 579
    [256] => 572
    [257] => 563
    [258] => 562
    [259] => 536
    [260] => 535
    [261] => 533
    [262] => 528
    [263] => 527
    [264] => 526
    [265] => 478
    [266] => 477
    [267] => 476
    [268] => 464
    [269] => 462
    [270] => 460
    [271] => 456
    [272] => 453
    [273] => 441
    [274] => 439
    [275] => 433
    [276] => 429
    [277] => 427
    [278] => 416
    [279] => 412
    [280] => 409
    [281] => 407
    [282] => 405
    [283] => 404
    [284] => 403
    [285] => 399
    [286] => 398
    [287] => 396
    [288] => 392
    [289] => 389
    [290] => 386
    [291] => 384
    [292] => 381
    [293] => 380
    [294] => 379
    [295] => 377
    [296] => 374
    [297] => 373
    [298] => 371
    [299] => 370
    [300] => 369
    [301] => 368
    [302] => 324
    [303] => 319
    [304] => 309
    [305] => 300
    [306] => 297
    [307] => 296
    [308] => 295
    [309] => 293
    [310] => 262
    [311] => 259
    [312] => 223
    [313] => 167
    [314] => 151
    [315] => 141
    [316] => 14
)

