2016-10-31 00:35:33
统计当天：2016-10-30
渠道个数（即dailyaccount的个数）：7239
渠道sql：
select * from yx_tg_source S left join yx_tg_game G on S.gameid = G.gameid where S.activeflag = 1 and G.activeflag = 1 and G.isonstack = 0  and S.createtime<='2016-10-30 23:59:59' order by S.id desc
活跃渠道个数：339
活跃渠道array：
Array
(
    [0] => tg_v7cDnrslnzqxIArJ4erBCApkpQRJeE
    [1] => tg_5OSuPn9oHty6tDThXGVcWSFPKws79c
    [2] => tg_R8HYrK50f168ti9sOsZtaiQD2co59J
    [3] => tg_1nGplhQDLUI1MZSEUXMNUL84CHOPpX
    [4] => tg_ICEcjc9rCPIBR46UAcqeZksnO8Wi9M
    [5] => tg_o028lSVS26po0ZFjgGHlegKtggqz9S
    [6] => tg_FF4y91BVHs0XFBT5b8yguHQV2ml675
    [7] => cbws-283-03
    [8] => tg_ZZgcgW1UXMwmQ7XrtNJNYgILCHkhvx
    [9] => tg_0Nbqgie2P1B0rStUJTCCnOwL2cQhFN
    [10] => tg_foInmUBJTEST2FsjE393noaqCL4YDz
    [11] => tg_Sewxs3XtPGOLYiORI5Pkg7odXeAKXN
    [12] => tg_hfQFP1T5unIBwVwmYZ84lmbLUk6Hql
    [13] => tg_uM73vHb3tX7wOkVYYGRobZCg6rHCVT
    [14] => tg_iCdPvpx09yXS6AqVoH99GaBcG8K6Bx
    [15] => tg_iqfTzQ8SlRMYUsxMhhHnvScsJrc5by
    [16] => tg_zjUY3zgmqTzHY6gaBbz0V5axvkeADq
    [17] => tg_C279T8XrdTVBzfahN2pau9nO3JhRif
    [18] => iszz-258-04
    [19] => tg_jCHJyMptnrEeCRtLvWCna1UgFDOg12
    [20] => tg_9wMQEwx1XSgzc6p1L1icWOicF6gRTs
    [21] => tg_6MtTadvoEKKgoLj4mjkg9EXH9fHVbf
    [22] => tg_mGHUeBsI32LYmovto5wB74q45NSYQy
    [23] => tg_4Zl6KMY5KHdYhVrnrJaLw47ibP8Ibs
    [24] => tg_mNXK59R18xrYtoBaxWNwkKYPBuKXQp
    [25] => tg_gmGBJLUxtvjdnPhUorFlyCvvcGcimv
    [26] => tg_kCjLMx87ZHorUGJ6FLBwYFSgXvh120
    [27] => dfi2-252-03
    [28] => tg_Nc0co5JrNt7sFmz1Fm7rObHZUP70Qk
    [29] => iziy-262-03
    [30] => tg_NgwIwYVjAzXZn1QBJC68rQwtm8qAnv
    [31] => tg_xNkFYCVe3999kOpWMmGd9nc4ADgor5
    [32] => tg_NO44EDPcEL3s66lwa9yRtCs9aY1gjc
    [33] => tg_g7ZxSv4gz7VPwWmtBN4Rua0RkQd3SI
    [34] => NBAftx-225-02
    [35] => tg_Zs0k3Wft4sZSUPLhqKbS72Fumhrxnx
    [36] => tg_lH8i7vtt5Vyi4nU4poSm8Iv68PqS5A
    [37] => tg_Ok1V5icI9vmONx23EKbYHVP56i1pYd
    [38] => wd-265-03
    [39] => tg_a5q2q9GN2xABq86jM9pwiS8iyBJVfW
    [40] => tg_DSCeq49dAY1NXszMuPT6YSvlibLEV5
    [41] => tg_XsxYkTvYKaFEZLomJmAIGTxKh6t473
    [42] => tg_ldlS3tWKN8VmhxHWs7NPgQTPUOg9cJ
    [43] => tg_IHodxJNKrfS0xxajkR6tAtkpohQvUu
    [44] => tg_prw2gIFGyrnJH79P6pDgYGJjanWPHY
    [45] => tg_zIE36IpaEbThVLZgMNej31QQ7USmDL
    [46] => tg_MgtczvSC2Y8RhwzpkFMfLrp6BnzFJA
    [47] => tg_isZoXNhPlO746tHMSp9H4QBHsPxXNI
    [48] => tg_5OfKZXixp7CjR7XPU0W90lqqqTFk5J
    [49] => tg_HeObsj9BdHlkcHrYrsz6EL2fa2GJTi
    [50] => tg_MwmQeDM6z2hcH7FkvAQSikHdIAwg1t
    [51] => tg_fl4scLZ4FiUV9noT00XsT0B55NgKEK
    [52] => tg_Hllcezo5vcG6IuqIwwwGQ0oYw0mGPL
    [53] => tg_fOWWgpxgog85mLXkPhWxAWHdhX1ZU7
    [54] => fzj-291-01
    [55] => tg_c0mUBBrcogdE5UvZCY2HnsSHyc6ePs
    [56] => tg_gWduPMd7D6sz2PYRMsO6iHgBSqP7G8
    [57] => tg_hQCfxRAltho6mu57AFzdD1m4djON6a
    [58] => tg_Trn7YSQVVtNZzq3Fw768fo98JN0n65
    [59] => tg_V3ZMC6AaWAUIgoEVwUp5VmHPypL3p1
    [60] => tg_9DneKn1CDJFWOGcDYBJNlApta8VGdl
    [61] => tg_dcZ5QIL64ZnGI4GY1HWwh29nKXB9BK
    [62] => tg_iNBVgkrz7R1IOCXEEJfkIlPzdSGnyI
    [63] => tg_YSA05Nah8JewKgqX9nr7Acwb2aBxyl
    [64] => tg_2NsHXZzeADPI3sOdsGvb5UWmUgvIq3
    [65] => tg_OelNZbsZicvSlFyKZY006o7gBOtSKO
    [66] => tg_JJZYD6SJy3SJ6c0AKRp1GmB5UqZ2jg
    [67] => tg_zLFsg3Fa86nvLPLJJJDDqD5CCTfdGQ
    [68] => tg_JZ9J3vGNs6fiYDpid1fLVXAcdmnJGC
    [69] => tg_PXQG1MoeGb9uQy94DtZg3mBtr0ErUI
    [70] => 
    [71] => tg_Qo1fvJS7zsXzyA2IXbpN0O63IkFczD
    [72] => tg_X9FfgTUedruUSLOuWANgAoPgSE0s2Q
    [73] => tg_ukKVlFDkkWIyijtZbh7wQ9szez1vK1
    [74] => tg_Uzk9TWGhQpn8JMmxrdOv3sknjw9Rpv
    [75] => tg_GMTqei4u3HsEi273emHLsPpYI3B6DW
    [76] => tg_fGavmBEmEeJaNl84wbOJXtzYoz3ImT
    [77] => tg_KPu4Nors1HZxKWZihYMPeXmb4uu43N
    [78] => tg_ShocuxQaGDR5dFJHqFhDwuJOPtP9wG
    [79] => tg_Lyx50AlHYhUEsejnRNlXTJrfMFjfaU
    [80] => tg_eGqoU2qlNLtvDYNYfI973jrvfDEN6u
    [81] => tg_uYQsNlH1kqwKDEH4xABqHPfGQdgA9v
    [82] => tg_mohUYUUR0HsouvywyxKRKclRKiIfUh
    [83] => tg_RVEZ71jff6AgFZHMhKx2kBBqBu0eQF
    [84] => tg_q4hI4MqWZwu7ac1kh5pn4KFdNgeV4y
    [85] => tg_FBRU1OZlwtg4i3DyAwOepei5y13Hid
    [86] => tg_127j5YH7792BhdfqL1ReAO3NfR4xz0
    [87] => tg_s5eM8IRXSE8Vp7FYNsFCvzEztLAiwD
    [88] => tg_ohkBpsfUYhZVj9odMIMj6RRXHQuf7y
    [89] => tg_4zE122WihSnHVLpwtgEbGo8wEaokgZ
    [90] => tg_QNIdVsHmq2UJ0KNrgyokjQkFMiWOhX
    [91] => tg_XA1snjA4pRFYFA5VydpbMXyEIvVJuR
    [92] => tg_G9yTAxWgs6kbikFA8mybpflSOxGHtl
    [93] => tg_jejMxEyTgyxOGvlI2GYJusOt3QDOGb
    [94] => tg_w68oXOlcBXT6GSmLsx64bgvFAo1M5u
    [95] => tg_yq88dykGowIthoP9cw1FxTq3NaIu9Q
    [96] => tg_hcNMtVz5CThkMw90e47gBGCHaoE5Vy
    [97] => tg_Smn70lscVGvrtFWo533X0aQa9q1K94
    [99] => tg_g3bZ5ra75R1nWzPNlKVchhK6YtC5az
    [100] => xyj-241-12
    [101] => tg_myjSZiHUgXsfoZFGrmHcLq2CanRjPo
    [102] => tg_f3YrVumb581hd00FTHPSiI7Ynyax0m
    [103] => tg_u1US2O9i4Z0zNFhwCpRHFpjjJ2Ti4w
    [104] => tg_USQULvLd7jEwvAnEXP6ogWMPmBcWXF
    [105] => lwzr-239-03
    [106] => tg_XqqefIBRLPljmy0fSj4gQUXeoc2JeF
    [107] => tg_lv369aN0qVNdyxeLNsOZUv42Khkq9c
    [108] => tg_aZSTVz4tH7pnhGsMqOJ9v01XxGkqJY
    [109] => tg_eXfOrB7ZM7cDO2nqwzIwswNwbLhnlJ
    [110] => tg_2i8s3OS0ZCcjztr3Km52a16vESsvis
    [111] => dfi2-252-02
    [112] => iszz-258-11
    [114] => tg_aFWrMTmCWEE0kaQmPHz5pWXf54vm83
    [115] => tg_oRr8aA1QCzsoU5qSPqYmMCuQ9sNmcg
    [116] => tg_rxk5PfhQq0bSCryZmN7GIozF5JXeYS
    [117] => tg_3CTLpCGgn8ajARBQHs9MB7UThbYKag
    [118] => tg_KSrTmGgyDYV81i5ltvne0CVaiHhXRQ
    [119] => tg_ODoUx9rQG9p7rnBZM2d19F8EQZ5utc
    [120] => tg_BamqldxcexXjvJe8UCVI1UMmRPLYKa
    [121] => tg_n7kYaKqcjBqgEHemPV870cpqG0QgFD
    [122] => xdzz-228-01
    [123] => tg_IG3MtJ7JOXqsan5jjyzdOs1dngskIJ
    [124] => tg_v2aSduKnJJ5NKXAAkCTPEOYo7JnS94
    [125] => tg_ZVxMldoPK0odMWviz3egNX7hvRCHKQ
    [126] => tg_45XdvoRQ0ociugoONfDiRVbC6PSadH
    [127] => gfx-227-02
    [129] => tg_QOaluxlrDrdfHirks7boYovXT5VzvN
    [130] => xyj-241-02
    [131] => tg_4hveOZ2EMZz0zH0ykRr1CimMmYjVF3
    [132] => tg_eiHVeQu91ubRPnNWPoUoCHdKmgHKQ4
    [133] => tg_URI8scPvK1DEfi44VUKTLVqP96eBcm
    [134] => tg_7QcpM9nCqpQopSQYRJB5tiYQyFNcaS
    [135] => tg_spVeL0duhA4o33C3XVLMLcJeGzpLLx
    [136] => tg_sCWQ5mO1iHJAOcEFrfABzVnYvuEaqq
    [137] => tg_DXLdwJFBbmEClkeZrrzUr7M0x5UknP
    [138] => tg_iBQwLu3gRW3oY2acIF0T5eQc2uURTg
    [139] => tg_xBuL3S9TdcaQpVCpOs55vAmiUv8Ix9
    [140] => tg_WRU8IAXHrIW6WyDc4NnGL3Aj7EGa81
    [141] => tg_gROvgO1zaKN4u7rYKqqtV34oPECQ5H
    [142] => tg_yK2acJ5DCAQc2K6Exev9afKT881GYm
    [143] => tg_9ODQEQAEQC2jZ68fdtnxDefI1lJGh5
    [144] => tg_1t8ZHkzHsOjjfBQdO8Sp6xQb4Jqv5N
    [145] => wmsj3D-256-03
    [146] => tg_1jQe73rT4e8GVjRXeU65PvjFfgyCJ9
    [147] => tg_vHJuYyncAfyWx0OBOTNBzBs4VDbYKa
    [149] => tg_Ri2NPtmmh1FsYTXg1bpBcSfD0VdpP7
    [150] => tg_cGehYMMdWFVdlLJ4lQJpZAPNfqNdH8
    [151] => tg_2WbWHagMS2SOb5xOSfVRLGlIn1S33u
    [152] => tg_qsnV07CXxrunsXAD8uJpw8KAtjwRUH
    [153] => tg_ceyjwgtKjdoAWvo2vbmAPUZ25nKLFW
    [155] => tg_NFFTmgzmMokyIfz9evpCJQ4sNXUaWF
    [156] => tg_VY5fuFU8pF4jMVrZsTPAcRbAbM68ZA
    [158] => jymf-237-03
    [159] => tg_tWxsqLc2DyZW0xhEjU2AGnkAg8rSzH
    [160] => tg_rRyHzAFMUdV7axvQjFOLFWcimW2ISs
    [161] => tg_lTm5KCarKN5sbIrdEvpfC30Lw2bfXX
    [162] => sbkcq-294-01
    [163] => zyj-263-03
    [164] => tg_9svDGMMYJz3JrJlA5yZkJ0dVtaUb4m
    [165] => tg_29McOCy654FQHBg0k7IU0OJzmBi52V
    [166] => gfx-227-03
    [167] => byxxc-238-03
    [168] => tg_uKdkYuLOUZ6dYpKawiPxSlws5C3p2Q
    [169] => tg_E0E2nta7J3vcP1BXFdQhyTIYyLZcTh
    [170] => tg_CiBhEkklsCLVA2UpTTjD0UaX2nUWu1
    [171] => tg_qiH35sXgL6X2hvZTXLB2xE2UBLOgYB
    [172] => tg_3H9a1haRWXASZzcsseDOLdFDuXWGy9
    [173] => sszj-260-03
    [174] => tg_8T7NZZ0K1lUhDstwHQnzUVaXtWYYnV
    [175] => tg_4gxvdgBfeXfU0Mkm1t3kqb6ftdzOMG
    [176] => dfbb-261-03
    [178] => tg_GXKFwldOWDrQ9XB8plFtCj91dyXAIh
    [179] => tg_9v3y1tH8IID2ObAOh7tIrIqGPUL5li
    [180] => tg_Tz78wapH5HOWKkA6nychOiftbexKey
    [181] => tg_N3n5bMNK8zcr4pfuMwWwZ8rQ1S89xz
    [182] => tg_5QH6cQj37W9Aiel0tFJsWqgDtezJLR
    [183] => tg_6vi6nfVunqSTdJKQ729D5wPqwD65uc
    [184] => tg_ehdVeO32w7AyPfY0ZBqkpWIr1SvDrn
    [185] => tg_77gFvmZyqqb5ZTA3643TFpwCYz8Jas
    [186] => tg_MPv6wZlNPr7LOEpHwY19XtQ1kr7Fff
    [187] => tg_3L5ZJi8hSbYwnJQzhsMU5VHW0XgxLp
    [188] => tg_WObUg0waseMQMRqjvOnCzrgFmhUPVo
    [189] => tg_JYWGy6Lv2jwnMs8SqyRiEdd3aHRvvv
    [190] => tg_pl3Dd5pP7b8LBHzHtzuXqiJyKva2if
    [191] => iszz-258-10
    [192] => tg_zlmQ1MYrs3puVAfAUySNfxp8DprrcN
    [193] => tg_LPiY9ekEdtZqLLuukBC3fKOMYpbNWo
    [194] => tg_JE7555URTg8PnW3kg27YKTPGG7ZcbP
    [195] => xdzz-228-02
    [196] => tg_oYeamNiVoPhCQ43VMK6OhFySsqpVbh
    [198] => dixy-232-01
    [199] => tg_vQk4YxqC6WppWmaHRPd2w4A2NFvcLe
    [202] => tg_5tm9Wg2AXqKDoIwYbz1h5YBQ4FS8P3
    [203] => tg_NvMFF8a67IADmj73kvjokNrEYV5Evz
    [204] => tg_zHs8HJGyn0Rv5Gi1WOdDkiISnK0H7s
    [206] => tg_8UPOkN7FXPuz1yzs1OrhlnVsorn1uy
    [207] => sdyxc3D-243-03
    [208] => tg_HAE4GeBnupqKgTMoKVfdqFSpbGZqdw
    [209] => tg_Gejy6CaJU0EYR82x85J7TjKGPjSSZY
    [210] => tg_QZZFggp5dA4nZym1yeDjbwGvJrDxrz
    [211] => tg_tqrdOEQGez8JLhsu6eKlKfqBQ95Nv9
    [212] => tg_q5tpNQkvjppy8orNkmvHjKeZoFDicc
    [213] => tg_BzSlq616dainWOMpgxtFCfaqMVWg3j
    [214] => tg_WCkCTf0pTrn8wT5Vga2ak2u2b6U4jG
    [215] => tg_Q0OXBqTKUT4gxwLdq8cEyinsbxvWsh
    [216] => tg_mFtD7NWQksoGcdkYjyTLyCGBW5LAiU
    [217] => tg_uRPJgNFRkhP1SYEz7vGMLo5cLwr10j
    [218] => tg_UDyMC93nwIALdlS1mugg7eTc5SGYIU
    [219] => tg_9MSv9Id4g4YQ5HqkZSRgzWSsm3hDiU
    [221] => tg_dAoS95IeOPrEdZPFtjKeLSeUbfJn7f
    [222] => tg_FVED9w8UsxvyBAd0XI1SJDloFLdtQm
    [223] => tg_Spjn27BpHac5Q481Rr5zp1q1m3soZ2
    [224] => tg_xvCgNlPr9K7D216WoVlBjkIHzwcQuK
    [226] => tg_SWqbqvLqDQyYjsG9jBBHZo8bF5l6yj
    [227] => cbws-283-02
    [228] => tg_DwNO8ixOfJ2rY1XNclifft83mhYTi4
    [229] => tg_x7V0CXex19izghRLpbsKQuQz4iWGFy
    [230] => tg_zsTLBrqM2up5HI321rdz7hvmbXHCXx
    [231] => tg_NCP73iALs0HQvWtKPZzGiEA3HSBsAa
    [233] => tg_B2gRz6KoFotcJwvqLHiYqclhTRZjAI
    [234] => dixl-277-03
    [235] => tg_2L5gIJFRap9veDIubNLnUHhfsOYM3j
    [236] => tg_ImW7KdcLDbkfZrE1j7R4jVhpShIV9N
    [239] => tg_HlAnvCbNuM4o6gu4lj9ouY9mA4dxfQ
    [240] => dixy-232-02
    [241] => tg_z037kSsOTpOe64cmjLjl1nUsQAoDwW
    [242] => tg_e1XmOfhhxXMfenNMZuYv78znuFefbr
    [244] => tg_ztpR2HKML8hJFjprho1zfbkV0imFp4
    [245] => smsjOL-247-04
    [246] => tg_mcEuJVtSvdAtVUENaRDVMBLSq8APnS
    [247] => tg_JXdNpFL3qYrFKCQydFp9kS0Es7uq9p
    [249] => tg_LLCnuPvPz2vL5lkzkWTv86VAZqXiFt
    [250] => tg_1UrNa6pMG9ilFEbZCPTKAY22s7V5Cz
    [252] => tg_v7Jb3BIDODCQ1VtgtfAmw7kXJEEPfK
    [253] => tg_caJsC7EfMOzEbr9mIg1Oi8xmFBpxw6
    [254] => tg_howgDJMf8H0nC23KdM8cLLhsk330Sj
    [256] => tg_n3qXUbsViYy6M8zO55x3jxvAMHZa2W
    [257] => tg_fSAlRxHa2UDWbbx3Gn7nvypxDWqvkd
    [259] => tg_G7iLAMkERZ5ZZ4eotZjjQMghR4aFpd
    [260] => tg_DLgDR06dmMa0a6U2hBofa0ahtn29UH
    [261] => tg_9exPJH0wBZ8HTOnBGIBAUy7Pd5KItg
    [262] => tg_jozQbXSt0MsOdEGwpK3VTTyUp66Ce2
    [265] => sji2-257-03
    [267] => tg_2IxdlbSwcuNEvSDGBrrX9CN0ZymPS9
    [268] => tg_Ylsw4PyijBADuMjBqAvjXxmuH9Wj3F
    [269] => tg_5F72RIe0igT2d2LdZdPvLwMhxxM3DE
    [270] => tg_sN4DNq0d4Vg5WHZg9OWPsd4bjkM0hL
    [271] => tg_It3ZrGnxHnT527Li1JsFPEbAXHFsnx
    [272] => tg_V4rCcoFzbBkK9PCpIYlOHxsf6WUDQr
    [273] => tg_BoOVFdQ5PzJUpAq8lROJsTo2M3hVFU
    [274] => tg_Gl4B6QurIAtwce1L8X9Drz0yYnpQAo
    [275] => tg_mDkHHPzmPXS39YYhBz8uKjl3CzEfCG
    [276] => tg_UIq5v3eBxoWaOieomZ3V2ey4GibbMZ
    [277] => tg_vC2YDzjcVUC15FGQBPgLNxYeO7Z5SQ
    [279] => tg_OU20Xikl0SbparapZGvkebqzKhWQRE
    [283] => tg_luMOlzXMsvqQNqaAuBhkolxOxGtjmA
    [284] => tg_W2yyQXCxIyTIwSbFXX4j5shu4N3mrk
    [286] => tg_quBxwsHLnDcetKwYUeL0ZwGVhOWJvs
    [287] => tg_R5o8QShUV1GO4zyUU3UWozKOn12GdV
    [288] => tg_yguQaDrCX4sRHyusZCmoIu2wxKyPTv
    [290] => tg_1wDDLzkjbW3Pb8jzRrA01incmPqYhQ
    [291] => tg_ExtRRmq70LZ5cPOsbOSWEzt7KRjR70
    [292] => dcfy-250-04
    [293] => tg_pdviUeEztqS8c3nE98GICfvvesETHJ
    [294] => ijilz-249-03
    [295] => tg_gGqT8bYbaxpqLD1XpnsxYSJ3XLlWdc
    [297] => tg_73mHAOuM3KdQa6oKLLG6XZgNWYlZCU
    [298] => xyj-241-03
    [299] => ly-266-03
    [300] => tg_QDYvyxICPNYv0kg1BOP8QtEcfFUNGs
    [301] => tg_Wn11xsfYxoYQKmXznDz7ic5H2PaJth
    [302] => tg_nNPe0vpMC4ZxmitWGiEHW0gWHDpRcF
    [303] => tg_lfUx09OXmzxWGLxjyNqiYhji1J6o3S
    [304] => tg_Yu783LP9jjPQKkQ4gZ37LJqiGsa8F2
    [305] => tg_Zoks2ueLqNQh9bkP9F8nWgWxgVN4a3
    [306] => tg_R1RDVqNHRQXgl4KJSMyZU2Tno2K9bg
    [307] => tg_XFjHfg1mv3pPvJKCJ0JShkY18TdXxi
    [308] => tg_oVuXEouaDagQKrGaZi23ZZhUpapd4J
    [309] => tg_frELfamKwGe3Qzw0DjbcfssUuplfwd
    [310] => tg_KMpuyo1EOdaG6l4RIJxknESqe8i1do
    [311] => tg_vEZgCnp2a2oZM7hFQm8kAnWsY7F7Un
    [312] => tg_JrFLtWsbbdLYlqboVhSzzxoHROQD4k
    [314] => tg_iTu7R5kBoS3ZwvVAV0dsCpeGvSwNDW
    [315] => tg_u5jkBNVLd4lnnf9w8P6FZVnCleJITd
    [316] => tg_c9HTP8FS1ZqrHK9fKvx39Km8ZBgAXJ
    [317] => tg_kvTh1eV254JKcMoQPmaF50ZSF2YI8r
    [318] => tg_1EINsQaerAIg5QtrK92gm7n6zSfR7D
    [319] => tg_pbdbbYp6CP7zmUcKsYxbNotXs9ZNFJ
    [320] => tg_rkdhUHC6qE4eW3gS1BZlZjxddi6ZJa
    [321] => iszz-258-02
    [324] => tg_PeTNy1Faj8mQIBuAgfbjX5jTJXLLXa
    [326] => tg_O9cgE2tLlaIUujkhXbTlcktVd9yvRi
    [328] => tg_AXIXnbBwMpJMQDEe2VSEWJmTX2afnP
    [332] => tg_R64SDdeCJshvCUVl9kk1SAY2mVMv40
    [333] => tg_Ol1QFxsnwmPTIifUX1pY0CFdr9g2cW
    [336] => tg_2ARVHpH2uWK1GKxxu0Zg0YChSYsj0O
    [337] => iszz-258-03
    [338] => tg_NKOwsJ0b1FzamrotErpd6jgYsKAN2v
    [339] => tg_xX5O7gsz5V7ioS8CXkxejkdaaSilqn
    [340] => tg_AsxPJXxY4WyybvnM7G2sf9DlUpfLcS
    [341] => tg_Uuu7DKIS1H6x1tYmIF3QwX7uhrg7pM
    [342] => iszz-258-09
    [343] => yxzxAPP-422-01
    [344] => tg_yxb251siBnIPfFxfGL0q0F510DqGvt
    [346] => tg_YP3WF3TI3Mr7oCBqG4P1cEzXc7s0uA
    [347] => tg_3GSSy8PYKoFrup8G30jsux8ihQxkGc
    [349] => tg_0iRQ3TG1o1aOD0Ok82kgGDYXLzULCh
    [350] => tg_hgxfsHaP3Nl6ta14BIeWsy7lPXS8e2
    [351] => tg_xyZ3j9g1TEE5oRQ8jtjOvWp93RoO1U
    [352] => tg_Ybl9xENxHsfVBPK7IBZikgc9icV0p0
    [354] => tg_gxMXCdvJJOAMmzsoXJMMaU34TPUY3s
    [355] => qqics-242-03
    [358] => tg_vfaj7fCIWHRW8AF6lOhWStml7M07BG
    [360] => tg_9L7imM0iNMHDvx030tEttb2gY6yAvf
    [361] => tg_YdzBBvglsoXidJdKCmWrG85bql5kG4
    [362] => tg_a3MwwHqtFVIIu2wAcJtxFP9Qq6YXdU
    [363] => tg_Ns2ruyRNGIFOc1V1cNXZTgYNXxKEzX
    [365] => tg_sM3nfqDJy3Vy5aPurriOPCdX9iEJma
    [366] => tg_bemh9vIE1yhl2WLX8PC3K4kt6T56sl
    [367] => tg_oAoVUwkuOeyVVQ05jZL3XRH3CJPrbR
    [368] => tg_eHZFYqOW37zZly6Ci485hAPKblznlk
    [369] => tg_NoqH248k7exruZXQMVi100rIj0Ow78
    [371] => xdzz-228-03
    [373] => tg_pVLKwuqunHstVkThsuG9m9ZSFNKY4Z
    [374] => wd-265-02
    [375] => tg_3DSNWRoGvcnS1USj7RLdEQ1Anm4nds
    [376] => tg_au4IVxZIqUPkIsk9WHXh5V7naKiSIK
    [377] => tg_cpZrEKR0IJ4S1rcmaswi8oADsic8pk
    [387] => tg_euSiCujjVYyRZq2bhlsayXa9gchpUb
    [388] => tg_y0rw3xWTqO1J6EbXH2IEeZciWZj2V8
    [390] => tg_xynK92e6Ss0NWnCvL8CCENHHEqAka4
    [392] => tg_rerMGmdYU9Jyeq8z0UUtJkITxPIPi2
    [397] => tg_T0Ed5mmvuRdVzcxLWCLs9R6BGf0EaP
    [400] => tg_MdY8o3ka4HnFeP8j7JprigdSox5agX
    [402] => tg_VZuGbtPK119VaeXIfeAFPpCwPVuF4q
    [405] => tg_wdPlPXqIiLNs9uy7Ml0oOQKl3eamzQ
    [435] => yxzxAPP-422-02
    [450] => gfsl-221-03
    [533] => yxzxAPP-422-03
)

有效渠道个数：329
有效渠道array：
Array
(
    [0] => 8042
    [1] => 8041
    [2] => 8034
    [3] => 8025
    [4] => 8018
    [5] => 8017
    [6] => 7935
    [7] => 7929
    [8] => 7927
    [9] => 7926
    [10] => 7925
    [11] => 7914
    [12] => 7910
    [13] => 7908
    [14] => 7900
    [15] => 7895
    [16] => 7892
    [17] => 7891
    [18] => 7786
    [19] => 7742
    [20] => 7721
    [21] => 7707
    [22] => 7700
    [23] => 7676
    [24] => 7668
    [25] => 7643
    [26] => 7641
    [27] => 7635
    [28] => 7634
    [29] => 7632
    [30] => 7625
    [31] => 7616
    [32] => 7608
    [33] => 7593
    [34] => 7592
    [35] => 7403
    [36] => 7201
    [37] => 7029
    [38] => 7026
    [39] => 7025
    [40] => 7024
    [41] => 7018
    [42] => 7015
    [43] => 7009
    [44] => 7008
    [45] => 7003
    [46] => 6998
    [47] => 6976
    [48] => 6893
    [49] => 6887
    [50] => 6884
    [51] => 6881
    [52] => 6880
    [53] => 6879
    [54] => 6878
    [55] => 6877
    [56] => 6875
    [57] => 6872
    [58] => 6871
    [59] => 6870
    [60] => 6869
    [61] => 6867
    [62] => 6866
    [63] => 6865
    [64] => 6864
    [65] => 6862
    [66] => 6861
    [67] => 6860
    [68] => 6859
    [69] => 6856
    [70] => 6854
    [71] => 6852
    [72] => 6851
    [73] => 6850
    [74] => 6849
    [75] => 6847
    [76] => 6846
    [77] => 6845
    [78] => 6435
    [79] => 6434
    [80] => 6426
    [81] => 6424
    [82] => 5750
    [83] => 5728
    [84] => 5727
    [85] => 5717
    [86] => 4637
    [87] => 4575
    [88] => 4155
    [89] => 4097
    [90] => 4094
    [91] => 4067
    [92] => 3535
    [93] => 3238
    [94] => 2547
    [95] => 2505
    [96] => 2446
    [97] => 2407
    [98] => 2395
    [99] => 2394
    [100] => 2393
    [101] => 2391
    [102] => 2388
    [103] => 2387
    [104] => 2386
    [105] => 2385
    [106] => 2377
    [107] => 2280
    [108] => 2273
    [109] => 2270
    [110] => 2269
    [111] => 2268
    [112] => 2267
    [113] => 2266
    [114] => 2263
    [115] => 2262
    [116] => 2260
    [117] => 2259
    [118] => 2258
    [119] => 2256
    [120] => 2255
    [121] => 2232
    [122] => 2231
    [123] => 2221
    [124] => 2218
    [125] => 2215
    [126] => 2210
    [127] => 2209
    [128] => 2099
    [129] => 2095
    [130] => 2090
    [131] => 2073
    [132] => 2055
    [133] => 2045
    [134] => 1884
    [135] => 1877
    [136] => 1875
    [137] => 1872
    [138] => 1868
    [139] => 1867
    [140] => 1859
    [141] => 1857
    [142] => 1856
    [143] => 1854
    [144] => 1825
    [145] => 1824
    [146] => 1823
    [147] => 1821
    [148] => 1814
    [149] => 1809
    [150] => 1803
    [151] => 1801
    [152] => 1650
    [153] => 1647
    [154] => 1638
    [155] => 1637
    [156] => 1631
    [157] => 1630
    [158] => 1629
    [159] => 1621
    [160] => 1620
    [161] => 1618
    [162] => 1617
    [163] => 1604
    [164] => 1601
    [165] => 1597
    [166] => 1595
    [167] => 1557
    [168] => 1553
    [169] => 1531
    [170] => 1526
    [171] => 1523
    [172] => 1519
    [173] => 1506
    [174] => 1491
    [175] => 1488
    [176] => 1481
    [177] => 1475
    [178] => 1473
    [179] => 1464
    [180] => 1461
    [181] => 1438
    [182] => 1431
    [183] => 1428
    [184] => 1419
    [185] => 1417
    [186] => 1393
    [187] => 1392
    [188] => 1380
    [189] => 1369
    [190] => 1346
    [191] => 1344
    [192] => 1337
    [193] => 1335
    [194] => 1324
    [195] => 1306
    [196] => 1305
    [197] => 1304
    [198] => 1278
    [199] => 1139
    [200] => 1136
    [201] => 1123
    [202] => 1120
    [203] => 1115
    [204] => 1110
    [205] => 1101
    [206] => 1077
    [207] => 1056
    [208] => 1012
    [209] => 1009
    [210] => 999
    [211] => 998
    [212] => 991
    [213] => 971
    [214] => 946
    [215] => 944
    [216] => 915
    [217] => 913
    [218] => 910
    [219] => 881
    [220] => 876
    [221] => 873
    [222] => 872
    [223] => 871
    [224] => 866
    [225] => 860
    [226] => 857
    [227] => 855
    [228] => 851
    [229] => 850
    [230] => 843
    [231] => 836
    [232] => 835
    [233] => 825
    [234] => 823
    [235] => 805
    [236] => 800
    [237] => 799
    [238] => 798
    [239] => 785
    [240] => 775
    [241] => 759
    [242] => 758
    [243] => 753
    [244] => 751
    [245] => 728
    [246] => 727
    [247] => 725
    [248] => 724
    [249] => 717
    [250] => 697
    [251] => 696
    [252] => 695
    [253] => 694
    [254] => 689
    [255] => 686
    [256] => 685
    [257] => 683
    [258] => 677
    [259] => 658
    [260] => 657
    [261] => 656
    [262] => 654
    [263] => 616
    [264] => 593
    [265] => 589
    [266] => 588
    [267] => 583
    [268] => 581
    [269] => 579
    [270] => 572
    [271] => 563
    [272] => 562
    [273] => 536
    [274] => 535
    [275] => 528
    [276] => 527
    [277] => 526
    [278] => 518
    [279] => 478
    [280] => 477
    [281] => 476
    [282] => 464
    [283] => 462
    [284] => 460
    [285] => 456
    [286] => 453
    [287] => 443
    [288] => 441
    [289] => 439
    [290] => 433
    [291] => 430
    [292] => 429
    [293] => 412
    [294] => 409
    [295] => 407
    [296] => 405
    [297] => 404
    [298] => 403
    [299] => 399
    [300] => 398
    [301] => 397
    [302] => 396
    [303] => 394
    [304] => 392
    [305] => 389
    [306] => 386
    [307] => 384
    [308] => 381
    [309] => 380
    [310] => 379
    [311] => 377
    [312] => 373
    [313] => 371
    [314] => 370
    [315] => 369
    [316] => 368
    [317] => 324
    [318] => 309
    [319] => 300
    [320] => 297
    [321] => 296
    [322] => 295
    [323] => 293
    [324] => 262
    [325] => 223
    [326] => 167
    [327] => 141
    [328] => 14
)

