2016-10-16 00:33:47
统计当天：2016-10-15
渠道个数（即dailyaccount的个数）：6384
渠道sql：
select * from yx_tg_source S left join yx_tg_game G on S.gameid = G.gameid where S.activeflag = 1 and G.activeflag = 1 and G.isonstack = 0  and S.createtime<='2016-10-15 23:59:59' order by S.id desc
活跃渠道个数：311
活跃渠道array：
Array
(
    [0] => zyj-263-04
    [1] => tg_euSiCujjVYyRZq2bhlsayXa9gchpUb
    [2] => dixy-232-01
    [3] => tg_JE7555URTg8PnW3kg27YKTPGG7ZcbP
    [4] => tg_iNBVgkrz7R1IOCXEEJfkIlPzdSGnyI
    [5] => tg_1wDDLzkjbW3Pb8jzRrA01incmPqYhQ
    [6] => tg_NgwIwYVjAzXZn1QBJC68rQwtm8qAnv
    [7] => tg_au4IVxZIqUPkIsk9WHXh5V7naKiSIK
    [8] => ly-266-01
    [9] => tg_Trn7YSQVVtNZzq3Fw768fo98JN0n65
    [10] => tg_g7ZxSv4gz7VPwWmtBN4Rua0RkQd3SI
    [11] => tg_mDkHHPzmPXS39YYhBz8uKjl3CzEfCG
    [12] => tg_zjUY3zgmqTzHY6gaBbz0V5axvkeADq
    [13] => tg_v7Jb3BIDODCQ1VtgtfAmw7kXJEEPfK
    [14] => tg_pVLKwuqunHstVkThsuG9m9ZSFNKY4Z
    [15] => tg_9DneKn1CDJFWOGcDYBJNlApta8VGdl
    [16] => sszj-260-03
    [17] => tg_XsxYkTvYKaFEZLomJmAIGTxKh6t473
    [18] => yw3-240-03
    [19] => dfi2-252-03
    [20] => qqics-242-03
    [21] => tg_foInmUBJTEST2FsjE393noaqCL4YDz
    [22] => tg_uKdkYuLOUZ6dYpKawiPxSlws5C3p2Q
    [23] => iziy-262-03
    [24] => tg_fl4scLZ4FiUV9noT00XsT0B55NgKEK
    [25] => tg_Sewxs3XtPGOLYiORI5Pkg7odXeAKXN
    [26] => tg_Ol1QFxsnwmPTIifUX1pY0CFdr9g2cW
    [27] => tg_Zs0k3Wft4sZSUPLhqKbS72Fumhrxnx
    [28] => tg_qsnV07CXxrunsXAD8uJpw8KAtjwRUH
    [29] => tg_spVeL0duhA4o33C3XVLMLcJeGzpLLx
    [30] => tg_2ZYkmaQb5dtVWF9Eg0rokADvWu2l1D
    [31] => smsjOL-247-04
    [32] => ly-266-03
    [33] => tg_jCHJyMptnrEeCRtLvWCna1UgFDOg12
    [34] => tg_R5o8QShUV1GO4zyUU3UWozKOn12GdV
    [35] => tg_AsxPJXxY4WyybvnM7G2sf9DlUpfLcS
    [36] => tg_OfaE1oD9jOkeCrMxFmwZmT29Ew1L5z
    [37] => tg_2NsHXZzeADPI3sOdsGvb5UWmUgvIq3
    [38] => tg_xynK92e6Ss0NWnCvL8CCENHHEqAka4
    [39] => tg_Hllcezo5vcG6IuqIwwwGQ0oYw0mGPL
    [40] => tg_It3ZrGnxHnT527Li1JsFPEbAXHFsnx
    [41] => tg_hfQFP1T5unIBwVwmYZ84lmbLUk6Hql
    [42] => xdzz-228-03
    [43] => tg_QNIdVsHmq2UJ0KNrgyokjQkFMiWOhX
    [44] => tg_sM3nfqDJy3Vy5aPurriOPCdX9iEJma
    [45] => tg_isZoXNhPlO746tHMSp9H4QBHsPxXNI
    [46] => tg_lH8i7vtt5Vyi4nU4poSm8Iv68PqS5A
    [47] => tg_IHodxJNKrfS0xxajkR6tAtkpohQvUu
    [48] => wd-265-03
    [49] => tg_DSCeq49dAY1NXszMuPT6YSvlibLEV5
    [50] => tg_Gl4B6QurIAtwce1L8X9Drz0yYnpQAo
    [51] => tg_PXQG1MoeGb9uQy94DtZg3mBtr0ErUI
    [52] => tg_ZZgcgW1UXMwmQ7XrtNJNYgILCHkhvx
    [53] => tg_wdPlPXqIiLNs9uy7Ml0oOQKl3eamzQ
    [54] => tg_xyZ3j9g1TEE5oRQ8jtjOvWp93RoO1U
    [55] => tg_mNXK59R18xrYtoBaxWNwkKYPBuKXQp
    [56] => tg_QZZFggp5dA4nZym1yeDjbwGvJrDxrz
    [57] => tg_9wMQEwx1XSgzc6p1L1icWOicF6gRTs
    [58] => tg_OelNZbsZicvSlFyKZY006o7gBOtSKO
    [59] => tg_JZ9J3vGNs6fiYDpid1fLVXAcdmnJGC
    [60] => tg_VZuGbtPK119VaeXIfeAFPpCwPVuF4q
    [61] => tg_a5q2q9GN2xABq86jM9pwiS8iyBJVfW
    [62] => tg_oYeamNiVoPhCQ43VMK6OhFySsqpVbh
    [63] => tg_Ls0r0ObpFIFHHBSzcMSHVlPIgMA5tM
    [64] => tg_Tz78wapH5HOWKkA6nychOiftbexKey
    [65] => tg_eKgpglHNQWuU8NNeLUHKwpPPblhbJx
    [66] => tg_2H2TwtkU7cMAGODQpc0PVlF4PGwuzC
    [67] => tg_tqrdOEQGez8JLhsu6eKlKfqBQ95Nv9
    [68] => tg_T6v69g4zq46qSPXV9VaiisiBWuHNIi
    [69] => tg_GMTqei4u3HsEi273emHLsPpYI3B6DW
    [70] => tg_gROvgO1zaKN4u7rYKqqtV34oPECQ5H
    [71] => tg_4xaqzJIbeZOX10X6NI4jgUD3d7kYwn
    [72] => tg_jVaInI6nlTytxENBtvj0QGDG4ROnQZ
    [73] => tg_3H9a1haRWXASZzcsseDOLdFDuXWGy9
    [74] => tg_GXKFwldOWDrQ9XB8plFtCj91dyXAIh
    [75] => tg_hGFVwlehGMFc5AVTI0APT2AXvSQeGu
    [76] => f-441-01
    [77] => tg_DRkQoc4JCBwlfXGBZt3S7Xe7qKbHuX
    [78] => tg_U29cGDHCcVOBa07j7jJvkgp23MCXxa
    [79] => tg_Uzk9TWGhQpn8JMmxrdOv3sknjw9Rpv
    [80] => gfsl-221-03
    [81] => tg_iu56kFIsU8Go2yDBRIhyBqxV8YTaqb
    [82] => tg_nIqDlZQ0dQMiGOudQVBgJ8vMzvy4ST
    [83] => tg_DLgDR06dmMa0a6U2hBofa0ahtn29UH
    [84] => sgqyc-340-01
    [85] => tg_hT9imoeBBJOa4aoOSH8s9D4nXulXQ3
    [86] => tg_UDyMC93nwIALdlS1mugg7eTc5SGYIU
    [87] => tg_UNivGqGCUnuwT5VaUki8W7wjFTp4pp
    [88] => tg_PEbTLGzNvnESyOdTgKbhjxMrpp6Pv1
    [89] => tg_mrIHzdJ5a7cXVH9W4aDyn8BcY3sEWL
    [90] => tg_lv369aN0qVNdyxeLNsOZUv42Khkq9c
    [91] => tg_zlmQ1MYrs3puVAfAUySNfxp8DprrcN
    [92] => tg_WxyICK73BRFOH62RcXpAgw7TCRgkLE
    [93] => tg_xH16xy5PXsWKCVFZuR2fOzU84Dm6qx
    [94] => tg_UWlJJS2JNKkGJx0UY0PUVifRPBwTl8
    [95] => tg_vHJuYyncAfyWx0OBOTNBzBs4VDbYKa
    [96] => tg_ScxJELAOfxvW1EBCaQjwu8WmCiAPdx
    [97] => tg_2WbWHagMS2SOb5xOSfVRLGlIn1S33u
    [98] => tg_NvXJf5QR5tjRwPjhRNfgiEKYRFgx4r
    [99] => tg_jlkC6X8s1QpUpkaUOzJ2fGYI7vjo37
    [100] => tg_NKOwsJ0b1FzamrotErpd6jgYsKAN2v
    [101] => tg_LPiY9ekEdtZqLLuukBC3fKOMYpbNWo
    [102] => tg_uYQsNlH1kqwKDEH4xABqHPfGQdgA9v
    [103] => ic-362-01
    [104] => tg_mohUYUUR0HsouvywyxKRKclRKiIfUh
    [105] => xyj-241-12
    [106] => tg_O9cgE2tLlaIUujkhXbTlcktVd9yvRi
    [107] => tg_oRr8aA1QCzsoU5qSPqYmMCuQ9sNmcg
    [108] => tg_3ljjNwItLS8dXWcAQk9dgMtgVhn6Zx
    [109] => tg_KGrCSe1a4ryaHXKDklFBnaD9pInRXq
    [110] => tg_ImW7KdcLDbkfZrE1j7R4jVhpShIV9N
    [112] => tg_Ylsw4PyijBADuMjBqAvjXxmuH9Wj3F
    [113] => tg_G9yTAxWgs6kbikFA8mybpflSOxGHtl
    [114] => tg_4zE122WihSnHVLpwtgEbGo8wEaokgZ
    [115] => qqics-242-02
    [116] => tg_a90RnFEOwkBcXh7tN9qQpXdm0EkE71
    [117] => NBAftx-225-02
    [118] => llysq-282-03
    [119] => tg_9qi3bVuFrRYnjckoJq4Dtos0NVwJYt
    [121] => tg_OD7FcltYU9ZyDt7rn6beaylFAAVT5D
    [122] => tg_sN4DNq0d4Vg5WHZg9OWPsd4bjkM0hL
    [123] => tg_IG3MtJ7JOXqsan5jjyzdOs1dngskIJ
    [124] => tg_1UrNa6pMG9ilFEbZCPTKAY22s7V5Cz
    [125] => wmsj3D-256-03
    [126] => 
    [127] => tg_eNCWE4IqbTr4L3rXk6kxGeYdF0sdgw
    [128] => zyj-263-03
    [130] => gfx-227-02
    [131] => tg_KPu4Nors1HZxKWZihYMPeXmb4uu43N
    [132] => tg_cC1AuzijXxk0DTe0f4TIeLb1sGp1Ut
    [133] => sji2-257-03
    [134] => tg_HeObsj9BdHlkcHrYrsz6EL2fa2GJTi
    [135] => zgzt-213-01
    [136] => tg_q4hI4MqWZwu7ac1kh5pn4KFdNgeV4y
    [137] => tg_JYWGy6Lv2jwnMs8SqyRiEdd3aHRvvv
    [138] => jymf-237-03
    [139] => tg_D3OC96S53NgitjGQM8exL3wMjxkf4X
    [140] => dcfy-250-02
    [141] => tg_ExtRRmq70LZ5cPOsbOSWEzt7KRjR70
    [142] => tg_ICEcjc9rCPIBR46UAcqeZksnO8Wi9M
    [143] => tg_R8HYrK50f168ti9sOsZtaiQD2co59J
    [144] => tg_c0mUBBrcogdE5UvZCY2HnsSHyc6ePs
    [145] => tg_Ns2ruyRNGIFOc1V1cNXZTgYNXxKEzX
    [146] => tg_NtIayKgqI5dmws2phUaG2sd1trUmnc
    [147] => tg_USQULvLd7jEwvAnEXP6ogWMPmBcWXF
    [148] => tg_U7dQFVw0JZmpH11lmYHLR5qIsPJy3K
    [149] => tg_bKnybL4otl2MtKbxCtLLDw8xA056HA
    [150] => tg_mFtD7NWQksoGcdkYjyTLyCGBW5LAiU
    [151] => tg_Ri2NPtmmh1FsYTXg1bpBcSfD0VdpP7
    [152] => dfbb-261-03
    [153] => tg_ovYJpa0VxDSjfx9vB6F4bOOdyJRpkM
    [154] => dixl-277-03
    [155] => tg_hgxfsHaP3Nl6ta14BIeWsy7lPXS8e2
    [156] => tg_DXLdwJFBbmEClkeZrrzUr7M0x5UknP
    [157] => tg_73mHAOuM3KdQa6oKLLG6XZgNWYlZCU
    [159] => tg_4Zl6KMY5KHdYhVrnrJaLw47ibP8Ibs
    [160] => tg_hLpA8rIwW7zOEB6Klxutst11Ge88jZ
    [161] => dcfy-250-04
    [163] => tg_NIGftm0hA1EjxWm9DKPuA69NSdLiBs
    [164] => tg_x7V0CXex19izghRLpbsKQuQz4iWGFy
    [165] => tg_oAoVUwkuOeyVVQ05jZL3XRH3CJPrbR
    [166] => tg_g3bZ5ra75R1nWzPNlKVchhK6YtC5az
    [167] => cbws-283-02
    [168] => tg_ODoUx9rQG9p7rnBZM2d19F8EQZ5utc
    [169] => tg_IB6hnKY9LuosneMkON6vp3eobulWK3
    [170] => tg_eXfOrB7ZM7cDO2nqwzIwswNwbLhnlJ
    [171] => tg_howgDJMf8H0nC23KdM8cLLhsk330Sj
    [172] => tg_uPUvULu9YdxvzgdxQi4yvePhHeSD9Q
    [173] => tg_5QH6cQj37W9Aiel0tFJsWqgDtezJLR
    [174] => tg_AXIXnbBwMpJMQDEe2VSEWJmTX2afnP
    [175] => tg_9svDGMMYJz3JrJlA5yZkJ0dVtaUb4m
    [176] => tg_SWqbqvLqDQyYjsG9jBBHZo8bF5l6yj
    [177] => tg_HlAnvCbNuM4o6gu4lj9ouY9mA4dxfQ
    [178] => tg_pdviUeEztqS8c3nE98GICfvvesETHJ
    [179] => tg_1t8ZHkzHsOjjfBQdO8Sp6xQb4Jqv5N
    [180] => tg_N3n5bMNK8zcr4pfuMwWwZ8rQ1S89xz
    [181] => tg_2ARVHpH2uWK1GKxxu0Zg0YChSYsj0O
    [182] => tg_nNPe0vpMC4ZxmitWGiEHW0gWHDpRcF
    [183] => tg_tWxsqLc2DyZW0xhEjU2AGnkAg8rSzH
    [184] => xyj-241-03
    [185] => tg_BX7jbPiBrO3Lbj4y7kRa9Zw7d5W5pt
    [186] => tg_MPv6wZlNPr7LOEpHwY19XtQ1kr7Fff
    [187] => tg_V3ZMC6AaWAUIgoEVwUp5VmHPypL3p1
    [188] => tg_mGHUeBsI32LYmovto5wB74q45NSYQy
    [189] => sbkcq-294-01
    [191] => dixy-232-03
    [192] => tg_Q2b1rjqmySzYHTs1i9OWePb2NaBcGB
    [193] => tg_9MSv9Id4g4YQ5HqkZSRgzWSsm3hDiU
    [195] => tg_NCP73iALs0HQvWtKPZzGiEA3HSBsAa
    [196] => tg_Gejy6CaJU0EYR82x85J7TjKGPjSSZY
    [197] => tg_vCsJpv46Zy29l982dIplz8UWDvylOA
    [198] => yxzxAPP-422-01
    [199] => tg_v2aSduKnJJ5NKXAAkCTPEOYo7JnS94
    [200] => lwzr-239-03
    [201] => tg_BzSlq616dainWOMpgxtFCfaqMVWg3j
    [202] => iszz-258-04
    [204] => tg_z037kSsOTpOe64cmjLjl1nUsQAoDwW
    [205] => tg_WCkCTf0pTrn8wT5Vga2ak2u2b6U4jG
    [206] => tg_9v3y1tH8IID2ObAOh7tIrIqGPUL5li
    [207] => tg_HAE4GeBnupqKgTMoKVfdqFSpbGZqdw
    [208] => tg_xyeEpNy38LrPrmO7kN8DtktaBlDieY
    [209] => tg_mcEuJVtSvdAtVUENaRDVMBLSq8APnS
    [210] => tg_4gxvdgBfeXfU0Mkm1t3kqb6ftdzOMG
    [211] => tg_rRyHzAFMUdV7axvQjFOLFWcimW2ISs
    [214] => tg_caJsC7EfMOzEbr9mIg1Oi8xmFBpxw6
    [215] => tg_WObUg0waseMQMRqjvOnCzrgFmhUPVo
    [216] => tg_IkrlXzTXRIz8Ff1EmFcvknDMveHyZy
    [218] => tg_pbdbbYp6CP7zmUcKsYxbNotXs9ZNFJ
    [219] => tg_DwNO8ixOfJ2rY1XNclifft83mhYTi4
    [220] => tg_xBuL3S9TdcaQpVCpOs55vAmiUv8Ix9
    [221] => tg_q5tpNQkvjppy8orNkmvHjKeZoFDicc
    [222] => tg_o028lSVS26po0ZFjgGHlegKtggqz9S
    [223] => tg_B2gRz6KoFotcJwvqLHiYqclhTRZjAI
    [224] => tg_5tm9Wg2AXqKDoIwYbz1h5YBQ4FS8P3
    [225] => tg_OU20Xikl0SbparapZGvkebqzKhWQRE
    [226] => dfi2-252-02
    [227] => tg_V4rCcoFzbBkK9PCpIYlOHxsf6WUDQr
    [228] => tidmx-259-03
    [229] => tg_uRPJgNFRkhP1SYEz7vGMLo5cLwr10j
    [230] => tg_rZLzNO4FSdY9hoRYNqEFV16bvYXuBb
    [231] => tg_hjdu6ORJM7OG8QrXFIcC2xcYVRv9Dr
    [232] => tg_iCdPvpx09yXS6AqVoH99GaBcG8K6Bx
    [233] => tg_iTu7R5kBoS3ZwvVAV0dsCpeGvSwNDW
    [234] => tg_n3qXUbsViYy6M8zO55x3jxvAMHZa2W
    [235] => gfx-227-03
    [236] => tg_yguQaDrCX4sRHyusZCmoIu2wxKyPTv
    [237] => tg_C279T8XrdTVBzfahN2pau9nO3JhRif
    [241] => tg_e1XmOfhhxXMfenNMZuYv78znuFefbr
    [242] => tg_URI8scPvK1DEfi44VUKTLVqP96eBcm
    [243] => tg_JXdNpFL3qYrFKCQydFp9kS0Es7uq9p
    [244] => tg_9exPJH0wBZ8HTOnBGIBAUy7Pd5KItg
    [245] => tg_Zoks2ueLqNQh9bkP9F8nWgWxgVN4a3
    [246] => tg_1EINsQaerAIg5QtrK92gm7n6zSfR7D
    [248] => tg_ztpR2HKML8hJFjprho1zfbkV0imFp4
    [249] => cbws-283-03
    [250] => tg_ohkBpsfUYhZVj9odMIMj6RRXHQuf7y
    [251] => tg_XFjHfg1mv3pPvJKCJ0JShkY18TdXxi
    [252] => tg_ceyjwgtKjdoAWvo2vbmAPUZ25nKLFW
    [254] => tg_NO44EDPcEL3s66lwa9yRtCs9aY1gjc
    [255] => null
    [257] => tg_5JtYTW0a9p9j1vHgT86rMlanbYoJSt
    [258] => iszz-258-11
    [260] => tg_FpXDuybKIJPNh59t6JyrliJWL2RGd1
    [261] => tg_prw2gIFGyrnJH79P6pDgYGJjanWPHY
    [262] => tg_Q0OXBqTKUT4gxwLdq8cEyinsbxvWsh
    [263] => sdyxc3D-243-03
    [264] => tg_luMOlzXMsvqQNqaAuBhkolxOxGtjmA
    [266] => tg_vC2YDzjcVUC15FGQBPgLNxYeO7Z5SQ
    [268] => tg_bemh9vIE1yhl2WLX8PC3K4kt6T56sl
    [269] => ijilz-249-03
    [270] => tg_xX5O7gsz5V7ioS8CXkxejkdaaSilqn
    [271] => iszz-258-02
    [272] => tg_oGuXovKoRUbLPmHuvs3UuIE9aeMS2u
    [273] => tg_kvTh1eV254JKcMoQPmaF50ZSF2YI8r
    [274] => tg_CWHe7Hrfhl6JXuwTQhogiVXlCxO6f0
    [275] => xyj-241-02
    [276] => tg_77gFvmZyqqb5ZTA3643TFpwCYz8Jas
    [277] => tg_ukKVlFDkkWIyijtZbh7wQ9szez1vK1
    [279] => tg_zIE36IpaEbThVLZgMNej31QQ7USmDL
    [281] => tg_6vi6nfVunqSTdJKQ729D5wPqwD65uc
    [284] => tg_KSrTmGgyDYV81i5ltvne0CVaiHhXRQ
    [285] => tg_aFWrMTmCWEE0kaQmPHz5pWXf54vm83
    [286] => tg_9ODQEQAEQC2jZ68fdtnxDefI1lJGh5
    [287] => tg_R64SDdeCJshvCUVl9kk1SAY2mVMv40
    [289] => tg_JrFLtWsbbdLYlqboVhSzzxoHROQD4k
    [290] => tg_uM73vHb3tX7wOkVYYGRobZCg6rHCVT
    [291] => tg_rmk6gWq0INJZaYZ6tgqFPmq3z5eqNm
    [293] => tg_quBxwsHLnDcetKwYUeL0ZwGVhOWJvs
    [294] => tg_YdzBBvglsoXidJdKCmWrG85bql5kG4
    [296] => tg_MgtczvSC2Y8RhwzpkFMfLrp6BnzFJA
    [298] => tg_lfUx09OXmzxWGLxjyNqiYhji1J6o3S
    [299] => tg_gxMXCdvJJOAMmzsoXJMMaU34TPUY3s
    [300] => tg_3GSSy8PYKoFrup8G30jsux8ihQxkGc
    [302] => tg_Spjn27BpHac5Q481Rr5zp1q1m3soZ2
    [303] => tg_rerMGmdYU9Jyeq8z0UUtJkITxPIPi2
    [304] => tg_Uuu7DKIS1H6x1tYmIF3QwX7uhrg7pM
    [309] => xdzz-228-02
    [315] => tg_5OfKZXixp7CjR7XPU0W90lqqqTFk5J
    [316] => tg_a3MwwHqtFVIIu2wAcJtxFP9Qq6YXdU
    [317] => tg_Ok1V5icI9vmONx23EKbYHVP56i1pYd
    [318] => tg_gGqT8bYbaxpqLD1XpnsxYSJ3XLlWdc
    [320] => tg_VY5fuFU8pF4jMVrZsTPAcRbAbM68ZA
    [324] => tg_oBmWiTVc7xdlfusizfDtn2O2bBjraE
    [325] => tg_R1RDVqNHRQXgl4KJSMyZU2Tno2K9bg
    [326] => tg_JJZYD6SJy3SJ6c0AKRp1GmB5UqZ2jg
    [327] => wd-265-02
    [329] => tg_W2pysd1dY4bhFAxFDmSbPJAAXMZAJP
    [330] => fzj-291-01
    [333] => tg_Qo1fvJS7zsXzyA2IXbpN0O63IkFczD
    [334] => tg_KMpuyo1EOdaG6l4RIJxknESqe8i1do
    [336] => tg_5OSuPn9oHty6tDThXGVcWSFPKws79c
    [339] => tg_FVED9w8UsxvyBAd0XI1SJDloFLdtQm
    [340] => tg_MwmQeDM6z2hcH7FkvAQSikHdIAwg1t
    [342] => iszz-258-10
    [345] => tg_9L7imM0iNMHDvx030tEttb2gY6yAvf
    [348] => tg_E0E2nta7J3vcP1BXFdQhyTIYyLZcTh
    [349] => dixy-232-02
    [350] => tg_Wn11xsfYxoYQKmXznDz7ic5H2PaJth
    [354] => tg_Ybl9xENxHsfVBPK7IBZikgc9icV0p0
    [355] => tg_vfaj7fCIWHRW8AF6lOhWStml7M07BG
    [356] => tg_G7iLAMkERZ5ZZ4eotZjjQMghR4aFpd
    [357] => tg_eGqoU2qlNLtvDYNYfI973jrvfDEN6u
    [358] => tg_Yu783LP9jjPQKkQ4gZ37LJqiGsa8F2
    [359] => tg_YP3WF3TI3Mr7oCBqG4P1cEzXc7s0uA
    [360] => tg_1nGplhQDLUI1MZSEUXMNUL84CHOPpX
    [361] => tg_cpZrEKR0IJ4S1rcmaswi8oADsic8pk
    [362] => iszz-258-09
    [363] => tg_YSA05Nah8JewKgqX9nr7Acwb2aBxyl
    [365] => tg_T0Ed5mmvuRdVzcxLWCLs9R6BGf0EaP
    [367] => iszz-258-03
    [368] => tg_iqfTzQ8SlRMYUsxMhhHnvScsJrc5by
)

有效渠道个数：296
有效渠道array：
Array
(
    [0] => 7029
    [1] => 7028
    [2] => 7026
    [3] => 6971
    [4] => 6874
    [5] => 6868
    [6] => 6865
    [7] => 6864
    [8] => 6860
    [9] => 6859
    [10] => 6856
    [11] => 6853
    [12] => 6852
    [13] => 6851
    [14] => 6850
    [15] => 6849
    [16] => 6847
    [17] => 6846
    [18] => 6845
    [19] => 6841
    [20] => 6838
    [21] => 6468
    [22] => 6435
    [23] => 6426
    [24] => 6421
    [25] => 6251
    [26] => 5750
    [27] => 5728
    [28] => 5727
    [29] => 5717
    [30] => 4637
    [31] => 4097
    [32] => 4094
    [33] => 2547
    [34] => 2505
    [35] => 2446
    [36] => 2437
    [37] => 2407
    [38] => 2395
    [39] => 2394
    [40] => 2393
    [41] => 2391
    [42] => 2388
    [43] => 2386
    [44] => 2385
    [45] => 2383
    [46] => 2382
    [47] => 2381
    [48] => 2377
    [49] => 2283
    [50] => 2280
    [51] => 2274
    [52] => 2273
    [53] => 2271
    [54] => 2270
    [55] => 2269
    [56] => 2268
    [57] => 2267
    [58] => 2266
    [59] => 2265
    [60] => 2264
    [61] => 2263
    [62] => 2262
    [63] => 2260
    [64] => 2259
    [65] => 2258
    [66] => 2256
    [67] => 2255
    [68] => 2246
    [69] => 2243
    [70] => 2231
    [71] => 2221
    [72] => 2218
    [73] => 2215
    [74] => 2210
    [75] => 2209
    [76] => 2099
    [77] => 2090
    [78] => 2073
    [79] => 2060
    [80] => 2055
    [81] => 2045
    [82] => 1896
    [83] => 1884
    [84] => 1877
    [85] => 1875
    [86] => 1872
    [87] => 1870
    [88] => 1868
    [89] => 1867
    [90] => 1859
    [91] => 1856
    [92] => 1854
    [93] => 1837
    [94] => 1825
    [95] => 1824
    [96] => 1823
    [97] => 1821
    [98] => 1814
    [99] => 1811
    [100] => 1809
    [101] => 1803
    [102] => 1801
    [103] => 1705
    [104] => 1650
    [105] => 1647
    [106] => 1638
    [107] => 1637
    [108] => 1631
    [109] => 1630
    [110] => 1629
    [111] => 1621
    [112] => 1620
    [113] => 1618
    [114] => 1617
    [115] => 1604
    [116] => 1601
    [117] => 1597
    [118] => 1595
    [119] => 1559
    [120] => 1557
    [121] => 1555
    [122] => 1553
    [123] => 1531
    [124] => 1526
    [125] => 1524
    [126] => 1519
    [127] => 1491
    [128] => 1488
    [129] => 1481
    [130] => 1480
    [131] => 1476
    [132] => 1475
    [133] => 1470
    [134] => 1464
    [135] => 1461
    [136] => 1457
    [137] => 1452
    [138] => 1438
    [139] => 1436
    [140] => 1431
    [141] => 1428
    [142] => 1419
    [143] => 1417
    [144] => 1393
    [145] => 1392
    [146] => 1389
    [147] => 1380
    [148] => 1362
    [149] => 1346
    [150] => 1344
    [151] => 1343
    [152] => 1337
    [153] => 1335
    [154] => 1324
    [155] => 1306
    [156] => 1305
    [157] => 1304
    [158] => 1292
    [159] => 1139
    [160] => 1134
    [161] => 1123
    [162] => 1120
    [163] => 1110
    [164] => 1101
    [165] => 1077
    [166] => 1056
    [167] => 1012
    [168] => 1009
    [169] => 999
    [170] => 998
    [171] => 994
    [172] => 971
    [173] => 946
    [174] => 944
    [175] => 927
    [176] => 915
    [177] => 913
    [178] => 910
    [179] => 881
    [180] => 876
    [181] => 873
    [182] => 872
    [183] => 871
    [184] => 867
    [185] => 866
    [186] => 860
    [187] => 857
    [188] => 855
    [189] => 851
    [190] => 850
    [191] => 843
    [192] => 836
    [193] => 825
    [194] => 823
    [195] => 805
    [196] => 800
    [197] => 799
    [198] => 798
    [199] => 785
    [200] => 775
    [201] => 764
    [202] => 758
    [203] => 753
    [204] => 751
    [205] => 728
    [206] => 727
    [207] => 725
    [208] => 724
    [209] => 717
    [210] => 697
    [211] => 696
    [212] => 695
    [213] => 694
    [214] => 689
    [215] => 686
    [216] => 685
    [217] => 683
    [218] => 680
    [219] => 677
    [220] => 658
    [221] => 656
    [222] => 654
    [223] => 616
    [224] => 593
    [225] => 589
    [226] => 588
    [227] => 587
    [228] => 581
    [229] => 579
    [230] => 572
    [231] => 563
    [232] => 562
    [233] => 536
    [234] => 535
    [235] => 533
    [236] => 528
    [237] => 527
    [238] => 526
    [239] => 478
    [240] => 477
    [241] => 476
    [242] => 464
    [243] => 462
    [244] => 460
    [245] => 456
    [246] => 453
    [247] => 441
    [248] => 439
    [249] => 433
    [250] => 430
    [251] => 429
    [252] => 416
    [253] => 412
    [254] => 409
    [255] => 407
    [256] => 405
    [257] => 404
    [258] => 403
    [259] => 399
    [260] => 398
    [261] => 397
    [262] => 396
    [263] => 394
    [264] => 392
    [265] => 391
    [266] => 389
    [267] => 386
    [268] => 384
    [269] => 382
    [270] => 381
    [271] => 380
    [272] => 377
    [273] => 374
    [274] => 373
    [275] => 371
    [276] => 370
    [277] => 369
    [278] => 368
    [279] => 324
    [280] => 311
    [281] => 309
    [282] => 303
    [283] => 300
    [284] => 297
    [285] => 296
    [286] => 295
    [287] => 293
    [288] => 262
    [289] => 225
    [290] => 223
    [291] => 174
    [292] => 167
    [293] => 151
    [294] => 141
    [295] => 14
)

