2016-10-07 00:13:36
统计当天：2016-10-06
渠道个数（即dailyaccount的个数）：6056
渠道sql：
select * from yx_tg_source S left join yx_tg_game G on S.gameid = G.gameid where S.activeflag = 1 and G.activeflag = 1 and G.isonstack = 0  and S.createtime<='2016-10-06 23:59:59' order by S.id desc
活跃渠道个数：280
活跃渠道array：
Array
(
    [0] => tg_9L7imM0iNMHDvx030tEttb2gY6yAvf
    [1] => sji2-257-03
    [2] => tg_uYQsNlH1kqwKDEH4xABqHPfGQdgA9v
    [3] => tg_VZuGbtPK119VaeXIfeAFPpCwPVuF4q
    [4] => jymf-237-03
    [5] => tg_Ns2ruyRNGIFOc1V1cNXZTgYNXxKEzX
    [6] => tg_g7ZxSv4gz7VPwWmtBN4Rua0RkQd3SI
    [7] => tg_MgtczvSC2Y8RhwzpkFMfLrp6BnzFJA
    [8] => tg_qsnV07CXxrunsXAD8uJpw8KAtjwRUH
    [9] => 
    [10] => tg_R1RDVqNHRQXgl4KJSMyZU2Tno2K9bg
    [11] => tg_1wDDLzkjbW3Pb8jzRrA01incmPqYhQ
    [12] => tg_iNBVgkrz7R1IOCXEEJfkIlPzdSGnyI
    [13] => tg_It3ZrGnxHnT527Li1JsFPEbAXHFsnx
    [14] => tg_xyZ3j9g1TEE5oRQ8jtjOvWp93RoO1U
    [15] => yw3-240-03
    [16] => iszz-258-09
    [17] => tg_z037kSsOTpOe64cmjLjl1nUsQAoDwW
    [18] => tg_YSA05Nah8JewKgqX9nr7Acwb2aBxyl
    [19] => smsjOL-247-04
    [20] => tg_QKR1JJUqoPiq5aWmMPchOM6HACbhlK
    [21] => tg_IHodxJNKrfS0xxajkR6tAtkpohQvUu
    [22] => tg_JE7555URTg8PnW3kg27YKTPGG7ZcbP
    [23] => tg_wdPlPXqIiLNs9uy7Ml0oOQKl3eamzQ
    [24] => tg_JJZYD6SJy3SJ6c0AKRp1GmB5UqZ2jg
    [25] => fzj-291-01
    [26] => tg_mNXK59R18xrYtoBaxWNwkKYPBuKXQp
    [27] => tg_au4IVxZIqUPkIsk9WHXh5V7naKiSIK
    [28] => tg_zjUY3zgmqTzHY6gaBbz0V5axvkeADq
    [29] => tg_DSCeq49dAY1NXszMuPT6YSvlibLEV5
    [30] => tg_XsxYkTvYKaFEZLomJmAIGTxKh6t473
    [31] => tg_iqfTzQ8SlRMYUsxMhhHnvScsJrc5by
    [32] => tg_Zoks2ueLqNQh9bkP9F8nWgWxgVN4a3
    [33] => tg_MwmQeDM6z2hcH7FkvAQSikHdIAwg1t
    [34] => tg_NKOwsJ0b1FzamrotErpd6jgYsKAN2v
    [35] => tg_isZoXNhPlO746tHMSp9H4QBHsPxXNI
    [36] => tg_sM3nfqDJy3Vy5aPurriOPCdX9iEJma
    [37] => iszz-258-03
    [38] => tg_2ZYkmaQb5dtVWF9Eg0rokADvWu2l1D
    [39] => tg_Sewxs3XtPGOLYiORI5Pkg7odXeAKXN
    [40] => tg_Trn7YSQVVtNZzq3Fw768fo98JN0n65
    [41] => ly-266-03
    [42] => tg_QNIdVsHmq2UJ0KNrgyokjQkFMiWOhX
    [43] => tg_PXQG1MoeGb9uQy94DtZg3mBtr0ErUI
    [44] => tg_xynK92e6Ss0NWnCvL8CCENHHEqAka4
    [45] => tg_Zs0k3Wft4sZSUPLhqKbS72Fumhrxnx
    [46] => ijilz-249-03
    [47] => wd-265-03
    [48] => tg_NgwIwYVjAzXZn1QBJC68rQwtm8qAnv
    [49] => dfi2-252-03
    [50] => qqics-242-03
    [51] => tg_ExtRRmq70LZ5cPOsbOSWEzt7KRjR70
    [52] => zyj-263-04
    [53] => tg_JZ9J3vGNs6fiYDpid1fLVXAcdmnJGC
    [54] => tg_R5o8QShUV1GO4zyUU3UWozKOn12GdV
    [55] => tg_OelNZbsZicvSlFyKZY006o7gBOtSKO
    [56] => tg_hfQFP1T5unIBwVwmYZ84lmbLUk6Hql
    [57] => tg_jCHJyMptnrEeCRtLvWCna1UgFDOg12
    [58] => dixy-232-01
    [59] => tg_lH8i7vtt5Vyi4nU4poSm8Iv68PqS5A
    [60] => tg_9wMQEwx1XSgzc6p1L1icWOicF6gRTs
    [61] => xdzz-228-03
    [62] => tg_a5q2q9GN2xABq86jM9pwiS8iyBJVfW
    [63] => tg_jejMxEyTgyxOGvlI2GYJusOt3QDOGb
    [64] => xdzz-228-01
    [65] => null
    [66] => tg_rxk5PfhQq0bSCryZmN7GIozF5JXeYS
    [67] => tg_YEGigjvUVMhHY4g2vs3HBjFuRhLdgZ
    [68] => tg_vCsJpv46Zy29l982dIplz8UWDvylOA
    [69] => tg_oYeamNiVoPhCQ43VMK6OhFySsqpVbh
    [70] => tg_DXLdwJFBbmEClkeZrrzUr7M0x5UknP
    [71] => tg_oRr8aA1QCzsoU5qSPqYmMCuQ9sNmcg
    [72] => tg_Uzk9TWGhQpn8JMmxrdOv3sknjw9Rpv
    [73] => tg_AhvgWr5nY3iUQ6aOmZ235ZRzNfupkg
    [74] => tg_uM73vHb3tX7wOkVYYGRobZCg6rHCVT
    [75] => tg_9MSv9Id4g4YQ5HqkZSRgzWSsm3hDiU
    [76] => tg_x7V0CXex19izghRLpbsKQuQz4iWGFy
    [77] => tg_7ygUWViw2QMvlKmC2Pi0MP5W6qypmc
    [78] => tg_ukKVlFDkkWIyijtZbh7wQ9szez1vK1
    [79] => tg_KPu4Nors1HZxKWZihYMPeXmb4uu43N
    [80] => tg_BX7jbPiBrO3Lbj4y7kRa9Zw7d5W5pt
    [81] => lwzr-239-03
    [82] => tg_n3qXUbsViYy6M8zO55x3jxvAMHZa2W
    [83] => tg_USQULvLd7jEwvAnEXP6ogWMPmBcWXF
    [84] => tg_DRkQoc4JCBwlfXGBZt3S7Xe7qKbHuX
    [85] => tg_MPv6wZlNPr7LOEpHwY19XtQ1kr7Fff
    [86] => tg_Ri2NPtmmh1FsYTXg1bpBcSfD0VdpP7
    [87] => byxxc-238-05
    [88] => tg_1EINsQaerAIg5QtrK92gm7n6zSfR7D
    [89] => tg_sN4DNq0d4Vg5WHZg9OWPsd4bjkM0hL
    [90] => tg_z1DpEbSQgfEZF6TUrPqFUoXxPK9Cq6
    [91] => tg_2N0xHDMuHNoT51QtNa4w5UvW579Hq3
    [92] => tg_rZLzNO4FSdY9hoRYNqEFV16bvYXuBb
    [93] => tg_iCdPvpx09yXS6AqVoH99GaBcG8K6Bx
    [94] => tg_hT9imoeBBJOa4aoOSH8s9D4nXulXQ3
    [95] => tg_I0YvXhD2svI5uMg8BdLS62F6ZFzP9c
    [96] => tg_UDyMC93nwIALdlS1mugg7eTc5SGYIU
    [97] => tg_jlkC6X8s1QpUpkaUOzJ2fGYI7vjo37
    [98] => tg_GMTqei4u3HsEi273emHLsPpYI3B6DW
    [99] => tg_9exPJH0wBZ8HTOnBGIBAUy7Pd5KItg
    [100] => tg_pbdbbYp6CP7zmUcKsYxbNotXs9ZNFJ
    [101] => tg_73mHAOuM3KdQa6oKLLG6XZgNWYlZCU
    [102] => tg_bKnybL4otl2MtKbxCtLLDw8xA056HA
    [103] => tg_L4b9y9jkPeClOLmOuVH9PTWnXv2R2K
    [104] => tg_Ok1V5icI9vmONx23EKbYHVP56i1pYd
    [105] => tg_mrIHzdJ5a7cXVH9W4aDyn8BcY3sEWL
    [106] => iziy-262-04
    [107] => tg_OD7FcltYU9ZyDt7rn6beaylFAAVT5D
    [108] => tg_I0yFcLAGEDDKqd44YaBeFpfYR55Xp4
    [109] => tg_2WbWHagMS2SOb5xOSfVRLGlIn1S33u
    [110] => tg_foInmUBJTEST2FsjE393noaqCL4YDz
    [111] => qqics-242-02
    [112] => tg_eXfOrB7ZM7cDO2nqwzIwswNwbLhnlJ
    [113] => tg_ZYpcDjcdzPXo9mq3BmOpV125UYut9U
    [114] => tg_2H4Lh6QFRbtPVS4psFYWJTTOhX6jay
    [115] => tg_CfiAkPLcWCKERyb9IHu6Ecf4fqCN0e
    [116] => tg_c0mUBBrcogdE5UvZCY2HnsSHyc6ePs
    [118] => tg_ODoUx9rQG9p7rnBZM2d19F8EQZ5utc
    [119] => tg_jVaInI6nlTytxENBtvj0QGDG4ROnQZ
    [120] => tg_q4hI4MqWZwu7ac1kh5pn4KFdNgeV4y
    [121] => tg_W2pysd1dY4bhFAxFDmSbPJAAXMZAJP
    [122] => tg_IG3MtJ7JOXqsan5jjyzdOs1dngskIJ
    [123] => tg_mFtD7NWQksoGcdkYjyTLyCGBW5LAiU
    [124] => tg_ovYJpa0VxDSjfx9vB6F4bOOdyJRpkM
    [125] => tg_GXKFwldOWDrQ9XB8plFtCj91dyXAIh
    [126] => tg_ymld57G5I4vbEL4xKP4jLw7Orz8ckF
    [127] => tg_howgDJMf8H0nC23KdM8cLLhsk330Sj
    [128] => tg_ceyjwgtKjdoAWvo2vbmAPUZ25nKLFW
    [129] => tg_SUBQvuZAx9lnRfMLE4t3Vdfem6fCqd
    [130] => cbws-283-02
    [131] => tg_eNCWE4IqbTr4L3rXk6kxGeYdF0sdgw
    [132] => tg_9svDGMMYJz3JrJlA5yZkJ0dVtaUb4m
    [133] => tg_zlmQ1MYrs3puVAfAUySNfxp8DprrcN
    [134] => dcfy-250-04
    [135] => tg_NvXJf5QR5tjRwPjhRNfgiEKYRFgx4r
    [136] => gfx-227-02
    [137] => tg_vHJuYyncAfyWx0OBOTNBzBs4VDbYKa
    [138] => tg_N3n5bMNK8zcr4pfuMwWwZ8rQ1S89xz
    [139] => xyj-241-03
    [140] => tg_D3OC96S53NgitjGQM8exL3wMjxkf4X
    [141] => tg_E0E2nta7J3vcP1BXFdQhyTIYyLZcTh
    [142] => tg_pdviUeEztqS8c3nE98GICfvvesETHJ
    [143] => tg_fGavmBEmEeJaNl84wbOJXtzYoz3ImT
    [144] => tg_NIGftm0hA1EjxWm9DKPuA69NSdLiBs
    [145] => tg_rmk6gWq0INJZaYZ6tgqFPmq3z5eqNm
    [146] => tg_u1US2O9i4Z0zNFhwCpRHFpjjJ2Ti4w
    [147] => tg_hgxfsHaP3Nl6ta14BIeWsy7lPXS8e2
    [148] => tidmx-259-03
    [149] => tg_Gl4B6QurIAtwce1L8X9Drz0yYnpQAo
    [150] => tg_JYWGy6Lv2jwnMs8SqyRiEdd3aHRvvv
    [151] => xyj-241-02
    [152] => tg_VD9fabmjMTqKUo3zGp3UHnyM0FohMB
    [153] => tg_R8HYrK50f168ti9sOsZtaiQD2co59J
    [154] => tg_spVeL0duhA4o33C3XVLMLcJeGzpLLx
    [155] => tg_4xaqzJIbeZOX10X6NI4jgUD3d7kYwn
    [156] => cbws-283-03
    [157] => tg_1UrNa6pMG9ilFEbZCPTKAY22s7V5Cz
    [158] => tg_PEbTLGzNvnESyOdTgKbhjxMrpp6Pv1
    [159] => tg_radynjycJycQAFuAfK5GP6rDqGT6ed
    [160] => tg_HAE4GeBnupqKgTMoKVfdqFSpbGZqdw
    [161] => sszj-260-03
    [162] => tg_oGuXovKoRUbLPmHuvs3UuIE9aeMS2u
    [163] => tg_IB6hnKY9LuosneMkON6vp3eobulWK3
    [164] => iszz-258-11
    [165] => tg_BzSlq616dainWOMpgxtFCfaqMVWg3j
    [166] => tg_xX5O7gsz5V7ioS8CXkxejkdaaSilqn
    [167] => tg_xBuL3S9TdcaQpVCpOs55vAmiUv8Ix9
    [168] => zyj-263-03
    [169] => tg_Gejy6CaJU0EYR82x85J7TjKGPjSSZY
    [170] => dixy-232-03
    [171] => iszz-258-10
    [172] => tg_tqrdOEQGez8JLhsu6eKlKfqBQ95Nv9
    [173] => tg_5tm9Wg2AXqKDoIwYbz1h5YBQ4FS8P3
    [174] => tg_SWqbqvLqDQyYjsG9jBBHZo8bF5l6yj
    [175] => tg_JrFLtWsbbdLYlqboVhSzzxoHROQD4k
    [176] => tg_WCkCTf0pTrn8wT5Vga2ak2u2b6U4jG
    [177] => tg_DLgDR06dmMa0a6U2hBofa0ahtn29UH
    [178] => iszz-258-04
    [179] => xdzz-228-02
    [180] => tg_nNPe0vpMC4ZxmitWGiEHW0gWHDpRcF
    [181] => tg_o028lSVS26po0ZFjgGHlegKtggqz9S
    [182] => tg_V4rCcoFzbBkK9PCpIYlOHxsf6WUDQr
    [184] => tg_Q0OXBqTKUT4gxwLdq8cEyinsbxvWsh
    [186] => dixy-232-02
    [187] => tg_rRyHzAFMUdV7axvQjFOLFWcimW2ISs
    [189] => tg_xyeEpNy38LrPrmO7kN8DtktaBlDieY
    [190] => tg_G9yTAxWgs6kbikFA8mybpflSOxGHtl
    [191] => tg_4gxvdgBfeXfU0Mkm1t3kqb6ftdzOMG
    [192] => tg_WObUg0waseMQMRqjvOnCzrgFmhUPVo
    [194] => tg_tWxsqLc2DyZW0xhEjU2AGnkAg8rSzH
    [195] => tg_DwNO8ixOfJ2rY1XNclifft83mhYTi4
    [196] => tg_OfaE1oD9jOkeCrMxFmwZmT29Ew1L5z
    [197] => tg_OR6k1HjrRFrcg1DYYkX3RZNfmsAJfA
    [198] => tg_NO44EDPcEL3s66lwa9yRtCs9aY1gjc
    [199] => tg_B2gRz6KoFotcJwvqLHiYqclhTRZjAI
    [201] => tg_AsxPJXxY4WyybvnM7G2sf9DlUpfLcS
    [202] => tg_v7Jb3BIDODCQ1VtgtfAmw7kXJEEPfK
    [203] => tg_KGrCSe1a4ryaHXKDklFBnaD9pInRXq
    [205] => tg_gxMXCdvJJOAMmzsoXJMMaU34TPUY3s
    [206] => tg_Ol1QFxsnwmPTIifUX1pY0CFdr9g2cW
    [207] => tg_v2aSduKnJJ5NKXAAkCTPEOYo7JnS94
    [208] => tg_Ylsw4PyijBADuMjBqAvjXxmuH9Wj3F
    [209] => dfbb-261-03
    [211] => yxzxAPP-422-01
    [213] => tg_bemh9vIE1yhl2WLX8PC3K4kt6T56sl
    [214] => tg_yguQaDrCX4sRHyusZCmoIu2wxKyPTv
    [215] => tg_lfUx09OXmzxWGLxjyNqiYhji1J6o3S
    [216] => sdyxc3D-243-03
    [218] => tg_mcEuJVtSvdAtVUENaRDVMBLSq8APnS
    [219] => tg_LZVNb8oMP1vPlllm0EKGZKP5Fr09kS
    [220] => tg_3H9a1haRWXASZzcsseDOLdFDuXWGy9
    [221] => tg_6vi6nfVunqSTdJKQ729D5wPqwD65uc
    [222] => tg_Yu783LP9jjPQKkQ4gZ37LJqiGsa8F2
    [224] => tg_HlAnvCbNuM4o6gu4lj9ouY9mA4dxfQ
    [225] => iszz-258-02
    [226] => tg_ICEcjc9rCPIBR46UAcqeZksnO8Wi9M
    [228] => tg_caJsC7EfMOzEbr9mIg1Oi8xmFBpxw6
    [229] => tg_prw2gIFGyrnJH79P6pDgYGJjanWPHY
    [230] => wd-265-02
    [231] => tg_iTu7R5kBoS3ZwvVAV0dsCpeGvSwNDW
    [232] => tg_Uuu7DKIS1H6x1tYmIF3QwX7uhrg7pM
    [233] => tg_vfaj7fCIWHRW8AF6lOhWStml7M07BG
    [234] => tg_YdzBBvglsoXidJdKCmWrG85bql5kG4
    [236] => tg_C279T8XrdTVBzfahN2pau9nO3JhRif
    [237] => tg_aFWrMTmCWEE0kaQmPHz5pWXf54vm83
    [238] => tg_CWHe7Hrfhl6JXuwTQhogiVXlCxO6f0
    [240] => tg_vC2YDzjcVUC15FGQBPgLNxYeO7Z5SQ
    [241] => tg_uRPJgNFRkhP1SYEz7vGMLo5cLwr10j
    [242] => gfx-227-03
    [243] => tg_IkrlXzTXRIz8Ff1EmFcvknDMveHyZy
    [244] => tg_1nGplhQDLUI1MZSEUXMNUL84CHOPpX
    [245] => tg_NCP73iALs0HQvWtKPZzGiEA3HSBsAa
    [246] => tg_gGqT8bYbaxpqLD1XpnsxYSJ3XLlWdc
    [247] => tg_euSiCujjVYyRZq2bhlsayXa9gchpUb
    [248] => tg_1t8ZHkzHsOjjfBQdO8Sp6xQb4Jqv5N
    [250] => iziy-262-03
    [251] => tg_2ARVHpH2uWK1GKxxu0Zg0YChSYsj0O
    [252] => dfi2-252-02
    [253] => tg_luMOlzXMsvqQNqaAuBhkolxOxGtjmA
    [254] => tg_V3ZMC6AaWAUIgoEVwUp5VmHPypL3p1
    [255] => tg_QZZFggp5dA4nZym1yeDjbwGvJrDxrz
    [256] => NBAftx-225-02
    [257] => tg_AXIXnbBwMpJMQDEe2VSEWJmTX2afnP
    [258] => tg_quBxwsHLnDcetKwYUeL0ZwGVhOWJvs
    [259] => tg_KSrTmGgyDYV81i5ltvne0CVaiHhXRQ
    [262] => tg_5QH6cQj37W9Aiel0tFJsWqgDtezJLR
    [264] => tg_q5tpNQkvjppy8orNkmvHjKeZoFDicc
    [266] => tg_JlRqvBfsks2ni5ghWQqYA730uapFrC
    [267] => tg_Qo1fvJS7zsXzyA2IXbpN0O63IkFczD
    [269] => tg_U29cGDHCcVOBa07j7jJvkgp23MCXxa
    [271] => tg_hjdu6ORJM7OG8QrXFIcC2xcYVRv9Dr
    [273] => tg_hGFVwlehGMFc5AVTI0APT2AXvSQeGu
    [275] => tg_rerMGmdYU9Jyeq8z0UUtJkITxPIPi2
    [277] => tg_5OfKZXixp7CjR7XPU0W90lqqqTFk5J
    [279] => tg_Hllcezo5vcG6IuqIwwwGQ0oYw0mGPL
    [281] => tg_a3MwwHqtFVIIu2wAcJtxFP9Qq6YXdU
    [286] => tg_cpZrEKR0IJ4S1rcmaswi8oADsic8pk
    [287] => tg_Q2b1rjqmySzYHTs1i9OWePb2NaBcGB
    [288] => tg_3GSSy8PYKoFrup8G30jsux8ihQxkGc
    [289] => tg_T0Ed5mmvuRdVzcxLWCLs9R6BGf0EaP
    [293] => tg_oAoVUwkuOeyVVQ05jZL3XRH3CJPrbR
    [294] => tg_XFjHfg1mv3pPvJKCJ0JShkY18TdXxi
    [297] => tg_9v3y1tH8IID2ObAOh7tIrIqGPUL5li
    [298] => sbkcq-294-01
    [299] => tg_JXdNpFL3qYrFKCQydFp9kS0Es7uq9p
    [301] => tg_Ybl9xENxHsfVBPK7IBZikgc9icV0p0
    [302] => tg_ztpR2HKML8hJFjprho1zfbkV0imFp4
    [303] => tg_U7dQFVw0JZmpH11lmYHLR5qIsPJy3K
    [304] => tg_G7iLAMkERZ5ZZ4eotZjjQMghR4aFpd
    [307] => tg_ZZgcgW1UXMwmQ7XrtNJNYgILCHkhvx
    [308] => tg_2NsHXZzeADPI3sOdsGvb5UWmUgvIq3
    [310] => tg_e1XmOfhhxXMfenNMZuYv78znuFefbr
    [311] => tg_Wn11xsfYxoYQKmXznDz7ic5H2PaJth
    [312] => tg_pVLKwuqunHstVkThsuG9m9ZSFNKY4Z
    [313] => tg_VY5fuFU8pF4jMVrZsTPAcRbAbM68ZA
    [315] => tg_5OSuPn9oHty6tDThXGVcWSFPKws79c
    [322] => tg_KMpuyo1EOdaG6l4RIJxknESqe8i1do
    [328] => tg_YP3WF3TI3Mr7oCBqG4P1cEzXc7s0uA
    [330] => tg_dE40iVMPYicK6apZag3A7mu7y50uQ9
    [335] => tg_OU20Xikl0SbparapZGvkebqzKhWQRE
)

有效渠道个数：269
有效渠道array：
Array
(
    [0] => 6468
    [1] => 6426
    [2] => 6421
    [3] => 6253
    [4] => 6251
    [5] => 5728
    [6] => 5727
    [7] => 5726
    [8] => 5717
    [9] => 4637
    [10] => 4575
    [11] => 4243
    [12] => 4094
    [13] => 2547
    [14] => 2505
    [15] => 2446
    [16] => 2437
    [17] => 2434
    [18] => 2407
    [19] => 2402
    [20] => 2395
    [21] => 2394
    [22] => 2393
    [23] => 2391
    [24] => 2388
    [25] => 2386
    [26] => 2385
    [27] => 2381
    [28] => 2377
    [29] => 2373
    [30] => 2281
    [31] => 2280
    [32] => 2274
    [33] => 2273
    [34] => 2271
    [35] => 2270
    [36] => 2269
    [37] => 2268
    [38] => 2267
    [39] => 2266
    [40] => 2265
    [41] => 2264
    [42] => 2263
    [43] => 2262
    [44] => 2260
    [45] => 2259
    [46] => 2258
    [47] => 2256
    [48] => 2255
    [49] => 2254
    [50] => 2231
    [51] => 2221
    [52] => 2218
    [53] => 2215
    [54] => 2210
    [55] => 2099
    [56] => 2090
    [57] => 2073
    [58] => 2055
    [59] => 2045
    [60] => 1896
    [61] => 1884
    [62] => 1877
    [63] => 1875
    [64] => 1872
    [65] => 1870
    [66] => 1869
    [67] => 1859
    [68] => 1856
    [69] => 1854
    [70] => 1837
    [71] => 1825
    [72] => 1824
    [73] => 1823
    [74] => 1821
    [75] => 1814
    [76] => 1811
    [77] => 1809
    [78] => 1803
    [79] => 1801
    [80] => 1800
    [81] => 1650
    [82] => 1647
    [83] => 1638
    [84] => 1637
    [85] => 1631
    [86] => 1630
    [87] => 1629
    [88] => 1620
    [89] => 1618
    [90] => 1617
    [91] => 1604
    [92] => 1602
    [93] => 1601
    [94] => 1595
    [95] => 1557
    [96] => 1555
    [97] => 1553
    [98] => 1531
    [99] => 1526
    [100] => 1524
    [101] => 1519
    [102] => 1491
    [103] => 1488
    [104] => 1481
    [105] => 1480
    [106] => 1476
    [107] => 1475
    [108] => 1470
    [109] => 1464
    [110] => 1461
    [111] => 1459
    [112] => 1457
    [113] => 1452
    [114] => 1436
    [115] => 1431
    [116] => 1428
    [117] => 1419
    [118] => 1418
    [119] => 1417
    [120] => 1393
    [121] => 1392
    [122] => 1391
    [123] => 1389
    [124] => 1380
    [125] => 1346
    [126] => 1344
    [127] => 1343
    [128] => 1337
    [129] => 1335
    [130] => 1324
    [131] => 1306
    [132] => 1305
    [133] => 1304
    [134] => 1292
    [135] => 1139
    [136] => 1134
    [137] => 1123
    [138] => 1120
    [139] => 1115
    [140] => 1110
    [141] => 1101
    [142] => 1077
    [143] => 1056
    [144] => 1053
    [145] => 1012
    [146] => 1009
    [147] => 999
    [148] => 998
    [149] => 994
    [150] => 971
    [151] => 946
    [152] => 944
    [153] => 942
    [154] => 915
    [155] => 913
    [156] => 910
    [157] => 885
    [158] => 876
    [159] => 873
    [160] => 872
    [161] => 871
    [162] => 867
    [163] => 866
    [164] => 860
    [165] => 857
    [166] => 856
    [167] => 855
    [168] => 851
    [169] => 850
    [170] => 843
    [171] => 836
    [172] => 825
    [173] => 805
    [174] => 800
    [175] => 799
    [176] => 798
    [177] => 785
    [178] => 775
    [179] => 764
    [180] => 758
    [181] => 753
    [182] => 751
    [183] => 728
    [184] => 727
    [185] => 725
    [186] => 724
    [187] => 717
    [188] => 713
    [189] => 697
    [190] => 696
    [191] => 695
    [192] => 694
    [193] => 689
    [194] => 686
    [195] => 685
    [196] => 683
    [197] => 680
    [198] => 677
    [199] => 657
    [200] => 656
    [201] => 654
    [202] => 616
    [203] => 615
    [204] => 593
    [205] => 589
    [206] => 588
    [207] => 581
    [208] => 579
    [209] => 572
    [210] => 563
    [211] => 562
    [212] => 536
    [213] => 535
    [214] => 533
    [215] => 528
    [216] => 527
    [217] => 526
    [218] => 478
    [219] => 477
    [220] => 476
    [221] => 464
    [222] => 462
    [223] => 460
    [224] => 456
    [225] => 453
    [226] => 441
    [227] => 439
    [228] => 431
    [229] => 430
    [230] => 429
    [231] => 416
    [232] => 412
    [233] => 409
    [234] => 407
    [235] => 405
    [236] => 404
    [237] => 403
    [238] => 399
    [239] => 396
    [240] => 392
    [241] => 391
    [242] => 389
    [243] => 386
    [244] => 384
    [245] => 382
    [246] => 381
    [247] => 380
    [248] => 377
    [249] => 374
    [250] => 373
    [251] => 371
    [252] => 370
    [253] => 369
    [254] => 368
    [255] => 324
    [256] => 311
    [257] => 309
    [258] => 300
    [259] => 297
    [260] => 296
    [261] => 295
    [262] => 293
    [263] => 270
    [264] => 262
    [265] => 223
    [266] => 167
    [267] => 141
    [268] => 14
)

