2016-09-13 00:12:06
统计当天：2016-09-12
渠道个数（即dailyaccount的个数）：1934
渠道sql：
select * from yx_tg_source S left join yx_tg_game G on S.gameid = G.gameid where S.activeflag = 1 and G.activeflag = 1 and G.isonstack = 0  and S.createtime<='2016-09-12 23:59:59' order by S.id desc
活跃渠道个数：255
活跃渠道array：
Array
(
    [0] => tg_QZZFggp5dA4nZym1yeDjbwGvJrDxrz
    [1] => tg_mNXK59R18xrYtoBaxWNwkKYPBuKXQp
    [2] => cbws-283-04
    [3] => tg_YSA05Nah8JewKgqX9nr7Acwb2aBxyl
    [4] => tg_Ol1QFxsnwmPTIifUX1pY0CFdr9g2cW
    [5] => tg_Wn11xsfYxoYQKmXznDz7ic5H2PaJth
    [6] => tg_hfQFP1T5unIBwVwmYZ84lmbLUk6Hql
    [7] => tg_caJsC7EfMOzEbr9mIg1Oi8xmFBpxw6
    [8] => tg_iqfTzQ8SlRMYUsxMhhHnvScsJrc5by
    [9] => qqics-242-03
    [10] => tg_KSrTmGgyDYV81i5ltvne0CVaiHhXRQ
    [11] => tg_pVLKwuqunHstVkThsuG9m9ZSFNKY4Z
    [12] => xdzz-228-01
    [13] => COK-223-01
    [14] => tg_euSiCujjVYyRZq2bhlsayXa9gchpUb
    [15] => tg_q4hI4MqWZwu7ac1kh5pn4KFdNgeV4y
    [16] => tg_Trn7YSQVVtNZzq3Fw768fo98JN0n65
    [17] => tg_PXQG1MoeGb9uQy94DtZg3mBtr0ErUI
    [18] => tg_rmk6gWq0INJZaYZ6tgqFPmq3z5eqNm
    [19] => tg_2NsHXZzeADPI3sOdsGvb5UWmUgvIq3
    [20] => tg_5QH6cQj37W9Aiel0tFJsWqgDtezJLR
    [21] => tg_Gl4B6QurIAtwce1L8X9Drz0yYnpQAo
    [22] => tg_iNBVgkrz7R1IOCXEEJfkIlPzdSGnyI
    [23] => ly-266-01
    [24] => fzj-291-01
    [25] => dixy-232-01
    [26] => tg_G7iLAMkERZ5ZZ4eotZjjQMghR4aFpd
    [27] => wd-265-04
    [28] => tg_YdzBBvglsoXidJdKCmWrG85bql5kG4
    [29] => gfx-227-03
    [30] => tg_luMOlzXMsvqQNqaAuBhkolxOxGtjmA
    [31] => tg_Zs0k3Wft4sZSUPLhqKbS72Fumhrxnx
    [32] => tg_MgtczvSC2Y8RhwzpkFMfLrp6BnzFJA
    [33] => sszj-260-03
    [34] => tg_isZoXNhPlO746tHMSp9H4QBHsPxXNI
    [35] => tg_5OfKZXixp7CjR7XPU0W90lqqqTFk5J
    [36] => tg_NgwIwYVjAzXZn1QBJC68rQwtm8qAnv
    [37] => tg_T0Ed5mmvuRdVzcxLWCLs9R6BGf0EaP
    [38] => tg_DSCeq49dAY1NXszMuPT6YSvlibLEV5
    [39] => wd-265-03
    [40] => tg_JZ9J3vGNs6fiYDpid1fLVXAcdmnJGC
    [41] => tg_zjUY3zgmqTzHY6gaBbz0V5axvkeADq
    [42] => tg_Ylsw4PyijBADuMjBqAvjXxmuH9Wj3F
    [43] => tg_OelNZbsZicvSlFyKZY006o7gBOtSKO
    [44] => tg_sM3nfqDJy3Vy5aPurriOPCdX9iEJma
    [45] => tg_OfaE1oD9jOkeCrMxFmwZmT29Ew1L5z
    [46] => xdzz-228-03
    [47] => tg_Yu783LP9jjPQKkQ4gZ37LJqiGsa8F2
    [48] => tg_jCHJyMptnrEeCRtLvWCna1UgFDOg12
    [49] => tg_9wMQEwx1XSgzc6p1L1icWOicF6gRTs
    [50] => tg_a5q2q9GN2xABq86jM9pwiS8iyBJVfW
    [51] => tg_24W84oVmJL1xUtDIXrbJFauOXc1cEM
    [52] => tg_zRnBcW23chp2xLf0qaD1SZynlCrOYp
    [53] => tg_goJRHroex3VvwpWq8MzgPeRFRhKrLs
    [54] => tg_5FOr48Gz5m1Z2G62PmlhHhMRnZKooO
    [55] => tg_mrIHzdJ5a7cXVH9W4aDyn8BcY3sEWL
    [56] => tg_DwNO8ixOfJ2rY1XNclifft83mhYTi4
    [57] => kdygfk-292-01
    [58] => tg_iTu7R5kBoS3ZwvVAV0dsCpeGvSwNDW
    [59] => wd-265-01
    [60] => tg_N3n5bMNK8zcr4pfuMwWwZ8rQ1S89xz
    [61] => tg_JYWGy6Lv2jwnMs8SqyRiEdd3aHRvvv
    [62] => tg_radynjycJycQAFuAfK5GP6rDqGT6ed
    [63] => tg_4lRiisZH0JDrv5SjTFuyTrjTfz9HlH
    [64] => tg_OR6k1HjrRFrcg1DYYkX3RZNfmsAJfA
    [65] => tt2-401-01
    [66] => tg_Z1MPY6FBS2Uxv1kduyqIprbXzVINWj
    [67] => tg_2WbWHagMS2SOb5xOSfVRLGlIn1S33u
    [68] => tg_qTMHsZ9dmlMSRtUnljhKCgf8Q3vMQu
    [69] => tg_rxk5PfhQq0bSCryZmN7GIozF5JXeYS
    [70] => lwzr-239-03
    [71] => tg_eLEqdDrBvwuOFU6b2V56wYAdha9j5B
    [72] => djsy-297-01
    [73] => tg_PNkXb47liieiXF3AsjbhIxIIawAJnd
    [74] => qyz-391-01
    [75] => tg_6HiCKp3NKSIXJpDVZF4rgoph6uMCGe
    [76] => tg_jlkC6X8s1QpUpkaUOzJ2fGYI7vjo37
    [77] => dfi2-252-01
    [78] => tg_KMpuyo1EOdaG6l4RIJxknESqe8i1do
    [79] => tg_ymld57G5I4vbEL4xKP4jLw7Orz8ckF
    [80] => tg_A0WJG6ZDiQ3ypQyccJYwWmrInd4ni9
    [81] => tg_TrxgxR59Lf3xhcJLMmPUvFDDTab7eL
    [82] => tg_wG017TLGCDCOP3j44m5IhVPQ8fZiY5
    [83] => xdzz-228-06
    [84] => tg_5fLgR73ZT2w2WqrHs7ABikHHCd11be
    [86] => tg_DbGOemqQa31uumD6DFGIs6Wgn593nT
    [87] => llysq-282-03
    [88] => bdbsg-374-01
    [89] => cbws-283-03
    [90] => tg_DZGZmngKGZ5UIegyIMF3src45DfSui
    [91] => tg_KEkdY0DFiSnTwgG00oAbyCrZxH2azK
    [92] => tg_It3ZrGnxHnT527Li1JsFPEbAXHFsnx
    [93] => wdtx-293-01
    [94] => tg_Ri2NPtmmh1FsYTXg1bpBcSfD0VdpP7
    [95] => tg_LCBAo5M49QJod3ieQrI8FDn2wFhAp8
    [96] => tg_v7Jb3BIDODCQ1VtgtfAmw7kXJEEPfK
    [97] => tg_4xaqzJIbeZOX10X6NI4jgUD3d7kYwn
    [98] => gfx-227-02
    [99] => tg_o028lSVS26po0ZFjgGHlegKtggqz9S
    [101] => tg_Ok1V5icI9vmONx23EKbYHVP56i1pYd
    [102] => tg_9exPJH0wBZ8HTOnBGIBAUy7Pd5KItg
    [103] => tg_BzSlq616dainWOMpgxtFCfaqMVWg3j
    [104] => tg_fRHfC9ChoSgRkVZyqNoSztyogaOH6r
    [105] => tg_U7dQFVw0JZmpH11lmYHLR5qIsPJy3K
    [106] => tg_xX5O7gsz5V7ioS8CXkxejkdaaSilqn
    [107] => tg_R1RDVqNHRQXgl4KJSMyZU2Tno2K9bg
    [108] => dixl-277-01
    [109] => tg_qHza9gIeJGTH2MKaWSDdJWO2bAcfty
    [110] => tg_MCBEPT7TlMAoHD53fV2FfYPSNTj0U5
    [111] => tg_9svDGMMYJz3JrJlA5yZkJ0dVtaUb4m
    [112] => tg_IHodxJNKrfS0xxajkR6tAtkpohQvUu
    [113] => mnqy-335-01
    [114] => tg_2ARVHpH2uWK1GKxxu0Zg0YChSYsj0O
    [115] => tg_xEplWJZkxbKqE6TfgeL443TSmb1nA5
    [116] => bsqx-412-01
    [117] => tg_hNjMap3hjNuOedvUnzvAWJBXgasDJc
    [118] => tg_Spjn27BpHac5Q481Rr5zp1q1m3soZ2
    [119] => diizl-396-01
    [120] => tg_jVaInI6nlTytxENBtvj0QGDG4ROnQZ
    [121] => 
    [122] => qmdzzKF-351-01
    [123] => tg_atvkFT6WfdLvhq13SzOpitWJFgBoqu
    [124] => tg_1EINsQaerAIg5QtrK92gm7n6zSfR7D
    [125] => tg_XtFvAraX5GDj9C1xWnCN9H3iWaOpXI
    [126] => zgzt-213-01
    [127] => tg_oGuXovKoRUbLPmHuvs3UuIE9aeMS2u
    [128] => xyj-241-02
    [129] => sji2-257-03
    [130] => tg_u1US2O9i4Z0zNFhwCpRHFpjjJ2Ti4w
    [131] => tg_IG3MtJ7JOXqsan5jjyzdOs1dngskIJ
    [132] => tg_8avX0X0a5MmmqxmjMMiUb8RdZ28kMp
    [133] => tg_ukKVlFDkkWIyijtZbh7wQ9szez1vK1
    [134] => iszz-258-11
    [135] => tg_vHJuYyncAfyWx0OBOTNBzBs4VDbYKa
    [136] => tg_GXKFwldOWDrQ9XB8plFtCj91dyXAIh
    [137] => tg_NIGftm0hA1EjxWm9DKPuA69NSdLiBs
    [139] => tg_wdPlPXqIiLNs9uy7Ml0oOQKl3eamzQ
    [140] => cbws-283-02
    [142] => tg_vCsJpv46Zy29l982dIplz8UWDvylOA
    [143] => sdyxc3D-243-03
    [144] => tg_ceyjwgtKjdoAWvo2vbmAPUZ25nKLFW
    [145] => tg_BX7jbPiBrO3Lbj4y7kRa9Zw7d5W5pt
    [146] => tg_LZVNb8oMP1vPlllm0EKGZKP5Fr09kS
    [147] => iziy-262-04
    [148] => tg_GMTqei4u3HsEi273emHLsPpYI3B6DW
    [149] => tg_lCJYqGb6SZqrkFLya5lrzcauMahixa
    [151] => tg_mFtD7NWQksoGcdkYjyTLyCGBW5LAiU
    [153] => tg_HAE4GeBnupqKgTMoKVfdqFSpbGZqdw
    [154] => tg_D3OC96S53NgitjGQM8exL3wMjxkf4X
    [155] => tg_CMn3QsdnmrYBklOoZVQMNZsa0x91F5
    [156] => tg_kvTh1eV254JKcMoQPmaF50ZSF2YI8r
    [157] => tg_hGFVwlehGMFc5AVTI0APT2AXvSQeGu
    [158] => tg_jejMxEyTgyxOGvlI2GYJusOt3QDOGb
    [159] => tg_HlAnvCbNuM4o6gu4lj9ouY9mA4dxfQ
    [160] => tg_OU20Xikl0SbparapZGvkebqzKhWQRE
    [161] => tg_spVeL0duhA4o33C3XVLMLcJeGzpLLx
    [162] => tg_foInmUBJTEST2FsjE393noaqCL4YDz
    [163] => tg_Gejy6CaJU0EYR82x85J7TjKGPjSSZY
    [164] => tg_cpZrEKR0IJ4S1rcmaswi8oADsic8pk
    [165] => dixy-232-03
    [166] => tg_9v3y1tH8IID2ObAOh7tIrIqGPUL5li
    [167] => tg_c0mUBBrcogdE5UvZCY2HnsSHyc6ePs
    [168] => tg_JBTSjmYoNdCGHgEe6sdiu3Fy5l13Zg
    [169] => tg_mcEuJVtSvdAtVUENaRDVMBLSq8APnS
    [170] => tg_v2Qd56QlqG5MyJCuSizLIu252lHZgr
    [171] => zyj-263-03
    [172] => tg_dE40iVMPYicK6apZag3A7mu7y50uQ9
    [173] => dfbb-261-03
    [174] => tg_eXfOrB7ZM7cDO2nqwzIwswNwbLhnlJ
    [176] => tg_iCdPvpx09yXS6AqVoH99GaBcG8K6Bx
    [177] => tg_StcJB26LSuvy3sSxIaj450p557bRSH
    [178] => tg_U29cGDHCcVOBa07j7jJvkgp23MCXxa
    [179] => tg_SWqbqvLqDQyYjsG9jBBHZo8bF5l6yj
    [180] => dixy-232-02
    [181] => tg_V4rCcoFzbBkK9PCpIYlOHxsf6WUDQr
    [182] => tg_x7V0CXex19izghRLpbsKQuQz4iWGFy
    [184] => tg_WCkCTf0pTrn8wT5Vga2ak2u2b6U4jG
    [185] => tg_XsxYkTvYKaFEZLomJmAIGTxKh6t473
    [186] => tg_ZPo6AUjenS3o8rOmul8XP3mZ4bHixh
    [188] => tg_Hllcezo5vcG6IuqIwwwGQ0oYw0mGPL
    [189] => tg_rRyHzAFMUdV7axvQjFOLFWcimW2ISs
    [190] => tg_v2aSduKnJJ5NKXAAkCTPEOYo7JnS94
    [192] => zyj-263-04
    [193] => tg_a3MwwHqtFVIIu2wAcJtxFP9Qq6YXdU
    [194] => tg_7WG5JTm3uW8NzqDodtjpwGYbm5j8oL
    [195] => smsjOL-247-04
    [197] => tg_6vi6nfVunqSTdJKQ729D5wPqwD65uc
    [198] => tg_DKaNuKOyvG11c2r4z7fS9iRyoUDxLw
    [200] => tg_pdviUeEztqS8c3nE98GICfvvesETHJ
    [201] => tg_vfaj7fCIWHRW8AF6lOhWStml7M07BG
    [202] => tg_VTIb5DaGCBJKGzmOMCno3o3PZif4jo
    [203] => xyj-241-03
    [205] => tg_W2pysd1dY4bhFAxFDmSbPJAAXMZAJP
    [206] => tg_q5tpNQkvjppy8orNkmvHjKeZoFDicc
    [207] => tg_ztpR2HKML8hJFjprho1zfbkV0imFp4
    [208] => tg_5OSuPn9oHty6tDThXGVcWSFPKws79c
    [209] => tg_e1XmOfhhxXMfenNMZuYv78znuFefbr
    [210] => tg_fDPOX97e8cE8kTFCplIQ5lhboRmcwO
    [211] => tg_tqrdOEQGez8JLhsu6eKlKfqBQ95Nv9
    [212] => tg_hjdu6ORJM7OG8QrXFIcC2xcYVRv9Dr
    [213] => byxxc-238-03
    [215] => tg_n3qXUbsViYy6M8zO55x3jxvAMHZa2W
    [216] => iziy-262-03
    [218] => tg_YP3WF3TI3Mr7oCBqG4P1cEzXc7s0uA
    [219] => tg_3GSSy8PYKoFrup8G30jsux8ihQxkGc
    [220] => tg_CWHe7Hrfhl6JXuwTQhogiVXlCxO6f0
    [221] => tg_NO44EDPcEL3s66lwa9yRtCs9aY1gjc
    [223] => tg_E0E2nta7J3vcP1BXFdQhyTIYyLZcTh
    [224] => tg_Ybl9xENxHsfVBPK7IBZikgc9icV0p0
    [226] => tg_WObUg0waseMQMRqjvOnCzrgFmhUPVo
    [227] => tg_V3ZMC6AaWAUIgoEVwUp5VmHPypL3p1
    [228] => tg_9L7imM0iNMHDvx030tEttb2gY6yAvf
    [229] => tg_AXIXnbBwMpJMQDEe2VSEWJmTX2afnP
    [230] => tg_gxMXCdvJJOAMmzsoXJMMaU34TPUY3s
    [231] => tg_rZLzNO4FSdY9hoRYNqEFV16bvYXuBb
    [232] => ijilz-249-03
    [233] => tg_7ygUWViw2QMvlKmC2Pi0MP5W6qypmc
    [234] => tg_3H9a1haRWXASZzcsseDOLdFDuXWGy9
    [235] => iszz-258-10
    [236] => tg_Uzk9TWGhQpn8JMmxrdOv3sknjw9Rpv
    [238] => tg_Sewxs3XtPGOLYiORI5Pkg7odXeAKXN
    [239] => iszz-258-02
    [244] => tg_hgxfsHaP3Nl6ta14BIeWsy7lPXS8e2
    [247] => xdzz-228-02
    [251] => iszz-258-04
    [253] => tg_1nGplhQDLUI1MZSEUXMNUL84CHOPpX
    [254] => tg_MwmQeDM6z2hcH7FkvAQSikHdIAwg1t
    [255] => tg_NCP73iALs0HQvWtKPZzGiEA3HSBsAa
    [257] => tg_Uuu7DKIS1H6x1tYmIF3QwX7uhrg7pM
    [258] => tg_JXdNpFL3qYrFKCQydFp9kS0Es7uq9p
    [261] => iszz-258-09
    [262] => NBAftx-225-02
    [263] => tg_vC2YDzjcVUC15FGQBPgLNxYeO7Z5SQ
    [264] => tg_au4IVxZIqUPkIsk9WHXh5V7naKiSIK
    [265] => tg_bWN4ISOqWcdLGPLqWK0mc2Dhk0BZW3
    [267] => tg_VZuGbtPK119VaeXIfeAFPpCwPVuF4q
    [268] => tg_yedP2lHuwYaN7YH5Ao8TJApwDCIj4g
    [269] => tg_ExtRRmq70LZ5cPOsbOSWEzt7KRjR70
    [270] => iszz-258-03
    [272] => wd-265-02
    [275] => tg_4gxvdgBfeXfU0Mkm1t3kqb6ftdzOMG
    [276] => tg_VY5fuFU8pF4jMVrZsTPAcRbAbM68ZA
    [277] => tg_uRPJgNFRkhP1SYEz7vGMLo5cLwr10j
    [278] => tg_gGqT8bYbaxpqLD1XpnsxYSJ3XLlWdc
    [284] => tg_9qi3bVuFrRYnjckoJq4Dtos0NVwJYt
    [287] => tg_tWxsqLc2DyZW0xhEjU2AGnkAg8rSzH
    [289] => tg_lfUx09OXmzxWGLxjyNqiYhji1J6o3S
    [291] => tg_oAoVUwkuOeyVVQ05jZL3XRH3CJPrbR
    [292] => jymf-237-03
    [293] => tg_Ns2ruyRNGIFOc1V1cNXZTgYNXxKEzX
    [294] => ly-266-03
    [295] => tg_xynK92e6Ss0NWnCvL8CCENHHEqAka4
    [297] => tg_Qo1fvJS7zsXzyA2IXbpN0O63IkFczD
    [298] => dfi2-252-03
    [300] => tg_rerMGmdYU9Jyeq8z0UUtJkITxPIPi2
)

有效渠道个数：232
有效渠道array：
Array
(
    [0] => 2071
    [1] => 2064
    [2] => 2063
    [3] => 2062
    [4] => 2061
    [5] => 2058
    [6] => 2056
    [7] => 2055
    [8] => 2045
    [9] => 1895
    [10] => 1884
    [11] => 1877
    [12] => 1875
    [13] => 1871
    [14] => 1870
    [15] => 1867
    [16] => 1859
    [17] => 1856
    [18] => 1854
    [19] => 1840
    [20] => 1839
    [21] => 1838
    [22] => 1837
    [23] => 1832
    [24] => 1827
    [25] => 1825
    [26] => 1824
    [27] => 1823
    [28] => 1822
    [29] => 1821
    [30] => 1816
    [31] => 1815
    [32] => 1814
    [33] => 1811
    [34] => 1809
    [35] => 1803
    [36] => 1800
    [37] => 1650
    [38] => 1647
    [39] => 1638
    [40] => 1637
    [41] => 1631
    [42] => 1630
    [43] => 1629
    [44] => 1620
    [45] => 1618
    [46] => 1617
    [47] => 1614
    [48] => 1604
    [49] => 1603
    [50] => 1601
    [51] => 1600
    [52] => 1557
    [53] => 1555
    [54] => 1553
    [55] => 1531
    [56] => 1529
    [57] => 1526
    [58] => 1524
    [59] => 1522
    [60] => 1519
    [61] => 1491
    [62] => 1488
    [63] => 1481
    [64] => 1480
    [65] => 1478
    [66] => 1476
    [67] => 1475
    [68] => 1470
    [69] => 1464
    [70] => 1461
    [71] => 1459
    [72] => 1457
    [73] => 1431
    [74] => 1430
    [75] => 1429
    [76] => 1428
    [77] => 1419
    [78] => 1417
    [79] => 1393
    [80] => 1392
    [81] => 1391
    [82] => 1389
    [83] => 1380
    [84] => 1346
    [85] => 1343
    [86] => 1337
    [87] => 1335
    [88] => 1324
    [89] => 1315
    [90] => 1306
    [91] => 1305
    [92] => 1304
    [93] => 1292
    [94] => 1280
    [95] => 1277
    [96] => 1139
    [97] => 1134
    [98] => 1123
    [99] => 1120
    [100] => 1115
    [101] => 1110
    [102] => 1102
    [103] => 1101
    [104] => 1100
    [105] => 1077
    [106] => 1056
    [107] => 1047
    [108] => 1012
    [109] => 1009
    [110] => 999
    [111] => 998
    [112] => 994
    [113] => 992
    [114] => 971
    [115] => 947
    [116] => 946
    [117] => 944
    [118] => 941
    [119] => 915
    [120] => 913
    [121] => 910
    [122] => 876
    [123] => 873
    [124] => 872
    [125] => 871
    [126] => 867
    [127] => 866
    [128] => 860
    [129] => 857
    [130] => 856
    [131] => 855
    [132] => 854
    [133] => 851
    [134] => 850
    [135] => 843
    [136] => 836
    [137] => 825
    [138] => 800
    [139] => 799
    [140] => 798
    [141] => 785
    [142] => 775
    [143] => 758
    [144] => 753
    [145] => 751
    [146] => 728
    [147] => 727
    [148] => 717
    [149] => 713
    [150] => 697
    [151] => 696
    [152] => 694
    [153] => 689
    [154] => 686
    [155] => 685
    [156] => 683
    [157] => 680
    [158] => 679
    [159] => 677
    [160] => 658
    [161] => 657
    [162] => 656
    [163] => 654
    [164] => 615
    [165] => 609
    [166] => 593
    [167] => 589
    [168] => 588
    [169] => 581
    [170] => 579
    [171] => 572
    [172] => 563
    [173] => 562
    [174] => 536
    [175] => 535
    [176] => 533
    [177] => 528
    [178] => 527
    [179] => 526
    [180] => 478
    [181] => 477
    [182] => 476
    [183] => 464
    [184] => 462
    [185] => 460
    [186] => 456
    [187] => 453
    [188] => 441
    [189] => 439
    [190] => 429
    [191] => 427
    [192] => 416
    [193] => 409
    [194] => 407
    [195] => 406
    [196] => 405
    [197] => 404
    [198] => 403
    [199] => 399
    [200] => 396
    [201] => 392
    [202] => 389
    [203] => 386
    [204] => 384
    [205] => 381
    [206] => 380
    [207] => 379
    [208] => 377
    [209] => 374
    [210] => 373
    [211] => 371
    [212] => 370
    [213] => 369
    [214] => 368
    [215] => 324
    [216] => 309
    [217] => 300
    [218] => 297
    [219] => 296
    [220] => 295
    [221] => 293
    [222] => 289
    [223] => 273
    [224] => 270
    [225] => 262
    [226] => 223
    [227] => 174
    [228] => 172
    [229] => 167
    [230] => 141
    [231] => 14
)

