2016-09-12 00:12:02
统计当天：2016-09-11
渠道个数（即dailyaccount的个数）：1917
渠道sql：
select * from yx_tg_source S left join yx_tg_game G on S.gameid = G.gameid where S.activeflag = 1 and G.activeflag = 1 and G.isonstack = 0  and S.createtime<='2016-09-11 23:59:59' order by S.id desc
活跃渠道个数：233
活跃渠道array：
Array
(
    [0] => tg_VZuGbtPK119VaeXIfeAFPpCwPVuF4q
    [1] => dfi2-252-03
    [2] => tg_NCP73iALs0HQvWtKPZzGiEA3HSBsAa
    [3] => cbws-283-04
    [4] => tg_9L7imM0iNMHDvx030tEttb2gY6yAvf
    [5] => tg_zjUY3zgmqTzHY6gaBbz0V5axvkeADq
    [6] => tg_Ol1QFxsnwmPTIifUX1pY0CFdr9g2cW
    [7] => tg_Yu783LP9jjPQKkQ4gZ37LJqiGsa8F2
    [8] => tg_OelNZbsZicvSlFyKZY006o7gBOtSKO
    [9] => tg_caJsC7EfMOzEbr9mIg1Oi8xmFBpxw6
    [10] => tg_qHza9gIeJGTH2MKaWSDdJWO2bAcfty
    [11] => tg_e1XmOfhhxXMfenNMZuYv78znuFefbr
    [12] => tg_jCHJyMptnrEeCRtLvWCna1UgFDOg12
    [13] => tg_Uuu7DKIS1H6x1tYmIF3QwX7uhrg7pM
    [14] => tg_luMOlzXMsvqQNqaAuBhkolxOxGtjmA
    [15] => tg_Trn7YSQVVtNZzq3Fw768fo98JN0n65
    [16] => tg_NO44EDPcEL3s66lwa9yRtCs9aY1gjc
    [17] => tg_vfaj7fCIWHRW8AF6lOhWStml7M07BG
    [18] => tg_G7iLAMkERZ5ZZ4eotZjjQMghR4aFpd
    [19] => tg_uRPJgNFRkhP1SYEz7vGMLo5cLwr10j
    [20] => wd-265-04
    [21] => tg_Ns2ruyRNGIFOc1V1cNXZTgYNXxKEzX
    [22] => wd-265-02
    [23] => yw3-240-03
    [24] => tg_iNBVgkrz7R1IOCXEEJfkIlPzdSGnyI
    [25] => iziy-262-03
    [26] => tg_Sewxs3XtPGOLYiORI5Pkg7odXeAKXN
    [27] => qqics-242-03
    [28] => tg_T0Ed5mmvuRdVzcxLWCLs9R6BGf0EaP
    [29] => tg_5OfKZXixp7CjR7XPU0W90lqqqTFk5J
    [30] => tg_hfQFP1T5unIBwVwmYZ84lmbLUk6Hql
    [31] => tg_WCkCTf0pTrn8wT5Vga2ak2u2b6U4jG
    [32] => tg_IHodxJNKrfS0xxajkR6tAtkpohQvUu
    [33] => tg_MwmQeDM6z2hcH7FkvAQSikHdIAwg1t
    [34] => tg_isZoXNhPlO746tHMSp9H4QBHsPxXNI
    [35] => tg_YdzBBvglsoXidJdKCmWrG85bql5kG4
    [36] => tg_v2aSduKnJJ5NKXAAkCTPEOYo7JnS94
    [37] => tg_sM3nfqDJy3Vy5aPurriOPCdX9iEJma
    [38] => tg_Gl4B6QurIAtwce1L8X9Drz0yYnpQAo
    [39] => tg_DSCeq49dAY1NXszMuPT6YSvlibLEV5
    [40] => tg_1nGplhQDLUI1MZSEUXMNUL84CHOPpX
    [41] => tg_Ylsw4PyijBADuMjBqAvjXxmuH9Wj3F
    [42] => tg_MgtczvSC2Y8RhwzpkFMfLrp6BnzFJA
    [43] => tg_xynK92e6Ss0NWnCvL8CCENHHEqAka4
    [44] => tg_9wMQEwx1XSgzc6p1L1icWOicF6gRTs
    [45] => xdzz-228-03
    [46] => fzj-291-01
    [47] => tg_YSA05Nah8JewKgqX9nr7Acwb2aBxyl
    [48] => tg_SWqbqvLqDQyYjsG9jBBHZo8bF5l6yj
    [49] => sszj-260-03
    [50] => wd-265-03
    [51] => tg_NgwIwYVjAzXZn1QBJC68rQwtm8qAnv
    [52] => tg_PXQG1MoeGb9uQy94DtZg3mBtr0ErUI
    [53] => tg_JZ9J3vGNs6fiYDpid1fLVXAcdmnJGC
    [54] => tg_a5q2q9GN2xABq86jM9pwiS8iyBJVfW
    [55] => tg_Zs0k3Wft4sZSUPLhqKbS72Fumhrxnx
    [56] => tg_zRnBcW23chp2xLf0qaD1SZynlCrOYp
    [57] => gfsl-221-02
    [58] => tg_HZVn8DL1xysZ39a0iD3FlrNIfkVfXx
    [59] => tg_I0YvXhD2svI5uMg8BdLS62F6ZFzP9c
    [60] => tg_aIUvkuqLotECAJnWLKk3kkzFwqwOx8
    [61] => xyj-241-12
    [62] => tg_USQULvLd7jEwvAnEXP6ogWMPmBcWXF
    [63] => tg_tcadgrPG5U9MmjMHgBkb07Bb36Y6tT
    [64] => tg_yedP2lHuwYaN7YH5Ao8TJApwDCIj4g
    [65] => tg_Xme0mcK46cXMWpVwAxxjMnEiuWYXuW
    [66] => tg_TnIdkTLjQFHiDWh2mNsiaxhBbXWxH7
    [67] => tg_KMpuyo1EOdaG6l4RIJxknESqe8i1do
    [68] => gfx-227-01
    [69] => tg_Spjn27BpHac5Q481Rr5zp1q1m3soZ2
    [70] => tg_YgNaBXl7CUsjTHeNCFtq0jxD6JrqSf
    [71] => tg_v7cDnrslnzqxIArJ4erBCApkpQRJeE
    [72] => dixl-277-03
    [73] => 
    [74] => tg_P1s3xp7tIhREReaTQFp8Gs2DkX1bSQ
    [75] => tg_mrIHzdJ5a7cXVH9W4aDyn8BcY3sEWL
    [76] => tg_db29xoSxWEaiCdYcoshsgAGjHxgURp
    [77] => tg_v2Qd56QlqG5MyJCuSizLIu252lHZgr
    [79] => gfx-227-02
    [80] => tg_1EINsQaerAIg5QtrK92gm7n6zSfR7D
    [81] => tg_xEplWJZkxbKqE6TfgeL443TSmb1nA5
    [82] => tg_OR6k1HjrRFrcg1DYYkX3RZNfmsAJfA
    [83] => tg_7ygUWViw2QMvlKmC2Pi0MP5W6qypmc
    [84] => xdzz-228-01
    [85] => tg_jlkC6X8s1QpUpkaUOzJ2fGYI7vjo37
    [87] => tg_rxk5PfhQq0bSCryZmN7GIozF5JXeYS
    [88] => tg_4xaqzJIbeZOX10X6NI4jgUD3d7kYwn
    [89] => tg_ExtRRmq70LZ5cPOsbOSWEzt7KRjR70
    [90] => tg_BzSlq616dainWOMpgxtFCfaqMVWg3j
    [91] => tg_8avX0X0a5MmmqxmjMMiUb8RdZ28kMp
    [92] => tg_5OSuPn9oHty6tDThXGVcWSFPKws79c
    [93] => tg_JYWGy6Lv2jwnMs8SqyRiEdd3aHRvvv
    [94] => tg_jejMxEyTgyxOGvlI2GYJusOt3QDOGb
    [95] => tg_vHJuYyncAfyWx0OBOTNBzBs4VDbYKa
    [96] => NBAftx-225-01
    [97] => tg_pJMJsGoFLsRMlUougP8UbrhnBRQS1a
    [98] => tg_kgycsTg1M20QXgIKkerBXKQWoroyPv
    [100] => tg_GXKFwldOWDrQ9XB8plFtCj91dyXAIh
    [101] => tg_Ok1V5icI9vmONx23EKbYHVP56i1pYd
    [102] => tg_tWxsqLc2DyZW0xhEjU2AGnkAg8rSzH
    [103] => xyj-241-02
    [104] => tg_rRkZhxKJLkEkZmjdQjKd7tjDz8Ko6D
    [105] => tg_ceyjwgtKjdoAWvo2vbmAPUZ25nKLFW
    [106] => cbws-283-02
    [107] => tg_u1US2O9i4Z0zNFhwCpRHFpjjJ2Ti4w
    [108] => dfbb-261-03
    [109] => tg_vC2YDzjcVUC15FGQBPgLNxYeO7Z5SQ
    [110] => tg_U7dQFVw0JZmpH11lmYHLR5qIsPJy3K
    [111] => tg_MCBEPT7TlMAoHD53fV2FfYPSNTj0U5
    [112] => tg_jVaInI6nlTytxENBtvj0QGDG4ROnQZ
    [114] => tg_NIGftm0hA1EjxWm9DKPuA69NSdLiBs
    [115] => xyj-241-03
    [116] => tg_fiVxTkRnmQOqXfhUtCnwFnyhg2zmNy
    [117] => tg_DbGOemqQa31uumD6DFGIs6Wgn593nT
    [118] => tg_EEhdfSGvb9S7p5QAPsXJRDPUPfeSxU
    [119] => tg_CMn3QsdnmrYBklOoZVQMNZsa0x91F5
    [120] => tg_L4b9y9jkPeClOLmOuVH9PTWnXv2R2K
    [121] => lwzr-239-03
    [122] => tg_bWN4ISOqWcdLGPLqWK0mc2Dhk0BZW3
    [123] => tg_radynjycJycQAFuAfK5GP6rDqGT6ed
    [124] => cbws-283-03
    [125] => tg_IG3MtJ7JOXqsan5jjyzdOs1dngskIJ
    [126] => tg_OU20Xikl0SbparapZGvkebqzKhWQRE
    [127] => iziy-262-04
    [128] => xdzz-228-02
    [129] => tg_9svDGMMYJz3JrJlA5yZkJ0dVtaUb4m
    [130] => tg_kvTh1eV254JKcMoQPmaF50ZSF2YI8r
    [131] => tg_vCsJpv46Zy29l982dIplz8UWDvylOA
    [132] => tg_5QH6cQj37W9Aiel0tFJsWqgDtezJLR
    [133] => tg_c0mUBBrcogdE5UvZCY2HnsSHyc6ePs
    [134] => tg_rmk6gWq0INJZaYZ6tgqFPmq3z5eqNm
    [135] => tg_HAE4GeBnupqKgTMoKVfdqFSpbGZqdw
    [136] => tg_mcEuJVtSvdAtVUENaRDVMBLSq8APnS
    [137] => dixy-232-03
    [138] => tg_OfaE1oD9jOkeCrMxFmwZmT29Ew1L5z
    [139] => tg_WObUg0waseMQMRqjvOnCzrgFmhUPVo
    [140] => tg_AXIXnbBwMpJMQDEe2VSEWJmTX2afnP
    [141] => gfx-227-03
    [142] => tg_GMTqei4u3HsEi273emHLsPpYI3B6DW
    [143] => tg_ZPo6AUjenS3o8rOmul8XP3mZ4bHixh
    [145] => tg_v7Jb3BIDODCQ1VtgtfAmw7kXJEEPfK
    [146] => tg_spVeL0duhA4o33C3XVLMLcJeGzpLLx
    [147] => tg_W2pysd1dY4bhFAxFDmSbPJAAXMZAJP
    [148] => tg_V4rCcoFzbBkK9PCpIYlOHxsf6WUDQr
    [149] => tg_q4hI4MqWZwu7ac1kh5pn4KFdNgeV4y
    [150] => tg_BX7jbPiBrO3Lbj4y7kRa9Zw7d5W5pt
    [151] => tg_Uzk9TWGhQpn8JMmxrdOv3sknjw9Rpv
    [152] => dixy-232-02
    [153] => byxxc-238-03
    [154] => tg_o028lSVS26po0ZFjgGHlegKtggqz9S
    [155] => tg_XtFvAraX5GDj9C1xWnCN9H3iWaOpXI
    [156] => tg_iCdPvpx09yXS6AqVoH99GaBcG8K6Bx
    [157] => tg_xX5O7gsz5V7ioS8CXkxejkdaaSilqn
    [158] => tg_Gejy6CaJU0EYR82x85J7TjKGPjSSZY
    [159] => tg_x7V0CXex19izghRLpbsKQuQz4iWGFy
    [161] => tg_Hllcezo5vcG6IuqIwwwGQ0oYw0mGPL
    [162] => tg_ztpR2HKML8hJFjprho1zfbkV0imFp4
    [163] => tg_9qi3bVuFrRYnjckoJq4Dtos0NVwJYt
    [164] => tg_wdPlPXqIiLNs9uy7Ml0oOQKl3eamzQ
    [168] => iszz-258-02
    [169] => tg_2ARVHpH2uWK1GKxxu0Zg0YChSYsj0O
    [170] => tg_oGuXovKoRUbLPmHuvs3UuIE9aeMS2u
    [171] => tg_rZLzNO4FSdY9hoRYNqEFV16bvYXuBb
    [172] => tg_rRyHzAFMUdV7axvQjFOLFWcimW2ISs
    [173] => tg_DKaNuKOyvG11c2r4z7fS9iRyoUDxLw
    [174] => tg_CWHe7Hrfhl6JXuwTQhogiVXlCxO6f0
    [176] => tg_foInmUBJTEST2FsjE393noaqCL4YDz
    [177] => tg_D3OC96S53NgitjGQM8exL3wMjxkf4X
    [179] => tg_7WG5JTm3uW8NzqDodtjpwGYbm5j8oL
    [180] => tg_9exPJH0wBZ8HTOnBGIBAUy7Pd5KItg
    [181] => tg_E0E2nta7J3vcP1BXFdQhyTIYyLZcTh
    [182] => tg_V3ZMC6AaWAUIgoEVwUp5VmHPypL3p1
    [183] => tg_hGFVwlehGMFc5AVTI0APT2AXvSQeGu
    [184] => tg_7F7cqwTGrScbpVuBao244GVzMFHTU0
    [185] => sdyxc3D-243-03
    [186] => tg_hjdu6ORJM7OG8QrXFIcC2xcYVRv9Dr
    [187] => jymf-237-03
    [188] => tg_lCJYqGb6SZqrkFLya5lrzcauMahixa
    [194] => tg_tqrdOEQGez8JLhsu6eKlKfqBQ95Nv9
    [195] => tg_77gFvmZyqqb5ZTA3643TFpwCYz8Jas
    [198] => tg_Ri2NPtmmh1FsYTXg1bpBcSfD0VdpP7
    [199] => tg_9v3y1tH8IID2ObAOh7tIrIqGPUL5li
    [200] => iszz-258-04
    [201] => tg_cpZrEKR0IJ4S1rcmaswi8oADsic8pk
    [203] => ly-266-03
    [205] => tg_mFtD7NWQksoGcdkYjyTLyCGBW5LAiU
    [207] => tg_euSiCujjVYyRZq2bhlsayXa9gchpUb
    [208] => tg_JBTSjmYoNdCGHgEe6sdiu3Fy5l13Zg
    [209] => tg_JXdNpFL3qYrFKCQydFp9kS0Es7uq9p
    [210] => tg_3H9a1haRWXASZzcsseDOLdFDuXWGy9
    [211] => tg_YP3WF3TI3Mr7oCBqG4P1cEzXc7s0uA
    [212] => tg_4gxvdgBfeXfU0Mkm1t3kqb6ftdzOMG
    [213] => tg_KSrTmGgyDYV81i5ltvne0CVaiHhXRQ
    [214] => tg_q5tpNQkvjppy8orNkmvHjKeZoFDicc
    [215] => sji2-257-03
    [216] => tg_dE40iVMPYicK6apZag3A7mu7y50uQ9
    [217] => tg_eXfOrB7ZM7cDO2nqwzIwswNwbLhnlJ
    [218] => tg_a3MwwHqtFVIIu2wAcJtxFP9Qq6YXdU
    [220] => iszz-258-11
    [222] => tg_hgxfsHaP3Nl6ta14BIeWsy7lPXS8e2
    [223] => tg_lfUx09OXmzxWGLxjyNqiYhji1J6o3S
    [226] => tg_oAoVUwkuOeyVVQ05jZL3XRH3CJPrbR
    [227] => tg_6vi6nfVunqSTdJKQ729D5wPqwD65uc
    [229] => tg_iqfTzQ8SlRMYUsxMhhHnvScsJrc5by
    [231] => NBAftx-225-02
    [233] => tg_gxMXCdvJJOAMmzsoXJMMaU34TPUY3s
    [234] => zyj-263-03
    [236] => iszz-258-10
    [238] => iszz-258-03
    [239] => tg_gGqT8bYbaxpqLD1XpnsxYSJ3XLlWdc
    [240] => ijilz-249-03
    [241] => tg_Qo1fvJS7zsXzyA2IXbpN0O63IkFczD
    [242] => dixy-232-01
    [243] => tg_pVLKwuqunHstVkThsuG9m9ZSFNKY4Z
    [245] => tg_VY5fuFU8pF4jMVrZsTPAcRbAbM68ZA
    [247] => tg_atvkFT6WfdLvhq13SzOpitWJFgBoqu
    [248] => zyj-263-04
    [249] => tg_XsxYkTvYKaFEZLomJmAIGTxKh6t473
    [251] => tg_HlAnvCbNuM4o6gu4lj9ouY9mA4dxfQ
    [253] => tg_QZZFggp5dA4nZym1yeDjbwGvJrDxrz
    [255] => tg_rerMGmdYU9Jyeq8z0UUtJkITxPIPi2
    [256] => tg_LZVNb8oMP1vPlllm0EKGZKP5Fr09kS
    [260] => tg_Wn11xsfYxoYQKmXznDz7ic5H2PaJth
    [261] => tg_2NsHXZzeADPI3sOdsGvb5UWmUgvIq3
    [263] => tg_3GSSy8PYKoFrup8G30jsux8ihQxkGc
    [267] => tg_pdviUeEztqS8c3nE98GICfvvesETHJ
    [269] => smsjOL-247-04
    [271] => tg_Ybl9xENxHsfVBPK7IBZikgc9icV0p0
    [276] => tg_mNXK59R18xrYtoBaxWNwkKYPBuKXQp
    [281] => tg_n3qXUbsViYy6M8zO55x3jxvAMHZa2W
    [282] => tg_hNjMap3hjNuOedvUnzvAWJBXgasDJc
    [283] => iszz-258-09
    [285] => tg_au4IVxZIqUPkIsk9WHXh5V7naKiSIK
)

有效渠道个数：223
有效渠道array：
Array
(
    [0] => 2048
    [1] => 2045
    [2] => 1884
    [3] => 1877
    [4] => 1875
    [5] => 1870
    [6] => 1867
    [7] => 1859
    [8] => 1856
    [9] => 1854
    [10] => 1840
    [11] => 1839
    [12] => 1837
    [13] => 1829
    [14] => 1827
    [15] => 1825
    [16] => 1824
    [17] => 1823
    [18] => 1821
    [19] => 1819
    [20] => 1817
    [21] => 1816
    [22] => 1814
    [23] => 1811
    [24] => 1809
    [25] => 1803
    [26] => 1800
    [27] => 1650
    [28] => 1647
    [29] => 1638
    [30] => 1637
    [31] => 1631
    [32] => 1630
    [33] => 1629
    [34] => 1620
    [35] => 1618
    [36] => 1617
    [37] => 1614
    [38] => 1604
    [39] => 1603
    [40] => 1601
    [41] => 1600
    [42] => 1557
    [43] => 1555
    [44] => 1553
    [45] => 1531
    [46] => 1529
    [47] => 1524
    [48] => 1519
    [49] => 1509
    [50] => 1494
    [51] => 1491
    [52] => 1488
    [53] => 1481
    [54] => 1480
    [55] => 1478
    [56] => 1476
    [57] => 1475
    [58] => 1470
    [59] => 1464
    [60] => 1461
    [61] => 1459
    [62] => 1457
    [63] => 1430
    [64] => 1429
    [65] => 1428
    [66] => 1419
    [67] => 1417
    [68] => 1393
    [69] => 1392
    [70] => 1391
    [71] => 1389
    [72] => 1380
    [73] => 1346
    [74] => 1343
    [75] => 1338
    [76] => 1335
    [77] => 1333
    [78] => 1324
    [79] => 1306
    [80] => 1305
    [81] => 1304
    [82] => 1292
    [83] => 1280
    [84] => 1139
    [85] => 1134
    [86] => 1123
    [87] => 1120
    [88] => 1115
    [89] => 1110
    [90] => 1101
    [91] => 1077
    [92] => 1056
    [93] => 1047
    [94] => 1012
    [95] => 1009
    [96] => 999
    [97] => 998
    [98] => 971
    [99] => 947
    [100] => 946
    [101] => 944
    [102] => 942
    [103] => 941
    [104] => 915
    [105] => 914
    [106] => 913
    [107] => 885
    [108] => 881
    [109] => 876
    [110] => 873
    [111] => 872
    [112] => 871
    [113] => 867
    [114] => 866
    [115] => 860
    [116] => 857
    [117] => 856
    [118] => 855
    [119] => 854
    [120] => 851
    [121] => 850
    [122] => 843
    [123] => 836
    [124] => 825
    [125] => 800
    [126] => 799
    [127] => 798
    [128] => 785
    [129] => 775
    [130] => 771
    [131] => 758
    [132] => 753
    [133] => 751
    [134] => 750
    [135] => 728
    [136] => 727
    [137] => 717
    [138] => 713
    [139] => 697
    [140] => 696
    [141] => 694
    [142] => 689
    [143] => 686
    [144] => 685
    [145] => 683
    [146] => 680
    [147] => 679
    [148] => 678
    [149] => 677
    [150] => 658
    [151] => 657
    [152] => 656
    [153] => 616
    [154] => 611
    [155] => 609
    [156] => 593
    [157] => 589
    [158] => 588
    [159] => 581
    [160] => 579
    [161] => 572
    [162] => 563
    [163] => 562
    [164] => 536
    [165] => 535
    [166] => 533
    [167] => 528
    [168] => 527
    [169] => 526
    [170] => 478
    [171] => 477
    [172] => 476
    [173] => 462
    [174] => 460
    [175] => 456
    [176] => 453
    [177] => 443
    [178] => 441
    [179] => 439
    [180] => 433
    [181] => 429
    [182] => 416
    [183] => 409
    [184] => 407
    [185] => 405
    [186] => 404
    [187] => 403
    [188] => 399
    [189] => 398
    [190] => 396
    [191] => 392
    [192] => 389
    [193] => 386
    [194] => 384
    [195] => 382
    [196] => 381
    [197] => 380
    [198] => 379
    [199] => 377
    [200] => 374
    [201] => 373
    [202] => 371
    [203] => 370
    [204] => 369
    [205] => 368
    [206] => 324
    [207] => 319
    [208] => 309
    [209] => 300
    [210] => 297
    [211] => 296
    [212] => 295
    [213] => 293
    [214] => 289
    [215] => 273
    [216] => 270
    [217] => 262
    [218] => 223
    [219] => 174
    [220] => 167
    [221] => 141
    [222] => 14
)

