2016-10-09 00:13:15
统计当天：2016-10-08
渠道个数（即dailyaccount的个数）：6058
渠道sql：
select * from yx_tg_source S left join yx_tg_game G on S.gameid = G.gameid where S.activeflag = 1 and G.activeflag = 1 and G.isonstack = 0  and S.createtime<='2016-10-08 23:59:59' order by S.id desc
活跃渠道个数：284
活跃渠道array：
Array
(
    [0] => qqics-242-03
    [1] => tg_WObUg0waseMQMRqjvOnCzrgFmhUPVo
    [2] => tg_5OSuPn9oHty6tDThXGVcWSFPKws79c
    [3] => tg_zjUY3zgmqTzHY6gaBbz0V5axvkeADq
    [4] => tg_PEbTLGzNvnESyOdTgKbhjxMrpp6Pv1
    [5] => tg_Sewxs3XtPGOLYiORI5Pkg7odXeAKXN
    [6] => tg_xyZ3j9g1TEE5oRQ8jtjOvWp93RoO1U
    [7] => tg_REbZq3xHh7bBMYgjx9hoFuLn8zSkuc
    [8] => tg_Ns2ruyRNGIFOc1V1cNXZTgYNXxKEzX
    [9] => tg_foInmUBJTEST2FsjE393noaqCL4YDz
    [10] => tg_iqfTzQ8SlRMYUsxMhhHnvScsJrc5by
    [11] => ly-266-01
    [12] => tg_5QH6cQj37W9Aiel0tFJsWqgDtezJLR
    [13] => tg_VZuGbtPK119VaeXIfeAFPpCwPVuF4q
    [14] => tg_au4IVxZIqUPkIsk9WHXh5V7naKiSIK
    [15] => tg_1wDDLzkjbW3Pb8jzRrA01incmPqYhQ
    [16] => tg_rmk6gWq0INJZaYZ6tgqFPmq3z5eqNm
    [17] => tg_sM3nfqDJy3Vy5aPurriOPCdX9iEJma
    [18] => iszz-258-03
    [19] => tg_QKR1JJUqoPiq5aWmMPchOM6HACbhlK
    [20] => tg_ImW7KdcLDbkfZrE1j7R4jVhpShIV9N
    [21] => tg_qsnV07CXxrunsXAD8uJpw8KAtjwRUH
    [22] => tg_isZoXNhPlO746tHMSp9H4QBHsPxXNI
    [23] => tg_spVeL0duhA4o33C3XVLMLcJeGzpLLx
    [24] => tg_MwmQeDM6z2hcH7FkvAQSikHdIAwg1t
    [25] => dfi2-252-03
    [26] => tg_IHodxJNKrfS0xxajkR6tAtkpohQvUu
    [27] => tg_Wn11xsfYxoYQKmXznDz7ic5H2PaJth
    [28] => tg_Zs0k3Wft4sZSUPLhqKbS72Fumhrxnx
    [29] => tg_Uuu7DKIS1H6x1tYmIF3QwX7uhrg7pM
    [30] => tg_YP3WF3TI3Mr7oCBqG4P1cEzXc7s0uA
    [31] => tg_YSA05Nah8JewKgqX9nr7Acwb2aBxyl
    [32] => tg_euSiCujjVYyRZq2bhlsayXa9gchpUb
    [33] => xdzz-228-03
    [34] => tg_DSCeq49dAY1NXszMuPT6YSvlibLEV5
    [35] => tg_OelNZbsZicvSlFyKZY006o7gBOtSKO
    [36] => tg_xynK92e6Ss0NWnCvL8CCENHHEqAka4
    [37] => smsjOL-247-04
    [38] => iszz-258-09
    [39] => fzj-291-01
    [40] => tg_R5o8QShUV1GO4zyUU3UWozKOn12GdV
    [41] => sszj-260-03
    [42] => tg_jCHJyMptnrEeCRtLvWCna1UgFDOg12
    [43] => tg_T0Ed5mmvuRdVzcxLWCLs9R6BGf0EaP
    [44] => wd-265-03
    [45] => tg_Trn7YSQVVtNZzq3Fw768fo98JN0n65
    [46] => tg_lH8i7vtt5Vyi4nU4poSm8Iv68PqS5A
    [47] => tg_NgwIwYVjAzXZn1QBJC68rQwtm8qAnv
    [48] => tg_9wMQEwx1XSgzc6p1L1icWOicF6gRTs
    [49] => tg_wdPlPXqIiLNs9uy7Ml0oOQKl3eamzQ
    [50] => tg_XsxYkTvYKaFEZLomJmAIGTxKh6t473
    [51] => tg_2NsHXZzeADPI3sOdsGvb5UWmUgvIq3
    [52] => tg_mNXK59R18xrYtoBaxWNwkKYPBuKXQp
    [53] => tg_a5q2q9GN2xABq86jM9pwiS8iyBJVfW
    [54] => tg_JZ9J3vGNs6fiYDpid1fLVXAcdmnJGC
    [55] => tg_OR6k1HjrRFrcg1DYYkX3RZNfmsAJfA
    [56] => tg_mfofP8knkWoVx0XWJAWkwAqaf8xjNE
    [57] => tg_eKgpglHNQWuU8NNeLUHKwpPPblhbJx
    [58] => tg_QOaluxlrDrdfHirks7boYovXT5VzvN
    [59] => tg_jVaInI6nlTytxENBtvj0QGDG4ROnQZ
    [60] => tg_4xaqzJIbeZOX10X6NI4jgUD3d7kYwn
    [61] => tg_KPu4Nors1HZxKWZihYMPeXmb4uu43N
    [62] => dcfy-250-04
    [63] => tg_DLgDR06dmMa0a6U2hBofa0ahtn29UH
    [64] => tg_nIqDlZQ0dQMiGOudQVBgJ8vMzvy4ST
    [65] => tg_Uzk9TWGhQpn8JMmxrdOv3sknjw9Rpv
    [66] => tg_st0wa4bvprfn5vgfswrt8yegqb8ydb
    [68] => tg_hT9imoeBBJOa4aoOSH8s9D4nXulXQ3
    [69] => tg_2H4Lh6QFRbtPVS4psFYWJTTOhX6jay
    [70] => tg_ohkBpsfUYhZVj9odMIMj6RRXHQuf7y
    [71] => tg_ymld57G5I4vbEL4xKP4jLw7Orz8ckF
    [72] => tg_AiJwHtn43hGHh0Q6lFNUKaOFnTJSdP
    [73] => tg_USQULvLd7jEwvAnEXP6ogWMPmBcWXF
    [74] => tg_KGrCSe1a4ryaHXKDklFBnaD9pInRXq
    [75] => tg_IG3MtJ7JOXqsan5jjyzdOs1dngskIJ
    [76] => xdzz-228-01
    [77] => tkcq-429-01
    [78] => tg_FpXDuybKIJPNh59t6JyrliJWL2RGd1
    [79] => iziy-262-04
    [80] => dcfy-250-02
    [81] => tg_Spjn27BpHac5Q481Rr5zp1q1m3soZ2
    [82] => tg_n3qXUbsViYy6M8zO55x3jxvAMHZa2W
    [83] => tg_AhvgWr5nY3iUQ6aOmZ235ZRzNfupkg
    [84] => qqics-242-02
    [85] => tg_u1US2O9i4Z0zNFhwCpRHFpjjJ2Ti4w
    [86] => tg_sN4DNq0d4Vg5WHZg9OWPsd4bjkM0hL
    [87] => tg_W2pysd1dY4bhFAxFDmSbPJAAXMZAJP
    [88] => tg_2N0xHDMuHNoT51QtNa4w5UvW579Hq3
    [89] => sjzg-418-01
    [90] => tg_ceyjwgtKjdoAWvo2vbmAPUZ25nKLFW
    [91] => NBAftx-225-02
    [92] => byxxc-238-03
    [93] => tg_caJsC7EfMOzEbr9mIg1Oi8xmFBpxw6
    [94] => null
    [95] => tg_2WbWHagMS2SOb5xOSfVRLGlIn1S33u
    [96] => cbws-283-03
    [97] => tg_1UrNa6pMG9ilFEbZCPTKAY22s7V5Cz
    [98] => tg_bWN4ISOqWcdLGPLqWK0mc2Dhk0BZW3
    [99] => tg_tqrdOEQGez8JLhsu6eKlKfqBQ95Nv9
    [100] => tg_JrFLtWsbbdLYlqboVhSzzxoHROQD4k
    [101] => tg_MPv6wZlNPr7LOEpHwY19XtQ1kr7Fff
    [102] => tg_YgNaBXl7CUsjTHeNCFtq0jxD6JrqSf
    [103] => zgzt-213-01
    [104] => xyj-241-03
    [105] => tg_NIGftm0hA1EjxWm9DKPuA69NSdLiBs
    [106] => tg_lv369aN0qVNdyxeLNsOZUv42Khkq9c
    [107] => tg_2rHFTwiFSgRvTRo2gPW23V4yeuXOmT
    [108] => tg_bKnybL4otl2MtKbxCtLLDw8xA056HA
    [109] => tg_ICEcjc9rCPIBR46UAcqeZksnO8Wi9M
    [110] => tg_eNCWE4IqbTr4L3rXk6kxGeYdF0sdgw
    [111] => xyj-241-12
    [112] => 
    [113] => dfbb-261-03
    [114] => gfx-227-02
    [115] => tg_ukKVlFDkkWIyijtZbh7wQ9szez1vK1
    [116] => tg_OD7FcltYU9ZyDt7rn6beaylFAAVT5D
    [117] => tg_fqdBFYtzUJ8dwUChIkIPH4nDlnQp8j
    [118] => tg_DXLdwJFBbmEClkeZrrzUr7M0x5UknP
    [119] => tg_R8HYrK50f168ti9sOsZtaiQD2co59J
    [120] => tg_uM73vHb3tX7wOkVYYGRobZCg6rHCVT
    [121] => tg_B8hIhBmFN4X3ijAaXtsTwvigoF1oKO
    [123] => tg_MY2F10zOcgoMZXyb70X2wSeNi3RlNM
    [124] => tg_CfiAkPLcWCKERyb9IHu6Ecf4fqCN0e
    [125] => tg_9MSv9Id4g4YQ5HqkZSRgzWSsm3hDiU
    [126] => tg_ovYJpa0VxDSjfx9vB6F4bOOdyJRpkM
    [127] => tg_Ri2NPtmmh1FsYTXg1bpBcSfD0VdpP7
    [128] => tg_iCdPvpx09yXS6AqVoH99GaBcG8K6Bx
    [129] => tg_mrIHzdJ5a7cXVH9W4aDyn8BcY3sEWL
    [130] => tg_LZVNb8oMP1vPlllm0EKGZKP5Fr09kS
    [131] => tg_luMOlzXMsvqQNqaAuBhkolxOxGtjmA
    [132] => tg_E0E2nta7J3vcP1BXFdQhyTIYyLZcTh
    [133] => tg_U7dQFVw0JZmpH11lmYHLR5qIsPJy3K
    [134] => cbws-283-02
    [135] => tg_DRkQoc4JCBwlfXGBZt3S7Xe7qKbHuX
    [136] => tg_rxk5PfhQq0bSCryZmN7GIozF5JXeYS
    [137] => tg_UDyMC93nwIALdlS1mugg7eTc5SGYIU
    [139] => tg_nNPe0vpMC4ZxmitWGiEHW0gWHDpRcF
    [141] => tg_9svDGMMYJz3JrJlA5yZkJ0dVtaUb4m
    [142] => tg_D3OC96S53NgitjGQM8exL3wMjxkf4X
    [143] => tg_NvXJf5QR5tjRwPjhRNfgiEKYRFgx4r
    [144] => yxzxAPP-422-01
    [145] => tg_x7V0CXex19izghRLpbsKQuQz4iWGFy
    [146] => tg_G9yTAxWgs6kbikFA8mybpflSOxGHtl
    [147] => tg_NCP73iALs0HQvWtKPZzGiEA3HSBsAa
    [148] => tg_DwNO8ixOfJ2rY1XNclifft83mhYTi4
    [149] => tg_rZLzNO4FSdY9hoRYNqEFV16bvYXuBb
    [150] => tg_V4rCcoFzbBkK9PCpIYlOHxsf6WUDQr
    [151] => tg_jejMxEyTgyxOGvlI2GYJusOt3QDOGb
    [152] => tg_Q2b1rjqmySzYHTs1i9OWePb2NaBcGB
    [153] => tg_vC2YDzjcVUC15FGQBPgLNxYeO7Z5SQ
    [154] => tg_2ARVHpH2uWK1GKxxu0Zg0YChSYsj0O
    [156] => tg_JYWGy6Lv2jwnMs8SqyRiEdd3aHRvvv
    [157] => tg_Q0OXBqTKUT4gxwLdq8cEyinsbxvWsh
    [158] => tg_IB6hnKY9LuosneMkON6vp3eobulWK3
    [159] => sbkcq-294-01
    [160] => tg_VD9fabmjMTqKUo3zGp3UHnyM0FohMB
    [161] => tg_4gxvdgBfeXfU0Mkm1t3kqb6ftdzOMG
    [162] => tg_ODoUx9rQG9p7rnBZM2d19F8EQZ5utc
    [163] => tg_HAE4GeBnupqKgTMoKVfdqFSpbGZqdw
    [164] => tg_GXKFwldOWDrQ9XB8plFtCj91dyXAIh
    [165] => tg_9exPJH0wBZ8HTOnBGIBAUy7Pd5KItg
    [166] => jymf-237-03
    [167] => iszz-258-10
    [168] => tg_oRr8aA1QCzsoU5qSPqYmMCuQ9sNmcg
    [169] => tg_OU20Xikl0SbparapZGvkebqzKhWQRE
    [170] => tg_SWqbqvLqDQyYjsG9jBBHZo8bF5l6yj
    [171] => tg_BzSlq616dainWOMpgxtFCfaqMVWg3j
    [172] => dixy-232-03
    [173] => tg_HlAnvCbNuM4o6gu4lj9ouY9mA4dxfQ
    [174] => tg_BX7jbPiBrO3Lbj4y7kRa9Zw7d5W5pt
    [175] => tg_Gejy6CaJU0EYR82x85J7TjKGPjSSZY
    [176] => tg_5tm9Wg2AXqKDoIwYbz1h5YBQ4FS8P3
    [177] => tg_IkrlXzTXRIz8Ff1EmFcvknDMveHyZy
    [178] => tg_rRyHzAFMUdV7axvQjFOLFWcimW2ISs
    [179] => tg_xBuL3S9TdcaQpVCpOs55vAmiUv8Ix9
    [180] => zyj-263-03
    [181] => iszz-258-04
    [182] => tg_WCkCTf0pTrn8wT5Vga2ak2u2b6U4jG
    [183] => tg_B2gRz6KoFotcJwvqLHiYqclhTRZjAI
    [185] => tg_73mHAOuM3KdQa6oKLLG6XZgNWYlZCU
    [186] => tg_mcEuJVtSvdAtVUENaRDVMBLSq8APnS
    [187] => tg_XFjHfg1mv3pPvJKCJ0JShkY18TdXxi
    [188] => dixy-232-02
    [189] => tg_dE40iVMPYicK6apZag3A7mu7y50uQ9
    [190] => tg_xyeEpNy38LrPrmO7kN8DtktaBlDieY
    [191] => tg_1EINsQaerAIg5QtrK92gm7n6zSfR7D
    [192] => xyj-241-02
    [193] => tg_9v3y1tH8IID2ObAOh7tIrIqGPUL5li
    [194] => sdyxc3D-243-03
    [195] => tg_o028lSVS26po0ZFjgGHlegKtggqz9S
    [196] => sji2-257-03
    [197] => tg_1t8ZHkzHsOjjfBQdO8Sp6xQb4Jqv5N
    [198] => tg_vHJuYyncAfyWx0OBOTNBzBs4VDbYKa
    [199] => tg_Ol1QFxsnwmPTIifUX1pY0CFdr9g2cW
    [200] => tg_AsxPJXxY4WyybvnM7G2sf9DlUpfLcS
    [201] => tg_NO44EDPcEL3s66lwa9yRtCs9aY1gjc
    [202] => tg_prw2gIFGyrnJH79P6pDgYGJjanWPHY
    [203] => wd-265-02
    [204] => tg_fGavmBEmEeJaNl84wbOJXtzYoz3ImT
    [206] => ly-266-03
    [207] => tg_YdzBBvglsoXidJdKCmWrG85bql5kG4
    [208] => zyj-263-04
    [209] => tg_ztpR2HKML8hJFjprho1zfbkV0imFp4
    [211] => tg_OfaE1oD9jOkeCrMxFmwZmT29Ew1L5z
    [212] => tg_howgDJMf8H0nC23KdM8cLLhsk330Sj
    [213] => dixy-232-01
    [215] => tg_ZZgcgW1UXMwmQ7XrtNJNYgILCHkhvx
    [216] => tg_Zoks2ueLqNQh9bkP9F8nWgWxgVN4a3
    [218] => tg_c0mUBBrcogdE5UvZCY2HnsSHyc6ePs
    [219] => tg_cpZrEKR0IJ4S1rcmaswi8oADsic8pk
    [220] => tg_hGFVwlehGMFc5AVTI0APT2AXvSQeGu
    [221] => tg_R1RDVqNHRQXgl4KJSMyZU2Tno2K9bg
    [222] => tg_CWHe7Hrfhl6JXuwTQhogiVXlCxO6f0
    [223] => tg_z037kSsOTpOe64cmjLjl1nUsQAoDwW
    [224] => tg_6vi6nfVunqSTdJKQ729D5wPqwD65uc
    [225] => tg_iTu7R5kBoS3ZwvVAV0dsCpeGvSwNDW
    [226] => tg_xX5O7gsz5V7ioS8CXkxejkdaaSilqn
    [228] => tg_PXQG1MoeGb9uQy94DtZg3mBtr0ErUI
    [229] => tg_uRPJgNFRkhP1SYEz7vGMLo5cLwr10j
    [230] => ijilz-249-03
    [232] => tg_oGuXovKoRUbLPmHuvs3UuIE9aeMS2u
    [234] => tg_Qo1fvJS7zsXzyA2IXbpN0O63IkFczD
    [235] => tg_q4hI4MqWZwu7ac1kh5pn4KFdNgeV4y
    [236] => gfx-227-03
    [237] => tg_quBxwsHLnDcetKwYUeL0ZwGVhOWJvs
    [238] => iszz-258-11
    [239] => tg_KSrTmGgyDYV81i5ltvne0CVaiHhXRQ
    [240] => dfi2-252-02
    [241] => tg_eXfOrB7ZM7cDO2nqwzIwswNwbLhnlJ
    [242] => xdzz-228-02
    [244] => tg_Yu783LP9jjPQKkQ4gZ37LJqiGsa8F2
    [246] => tg_vCsJpv46Zy29l982dIplz8UWDvylOA
    [247] => tg_hgxfsHaP3Nl6ta14BIeWsy7lPXS8e2
    [248] => tg_gxMXCdvJJOAMmzsoXJMMaU34TPUY3s
    [249] => tg_QNIdVsHmq2UJ0KNrgyokjQkFMiWOhX
    [250] => tg_JlRqvBfsks2ni5ghWQqYA730uapFrC
    [251] => tg_C279T8XrdTVBzfahN2pau9nO3JhRif
    [252] => tg_vfaj7fCIWHRW8AF6lOhWStml7M07BG
    [254] => tg_yguQaDrCX4sRHyusZCmoIu2wxKyPTv
    [255] => tg_a3MwwHqtFVIIu2wAcJtxFP9Qq6YXdU
    [256] => iszz-258-02
    [257] => tg_KMpuyo1EOdaG6l4RIJxknESqe8i1do
    [258] => tg_QZZFggp5dA4nZym1yeDjbwGvJrDxrz
    [260] => tg_pbdbbYp6CP7zmUcKsYxbNotXs9ZNFJ
    [261] => tg_e1XmOfhhxXMfenNMZuYv78znuFefbr
    [262] => tg_pdviUeEztqS8c3nE98GICfvvesETHJ
    [263] => tg_3H9a1haRWXASZzcsseDOLdFDuXWGy9
    [264] => tg_hjdu6ORJM7OG8QrXFIcC2xcYVRv9Dr
    [267] => tg_ExtRRmq70LZ5cPOsbOSWEzt7KRjR70
    [268] => tg_zlmQ1MYrs3puVAfAUySNfxp8DprrcN
    [269] => iziy-262-03
    [270] => tg_Gl4B6QurIAtwce1L8X9Drz0yYnpQAo
    [271] => tg_bemh9vIE1yhl2WLX8PC3K4kt6T56sl
    [272] => tg_Hllcezo5vcG6IuqIwwwGQ0oYw0mGPL
    [273] => tg_rerMGmdYU9Jyeq8z0UUtJkITxPIPi2
    [275] => tg_3GSSy8PYKoFrup8G30jsux8ihQxkGc
    [277] => tg_Ybl9xENxHsfVBPK7IBZikgc9icV0p0
    [278] => tg_NKOwsJ0b1FzamrotErpd6jgYsKAN2v
    [281] => tg_V3ZMC6AaWAUIgoEVwUp5VmHPypL3p1
    [283] => tg_uYQsNlH1kqwKDEH4xABqHPfGQdgA9v
    [284] => tg_AXIXnbBwMpJMQDEe2VSEWJmTX2afnP
    [287] => tg_Ok1V5icI9vmONx23EKbYHVP56i1pYd
    [288] => tg_1nGplhQDLUI1MZSEUXMNUL84CHOPpX
    [291] => tg_JXdNpFL3qYrFKCQydFp9kS0Es7uq9p
    [294] => tg_9L7imM0iNMHDvx030tEttb2gY6yAvf
    [295] => tg_v2aSduKnJJ5NKXAAkCTPEOYo7JnS94
    [300] => tg_Ylsw4PyijBADuMjBqAvjXxmuH9Wj3F
    [301] => tg_mFtD7NWQksoGcdkYjyTLyCGBW5LAiU
    [302] => tg_g7ZxSv4gz7VPwWmtBN4Rua0RkQd3SI
    [303] => tg_aFWrMTmCWEE0kaQmPHz5pWXf54vm83
    [304] => tg_q5tpNQkvjppy8orNkmvHjKeZoFDicc
    [305] => tg_MgtczvSC2Y8RhwzpkFMfLrp6BnzFJA
    [306] => tg_It3ZrGnxHnT527Li1JsFPEbAXHFsnx
    [307] => tg_G7iLAMkERZ5ZZ4eotZjjQMghR4aFpd
    [310] => tg_gGqT8bYbaxpqLD1XpnsxYSJ3XLlWdc
    [314] => tg_oAoVUwkuOeyVVQ05jZL3XRH3CJPrbR
    [315] => tg_VY5fuFU8pF4jMVrZsTPAcRbAbM68ZA
    [316] => tg_5OfKZXixp7CjR7XPU0W90lqqqTFk5J
    [317] => tg_hfQFP1T5unIBwVwmYZ84lmbLUk6Hql
    [318] => tg_lfUx09OXmzxWGLxjyNqiYhji1J6o3S
    [320] => tg_tWxsqLc2DyZW0xhEjU2AGnkAg8rSzH
    [325] => tg_iNBVgkrz7R1IOCXEEJfkIlPzdSGnyI
    [329] => tg_JJZYD6SJy3SJ6c0AKRp1GmB5UqZ2jg
    [332] => tg_pVLKwuqunHstVkThsuG9m9ZSFNKY4Z
)

有效渠道个数：268
有效渠道array：
Array
(
    [0] => 6468
    [1] => 6447
    [2] => 6435
    [3] => 6426
    [4] => 6421
    [5] => 6253
    [6] => 6251
    [7] => 5728
    [8] => 5727
    [9] => 5726
    [10] => 5717
    [11] => 4637
    [12] => 4575
    [13] => 4243
    [14] => 4215
    [15] => 4094
    [16] => 2547
    [17] => 2505
    [18] => 2446
    [19] => 2437
    [20] => 2434
    [21] => 2407
    [22] => 2402
    [23] => 2395
    [24] => 2394
    [25] => 2393
    [26] => 2391
    [27] => 2388
    [28] => 2387
    [29] => 2386
    [30] => 2385
    [31] => 2382
    [32] => 2381
    [33] => 2377
    [34] => 2282
    [35] => 2280
    [36] => 2274
    [37] => 2273
    [38] => 2271
    [39] => 2270
    [40] => 2269
    [41] => 2268
    [42] => 2267
    [43] => 2266
    [44] => 2265
    [45] => 2264
    [46] => 2263
    [47] => 2262
    [48] => 2260
    [49] => 2259
    [50] => 2258
    [51] => 2256
    [52] => 2255
    [53] => 2254
    [54] => 2231
    [55] => 2226
    [56] => 2221
    [57] => 2218
    [58] => 2215
    [59] => 2210
    [60] => 2102
    [61] => 2099
    [62] => 2090
    [63] => 2074
    [64] => 2073
    [65] => 2055
    [66] => 2045
    [67] => 1896
    [68] => 1884
    [69] => 1877
    [70] => 1875
    [71] => 1872
    [72] => 1870
    [73] => 1868
    [74] => 1867
    [75] => 1859
    [76] => 1856
    [77] => 1854
    [78] => 1837
    [79] => 1825
    [80] => 1824
    [81] => 1823
    [82] => 1821
    [83] => 1814
    [84] => 1809
    [85] => 1803
    [86] => 1801
    [87] => 1800
    [88] => 1650
    [89] => 1647
    [90] => 1638
    [91] => 1637
    [92] => 1631
    [93] => 1630
    [94] => 1629
    [95] => 1620
    [96] => 1618
    [97] => 1617
    [98] => 1604
    [99] => 1601
    [100] => 1595
    [101] => 1559
    [102] => 1557
    [103] => 1555
    [104] => 1553
    [105] => 1531
    [106] => 1526
    [107] => 1524
    [108] => 1519
    [109] => 1491
    [110] => 1488
    [111] => 1481
    [112] => 1480
    [113] => 1476
    [114] => 1475
    [115] => 1470
    [116] => 1464
    [117] => 1459
    [118] => 1457
    [119] => 1452
    [120] => 1438
    [121] => 1436
    [122] => 1431
    [123] => 1428
    [124] => 1419
    [125] => 1417
    [126] => 1393
    [127] => 1392
    [128] => 1389
    [129] => 1380
    [130] => 1372
    [131] => 1346
    [132] => 1344
    [133] => 1343
    [134] => 1338
    [135] => 1337
    [136] => 1335
    [137] => 1324
    [138] => 1306
    [139] => 1305
    [140] => 1304
    [141] => 1292
    [142] => 1280
    [143] => 1139
    [144] => 1134
    [145] => 1123
    [146] => 1120
    [147] => 1115
    [148] => 1110
    [149] => 1101
    [150] => 1077
    [151] => 1056
    [152] => 1053
    [153] => 1012
    [154] => 1009
    [155] => 999
    [156] => 998
    [157] => 971
    [158] => 946
    [159] => 944
    [160] => 915
    [161] => 913
    [162] => 876
    [163] => 873
    [164] => 872
    [165] => 871
    [166] => 867
    [167] => 866
    [168] => 860
    [169] => 857
    [170] => 855
    [171] => 851
    [172] => 850
    [173] => 843
    [174] => 836
    [175] => 825
    [176] => 800
    [177] => 799
    [178] => 798
    [179] => 785
    [180] => 775
    [181] => 758
    [182] => 753
    [183] => 751
    [184] => 728
    [185] => 725
    [186] => 724
    [187] => 717
    [188] => 713
    [189] => 697
    [190] => 696
    [191] => 694
    [192] => 689
    [193] => 686
    [194] => 685
    [195] => 683
    [196] => 680
    [197] => 677
    [198] => 657
    [199] => 656
    [200] => 654
    [201] => 616
    [202] => 615
    [203] => 593
    [204] => 589
    [205] => 588
    [206] => 581
    [207] => 579
    [208] => 572
    [209] => 563
    [210] => 562
    [211] => 536
    [212] => 535
    [213] => 533
    [214] => 528
    [215] => 527
    [216] => 526
    [217] => 478
    [218] => 477
    [219] => 476
    [220] => 464
    [221] => 462
    [222] => 460
    [223] => 456
    [224] => 453
    [225] => 441
    [226] => 439
    [227] => 433
    [228] => 430
    [229] => 429
    [230] => 416
    [231] => 412
    [232] => 409
    [233] => 407
    [234] => 405
    [235] => 404
    [236] => 403
    [237] => 399
    [238] => 396
    [239] => 392
    [240] => 389
    [241] => 386
    [242] => 384
    [243] => 380
    [244] => 379
    [245] => 377
    [246] => 374
    [247] => 373
    [248] => 371
    [249] => 370
    [250] => 369
    [251] => 368
    [252] => 324
    [253] => 311
    [254] => 309
    [255] => 303
    [256] => 300
    [257] => 297
    [258] => 296
    [259] => 295
    [260] => 293
    [261] => 270
    [262] => 262
    [263] => 223
    [264] => 167
    [265] => 151
    [266] => 141
    [267] => 14
)

