2016-09-16 00:12:22
统计当天：2016-09-15
渠道个数（即dailyaccount的个数）：1966
渠道sql：
select * from yx_tg_source S left join yx_tg_game G on S.gameid = G.gameid where S.activeflag = 1 and G.activeflag = 1 and G.isonstack = 0  and S.createtime<='2016-09-15 23:59:59' order by S.id desc
活跃渠道个数：245
活跃渠道array：
Array
(
    [0] => tg_u1US2O9i4Z0zNFhwCpRHFpjjJ2Ti4w
    [1] => tg_3GSSy8PYKoFrup8G30jsux8ihQxkGc
    [2] => tg_7WG5JTm3uW8NzqDodtjpwGYbm5j8oL
    [3] => COK-223-02
    [4] => ijilz-249-03
    [5] => tg_5QH6cQj37W9Aiel0tFJsWqgDtezJLR
    [6] => tg_AiJwHtn43hGHh0Q6lFNUKaOFnTJSdP
    [7] => iziy-262-03
    [8] => tg_5OSuPn9oHty6tDThXGVcWSFPKws79c
    [9] => tg_iNBVgkrz7R1IOCXEEJfkIlPzdSGnyI
    [10] => tg_vfaj7fCIWHRW8AF6lOhWStml7M07BG
    [11] => qqics-242-03
    [12] => tg_OfaE1oD9jOkeCrMxFmwZmT29Ew1L5z
    [13] => tg_Sewxs3XtPGOLYiORI5Pkg7odXeAKXN
    [14] => tg_foInmUBJTEST2FsjE393noaqCL4YDz
    [15] => tg_spVeL0duhA4o33C3XVLMLcJeGzpLLx
    [16] => tg_T0Ed5mmvuRdVzcxLWCLs9R6BGf0EaP
    [17] => tg_R1RDVqNHRQXgl4KJSMyZU2Tno2K9bg
    [18] => tg_HlAnvCbNuM4o6gu4lj9ouY9mA4dxfQ
    [19] => fzj-291-01
    [20] => tg_hfQFP1T5unIBwVwmYZ84lmbLUk6Hql
    [21] => sji2-257-03
    [22] => smsjOL-247-04
    [23] => xdzz-228-03
    [24] => tg_IHodxJNKrfS0xxajkR6tAtkpohQvUu
    [25] => tg_2WbWHagMS2SOb5xOSfVRLGlIn1S33u
    [26] => sszj-260-03
    [27] => tg_Ybl9xENxHsfVBPK7IBZikgc9icV0p0
    [28] => sdyxc3D-243-03
    [29] => tg_caJsC7EfMOzEbr9mIg1Oi8xmFBpxw6
    [30] => tg_Trn7YSQVVtNZzq3Fw768fo98JN0n65
    [31] => tg_PXQG1MoeGb9uQy94DtZg3mBtr0ErUI
    [32] => tg_sM3nfqDJy3Vy5aPurriOPCdX9iEJma
    [33] => dfi2-252-03
    [34] => tg_AXIXnbBwMpJMQDEe2VSEWJmTX2afnP
    [35] => tg_jCHJyMptnrEeCRtLvWCna1UgFDOg12
    [36] => tg_Hllcezo5vcG6IuqIwwwGQ0oYw0mGPL
    [37] => tg_2NsHXZzeADPI3sOdsGvb5UWmUgvIq3
    [38] => tg_rZLzNO4FSdY9hoRYNqEFV16bvYXuBb
    [39] => tg_5OfKZXixp7CjR7XPU0W90lqqqTFk5J
    [40] => tg_v7Jb3BIDODCQ1VtgtfAmw7kXJEEPfK
    [41] => tg_iqfTzQ8SlRMYUsxMhhHnvScsJrc5by
    [42] => tg_MwmQeDM6z2hcH7FkvAQSikHdIAwg1t
    [43] => tg_isZoXNhPlO746tHMSp9H4QBHsPxXNI
    [44] => COK-223-01
    [45] => zyj-263-04
    [46] => tg_Ol1QFxsnwmPTIifUX1pY0CFdr9g2cW
    [47] => tg_hGFVwlehGMFc5AVTI0APT2AXvSQeGu
    [48] => wd-265-03
    [49] => tg_au4IVxZIqUPkIsk9WHXh5V7naKiSIK
    [50] => tg_zRnBcW23chp2xLf0qaD1SZynlCrOYp
    [51] => iszz-258-03
    [52] => tg_a5q2q9GN2xABq86jM9pwiS8iyBJVfW
    [53] => tg_JZ9J3vGNs6fiYDpid1fLVXAcdmnJGC
    [54] => tg_V3ZMC6AaWAUIgoEVwUp5VmHPypL3p1
    [55] => tg_XsxYkTvYKaFEZLomJmAIGTxKh6t473
    [56] => tg_OelNZbsZicvSlFyKZY006o7gBOtSKO
    [57] => tg_9wMQEwx1XSgzc6p1L1icWOicF6gRTs
    [58] => tg_NgwIwYVjAzXZn1QBJC68rQwtm8qAnv
    [59] => tg_Gejy6CaJU0EYR82x85J7TjKGPjSSZY
    [60] => tg_lH8i7vtt5Vyi4nU4poSm8Iv68PqS5A
    [61] => tg_Zs0k3Wft4sZSUPLhqKbS72Fumhrxnx
    [62] => tg_Wn11xsfYxoYQKmXznDz7ic5H2PaJth
    [63] => tg_DSCeq49dAY1NXszMuPT6YSvlibLEV5
    [64] => tg_Ns2ruyRNGIFOc1V1cNXZTgYNXxKEzX
    [65] => tg_SWqbqvLqDQyYjsG9jBBHZo8bF5l6yj
    [66] => xdzz-228-01
    [67] => tg_jOO61E4BopMsYl1t1Hp3H7ZJuq0vlO
    [68] => tg_PmAyr0IlfYftITdz5mJ4tk275XA5LQ
    [69] => dixl-277-03
    [70] => tg_DwNO8ixOfJ2rY1XNclifft83mhYTi4
    [71] => tg_YgNaBXl7CUsjTHeNCFtq0jxD6JrqSf
    [72] => tg_Nc0TlciG0UmfWoTeOnldJ1rTU6XeE9
    [73] => tg_65d7Umo1mRGTuGyBBv8r8fwlmHxuTY
    [74] => tg_6jUp3DnwQlVKwly7ksK225akkquoO3
    [76] => tg_qTMHsZ9dmlMSRtUnljhKCgf8Q3vMQu
    [77] => tg_jVaInI6nlTytxENBtvj0QGDG4ROnQZ
    [78] => tg_mrIHzdJ5a7cXVH9W4aDyn8BcY3sEWL
    [79] => tg_9qi3bVuFrRYnjckoJq4Dtos0NVwJYt
    [80] => tg_U29cGDHCcVOBa07j7jJvkgp23MCXxa
    [81] => tg_gmGBJLUxtvjdnPhUorFlyCvvcGcimv
    [82] => tg_Xme0mcK46cXMWpVwAxxjMnEiuWYXuW
    [84] => gfx-227-01
    [85] => tg_o028lSVS26po0ZFjgGHlegKtggqz9S
    [86] => gfx-227-02
    [87] => tg_OR6k1HjrRFrcg1DYYkX3RZNfmsAJfA
    [88] => tg_jlkC6X8s1QpUpkaUOzJ2fGYI7vjo37
    [89] => tg_db29xoSxWEaiCdYcoshsgAGjHxgURp
    [90] => tg_N3Y6HlcJyMSdlMg4vi2FcTbQYGKkxZ
    [91] => dfbb-261-03
    [92] => tg_rRkZhxKJLkEkZmjdQjKd7tjDz8Ko6D
    [93] => tg_L4b9y9jkPeClOLmOuVH9PTWnXv2R2K
    [94] => tg_rxk5PfhQq0bSCryZmN7GIozF5JXeYS
    [95] => tg_oRr8aA1QCzsoU5qSPqYmMCuQ9sNmcg
    [96] => tg_CzAs7KojtFjuTDyUcuBu0J6ECOeMUh
    [97] => tg_ceyjwgtKjdoAWvo2vbmAPUZ25nKLFW
    [98] => tg_USQULvLd7jEwvAnEXP6ogWMPmBcWXF
    [99] => tg_luMOlzXMsvqQNqaAuBhkolxOxGtjmA
    [101] => tg_U7dQFVw0JZmpH11lmYHLR5qIsPJy3K
    [103] => tg_ukKVlFDkkWIyijtZbh7wQ9szez1vK1
    [104] => tg_NIGftm0hA1EjxWm9DKPuA69NSdLiBs
    [105] => cbws-283-02
    [106] => tg_7ygUWViw2QMvlKmC2Pi0MP5W6qypmc
    [107] => tg_oYeamNiVoPhCQ43VMK6OhFySsqpVbh
    [108] => tg_Ri2NPtmmh1FsYTXg1bpBcSfD0VdpP7
    [109] => cbws-283-03
    [110] => tg_Fd3SdzZtnTEsxDiZUdbgxPg5RxVWFv
    [111] => wd-265-01
    [112] => iszz-258-11
    [113] => tg_n3qXUbsViYy6M8zO55x3jxvAMHZa2W
    [115] => tg_I0YvXhD2svI5uMg8BdLS62F6ZFzP9c
    [116] => tg_oGuXovKoRUbLPmHuvs3UuIE9aeMS2u
    [117] => zyj-263-03
    [118] => tg_VY5fuFU8pF4jMVrZsTPAcRbAbM68ZA
    [119] => tg_GXKFwldOWDrQ9XB8plFtCj91dyXAIh
    [120] => tg_1EINsQaerAIg5QtrK92gm7n6zSfR7D
    [121] => tg_c0mUBBrcogdE5UvZCY2HnsSHyc6ePs
    [122] => tg_radynjycJycQAFuAfK5GP6rDqGT6ed
    [123] => tg_ymld57G5I4vbEL4xKP4jLw7Orz8ckF
    [124] => tg_jejMxEyTgyxOGvlI2GYJusOt3QDOGb
    [125] => tg_GMTqei4u3HsEi273emHLsPpYI3B6DW
    [126] => tg_vCsJpv46Zy29l982dIplz8UWDvylOA
    [128] => tg_qHza9gIeJGTH2MKaWSDdJWO2bAcfty
    [129] => tg_D3OC96S53NgitjGQM8exL3wMjxkf4X
    [130] => tg_BX7jbPiBrO3Lbj4y7kRa9Zw7d5W5pt
    [131] => iziy-262-04
    [132] => tg_CMn3QsdnmrYBklOoZVQMNZsa0x91F5
    [133] => tg_ExtRRmq70LZ5cPOsbOSWEzt7KRjR70
    [134] => tg_2ARVHpH2uWK1GKxxu0Zg0YChSYsj0O
    [135] => tg_9svDGMMYJz3JrJlA5yZkJ0dVtaUb4m
    [136] => tg_vHJuYyncAfyWx0OBOTNBzBs4VDbYKa
    [137] => tg_YP3WF3TI3Mr7oCBqG4P1cEzXc7s0uA
    [138] => tg_kvTh1eV254JKcMoQPmaF50ZSF2YI8r
    [139] => tg_Q0OXBqTKUT4gxwLdq8cEyinsbxvWsh
    [140] => tg_pdviUeEztqS8c3nE98GICfvvesETHJ
    [142] => xdzz-228-02
    [143] => tg_ICEcjc9rCPIBR46UAcqeZksnO8Wi9M
    [144] => lwzr-239-03
    [145] => tg_QZZFggp5dA4nZym1yeDjbwGvJrDxrz
    [146] => tg_v2Qd56QlqG5MyJCuSizLIu252lHZgr
    [147] => tg_IG3MtJ7JOXqsan5jjyzdOs1dngskIJ
    [148] => tg_xX5O7gsz5V7ioS8CXkxejkdaaSilqn
    [150] => tg_q4hI4MqWZwu7ac1kh5pn4KFdNgeV4y
    [151] => tg_OU20Xikl0SbparapZGvkebqzKhWQRE
    [152] => tg_dE40iVMPYicK6apZag3A7mu7y50uQ9
    [153] => tg_YEGigjvUVMhHY4g2vs3HBjFuRhLdgZ
    [154] => tg_ZPo6AUjenS3o8rOmul8XP3mZ4bHixh
    [156] => tg_4xaqzJIbeZOX10X6NI4jgUD3d7kYwn
    [158] => tg_WCkCTf0pTrn8wT5Vga2ak2u2b6U4jG
    [159] => tg_6vi6nfVunqSTdJKQ729D5wPqwD65uc
    [160] => tg_BzSlq616dainWOMpgxtFCfaqMVWg3j
    [161] => tg_HAE4GeBnupqKgTMoKVfdqFSpbGZqdw
    [162] => gfx-227-03
    [163] => tg_WObUg0waseMQMRqjvOnCzrgFmhUPVo
    [164] => tg_mcEuJVtSvdAtVUENaRDVMBLSq8APnS
    [165] => tg_V4rCcoFzbBkK9PCpIYlOHxsf6WUDQr
    [166] => xyj-241-02
    [167] => tg_x7V0CXex19izghRLpbsKQuQz4iWGFy
    [168] => tg_4gxvdgBfeXfU0Mkm1t3kqb6ftdzOMG
    [170] => tg_e1XmOfhhxXMfenNMZuYv78znuFefbr
    [171] => tg_W2pysd1dY4bhFAxFDmSbPJAAXMZAJP
    [172] => tg_eKgpglHNQWuU8NNeLUHKwpPPblhbJx
    [174] => xyj-241-03
    [176] => tg_wdPlPXqIiLNs9uy7Ml0oOQKl3eamzQ
    [177] => tg_iTu7R5kBoS3ZwvVAV0dsCpeGvSwNDW
    [178] => tg_CWHe7Hrfhl6JXuwTQhogiVXlCxO6f0
    [179] => iziy-262-02
    [180] => tg_v2aSduKnJJ5NKXAAkCTPEOYo7JnS94
    [181] => tg_iCdPvpx09yXS6AqVoH99GaBcG8K6Bx
    [182] => tg_hjdu6ORJM7OG8QrXFIcC2xcYVRv9Dr
    [183] => dixy-232-03
    [184] => tg_JYWGy6Lv2jwnMs8SqyRiEdd3aHRvvv
    [185] => tg_K0pEZu5hdS2GSPqNeZag1EHxsLH3vM
    [186] => iszz-258-02
    [187] => tg_E0E2nta7J3vcP1BXFdQhyTIYyLZcTh
    [188] => tg_vC2YDzjcVUC15FGQBPgLNxYeO7Z5SQ
    [189] => tg_jNunGqghkS0SB2hrtCwiMYfiqW1ENF
    [190] => tg_euSiCujjVYyRZq2bhlsayXa9gchpUb
    [191] => tg_yguQaDrCX4sRHyusZCmoIu2wxKyPTv
    [192] => tg_KMpuyo1EOdaG6l4RIJxknESqe8i1do
    [193] => tg_Gl4B6QurIAtwce1L8X9Drz0yYnpQAo
    [194] => tg_4lRiisZH0JDrv5SjTFuyTrjTfz9HlH
    [195] => tg_9exPJH0wBZ8HTOnBGIBAUy7Pd5KItg
    [196] => tg_ztpR2HKML8hJFjprho1zfbkV0imFp4
    [197] => tg_OD7FcltYU9ZyDt7rn6beaylFAAVT5D
    [198] => tg_77gFvmZyqqb5ZTA3643TFpwCYz8Jas
    [200] => tg_Qo1fvJS7zsXzyA2IXbpN0O63IkFczD
    [202] => tg_tqrdOEQGez8JLhsu6eKlKfqBQ95Nv9
    [203] => tg_nUF6Q9QCrCJIIFKQ0wbhKQRUcRxZkQ
    [204] => tg_a3MwwHqtFVIIu2wAcJtxFP9Qq6YXdU
    [205] => tg_Uzk9TWGhQpn8JMmxrdOv3sknjw9Rpv
    [206] => tg_Yu783LP9jjPQKkQ4gZ37LJqiGsa8F2
    [207] => tg_NCP73iALs0HQvWtKPZzGiEA3HSBsAa
    [208] => tg_fDPOX97e8cE8kTFCplIQ5lhboRmcwO
    [211] => tg_3H9a1haRWXASZzcsseDOLdFDuXWGy9
    [212] => tg_Ylsw4PyijBADuMjBqAvjXxmuH9Wj3F
    [217] => tg_JXdNpFL3qYrFKCQydFp9kS0Es7uq9p
    [218] => dixy-232-02
    [219] => tg_zjUY3zgmqTzHY6gaBbz0V5axvkeADq
    [220] => qyz-391-01
    [221] => iszz-258-04
    [222] => iszz-258-10
    [223] => tg_rRyHzAFMUdV7axvQjFOLFWcimW2ISs
    [224] => tg_hNjMap3hjNuOedvUnzvAWJBXgasDJc
    [226] => byxxc-238-03
    [227] => wd-265-02
    [229] => tg_cpZrEKR0IJ4S1rcmaswi8oADsic8pk
    [230] => tg_lCJYqGb6SZqrkFLya5lrzcauMahixa
    [231] => 
    [232] => tg_uRPJgNFRkhP1SYEz7vGMLo5cLwr10j
    [233] => tg_gxMXCdvJJOAMmzsoXJMMaU34TPUY3s
    [234] => dixy-232-01
    [235] => tg_xyeEpNy38LrPrmO7kN8DtktaBlDieY
    [236] => tg_tWxsqLc2DyZW0xhEjU2AGnkAg8rSzH
    [238] => tg_Ok1V5icI9vmONx23EKbYHVP56i1pYd
    [239] => tg_Uuu7DKIS1H6x1tYmIF3QwX7uhrg7pM
    [240] => jymf-237-03
    [242] => tg_eXfOrB7ZM7cDO2nqwzIwswNwbLhnlJ
    [243] => tg_rmk6gWq0INJZaYZ6tgqFPmq3z5eqNm
    [245] => tg_lfUx09OXmzxWGLxjyNqiYhji1J6o3S
    [246] => tg_hgxfsHaP3Nl6ta14BIeWsy7lPXS8e2
    [247] => tg_NO44EDPcEL3s66lwa9yRtCs9aY1gjc
    [252] => tg_bWN4ISOqWcdLGPLqWK0mc2Dhk0BZW3
    [253] => tg_YdzBBvglsoXidJdKCmWrG85bql5kG4
    [256] => tg_gGqT8bYbaxpqLD1XpnsxYSJ3XLlWdc
    [257] => tg_KSrTmGgyDYV81i5ltvne0CVaiHhXRQ
    [259] => tg_YSA05Nah8JewKgqX9nr7Acwb2aBxyl
    [264] => ly-266-03
    [273] => NBAftx-225-02
    [276] => tg_aFWrMTmCWEE0kaQmPHz5pWXf54vm83
    [282] => tg_9L7imM0iNMHDvx030tEttb2gY6yAvf
    [283] => tg_mFtD7NWQksoGcdkYjyTLyCGBW5LAiU
    [284] => tg_MgtczvSC2Y8RhwzpkFMfLrp6BnzFJA
    [285] => tg_9v3y1tH8IID2ObAOh7tIrIqGPUL5li
    [286] => tg_1nGplhQDLUI1MZSEUXMNUL84CHOPpX
    [287] => tg_VZuGbtPK119VaeXIfeAFPpCwPVuF4q
    [288] => tg_G7iLAMkERZ5ZZ4eotZjjQMghR4aFpd
    [290] => tg_oAoVUwkuOeyVVQ05jZL3XRH3CJPrbR
    [292] => tg_q5tpNQkvjppy8orNkmvHjKeZoFDicc
    [298] => tg_pVLKwuqunHstVkThsuG9m9ZSFNKY4Z
    [300] => iszz-258-09
    [301] => tg_mNXK59R18xrYtoBaxWNwkKYPBuKXQp
    [304] => tg_xynK92e6Ss0NWnCvL8CCENHHEqAka4
    [305] => tg_rerMGmdYU9Jyeq8z0UUtJkITxPIPi2
    [333] => xyj-241-17
)

有效渠道个数：233
有效渠道array：
Array
(
    [0] => 2094
    [1] => 2090
    [2] => 2078
    [3] => 2074
    [4] => 2073
    [5] => 2058
    [6] => 2045
    [7] => 1884
    [8] => 1877
    [9] => 1876
    [10] => 1875
    [11] => 1872
    [12] => 1870
    [13] => 1869
    [14] => 1859
    [15] => 1856
    [16] => 1854
    [17] => 1840
    [18] => 1838
    [19] => 1837
    [20] => 1825
    [21] => 1824
    [22] => 1823
    [23] => 1821
    [24] => 1814
    [25] => 1811
    [26] => 1809
    [27] => 1803
    [28] => 1801
    [29] => 1800
    [30] => 1650
    [31] => 1647
    [32] => 1638
    [33] => 1637
    [34] => 1631
    [35] => 1630
    [36] => 1629
    [37] => 1620
    [38] => 1618
    [39] => 1617
    [40] => 1614
    [41] => 1604
    [42] => 1601
    [43] => 1599
    [44] => 1595
    [45] => 1559
    [46] => 1557
    [47] => 1555
    [48] => 1553
    [49] => 1531
    [50] => 1529
    [51] => 1526
    [52] => 1524
    [53] => 1519
    [54] => 1509
    [55] => 1506
    [56] => 1494
    [57] => 1491
    [58] => 1488
    [59] => 1481
    [60] => 1480
    [61] => 1478
    [62] => 1477
    [63] => 1476
    [64] => 1475
    [65] => 1470
    [66] => 1464
    [67] => 1461
    [68] => 1457
    [69] => 1452
    [70] => 1436
    [71] => 1431
    [72] => 1430
    [73] => 1429
    [74] => 1428
    [75] => 1419
    [76] => 1417
    [77] => 1393
    [78] => 1392
    [79] => 1391
    [80] => 1389
    [81] => 1380
    [82] => 1346
    [83] => 1343
    [84] => 1338
    [85] => 1337
    [86] => 1336
    [87] => 1335
    [88] => 1324
    [89] => 1315
    [90] => 1306
    [91] => 1305
    [92] => 1304
    [93] => 1292
    [94] => 1280
    [95] => 1139
    [96] => 1134
    [97] => 1123
    [98] => 1120
    [99] => 1115
    [100] => 1110
    [101] => 1101
    [102] => 1078
    [103] => 1077
    [104] => 1056
    [105] => 1047
    [106] => 1012
    [107] => 1009
    [108] => 999
    [109] => 998
    [110] => 995
    [111] => 994
    [112] => 971
    [113] => 946
    [114] => 944
    [115] => 942
    [116] => 941
    [117] => 915
    [118] => 913
    [119] => 885
    [120] => 881
    [121] => 876
    [122] => 873
    [123] => 872
    [124] => 871
    [125] => 867
    [126] => 866
    [127] => 860
    [128] => 857
    [129] => 856
    [130] => 855
    [131] => 851
    [132] => 850
    [133] => 843
    [134] => 836
    [135] => 825
    [136] => 800
    [137] => 799
    [138] => 798
    [139] => 785
    [140] => 775
    [141] => 758
    [142] => 753
    [143] => 751
    [144] => 728
    [145] => 727
    [146] => 725
    [147] => 717
    [148] => 713
    [149] => 697
    [150] => 696
    [151] => 695
    [152] => 694
    [153] => 689
    [154] => 686
    [155] => 685
    [156] => 683
    [157] => 680
    [158] => 678
    [159] => 677
    [160] => 658
    [161] => 657
    [162] => 656
    [163] => 654
    [164] => 616
    [165] => 615
    [166] => 593
    [167] => 589
    [168] => 588
    [169] => 581
    [170] => 579
    [171] => 572
    [172] => 563
    [173] => 562
    [174] => 542
    [175] => 536
    [176] => 535
    [177] => 533
    [178] => 528
    [179] => 527
    [180] => 526
    [181] => 485
    [182] => 478
    [183] => 477
    [184] => 476
    [185] => 464
    [186] => 462
    [187] => 460
    [188] => 456
    [189] => 453
    [190] => 441
    [191] => 439
    [192] => 429
    [193] => 421
    [194] => 416
    [195] => 409
    [196] => 407
    [197] => 405
    [198] => 404
    [199] => 403
    [200] => 399
    [201] => 398
    [202] => 396
    [203] => 392
    [204] => 389
    [205] => 386
    [206] => 384
    [207] => 381
    [208] => 380
    [209] => 379
    [210] => 377
    [211] => 374
    [212] => 373
    [213] => 371
    [214] => 370
    [215] => 369
    [216] => 368
    [217] => 324
    [218] => 309
    [219] => 300
    [220] => 299
    [221] => 297
    [222] => 296
    [223] => 295
    [224] => 293
    [225] => 270
    [226] => 262
    [227] => 223
    [228] => 184
    [229] => 174
    [230] => 167
    [231] => 141
    [232] => 14
)

