2016-10-14 00:33:52
统计当天：2016-10-13
渠道个数（即dailyaccount的个数）：6216
渠道sql：
select * from yx_tg_source S left join yx_tg_game G on S.gameid = G.gameid where S.activeflag = 1 and G.activeflag = 1 and G.isonstack = 0  and S.createtime<='2016-10-13 23:59:59' order by S.id desc
活跃渠道个数：309
活跃渠道array：
Array
(
    [0] => COK-223-03
    [1] => tg_fl4scLZ4FiUV9noT00XsT0B55NgKEK
    [2] => tg_G7iLAMkERZ5ZZ4eotZjjQMghR4aFpd
    [3] => tg_v7Jb3BIDODCQ1VtgtfAmw7kXJEEPfK
    [4] => tg_1wDDLzkjbW3Pb8jzRrA01incmPqYhQ
    [5] => tg_QZZFggp5dA4nZym1yeDjbwGvJrDxrz
    [6] => tg_HlAnvCbNuM4o6gu4lj9ouY9mA4dxfQ
    [7] => wd-265-03
    [8] => xdzz-228-03
    [9] => COK-223-01
    [10] => tg_mohUYUUR0HsouvywyxKRKclRKiIfUh
    [11] => tg_YSA05Nah8JewKgqX9nr7Acwb2aBxyl
    [12] => tg_mDkHHPzmPXS39YYhBz8uKjl3CzEfCG
    [13] => tg_jCHJyMptnrEeCRtLvWCna1UgFDOg12
    [14] => tg_T0Ed5mmvuRdVzcxLWCLs9R6BGf0EaP
    [15] => tg_cC1AuzijXxk0DTe0f4TIeLb1sGp1Ut
    [16] => tg_mNXK59R18xrYtoBaxWNwkKYPBuKXQp
    [17] => tg_JE7555URTg8PnW3kg27YKTPGG7ZcbP
    [18] => tg_Zs0k3Wft4sZSUPLhqKbS72Fumhrxnx
    [19] => tg_Gejy6CaJU0EYR82x85J7TjKGPjSSZY
    [20] => sszj-260-03
    [21] => tg_IHodxJNKrfS0xxajkR6tAtkpohQvUu
    [22] => tg_2NsHXZzeADPI3sOdsGvb5UWmUgvIq3
    [23] => ly-266-01
    [24] => tg_qsnV07CXxrunsXAD8uJpw8KAtjwRUH
    [25] => tg_MwmQeDM6z2hcH7FkvAQSikHdIAwg1t
    [26] => tg_AXIXnbBwMpJMQDEe2VSEWJmTX2afnP
    [27] => tg_Sewxs3XtPGOLYiORI5Pkg7odXeAKXN
    [28] => tg_XsxYkTvYKaFEZLomJmAIGTxKh6t473
    [29] => tg_au4IVxZIqUPkIsk9WHXh5V7naKiSIK
    [30] => tg_FVED9w8UsxvyBAd0XI1SJDloFLdtQm
    [31] => tg_iNBVgkrz7R1IOCXEEJfkIlPzdSGnyI
    [32] => tg_isZoXNhPlO746tHMSp9H4QBHsPxXNI
    [33] => tg_hfQFP1T5unIBwVwmYZ84lmbLUk6Hql
    [34] => tg_5OSuPn9oHty6tDThXGVcWSFPKws79c
    [35] => tg_5OfKZXixp7CjR7XPU0W90lqqqTFk5J
    [36] => tg_AsxPJXxY4WyybvnM7G2sf9DlUpfLcS
    [37] => tg_a5q2q9GN2xABq86jM9pwiS8iyBJVfW
    [38] => tg_Trn7YSQVVtNZzq3Fw768fo98JN0n65
    [39] => tg_It3ZrGnxHnT527Li1JsFPEbAXHFsnx
    [40] => dfi2-252-03
    [41] => tg_VZuGbtPK119VaeXIfeAFPpCwPVuF4q
    [42] => tg_NgwIwYVjAzXZn1QBJC68rQwtm8qAnv
    [43] => tg_JZ9J3vGNs6fiYDpid1fLVXAcdmnJGC
    [44] => tg_z037kSsOTpOe64cmjLjl1nUsQAoDwW
    [45] => tg_Yu783LP9jjPQKkQ4gZ37LJqiGsa8F2
    [46] => tg_DSCeq49dAY1NXszMuPT6YSvlibLEV5
    [47] => tg_lH8i7vtt5Vyi4nU4poSm8Iv68PqS5A
    [48] => iszz-258-09
    [49] => tg_9wMQEwx1XSgzc6p1L1icWOicF6gRTs
    [50] => tg_OelNZbsZicvSlFyKZY006o7gBOtSKO
    [51] => xyj-241-12
    [52] => tg_DRkQoc4JCBwlfXGBZt3S7Xe7qKbHuX
    [53] => tg_a90RnFEOwkBcXh7tN9qQpXdm0EkE71
    [54] => tg_53BhAR1N7V16gpzbWtkTfCPCOHRHP3
    [55] => tg_KPu4Nors1HZxKWZihYMPeXmb4uu43N
    [56] => iszz-258-11
    [57] => tg_77gFvmZyqqb5ZTA3643TFpwCYz8Jas
    [58] => tg_NKOwsJ0b1FzamrotErpd6jgYsKAN2v
    [59] => tg_DdM2D5jmeqG8eCsh1m5hEOomRB53Cs
    [60] => tg_QDYvyxICPNYv0kg1BOP8QtEcfFUNGs
    [61] => tg_eKgpglHNQWuU8NNeLUHKwpPPblhbJx
    [62] => jstm-325-01
    [63] => tg_Uzk9TWGhQpn8JMmxrdOv3sknjw9Rpv
    [64] => lwzr-239-03
    [65] => tg_sN4DNq0d4Vg5WHZg9OWPsd4bjkM0hL
    [66] => qqics-242-02
    [67] => tg_NtIayKgqI5dmws2phUaG2sd1trUmnc
    [68] => tg_4Zl6KMY5KHdYhVrnrJaLw47ibP8Ibs
    [69] => tg_ImW7KdcLDbkfZrE1j7R4jVhpShIV9N
    [70] => tg_U7dQFVw0JZmpH11lmYHLR5qIsPJy3K
    [71] => tg_ukKVlFDkkWIyijtZbh7wQ9szez1vK1
    [72] => tg_eLvEUVWPVr3mOUhel9Kbw0ggZa2BIk
    [73] => tg_USQULvLd7jEwvAnEXP6ogWMPmBcWXF
    [74] => tg_eXfOrB7ZM7cDO2nqwzIwswNwbLhnlJ
    [75] => tg_foInmUBJTEST2FsjE393noaqCL4YDz
    [76] => xdzz-228-06
    [77] => tg_65d7Umo1mRGTuGyBBv8r8fwlmHxuTY
    [78] => ilw-269-02
    [79] => tg_G9yTAxWgs6kbikFA8mybpflSOxGHtl
    [80] => tg_NvXJf5QR5tjRwPjhRNfgiEKYRFgx4r
    [81] => lxjjx-410-01
    [82] => tg_2WbWHagMS2SOb5xOSfVRLGlIn1S33u
    [83] => tg_g3bZ5ra75R1nWzPNlKVchhK6YtC5az
    [84] => tg_mrIHzdJ5a7cXVH9W4aDyn8BcY3sEWL
    [85] => tg_rRyHzAFMUdV7axvQjFOLFWcimW2ISs
    [87] => tg_2H4Lh6QFRbtPVS4psFYWJTTOhX6jay
    [88] => tg_jVaInI6nlTytxENBtvj0QGDG4ROnQZ
    [89] => tg_9exPJH0wBZ8HTOnBGIBAUy7Pd5KItg
    [90] => tg_Ui6AiJTYmzXWl6ZGUEE2VC0nSmS8CT
    [91] => tg_gerYjB6O8LOZGhTsfjUHrjOYsrVC8R
    [92] => wd-265-01
    [93] => tg_nIqDlZQ0dQMiGOudQVBgJ8vMzvy4ST
    [94] => tg_5JtYTW0a9p9j1vHgT86rMlanbYoJSt
    [95] => tg_R64SDdeCJshvCUVl9kk1SAY2mVMv40
    [96] => tg_RoevKlnOI4Cxbp7jGF8UILKRr1QmVY
    [98] => NBAftx-225-02
    [99] => tg_FpXDuybKIJPNh59t6JyrliJWL2RGd1
    [100] => tg_LPiY9ekEdtZqLLuukBC3fKOMYpbNWo
    [101] => tg_MPv6wZlNPr7LOEpHwY19XtQ1kr7Fff
    [102] => tg_IG3MtJ7JOXqsan5jjyzdOs1dngskIJ
    [103] => tg_PEbTLGzNvnESyOdTgKbhjxMrpp6Pv1
    [104] => tg_DVjFB30FnJLCYF24CvQJO75G3J64uW
    [105] => null
    [106] => xyj-241-17
    [107] => tg_xBuL3S9TdcaQpVCpOs55vAmiUv8Ix9
    [108] => tg_fqdBFYtzUJ8dwUChIkIPH4nDlnQp8j
    [109] => wmsj3D-256-01
    [110] => tg_uYQsNlH1kqwKDEH4xABqHPfGQdgA9v
    [111] => wmsj3D-256-03
    [112] => tg_hT9imoeBBJOa4aoOSH8s9D4nXulXQ3
    [113] => tg_WObUg0waseMQMRqjvOnCzrgFmhUPVo
    [114] => tg_DOPNP9vTK4G6kP4O3zsQ0TGBIgduE9
    [115] => tg_ovYJpa0VxDSjfx9vB6F4bOOdyJRpkM
    [116] => tg_DLgDR06dmMa0a6U2hBofa0ahtn29UH
    [117] => tg_oAoVUwkuOeyVVQ05jZL3XRH3CJPrbR
    [118] => tg_3ljjNwItLS8dXWcAQk9dgMtgVhn6Zx
    [119] => zyj-263-01
    [120] => tg_NFFTmgzmMokyIfz9evpCJQ4sNXUaWF
    [121] => tg_Ri2NPtmmh1FsYTXg1bpBcSfD0VdpP7
    [123] => tg_1UrNa6pMG9ilFEbZCPTKAY22s7V5Cz
    [124] => tg_HxU1CoCoVKqPjjfMcKZ0TzcyV77wqY
    [125] => cfsg-253-01
    [126] => tg_howgDJMf8H0nC23KdM8cLLhsk330Sj
    [127] => tg_LZVNb8oMP1vPlllm0EKGZKP5Fr09kS
    [128] => tg_9EhDib7tDJwVdFuUEDxQ9QDWJzb6ur
    [129] => tg_QNIdVsHmq2UJ0KNrgyokjQkFMiWOhX
    [130] => tg_QOaluxlrDrdfHirks7boYovXT5VzvN
    [131] => gfx-227-02
    [133] => tg_IoCFqvMK4m4UcNmSRYZkCYCttznS3g
    [134] => tg_oBmWiTVc7xdlfusizfDtn2O2bBjraE
    [135] => tg_vHJuYyncAfyWx0OBOTNBzBs4VDbYKa
    [137] => tg_eGqoU2qlNLtvDYNYfI973jrvfDEN6u
    [139] => zyj-263-03
    [140] => ilw-269-01
    [141] => tg_BX7jbPiBrO3Lbj4y7kRa9Zw7d5W5pt
    [142] => tg_B8hIhBmFN4X3ijAaXtsTwvigoF1oKO
    [143] => tg_jejMxEyTgyxOGvlI2GYJusOt3QDOGb
    [144] => tg_HeObsj9BdHlkcHrYrsz6EL2fa2GJTi
    [145] => dwsj-435-01
    [148] => tg_bKnybL4otl2MtKbxCtLLDw8xA056HA
    [149] => tg_oGuXovKoRUbLPmHuvs3UuIE9aeMS2u
    [150] => tg_DXLdwJFBbmEClkeZrrzUr7M0x5UknP
    [151] => tg_vCsJpv46Zy29l982dIplz8UWDvylOA
    [152] => tg_luMOlzXMsvqQNqaAuBhkolxOxGtjmA
    [153] => cbws-283-02
    [154] => tg_Qo1fvJS7zsXzyA2IXbpN0O63IkFczD
    [155] => tg_Ns2ruyRNGIFOc1V1cNXZTgYNXxKEzX
    [156] => tg_ODoUx9rQG9p7rnBZM2d19F8EQZ5utc
    [157] => tg_KGrCSe1a4ryaHXKDklFBnaD9pInRXq
    [158] => tg_ceyjwgtKjdoAWvo2vbmAPUZ25nKLFW
    [159] => tg_eNCWE4IqbTr4L3rXk6kxGeYdF0sdgw
    [160] => tg_JrFLtWsbbdLYlqboVhSzzxoHROQD4k
    [161] => tg_tqrdOEQGez8JLhsu6eKlKfqBQ95Nv9
    [162] => tg_q4hI4MqWZwu7ac1kh5pn4KFdNgeV4y
    [163] => tg_JYWGy6Lv2jwnMs8SqyRiEdd3aHRvvv
    [164] => tg_Q2b1rjqmySzYHTs1i9OWePb2NaBcGB
    [165] => tg_NIGftm0hA1EjxWm9DKPuA69NSdLiBs
    [166] => tg_kvTh1eV254JKcMoQPmaF50ZSF2YI8r
    [167] => tg_1t8ZHkzHsOjjfBQdO8Sp6xQb4Jqv5N
    [168] => tg_3H9a1haRWXASZzcsseDOLdFDuXWGy9
    [169] => tg_x7V0CXex19izghRLpbsKQuQz4iWGFy
    [170] => jymf-237-03
    [172] => tg_W2pysd1dY4bhFAxFDmSbPJAAXMZAJP
    [173] => tg_9svDGMMYJz3JrJlA5yZkJ0dVtaUb4m
    [175] => tg_O9cgE2tLlaIUujkhXbTlcktVd9yvRi
    [176] => iszz-258-10
    [177] => tg_oRr8aA1QCzsoU5qSPqYmMCuQ9sNmcg
    [178] => tg_HAE4GeBnupqKgTMoKVfdqFSpbGZqdw
    [179] => tg_C279T8XrdTVBzfahN2pau9nO3JhRif
    [180] => xyj-241-03
    [181] => tg_GXKFwldOWDrQ9XB8plFtCj91dyXAIh
    [182] => tg_NCP73iALs0HQvWtKPZzGiEA3HSBsAa
    [183] => tidmx-259-03
    [184] => tg_5QH6cQj37W9Aiel0tFJsWqgDtezJLR
    [186] => tg_mcEuJVtSvdAtVUENaRDVMBLSq8APnS
    [187] => dcfy-250-04
    [188] => tg_5tm9Wg2AXqKDoIwYbz1h5YBQ4FS8P3
    [189] => tg_OU20Xikl0SbparapZGvkebqzKhWQRE
    [190] => cbws-283-03
    [191] => dfbb-261-03
    [192] => tg_pdviUeEztqS8c3nE98GICfvvesETHJ
    [193] => dixy-232-03
    [194] => tg_cpZrEKR0IJ4S1rcmaswi8oADsic8pk
    [195] => sdyxc3D-243-03
    [196] => tg_rmk6gWq0INJZaYZ6tgqFPmq3z5eqNm
    [197] => tg_ztpR2HKML8hJFjprho1zfbkV0imFp4
    [198] => tg_mFtD7NWQksoGcdkYjyTLyCGBW5LAiU
    [199] => tg_2ARVHpH2uWK1GKxxu0Zg0YChSYsj0O
    [200] => tg_tWxsqLc2DyZW0xhEjU2AGnkAg8rSzH
    [201] => tg_IkrlXzTXRIz8Ff1EmFcvknDMveHyZy
    [202] => tg_1EINsQaerAIg5QtrK92gm7n6zSfR7D
    [203] => tg_73mHAOuM3KdQa6oKLLG6XZgNWYlZCU
    [204] => tg_SWqbqvLqDQyYjsG9jBBHZo8bF5l6yj
    [206] => sji2-257-03
    [207] => tg_uRPJgNFRkhP1SYEz7vGMLo5cLwr10j
    [208] => tg_WCkCTf0pTrn8wT5Vga2ak2u2b6U4jG
    [209] => tg_YP3WF3TI3Mr7oCBqG4P1cEzXc7s0uA
    [210] => tg_BzSlq616dainWOMpgxtFCfaqMVWg3j
    [211] => tg_spVeL0duhA4o33C3XVLMLcJeGzpLLx
    [213] => tg_e1XmOfhhxXMfenNMZuYv78znuFefbr
    [214] => tg_9v3y1tH8IID2ObAOh7tIrIqGPUL5li
    [215] => sbkcq-294-01
    [216] => tg_rZLzNO4FSdY9hoRYNqEFV16bvYXuBb
    [217] => xyj-241-02
    [219] => tg_D3OC96S53NgitjGQM8exL3wMjxkf4X
    [220] => tg_euSiCujjVYyRZq2bhlsayXa9gchpUb
    [221] => tg_zlmQ1MYrs3puVAfAUySNfxp8DprrcN
    [222] => tg_Q0OXBqTKUT4gxwLdq8cEyinsbxvWsh
    [223] => tg_Hllcezo5vcG6IuqIwwwGQ0oYw0mGPL
    [225] => tg_iCdPvpx09yXS6AqVoH99GaBcG8K6Bx
    [226] => tg_o028lSVS26po0ZFjgGHlegKtggqz9S
    [227] => tg_vC2YDzjcVUC15FGQBPgLNxYeO7Z5SQ
    [228] => tg_a3MwwHqtFVIIu2wAcJtxFP9Qq6YXdU
    [229] => tg_quBxwsHLnDcetKwYUeL0ZwGVhOWJvs
    [230] => tg_c0mUBBrcogdE5UvZCY2HnsSHyc6ePs
    [231] => tg_Zoks2ueLqNQh9bkP9F8nWgWxgVN4a3
    [233] => tg_lfUx09OXmzxWGLxjyNqiYhji1J6o3S
    [234] => ly-266-03
    [235] => tg_CWHe7Hrfhl6JXuwTQhogiVXlCxO6f0
    [236] => tg_VY5fuFU8pF4jMVrZsTPAcRbAbM68ZA
    [237] => tg_OfaE1oD9jOkeCrMxFmwZmT29Ew1L5z
    [238] => tg_ExtRRmq70LZ5cPOsbOSWEzt7KRjR70
    [239] => tg_GMTqei4u3HsEi273emHLsPpYI3B6DW
    [240] => tg_ohkBpsfUYhZVj9odMIMj6RRXHQuf7y
    [241] => tg_bWN4ISOqWcdLGPLqWK0mc2Dhk0BZW3
    [242] => tg_Spjn27BpHac5Q481Rr5zp1q1m3soZ2
    [243] => tg_KMpuyo1EOdaG6l4RIJxknESqe8i1do
    [244] => tg_prw2gIFGyrnJH79P6pDgYGJjanWPHY
    [245] => tg_hjdu6ORJM7OG8QrXFIcC2xcYVRv9Dr
    [246] => tg_uKdkYuLOUZ6dYpKawiPxSlws5C3p2Q
    [247] => tg_B2gRz6KoFotcJwvqLHiYqclhTRZjAI
    [248] => tg_4zE122WihSnHVLpwtgEbGo8wEaokgZ
    [249] => tg_DwNO8ixOfJ2rY1XNclifft83mhYTi4
    [250] => tg_Wn11xsfYxoYQKmXznDz7ic5H2PaJth
    [251] => tg_Gl4B6QurIAtwce1L8X9Drz0yYnpQAo
    [252] => wd-265-02
    [253] => tg_IB6hnKY9LuosneMkON6vp3eobulWK3
    [254] => tg_6vi6nfVunqSTdJKQ729D5wPqwD65uc
    [256] => tg_MgtczvSC2Y8RhwzpkFMfLrp6BnzFJA
    [257] => tg_yguQaDrCX4sRHyusZCmoIu2wxKyPTv
    [258] => tg_R1RDVqNHRQXgl4KJSMyZU2Tno2K9bg
    [259] => tg_NO44EDPcEL3s66lwa9yRtCs9aY1gjc
    [260] => smsjOL-247-04
    [261] => dixy-232-02
    [262] => tg_Ylsw4PyijBADuMjBqAvjXxmuH9Wj3F
    [263] => tg_4gxvdgBfeXfU0Mkm1t3kqb6ftdzOMG
    [264] => 
    [265] => tg_V4rCcoFzbBkK9PCpIYlOHxsf6WUDQr
    [266] => tg_YdzBBvglsoXidJdKCmWrG85bql5kG4
    [269] => tg_JXdNpFL3qYrFKCQydFp9kS0Es7uq9p
    [270] => tg_JJZYD6SJy3SJ6c0AKRp1GmB5UqZ2jg
    [271] => yxzxAPP-422-01
    [272] => tg_zIE36IpaEbThVLZgMNej31QQ7USmDL
    [273] => iszz-258-02
    [274] => tg_uM73vHb3tX7wOkVYYGRobZCg6rHCVT
    [276] => tg_nNPe0vpMC4ZxmitWGiEHW0gWHDpRcF
    [277] => tg_9L7imM0iNMHDvx030tEttb2gY6yAvf
    [278] => tg_9MSv9Id4g4YQ5HqkZSRgzWSsm3hDiU
    [281] => tg_pbdbbYp6CP7zmUcKsYxbNotXs9ZNFJ
    [282] => tg_E0E2nta7J3vcP1BXFdQhyTIYyLZcTh
    [283] => tg_gxMXCdvJJOAMmzsoXJMMaU34TPUY3s
    [285] => tg_iTu7R5kBoS3ZwvVAV0dsCpeGvSwNDW
    [286] => tg_hgxfsHaP3Nl6ta14BIeWsy7lPXS8e2
    [290] => tg_xyeEpNy38LrPrmO7kN8DtktaBlDieY
    [291] => dixy-232-01
    [293] => tg_v2aSduKnJJ5NKXAAkCTPEOYo7JnS94
    [294] => tg_iqfTzQ8SlRMYUsxMhhHnvScsJrc5by
    [295] => iszz-258-03
    [297] => tg_KSrTmGgyDYV81i5ltvne0CVaiHhXRQ
    [298] => tg_R8HYrK50f168ti9sOsZtaiQD2co59J
    [299] => tg_Uuu7DKIS1H6x1tYmIF3QwX7uhrg7pM
    [300] => gfx-227-03
    [302] => dfi2-252-02
    [303] => ijilz-249-03
    [304] => tg_9DneKn1CDJFWOGcDYBJNlApta8VGdl
    [305] => zyj-263-04
    [307] => tg_gGqT8bYbaxpqLD1XpnsxYSJ3XLlWdc
    [309] => tg_R5o8QShUV1GO4zyUU3UWozKOn12GdV
    [311] => tg_sM3nfqDJy3Vy5aPurriOPCdX9iEJma
    [312] => iszz-258-04
    [314] => tg_wdPlPXqIiLNs9uy7Ml0oOQKl3eamzQ
    [316] => tg_XFjHfg1mv3pPvJKCJ0JShkY18TdXxi
    [318] => tg_3GSSy8PYKoFrup8G30jsux8ihQxkGc
    [319] => tg_Ok1V5icI9vmONx23EKbYHVP56i1pYd
    [322] => fzj-291-01
    [323] => tg_n3qXUbsViYy6M8zO55x3jxvAMHZa2W
    [325] => tg_1nGplhQDLUI1MZSEUXMNUL84CHOPpX
    [326] => xdzz-228-02
    [328] => tg_q5tpNQkvjppy8orNkmvHjKeZoFDicc
    [329] => tg_aFWrMTmCWEE0kaQmPHz5pWXf54vm83
    [332] => tg_Ybl9xENxHsfVBPK7IBZikgc9icV0p0
    [333] => qqics-242-03
    [334] => tg_xynK92e6Ss0NWnCvL8CCENHHEqAka4
    [335] => tg_zjUY3zgmqTzHY6gaBbz0V5axvkeADq
    [336] => tg_g7ZxSv4gz7VPwWmtBN4Rua0RkQd3SI
    [338] => tg_V3ZMC6AaWAUIgoEVwUp5VmHPypL3p1
    [339] => tg_Ol1QFxsnwmPTIifUX1pY0CFdr9g2cW
    [341] => tg_pVLKwuqunHstVkThsuG9m9ZSFNKY4Z
    [342] => tg_bemh9vIE1yhl2WLX8PC3K4kt6T56sl
    [343] => iziy-262-03
    [344] => tg_caJsC7EfMOzEbr9mIg1Oi8xmFBpxw6
    [345] => tg_PXQG1MoeGb9uQy94DtZg3mBtr0ErUI
    [346] => tg_xX5O7gsz5V7ioS8CXkxejkdaaSilqn
    [348] => tg_xyZ3j9g1TEE5oRQ8jtjOvWp93RoO1U
    [350] => tg_ZZgcgW1UXMwmQ7XrtNJNYgILCHkhvx
    [351] => tg_rerMGmdYU9Jyeq8z0UUtJkITxPIPi2
    [353] => tg_vfaj7fCIWHRW8AF6lOhWStml7M07BG
    [428] => gfsl-221-03
)

有效渠道个数：289
有效渠道array：
Array
(
    [0] => 6995
    [1] => 6991
    [2] => 6990
    [3] => 6971
    [4] => 6874
    [5] => 6865
    [6] => 6862
    [7] => 6860
    [8] => 6859
    [9] => 6856
    [10] => 6852
    [11] => 6851
    [12] => 6850
    [13] => 6849
    [14] => 6847
    [15] => 6846
    [16] => 6845
    [17] => 6841
    [18] => 6468
    [19] => 6435
    [20] => 6426
    [21] => 6421
    [22] => 6251
    [23] => 5856
    [24] => 5750
    [25] => 5728
    [26] => 5727
    [27] => 5726
    [28] => 5717
    [29] => 4637
    [30] => 4097
    [31] => 4094
    [32] => 4062
    [33] => 3853
    [34] => 2749
    [35] => 2547
    [36] => 2505
    [37] => 2446
    [38] => 2437
    [39] => 2407
    [40] => 2395
    [41] => 2394
    [42] => 2393
    [43] => 2391
    [44] => 2388
    [45] => 2387
    [46] => 2386
    [47] => 2385
    [48] => 2383
    [49] => 2382
    [50] => 2381
    [51] => 2377
    [52] => 2280
    [53] => 2274
    [54] => 2273
    [55] => 2271
    [56] => 2270
    [57] => 2269
    [58] => 2268
    [59] => 2267
    [60] => 2266
    [61] => 2265
    [62] => 2264
    [63] => 2263
    [64] => 2262
    [65] => 2260
    [66] => 2259
    [67] => 2258
    [68] => 2256
    [69] => 2255
    [70] => 2231
    [71] => 2226
    [72] => 2222
    [73] => 2221
    [74] => 2218
    [75] => 2215
    [76] => 2099
    [77] => 2090
    [78] => 2073
    [79] => 2055
    [80] => 2045
    [81] => 1896
    [82] => 1884
    [83] => 1877
    [84] => 1875
    [85] => 1872
    [86] => 1870
    [87] => 1868
    [88] => 1867
    [89] => 1859
    [90] => 1856
    [91] => 1854
    [92] => 1837
    [93] => 1825
    [94] => 1824
    [95] => 1823
    [96] => 1821
    [97] => 1814
    [98] => 1809
    [99] => 1803
    [100] => 1667
    [101] => 1650
    [102] => 1647
    [103] => 1638
    [104] => 1637
    [105] => 1631
    [106] => 1630
    [107] => 1629
    [108] => 1621
    [109] => 1620
    [110] => 1618
    [111] => 1617
    [112] => 1604
    [113] => 1601
    [114] => 1597
    [115] => 1595
    [116] => 1559
    [117] => 1557
    [118] => 1555
    [119] => 1553
    [120] => 1531
    [121] => 1526
    [122] => 1524
    [123] => 1519
    [124] => 1491
    [125] => 1488
    [126] => 1481
    [127] => 1480
    [128] => 1476
    [129] => 1475
    [130] => 1473
    [131] => 1464
    [132] => 1461
    [133] => 1459
    [134] => 1457
    [135] => 1436
    [136] => 1431
    [137] => 1428
    [138] => 1419
    [139] => 1417
    [140] => 1393
    [141] => 1392
    [142] => 1389
    [143] => 1380
    [144] => 1372
    [145] => 1346
    [146] => 1344
    [147] => 1343
    [148] => 1337
    [149] => 1335
    [150] => 1324
    [151] => 1306
    [152] => 1305
    [153] => 1304
    [154] => 1280
    [155] => 1139
    [156] => 1134
    [157] => 1123
    [158] => 1120
    [159] => 1110
    [160] => 1101
    [161] => 1077
    [162] => 1056
    [163] => 1012
    [164] => 1009
    [165] => 999
    [166] => 998
    [167] => 971
    [168] => 946
    [169] => 944
    [170] => 927
    [171] => 915
    [172] => 913
    [173] => 881
    [174] => 876
    [175] => 873
    [176] => 872
    [177] => 871
    [178] => 867
    [179] => 866
    [180] => 860
    [181] => 857
    [182] => 855
    [183] => 851
    [184] => 850
    [185] => 843
    [186] => 841
    [187] => 836
    [188] => 825
    [189] => 805
    [190] => 800
    [191] => 799
    [192] => 798
    [193] => 785
    [194] => 775
    [195] => 758
    [196] => 753
    [197] => 751
    [198] => 728
    [199] => 727
    [200] => 725
    [201] => 724
    [202] => 717
    [203] => 705
    [204] => 697
    [205] => 696
    [206] => 694
    [207] => 689
    [208] => 686
    [209] => 685
    [210] => 683
    [211] => 680
    [212] => 677
    [213] => 658
    [214] => 657
    [215] => 656
    [216] => 654
    [217] => 616
    [218] => 593
    [219] => 589
    [220] => 588
    [221] => 587
    [222] => 581
    [223] => 579
    [224] => 572
    [225] => 563
    [226] => 562
    [227] => 536
    [228] => 535
    [229] => 533
    [230] => 528
    [231] => 527
    [232] => 526
    [233] => 478
    [234] => 477
    [235] => 476
    [236] => 464
    [237] => 462
    [238] => 460
    [239] => 456
    [240] => 453
    [241] => 441
    [242] => 439
    [243] => 433
    [244] => 430
    [245] => 429
    [246] => 427
    [247] => 421
    [248] => 416
    [249] => 412
    [250] => 409
    [251] => 407
    [252] => 405
    [253] => 404
    [254] => 403
    [255] => 399
    [256] => 397
    [257] => 396
    [258] => 394
    [259] => 392
    [260] => 391
    [261] => 389
    [262] => 386
    [263] => 384
    [264] => 381
    [265] => 380
    [266] => 377
    [267] => 374
    [268] => 373
    [269] => 371
    [270] => 370
    [271] => 369
    [272] => 368
    [273] => 324
    [274] => 317
    [275] => 311
    [276] => 309
    [277] => 300
    [278] => 297
    [279] => 296
    [280] => 295
    [281] => 293
    [282] => 262
    [283] => 223
    [284] => 184
    [285] => 167
    [286] => 151
    [287] => 141
    [288] => 14
)

