2016-09-09 00:11:57
统计当天：2016-09-08
渠道个数（即dailyaccount的个数）：1751
渠道sql：
select * from yx_tg_source S left join yx_tg_game G on S.gameid = G.gameid where S.activeflag = 1 and G.activeflag = 1 and G.isonstack = 0  and S.createtime<='2016-09-08 23:59:59' order by S.id desc
活跃渠道个数：256
活跃渠道array：
Array
(
    [0] => tg_iCdPvpx09yXS6AqVoH99GaBcG8K6Bx
    [1] => sszj-260-03
    [2] => tg_Gl4B6QurIAtwce1L8X9Drz0yYnpQAo
    [3] => tg_Ol1QFxsnwmPTIifUX1pY0CFdr9g2cW
    [4] => tg_q5tpNQkvjppy8orNkmvHjKeZoFDicc
    [5] => tg_IHodxJNKrfS0xxajkR6tAtkpohQvUu
    [6] => tg_wdPlPXqIiLNs9uy7Ml0oOQKl3eamzQ
    [7] => COK-223-01
    [8] => tg_PXQG1MoeGb9uQy94DtZg3mBtr0ErUI
    [9] => tg_DSCeq49dAY1NXszMuPT6YSvlibLEV5
    [10] => tg_Gejy6CaJU0EYR82x85J7TjKGPjSSZY
    [11] => tg_atvkFT6WfdLvhq13SzOpitWJFgBoqu
    [12] => tg_OfaE1oD9jOkeCrMxFmwZmT29Ew1L5z
    [13] => tg_4gxvdgBfeXfU0Mkm1t3kqb6ftdzOMG
    [14] => tg_mNXK59R18xrYtoBaxWNwkKYPBuKXQp
    [15] => tg_ceyjwgtKjdoAWvo2vbmAPUZ25nKLFW
    [16] => tg_QZZFggp5dA4nZym1yeDjbwGvJrDxrz
    [17] => tg_v2aSduKnJJ5NKXAAkCTPEOYo7JnS94
    [18] => tg_T0Ed5mmvuRdVzcxLWCLs9R6BGf0EaP
    [19] => tg_au4IVxZIqUPkIsk9WHXh5V7naKiSIK
    [20] => tg_hNjMap3hjNuOedvUnzvAWJBXgasDJc
    [21] => tg_XtFvAraX5GDj9C1xWnCN9H3iWaOpXI
    [22] => tg_rZLzNO4FSdY9hoRYNqEFV16bvYXuBb
    [23] => tg_3GSSy8PYKoFrup8G30jsux8ihQxkGc
    [24] => ijilz-249-03
    [25] => tg_vfaj7fCIWHRW8AF6lOhWStml7M07BG
    [26] => byxxc-238-03
    [27] => tg_V3ZMC6AaWAUIgoEVwUp5VmHPypL3p1
    [28] => ly-266-01
    [29] => tg_iNBVgkrz7R1IOCXEEJfkIlPzdSGnyI
    [30] => tg_Uuu7DKIS1H6x1tYmIF3QwX7uhrg7pM
    [31] => xdzz-228-01
    [32] => fzj-291-01
    [33] => xdzz-228-03
    [34] => tg_NgwIwYVjAzXZn1QBJC68rQwtm8qAnv
    [35] => tg_5QH6cQj37W9Aiel0tFJsWqgDtezJLR
    [36] => iziy-262-03
    [37] => tg_YSA05Nah8JewKgqX9nr7Acwb2aBxyl
    [38] => tg_MwmQeDM6z2hcH7FkvAQSikHdIAwg1t
    [39] => tg_hfQFP1T5unIBwVwmYZ84lmbLUk6Hql
    [40] => tg_5OfKZXixp7CjR7XPU0W90lqqqTFk5J
    [41] => tg_MgtczvSC2Y8RhwzpkFMfLrp6BnzFJA
    [42] => dfi2-252-03
    [43] => tg_caJsC7EfMOzEbr9mIg1Oi8xmFBpxw6
    [44] => tg_2NsHXZzeADPI3sOdsGvb5UWmUgvIq3
    [45] => tg_fDPOX97e8cE8kTFCplIQ5lhboRmcwO
    [46] => wd-265-03
    [47] => tg_jCHJyMptnrEeCRtLvWCna1UgFDOg12
    [48] => tg_Trn7YSQVVtNZzq3Fw768fo98JN0n65
    [49] => tg_isZoXNhPlO746tHMSp9H4QBHsPxXNI
    [50] => tg_9wMQEwx1XSgzc6p1L1icWOicF6gRTs
    [51] => tg_dE40iVMPYicK6apZag3A7mu7y50uQ9
    [52] => tg_VZuGbtPK119VaeXIfeAFPpCwPVuF4q
    [53] => tg_iqfTzQ8SlRMYUsxMhhHnvScsJrc5by
    [54] => tg_a5q2q9GN2xABq86jM9pwiS8iyBJVfW
    [55] => tg_uRPJgNFRkhP1SYEz7vGMLo5cLwr10j
    [56] => tg_Zs0k3Wft4sZSUPLhqKbS72Fumhrxnx
    [57] => tg_SWqbqvLqDQyYjsG9jBBHZo8bF5l6yj
    [58] => tg_4xaqzJIbeZOX10X6NI4jgUD3d7kYwn
    [59] => tg_jOO61E4BopMsYl1t1Hp3H7ZJuq0vlO
    [60] => tg_I0YvXhD2svI5uMg8BdLS62F6ZFzP9c
    [61] => tg_w65x81bBYgcRX8umiysdFhfbaCrdEX
    [62] => tg_Nc0TlciG0UmfWoTeOnldJ1rTU6XeE9
    [63] => tg_77gFvmZyqqb5ZTA3643TFpwCYz8Jas
    [64] => tg_FtEAhcF2eEbKI2nGZpeogq1e6uDcw6
    [65] => xyj-241-17
    [66] => tg_HZVn8DL1xysZ39a0iD3FlrNIfkVfXx
    [67] => xyj-241-12
    [68] => tg_xyeEpNy38LrPrmO7kN8DtktaBlDieY
    [69] => tg_BL1cvYB10xHPlkyqQCXE7m6l9qVzKO
    [70] => tg_spVeL0duhA4o33C3XVLMLcJeGzpLLx
    [71] => tg_IG3MtJ7JOXqsan5jjyzdOs1dngskIJ
    [72] => tg_Ri2NPtmmh1FsYTXg1bpBcSfD0VdpP7
    [73] => tg_EEhdfSGvb9S7p5QAPsXJRDPUPfeSxU
    [74] => tg_5fLgR73ZT2w2WqrHs7ABikHHCd11be
    [75] => mnqy-335-01
    [76] => tg_USQULvLd7jEwvAnEXP6ogWMPmBcWXF
    [77] => tg_FHFCffltmu4NRldi0r1lfBHLEelA2m
    [78] => tg_TnESoblB9QX5GIpChNdOSvYXc1KlKd
    [79] => tg_ukKVlFDkkWIyijtZbh7wQ9szez1vK1
    [80] => tg_tqrdOEQGez8JLhsu6eKlKfqBQ95Nv9
    [81] => tg_bNhjAEkoOC0QkKtpHdVSqtN2Lt63sT
    [82] => lwzr-239-03
    [83] => dcfy-250-04
    [84] => tg_Wn11xsfYxoYQKmXznDz7ic5H2PaJth
    [86] => tg_dAhEZ2vjxMJWkPiKCC67inRukg9Ywj
    [87] => tg_JZ9J3vGNs6fiYDpid1fLVXAcdmnJGC
    [88] => tg_E0E2nta7J3vcP1BXFdQhyTIYyLZcTh
    [89] => cbws-283-03
    [90] => tg_Ybl9xENxHsfVBPK7IBZikgc9icV0p0
    [91] => tg_Ok1V5icI9vmONx23EKbYHVP56i1pYd
    [92] => COK-223-03
    [93] => tg_7ib4GhC06zGIwfbUFePilkvUlYJ4Ab
    [94] => tg_rmk6gWq0INJZaYZ6tgqFPmq3z5eqNm
    [95] => zgzt-213-01
    [96] => tg_5FOr48Gz5m1Z2G62PmlhHhMRnZKooO
    [97] => tg_YxXJsJsvaSJb4LpNPISffBx1S3TsNz
    [98] => ijilz-249-01
    [99] => tg_YplhKyDmDPIOW0xduxnltMqX1rjqfj
    [100] => tg_UCQAfOMzH1GuwyNUZMT4n9x1egjxJx
    [101] => wd-265-01
    [102] => tg_YEGigjvUVMhHY4g2vs3HBjFuRhLdgZ
    [103] => tg_ICEcjc9rCPIBR46UAcqeZksnO8Wi9M
    [105] => tg_5JtYTW0a9p9j1vHgT86rMlanbYoJSt
    [106] => tg_fRHfC9ChoSgRkVZyqNoSztyogaOH6r
    [107] => tg_7ygUWViw2QMvlKmC2Pi0MP5W6qypmc
    [108] => tg_KMpuyo1EOdaG6l4RIJxknESqe8i1do
    [109] => tg_ZR2x2LlNnJ3J9b4Lp7UaJLrbXgeLjV
    [110] => tg_oGuXovKoRUbLPmHuvs3UuIE9aeMS2u
    [111] => gfx-227-02
    [112] => xyj-241-01
    [113] => tg_tWxsqLc2DyZW0xhEjU2AGnkAg8rSzH
    [115] => tg_YdzBBvglsoXidJdKCmWrG85bql5kG4
    [116] => tg_YgNaBXl7CUsjTHeNCFtq0jxD6JrqSf
    [117] => tg_mrIHzdJ5a7cXVH9W4aDyn8BcY3sEWL
    [118] => wssm-377-01
    [119] => sdyxc3D-243-01
    [120] => tg_ohkBpsfUYhZVj9odMIMj6RRXHQuf7y
    [121] => tg_LCBAo5M49QJod3ieQrI8FDn2wFhAp8
    [122] => 
    [124] => tg_qHza9gIeJGTH2MKaWSDdJWO2bAcfty
    [126] => sizj-400-01
    [127] => jyzj3D-399-01
    [128] => tg_oYeamNiVoPhCQ43VMK6OhFySsqpVbh
    [129] => xyj-241-03
    [130] => tg_u1US2O9i4Z0zNFhwCpRHFpjjJ2Ti4w
    [131] => tg_MCBEPT7TlMAoHD53fV2FfYPSNTj0U5
    [132] => zyj-263-03
    [134] => tg_w17aw25p49P0MrOHJUpgvlUq80F8IU
    [135] => cbws-283-02
    [136] => tg_yguQaDrCX4sRHyusZCmoIu2wxKyPTv
    [137] => tg_GXKFwldOWDrQ9XB8plFtCj91dyXAIh
    [138] => zyj-263-04
    [139] => iszz-258-11
    [141] => tg_vHJuYyncAfyWx0OBOTNBzBs4VDbYKa
    [142] => tg_2WbWHagMS2SOb5xOSfVRLGlIn1S33u
    [143] => tg_BzSlq616dainWOMpgxtFCfaqMVWg3j
    [144] => tg_fiVxTkRnmQOqXfhUtCnwFnyhg2zmNy
    [145] => tg_jVaInI6nlTytxENBtvj0QGDG4ROnQZ
    [146] => tg_7WG5JTm3uW8NzqDodtjpwGYbm5j8oL
    [147] => tg_9svDGMMYJz3JrJlA5yZkJ0dVtaUb4m
    [149] => tg_StcJB26LSuvy3sSxIaj450p557bRSH
    [150] => tg_CMn3QsdnmrYBklOoZVQMNZsa0x91F5
    [151] => tg_NIGftm0hA1EjxWm9DKPuA69NSdLiBs
    [152] => tg_8avX0X0a5MmmqxmjMMiUb8RdZ28kMp
    [153] => tg_jejMxEyTgyxOGvlI2GYJusOt3QDOGb
    [154] => tg_Ns2ruyRNGIFOc1V1cNXZTgYNXxKEzX
    [155] => sji2-257-03
    [156] => tg_rRyHzAFMUdV7axvQjFOLFWcimW2ISs
    [157] => tg_wiZfGGZ5VmiKZDTLcFudf4BxvoHnnr
    [158] => tg_vCsJpv46Zy29l982dIplz8UWDvylOA
    [159] => tg_1nGplhQDLUI1MZSEUXMNUL84CHOPpX
    [160] => tg_o028lSVS26po0ZFjgGHlegKtggqz9S
    [161] => xdzz-228-02
    [163] => tg_GMTqei4u3HsEi273emHLsPpYI3B6DW
    [164] => tg_1EINsQaerAIg5QtrK92gm7n6zSfR7D
    [165] => sdyxc3D-243-03
    [168] => tg_2ARVHpH2uWK1GKxxu0Zg0YChSYsj0O
    [169] => tg_cpZrEKR0IJ4S1rcmaswi8oADsic8pk
    [170] => tg_vC2YDzjcVUC15FGQBPgLNxYeO7Z5SQ
    [171] => tg_HlAnvCbNuM4o6gu4lj9ouY9mA4dxfQ
    [172] => tg_HAE4GeBnupqKgTMoKVfdqFSpbGZqdw
    [173] => tg_gmGBJLUxtvjdnPhUorFlyCvvcGcimv
    [175] => tg_OU20Xikl0SbparapZGvkebqzKhWQRE
    [176] => dixy-232-02
    [178] => tg_v2Qd56QlqG5MyJCuSizLIu252lHZgr
    [179] => tg_q4hI4MqWZwu7ac1kh5pn4KFdNgeV4y
    [181] => tg_OR6k1HjrRFrcg1DYYkX3RZNfmsAJfA
    [183] => iszz-258-04
    [185] => iziy-262-04
    [186] => wd-265-02
    [187] => tg_oAoVUwkuOeyVVQ05jZL3XRH3CJPrbR
    [188] => tg_rxk5PfhQq0bSCryZmN7GIozF5JXeYS
    [189] => tg_9v3y1tH8IID2ObAOh7tIrIqGPUL5li
    [190] => tg_Hllcezo5vcG6IuqIwwwGQ0oYw0mGPL
    [191] => tg_YP3WF3TI3Mr7oCBqG4P1cEzXc7s0uA
    [192] => tg_V4rCcoFzbBkK9PCpIYlOHxsf6WUDQr
    [193] => tg_WObUg0waseMQMRqjvOnCzrgFmhUPVo
    [194] => tg_N3n5bMNK8zcr4pfuMwWwZ8rQ1S89xz
    [196] => tg_XsxYkTvYKaFEZLomJmAIGTxKh6t473
    [197] => gfx-227-03
    [199] => tg_x7V0CXex19izghRLpbsKQuQz4iWGFy
    [200] => tg_Tz6d3yDyd5gvinzQgLtyMi5S3LShGB
    [201] => tg_Uzk9TWGhQpn8JMmxrdOv3sknjw9Rpv
    [202] => smsjOL-247-04
    [203] => tg_VTIb5DaGCBJKGzmOMCno3o3PZif4jo
    [205] => xyj-241-02
    [206] => tg_v7Jb3BIDODCQ1VtgtfAmw7kXJEEPfK
    [207] => tg_xX5O7gsz5V7ioS8CXkxejkdaaSilqn
    [208] => ly-266-03
    [209] => tg_6vi6nfVunqSTdJKQ729D5wPqwD65uc
    [210] => qqics-242-03
    [214] => tg_euSiCujjVYyRZq2bhlsayXa9gchpUb
    [215] => tg_G7iLAMkERZ5ZZ4eotZjjQMghR4aFpd
    [216] => dixy-232-01
    [217] => tg_D3OC96S53NgitjGQM8exL3wMjxkf4X
    [218] => tg_KSrTmGgyDYV81i5ltvne0CVaiHhXRQ
    [219] => tg_bWN4ISOqWcdLGPLqWK0mc2Dhk0BZW3
    [221] => tg_3H9a1haRWXASZzcsseDOLdFDuXWGy9
    [222] => tg_LZVNb8oMP1vPlllm0EKGZKP5Fr09kS
    [223] => tg_kvTh1eV254JKcMoQPmaF50ZSF2YI8r
    [224] => tg_Qo1fvJS7zsXzyA2IXbpN0O63IkFczD
    [227] => tg_gGqT8bYbaxpqLD1XpnsxYSJ3XLlWdc
    [228] => tg_NCP73iALs0HQvWtKPZzGiEA3HSBsAa
    [229] => tg_9exPJH0wBZ8HTOnBGIBAUy7Pd5KItg
    [230] => jymf-237-03
    [231] => tg_dYi1OYwtXk8KsRtqsQ3H8cuh018Xin
    [232] => tg_ztpR2HKML8hJFjprho1zfbkV0imFp4
    [234] => tg_W2pysd1dY4bhFAxFDmSbPJAAXMZAJP
    [236] => tg_gxMXCdvJJOAMmzsoXJMMaU34TPUY3s
    [237] => tg_e1XmOfhhxXMfenNMZuYv78znuFefbr
    [238] => tg_mcEuJVtSvdAtVUENaRDVMBLSq8APnS
    [239] => tg_9L7imM0iNMHDvx030tEttb2gY6yAvf
    [240] => tg_hjdu6ORJM7OG8QrXFIcC2xcYVRv9Dr
    [241] => tg_eXfOrB7ZM7cDO2nqwzIwswNwbLhnlJ
    [242] => tg_ExtRRmq70LZ5cPOsbOSWEzt7KRjR70
    [243] => tg_Ylsw4PyijBADuMjBqAvjXxmuH9Wj3F
    [244] => tg_JBTSjmYoNdCGHgEe6sdiu3Fy5l13Zg
    [245] => tg_NO44EDPcEL3s66lwa9yRtCs9aY1gjc
    [246] => tg_JXdNpFL3qYrFKCQydFp9kS0Es7uq9p
    [248] => tg_c0mUBBrcogdE5UvZCY2HnsSHyc6ePs
    [251] => tg_CWHe7Hrfhl6JXuwTQhogiVXlCxO6f0
    [252] => tg_xEplWJZkxbKqE6TfgeL443TSmb1nA5
    [253] => tg_foInmUBJTEST2FsjE393noaqCL4YDz
    [254] => tg_Yu783LP9jjPQKkQ4gZ37LJqiGsa8F2
    [256] => tg_lCJYqGb6SZqrkFLya5lrzcauMahixa
    [259] => tg_WCkCTf0pTrn8wT5Vga2ak2u2b6U4jG
    [260] => tg_BX7jbPiBrO3Lbj4y7kRa9Zw7d5W5pt
    [261] => tg_iTu7R5kBoS3ZwvVAV0dsCpeGvSwNDW
    [263] => tg_ZPo6AUjenS3o8rOmul8XP3mZ4bHixh
    [264] => tg_Sewxs3XtPGOLYiORI5Pkg7odXeAKXN
    [265] => iszz-258-10
    [267] => tg_hGFVwlehGMFc5AVTI0APT2AXvSQeGu
    [270] => tg_zRnBcW23chp2xLf0qaD1SZynlCrOYp
    [272] => tg_VY5fuFU8pF4jMVrZsTPAcRbAbM68ZA
    [273] => iszz-258-09
    [274] => tg_lfUx09OXmzxWGLxjyNqiYhji1J6o3S
    [276] => dixy-232-03
    [278] => iszz-258-03
    [279] => tg_U7dQFVw0JZmpH11lmYHLR5qIsPJy3K
    [280] => tg_pVLKwuqunHstVkThsuG9m9ZSFNKY4Z
    [284] => tg_hgxfsHaP3Nl6ta14BIeWsy7lPXS8e2
    [286] => tg_5OSuPn9oHty6tDThXGVcWSFPKws79c
    [287] => iszz-258-02
    [289] => tg_zjUY3zgmqTzHY6gaBbz0V5axvkeADq
    [290] => dfbb-261-03
    [291] => tg_a3MwwHqtFVIIu2wAcJtxFP9Qq6YXdU
    [295] => tg_pdviUeEztqS8c3nE98GICfvvesETHJ
    [298] => tg_mFtD7NWQksoGcdkYjyTLyCGBW5LAiU
    [299] => tg_sM3nfqDJy3Vy5aPurriOPCdX9iEJma
    [300] => tg_xynK92e6Ss0NWnCvL8CCENHHEqAka4
    [301] => NBAftx-225-02
    [302] => tg_9qi3bVuFrRYnjckoJq4Dtos0NVwJYt
    [304] => tg_rerMGmdYU9Jyeq8z0UUtJkITxPIPi2
    [308] => tg_n3qXUbsViYy6M8zO55x3jxvAMHZa2W
    [323] => dqyc-229-02
)

有效渠道个数：236
有效渠道array：
Array
(
    [0] => 1884
    [1] => 1878
    [2] => 1877
    [3] => 1875
    [4] => 1871
    [5] => 1870
    [6] => 1869
    [7] => 1868
    [8] => 1859
    [9] => 1856
    [10] => 1854
    [11] => 1840
    [12] => 1839
    [13] => 1838
    [14] => 1837
    [15] => 1836
    [16] => 1831
    [17] => 1830
    [18] => 1829
    [19] => 1828
    [20] => 1825
    [21] => 1824
    [22] => 1823
    [23] => 1822
    [24] => 1821
    [25] => 1819
    [26] => 1817
    [27] => 1816
    [28] => 1815
    [29] => 1814
    [30] => 1809
    [31] => 1803
    [32] => 1801
    [33] => 1800
    [34] => 1650
    [35] => 1647
    [36] => 1638
    [37] => 1637
    [38] => 1631
    [39] => 1630
    [40] => 1629
    [41] => 1620
    [42] => 1618
    [43] => 1617
    [44] => 1616
    [45] => 1614
    [46] => 1604
    [47] => 1603
    [48] => 1601
    [49] => 1600
    [50] => 1595
    [51] => 1560
    [52] => 1557
    [53] => 1555
    [54] => 1553
    [55] => 1531
    [56] => 1530
    [57] => 1529
    [58] => 1528
    [59] => 1527
    [60] => 1526
    [61] => 1524
    [62] => 1519
    [63] => 1506
    [64] => 1488
    [65] => 1481
    [66] => 1480
    [67] => 1478
    [68] => 1476
    [69] => 1475
    [70] => 1470
    [71] => 1464
    [72] => 1461
    [73] => 1459
    [74] => 1457
    [75] => 1449
    [76] => 1448
    [77] => 1436
    [78] => 1431
    [79] => 1430
    [80] => 1429
    [81] => 1428
    [82] => 1419
    [83] => 1417
    [84] => 1393
    [85] => 1392
    [86] => 1389
    [87] => 1380
    [88] => 1346
    [89] => 1343
    [90] => 1338
    [91] => 1336
    [92] => 1335
    [93] => 1324
    [94] => 1306
    [95] => 1305
    [96] => 1304
    [97] => 1292
    [98] => 1280
    [99] => 1155
    [100] => 1139
    [101] => 1134
    [102] => 1123
    [103] => 1120
    [104] => 1115
    [105] => 1110
    [106] => 1102
    [107] => 1101
    [108] => 1100
    [109] => 1078
    [110] => 1077
    [111] => 1056
    [112] => 1047
    [113] => 1012
    [114] => 1009
    [115] => 999
    [116] => 998
    [117] => 971
    [118] => 947
    [119] => 946
    [120] => 944
    [121] => 941
    [122] => 915
    [123] => 913
    [124] => 910
    [125] => 908
    [126] => 885
    [127] => 881
    [128] => 876
    [129] => 873
    [130] => 872
    [131] => 871
    [132] => 867
    [133] => 866
    [134] => 860
    [135] => 857
    [136] => 856
    [137] => 855
    [138] => 854
    [139] => 850
    [140] => 843
    [141] => 836
    [142] => 825
    [143] => 800
    [144] => 799
    [145] => 798
    [146] => 785
    [147] => 775
    [148] => 758
    [149] => 753
    [150] => 751
    [151] => 728
    [152] => 727
    [153] => 717
    [154] => 713
    [155] => 697
    [156] => 696
    [157] => 695
    [158] => 694
    [159] => 689
    [160] => 686
    [161] => 685
    [162] => 683
    [163] => 680
    [164] => 677
    [165] => 658
    [166] => 657
    [167] => 656
    [168] => 616
    [169] => 589
    [170] => 588
    [171] => 587
    [172] => 582
    [173] => 581
    [174] => 579
    [175] => 572
    [176] => 563
    [177] => 562
    [178] => 536
    [179] => 535
    [180] => 533
    [181] => 528
    [182] => 527
    [183] => 526
    [184] => 478
    [185] => 477
    [186] => 476
    [187] => 464
    [188] => 462
    [189] => 460
    [190] => 456
    [191] => 453
    [192] => 441
    [193] => 439
    [194] => 433
    [195] => 430
    [196] => 429
    [197] => 421
    [198] => 416
    [199] => 409
    [200] => 407
    [201] => 405
    [202] => 404
    [203] => 403
    [204] => 399
    [205] => 396
    [206] => 392
    [207] => 389
    [208] => 386
    [209] => 384
    [210] => 381
    [211] => 380
    [212] => 379
    [213] => 377
    [214] => 374
    [215] => 373
    [216] => 371
    [217] => 370
    [218] => 369
    [219] => 368
    [220] => 324
    [221] => 309
    [222] => 300
    [223] => 297
    [224] => 296
    [225] => 295
    [226] => 293
    [227] => 270
    [228] => 262
    [229] => 241
    [230] => 223
    [231] => 174
    [232] => 172
    [233] => 167
    [234] => 141
    [235] => 14
)

