2016-10-08 00:13:28
统计当天：2016-10-07
渠道个数（即dailyaccount的个数）：6056
渠道sql：
select * from yx_tg_source S left join yx_tg_game G on S.gameid = G.gameid where S.activeflag = 1 and G.activeflag = 1 and G.isonstack = 0  and S.createtime<='2016-10-07 23:59:59' order by S.id desc
活跃渠道个数：271
活跃渠道array：
Array
(
    [0] => tg_uYQsNlH1kqwKDEH4xABqHPfGQdgA9v
    [1] => tg_cpZrEKR0IJ4S1rcmaswi8oADsic8pk
    [2] => tg_Ns2ruyRNGIFOc1V1cNXZTgYNXxKEzX
    [3] => COK-223-01
    [4] => tg_quBxwsHLnDcetKwYUeL0ZwGVhOWJvs
    [5] => tg_5OfKZXixp7CjR7XPU0W90lqqqTFk5J
    [6] => tg_Ybl9xENxHsfVBPK7IBZikgc9icV0p0
    [7] => tg_au4IVxZIqUPkIsk9WHXh5V7naKiSIK
    [8] => tg_wdPlPXqIiLNs9uy7Ml0oOQKl3eamzQ
    [9] => tg_VZuGbtPK119VaeXIfeAFPpCwPVuF4q
    [10] => tg_DSCeq49dAY1NXszMuPT6YSvlibLEV5
    [11] => tg_mNXK59R18xrYtoBaxWNwkKYPBuKXQp
    [12] => tg_ImW7KdcLDbkfZrE1j7R4jVhpShIV9N
    [13] => tg_xyZ3j9g1TEE5oRQ8jtjOvWp93RoO1U
    [14] => tg_YP3WF3TI3Mr7oCBqG4P1cEzXc7s0uA
    [15] => zyj-263-04
    [16] => tg_5QH6cQj37W9Aiel0tFJsWqgDtezJLR
    [17] => tg_MgtczvSC2Y8RhwzpkFMfLrp6BnzFJA
    [18] => tg_IHodxJNKrfS0xxajkR6tAtkpohQvUu
    [19] => tg_g7ZxSv4gz7VPwWmtBN4Rua0RkQd3SI
    [20] => tg_sM3nfqDJy3Vy5aPurriOPCdX9iEJma
    [21] => tg_R5o8QShUV1GO4zyUU3UWozKOn12GdV
    [22] => tg_Q0OXBqTKUT4gxwLdq8cEyinsbxvWsh
    [23] => tg_NKOwsJ0b1FzamrotErpd6jgYsKAN2v
    [24] => sszj-260-03
    [25] => tg_2ZYkmaQb5dtVWF9Eg0rokADvWu2l1D
    [26] => smsjOL-247-04
    [27] => tg_NgwIwYVjAzXZn1QBJC68rQwtm8qAnv
    [28] => tg_2NsHXZzeADPI3sOdsGvb5UWmUgvIq3
    [29] => tg_PXQG1MoeGb9uQy94DtZg3mBtr0ErUI
    [30] => tg_hfQFP1T5unIBwVwmYZ84lmbLUk6Hql
    [31] => tg_XsxYkTvYKaFEZLomJmAIGTxKh6t473
    [32] => tg_DLgDR06dmMa0a6U2hBofa0ahtn29UH
    [33] => dfi2-252-03
    [34] => xdzz-228-03
    [35] => ly-266-03
    [36] => iszz-258-09
    [37] => tg_spVeL0duhA4o33C3XVLMLcJeGzpLLx
    [38] => tg_JE7555URTg8PnW3kg27YKTPGG7ZcbP
    [39] => tg_Sewxs3XtPGOLYiORI5Pkg7odXeAKXN
    [40] => tg_YSA05Nah8JewKgqX9nr7Acwb2aBxyl
    [41] => tg_eXfOrB7ZM7cDO2nqwzIwswNwbLhnlJ
    [42] => tg_QNIdVsHmq2UJ0KNrgyokjQkFMiWOhX
    [43] => iszz-258-03
    [44] => tg_caJsC7EfMOzEbr9mIg1Oi8xmFBpxw6
    [45] => tg_qsnV07CXxrunsXAD8uJpw8KAtjwRUH
    [46] => tg_iNBVgkrz7R1IOCXEEJfkIlPzdSGnyI
    [47] => tg_ZZgcgW1UXMwmQ7XrtNJNYgILCHkhvx
    [48] => tg_Trn7YSQVVtNZzq3Fw768fo98JN0n65
    [49] => tg_JZ9J3vGNs6fiYDpid1fLVXAcdmnJGC
    [50] => wd-265-03
    [51] => tg_jCHJyMptnrEeCRtLvWCna1UgFDOg12
    [52] => tg_a5q2q9GN2xABq86jM9pwiS8iyBJVfW
    [53] => tg_1wDDLzkjbW3Pb8jzRrA01incmPqYhQ
    [54] => tg_Zs0k3Wft4sZSUPLhqKbS72Fumhrxnx
    [55] => tg_9wMQEwx1XSgzc6p1L1icWOicF6gRTs
    [56] => tg_lH8i7vtt5Vyi4nU4poSm8Iv68PqS5A
    [57] => tg_OelNZbsZicvSlFyKZY006o7gBOtSKO
    [58] => tg_NoqH248k7exruZXQMVi100rIj0Ow78
    [59] => xdzz-228-01
    [60] => tg_OR6k1HjrRFrcg1DYYkX3RZNfmsAJfA
    [61] => tg_eKgpglHNQWuU8NNeLUHKwpPPblhbJx
    [62] => tg_YEGigjvUVMhHY4g2vs3HBjFuRhLdgZ
    [63] => tg_ymld57G5I4vbEL4xKP4jLw7Orz8ckF
    [64] => tg_KPu4Nors1HZxKWZihYMPeXmb4uu43N
    [65] => tg_9exPJH0wBZ8HTOnBGIBAUy7Pd5KItg
    [66] => tg_KtxAhgyuKokin415ZZXBckKo5ioOsY
    [67] => tidmx-259-03
    [68] => tg_luMOlzXMsvqQNqaAuBhkolxOxGtjmA
    [69] => tg_jlkC6X8s1QpUpkaUOzJ2fGYI7vjo37
    [70] => tg_W2pysd1dY4bhFAxFDmSbPJAAXMZAJP
    [71] => xyj-241-12
    [72] => byxxc-238-03
    [73] => tg_ukKVlFDkkWIyijtZbh7wQ9szez1vK1
    [74] => tg_mrIHzdJ5a7cXVH9W4aDyn8BcY3sEWL
    [75] => tg_REbZq3xHh7bBMYgjx9hoFuLn8zSkuc
    [76] => tg_BX7jbPiBrO3Lbj4y7kRa9Zw7d5W5pt
    [77] => tg_jejMxEyTgyxOGvlI2GYJusOt3QDOGb
    [79] => tg_G9yTAxWgs6kbikFA8mybpflSOxGHtl
    [80] => wd-265-01
    [81] => tg_iCdPvpx09yXS6AqVoH99GaBcG8K6Bx
    [82] => tg_tqrdOEQGez8JLhsu6eKlKfqBQ95Nv9
    [83] => 
    [85] => tg_howgDJMf8H0nC23KdM8cLLhsk330Sj
    [86] => tg_oYeamNiVoPhCQ43VMK6OhFySsqpVbh
    [87] => tg_N3n5bMNK8zcr4pfuMwWwZ8rQ1S89xz
    [88] => tg_SUBQvuZAx9lnRfMLE4t3Vdfem6fCqd
    [89] => yxzxAPP-422-01
    [90] => tg_oRr8aA1QCzsoU5qSPqYmMCuQ9sNmcg
    [91] => tg_foInmUBJTEST2FsjE393noaqCL4YDz
    [92] => gfx-227-02
    [93] => tg_IG3MtJ7JOXqsan5jjyzdOs1dngskIJ
    [94] => tg_JYWGy6Lv2jwnMs8SqyRiEdd3aHRvvv
    [95] => tg_1UrNa6pMG9ilFEbZCPTKAY22s7V5Cz
    [96] => tg_rxk5PfhQq0bSCryZmN7GIozF5JXeYS
    [97] => tg_ODoUx9rQG9p7rnBZM2d19F8EQZ5utc
    [98] => tg_DXLdwJFBbmEClkeZrrzUr7M0x5UknP
    [99] => tg_73mHAOuM3KdQa6oKLLG6XZgNWYlZCU
    [100] => tg_B2gRz6KoFotcJwvqLHiYqclhTRZjAI
    [101] => tg_hGFVwlehGMFc5AVTI0APT2AXvSQeGu
    [102] => tg_vHJuYyncAfyWx0OBOTNBzBs4VDbYKa
    [103] => tg_rmk6gWq0INJZaYZ6tgqFPmq3z5eqNm
    [104] => tg_c0mUBBrcogdE5UvZCY2HnsSHyc6ePs
    [105] => tg_OD7FcltYU9ZyDt7rn6beaylFAAVT5D
    [106] => tg_OfaE1oD9jOkeCrMxFmwZmT29Ew1L5z
    [107] => tg_USQULvLd7jEwvAnEXP6ogWMPmBcWXF
    [108] => iszz-258-11
    [109] => tg_jVaInI6nlTytxENBtvj0QGDG4ROnQZ
    [110] => tg_UDyMC93nwIALdlS1mugg7eTc5SGYIU
    [111] => tg_xX5O7gsz5V7ioS8CXkxejkdaaSilqn
    [112] => tg_2H4Lh6QFRbtPVS4psFYWJTTOhX6jay
    [113] => lwzr-239-03
    [114] => qqics-242-02
    [115] => tg_n3qXUbsViYy6M8zO55x3jxvAMHZa2W
    [116] => tg_2WbWHagMS2SOb5xOSfVRLGlIn1S33u
    [117] => tg_u1US2O9i4Z0zNFhwCpRHFpjjJ2Ti4w
    [118] => tg_6vi6nfVunqSTdJKQ729D5wPqwD65uc
    [119] => tg_ovYJpa0VxDSjfx9vB6F4bOOdyJRpkM
    [120] => tg_JrFLtWsbbdLYlqboVhSzzxoHROQD4k
    [121] => tg_sN4DNq0d4Vg5WHZg9OWPsd4bjkM0hL
    [122] => tg_HxU1CoCoVKqPjjfMcKZ0TzcyV77wqY
    [123] => tg_hgxfsHaP3Nl6ta14BIeWsy7lPXS8e2
    [124] => tg_KGrCSe1a4ryaHXKDklFBnaD9pInRXq
    [125] => tg_cYKbmfe1jYW21pNtqPwQKQlHEFz6HA
    [126] => tg_fGavmBEmEeJaNl84wbOJXtzYoz3ImT
    [127] => tg_2ARVHpH2uWK1GKxxu0Zg0YChSYsj0O
    [128] => tg_vfaj7fCIWHRW8AF6lOhWStml7M07BG
    [129] => tg_D3OC96S53NgitjGQM8exL3wMjxkf4X
    [130] => tg_NIGftm0hA1EjxWm9DKPuA69NSdLiBs
    [131] => tg_oGuXovKoRUbLPmHuvs3UuIE9aeMS2u
    [132] => tg_ceyjwgtKjdoAWvo2vbmAPUZ25nKLFW
    [133] => tg_R1RDVqNHRQXgl4KJSMyZU2Tno2K9bg
    [134] => tg_xBuL3S9TdcaQpVCpOs55vAmiUv8Ix9
    [135] => tg_9svDGMMYJz3JrJlA5yZkJ0dVtaUb4m
    [136] => dfbb-261-03
    [137] => dixy-232-03
    [138] => tg_LZVNb8oMP1vPlllm0EKGZKP5Fr09kS
    [141] => tg_x7V0CXex19izghRLpbsKQuQz4iWGFy
    [142] => tg_vCsJpv46Zy29l982dIplz8UWDvylOA
    [143] => tg_BzSlq616dainWOMpgxtFCfaqMVWg3j
    [144] => tg_4xaqzJIbeZOX10X6NI4jgUD3d7kYwn
    [145] => zyj-263-03
    [146] => tg_hjdu6ORJM7OG8QrXFIcC2xcYVRv9Dr
    [147] => tg_AXIXnbBwMpJMQDEe2VSEWJmTX2afnP
    [148] => tg_OU20Xikl0SbparapZGvkebqzKhWQRE
    [149] => tg_mFtD7NWQksoGcdkYjyTLyCGBW5LAiU
    [150] => gfx-227-03
    [151] => tg_z037kSsOTpOe64cmjLjl1nUsQAoDwW
    [152] => cbws-283-03
    [153] => tg_VD9fabmjMTqKUo3zGp3UHnyM0FohMB
    [154] => iszz-258-10
    [155] => tg_tWxsqLc2DyZW0xhEjU2AGnkAg8rSzH
    [156] => tg_GXKFwldOWDrQ9XB8plFtCj91dyXAIh
    [157] => tg_mcEuJVtSvdAtVUENaRDVMBLSq8APnS
    [158] => tg_Gejy6CaJU0EYR82x85J7TjKGPjSSZY
    [159] => jymf-237-03
    [160] => tg_5tm9Wg2AXqKDoIwYbz1h5YBQ4FS8P3
    [161] => tg_4gxvdgBfeXfU0Mkm1t3kqb6ftdzOMG
    [162] => sji2-257-03
    [163] => tg_QZZFggp5dA4nZym1yeDjbwGvJrDxrz
    [164] => tg_WCkCTf0pTrn8wT5Vga2ak2u2b6U4jG
    [166] => tg_V4rCcoFzbBkK9PCpIYlOHxsf6WUDQr
    [167] => tg_HAE4GeBnupqKgTMoKVfdqFSpbGZqdw
    [168] => tg_HlAnvCbNuM4o6gu4lj9ouY9mA4dxfQ
    [169] => tg_MPv6wZlNPr7LOEpHwY19XtQ1kr7Fff
    [170] => tg_DwNO8ixOfJ2rY1XNclifft83mhYTi4
    [171] => cbws-283-02
    [172] => tg_xyeEpNy38LrPrmO7kN8DtktaBlDieY
    [173] => tg_AsxPJXxY4WyybvnM7G2sf9DlUpfLcS
    [174] => tg_e1XmOfhhxXMfenNMZuYv78znuFefbr
    [175] => tg_rRyHzAFMUdV7axvQjFOLFWcimW2ISs
    [176] => tg_Gl4B6QurIAtwce1L8X9Drz0yYnpQAo
    [177] => tg_v7Jb3BIDODCQ1VtgtfAmw7kXJEEPfK
    [178] => tg_WObUg0waseMQMRqjvOnCzrgFmhUPVo
    [179] => tg_ztpR2HKML8hJFjprho1zfbkV0imFp4
    [182] => tg_prw2gIFGyrnJH79P6pDgYGJjanWPHY
    [183] => tg_euSiCujjVYyRZq2bhlsayXa9gchpUb
    [185] => tg_rZLzNO4FSdY9hoRYNqEFV16bvYXuBb
    [186] => iszz-258-02
    [187] => tg_KSrTmGgyDYV81i5ltvne0CVaiHhXRQ
    [188] => tg_9v3y1tH8IID2ObAOh7tIrIqGPUL5li
    [189] => tg_IkrlXzTXRIz8Ff1EmFcvknDMveHyZy
    [190] => tg_ZYpcDjcdzPXo9mq3BmOpV125UYut9U
    [191] => sdyxc3D-243-03
    [193] => tg_Qo1fvJS7zsXzyA2IXbpN0O63IkFczD
    [195] => tg_E0E2nta7J3vcP1BXFdQhyTIYyLZcTh
    [196] => tg_v2aSduKnJJ5NKXAAkCTPEOYo7JnS94
    [199] => tg_ICEcjc9rCPIBR46UAcqeZksnO8Wi9M
    [200] => xyj-241-02
    [201] => tg_hT9imoeBBJOa4aoOSH8s9D4nXulXQ3
    [202] => tg_q4hI4MqWZwu7ac1kh5pn4KFdNgeV4y
    [203] => tg_yguQaDrCX4sRHyusZCmoIu2wxKyPTv
    [204] => tg_JlRqvBfsks2ni5ghWQqYA730uapFrC
    [205] => tg_uRPJgNFRkhP1SYEz7vGMLo5cLwr10j
    [206] => xyj-241-03
    [208] => dixy-232-02
    [209] => tg_Hllcezo5vcG6IuqIwwwGQ0oYw0mGPL
    [210] => tg_CfiAkPLcWCKERyb9IHu6Ecf4fqCN0e
    [211] => tg_zlmQ1MYrs3puVAfAUySNfxp8DprrcN
    [212] => tg_R8HYrK50f168ti9sOsZtaiQD2co59J
    [214] => tg_XFjHfg1mv3pPvJKCJ0JShkY18TdXxi
    [216] => tg_nNPe0vpMC4ZxmitWGiEHW0gWHDpRcF
    [218] => tg_DRkQoc4JCBwlfXGBZt3S7Xe7qKbHuX
    [221] => tg_Q2b1rjqmySzYHTs1i9OWePb2NaBcGB
    [224] => tg_1EINsQaerAIg5QtrK92gm7n6zSfR7D
    [225] => dfi2-252-02
    [227] => tg_q5tpNQkvjppy8orNkmvHjKeZoFDicc
    [228] => wd-265-02
    [229] => tg_1nGplhQDLUI1MZSEUXMNUL84CHOPpX
    [230] => tg_JXdNpFL3qYrFKCQydFp9kS0Es7uq9p
    [231] => tg_eNCWE4IqbTr4L3rXk6kxGeYdF0sdgw
    [232] => tg_zjUY3zgmqTzHY6gaBbz0V5axvkeADq
    [234] => tg_1t8ZHkzHsOjjfBQdO8Sp6xQb4Jqv5N
    [235] => tg_o028lSVS26po0ZFjgGHlegKtggqz9S
    [236] => iziy-262-03
    [237] => tg_a3MwwHqtFVIIu2wAcJtxFP9Qq6YXdU
    [238] => tg_vC2YDzjcVUC15FGQBPgLNxYeO7Z5SQ
    [239] => tg_YdzBBvglsoXidJdKCmWrG85bql5kG4
    [242] => tg_T0Ed5mmvuRdVzcxLWCLs9R6BGf0EaP
    [243] => tg_aFWrMTmCWEE0kaQmPHz5pWXf54vm83
    [244] => tg_iTu7R5kBoS3ZwvVAV0dsCpeGvSwNDW
    [245] => tg_SWqbqvLqDQyYjsG9jBBHZo8bF5l6yj
    [246] => tg_NCP73iALs0HQvWtKPZzGiEA3HSBsAa
    [247] => tg_9L7imM0iNMHDvx030tEttb2gY6yAvf
    [248] => tg_Wn11xsfYxoYQKmXznDz7ic5H2PaJth
    [249] => tg_ExtRRmq70LZ5cPOsbOSWEzt7KRjR70
    [250] => tg_pVLKwuqunHstVkThsuG9m9ZSFNKY4Z
    [251] => tg_NO44EDPcEL3s66lwa9yRtCs9aY1gjc
    [252] => NBAftx-225-02
    [253] => tg_U7dQFVw0JZmpH11lmYHLR5qIsPJy3K
    [256] => dixy-232-01
    [257] => tg_CWHe7Hrfhl6JXuwTQhogiVXlCxO6f0
    [258] => tg_It3ZrGnxHnT527Li1JsFPEbAXHFsnx
    [259] => tg_Zoks2ueLqNQh9bkP9F8nWgWxgVN4a3
    [260] => sbkcq-294-01
    [263] => tg_9MSv9Id4g4YQ5HqkZSRgzWSsm3hDiU
    [265] => tg_bemh9vIE1yhl2WLX8PC3K4kt6T56sl
    [266] => tg_KMpuyo1EOdaG6l4RIJxknESqe8i1do
    [267] => tg_isZoXNhPlO746tHMSp9H4QBHsPxXNI
    [268] => tg_pdviUeEztqS8c3nE98GICfvvesETHJ
    [269] => tg_C279T8XrdTVBzfahN2pau9nO3JhRif
    [271] => tg_PEbTLGzNvnESyOdTgKbhjxMrpp6Pv1
    [275] => tg_lfUx09OXmzxWGLxjyNqiYhji1J6o3S
    [276] => tg_Ol1QFxsnwmPTIifUX1pY0CFdr9g2cW
    [278] => iszz-258-04
    [280] => tg_gGqT8bYbaxpqLD1XpnsxYSJ3XLlWdc
    [281] => ijilz-249-03
    [282] => tg_iqfTzQ8SlRMYUsxMhhHnvScsJrc5by
    [285] => tg_JJZYD6SJy3SJ6c0AKRp1GmB5UqZ2jg
    [287] => tg_MwmQeDM6z2hcH7FkvAQSikHdIAwg1t
    [288] => tg_Yu783LP9jjPQKkQ4gZ37LJqiGsa8F2
    [291] => tg_Ok1V5icI9vmONx23EKbYHVP56i1pYd
    [292] => xdzz-228-02
    [294] => tg_3GSSy8PYKoFrup8G30jsux8ihQxkGc
    [296] => tg_xynK92e6Ss0NWnCvL8CCENHHEqAka4
    [297] => tg_gxMXCdvJJOAMmzsoXJMMaU34TPUY3s
    [298] => tg_VY5fuFU8pF4jMVrZsTPAcRbAbM68ZA
    [300] => tg_Uuu7DKIS1H6x1tYmIF3QwX7uhrg7pM
    [302] => tg_rerMGmdYU9Jyeq8z0UUtJkITxPIPi2
    [303] => tg_dE40iVMPYicK6apZag3A7mu7y50uQ9
    [304] => tg_oAoVUwkuOeyVVQ05jZL3XRH3CJPrbR
    [307] => tg_IB6hnKY9LuosneMkON6vp3eobulWK3
    [309] => tg_5OSuPn9oHty6tDThXGVcWSFPKws79c
    [311] => fzj-291-01
    [312] => tg_Ylsw4PyijBADuMjBqAvjXxmuH9Wj3F
    [313] => tg_3H9a1haRWXASZzcsseDOLdFDuXWGy9
    [315] => tg_V3ZMC6AaWAUIgoEVwUp5VmHPypL3p1
    [317] => tg_Uzk9TWGhQpn8JMmxrdOv3sknjw9Rpv
    [319] => tg_G7iLAMkERZ5ZZ4eotZjjQMghR4aFpd
    [324] => qqics-242-03
    [328] => tg_2N0xHDMuHNoT51QtNa4w5UvW579Hq3
)

有效渠道个数：260
有效渠道array：
Array
(
    [0] => 6468
    [1] => 6447
    [2] => 6435
    [3] => 6426
    [4] => 6421
    [5] => 6253
    [6] => 6251
    [7] => 5728
    [8] => 5727
    [9] => 5726
    [10] => 5717
    [11] => 4637
    [12] => 4575
    [13] => 4094
    [14] => 2749
    [15] => 2547
    [16] => 2505
    [17] => 2446
    [18] => 2437
    [19] => 2434
    [20] => 2407
    [21] => 2402
    [22] => 2394
    [23] => 2393
    [24] => 2391
    [25] => 2388
    [26] => 2386
    [27] => 2385
    [28] => 2377
    [29] => 2373
    [30] => 2280
    [31] => 2274
    [32] => 2273
    [33] => 2271
    [34] => 2270
    [35] => 2269
    [36] => 2268
    [37] => 2267
    [38] => 2265
    [39] => 2264
    [40] => 2263
    [41] => 2262
    [42] => 2260
    [43] => 2259
    [44] => 2258
    [45] => 2256
    [46] => 2255
    [47] => 2254
    [48] => 2231
    [49] => 2221
    [50] => 2218
    [51] => 2215
    [52] => 2210
    [53] => 2099
    [54] => 2090
    [55] => 2073
    [56] => 2055
    [57] => 2045
    [58] => 1896
    [59] => 1884
    [60] => 1877
    [61] => 1875
    [62] => 1872
    [63] => 1870
    [64] => 1869
    [65] => 1859
    [66] => 1856
    [67] => 1854
    [68] => 1837
    [69] => 1825
    [70] => 1824
    [71] => 1823
    [72] => 1821
    [73] => 1814
    [74] => 1811
    [75] => 1809
    [76] => 1803
    [77] => 1801
    [78] => 1800
    [79] => 1650
    [80] => 1647
    [81] => 1645
    [82] => 1638
    [83] => 1637
    [84] => 1631
    [85] => 1630
    [86] => 1629
    [87] => 1620
    [88] => 1618
    [89] => 1617
    [90] => 1604
    [91] => 1601
    [92] => 1595
    [93] => 1559
    [94] => 1557
    [95] => 1555
    [96] => 1553
    [97] => 1531
    [98] => 1526
    [99] => 1524
    [100] => 1519
    [101] => 1491
    [102] => 1488
    [103] => 1481
    [104] => 1480
    [105] => 1476
    [106] => 1475
    [107] => 1470
    [108] => 1464
    [109] => 1459
    [110] => 1457
    [111] => 1452
    [112] => 1436
    [113] => 1431
    [114] => 1428
    [115] => 1419
    [116] => 1418
    [117] => 1417
    [118] => 1393
    [119] => 1392
    [120] => 1389
    [121] => 1380
    [122] => 1369
    [123] => 1346
    [124] => 1344
    [125] => 1343
    [126] => 1337
    [127] => 1335
    [128] => 1324
    [129] => 1306
    [130] => 1305
    [131] => 1304
    [132] => 1292
    [133] => 1139
    [134] => 1134
    [135] => 1123
    [136] => 1120
    [137] => 1115
    [138] => 1110
    [139] => 1101
    [140] => 1077
    [141] => 1056
    [142] => 1012
    [143] => 1009
    [144] => 999
    [145] => 998
    [146] => 971
    [147] => 946
    [148] => 944
    [149] => 915
    [150] => 913
    [151] => 910
    [152] => 876
    [153] => 873
    [154] => 872
    [155] => 871
    [156] => 867
    [157] => 866
    [158] => 860
    [159] => 857
    [160] => 855
    [161] => 851
    [162] => 850
    [163] => 843
    [164] => 836
    [165] => 825
    [166] => 805
    [167] => 800
    [168] => 799
    [169] => 798
    [170] => 785
    [171] => 775
    [172] => 764
    [173] => 758
    [174] => 753
    [175] => 751
    [176] => 728
    [177] => 727
    [178] => 725
    [179] => 724
    [180] => 717
    [181] => 713
    [182] => 697
    [183] => 696
    [184] => 695
    [185] => 689
    [186] => 686
    [187] => 685
    [188] => 683
    [189] => 680
    [190] => 677
    [191] => 657
    [192] => 656
    [193] => 654
    [194] => 616
    [195] => 615
    [196] => 593
    [197] => 589
    [198] => 588
    [199] => 581
    [200] => 579
    [201] => 572
    [202] => 563
    [203] => 562
    [204] => 536
    [205] => 535
    [206] => 533
    [207] => 528
    [208] => 527
    [209] => 526
    [210] => 478
    [211] => 477
    [212] => 476
    [213] => 464
    [214] => 462
    [215] => 460
    [216] => 456
    [217] => 453
    [218] => 441
    [219] => 439
    [220] => 433
    [221] => 429
    [222] => 416
    [223] => 412
    [224] => 409
    [225] => 407
    [226] => 405
    [227] => 404
    [228] => 403
    [229] => 399
    [230] => 396
    [231] => 392
    [232] => 391
    [233] => 389
    [234] => 386
    [235] => 384
    [236] => 381
    [237] => 380
    [238] => 379
    [239] => 377
    [240] => 374
    [241] => 373
    [242] => 371
    [243] => 370
    [244] => 369
    [245] => 368
    [246] => 324
    [247] => 311
    [248] => 309
    [249] => 300
    [250] => 297
    [251] => 296
    [252] => 295
    [253] => 293
    [254] => 262
    [255] => 223
    [256] => 167
    [257] => 155
    [258] => 141
    [259] => 14
)

