2016-10-26 00:35:26
统计当天：2016-10-25
渠道个数（即dailyaccount的个数）：7203
渠道sql：
select * from yx_tg_source S left join yx_tg_game G on S.gameid = G.gameid where S.activeflag = 1 and G.activeflag = 1 and G.isonstack = 0  and S.createtime<='2016-10-25 23:59:59' order by S.id desc
活跃渠道个数：371
活跃渠道array：
Array
(
    [0] => tg_u5jkBNVLd4lnnf9w8P6FZVnCleJITd
    [1] => tg_fSAlRxHa2UDWbbx3Gn7nvypxDWqvkd
    [2] => tg_2NsHXZzeADPI3sOdsGvb5UWmUgvIq3
    [3] => tg_unMwLTGeYthJRg2f50TqUFSAig0HCf
    [4] => tg_T0Ed5mmvuRdVzcxLWCLs9R6BGf0EaP
    [5] => tg_YSA05Nah8JewKgqX9nr7Acwb2aBxyl
    [6] => COK-223-01
    [7] => tg_IHodxJNKrfS0xxajkR6tAtkpohQvUu
    [8] => tg_Ol1QFxsnwmPTIifUX1pY0CFdr9g2cW
    [9] => tg_JrFLtWsbbdLYlqboVhSzzxoHROQD4k
    [10] => tg_5OSuPn9oHty6tDThXGVcWSFPKws79c
    [11] => yxzxAPP-422-01
    [12] => tg_wdPlPXqIiLNs9uy7Ml0oOQKl3eamzQ
    [13] => tg_rZLzNO4FSdY9hoRYNqEFV16bvYXuBb
    [14] => tg_quBxwsHLnDcetKwYUeL0ZwGVhOWJvs
    [15] => tg_fl4scLZ4FiUV9noT00XsT0B55NgKEK
    [16] => ly-266-03
    [17] => tg_E0E2nta7J3vcP1BXFdQhyTIYyLZcTh
    [18] => tg_mDkHHPzmPXS39YYhBz8uKjl3CzEfCG
    [19] => tg_WfzLMW83Eluw2OSasRwtjWzLhkGjcr
    [20] => tg_hfQFP1T5unIBwVwmYZ84lmbLUk6Hql
    [21] => tg_uKdkYuLOUZ6dYpKawiPxSlws5C3p2Q
    [22] => tg_3DSNWRoGvcnS1USj7RLdEQ1Anm4nds
    [23] => sdyxc3D-243-03
    [24] => tg_YP3WF3TI3Mr7oCBqG4P1cEzXc7s0uA
    [25] => tg_Q2b1rjqmySzYHTs1i9OWePb2NaBcGB
    [26] => zlc-280-01
    [27] => tg_V3ZMC6AaWAUIgoEVwUp5VmHPypL3p1
    [28] => ijilz-249-03
    [29] => ly-266-01
    [30] => tg_77gFvmZyqqb5ZTA3643TFpwCYz8Jas
    [31] => tg_euSiCujjVYyRZq2bhlsayXa9gchpUb
    [32] => tg_ldlS3tWKN8VmhxHWs7NPgQTPUOg9cJ
    [33] => rwx-444-01
    [34] => iszz-258-04
    [35] => tg_NO44EDPcEL3s66lwa9yRtCs9aY1gjc
    [36] => tg_Trn7YSQVVtNZzq3Fw768fo98JN0n65
    [37] => tg_W2yyQXCxIyTIwSbFXX4j5shu4N3mrk
    [38] => xjqxc3D-443-01
    [39] => tg_isZoXNhPlO746tHMSp9H4QBHsPxXNI
    [40] => tg_bKnybL4otl2MtKbxCtLLDw8xA056HA
    [41] => zgzt-213-01
    [42] => tg_TqzSaseGqG0lQhRlMeKvXogLlm94z2
    [43] => tg_dcZ5QIL64ZnGI4GY1HWwh29nKXB9BK
    [44] => wd-265-03
    [45] => tg_It3ZrGnxHnT527Li1JsFPEbAXHFsnx
    [46] => tg_XqqefIBRLPljmy0fSj4gQUXeoc2JeF
    [47] => tg_y0rw3xWTqO1J6EbXH2IEeZciWZj2V8
    [48] => yxzxAPP-422-02
    [49] => tg_NgwIwYVjAzXZn1QBJC68rQwtm8qAnv
    [50] => tg_ZZgcgW1UXMwmQ7XrtNJNYgILCHkhvx
    [51] => tg_5OfKZXixp7CjR7XPU0W90lqqqTFk5J
    [52] => tg_1nGplhQDLUI1MZSEUXMNUL84CHOPpX
    [53] => xdzz-228-03
    [54] => tg_MwmQeDM6z2hcH7FkvAQSikHdIAwg1t
    [55] => tg_a5q2q9GN2xABq86jM9pwiS8iyBJVfW
    [56] => tg_Hllcezo5vcG6IuqIwwwGQ0oYw0mGPL
    [57] => tg_6MtTadvoEKKgoLj4mjkg9EXH9fHVbf
    [58] => tg_9wMQEwx1XSgzc6p1L1icWOicF6gRTs
    [59] => tg_NKOwsJ0b1FzamrotErpd6jgYsKAN2v
    [60] => tg_sM3nfqDJy3Vy5aPurriOPCdX9iEJma
    [61] => tg_VZuGbtPK119VaeXIfeAFPpCwPVuF4q
    [62] => tg_mNXK59R18xrYtoBaxWNwkKYPBuKXQp
    [63] => tg_DSCeq49dAY1NXszMuPT6YSvlibLEV5
    [64] => sszj-260-03
    [65] => tg_au4IVxZIqUPkIsk9WHXh5V7naKiSIK
    [66] => tg_iNBVgkrz7R1IOCXEEJfkIlPzdSGnyI
    [67] => tg_Ns2ruyRNGIFOc1V1cNXZTgYNXxKEzX
    [68] => tg_mGHUeBsI32LYmovto5wB74q45NSYQy
    [69] => zyj-263-04
    [70] => tg_QZZFggp5dA4nZym1yeDjbwGvJrDxrz
    [71] => tg_LLCnuPvPz2vL5lkzkWTv86VAZqXiFt
    [72] => tg_iCdPvpx09yXS6AqVoH99GaBcG8K6Bx
    [73] => tg_OelNZbsZicvSlFyKZY006o7gBOtSKO
    [74] => tg_PXQG1MoeGb9uQy94DtZg3mBtr0ErUI
    [75] => tg_jCHJyMptnrEeCRtLvWCna1UgFDOg12
    [76] => tg_JZ9J3vGNs6fiYDpid1fLVXAcdmnJGC
    [77] => tg_Zs0k3Wft4sZSUPLhqKbS72Fumhrxnx
    [78] => tg_lH8i7vtt5Vyi4nU4poSm8Iv68PqS5A
    [79] => tg_trc6MHTiwtk1cnmxWGtNazS38Pt559
    [80] => tg_LAcz69Wu9w1IjZVYQbX5w1nIPoNRjK
    [81] => tg_2H4Lh6QFRbtPVS4psFYWJTTOhX6jay
    [82] => dixl-277-03
    [83] => tg_KPu4Nors1HZxKWZihYMPeXmb4uu43N
    [84] => tg_5sYSllKI9CiU8DaoeqPrb4Tj63DcJx
    [85] => tg_tqrdOEQGez8JLhsu6eKlKfqBQ95Nv9
    [86] => tg_WxyICK73BRFOH62RcXpAgw7TCRgkLE
    [87] => tg_GbggjxSGkWfcPD8pOk50G93QeTJoWZ
    [88] => tg_G9yTAxWgs6kbikFA8mybpflSOxGHtl
    [89] => blr2-430-01
    [90] => tg_TS7g68ApFyNFyAAgoOk3qtRWimfoNg
    [91] => yjqy-342-01
    [92] => lwzr-239-03
    [93] => tg_EmraX9WScu4Blpuhx1CNgE5smwuXYO
    [94] => tg_QNIdVsHmq2UJ0KNrgyokjQkFMiWOhX
    [95] => NBAftx-225-02
    [96] => tg_Ls0r0ObpFIFHHBSzcMSHVlPIgMA5tM
    [97] => tg_CuQoLIeHAirniDHmMq7SIZZF5dij3X
    [98] => tg_rxk5PfhQq0bSCryZmN7GIozF5JXeYS
    [99] => byxxc-238-03
    [100] => tg_YdzBBvglsoXidJdKCmWrG85bql5kG4
    [101] => tg_X9FfgTUedruUSLOuWANgAoPgSE0s2Q
    [102] => null
    [103] => tg_4zE122WihSnHVLpwtgEbGo8wEaokgZ
    [104] => tg_f3YrVumb581hd00FTHPSiI7Ynyax0m
    [105] => tg_OD7FcltYU9ZyDt7rn6beaylFAAVT5D
    [106] => tg_0iRQ3TG1o1aOD0Ok82kgGDYXLzULCh
    [107] => tg_ehdVeO32w7AyPfY0ZBqkpWIr1SvDrn
    [108] => tg_TrxgxR59Lf3xhcJLMmPUvFDDTab7eL
    [109] => tg_PeTNy1Faj8mQIBuAgfbjX5jTJXLLXa
    [110] => dfi2-252-01
    [111] => smsy-341-01
    [112] => tg_CiBhEkklsCLVA2UpTTjD0UaX2nUWu1
    [113] => tg_jejMxEyTgyxOGvlI2GYJusOt3QDOGb
    [114] => tg_o0gWBb74N88KM4DSeQPwc3DdkYMO3b
    [115] => tg_DLgDR06dmMa0a6U2hBofa0ahtn29UH
    [117] => tg_h6oWu4QlhfzHW1MO4P5YqMHSPTdaUj
    [118] => tg_2IxdlbSwcuNEvSDGBrrX9CN0ZymPS9
    [119] => tg_c9HTP8FS1ZqrHK9fKvx39Km8ZBgAXJ
    [120] => tg_R64SDdeCJshvCUVl9kk1SAY2mVMv40
    [121] => tg_BoOVFdQ5PzJUpAq8lROJsTo2M3hVFU
    [122] => 
    [123] => tg_be3G2CGOTHqGytb47b5E1MRw4NGu3R
    [124] => tg_2rHFTwiFSgRvTRo2gPW23V4yeuXOmT
    [125] => oxjxq-339-01
    [127] => tg_fqdBFYtzUJ8dwUChIkIPH4nDlnQp8j
    [128] => tg_dAoS95IeOPrEdZPFtjKeLSeUbfJn7f
    [129] => tg_0Nbqgie2P1B0rStUJTCCnOwL2cQhFN
    [130] => tg_oGuXovKoRUbLPmHuvs3UuIE9aeMS2u
    [131] => dwsj-435-01
    [133] => tg_NvMFF8a67IADmj73kvjokNrEYV5Evz
    [134] => tg_KcJ4s8SZYBJBf0IVwDrhQOpE22uf50
    [135] => tg_R8HYrK50f168ti9sOsZtaiQD2co59J
    [136] => tg_oRr8aA1QCzsoU5qSPqYmMCuQ9sNmcg
    [137] => wdqc-398-01
    [138] => tg_fRHfC9ChoSgRkVZyqNoSztyogaOH6r
    [139] => tg_PwJM16uX9eSU8BhZvQe6RiV6n5Shs4
    [140] => tg_eZVgvHfJbC0aJ0HqA0noFgFkA1ob4t
    [141] => tg_eNCWE4IqbTr4L3rXk6kxGeYdF0sdgw
    [142] => tg_luMOlzXMsvqQNqaAuBhkolxOxGtjmA
    [143] => tg_2WbWHagMS2SOb5xOSfVRLGlIn1S33u
    [144] => tg_pbdbbYp6CP7zmUcKsYxbNotXs9ZNFJ
    [145] => tg_sCWQ5mO1iHJAOcEFrfABzVnYvuEaqq
    [146] => tg_QOaluxlrDrdfHirks7boYovXT5VzvN
    [147] => tg_IG3MtJ7JOXqsan5jjyzdOs1dngskIJ
    [148] => tg_URI8scPvK1DEfi44VUKTLVqP96eBcm
    [149] => tg_ExtRRmq70LZ5cPOsbOSWEzt7KRjR70
    [150] => tg_ODoUx9rQG9p7rnBZM2d19F8EQZ5utc
    [152] => dcfy-250-04
    [153] => tg_xBuL3S9TdcaQpVCpOs55vAmiUv8Ix9
    [156] => dfi2-252-02
    [159] => tg_ztpR2HKML8hJFjprho1zfbkV0imFp4
    [160] => tg_vQk4YxqC6WppWmaHRPd2w4A2NFvcLe
    [161] => tg_2N0xHDMuHNoT51QtNa4w5UvW579Hq3
    [162] => tg_UJipV7pXJ9Ui9rY70iZpjBHGl1EDWh
    [163] => tg_xNkFYCVe3999kOpWMmGd9nc4ADgor5
    [164] => tg_3CTLpCGgn8ajARBQHs9MB7UThbYKag
    [165] => tg_B8hIhBmFN4X3ijAaXtsTwvigoF1oKO
    [166] => tg_hT9imoeBBJOa4aoOSH8s9D4nXulXQ3
    [167] => xyj-241-12
    [168] => gfx-227-02
    [169] => tg_jZtoZzZwkAYreEZJSiNkP59QpwiQCi
    [170] => tg_NFFTmgzmMokyIfz9evpCJQ4sNXUaWF
    [172] => tg_jozQbXSt0MsOdEGwpK3VTTyUp66Ce2
    [173] => tg_5m0CMWg4QcBaFoDH0ZDzJHyS8SyOEy
    [174] => tg_KSrTmGgyDYV81i5ltvne0CVaiHhXRQ
    [175] => cbws-283-03
    [176] => gfsl-221-02
    [177] => tg_IB6hnKY9LuosneMkON6vp3eobulWK3
    [178] => tg_eXfOrB7ZM7cDO2nqwzIwswNwbLhnlJ
    [179] => tg_tWxsqLc2DyZW0xhEjU2AGnkAg8rSzH
    [180] => tg_s5DINUX58GHXmIZJJJV1gq5T40RdcF
    [181] => tg_Ri2NPtmmh1FsYTXg1bpBcSfD0VdpP7
    [182] => tg_bJwb42D2NyPwgID5KQngbREXKIVqTS
    [183] => zyj-263-03
    [184] => xyj-241-02
    [185] => tg_4hveOZ2EMZz0zH0ykRr1CimMmYjVF3
    [186] => tg_zlmQ1MYrs3puVAfAUySNfxp8DprrcN
    [188] => tg_ZFKqnwhylnrusVCHzMKMfQ1CrM4PKI
    [189] => tg_DOPNP9vTK4G6kP4O3zsQ0TGBIgduE9
    [190] => tg_NvXJf5QR5tjRwPjhRNfgiEKYRFgx4r
    [191] => tg_uYQsNlH1kqwKDEH4xABqHPfGQdgA9v
    [192] => tg_cC1AuzijXxk0DTe0f4TIeLb1sGp1Ut
    [193] => tg_7QcpM9nCqpQopSQYRJB5tiYQyFNcaS
    [194] => dfbb-261-03
    [195] => tg_ijHbhzbqeJ7QVhjj4ph6QPSwgdFd2g
    [196] => blidx-438-01
    [197] => tg_oVuXEouaDagQKrGaZi23ZZhUpapd4J
    [198] => tg_2ARVHpH2uWK1GKxxu0Zg0YChSYsj0O
    [199] => tg_rmk6gWq0INJZaYZ6tgqFPmq3z5eqNm
    [200] => tg_127j5YH7792BhdfqL1ReAO3NfR4xz0
    [201] => tg_SOmneBbDmU5oKk5ctGfFOWPhy6C5M4
    [202] => gfx-227-03
    [205] => tg_gWduPMd7D6sz2PYRMsO6iHgBSqP7G8
    [206] => tg_NIGftm0hA1EjxWm9DKPuA69NSdLiBs
    [207] => jymf-237-03
    [208] => tg_v2aSduKnJJ5NKXAAkCTPEOYo7JnS94
    [209] => tg_9MSv9Id4g4YQ5HqkZSRgzWSsm3hDiU
    [210] => tg_rkdhUHC6qE4eW3gS1BZlZjxddi6ZJa
    [211] => tg_howgDJMf8H0nC23KdM8cLLhsk330Sj
    [212] => tg_4gxvdgBfeXfU0Mkm1t3kqb6ftdzOMG
    [213] => tg_s5eM8IRXSE8Vp7FYNsFCvzEztLAiwD
    [214] => tg_3H9a1haRWXASZzcsseDOLdFDuXWGy9
    [215] => tg_LLCe6GiEvBpvjLou00PhrljeIJeCOS
    [216] => tg_9svDGMMYJz3JrJlA5yZkJ0dVtaUb4m
    [217] => tg_GXKFwldOWDrQ9XB8plFtCj91dyXAIh
    [218] => tg_v7cDnrslnzqxIArJ4erBCApkpQRJeE
    [219] => tg_xX5O7gsz5V7ioS8CXkxejkdaaSilqn
    [220] => tg_65d7Umo1mRGTuGyBBv8r8fwlmHxuTY
    [221] => tg_W2pysd1dY4bhFAxFDmSbPJAAXMZAJP
    [222] => tg_5QH6cQj37W9Aiel0tFJsWqgDtezJLR
    [224] => tg_gROvgO1zaKN4u7rYKqqtV34oPECQ5H
    [225] => tg_yxb251siBnIPfFxfGL0q0F510DqGvt
    [226] => cfzjbsn-245-05
    [227] => tg_nNPe0vpMC4ZxmitWGiEHW0gWHDpRcF
    [228] => tg_HeObsj9BdHlkcHrYrsz6EL2fa2GJTi
    [229] => cbws-283-02
    [230] => sbkcq-294-01
    [231] => dixy-232-01
    [232] => tg_mrIHzdJ5a7cXVH9W4aDyn8BcY3sEWL
    [233] => tg_9exPJH0wBZ8HTOnBGIBAUy7Pd5KItg
    [234] => tg_pdviUeEztqS8c3nE98GICfvvesETHJ
    [235] => tg_XFjHfg1mv3pPvJKCJ0JShkY18TdXxi
    [236] => tg_iBQwLu3gRW3oY2acIF0T5eQc2uURTg
    [237] => tg_ICEcjc9rCPIBR46UAcqeZksnO8Wi9M
    [238] => tg_HAE4GeBnupqKgTMoKVfdqFSpbGZqdw
    [239] => tg_Qo1fvJS7zsXzyA2IXbpN0O63IkFczD
    [240] => tg_iHZXuqDwjerSsZB1nFmAUAuwtnUb0Z
    [241] => tg_4Zl6KMY5KHdYhVrnrJaLw47ibP8Ibs
    [244] => tg_oAoVUwkuOeyVVQ05jZL3XRH3CJPrbR
    [245] => tg_z037kSsOTpOe64cmjLjl1nUsQAoDwW
    [247] => tg_hgxfsHaP3Nl6ta14BIeWsy7lPXS8e2
    [248] => tg_JYWGy6Lv2jwnMs8SqyRiEdd3aHRvvv
    [249] => tg_c0mUBBrcogdE5UvZCY2HnsSHyc6ePs
    [250] => tg_NoqH248k7exruZXQMVi100rIj0Ow78
    [251] => tg_zsTLBrqM2up5HI321rdz7hvmbXHCXx
    [252] => tg_MdY8o3ka4HnFeP8j7JprigdSox5agX
    [253] => tg_9v3y1tH8IID2ObAOh7tIrIqGPUL5li
    [254] => tg_HlAnvCbNuM4o6gu4lj9ouY9mA4dxfQ
    [255] => tg_5tm9Wg2AXqKDoIwYbz1h5YBQ4FS8P3
    [256] => tg_cpyZr9GHGR8Xcn0z4evGlEaXGNXBtW
    [257] => tg_kvTh1eV254JKcMoQPmaF50ZSF2YI8r
    [258] => dixy-232-03
    [259] => tg_zHs8HJGyn0Rv5Gi1WOdDkiISnK0H7s
    [260] => tg_WObUg0waseMQMRqjvOnCzrgFmhUPVo
    [261] => tg_SWqbqvLqDQyYjsG9jBBHZo8bF5l6yj
    [262] => tg_Gejy6CaJU0EYR82x85J7TjKGPjSSZY
    [263] => tg_qsnV07CXxrunsXAD8uJpw8KAtjwRUH
    [264] => tg_cpZrEKR0IJ4S1rcmaswi8oADsic8pk
    [265] => tg_MPv6wZlNPr7LOEpHwY19XtQ1kr7Fff
    [266] => tg_Q0OXBqTKUT4gxwLdq8cEyinsbxvWsh
    [267] => tg_V4rCcoFzbBkK9PCpIYlOHxsf6WUDQr
    [268] => tg_BzSlq616dainWOMpgxtFCfaqMVWg3j
    [269] => tg_OU20Xikl0SbparapZGvkebqzKhWQRE
    [270] => tg_vC2YDzjcVUC15FGQBPgLNxYeO7Z5SQ
    [271] => tg_spVeL0duhA4o33C3XVLMLcJeGzpLLx
    [273] => dixy-232-02
    [274] => tg_JXdNpFL3qYrFKCQydFp9kS0Es7uq9p
    [275] => tg_sN4DNq0d4Vg5WHZg9OWPsd4bjkM0hL
    [276] => tg_mFtD7NWQksoGcdkYjyTLyCGBW5LAiU
    [277] => tg_UDyMC93nwIALdlS1mugg7eTc5SGYIU
    [278] => tg_B2gRz6KoFotcJwvqLHiYqclhTRZjAI
    [279] => tg_JE7555URTg8PnW3kg27YKTPGG7ZcbP
    [280] => tg_XsxYkTvYKaFEZLomJmAIGTxKh6t473
    [281] => tg_D3OC96S53NgitjGQM8exL3wMjxkf4X
    [282] => tg_DwNO8ixOfJ2rY1XNclifft83mhYTi4
    [283] => tg_g7ZxSv4gz7VPwWmtBN4Rua0RkQd3SI
    [286] => tg_AsxPJXxY4WyybvnM7G2sf9DlUpfLcS
    [287] => tg_e1XmOfhhxXMfenNMZuYv78znuFefbr
    [289] => tg_1jQe73rT4e8GVjRXeU65PvjFfgyCJ9
    [290] => tg_prw2gIFGyrnJH79P6pDgYGJjanWPHY
    [292] => tg_vHJuYyncAfyWx0OBOTNBzBs4VDbYKa
    [293] => tg_q5tpNQkvjppy8orNkmvHjKeZoFDicc
    [294] => iszz-258-02
    [296] => tg_mcEuJVtSvdAtVUENaRDVMBLSq8APnS
    [297] => tg_IkrlXzTXRIz8Ff1EmFcvknDMveHyZy
    [298] => tg_Lyx50AlHYhUEsejnRNlXTJrfMFjfaU
    [299] => tg_Nc0co5JrNt7sFmz1Fm7rObHZUP70Qk
    [300] => tg_g3bZ5ra75R1nWzPNlKVchhK6YtC5az
    [301] => tg_Uzk9TWGhQpn8JMmxrdOv3sknjw9Rpv
    [302] => tg_oYeamNiVoPhCQ43VMK6OhFySsqpVbh
    [303] => tg_O9cgE2tLlaIUujkhXbTlcktVd9yvRi
    [304] => tg_lTm5KCarKN5sbIrdEvpfC30Lw2bfXX
    [306] => tg_1t8ZHkzHsOjjfBQdO8Sp6xQb4Jqv5N
    [307] => tg_KGrCSe1a4ryaHXKDklFBnaD9pInRXq
    [308] => tg_WCkCTf0pTrn8wT5Vga2ak2u2b6U4jG
    [309] => tg_Tz78wapH5HOWKkA6nychOiftbexKey
    [313] => tg_Yu783LP9jjPQKkQ4gZ37LJqiGsa8F2
    [314] => tg_1EINsQaerAIg5QtrK92gm7n6zSfR7D
    [315] => tg_gxMXCdvJJOAMmzsoXJMMaU34TPUY3s
    [316] => tg_3ljjNwItLS8dXWcAQk9dgMtgVhn6Zx
    [317] => tg_vfaj7fCIWHRW8AF6lOhWStml7M07BG
    [318] => tg_FVED9w8UsxvyBAd0XI1SJDloFLdtQm
    [319] => tg_uM73vHb3tX7wOkVYYGRobZCg6rHCVT
    [320] => xyj-241-03
    [321] => wd-265-02
    [322] => tg_LPiY9ekEdtZqLLuukBC3fKOMYpbNWo
    [323] => tg_C279T8XrdTVBzfahN2pau9nO3JhRif
    [325] => tg_MgtczvSC2Y8RhwzpkFMfLrp6BnzFJA
    [326] => tg_Gl4B6QurIAtwce1L8X9Drz0yYnpQAo
    [327] => tg_9ODQEQAEQC2jZ68fdtnxDefI1lJGh5
    [329] => iszz-258-10
    [330] => tg_1wDDLzkjbW3Pb8jzRrA01incmPqYhQ
    [331] => tg_vEZgCnp2a2oZM7hFQm8kAnWsY7F7Un
    [332] => tg_QDYvyxICPNYv0kg1BOP8QtEcfFUNGs
    [333] => tg_6vi6nfVunqSTdJKQ729D5wPqwD65uc
    [334] => tg_uRPJgNFRkhP1SYEz7vGMLo5cLwr10j
    [335] => tg_Ylsw4PyijBADuMjBqAvjXxmuH9Wj3F
    [336] => tg_9L7imM0iNMHDvx030tEttb2gY6yAvf
    [337] => tg_GMTqei4u3HsEi273emHLsPpYI3B6DW
    [339] => tg_dDJLG6to6sFxyogiRQbTmRoGWdC2Dz
    [340] => tg_CWHe7Hrfhl6JXuwTQhogiVXlCxO6f0
    [341] => tg_1UrNa6pMG9ilFEbZCPTKAY22s7V5Cz
    [344] => tg_a3MwwHqtFVIIu2wAcJtxFP9Qq6YXdU
    [345] => tg_w68oXOlcBXT6GSmLsx64bgvFAo1M5u
    [346] => tg_iqfTzQ8SlRMYUsxMhhHnvScsJrc5by
    [347] => tg_3GSSy8PYKoFrup8G30jsux8ihQxkGc
    [348] => tg_ukKVlFDkkWIyijtZbh7wQ9szez1vK1
    [350] => tg_Ok1V5icI9vmONx23EKbYHVP56i1pYd
    [351] => tg_o028lSVS26po0ZFjgGHlegKtggqz9S
    [352] => tg_G7iLAMkERZ5ZZ4eotZjjQMghR4aFpd
    [354] => tg_ImW7KdcLDbkfZrE1j7R4jVhpShIV9N
    [358] => tg_iTu7R5kBoS3ZwvVAV0dsCpeGvSwNDW
    [362] => iszz-258-09
    [364] => tg_ceyjwgtKjdoAWvo2vbmAPUZ25nKLFW
    [365] => tg_gGqT8bYbaxpqLD1XpnsxYSJ3XLlWdc
    [368] => tg_xvCgNlPr9K7D216WoVlBjkIHzwcQuK
    [370] => tg_Wn11xsfYxoYQKmXznDz7ic5H2PaJth
    [371] => tg_KMpuyo1EOdaG6l4RIJxknESqe8i1do
    [373] => tg_rerMGmdYU9Jyeq8z0UUtJkITxPIPi2
    [374] => tg_ohkBpsfUYhZVj9odMIMj6RRXHQuf7y
    [375] => tg_Sewxs3XtPGOLYiORI5Pkg7odXeAKXN
    [376] => tg_Zoks2ueLqNQh9bkP9F8nWgWxgVN4a3
    [377] => sji2-257-03
    [378] => tg_Uuu7DKIS1H6x1tYmIF3QwX7uhrg7pM
    [383] => iszz-258-03
    [384] => tg_aFWrMTmCWEE0kaQmPHz5pWXf54vm83
    [387] => tg_R5o8QShUV1GO4zyUU3UWozKOn12GdV
    [390] => tg_OfaE1oD9jOkeCrMxFmwZmT29Ew1L5z
    [392] => tg_VY5fuFU8pF4jMVrZsTPAcRbAbM68ZA
    [394] => tg_yguQaDrCX4sRHyusZCmoIu2wxKyPTv
    [395] => tg_LZVNb8oMP1vPlllm0EKGZKP5Fr09kS
    [398] => tg_73mHAOuM3KdQa6oKLLG6XZgNWYlZCU
    [403] => tg_fOWWgpxgog85mLXkPhWxAWHdhX1ZU7
    [404] => tg_zIE36IpaEbThVLZgMNej31QQ7USmDL
    [405] => tg_caJsC7EfMOzEbr9mIg1Oi8xmFBpxw6
    [406] => iziy-262-03
    [408] => tg_bemh9vIE1yhl2WLX8PC3K4kt6T56sl
    [409] => tg_Ybl9xENxHsfVBPK7IBZikgc9icV0p0
    [410] => qqics-242-03
    [411] => tg_foInmUBJTEST2FsjE393noaqCL4YDz
    [413] => tg_FF4y91BVHs0XFBT5b8yguHQV2ml675
    [414] => tg_AXIXnbBwMpJMQDEe2VSEWJmTX2afnP
    [415] => tg_zjUY3zgmqTzHY6gaBbz0V5axvkeADq
    [417] => tg_eHZFYqOW37zZly6Ci485hAPKblznlk
    [418] => xdzz-228-02
    [419] => tg_JJZYD6SJy3SJ6c0AKRp1GmB5UqZ2jg
    [420] => tg_Spjn27BpHac5Q481Rr5zp1q1m3soZ2
    [422] => tg_hQCfxRAltho6mu57AFzdD1m4djON6a
    [425] => tg_xyZ3j9g1TEE5oRQ8jtjOvWp93RoO1U
    [426] => tg_R1RDVqNHRQXgl4KJSMyZU2Tno2K9bg
    [427] => smsjOL-247-04
    [430] => fzj-291-01
    [433] => tg_x7V0CXex19izghRLpbsKQuQz4iWGFy
    [434] => tg_pVLKwuqunHstVkThsuG9m9ZSFNKY4Z
    [435] => tg_lfUx09OXmzxWGLxjyNqiYhji1J6o3S
    [436] => tg_NCP73iALs0HQvWtKPZzGiEA3HSBsAa
    [437] => dfi2-252-03
    [441] => tg_9DneKn1CDJFWOGcDYBJNlApta8VGdl
    [444] => tg_xynK92e6Ss0NWnCvL8CCENHHEqAka4
    [565] => yxzxAPP-422-03
)

有效渠道个数：345
有效渠道array：
Array
(
    [0] => 7931
    [1] => 7930
    [2] => 7929
    [3] => 7927
    [4] => 7925
    [5] => 7914
    [6] => 7908
    [7] => 7906
    [8] => 7900
    [9] => 7898
    [10] => 7895
    [11] => 7892
    [12] => 7891
    [13] => 7786
    [14] => 7742
    [15] => 7735
    [16] => 7707
    [17] => 7686
    [18] => 7679
    [19] => 7677
    [20] => 7676
    [21] => 7673
    [22] => 7668
    [23] => 7643
    [24] => 7641
    [25] => 7636
    [26] => 7635
    [27] => 7634
    [28] => 7632
    [29] => 7626
    [30] => 7625
    [31] => 7623
    [32] => 7622
    [33] => 7616
    [34] => 7608
    [35] => 7593
    [36] => 7592
    [37] => 7403
    [38] => 7222
    [39] => 7029
    [40] => 7026
    [41] => 7025
    [42] => 7015
    [43] => 7009
    [44] => 7003
    [45] => 6987
    [46] => 6980
    [47] => 6975
    [48] => 6971
    [49] => 6890
    [50] => 6889
    [51] => 6887
    [52] => 6882
    [53] => 6881
    [54] => 6880
    [55] => 6878
    [56] => 6872
    [57] => 6871
    [58] => 6870
    [59] => 6867
    [60] => 6866
    [61] => 6864
    [62] => 6862
    [63] => 6861
    [64] => 6860
    [65] => 6859
    [66] => 6856
    [67] => 6854
    [68] => 6851
    [69] => 6850
    [70] => 6849
    [71] => 6847
    [72] => 6846
    [73] => 6845
    [74] => 6841
    [75] => 6838
    [76] => 6468
    [77] => 6435
    [78] => 6426
    [79] => 6421
    [80] => 6253
    [81] => 5750
    [82] => 5728
    [83] => 5727
    [84] => 5726
    [85] => 5717
    [86] => 4658
    [87] => 4637
    [88] => 4282
    [89] => 4155
    [90] => 4097
    [91] => 4067
    [92] => 4062
    [93] => 3469
    [94] => 3352
    [95] => 3129
    [96] => 2547
    [97] => 2505
    [98] => 2446
    [99] => 2437
    [100] => 2407
    [101] => 2395
    [102] => 2394
    [103] => 2393
    [104] => 2391
    [105] => 2388
    [106] => 2387
    [107] => 2386
    [108] => 2385
    [109] => 2381
    [110] => 2377
    [111] => 2283
    [112] => 2280
    [113] => 2274
    [114] => 2273
    [115] => 2270
    [116] => 2269
    [117] => 2268
    [118] => 2267
    [119] => 2266
    [120] => 2264
    [121] => 2263
    [122] => 2262
    [123] => 2260
    [124] => 2259
    [125] => 2258
    [126] => 2256
    [127] => 2255
    [128] => 2232
    [129] => 2231
    [130] => 2226
    [131] => 2224
    [132] => 2221
    [133] => 2218
    [134] => 2215
    [135] => 2210
    [136] => 2209
    [137] => 2102
    [138] => 2099
    [139] => 2095
    [140] => 2090
    [141] => 2073
    [142] => 2055
    [143] => 2045
    [144] => 1896
    [145] => 1884
    [146] => 1877
    [147] => 1875
    [148] => 1872
    [149] => 1870
    [150] => 1868
    [151] => 1867
    [152] => 1859
    [153] => 1857
    [154] => 1856
    [155] => 1854
    [156] => 1837
    [157] => 1825
    [158] => 1824
    [159] => 1823
    [160] => 1821
    [161] => 1814
    [162] => 1809
    [163] => 1803
    [164] => 1801
    [165] => 1650
    [166] => 1647
    [167] => 1638
    [168] => 1637
    [169] => 1631
    [170] => 1630
    [171] => 1629
    [172] => 1621
    [173] => 1618
    [174] => 1617
    [175] => 1604
    [176] => 1601
    [177] => 1597
    [178] => 1595
    [179] => 1555
    [180] => 1553
    [181] => 1531
    [182] => 1526
    [183] => 1524
    [184] => 1523
    [185] => 1519
    [186] => 1491
    [187] => 1488
    [188] => 1481
    [189] => 1480
    [190] => 1475
    [191] => 1473
    [192] => 1464
    [193] => 1461
    [194] => 1459
    [195] => 1457
    [196] => 1452
    [197] => 1431
    [198] => 1428
    [199] => 1419
    [200] => 1417
    [201] => 1393
    [202] => 1392
    [203] => 1380
    [204] => 1372
    [205] => 1369
    [206] => 1346
    [207] => 1344
    [208] => 1343
    [209] => 1337
    [210] => 1324
    [211] => 1306
    [212] => 1305
    [213] => 1304
    [214] => 1288
    [215] => 1278
    [216] => 1277
    [217] => 1139
    [218] => 1134
    [219] => 1123
    [220] => 1120
    [221] => 1110
    [222] => 1101
    [223] => 1077
    [224] => 1056
    [225] => 1012
    [226] => 1009
    [227] => 999
    [228] => 998
    [229] => 991
    [230] => 971
    [231] => 946
    [232] => 944
    [233] => 915
    [234] => 913
    [235] => 881
    [236] => 876
    [237] => 873
    [238] => 872
    [239] => 871
    [240] => 867
    [241] => 866
    [242] => 860
    [243] => 857
    [244] => 855
    [245] => 851
    [246] => 850
    [247] => 843
    [248] => 836
    [249] => 835
    [250] => 825
    [251] => 823
    [252] => 805
    [253] => 800
    [254] => 799
    [255] => 798
    [256] => 785
    [257] => 775
    [258] => 758
    [259] => 753
    [260] => 751
    [261] => 728
    [262] => 725
    [263] => 724
    [264] => 717
    [265] => 697
    [266] => 696
    [267] => 695
    [268] => 694
    [269] => 689
    [270] => 686
    [271] => 685
    [272] => 683
    [273] => 677
    [274] => 658
    [275] => 657
    [276] => 656
    [277] => 654
    [278] => 593
    [279] => 589
    [280] => 588
    [281] => 583
    [282] => 581
    [283] => 579
    [284] => 572
    [285] => 563
    [286] => 562
    [287] => 536
    [288] => 535
    [289] => 528
    [290] => 527
    [291] => 526
    [292] => 478
    [293] => 477
    [294] => 476
    [295] => 464
    [296] => 462
    [297] => 460
    [298] => 456
    [299] => 453
    [300] => 443
    [301] => 441
    [302] => 433
    [303] => 430
    [304] => 429
    [305] => 416
    [306] => 412
    [307] => 409
    [308] => 407
    [309] => 405
    [310] => 404
    [311] => 403
    [312] => 399
    [313] => 398
    [314] => 396
    [315] => 392
    [316] => 389
    [317] => 386
    [318] => 384
    [319] => 381
    [320] => 380
    [321] => 379
    [322] => 377
    [323] => 374
    [324] => 373
    [325] => 371
    [326] => 370
    [327] => 369
    [328] => 368
    [329] => 324
    [330] => 319
    [331] => 309
    [332] => 300
    [333] => 297
    [334] => 296
    [335] => 295
    [336] => 293
    [337] => 262
    [338] => 223
    [339] => 184
    [340] => 172
    [341] => 167
    [342] => 143
    [343] => 141
    [344] => 14
)

