2016-09-20 00:12:28
统计当天：2016-09-19
渠道个数（即dailyaccount的个数）：2089
渠道sql：
select * from yx_tg_source S left join yx_tg_game G on S.gameid = G.gameid where S.activeflag = 1 and G.activeflag = 1 and G.isonstack = 0  and S.createtime<='2016-09-19 23:59:59' order by S.id desc
活跃渠道个数：262
活跃渠道array：
Array
(
    [0] => iszz-258-03
    [1] => tg_Q0OXBqTKUT4gxwLdq8cEyinsbxvWsh
    [2] => tg_v2aSduKnJJ5NKXAAkCTPEOYo7JnS94
    [3] => tg_G7iLAMkERZ5ZZ4eotZjjQMghR4aFpd
    [4] => tg_caJsC7EfMOzEbr9mIg1Oi8xmFBpxw6
    [5] => byxxc-238-03
    [6] => tg_euSiCujjVYyRZq2bhlsayXa9gchpUb
    [7] => tg_gGqT8bYbaxpqLD1XpnsxYSJ3XLlWdc
    [8] => fzj-291-01
    [9] => tg_XsxYkTvYKaFEZLomJmAIGTxKh6t473
    [10] => tg_jCHJyMptnrEeCRtLvWCna1UgFDOg12
    [11] => tg_IyGlIlS4MTTVxm0zpx7MdfvmcesX3r
    [12] => tg_MgtczvSC2Y8RhwzpkFMfLrp6BnzFJA
    [13] => 
    [14] => tg_R1RDVqNHRQXgl4KJSMyZU2Tno2K9bg
    [15] => tg_Trn7YSQVVtNZzq3Fw768fo98JN0n65
    [16] => COK-223-01
    [17] => tg_OfaE1oD9jOkeCrMxFmwZmT29Ew1L5z
    [18] => tg_1nGplhQDLUI1MZSEUXMNUL84CHOPpX
    [19] => tg_Sewxs3XtPGOLYiORI5Pkg7odXeAKXN
    [20] => tg_YdzBBvglsoXidJdKCmWrG85bql5kG4
    [21] => tg_VZuGbtPK119VaeXIfeAFPpCwPVuF4q
    [22] => tg_YSA05Nah8JewKgqX9nr7Acwb2aBxyl
    [23] => ly-266-01
    [24] => tg_IHodxJNKrfS0xxajkR6tAtkpohQvUu
    [25] => wd-265-03
    [26] => tg_NgwIwYVjAzXZn1QBJC68rQwtm8qAnv
    [27] => tg_hfQFP1T5unIBwVwmYZ84lmbLUk6Hql
    [28] => ijilz-249-03
    [29] => iszz-258-09
    [30] => xdzz-228-03
    [31] => tg_MwmQeDM6z2hcH7FkvAQSikHdIAwg1t
    [32] => tg_zjUY3zgmqTzHY6gaBbz0V5axvkeADq
    [33] => sdyxc3D-243-03
    [34] => tg_a5q2q9GN2xABq86jM9pwiS8iyBJVfW
    [35] => tg_mNXK59R18xrYtoBaxWNwkKYPBuKXQp
    [36] => tg_spVeL0duhA4o33C3XVLMLcJeGzpLLx
    [37] => tg_sM3nfqDJy3Vy5aPurriOPCdX9iEJma
    [38] => tg_isZoXNhPlO746tHMSp9H4QBHsPxXNI
    [39] => tg_PXQG1MoeGb9uQy94DtZg3mBtr0ErUI
    [40] => tg_iNBVgkrz7R1IOCXEEJfkIlPzdSGnyI
    [41] => tg_lTm5KCarKN5sbIrdEvpfC30Lw2bfXX
    [42] => tg_Hllcezo5vcG6IuqIwwwGQ0oYw0mGPL
    [43] => tg_T0Ed5mmvuRdVzcxLWCLs9R6BGf0EaP
    [44] => tg_2NsHXZzeADPI3sOdsGvb5UWmUgvIq3
    [45] => tg_DSCeq49dAY1NXszMuPT6YSvlibLEV5
    [46] => tg_Wn11xsfYxoYQKmXznDz7ic5H2PaJth
    [47] => smsjOL-247-04
    [48] => tg_OelNZbsZicvSlFyKZY006o7gBOtSKO
    [49] => tg_vfaj7fCIWHRW8AF6lOhWStml7M07BG
    [50] => tg_JZ9J3vGNs6fiYDpid1fLVXAcdmnJGC
    [51] => tg_Zs0k3Wft4sZSUPLhqKbS72Fumhrxnx
    [52] => tg_lH8i7vtt5Vyi4nU4poSm8Iv68PqS5A
    [53] => xdzz-228-01
    [54] => xyj-241-17
    [55] => sjzg-418-01
    [56] => tg_I0YvXhD2svI5uMg8BdLS62F6ZFzP9c
    [57] => tg_Yo8lsyR923HdClbmST0J834ijBvVTL
    [58] => tg_4lRiisZH0JDrv5SjTFuyTrjTfz9HlH
    [59] => wd-265-04
    [60] => tg_Nc0TlciG0UmfWoTeOnldJ1rTU6XeE9
    [61] => tg_radynjycJycQAFuAfK5GP6rDqGT6ed
    [62] => tg_mrIHzdJ5a7cXVH9W4aDyn8BcY3sEWL
    [63] => dixl-277-03
    [64] => tg_iTu7R5kBoS3ZwvVAV0dsCpeGvSwNDW
    [65] => cfzjbsn-245-05
    [66] => tg_65d7Umo1mRGTuGyBBv8r8fwlmHxuTY
    [67] => tg_USQULvLd7jEwvAnEXP6ogWMPmBcWXF
    [68] => tg_ukKVlFDkkWIyijtZbh7wQ9szez1vK1
    [69] => tg_OR6k1HjrRFrcg1DYYkX3RZNfmsAJfA
    [70] => dixy-232-03
    [71] => tg_Fd3SdzZtnTEsxDiZUdbgxPg5RxVWFv
    [72] => xdzz-228-06
    [73] => tg_ETiYpJFpXtmiBlUhDxsDuH6qEzsNyH
    [74] => tg_tguculjyiayOdvcCaDHLeZ5THH6GGh
    [75] => tg_7ygUWViw2QMvlKmC2Pi0MP5W6qypmc
    [76] => xyj-241-04
    [77] => tg_XtFvAraX5GDj9C1xWnCN9H3iWaOpXI
    [78] => tg_iYASmZtfja0EPC8NhI13Q229rpWnaR
    [79] => tg_LZVNb8oMP1vPlllm0EKGZKP5Fr09kS
    [80] => iszz-258-01
    [81] => tg_TrxgxR59Lf3xhcJLMmPUvFDDTab7eL
    [82] => tg_YEGigjvUVMhHY4g2vs3HBjFuRhLdgZ
    [83] => xyj-241-01
    [84] => rgdsj-407-01
    [85] => tg_bWN4ISOqWcdLGPLqWK0mc2Dhk0BZW3
    [86] => tg_o028lSVS26po0ZFjgGHlegKtggqz9S
    [87] => qqics-242-01
    [88] => qmdzs-361-01
    [89] => tg_MPv6wZlNPr7LOEpHwY19XtQ1kr7Fff
    [90] => dfbb-261-01
    [91] => tg_Spjn27BpHac5Q481Rr5zp1q1m3soZ2
    [92] => tg_2ARVHpH2uWK1GKxxu0Zg0YChSYsj0O
    [93] => xyj-241-03
    [94] => tg_IG3MtJ7JOXqsan5jjyzdOs1dngskIJ
    [95] => tg_B8hIhBmFN4X3ijAaXtsTwvigoF1oKO
    [96] => tg_eXfOrB7ZM7cDO2nqwzIwswNwbLhnlJ
    [97] => gfx-227-02
    [98] => tg_4xaqzJIbeZOX10X6NI4jgUD3d7kYwn
    [99] => tg_9qi3bVuFrRYnjckoJq4Dtos0NVwJYt
    [100] => iszz-258-11
    [101] => tg_Ok1V5icI9vmONx23EKbYHVP56i1pYd
    [102] => tg_jlkC6X8s1QpUpkaUOzJ2fGYI7vjo37
    [103] => tg_Lsy3XQ7bZR1gfxjzMgM2V7lQxITzle
    [104] => tg_c0mUBBrcogdE5UvZCY2HnsSHyc6ePs
    [105] => mnqy-335-01
    [106] => tg_sN4DNq0d4Vg5WHZg9OWPsd4bjkM0hL
    [107] => tg_7kVG8sq0blUw3LtrSmTcawSGLhVVcL
    [108] => tg_iCdPvpx09yXS6AqVoH99GaBcG8K6Bx
    [109] => ijilz-249-01
    [110] => tg_f3YrVumb581hd00FTHPSiI7Ynyax0m
    [111] => tg_BzSlq616dainWOMpgxtFCfaqMVWg3j
    [112] => tg_9dPvkn3tpmwMqW38bgHdjAgMYuqf1G
    [113] => tg_xEplWJZkxbKqE6TfgeL443TSmb1nA5
    [114] => tg_xyeEpNy38LrPrmO7kN8DtktaBlDieY
    [115] => ttmwy-278-01
    [116] => sQc-358-01
    [117] => tg_JYWGy6Lv2jwnMs8SqyRiEdd3aHRvvv
    [118] => tg_2WbWHagMS2SOb5xOSfVRLGlIn1S33u
    [120] => tg_be3G2CGOTHqGytb47b5E1MRw4NGu3R
    [121] => zgzt-213-01
    [122] => tg_ceyjwgtKjdoAWvo2vbmAPUZ25nKLFW
    [123] => tg_zlmQ1MYrs3puVAfAUySNfxp8DprrcN
    [124] => bsqx-412-01
    [125] => tg_DdM2D5jmeqG8eCsh1m5hEOomRB53Cs
    [127] => tg_45XdvoRQ0ociugoONfDiRVbC6PSadH
    [128] => tg_rxk5PfhQq0bSCryZmN7GIozF5JXeYS
    [129] => tg_oGuXovKoRUbLPmHuvs3UuIE9aeMS2u
    [130] => tg_U7dQFVw0JZmpH11lmYHLR5qIsPJy3K
    [131] => tg_qHza9gIeJGTH2MKaWSDdJWO2bAcfty
    [133] => cbws-283-02
    [134] => tg_Ri2NPtmmh1FsYTXg1bpBcSfD0VdpP7
    [136] => tg_AXIXnbBwMpJMQDEe2VSEWJmTX2afnP
    [137] => tg_9wMQEwx1XSgzc6p1L1icWOicF6gRTs
    [138] => tg_9svDGMMYJz3JrJlA5yZkJ0dVtaUb4m
    [139] => tg_CMn3QsdnmrYBklOoZVQMNZsa0x91F5
    [140] => tg_ymld57G5I4vbEL4xKP4jLw7Orz8ckF
    [141] => tg_jejMxEyTgyxOGvlI2GYJusOt3QDOGb
    [142] => iziy-262-04
    [143] => xyj-241-02
    [144] => tg_20lvqB2qncQDG87SwbpafWIPNlwKzy
    [145] => tg_hGFVwlehGMFc5AVTI0APT2AXvSQeGu
    [146] => tg_tWxsqLc2DyZW0xhEjU2AGnkAg8rSzH
    [147] => tg_kvTh1eV254JKcMoQPmaF50ZSF2YI8r
    [148] => tg_NIGftm0hA1EjxWm9DKPuA69NSdLiBs
    [149] => tg_5OSuPn9oHty6tDThXGVcWSFPKws79c
    [150] => tg_u1US2O9i4Z0zNFhwCpRHFpjjJ2Ti4w
    [151] => dfbb-261-03
    [152] => tg_DwNO8ixOfJ2rY1XNclifft83mhYTi4
    [153] => tg_ZPo6AUjenS3o8rOmul8XP3mZ4bHixh
    [154] => tg_KMpuyo1EOdaG6l4RIJxknESqe8i1do
    [155] => tg_vHJuYyncAfyWx0OBOTNBzBs4VDbYKa
    [156] => zyj-263-03
    [157] => tg_yguQaDrCX4sRHyusZCmoIu2wxKyPTv
    [158] => tg_mcEuJVtSvdAtVUENaRDVMBLSq8APnS
    [159] => tg_v2Qd56QlqG5MyJCuSizLIu252lHZgr
    [160] => tg_tqrdOEQGez8JLhsu6eKlKfqBQ95Nv9
    [161] => tg_OU20Xikl0SbparapZGvkebqzKhWQRE
    [162] => tg_lCJYqGb6SZqrkFLya5lrzcauMahixa
    [163] => tg_eKgpglHNQWuU8NNeLUHKwpPPblhbJx
    [164] => tg_drMtMAGjrdLVF86Dy6lyVbFyRP7cxt
    [165] => tg_D3OC96S53NgitjGQM8exL3wMjxkf4X
    [166] => tg_cpZrEKR0IJ4S1rcmaswi8oADsic8pk
    [167] => tg_SWqbqvLqDQyYjsG9jBBHZo8bF5l6yj
    [168] => tg_BX7jbPiBrO3Lbj4y7kRa9Zw7d5W5pt
    [169] => tg_oAoVUwkuOeyVVQ05jZL3XRH3CJPrbR
    [170] => tg_rZLzNO4FSdY9hoRYNqEFV16bvYXuBb
    [171] => tg_dE40iVMPYicK6apZag3A7mu7y50uQ9
    [172] => tg_WCkCTf0pTrn8wT5Vga2ak2u2b6U4jG
    [173] => tg_W2pysd1dY4bhFAxFDmSbPJAAXMZAJP
    [174] => tg_HAE4GeBnupqKgTMoKVfdqFSpbGZqdw
    [176] => tg_x7V0CXex19izghRLpbsKQuQz4iWGFy
    [177] => tg_Gejy6CaJU0EYR82x85J7TjKGPjSSZY
    [179] => tg_5QH6cQj37W9Aiel0tFJsWqgDtezJLR
    [180] => iszz-258-04
    [182] => tg_It3ZrGnxHnT527Li1JsFPEbAXHFsnx
    [183] => tg_WObUg0waseMQMRqjvOnCzrgFmhUPVo
    [185] => tg_Uzk9TWGhQpn8JMmxrdOv3sknjw9Rpv
    [187] => tg_7WG5JTm3uW8NzqDodtjpwGYbm5j8oL
    [188] => iziy-262-03
    [189] => tg_9exPJH0wBZ8HTOnBGIBAUy7Pd5KItg
    [190] => ly-266-03
    [191] => tg_UDyMC93nwIALdlS1mugg7eTc5SGYIU
    [193] => tg_GXKFwldOWDrQ9XB8plFtCj91dyXAIh
    [194] => tg_q4hI4MqWZwu7ac1kh5pn4KFdNgeV4y
    [195] => tg_VY5fuFU8pF4jMVrZsTPAcRbAbM68ZA
    [196] => tg_e1XmOfhhxXMfenNMZuYv78znuFefbr
    [198] => tg_wdPlPXqIiLNs9uy7Ml0oOQKl3eamzQ
    [199] => tg_6vi6nfVunqSTdJKQ729D5wPqwD65uc
    [201] => tg_Gl4B6QurIAtwce1L8X9Drz0yYnpQAo
    [202] => tg_Qo1fvJS7zsXzyA2IXbpN0O63IkFczD
    [203] => tg_foInmUBJTEST2FsjE393noaqCL4YDz
    [204] => tg_V4rCcoFzbBkK9PCpIYlOHxsf6WUDQr
    [205] => tg_GMTqei4u3HsEi273emHLsPpYI3B6DW
    [206] => tg_q5tpNQkvjppy8orNkmvHjKeZoFDicc
    [207] => tg_rRyHzAFMUdV7axvQjFOLFWcimW2ISs
    [209] => tg_V3ZMC6AaWAUIgoEVwUp5VmHPypL3p1
    [210] => sszj-260-03
    [211] => tg_au4IVxZIqUPkIsk9WHXh5V7naKiSIK
    [213] => tg_vCsJpv46Zy29l982dIplz8UWDvylOA
    [214] => tg_luMOlzXMsvqQNqaAuBhkolxOxGtjmA
    [215] => tg_pdviUeEztqS8c3nE98GICfvvesETHJ
    [216] => tg_QZZFggp5dA4nZym1yeDjbwGvJrDxrz
    [217] => iszz-258-10
    [218] => tg_HlAnvCbNuM4o6gu4lj9ouY9mA4dxfQ
    [219] => tg_E0E2nta7J3vcP1BXFdQhyTIYyLZcTh
    [220] => tg_Ns2ruyRNGIFOc1V1cNXZTgYNXxKEzX
    [222] => tg_CzAs7KojtFjuTDyUcuBu0J6ECOeMUh
    [223] => sji2-257-03
    [224] => tg_Ylsw4PyijBADuMjBqAvjXxmuH9Wj3F
    [226] => tg_ICEcjc9rCPIBR46UAcqeZksnO8Wi9M
    [227] => tg_hNjMap3hjNuOedvUnzvAWJBXgasDJc
    [229] => tg_ExtRRmq70LZ5cPOsbOSWEzt7KRjR70
    [231] => tg_Ybl9xENxHsfVBPK7IBZikgc9icV0p0
    [232] => tg_OD7FcltYU9ZyDt7rn6beaylFAAVT5D
    [233] => tg_ztpR2HKML8hJFjprho1zfbkV0imFp4
    [234] => jymf-237-03
    [235] => dixy-232-01
    [236] => tg_a3MwwHqtFVIIu2wAcJtxFP9Qq6YXdU
    [237] => tg_vC2YDzjcVUC15FGQBPgLNxYeO7Z5SQ
    [238] => tg_3H9a1haRWXASZzcsseDOLdFDuXWGy9
    [239] => dixy-232-02
    [240] => tg_YP3WF3TI3Mr7oCBqG4P1cEzXc7s0uA
    [241] => tg_rmk6gWq0INJZaYZ6tgqFPmq3z5eqNm
    [242] => NBAftx-225-02
    [243] => zyj-263-04
    [244] => tg_3GSSy8PYKoFrup8G30jsux8ihQxkGc
    [245] => tg_gxMXCdvJJOAMmzsoXJMMaU34TPUY3s
    [246] => tg_hgxfsHaP3Nl6ta14BIeWsy7lPXS8e2
    [247] => tg_NO44EDPcEL3s66lwa9yRtCs9aY1gjc
    [248] => tg_CWHe7Hrfhl6JXuwTQhogiVXlCxO6f0
    [249] => tg_x7hGMnzPqnoso6ur0rpAJumT1X2Zzz
    [250] => wd-265-02
    [252] => tg_4gxvdgBfeXfU0Mkm1t3kqb6ftdzOMG
    [255] => tg_oYeamNiVoPhCQ43VMK6OhFySsqpVbh
    [257] => tg_9L7imM0iNMHDvx030tEttb2gY6yAvf
    [258] => tg_Ol1QFxsnwmPTIifUX1pY0CFdr9g2cW
    [261] => iszz-258-02
    [264] => tg_v7Jb3BIDODCQ1VtgtfAmw7kXJEEPfK
    [266] => tg_pVLKwuqunHstVkThsuG9m9ZSFNKY4Z
    [267] => tg_KSrTmGgyDYV81i5ltvne0CVaiHhXRQ
    [268] => dfi2-252-03
    [269] => gfx-227-03
    [271] => tg_iqfTzQ8SlRMYUsxMhhHnvScsJrc5by
    [273] => tg_n3qXUbsViYy6M8zO55x3jxvAMHZa2W
    [275] => tg_Uuu7DKIS1H6x1tYmIF3QwX7uhrg7pM
    [276] => tg_hjdu6ORJM7OG8QrXFIcC2xcYVRv9Dr
    [277] => tg_xX5O7gsz5V7ioS8CXkxejkdaaSilqn
    [278] => tg_NCP73iALs0HQvWtKPZzGiEA3HSBsAa
    [280] => tg_5OfKZXixp7CjR7XPU0W90lqqqTFk5J
    [281] => xdzz-228-02
    [283] => tg_Yu783LP9jjPQKkQ4gZ37LJqiGsa8F2
    [285] => tg_9v3y1tH8IID2ObAOh7tIrIqGPUL5li
    [288] => tg_mFtD7NWQksoGcdkYjyTLyCGBW5LAiU
    [289] => tg_rerMGmdYU9Jyeq8z0UUtJkITxPIPi2
    [291] => qqics-242-03
    [292] => tg_jVaInI6nlTytxENBtvj0QGDG4ROnQZ
    [296] => tg_lfUx09OXmzxWGLxjyNqiYhji1J6o3S
    [297] => tg_aFWrMTmCWEE0kaQmPHz5pWXf54vm83
    [303] => tg_JXdNpFL3qYrFKCQydFp9kS0Es7uq9p
    [304] => tg_uRPJgNFRkhP1SYEz7vGMLo5cLwr10j
    [306] => tg_xynK92e6Ss0NWnCvL8CCENHHEqAka4
)

有效渠道个数：238
有效渠道array：
Array
(
    [0] => 2226
    [1] => 2225
    [2] => 2224
    [3] => 2222
    [4] => 2221
    [5] => 2217
    [6] => 2215
    [7] => 2210
    [8] => 2099
    [9] => 2096
    [10] => 2095
    [11] => 2094
    [12] => 2090
    [13] => 2073
    [14] => 2058
    [15] => 2055
    [16] => 2045
    [17] => 1884
    [18] => 1877
    [19] => 1875
    [20] => 1872
    [21] => 1870
    [22] => 1869
    [23] => 1867
    [24] => 1859
    [25] => 1856
    [26] => 1854
    [27] => 1840
    [28] => 1837
    [29] => 1825
    [30] => 1824
    [31] => 1823
    [32] => 1821
    [33] => 1820
    [34] => 1816
    [35] => 1814
    [36] => 1811
    [37] => 1809
    [38] => 1803
    [39] => 1801
    [40] => 1800
    [41] => 1650
    [42] => 1647
    [43] => 1638
    [44] => 1637
    [45] => 1631
    [46] => 1630
    [47] => 1629
    [48] => 1620
    [49] => 1618
    [50] => 1617
    [51] => 1609
    [52] => 1604
    [53] => 1601
    [54] => 1595
    [55] => 1559
    [56] => 1557
    [57] => 1555
    [58] => 1553
    [59] => 1531
    [60] => 1529
    [61] => 1526
    [62] => 1524
    [63] => 1519
    [64] => 1491
    [65] => 1488
    [66] => 1481
    [67] => 1480
    [68] => 1478
    [69] => 1476
    [70] => 1475
    [71] => 1470
    [72] => 1464
    [73] => 1461
    [74] => 1459
    [75] => 1457
    [76] => 1452
    [77] => 1436
    [78] => 1431
    [79] => 1430
    [80] => 1429
    [81] => 1428
    [82] => 1419
    [83] => 1417
    [84] => 1393
    [85] => 1392
    [86] => 1391
    [87] => 1389
    [88] => 1380
    [89] => 1346
    [90] => 1343
    [91] => 1337
    [92] => 1335
    [93] => 1324
    [94] => 1306
    [95] => 1305
    [96] => 1292
    [97] => 1283
    [98] => 1280
    [99] => 1277
    [100] => 1140
    [101] => 1139
    [102] => 1136
    [103] => 1134
    [104] => 1123
    [105] => 1120
    [106] => 1115
    [107] => 1110
    [108] => 1101
    [109] => 1078
    [110] => 1077
    [111] => 1056
    [112] => 1047
    [113] => 1012
    [114] => 1009
    [115] => 999
    [116] => 998
    [117] => 971
    [118] => 946
    [119] => 944
    [120] => 941
    [121] => 915
    [122] => 913
    [123] => 885
    [124] => 876
    [125] => 873
    [126] => 872
    [127] => 871
    [128] => 867
    [129] => 866
    [130] => 860
    [131] => 857
    [132] => 856
    [133] => 855
    [134] => 854
    [135] => 851
    [136] => 850
    [137] => 843
    [138] => 836
    [139] => 835
    [140] => 825
    [141] => 816
    [142] => 800
    [143] => 799
    [144] => 798
    [145] => 785
    [146] => 775
    [147] => 758
    [148] => 753
    [149] => 751
    [150] => 728
    [151] => 727
    [152] => 717
    [153] => 713
    [154] => 697
    [155] => 696
    [156] => 695
    [157] => 694
    [158] => 689
    [159] => 686
    [160] => 685
    [161] => 683
    [162] => 680
    [163] => 677
    [164] => 658
    [165] => 657
    [166] => 656
    [167] => 654
    [168] => 616
    [169] => 615
    [170] => 593
    [171] => 589
    [172] => 588
    [173] => 585
    [174] => 581
    [175] => 579
    [176] => 572
    [177] => 563
    [178] => 562
    [179] => 542
    [180] => 536
    [181] => 535
    [182] => 533
    [183] => 528
    [184] => 527
    [185] => 526
    [186] => 478
    [187] => 477
    [188] => 476
    [189] => 464
    [190] => 462
    [191] => 460
    [192] => 456
    [193] => 453
    [194] => 441
    [195] => 439
    [196] => 429
    [197] => 427
    [198] => 421
    [199] => 416
    [200] => 409
    [201] => 407
    [202] => 405
    [203] => 404
    [204] => 403
    [205] => 398
    [206] => 396
    [207] => 392
    [208] => 389
    [209] => 386
    [210] => 384
    [211] => 380
    [212] => 379
    [213] => 377
    [214] => 374
    [215] => 373
    [216] => 371
    [217] => 370
    [218] => 369
    [219] => 368
    [220] => 324
    [221] => 309
    [222] => 300
    [223] => 297
    [224] => 296
    [225] => 295
    [226] => 293
    [227] => 273
    [228] => 270
    [229] => 262
    [230] => 259
    [231] => 223
    [232] => 184
    [233] => 174
    [234] => 167
    [235] => 152
    [236] => 141
    [237] => 14
)

