2016-09-10 00:11:53
统计当天：2016-09-09
渠道个数（即dailyaccount的个数）：1908
渠道sql：
select * from yx_tg_source S left join yx_tg_game G on S.gameid = G.gameid where S.activeflag = 1 and G.activeflag = 1 and G.isonstack = 0  and S.createtime<='2016-09-09 23:59:59' order by S.id desc
活跃渠道个数：247
活跃渠道array：
Array
(
    [0] => tg_QZZFggp5dA4nZym1yeDjbwGvJrDxrz
    [1] => tg_Ol1QFxsnwmPTIifUX1pY0CFdr9g2cW
    [2] => tg_Ns2ruyRNGIFOc1V1cNXZTgYNXxKEzX
    [3] => tg_T0Ed5mmvuRdVzcxLWCLs9R6BGf0EaP
    [4] => tg_PXQG1MoeGb9uQy94DtZg3mBtr0ErUI
    [5] => tg_5OfKZXixp7CjR7XPU0W90lqqqTFk5J
    [6] => tg_atvkFT6WfdLvhq13SzOpitWJFgBoqu
    [7] => tg_Ybl9xENxHsfVBPK7IBZikgc9icV0p0
    [8] => 
    [9] => tg_Sewxs3XtPGOLYiORI5Pkg7odXeAKXN
    [10] => tg_hNjMap3hjNuOedvUnzvAWJBXgasDJc
    [11] => tg_2NsHXZzeADPI3sOdsGvb5UWmUgvIq3
    [12] => tg_JE7555URTg8PnW3kg27YKTPGG7ZcbP
    [13] => tg_caJsC7EfMOzEbr9mIg1Oi8xmFBpxw6
    [14] => tg_WCkCTf0pTrn8wT5Vga2ak2u2b6U4jG
    [15] => tg_JZ9J3vGNs6fiYDpid1fLVXAcdmnJGC
    [16] => tg_au4IVxZIqUPkIsk9WHXh5V7naKiSIK
    [17] => xdzz-228-01
    [18] => ly-266-01
    [19] => tg_rmk6gWq0INJZaYZ6tgqFPmq3z5eqNm
    [20] => tg_SWqbqvLqDQyYjsG9jBBHZo8bF5l6yj
    [21] => tg_5QH6cQj37W9Aiel0tFJsWqgDtezJLR
    [22] => tg_MgtczvSC2Y8RhwzpkFMfLrp6BnzFJA
    [23] => tg_a5q2q9GN2xABq86jM9pwiS8iyBJVfW
    [24] => tg_DSCeq49dAY1NXszMuPT6YSvlibLEV5
    [25] => tg_jCHJyMptnrEeCRtLvWCna1UgFDOg12
    [26] => tg_Qo1fvJS7zsXzyA2IXbpN0O63IkFczD
    [27] => tg_YSA05Nah8JewKgqX9nr7Acwb2aBxyl
    [28] => tg_NgwIwYVjAzXZn1QBJC68rQwtm8qAnv
    [29] => tg_xynK92e6Ss0NWnCvL8CCENHHEqAka4
    [30] => fzj-291-01
    [31] => tg_MwmQeDM6z2hcH7FkvAQSikHdIAwg1t
    [32] => dfi2-252-03
    [33] => tg_isZoXNhPlO746tHMSp9H4QBHsPxXNI
    [34] => tg_sM3nfqDJy3Vy5aPurriOPCdX9iEJma
    [35] => tg_4gxvdgBfeXfU0Mkm1t3kqb6ftdzOMG
    [36] => tg_5OSuPn9oHty6tDThXGVcWSFPKws79c
    [37] => tg_iCdPvpx09yXS6AqVoH99GaBcG8K6Bx
    [38] => tg_Trn7YSQVVtNZzq3Fw768fo98JN0n65
    [39] => tg_iqfTzQ8SlRMYUsxMhhHnvScsJrc5by
    [40] => tg_hfQFP1T5unIBwVwmYZ84lmbLUk6Hql
    [41] => tg_OfaE1oD9jOkeCrMxFmwZmT29Ew1L5z
    [42] => tg_HlAnvCbNuM4o6gu4lj9ouY9mA4dxfQ
    [43] => xdzz-228-03
    [44] => tg_9wMQEwx1XSgzc6p1L1icWOicF6gRTs
    [45] => ijilz-249-03
    [46] => tg_rZLzNO4FSdY9hoRYNqEFV16bvYXuBb
    [47] => tg_IHodxJNKrfS0xxajkR6tAtkpohQvUu
    [48] => tg_vfaj7fCIWHRW8AF6lOhWStml7M07BG
    [49] => sszj-260-03
    [50] => tg_Zs0k3Wft4sZSUPLhqKbS72Fumhrxnx
    [51] => tg_mNXK59R18xrYtoBaxWNwkKYPBuKXQp
    [52] => wd-265-03
    [53] => tg_I0YvXhD2svI5uMg8BdLS62F6ZFzP9c
    [54] => tg_DwNO8ixOfJ2rY1XNclifft83mhYTi4
    [55] => tg_oYeamNiVoPhCQ43VMK6OhFySsqpVbh
    [56] => tg_Ri2NPtmmh1FsYTXg1bpBcSfD0VdpP7
    [57] => xyj-241-03
    [58] => tg_5FOr48Gz5m1Z2G62PmlhHhMRnZKooO
    [59] => tg_luMOlzXMsvqQNqaAuBhkolxOxGtjmA
    [60] => tg_FHFCffltmu4NRldi0r1lfBHLEelA2m
    [61] => tg_GWXABKe79BspisqHeJkOCov4zCYQ0J
    [62] => tg_EEhdfSGvb9S7p5QAPsXJRDPUPfeSxU
    [63] => tg_TnESoblB9QX5GIpChNdOSvYXc1KlKd
    [64] => bsqx-412-01
    [66] => tg_zRnBcW23chp2xLf0qaD1SZynlCrOYp
    [67] => tg_DKaNuKOyvG11c2r4z7fS9iRyoUDxLw
    [68] => tg_ukKVlFDkkWIyijtZbh7wQ9szez1vK1
    [69] => wdtx-293-01
    [70] => dfi2-252-01
    [71] => tg_Spjn27BpHac5Q481Rr5zp1q1m3soZ2
    [72] => tg_eNCWE4IqbTr4L3rXk6kxGeYdF0sdgw
    [73] => tg_wIv7qG5Bz2megcZtxxD2MpEadQ0xIf
    [74] => tg_jOO61E4BopMsYl1t1Hp3H7ZJuq0vlO
    [75] => tg_rxk5PfhQq0bSCryZmN7GIozF5JXeYS
    [76] => tg_UCQAfOMzH1GuwyNUZMT4n9x1egjxJx
    [77] => tg_fqdBFYtzUJ8dwUChIkIPH4nDlnQp8j
    [78] => wd-265-01
    [79] => tg_GXKFwldOWDrQ9XB8plFtCj91dyXAIh
    [80] => tg_KMpuyo1EOdaG6l4RIJxknESqe8i1do
    [81] => tg_G7i486aocPximcnaM87D2KpVarAWWY
    [82] => ly-266-02
    [83] => tg_MCBEPT7TlMAoHD53fV2FfYPSNTj0U5
    [84] => tg_fRHfC9ChoSgRkVZyqNoSztyogaOH6r
    [85] => yys-394-01
    [86] => tg_9exPJH0wBZ8HTOnBGIBAUy7Pd5KItg
    [87] => tg_4xaqzJIbeZOX10X6NI4jgUD3d7kYwn
    [88] => tg_OR6k1HjrRFrcg1DYYkX3RZNfmsAJfA
    [89] => tg_euSiCujjVYyRZq2bhlsayXa9gchpUb
    [90] => tg_ZPo6AUjenS3o8rOmul8XP3mZ4bHixh
    [91] => tg_xEplWJZkxbKqE6TfgeL443TSmb1nA5
    [92] => tg_7WG5JTm3uW8NzqDodtjpwGYbm5j8oL
    [93] => tg_u1US2O9i4Z0zNFhwCpRHFpjjJ2Ti4w
    [94] => tg_8avX0X0a5MmmqxmjMMiUb8RdZ28kMp
    [95] => tg_qHza9gIeJGTH2MKaWSDdJWO2bAcfty
    [96] => tg_ZR2x2LlNnJ3J9b4Lp7UaJLrbXgeLjV
    [97] => lwzr-239-03
    [98] => tg_rRyHzAFMUdV7axvQjFOLFWcimW2ISs
    [99] => tg_7ygUWViw2QMvlKmC2Pi0MP5W6qypmc
    [100] => tg_BL1cvYB10xHPlkyqQCXE7m6l9qVzKO
    [101] => jymf-237-02
    [103] => tg_R1RDVqNHRQXgl4KJSMyZU2Tno2K9bg
    [104] => tg_JlN658Zkpdzl5vRmUgjSDm16jRt4AZ
    [105] => tg_VLVLcY2quraRzEvE3aHdi74YfF8kUb
    [106] => sdyxc3D-243-01
    [108] => jyzj3D-399-01
    [109] => tg_XtFvAraX5GDj9C1xWnCN9H3iWaOpXI
    [110] => tg_Ok1V5icI9vmONx23EKbYHVP56i1pYd
    [111] => tg_iTu7R5kBoS3ZwvVAV0dsCpeGvSwNDW
    [112] => tg_GgpQVd3PntrNVQNt9BvYbBhK9KbOBZ
    [113] => qmdzzKF-351-01
    [114] => sizj-400-01
    [115] => qyz-391-01
    [117] => tg_80tOj3ml6WJwtMX5kUo3sMiRShozVh
    [118] => gfx-227-02
    [119] => tg_IG3MtJ7JOXqsan5jjyzdOs1dngskIJ
    [120] => tg_StcJB26LSuvy3sSxIaj450p557bRSH
    [121] => xyj-241-02
    [122] => tg_BX7jbPiBrO3Lbj4y7kRa9Zw7d5W5pt
    [123] => tg_vHJuYyncAfyWx0OBOTNBzBs4VDbYKa
    [124] => tg_1EINsQaerAIg5QtrK92gm7n6zSfR7D
    [125] => tg_xyeEpNy38LrPrmO7kN8DtktaBlDieY
    [126] => zyj-263-03
    [127] => cbws-283-02
    [128] => tg_yguQaDrCX4sRHyusZCmoIu2wxKyPTv
    [129] => tg_o028lSVS26po0ZFjgGHlegKtggqz9S
    [130] => tg_fiVxTkRnmQOqXfhUtCnwFnyhg2zmNy
    [131] => tg_3H9a1haRWXASZzcsseDOLdFDuXWGy9
    [132] => tg_mFtD7NWQksoGcdkYjyTLyCGBW5LAiU
    [133] => iziy-262-04
    [135] => tg_kvTh1eV254JKcMoQPmaF50ZSF2YI8r
    [136] => tg_oGuXovKoRUbLPmHuvs3UuIE9aeMS2u
    [137] => iszz-258-11
    [138] => tg_65d7Umo1mRGTuGyBBv8r8fwlmHxuTY
    [139] => tg_x7V0CXex19izghRLpbsKQuQz4iWGFy
    [140] => tg_c0mUBBrcogdE5UvZCY2HnsSHyc6ePs
    [141] => tg_2ARVHpH2uWK1GKxxu0Zg0YChSYsj0O
    [142] => tg_jejMxEyTgyxOGvlI2GYJusOt3QDOGb
    [143] => tg_1nGplhQDLUI1MZSEUXMNUL84CHOPpX
    [145] => tg_jVaInI6nlTytxENBtvj0QGDG4ROnQZ
    [146] => tg_GMTqei4u3HsEi273emHLsPpYI3B6DW
    [147] => tg_wdPlPXqIiLNs9uy7Ml0oOQKl3eamzQ
    [148] => tg_radynjycJycQAFuAfK5GP6rDqGT6ed
    [149] => tg_NIGftm0hA1EjxWm9DKPuA69NSdLiBs
    [150] => tg_vCsJpv46Zy29l982dIplz8UWDvylOA
    [151] => iszz-258-10
    [153] => tg_hjdu6ORJM7OG8QrXFIcC2xcYVRv9Dr
    [154] => tg_mcEuJVtSvdAtVUENaRDVMBLSq8APnS
    [155] => tg_cpZrEKR0IJ4S1rcmaswi8oADsic8pk
    [156] => tg_CMn3QsdnmrYBklOoZVQMNZsa0x91F5
    [157] => tg_v2Qd56QlqG5MyJCuSizLIu252lHZgr
    [158] => tg_q4hI4MqWZwu7ac1kh5pn4KFdNgeV4y
    [160] => tg_E0E2nta7J3vcP1BXFdQhyTIYyLZcTh
    [161] => tg_WObUg0waseMQMRqjvOnCzrgFmhUPVo
    [162] => sdyxc3D-243-03
    [163] => tg_HAE4GeBnupqKgTMoKVfdqFSpbGZqdw
    [164] => ly-266-03
    [165] => dfbb-261-03
    [166] => tg_9svDGMMYJz3JrJlA5yZkJ0dVtaUb4m
    [167] => tg_W2pysd1dY4bhFAxFDmSbPJAAXMZAJP
    [168] => tg_dE40iVMPYicK6apZag3A7mu7y50uQ9
    [169] => iszz-258-04
    [170] => tg_V4rCcoFzbBkK9PCpIYlOHxsf6WUDQr
    [171] => tg_spVeL0duhA4o33C3XVLMLcJeGzpLLx
    [172] => jymf-237-03
    [173] => tg_OU20Xikl0SbparapZGvkebqzKhWQRE
    [174] => tg_YP3WF3TI3Mr7oCBqG4P1cEzXc7s0uA
    [175] => gfx-227-03
    [176] => tg_xX5O7gsz5V7ioS8CXkxejkdaaSilqn
    [177] => tg_Uzk9TWGhQpn8JMmxrdOv3sknjw9Rpv
    [178] => tg_D3OC96S53NgitjGQM8exL3wMjxkf4X
    [180] => sji2-257-03
    [183] => tg_VTIb5DaGCBJKGzmOMCno3o3PZif4jo
    [184] => tg_lCJYqGb6SZqrkFLya5lrzcauMahixa
    [185] => iszz-258-02
    [186] => tg_BzSlq616dainWOMpgxtFCfaqMVWg3j
    [188] => tg_gGqT8bYbaxpqLD1XpnsxYSJ3XLlWdc
    [189] => smsjOL-247-04
    [192] => zyj-263-04
    [193] => tg_oAoVUwkuOeyVVQ05jZL3XRH3CJPrbR
    [194] => tg_hGFVwlehGMFc5AVTI0APT2AXvSQeGu
    [196] => tg_Nc0TlciG0UmfWoTeOnldJ1rTU6XeE9
    [198] => dixy-232-03
    [199] => wd-265-02
    [200] => tg_tWxsqLc2DyZW0xhEjU2AGnkAg8rSzH
    [201] => tg_vC2YDzjcVUC15FGQBPgLNxYeO7Z5SQ
    [202] => tg_Gejy6CaJU0EYR82x85J7TjKGPjSSZY
    [203] => tg_ztpR2HKML8hJFjprho1zfbkV0imFp4
    [204] => tg_LZVNb8oMP1vPlllm0EKGZKP5Fr09kS
    [205] => tg_9L7imM0iNMHDvx030tEttb2gY6yAvf
    [207] => iziy-262-03
    [208] => tg_v2aSduKnJJ5NKXAAkCTPEOYo7JnS94
    [209] => tg_XsxYkTvYKaFEZLomJmAIGTxKh6t473
    [210] => byxxc-238-03
    [212] => tg_CWHe7Hrfhl6JXuwTQhogiVXlCxO6f0
    [213] => tg_e1XmOfhhxXMfenNMZuYv78znuFefbr
    [214] => zgzt-213-01
    [215] => tg_3GSSy8PYKoFrup8G30jsux8ihQxkGc
    [216] => tg_gxMXCdvJJOAMmzsoXJMMaU34TPUY3s
    [217] => tg_mrIHzdJ5a7cXVH9W4aDyn8BcY3sEWL
    [218] => tg_ohkBpsfUYhZVj9odMIMj6RRXHQuf7y
    [219] => tg_ExtRRmq70LZ5cPOsbOSWEzt7KRjR70
    [220] => tg_bWN4ISOqWcdLGPLqWK0mc2Dhk0BZW3
    [221] => tg_ceyjwgtKjdoAWvo2vbmAPUZ25nKLFW
    [222] => tg_6vi6nfVunqSTdJKQ729D5wPqwD65uc
    [224] => tg_KSrTmGgyDYV81i5ltvne0CVaiHhXRQ
    [226] => tg_U7dQFVw0JZmpH11lmYHLR5qIsPJy3K
    [228] => tg_Wn11xsfYxoYQKmXznDz7ic5H2PaJth
    [229] => tg_v7Jb3BIDODCQ1VtgtfAmw7kXJEEPfK
    [230] => tg_zjUY3zgmqTzHY6gaBbz0V5axvkeADq
    [231] => tg_Ylsw4PyijBADuMjBqAvjXxmuH9Wj3F
    [232] => tg_hgxfsHaP3Nl6ta14BIeWsy7lPXS8e2
    [233] => tg_G7iLAMkERZ5ZZ4eotZjjQMghR4aFpd
    [236] => tg_HZVn8DL1xysZ39a0iD3FlrNIfkVfXx
    [237] => dixy-232-02
    [239] => tg_YdzBBvglsoXidJdKCmWrG85bql5kG4
    [240] => tg_rerMGmdYU9Jyeq8z0UUtJkITxPIPi2
    [241] => tg_VZuGbtPK119VaeXIfeAFPpCwPVuF4q
    [242] => tg_9v3y1tH8IID2ObAOh7tIrIqGPUL5li
    [244] => tg_foInmUBJTEST2FsjE393noaqCL4YDz
    [245] => tg_n3qXUbsViYy6M8zO55x3jxvAMHZa2W
    [247] => tg_uRPJgNFRkhP1SYEz7vGMLo5cLwr10j
    [249] => tg_Hllcezo5vcG6IuqIwwwGQ0oYw0mGPL
    [252] => tg_JBTSjmYoNdCGHgEe6sdiu3Fy5l13Zg
    [254] => tg_Gl4B6QurIAtwce1L8X9Drz0yYnpQAo
    [255] => tg_Yu783LP9jjPQKkQ4gZ37LJqiGsa8F2
    [257] => tg_9qi3bVuFrRYnjckoJq4Dtos0NVwJYt
    [258] => tg_pdviUeEztqS8c3nE98GICfvvesETHJ
    [259] => tg_tqrdOEQGez8JLhsu6eKlKfqBQ95Nv9
    [260] => tg_eXfOrB7ZM7cDO2nqwzIwswNwbLhnlJ
    [263] => dixy-232-01
    [264] => qqics-242-03
    [265] => NBAftx-225-02
    [266] => tg_VY5fuFU8pF4jMVrZsTPAcRbAbM68ZA
    [267] => iszz-258-03
    [271] => xdzz-228-02
    [273] => tg_NO44EDPcEL3s66lwa9yRtCs9aY1gjc
    [275] => tg_JXdNpFL3qYrFKCQydFp9kS0Es7uq9p
    [277] => tg_q5tpNQkvjppy8orNkmvHjKeZoFDicc
    [279] => tg_V3ZMC6AaWAUIgoEVwUp5VmHPypL3p1
    [283] => tg_a3MwwHqtFVIIu2wAcJtxFP9Qq6YXdU
    [285] => tg_NCP73iALs0HQvWtKPZzGiEA3HSBsAa
    [287] => tg_lfUx09OXmzxWGLxjyNqiYhji1J6o3S
    [289] => tg_iNBVgkrz7R1IOCXEEJfkIlPzdSGnyI
    [290] => tg_Uuu7DKIS1H6x1tYmIF3QwX7uhrg7pM
    [291] => tg_pVLKwuqunHstVkThsuG9m9ZSFNKY4Z
    [294] => iszz-258-09
)

有效渠道个数：228
有效渠道array：
Array
(
    [0] => 1896
    [1] => 1894
    [2] => 1884
    [3] => 1877
    [4] => 1875
    [5] => 1870
    [6] => 1868
    [7] => 1867
    [8] => 1861
    [9] => 1859
    [10] => 1856
    [11] => 1854
    [12] => 1840
    [13] => 1839
    [14] => 1837
    [15] => 1831
    [16] => 1830
    [17] => 1829
    [18] => 1827
    [19] => 1826
    [20] => 1825
    [21] => 1824
    [22] => 1823
    [23] => 1822
    [24] => 1821
    [25] => 1819
    [26] => 1817
    [27] => 1816
    [28] => 1814
    [29] => 1809
    [30] => 1803
    [31] => 1800
    [32] => 1650
    [33] => 1647
    [34] => 1638
    [35] => 1637
    [36] => 1631
    [37] => 1630
    [38] => 1629
    [39] => 1620
    [40] => 1618
    [41] => 1617
    [42] => 1614
    [43] => 1604
    [44] => 1603
    [45] => 1601
    [46] => 1600
    [47] => 1595
    [48] => 1557
    [49] => 1556
    [50] => 1555
    [51] => 1553
    [52] => 1531
    [53] => 1529
    [54] => 1524
    [55] => 1519
    [56] => 1488
    [57] => 1481
    [58] => 1480
    [59] => 1478
    [60] => 1476
    [61] => 1475
    [62] => 1470
    [63] => 1464
    [64] => 1461
    [65] => 1459
    [66] => 1457
    [67] => 1448
    [68] => 1436
    [69] => 1431
    [70] => 1430
    [71] => 1429
    [72] => 1428
    [73] => 1419
    [74] => 1417
    [75] => 1393
    [76] => 1392
    [77] => 1391
    [78] => 1389
    [79] => 1380
    [80] => 1372
    [81] => 1346
    [82] => 1343
    [83] => 1337
    [84] => 1336
    [85] => 1335
    [86] => 1324
    [87] => 1306
    [88] => 1305
    [89] => 1304
    [90] => 1292
    [91] => 1280
    [92] => 1139
    [93] => 1134
    [94] => 1123
    [95] => 1120
    [96] => 1115
    [97] => 1110
    [98] => 1102
    [99] => 1101
    [100] => 1100
    [101] => 1086
    [102] => 1078
    [103] => 1077
    [104] => 1056
    [105] => 1047
    [106] => 1012
    [107] => 1009
    [108] => 999
    [109] => 998
    [110] => 971
    [111] => 947
    [112] => 946
    [113] => 944
    [114] => 941
    [115] => 915
    [116] => 913
    [117] => 885
    [118] => 876
    [119] => 873
    [120] => 872
    [121] => 871
    [122] => 867
    [123] => 866
    [124] => 860
    [125] => 857
    [126] => 856
    [127] => 855
    [128] => 854
    [129] => 851
    [130] => 850
    [131] => 843
    [132] => 836
    [133] => 828
    [134] => 825
    [135] => 805
    [136] => 800
    [137] => 799
    [138] => 798
    [139] => 785
    [140] => 775
    [141] => 758
    [142] => 753
    [143] => 751
    [144] => 728
    [145] => 727
    [146] => 717
    [147] => 713
    [148] => 697
    [149] => 696
    [150] => 695
    [151] => 694
    [152] => 689
    [153] => 686
    [154] => 685
    [155] => 683
    [156] => 680
    [157] => 677
    [158] => 658
    [159] => 657
    [160] => 656
    [161] => 654
    [162] => 589
    [163] => 588
    [164] => 582
    [165] => 581
    [166] => 579
    [167] => 572
    [168] => 563
    [169] => 562
    [170] => 536
    [171] => 535
    [172] => 533
    [173] => 528
    [174] => 527
    [175] => 526
    [176] => 517
    [177] => 478
    [178] => 477
    [179] => 476
    [180] => 464
    [181] => 462
    [182] => 460
    [183] => 456
    [184] => 453
    [185] => 441
    [186] => 439
    [187] => 429
    [188] => 416
    [189] => 409
    [190] => 407
    [191] => 405
    [192] => 404
    [193] => 403
    [194] => 396
    [195] => 392
    [196] => 389
    [197] => 386
    [198] => 384
    [199] => 381
    [200] => 380
    [201] => 379
    [202] => 377
    [203] => 374
    [204] => 373
    [205] => 371
    [206] => 370
    [207] => 369
    [208] => 368
    [209] => 324
    [210] => 309
    [211] => 302
    [212] => 300
    [213] => 297
    [214] => 296
    [215] => 295
    [216] => 294
    [217] => 293
    [218] => 270
    [219] => 262
    [220] => 241
    [221] => 223
    [222] => 184
    [223] => 174
    [224] => 172
    [225] => 167
    [226] => 141
    [227] => 14
)

