2016-09-19 00:12:17
统计当天：2016-09-18
渠道个数（即dailyaccount的个数）：2083
渠道sql：
select * from yx_tg_source S left join yx_tg_game G on S.gameid = G.gameid where S.activeflag = 1 and G.activeflag = 1 and G.isonstack = 0  and S.createtime<='2016-09-18 23:59:59' order by S.id desc
活跃渠道个数：262
活跃渠道array：
Array
(
    [0] => tg_Ns2ruyRNGIFOc1V1cNXZTgYNXxKEzX
    [1] => tg_wdPlPXqIiLNs9uy7Ml0oOQKl3eamzQ
    [2] => tg_R1RDVqNHRQXgl4KJSMyZU2Tno2K9bg
    [3] => tg_rZLzNO4FSdY9hoRYNqEFV16bvYXuBb
    [4] => tg_Sewxs3XtPGOLYiORI5Pkg7odXeAKXN
    [5] => tg_foInmUBJTEST2FsjE393noaqCL4YDz
    [6] => xdzz-228-01
    [7] => fzj-291-01
    [8] => tg_YP3WF3TI3Mr7oCBqG4P1cEzXc7s0uA
    [9] => COK-223-03
    [10] => jymf-237-03
    [11] => tg_jCHJyMptnrEeCRtLvWCna1UgFDOg12
    [12] => tg_T0Ed5mmvuRdVzcxLWCLs9R6BGf0EaP
    [13] => tg_iNBVgkrz7R1IOCXEEJfkIlPzdSGnyI
    [14] => tg_9wMQEwx1XSgzc6p1L1icWOicF6gRTs
    [15] => gfx-227-03
    [16] => tg_5OfKZXixp7CjR7XPU0W90lqqqTFk5J
    [17] => tg_caJsC7EfMOzEbr9mIg1Oi8xmFBpxw6
    [18] => iszz-258-09
    [19] => COK-223-01
    [20] => ly-266-01
    [21] => tg_Ybl9xENxHsfVBPK7IBZikgc9icV0p0
    [22] => wd-265-04
    [23] => tg_Zs0k3Wft4sZSUPLhqKbS72Fumhrxnx
    [24] => tg_Trn7YSQVVtNZzq3Fw768fo98JN0n65
    [25] => tg_DSCeq49dAY1NXszMuPT6YSvlibLEV5
    [26] => tg_MwmQeDM6z2hcH7FkvAQSikHdIAwg1t
    [27] => tg_a5q2q9GN2xABq86jM9pwiS8iyBJVfW
    [28] => tg_gxMXCdvJJOAMmzsoXJMMaU34TPUY3s
    [29] => sdyxc3D-243-03
    [30] => tg_MgtczvSC2Y8RhwzpkFMfLrp6BnzFJA
    [31] => tg_zjUY3zgmqTzHY6gaBbz0V5axvkeADq
    [32] => tg_5QH6cQj37W9Aiel0tFJsWqgDtezJLR
    [33] => tg_hfQFP1T5unIBwVwmYZ84lmbLUk6Hql
    [34] => tg_Hllcezo5vcG6IuqIwwwGQ0oYw0mGPL
    [35] => tg_isZoXNhPlO746tHMSp9H4QBHsPxXNI
    [36] => tg_PXQG1MoeGb9uQy94DtZg3mBtr0ErUI
    [37] => dfi2-252-03
    [38] => wd-265-03
    [39] => tg_v7Jb3BIDODCQ1VtgtfAmw7kXJEEPfK
    [40] => sszj-260-03
    [41] => tg_YSA05Nah8JewKgqX9nr7Acwb2aBxyl
    [42] => tg_OelNZbsZicvSlFyKZY006o7gBOtSKO
    [43] => zyj-263-04
    [44] => 
    [45] => xdzz-228-03
    [46] => tg_Wn11xsfYxoYQKmXznDz7ic5H2PaJth
    [47] => tg_2NsHXZzeADPI3sOdsGvb5UWmUgvIq3
    [48] => tg_sM3nfqDJy3Vy5aPurriOPCdX9iEJma
    [49] => tg_vfaj7fCIWHRW8AF6lOhWStml7M07BG
    [50] => tg_lH8i7vtt5Vyi4nU4poSm8Iv68PqS5A
    [51] => tg_XsxYkTvYKaFEZLomJmAIGTxKh6t473
    [52] => tg_JZ9J3vGNs6fiYDpid1fLVXAcdmnJGC
    [53] => tg_NgwIwYVjAzXZn1QBJC68rQwtm8qAnv
    [54] => tg_I0YvXhD2svI5uMg8BdLS62F6ZFzP9c
    [55] => tg_qA0UTK4mdeOYHKfPc1esW22vyvei4s
    [56] => tg_VTIb5DaGCBJKGzmOMCno3o3PZif4jo
    [57] => dixy-232-03
    [58] => tg_mrIHzdJ5a7cXVH9W4aDyn8BcY3sEWL
    [59] => tg_GXKFwldOWDrQ9XB8plFtCj91dyXAIh
    [60] => tg_radynjycJycQAFuAfK5GP6rDqGT6ed
    [61] => tg_jNunGqghkS0SB2hrtCwiMYfiqW1ENF
    [62] => tg_U29cGDHCcVOBa07j7jJvkgp23MCXxa
    [63] => iszz-258-01
    [64] => tg_YEGigjvUVMhHY4g2vs3HBjFuRhLdgZ
    [65] => tg_c0mUBBrcogdE5UvZCY2HnsSHyc6ePs
    [66] => tg_Fd3SdzZtnTEsxDiZUdbgxPg5RxVWFv
    [67] => tg_65d7Umo1mRGTuGyBBv8r8fwlmHxuTY
    [68] => tg_DwNO8ixOfJ2rY1XNclifft83mhYTi4
    [69] => tg_LCBAo5M49QJod3ieQrI8FDn2wFhAp8
    [70] => cbws-283-03
    [71] => lxjjx-410-01
    [72] => lwzr-239-03
    [73] => tg_GRfNDZqBJr6NfIEUwCME6aHh3ekzpu
    [74] => dfbb-261-01
    [75] => tg_lCJYqGb6SZqrkFLya5lrzcauMahixa
    [76] => tg_sN4DNq0d4Vg5WHZg9OWPsd4bjkM0hL
    [77] => tg_2WbWHagMS2SOb5xOSfVRLGlIn1S33u
    [78] => tg_o028lSVS26po0ZFjgGHlegKtggqz9S
    [79] => tg_UDyMC93nwIALdlS1mugg7eTc5SGYIU
    [80] => tg_f3YrVumb581hd00FTHPSiI7Ynyax0m
    [81] => zgzt-213-01
    [82] => tg_n21x4gMUBej3rD8tOuYAxVxsQ0xvtr
    [83] => sQc-358-01
    [84] => tg_MPv6wZlNPr7LOEpHwY19XtQ1kr7Fff
    [85] => tg_N3n5bMNK8zcr4pfuMwWwZ8rQ1S89xz
    [86] => tg_iTu7R5kBoS3ZwvVAV0dsCpeGvSwNDW
    [87] => tg_2rHFTwiFSgRvTRo2gPW23V4yeuXOmT
    [88] => tg_20lvqB2qncQDG87SwbpafWIPNlwKzy
    [89] => tg_3H9a1haRWXASZzcsseDOLdFDuXWGy9
    [90] => bsqx-412-01
    [91] => tg_lXee9GfDvmgCe4tAiclcMxVtwIZADj
    [92] => tg_gROvgO1zaKN4u7rYKqqtV34oPECQ5H
    [93] => tg_jVaInI6nlTytxENBtvj0QGDG4ROnQZ
    [94] => dixl-277-03
    [95] => xyj-241-04
    [96] => tg_CzAs7KojtFjuTDyUcuBu0J6ECOeMUh
    [97] => tg_7ygUWViw2QMvlKmC2Pi0MP5W6qypmc
    [98] => tg_iCdPvpx09yXS6AqVoH99GaBcG8K6Bx
    [99] => wd-265-01
    [100] => tg_BzSlq616dainWOMpgxtFCfaqMVWg3j
    [101] => tg_4xaqzJIbeZOX10X6NI4jgUD3d7kYwn
    [102] => tg_KypJHDmomIKxzjDlIicERFLId6NEId
    [103] => tg_zOtB5NtpAMvVDz2Spy3UmXxiPPYTnH
    [104] => tg_BX7jbPiBrO3Lbj4y7kRa9Zw7d5W5pt
    [105] => tg_Q0OXBqTKUT4gxwLdq8cEyinsbxvWsh
    [106] => tg_awTPBSSOvVaPDE8DgN4d99SaLaRaOj
    [107] => tg_HAE4GeBnupqKgTMoKVfdqFSpbGZqdw
    [108] => jdlyjzj-414-01
    [109] => tg_PMdYDbMpsF9Jc7RWi0ILl0NmaJL6MW
    [110] => tg_9dPvkn3tpmwMqW38bgHdjAgMYuqf1G
    [111] => tg_wG017TLGCDCOP3j44m5IhVPQ8fZiY5
    [112] => tg_xyeEpNy38LrPrmO7kN8DtktaBlDieY
    [113] => tg_XXwXyAgTAQOiv71kMUJSaiBY3gEdfK
    [114] => tg_4lRiisZH0JDrv5SjTFuyTrjTfz9HlH
    [115] => tg_A0WJG6ZDiQ3ypQyccJYwWmrInd4ni9
    [116] => qqics-242-01
    [117] => tg_yOvHR0SfJZ3D5LK1cmn6heVg8VB5DO
    [118] => tg_KaysvByJUccL9AOqgyCFDOaCPQyb5Z
    [119] => tg_Xmc7TWdBEozNEgnO1CtQePV1FI3u6D
    [120] => tg_IHodxJNKrfS0xxajkR6tAtkpohQvUu
    [121] => tg_2Y1ycDQxP2dLp06YNEduFs9YyiSkGo
    [122] => tg_GMTqei4u3HsEi273emHLsPpYI3B6DW
    [123] => tg_MCBEPT7TlMAoHD53fV2FfYPSNTj0U5
    [124] => qmdzs-361-01
    [125] => tg_Z0odwem3eueocdaYwGPeewNGs3eMzJ
    [126] => tg_ymld57G5I4vbEL4xKP4jLw7Orz8ckF
    [127] => tg_ICEcjc9rCPIBR46UAcqeZksnO8Wi9M
    [128] => tg_YplhKyDmDPIOW0xduxnltMqX1rjqfj
    [129] => tg_u1US2O9i4Z0zNFhwCpRHFpjjJ2Ti4w
    [130] => tg_ceyjwgtKjdoAWvo2vbmAPUZ25nKLFW
    [131] => tg_Ri2NPtmmh1FsYTXg1bpBcSfD0VdpP7
    [132] => jtjs-349-01
    [135] => iszz-258-11
    [136] => gfx-227-02
    [138] => tg_2ARVHpH2uWK1GKxxu0Zg0YChSYsj0O
    [139] => tg_pdviUeEztqS8c3nE98GICfvvesETHJ
    [140] => tg_ukKVlFDkkWIyijtZbh7wQ9szez1vK1
    [141] => dfbb-261-03
    [142] => tg_IG3MtJ7JOXqsan5jjyzdOs1dngskIJ
    [143] => tg_U7dQFVw0JZmpH11lmYHLR5qIsPJy3K
    [144] => tg_n3qXUbsViYy6M8zO55x3jxvAMHZa2W
    [145] => tg_OD7FcltYU9ZyDt7rn6beaylFAAVT5D
    [146] => tg_9svDGMMYJz3JrJlA5yZkJ0dVtaUb4m
    [147] => tg_vHJuYyncAfyWx0OBOTNBzBs4VDbYKa
    [148] => tg_qHza9gIeJGTH2MKaWSDdJWO2bAcfty
    [149] => tg_VY5fuFU8pF4jMVrZsTPAcRbAbM68ZA
    [150] => tg_a3MwwHqtFVIIu2wAcJtxFP9Qq6YXdU
    [151] => xdzz-228-02
    [152] => tg_oGuXovKoRUbLPmHuvs3UuIE9aeMS2u
    [153] => tg_CMn3QsdnmrYBklOoZVQMNZsa0x91F5
    [154] => tg_hGFVwlehGMFc5AVTI0APT2AXvSQeGu
    [155] => tg_1EINsQaerAIg5QtrK92gm7n6zSfR7D
    [156] => iziy-262-04
    [157] => tg_Gejy6CaJU0EYR82x85J7TjKGPjSSZY
    [158] => tg_eKgpglHNQWuU8NNeLUHKwpPPblhbJx
    [159] => tg_JYWGy6Lv2jwnMs8SqyRiEdd3aHRvvv
    [160] => tg_AXIXnbBwMpJMQDEe2VSEWJmTX2afnP
    [161] => tg_jejMxEyTgyxOGvlI2GYJusOt3QDOGb
    [162] => tg_Ok1V5icI9vmONx23EKbYHVP56i1pYd
    [163] => tg_yguQaDrCX4sRHyusZCmoIu2wxKyPTv
    [164] => tg_kvTh1eV254JKcMoQPmaF50ZSF2YI8r
    [165] => tg_vCsJpv46Zy29l982dIplz8UWDvylOA
    [166] => tg_5OSuPn9oHty6tDThXGVcWSFPKws79c
    [167] => tg_bWN4ISOqWcdLGPLqWK0mc2Dhk0BZW3
    [168] => tg_W2pysd1dY4bhFAxFDmSbPJAAXMZAJP
    [169] => tg_q4hI4MqWZwu7ac1kh5pn4KFdNgeV4y
    [170] => tg_v2Qd56QlqG5MyJCuSizLIu252lHZgr
    [171] => zyj-263-03
    [174] => cbws-283-02
    [175] => tg_OU20Xikl0SbparapZGvkebqzKhWQRE
    [176] => tg_oAoVUwkuOeyVVQ05jZL3XRH3CJPrbR
    [177] => tg_NIGftm0hA1EjxWm9DKPuA69NSdLiBs
    [178] => tg_drMtMAGjrdLVF86Dy6lyVbFyRP7cxt
    [179] => tg_x7V0CXex19izghRLpbsKQuQz4iWGFy
    [180] => tg_HlAnvCbNuM4o6gu4lj9ouY9mA4dxfQ
    [181] => tg_SWqbqvLqDQyYjsG9jBBHZo8bF5l6yj
    [182] => tg_ZPo6AUjenS3o8rOmul8XP3mZ4bHixh
    [183] => tg_spVeL0duhA4o33C3XVLMLcJeGzpLLx
    [184] => tg_dE40iVMPYicK6apZag3A7mu7y50uQ9
    [185] => tg_D3OC96S53NgitjGQM8exL3wMjxkf4X
    [186] => tg_eXfOrB7ZM7cDO2nqwzIwswNwbLhnlJ
    [187] => tg_OfaE1oD9jOkeCrMxFmwZmT29Ew1L5z
    [188] => tg_WObUg0waseMQMRqjvOnCzrgFmhUPVo
    [189] => tg_hjdu6ORJM7OG8QrXFIcC2xcYVRv9Dr
    [192] => tg_WCkCTf0pTrn8wT5Vga2ak2u2b6U4jG
    [193] => tg_aFWrMTmCWEE0kaQmPHz5pWXf54vm83
    [194] => tg_Uzk9TWGhQpn8JMmxrdOv3sknjw9Rpv
    [195] => tg_LZVNb8oMP1vPlllm0EKGZKP5Fr09kS
    [196] => xyj-241-03
    [197] => iszz-258-02
    [200] => tg_9v3y1tH8IID2ObAOh7tIrIqGPUL5li
    [201] => byxxc-238-03
    [205] => tg_rxk5PfhQq0bSCryZmN7GIozF5JXeYS
    [206] => tg_q5tpNQkvjppy8orNkmvHjKeZoFDicc
    [207] => tg_6vi6nfVunqSTdJKQ729D5wPqwD65uc
    [208] => tg_Qo1fvJS7zsXzyA2IXbpN0O63IkFczD
    [209] => iszz-258-10
    [210] => tg_Ol1QFxsnwmPTIifUX1pY0CFdr9g2cW
    [211] => tg_cpZrEKR0IJ4S1rcmaswi8oADsic8pk
    [212] => tg_zRnBcW23chp2xLf0qaD1SZynlCrOYp
    [213] => dixy-232-02
    [214] => tg_E0E2nta7J3vcP1BXFdQhyTIYyLZcTh
    [215] => tg_rRyHzAFMUdV7axvQjFOLFWcimW2ISs
    [217] => iszz-258-04
    [219] => iziy-262-03
    [220] => xyj-241-02
    [221] => tg_V4rCcoFzbBkK9PCpIYlOHxsf6WUDQr
    [222] => tg_vC2YDzjcVUC15FGQBPgLNxYeO7Z5SQ
    [223] => tg_ztpR2HKML8hJFjprho1zfbkV0imFp4
    [224] => sji2-257-03
    [225] => tg_9qi3bVuFrRYnjckoJq4Dtos0NVwJYt
    [226] => NBAftx-225-02
    [227] => tg_Ylsw4PyijBADuMjBqAvjXxmuH9Wj3F
    [228] => tg_YdzBBvglsoXidJdKCmWrG85bql5kG4
    [229] => dixy-232-01
    [230] => tg_rmk6gWq0INJZaYZ6tgqFPmq3z5eqNm
    [235] => tg_NCP73iALs0HQvWtKPZzGiEA3HSBsAa
    [236] => tg_luMOlzXMsvqQNqaAuBhkolxOxGtjmA
    [237] => smsjOL-247-04
    [238] => tg_4gxvdgBfeXfU0Mkm1t3kqb6ftdzOMG
    [239] => tg_e1XmOfhhxXMfenNMZuYv78znuFefbr
    [241] => tg_mcEuJVtSvdAtVUENaRDVMBLSq8APnS
    [242] => tg_xX5O7gsz5V7ioS8CXkxejkdaaSilqn
    [243] => qqics-242-03
    [244] => tg_v2aSduKnJJ5NKXAAkCTPEOYo7JnS94
    [245] => tg_tqrdOEQGez8JLhsu6eKlKfqBQ95Nv9
    [248] => tg_KMpuyo1EOdaG6l4RIJxknESqe8i1do
    [249] => tg_V3ZMC6AaWAUIgoEVwUp5VmHPypL3p1
    [250] => tg_JXdNpFL3qYrFKCQydFp9kS0Es7uq9p
    [253] => tg_hgxfsHaP3Nl6ta14BIeWsy7lPXS8e2
    [254] => tg_uRPJgNFRkhP1SYEz7vGMLo5cLwr10j
    [255] => tg_KSrTmGgyDYV81i5ltvne0CVaiHhXRQ
    [256] => ijilz-249-03
    [257] => tg_euSiCujjVYyRZq2bhlsayXa9gchpUb
    [258] => tg_rerMGmdYU9Jyeq8z0UUtJkITxPIPi2
    [260] => tg_9exPJH0wBZ8HTOnBGIBAUy7Pd5KItg
    [261] => tg_CWHe7Hrfhl6JXuwTQhogiVXlCxO6f0
    [262] => tg_ExtRRmq70LZ5cPOsbOSWEzt7KRjR70
    [264] => tg_iqfTzQ8SlRMYUsxMhhHnvScsJrc5by
    [265] => tg_mFtD7NWQksoGcdkYjyTLyCGBW5LAiU
    [266] => tg_Uuu7DKIS1H6x1tYmIF3QwX7uhrg7pM
    [267] => wd-265-02
    [268] => tg_Yu783LP9jjPQKkQ4gZ37LJqiGsa8F2
    [269] => tg_G7iLAMkERZ5ZZ4eotZjjQMghR4aFpd
    [270] => tg_tWxsqLc2DyZW0xhEjU2AGnkAg8rSzH
    [272] => tg_9L7imM0iNMHDvx030tEttb2gY6yAvf
    [273] => tg_hNjMap3hjNuOedvUnzvAWJBXgasDJc
    [279] => tg_mNXK59R18xrYtoBaxWNwkKYPBuKXQp
    [280] => tg_3GSSy8PYKoFrup8G30jsux8ihQxkGc
    [281] => tg_Gl4B6QurIAtwce1L8X9Drz0yYnpQAo
    [285] => tg_NO44EDPcEL3s66lwa9yRtCs9aY1gjc
    [286] => tg_QZZFggp5dA4nZym1yeDjbwGvJrDxrz
    [289] => ly-266-03
    [291] => tg_lfUx09OXmzxWGLxjyNqiYhji1J6o3S
    [294] => tg_gGqT8bYbaxpqLD1XpnsxYSJ3XLlWdc
    [296] => tg_VZuGbtPK119VaeXIfeAFPpCwPVuF4q
    [299] => tg_pVLKwuqunHstVkThsuG9m9ZSFNKY4Z
    [300] => iszz-258-03
    [304] => tg_xynK92e6Ss0NWnCvL8CCENHHEqAka4
    [305] => tg_au4IVxZIqUPkIsk9WHXh5V7naKiSIK
    [312] => tg_1nGplhQDLUI1MZSEUXMNUL84CHOPpX
)

有效渠道个数：241
有效渠道array：
Array
(
    [0] => 2220
    [1] => 2217
    [2] => 2215
    [3] => 2214
    [4] => 2213
    [5] => 2212
    [6] => 2210
    [7] => 2102
    [8] => 2100
    [9] => 2099
    [10] => 2098
    [11] => 2096
    [12] => 2095
    [13] => 2094
    [14] => 2091
    [15] => 2090
    [16] => 2078
    [17] => 2077
    [18] => 2076
    [19] => 2075
    [20] => 2073
    [21] => 2062
    [22] => 2058
    [23] => 2057
    [24] => 2045
    [25] => 1884
    [26] => 1877
    [27] => 1875
    [28] => 1872
    [29] => 1871
    [30] => 1870
    [31] => 1869
    [32] => 1865
    [33] => 1859
    [34] => 1856
    [35] => 1854
    [36] => 1840
    [37] => 1837
    [38] => 1825
    [39] => 1824
    [40] => 1823
    [41] => 1821
    [42] => 1814
    [43] => 1809
    [44] => 1803
    [45] => 1801
    [46] => 1650
    [47] => 1647
    [48] => 1638
    [49] => 1637
    [50] => 1631
    [51] => 1630
    [52] => 1629
    [53] => 1627
    [54] => 1620
    [55] => 1618
    [56] => 1617
    [57] => 1614
    [58] => 1604
    [59] => 1601
    [60] => 1595
    [61] => 1559
    [62] => 1557
    [63] => 1555
    [64] => 1553
    [65] => 1531
    [66] => 1530
    [67] => 1529
    [68] => 1526
    [69] => 1524
    [70] => 1522
    [71] => 1519
    [72] => 1491
    [73] => 1488
    [74] => 1481
    [75] => 1480
    [76] => 1478
    [77] => 1476
    [78] => 1475
    [79] => 1470
    [80] => 1464
    [81] => 1461
    [82] => 1459
    [83] => 1457
    [84] => 1453
    [85] => 1452
    [86] => 1436
    [87] => 1431
    [88] => 1430
    [89] => 1428
    [90] => 1419
    [91] => 1417
    [92] => 1393
    [93] => 1392
    [94] => 1391
    [95] => 1389
    [96] => 1380
    [97] => 1346
    [98] => 1343
    [99] => 1337
    [100] => 1335
    [101] => 1324
    [102] => 1306
    [103] => 1305
    [104] => 1304
    [105] => 1292
    [106] => 1280
    [107] => 1140
    [108] => 1139
    [109] => 1134
    [110] => 1123
    [111] => 1120
    [112] => 1115
    [113] => 1110
    [114] => 1101
    [115] => 1100
    [116] => 1077
    [117] => 1056
    [118] => 1047
    [119] => 1012
    [120] => 1009
    [121] => 999
    [122] => 998
    [123] => 994
    [124] => 971
    [125] => 947
    [126] => 946
    [127] => 944
    [128] => 941
    [129] => 915
    [130] => 913
    [131] => 910
    [132] => 885
    [133] => 876
    [134] => 873
    [135] => 872
    [136] => 871
    [137] => 867
    [138] => 866
    [139] => 860
    [140] => 857
    [141] => 856
    [142] => 855
    [143] => 851
    [144] => 850
    [145] => 843
    [146] => 836
    [147] => 825
    [148] => 823
    [149] => 800
    [150] => 799
    [151] => 798
    [152] => 785
    [153] => 775
    [154] => 758
    [155] => 753
    [156] => 751
    [157] => 728
    [158] => 727
    [159] => 717
    [160] => 713
    [161] => 697
    [162] => 696
    [163] => 694
    [164] => 689
    [165] => 686
    [166] => 685
    [167] => 683
    [168] => 680
    [169] => 677
    [170] => 658
    [171] => 657
    [172] => 656
    [173] => 654
    [174] => 615
    [175] => 593
    [176] => 589
    [177] => 588
    [178] => 581
    [179] => 579
    [180] => 572
    [181] => 563
    [182] => 562
    [183] => 542
    [184] => 536
    [185] => 535
    [186] => 533
    [187] => 528
    [188] => 527
    [189] => 526
    [190] => 478
    [191] => 477
    [192] => 476
    [193] => 464
    [194] => 462
    [195] => 460
    [196] => 456
    [197] => 453
    [198] => 441
    [199] => 439
    [200] => 429
    [201] => 416
    [202] => 409
    [203] => 407
    [204] => 405
    [205] => 404
    [206] => 403
    [207] => 399
    [208] => 398
    [209] => 396
    [210] => 392
    [211] => 389
    [212] => 386
    [213] => 384
    [214] => 381
    [215] => 380
    [216] => 379
    [217] => 377
    [218] => 374
    [219] => 373
    [220] => 371
    [221] => 370
    [222] => 369
    [223] => 368
    [224] => 324
    [225] => 309
    [226] => 300
    [227] => 297
    [228] => 296
    [229] => 295
    [230] => 293
    [231] => 273
    [232] => 270
    [233] => 262
    [234] => 259
    [235] => 223
    [236] => 184
    [237] => 174
    [238] => 167
    [239] => 141
    [240] => 14
)

