2016-10-29 00:34:36
统计当天：2016-10-28
渠道个数（即dailyaccount的个数）：7238
渠道sql：
select * from yx_tg_source S left join yx_tg_game G on S.gameid = G.gameid where S.activeflag = 1 and G.activeflag = 1 and G.isonstack = 0  and S.createtime<='2016-10-28 23:59:59' order by S.id desc
活跃渠道个数：367
活跃渠道array：
Array
(
    [0] => tg_Ns2ruyRNGIFOc1V1cNXZTgYNXxKEzX
    [1] => tg_wdPlPXqIiLNs9uy7Ml0oOQKl3eamzQ
    [2] => tg_2L5gIJFRap9veDIubNLnUHhfsOYM3j
    [3] => tg_NO44EDPcEL3s66lwa9yRtCs9aY1gjc
    [4] => tg_YSA05Nah8JewKgqX9nr7Acwb2aBxyl
    [5] => tg_zjUY3zgmqTzHY6gaBbz0V5axvkeADq
    [6] => tg_isZoXNhPlO746tHMSp9H4QBHsPxXNI
    [7] => tg_Nc0co5JrNt7sFmz1Fm7rObHZUP70Qk
    [8] => tg_It3ZrGnxHnT527Li1JsFPEbAXHFsnx
    [9] => tg_VZuGbtPK119VaeXIfeAFPpCwPVuF4q
    [10] => tg_gWduPMd7D6sz2PYRMsO6iHgBSqP7G8
    [11] => tg_c9HTP8FS1ZqrHK9fKvx39Km8ZBgAXJ
    [12] => tg_hfQFP1T5unIBwVwmYZ84lmbLUk6Hql
    [13] => tg_uM73vHb3tX7wOkVYYGRobZCg6rHCVT
    [14] => tg_XqqefIBRLPljmy0fSj4gQUXeoc2JeF
    [15] => tg_FF4y91BVHs0XFBT5b8yguHQV2ml675
    [16] => COK-223-01
    [17] => tg_PXQG1MoeGb9uQy94DtZg3mBtr0ErUI
    [18] => tg_vzr6H9PKcSoI7Theu2lwT1r2Y3Pivk
    [19] => tg_iqfTzQ8SlRMYUsxMhhHnvScsJrc5by
    [20] => tg_9DneKn1CDJFWOGcDYBJNlApta8VGdl
    [21] => ly-266-01
    [22] => tg_mNXK59R18xrYtoBaxWNwkKYPBuKXQp
    [23] => tg_JJZYD6SJy3SJ6c0AKRp1GmB5UqZ2jg
    [24] => iziy-262-03
    [25] => tg_vEZgCnp2a2oZM7hFQm8kAnWsY7F7Un
    [26] => tg_Sewxs3XtPGOLYiORI5Pkg7odXeAKXN
    [27] => tg_u5jkBNVLd4lnnf9w8P6FZVnCleJITd
    [28] => tg_IHodxJNKrfS0xxajkR6tAtkpohQvUu
    [29] => tg_sM3nfqDJy3Vy5aPurriOPCdX9iEJma
    [30] => tg_iNBVgkrz7R1IOCXEEJfkIlPzdSGnyI
    [31] => tg_xNkFYCVe3999kOpWMmGd9nc4ADgor5
    [32] => tg_6MtTadvoEKKgoLj4mjkg9EXH9fHVbf
    [33] => dfi2-252-03
    [34] => yxzxAPP-422-02
    [35] => tg_Gl4B6QurIAtwce1L8X9Drz0yYnpQAo
    [36] => tg_wIXN1rzotxhcO2fHCh8v4WaFOhvM3i
    [37] => tg_Yu783LP9jjPQKkQ4gZ37LJqiGsa8F2
    [38] => tg_Ol1QFxsnwmPTIifUX1pY0CFdr9g2cW
    [39] => tg_au4IVxZIqUPkIsk9WHXh5V7naKiSIK
    [40] => tg_y0rw3xWTqO1J6EbXH2IEeZciWZj2V8
    [41] => tg_1t8ZHkzHsOjjfBQdO8Sp6xQb4Jqv5N
    [42] => tg_fl4scLZ4FiUV9noT00XsT0B55NgKEK
    [43] => tg_dcZ5QIL64ZnGI4GY1HWwh29nKXB9BK
    [44] => tg_4hveOZ2EMZz0zH0ykRr1CimMmYjVF3
    [45] => tg_MwmQeDM6z2hcH7FkvAQSikHdIAwg1t
    [46] => tg_0Nbqgie2P1B0rStUJTCCnOwL2cQhFN
    [47] => xdzz-228-03
    [48] => tg_DSCeq49dAY1NXszMuPT6YSvlibLEV5
    [49] => tg_zLFsg3Fa86nvLPLJJJDDqD5CCTfdGQ
    [50] => tg_prw2gIFGyrnJH79P6pDgYGJjanWPHY
    [51] => wd-265-03
    [52] => tg_quBxwsHLnDcetKwYUeL0ZwGVhOWJvs
    [53] => tg_jCHJyMptnrEeCRtLvWCna1UgFDOg12
    [54] => tg_dAoS95IeOPrEdZPFtjKeLSeUbfJn7f
    [55] => tg_Trn7YSQVVtNZzq3Fw768fo98JN0n65
    [56] => tg_1nGplhQDLUI1MZSEUXMNUL84CHOPpX
    [57] => tg_2NsHXZzeADPI3sOdsGvb5UWmUgvIq3
    [58] => tg_NgwIwYVjAzXZn1QBJC68rQwtm8qAnv
    [59] => tg_0iRQ3TG1o1aOD0Ok82kgGDYXLzULCh
    [60] => ly-266-03
    [61] => tg_LLCnuPvPz2vL5lkzkWTv86VAZqXiFt
    [62] => tg_MgtczvSC2Y8RhwzpkFMfLrp6BnzFJA
    [63] => tg_v2aSduKnJJ5NKXAAkCTPEOYo7JnS94
    [64] => tg_pVLKwuqunHstVkThsuG9m9ZSFNKY4Z
    [65] => tg_hQCfxRAltho6mu57AFzdD1m4djON6a
    [66] => tg_5OSuPn9oHty6tDThXGVcWSFPKws79c
    [67] => tg_ldlS3tWKN8VmhxHWs7NPgQTPUOg9cJ
    [68] => tg_OelNZbsZicvSlFyKZY006o7gBOtSKO
    [69] => tg_Zs0k3Wft4sZSUPLhqKbS72Fumhrxnx
    [70] => tg_a5q2q9GN2xABq86jM9pwiS8iyBJVfW
    [71] => tg_lH8i7vtt5Vyi4nU4poSm8Iv68PqS5A
    [72] => tg_JZ9J3vGNs6fiYDpid1fLVXAcdmnJGC
    [73] => tg_eLvEUVWPVr3mOUhel9Kbw0ggZa2BIk
    [74] => tg_GMTqei4u3HsEi273emHLsPpYI3B6DW
    [76] => tg_AdMndsyzT7HuzGNpX6xP7nNd2kL4of
    [77] => tg_G9yTAxWgs6kbikFA8mybpflSOxGHtl
    [78] => cfzjbsn-245-05
    [79] => tg_9ODQEQAEQC2jZ68fdtnxDefI1lJGh5
    [80] => tg_gmGBJLUxtvjdnPhUorFlyCvvcGcimv
    [81] => tg_JYWGy6Lv2jwnMs8SqyRiEdd3aHRvvv
    [82] => tg_Fh6oxsfhBmXgg1iaAFWuTIsAdii7x7
    [83] => tg_jlkC6X8s1QpUpkaUOzJ2fGYI7vjo37
    [84] => tg_jejMxEyTgyxOGvlI2GYJusOt3QDOGb
    [85] => tg_CWHe7Hrfhl6JXuwTQhogiVXlCxO6f0
    [86] => tg_frELfamKwGe3Qzw0DjbcfssUuplfwd
    [87] => tg_9exPJH0wBZ8HTOnBGIBAUy7Pd5KItg
    [88] => tg_KPu4Nors1HZxKWZihYMPeXmb4uu43N
    [89] => tg_N3n5bMNK8zcr4pfuMwWwZ8rQ1S89xz
    [90] => tg_BX7jbPiBrO3Lbj4y7kRa9Zw7d5W5pt
    [91] => tg_Tz78wapH5HOWKkA6nychOiftbexKey
    [92] => tg_8T7NZZ0K1lUhDstwHQnzUVaXtWYYnV
    [93] => tg_OD7FcltYU9ZyDt7rn6beaylFAAVT5D
    [94] => tg_AhvgWr5nY3iUQ6aOmZ235ZRzNfupkg
    [95] => tg_hGFVwlehGMFc5AVTI0APT2AXvSQeGu
    [96] => tg_127j5YH7792BhdfqL1ReAO3NfR4xz0
    [97] => tg_4xaqzJIbeZOX10X6NI4jgUD3d7kYwn
    [98] => tg_ohkBpsfUYhZVj9odMIMj6RRXHQuf7y
    [99] => tg_LFM2pjnMTvCP56deDGoP9cSpxl6LPt
    [100] => tg_sCWQ5mO1iHJAOcEFrfABzVnYvuEaqq
    [101] => tg_0m5hfuHWDcxBq9n1kbuYmEO4RO2kHM
    [102] => dcfy-250-04
    [103] => tg_IkbWDAcItP4bEIQKcKFghVDAMQ7xfh
    [104] => lwzr-239-03
    [105] => tg_U6JAKHrNVfZXJSOA6dJWtkuaYlJwbF
    [106] => jjsmbl-234-01
    [107] => tg_f4MrjAM7ukL1oZiajc2xKhCl3GaZjI
    [108] => tg_ovYJpa0VxDSjfx9vB6F4bOOdyJRpkM
    [109] => tg_MdbEipUaQ9xGwlDks3Qmm9ESgfXmUz
    [110] => tg_hT9imoeBBJOa4aoOSH8s9D4nXulXQ3
    [111] => nyi-272-01
    [112] => tg_04cYBZjPzKacEkfXgbY7mg5h5j3Qn9
    [113] => tg_lm8rI6h8CUYoZ3o4gRyx7QJTc5MOln
    [114] => tg_DLgDR06dmMa0a6U2hBofa0ahtn29UH
    [116] => tg_VTIb5DaGCBJKGzmOMCno3o3PZif4jo
    [117] => zgzt-213-01
    [118] => tg_rxk5PfhQq0bSCryZmN7GIozF5JXeYS
    [119] => jdlyjzj-414-01
    [120] => tg_tqrdOEQGez8JLhsu6eKlKfqBQ95Nv9
    [121] => NBAftx-225-02
    [122] => tg_PwJM16uX9eSU8BhZvQe6RiV6n5Shs4
    [123] => tg_iCdPvpx09yXS6AqVoH99GaBcG8K6Bx
    [124] => tg_NvXJf5QR5tjRwPjhRNfgiEKYRFgx4r
    [125] => tg_9wMQEwx1XSgzc6p1L1icWOicF6gRTs
    [126] => tg_f3YrVumb581hd00FTHPSiI7Ynyax0m
    [127] => tg_kuwf61UrHioa0STYPUx4FDugzJz67B
    [128] => tg_BamqldxcexXjvJe8UCVI1UMmRPLYKa
    [129] => tg_QOaluxlrDrdfHirks7boYovXT5VzvN
    [130] => tg_ZFKqnwhylnrusVCHzMKMfQ1CrM4PKI
    [131] => tg_kCjLMx87ZHorUGJ6FLBwYFSgXvh120
    [132] => tg_NFFTmgzmMokyIfz9evpCJQ4sNXUaWF
    [133] => wd-265-01
    [134] => tg_v7cDnrslnzqxIArJ4erBCApkpQRJeE
    [135] => tg_ODoUx9rQG9p7rnBZM2d19F8EQZ5utc
    [136] => xyj-241-02
    [137] => tg_DVjFB30FnJLCYF24CvQJO75G3J64uW
    [139] => gfx-227-03
    [140] => tg_IG3MtJ7JOXqsan5jjyzdOs1dngskIJ
    [141] => tg_oRr8aA1QCzsoU5qSPqYmMCuQ9sNmcg
    [142] => tg_eXfOrB7ZM7cDO2nqwzIwswNwbLhnlJ
    [143] => tg_lv369aN0qVNdyxeLNsOZUv42Khkq9c
    [144] => tg_fqdBFYtzUJ8dwUChIkIPH4nDlnQp8j
    [145] => dfbb-261-03
    [146] => tg_L8Ct1LhSGThxf1WCJWt1iquHbEnUQP
    [147] => tg_uKdkYuLOUZ6dYpKawiPxSlws5C3p2Q
    [148] => tg_YxXJsJsvaSJb4LpNPISffBx1S3TsNz
    [149] => tg_XA1snjA4pRFYFA5VydpbMXyEIvVJuR
    [150] => tg_3ljjNwItLS8dXWcAQk9dgMtgVhn6Zx
    [152] => tg_UJipV7pXJ9Ui9rY70iZpjBHGl1EDWh
    [153] => tg_KSrTmGgyDYV81i5ltvne0CVaiHhXRQ
    [154] => tg_gROvgO1zaKN4u7rYKqqtV34oPECQ5H
    [155] => tg_eHZFYqOW37zZly6Ci485hAPKblznlk
    [156] => tg_oe4ej6zBEKZUydTCzdGU30wFYIeBAB
    [157] => xjqxc3D-443-01
    [158] => tg_tWxsqLc2DyZW0xhEjU2AGnkAg8rSzH
    [159] => fdwq-442-01
    [160] => tg_DXLdwJFBbmEClkeZrrzUr7M0x5UknP
    [161] => tg_7QcpM9nCqpQopSQYRJB5tiYQyFNcaS
    [162] => tg_4zE122WihSnHVLpwtgEbGo8wEaokgZ
    [163] => tg_5sYSllKI9CiU8DaoeqPrb4Tj63DcJx
    [164] => zcsm-320-01
    [165] => tg_KGrCSe1a4ryaHXKDklFBnaD9pInRXq
    [166] => tg_5F72RIe0igT2d2LdZdPvLwMhxxM3DE
    [167] => tg_mGHUeBsI32LYmovto5wB74q45NSYQy
    [168] => cbws-283-02
    [169] => tg_PeTNy1Faj8mQIBuAgfbjX5jTJXLLXa
    [170] => tg_dny5XhMxwwkZHjHn8u8ybIWQbPNTEa
    [171] => tg_nNPe0vpMC4ZxmitWGiEHW0gWHDpRcF
    [172] => tg_Ri2NPtmmh1FsYTXg1bpBcSfD0VdpP7
    [173] => tg_Q0OXBqTKUT4gxwLdq8cEyinsbxvWsh
    [174] => tg_ImW7KdcLDbkfZrE1j7R4jVhpShIV9N
    [175] => tg_Q2b1rjqmySzYHTs1i9OWePb2NaBcGB
    [177] => tg_howgDJMf8H0nC23KdM8cLLhsk330Sj
    [178] => tg_6vi6nfVunqSTdJKQ729D5wPqwD65uc
    [179] => tg_29McOCy654FQHBg0k7IU0OJzmBi52V
    [180] => tg_W2pysd1dY4bhFAxFDmSbPJAAXMZAJP
    [181] => tg_2ARVHpH2uWK1GKxxu0Zg0YChSYsj0O
    [182] => jymf-237-03
    [184] => tg_NIGftm0hA1EjxWm9DKPuA69NSdLiBs
    [185] => tg_ExtRRmq70LZ5cPOsbOSWEzt7KRjR70
    [186] => tg_9svDGMMYJz3JrJlA5yZkJ0dVtaUb4m
    [187] => tg_bJwb42D2NyPwgID5KQngbREXKIVqTS
    [189] => gfx-227-02
    [190] => tg_xX5O7gsz5V7ioS8CXkxejkdaaSilqn
    [191] => tg_vHJuYyncAfyWx0OBOTNBzBs4VDbYKa
    [192] => tg_uYQsNlH1kqwKDEH4xABqHPfGQdgA9v
    [193] => tg_QDYvyxICPNYv0kg1BOP8QtEcfFUNGs
    [194] => tg_77gFvmZyqqb5ZTA3643TFpwCYz8Jas
    [195] => tg_GXKFwldOWDrQ9XB8plFtCj91dyXAIh
    [196] => dixl-277-03
    [197] => tg_LPiY9ekEdtZqLLuukBC3fKOMYpbNWo
    [198] => tg_1jQe73rT4e8GVjRXeU65PvjFfgyCJ9
    [199] => tg_4Zl6KMY5KHdYhVrnrJaLw47ibP8Ibs
    [200] => tg_AsxPJXxY4WyybvnM7G2sf9DlUpfLcS
    [201] => tg_zHs8HJGyn0Rv5Gi1WOdDkiISnK0H7s
    [202] => yxzxAPP-422-01
    [203] => tg_Wzr2IL6gTf4wvBKCRmPUV1h0KHaqa1
    [205] => tg_5tm9Wg2AXqKDoIwYbz1h5YBQ4FS8P3
    [206] => tg_ehdVeO32w7AyPfY0ZBqkpWIr1SvDrn
    [207] => tg_9v3y1tH8IID2ObAOh7tIrIqGPUL5li
    [208] => tg_2IxdlbSwcuNEvSDGBrrX9CN0ZymPS9
    [209] => tg_mrIHzdJ5a7cXVH9W4aDyn8BcY3sEWL
    [210] => byxxc-238-03
    [211] => tg_MPv6wZlNPr7LOEpHwY19XtQ1kr7Fff
    [212] => tg_73mHAOuM3KdQa6oKLLG6XZgNWYlZCU
    [213] => tg_oAoVUwkuOeyVVQ05jZL3XRH3CJPrbR
    [214] => tg_DwNO8ixOfJ2rY1XNclifft83mhYTi4
    [215] => tg_spVeL0duhA4o33C3XVLMLcJeGzpLLx
    [216] => tg_c0mUBBrcogdE5UvZCY2HnsSHyc6ePs
    [217] => tg_aFWrMTmCWEE0kaQmPHz5pWXf54vm83
    [218] => tg_USQULvLd7jEwvAnEXP6ogWMPmBcWXF
    [219] => tg_ICEcjc9rCPIBR46UAcqeZksnO8Wi9M
    [220] => tg_vQk4YxqC6WppWmaHRPd2w4A2NFvcLe
    [221] => tg_HlAnvCbNuM4o6gu4lj9ouY9mA4dxfQ
    [222] => tg_2WbWHagMS2SOb5xOSfVRLGlIn1S33u
    [223] => tg_QZZFggp5dA4nZym1yeDjbwGvJrDxrz
    [224] => tg_mFtD7NWQksoGcdkYjyTLyCGBW5LAiU
    [225] => tg_qsnV07CXxrunsXAD8uJpw8KAtjwRUH
    [226] => dixy-232-03
    [227] => tg_Qo1fvJS7zsXzyA2IXbpN0O63IkFczD
    [228] => tg_kvTh1eV254JKcMoQPmaF50ZSF2YI8r
    [229] => tg_HAE4GeBnupqKgTMoKVfdqFSpbGZqdw
    [231] => tg_BzSlq616dainWOMpgxtFCfaqMVWg3j
    [232] => iszz-258-04
    [233] => sbkcq-294-01
    [234] => tg_SWqbqvLqDQyYjsG9jBBHZo8bF5l6yj
    [235] => tg_WObUg0waseMQMRqjvOnCzrgFmhUPVo
    [236] => tg_z037kSsOTpOe64cmjLjl1nUsQAoDwW
    [237] => tg_xvCgNlPr9K7D216WoVlBjkIHzwcQuK
    [238] => tg_Gejy6CaJU0EYR82x85J7TjKGPjSSZY
    [239] => tg_WCkCTf0pTrn8wT5Vga2ak2u2b6U4jG
    [240] => tg_rRyHzAFMUdV7axvQjFOLFWcimW2ISs
    [241] => tg_JE7555URTg8PnW3kg27YKTPGG7ZcbP
    [242] => tg_zsTLBrqM2up5HI321rdz7hvmbXHCXx
    [243] => tg_ztpR2HKML8hJFjprho1zfbkV0imFp4
    [244] => tg_5QH6cQj37W9Aiel0tFJsWqgDtezJLR
    [245] => tg_FVED9w8UsxvyBAd0XI1SJDloFLdtQm
    [246] => tg_CiBhEkklsCLVA2UpTTjD0UaX2nUWu1
    [247] => tg_UDyMC93nwIALdlS1mugg7eTc5SGYIU
    [248] => tg_zlmQ1MYrs3puVAfAUySNfxp8DprrcN
    [250] => tg_XFjHfg1mv3pPvJKCJ0JShkY18TdXxi
    [251] => tg_UIq5v3eBxoWaOieomZ3V2ey4GibbMZ
    [252] => tg_JXdNpFL3qYrFKCQydFp9kS0Es7uq9p
    [254] => tg_caJsC7EfMOzEbr9mIg1Oi8xmFBpxw6
    [255] => tg_TS7g68ApFyNFyAAgoOk3qtRWimfoNg
    [256] => tg_mcEuJVtSvdAtVUENaRDVMBLSq8APnS
    [257] => tg_B2gRz6KoFotcJwvqLHiYqclhTRZjAI
    [258] => tg_NvMFF8a67IADmj73kvjokNrEYV5Evz
    [259] => tg_oYeamNiVoPhCQ43VMK6OhFySsqpVbh
    [260] => tg_3L5ZJi8hSbYwnJQzhsMU5VHW0XgxLp
    [261] => tg_NCP73iALs0HQvWtKPZzGiEA3HSBsAa
    [262] => tg_1UrNa6pMG9ilFEbZCPTKAY22s7V5Cz
    [263] => tg_yguQaDrCX4sRHyusZCmoIu2wxKyPTv
    [264] => tg_yq88dykGowIthoP9cw1FxTq3NaIu9Q
    [265] => tg_Ok1V5icI9vmONx23EKbYHVP56i1pYd
    [266] => tg_BoOVFdQ5PzJUpAq8lROJsTo2M3hVFU
    [267] => tg_R64SDdeCJshvCUVl9kk1SAY2mVMv40
    [269] => dfi2-252-02
    [273] => sszj-260-03
    [274] => iszz-258-11
    [275] => tg_xt7IIDM1x4OaXPXCCNB1kOLh1oJCyf
    [276] => tg_xBuL3S9TdcaQpVCpOs55vAmiUv8Ix9
    [277] => tg_OU20Xikl0SbparapZGvkebqzKhWQRE
    [278] => tg_QxsgURZNyFPeUV9cl3r4z4BCKp52pG
    [279] => dixy-232-01
    [280] => tg_jozQbXSt0MsOdEGwpK3VTTyUp66Ce2
    [281] => tg_g7ZxSv4gz7VPwWmtBN4Rua0RkQd3SI
    [282] => tg_euSiCujjVYyRZq2bhlsayXa9gchpUb
    [283] => tg_V3ZMC6AaWAUIgoEVwUp5VmHPypL3p1
    [284] => tg_uRPJgNFRkhP1SYEz7vGMLo5cLwr10j
    [285] => zyj-263-03
    [286] => tg_OfaE1oD9jOkeCrMxFmwZmT29Ew1L5z
    [287] => tg_YdzBBvglsoXidJdKCmWrG85bql5kG4
    [289] => tg_NoqH248k7exruZXQMVi100rIj0Ow78
    [290] => tg_Lyx50AlHYhUEsejnRNlXTJrfMFjfaU
    [291] => tg_R5o8QShUV1GO4zyUU3UWozKOn12GdV
    [292] => tg_9L7imM0iNMHDvx030tEttb2gY6yAvf
    [293] => tg_foInmUBJTEST2FsjE393noaqCL4YDz
    [294] => tg_ZZgcgW1UXMwmQ7XrtNJNYgILCHkhvx
    [295] => tg_dDJLG6to6sFxyogiRQbTmRoGWdC2Dz
    [296] => tg_3H9a1haRWXASZzcsseDOLdFDuXWGy9
    [297] => tg_e1XmOfhhxXMfenNMZuYv78znuFefbr
    [298] => tg_R1RDVqNHRQXgl4KJSMyZU2Tno2K9bg
    [300] => tg_9MSv9Id4g4YQ5HqkZSRgzWSsm3hDiU
    [301] => tg_a3MwwHqtFVIIu2wAcJtxFP9Qq6YXdU
    [303] => tg_V4rCcoFzbBkK9PCpIYlOHxsf6WUDQr
    [304] => tg_Ylsw4PyijBADuMjBqAvjXxmuH9Wj3F
    [305] => tg_E0E2nta7J3vcP1BXFdQhyTIYyLZcTh
    [306] => tg_5OfKZXixp7CjR7XPU0W90lqqqTFk5J
    [307] => tg_1EINsQaerAIg5QtrK92gm7n6zSfR7D
    [308] => tg_be3G2CGOTHqGytb47b5E1MRw4NGu3R
    [311] => tg_G7iLAMkERZ5ZZ4eotZjjQMghR4aFpd
    [312] => tg_vC2YDzjcVUC15FGQBPgLNxYeO7Z5SQ
    [314] => tg_iBQwLu3gRW3oY2acIF0T5eQc2uURTg
    [317] => tg_Spjn27BpHac5Q481Rr5zp1q1m3soZ2
    [319] => tg_Uzk9TWGhQpn8JMmxrdOv3sknjw9Rpv
    [320] => tg_HeObsj9BdHlkcHrYrsz6EL2fa2GJTi
    [322] => tg_s5DINUX58GHXmIZJJJV1gq5T40RdcF
    [324] => tg_4gxvdgBfeXfU0Mkm1t3kqb6ftdzOMG
    [325] => iszz-258-10
    [326] => tg_XsxYkTvYKaFEZLomJmAIGTxKh6t473
    [327] => wd-265-02
    [328] => tg_fSAlRxHa2UDWbbx3Gn7nvypxDWqvkd
    [329] => tg_mDkHHPzmPXS39YYhBz8uKjl3CzEfCG
    [331] => tg_W2yyQXCxIyTIwSbFXX4j5shu4N3mrk
    [333] => tg_WxyICK73BRFOH62RcXpAgw7TCRgkLE
    [335] => dixy-232-02
    [337] => tg_X9FfgTUedruUSLOuWANgAoPgSE0s2Q
    [338] => tg_gGqT8bYbaxpqLD1XpnsxYSJ3XLlWdc
    [339] => tg_luMOlzXMsvqQNqaAuBhkolxOxGtjmA
    [340] => tg_QNIdVsHmq2UJ0KNrgyokjQkFMiWOhX
    [341] => xdzz-228-02
    [342] => sji2-257-03
    [343] => tg_x7V0CXex19izghRLpbsKQuQz4iWGFy
    [344] => tg_T0Ed5mmvuRdVzcxLWCLs9R6BGf0EaP
    [345] => tg_pbdbbYp6CP7zmUcKsYxbNotXs9ZNFJ
    [348] => tg_gxMXCdvJJOAMmzsoXJMMaU34TPUY3s
    [349] => tg_pdviUeEztqS8c3nE98GICfvvesETHJ
    [350] => tg_sN4DNq0d4Vg5WHZg9OWPsd4bjkM0hL
    [352] => tg_3GSSy8PYKoFrup8G30jsux8ihQxkGc
    [355] => 
    [358] => tg_vfaj7fCIWHRW8AF6lOhWStml7M07BG
    [359] => tg_lTm5KCarKN5sbIrdEvpfC30Lw2bfXX
    [361] => sdyxc3D-243-03
    [362] => tg_fOWWgpxgog85mLXkPhWxAWHdhX1ZU7
    [363] => tg_O9cgE2tLlaIUujkhXbTlcktVd9yvRi
    [365] => tg_VY5fuFU8pF4jMVrZsTPAcRbAbM68ZA
    [366] => tg_KMpuyo1EOdaG6l4RIJxknESqe8i1do
    [367] => tg_o028lSVS26po0ZFjgGHlegKtggqz9S
    [368] => tg_bemh9vIE1yhl2WLX8PC3K4kt6T56sl
    [370] => tg_yxb251siBnIPfFxfGL0q0F510DqGvt
    [372] => tg_C279T8XrdTVBzfahN2pau9nO3JhRif
    [374] => smsjOL-247-04
    [376] => tg_oVuXEouaDagQKrGaZi23ZZhUpapd4J
    [377] => tg_Zoks2ueLqNQh9bkP9F8nWgWxgVN4a3
    [378] => tg_eGqoU2qlNLtvDYNYfI973jrvfDEN6u
    [379] => tg_Hllcezo5vcG6IuqIwwwGQ0oYw0mGPL
    [385] => tg_AXIXnbBwMpJMQDEe2VSEWJmTX2afnP
    [386] => tg_Wn11xsfYxoYQKmXznDz7ic5H2PaJth
    [387] => tg_iTu7R5kBoS3ZwvVAV0dsCpeGvSwNDW
    [388] => fzj-291-01
    [390] => tg_Uuu7DKIS1H6x1tYmIF3QwX7uhrg7pM
    [391] => iszz-258-02
    [394] => tg_rkdhUHC6qE4eW3gS1BZlZjxddi6ZJa
    [395] => xyj-241-03
    [396] => tg_1wDDLzkjbW3Pb8jzRrA01incmPqYhQ
    [397] => tg_R8HYrK50f168ti9sOsZtaiQD2co59J
    [399] => tg_MdY8o3ka4HnFeP8j7JprigdSox5agX
    [402] => qqics-242-03
    [404] => ijilz-249-03
    [405] => tg_zIE36IpaEbThVLZgMNej31QQ7USmDL
    [408] => tg_hgxfsHaP3Nl6ta14BIeWsy7lPXS8e2
    [409] => tg_lfUx09OXmzxWGLxjyNqiYhji1J6o3S
    [411] => tg_JrFLtWsbbdLYlqboVhSzzxoHROQD4k
    [413] => iszz-258-03
    [414] => tg_D3OC96S53NgitjGQM8exL3wMjxkf4X
    [415] => tg_3DSNWRoGvcnS1USj7RLdEQ1Anm4nds
    [416] => tg_YP3WF3TI3Mr7oCBqG4P1cEzXc7s0uA
    [417] => tg_xyZ3j9g1TEE5oRQ8jtjOvWp93RoO1U
    [421] => tg_rerMGmdYU9Jyeq8z0UUtJkITxPIPi2
    [426] => iszz-258-09
    [427] => tg_xynK92e6Ss0NWnCvL8CCENHHEqAka4
    [429] => cbws-283-03
    [433] => tg_cpZrEKR0IJ4S1rcmaswi8oADsic8pk
    [434] => tg_Ybl9xENxHsfVBPK7IBZikgc9icV0p0
    [435] => tg_q5tpNQkvjppy8orNkmvHjKeZoFDicc
    [578] => yxzxAPP-422-03
)

有效渠道个数：347
有效渠道array：
Array
(
    [0] => 8044
    [1] => 8043
    [2] => 8041
    [3] => 8035
    [4] => 8034
    [5] => 8025
    [6] => 8018
    [7] => 7935
    [8] => 7929
    [9] => 7927
    [10] => 7925
    [11] => 7916
    [12] => 7914
    [13] => 7908
    [14] => 7905
    [15] => 7901
    [16] => 7900
    [17] => 7898
    [18] => 7895
    [19] => 7892
    [20] => 7891
    [21] => 7786
    [22] => 7742
    [23] => 7735
    [24] => 7721
    [25] => 7707
    [26] => 7700
    [27] => 7686
    [28] => 7679
    [29] => 7676
    [30] => 7673
    [31] => 7668
    [32] => 7643
    [33] => 7634
    [34] => 7632
    [35] => 7625
    [36] => 7622
    [37] => 7616
    [38] => 7608
    [39] => 7593
    [40] => 7592
    [41] => 7403
    [42] => 7201
    [43] => 7029
    [44] => 7025
    [45] => 7015
    [46] => 7009
    [47] => 7003
    [48] => 6987
    [49] => 6985
    [50] => 6976
    [51] => 6971
    [52] => 6887
    [53] => 6883
    [54] => 6881
    [55] => 6880
    [56] => 6879
    [57] => 6878
    [58] => 6877
    [59] => 6875
    [60] => 6872
    [61] => 6871
    [62] => 6870
    [63] => 6866
    [64] => 6864
    [65] => 6863
    [66] => 6862
    [67] => 6861
    [68] => 6860
    [69] => 6859
    [70] => 6856
    [71] => 6854
    [72] => 6852
    [73] => 6851
    [74] => 6850
    [75] => 6847
    [76] => 6846
    [77] => 6845
    [78] => 6468
    [79] => 6435
    [80] => 6426
    [81] => 6421
    [82] => 5904
    [83] => 5856
    [84] => 5750
    [85] => 5728
    [86] => 5727
    [87] => 5717
    [88] => 4637
    [89] => 4305
    [90] => 4282
    [91] => 4243
    [92] => 4155
    [93] => 4097
    [94] => 4094
    [95] => 4067
    [96] => 2547
    [97] => 2505
    [98] => 2446
    [99] => 2407
    [100] => 2395
    [101] => 2394
    [102] => 2393
    [103] => 2391
    [104] => 2388
    [105] => 2387
    [106] => 2386
    [107] => 2385
    [108] => 2381
    [109] => 2377
    [110] => 2283
    [111] => 2280
    [112] => 2274
    [113] => 2273
    [114] => 2271
    [115] => 2270
    [116] => 2269
    [117] => 2268
    [118] => 2267
    [119] => 2266
    [120] => 2263
    [121] => 2262
    [122] => 2260
    [123] => 2259
    [124] => 2258
    [125] => 2255
    [126] => 2232
    [127] => 2231
    [128] => 2224
    [129] => 2221
    [130] => 2218
    [131] => 2215
    [132] => 2210
    [133] => 2209
    [134] => 2099
    [135] => 2095
    [136] => 2092
    [137] => 2090
    [138] => 2073
    [139] => 2055
    [140] => 2045
    [141] => 1884
    [142] => 1877
    [143] => 1875
    [144] => 1872
    [145] => 1868
    [146] => 1867
    [147] => 1859
    [148] => 1857
    [149] => 1856
    [150] => 1854
    [151] => 1837
    [152] => 1825
    [153] => 1824
    [154] => 1823
    [155] => 1821
    [156] => 1814
    [157] => 1811
    [158] => 1809
    [159] => 1803
    [160] => 1801
    [161] => 1650
    [162] => 1647
    [163] => 1638
    [164] => 1637
    [165] => 1631
    [166] => 1629
    [167] => 1628
    [168] => 1621
    [169] => 1618
    [170] => 1617
    [171] => 1611
    [172] => 1604
    [173] => 1601
    [174] => 1597
    [175] => 1595
    [176] => 1560
    [177] => 1553
    [178] => 1531
    [179] => 1526
    [180] => 1524
    [181] => 1523
    [182] => 1519
    [183] => 1506
    [184] => 1491
    [185] => 1490
    [186] => 1488
    [187] => 1481
    [188] => 1475
    [189] => 1473
    [190] => 1470
    [191] => 1464
    [192] => 1461
    [193] => 1457
    [194] => 1452
    [195] => 1438
    [196] => 1428
    [197] => 1419
    [198] => 1417
    [199] => 1393
    [200] => 1392
    [201] => 1389
    [202] => 1380
    [203] => 1372
    [204] => 1369
    [205] => 1346
    [206] => 1344
    [207] => 1343
    [208] => 1337
    [209] => 1335
    [210] => 1324
    [211] => 1306
    [212] => 1305
    [213] => 1304
    [214] => 1292
    [215] => 1279
    [216] => 1278
    [217] => 1139
    [218] => 1134
    [219] => 1123
    [220] => 1120
    [221] => 1110
    [222] => 1101
    [223] => 1100
    [224] => 1077
    [225] => 1056
    [226] => 1012
    [227] => 1009
    [228] => 999
    [229] => 998
    [230] => 991
    [231] => 971
    [232] => 946
    [233] => 944
    [234] => 915
    [235] => 913
    [236] => 910
    [237] => 881
    [238] => 876
    [239] => 873
    [240] => 872
    [241] => 871
    [242] => 867
    [243] => 866
    [244] => 860
    [245] => 857
    [246] => 855
    [247] => 851
    [248] => 850
    [249] => 843
    [250] => 841
    [251] => 836
    [252] => 835
    [253] => 825
    [254] => 823
    [255] => 805
    [256] => 800
    [257] => 799
    [258] => 798
    [259] => 785
    [260] => 775
    [261] => 758
    [262] => 753
    [263] => 751
    [264] => 728
    [265] => 725
    [266] => 724
    [267] => 717
    [268] => 702
    [269] => 697
    [270] => 696
    [271] => 695
    [272] => 694
    [273] => 689
    [274] => 686
    [275] => 685
    [276] => 683
    [277] => 677
    [278] => 658
    [279] => 657
    [280] => 656
    [281] => 654
    [282] => 616
    [283] => 593
    [284] => 589
    [285] => 588
    [286] => 583
    [287] => 581
    [288] => 579
    [289] => 572
    [290] => 563
    [291] => 562
    [292] => 536
    [293] => 535
    [294] => 528
    [295] => 527
    [296] => 526
    [297] => 513
    [298] => 512
    [299] => 478
    [300] => 477
    [301] => 476
    [302] => 464
    [303] => 462
    [304] => 460
    [305] => 456
    [306] => 453
    [307] => 443
    [308] => 441
    [309] => 439
    [310] => 430
    [311] => 429
    [312] => 412
    [313] => 409
    [314] => 407
    [315] => 405
    [316] => 404
    [317] => 403
    [318] => 399
    [319] => 398
    [320] => 396
    [321] => 392
    [322] => 389
    [323] => 386
    [324] => 384
    [325] => 381
    [326] => 380
    [327] => 379
    [328] => 377
    [329] => 374
    [330] => 373
    [331] => 371
    [332] => 370
    [333] => 369
    [334] => 368
    [335] => 324
    [336] => 309
    [337] => 300
    [338] => 297
    [339] => 296
    [340] => 295
    [341] => 293
    [342] => 262
    [343] => 223
    [344] => 167
    [345] => 141
    [346] => 14
)

