2016-10-24 00:35:15
统计当天：2016-10-23
渠道个数（即dailyaccount的个数）：7087
渠道sql：
select * from yx_tg_source S left join yx_tg_game G on S.gameid = G.gameid where S.activeflag = 1 and G.activeflag = 1 and G.isonstack = 0  and S.createtime<='2016-10-23 23:59:59' order by S.id desc
活跃渠道个数：327
活跃渠道array：
Array
(
    [0] => tg_AXIXnbBwMpJMQDEe2VSEWJmTX2afnP
    [1] => tg_It3ZrGnxHnT527Li1JsFPEbAXHFsnx
    [2] => smsjOL-247-04
    [3] => tg_1wDDLzkjbW3Pb8jzRrA01incmPqYhQ
    [4] => tg_euSiCujjVYyRZq2bhlsayXa9gchpUb
    [5] => ijilz-249-03
    [6] => ly-266-03
    [7] => iszz-258-04
    [8] => tg_NCP73iALs0HQvWtKPZzGiEA3HSBsAa
    [9] => tg_5OSuPn9oHty6tDThXGVcWSFPKws79c
    [10] => tg_mGHUeBsI32LYmovto5wB74q45NSYQy
    [11] => dfi2-252-03
    [12] => tg_6MtTadvoEKKgoLj4mjkg9EXH9fHVbf
    [13] => tg_iNBVgkrz7R1IOCXEEJfkIlPzdSGnyI
    [14] => sdyxc3D-243-03
    [15] => tg_5OfKZXixp7CjR7XPU0W90lqqqTFk5J
    [16] => tg_Ol1QFxsnwmPTIifUX1pY0CFdr9g2cW
    [17] => tg_XqqefIBRLPljmy0fSj4gQUXeoc2JeF
    [18] => tg_O9cgE2tLlaIUujkhXbTlcktVd9yvRi
    [19] => tg_9DneKn1CDJFWOGcDYBJNlApta8VGdl
    [20] => tg_XsxYkTvYKaFEZLomJmAIGTxKh6t473
    [21] => tg_T0Ed5mmvuRdVzcxLWCLs9R6BGf0EaP
    [22] => NBAftx-225-02
    [23] => tg_ufRFfxkPlGw1FjOoJd5wyx3eEBErpA
    [24] => sszj-260-03
    [25] => tg_QZZFggp5dA4nZym1yeDjbwGvJrDxrz
    [26] => tg_au4IVxZIqUPkIsk9WHXh5V7naKiSIK
    [27] => tg_zjUY3zgmqTzHY6gaBbz0V5axvkeADq
    [28] => tg_u5jkBNVLd4lnnf9w8P6FZVnCleJITd
    [29] => tg_Ylsw4PyijBADuMjBqAvjXxmuH9Wj3F
    [30] => tg_quBxwsHLnDcetKwYUeL0ZwGVhOWJvs
    [31] => tg_rerMGmdYU9Jyeq8z0UUtJkITxPIPi2
    [32] => tg_YSA05Nah8JewKgqX9nr7Acwb2aBxyl
    [33] => tg_Spjn27BpHac5Q481Rr5zp1q1m3soZ2
    [34] => tg_isZoXNhPlO746tHMSp9H4QBHsPxXNI
    [35] => tg_MwmQeDM6z2hcH7FkvAQSikHdIAwg1t
    [36] => tg_jCHJyMptnrEeCRtLvWCna1UgFDOg12
    [37] => tg_Trn7YSQVVtNZzq3Fw768fo98JN0n65
    [38] => tg_fl4scLZ4FiUV9noT00XsT0B55NgKEK
    [39] => tg_NgwIwYVjAzXZn1QBJC68rQwtm8qAnv
    [40] => tg_W2yyQXCxIyTIwSbFXX4j5shu4N3mrk
    [41] => tg_foInmUBJTEST2FsjE393noaqCL4YDz
    [42] => tg_wdPlPXqIiLNs9uy7Ml0oOQKl3eamzQ
    [43] => tg_VZuGbtPK119VaeXIfeAFPpCwPVuF4q
    [44] => tg_Yu783LP9jjPQKkQ4gZ37LJqiGsa8F2
    [45] => tg_dcZ5QIL64ZnGI4GY1HWwh29nKXB9BK
    [46] => tg_mNXK59R18xrYtoBaxWNwkKYPBuKXQp
    [47] => tg_1nGplhQDLUI1MZSEUXMNUL84CHOPpX
    [48] => tg_3DSNWRoGvcnS1USj7RLdEQ1Anm4nds
    [49] => tg_JZ9J3vGNs6fiYDpid1fLVXAcdmnJGC
    [50] => tg_IHodxJNKrfS0xxajkR6tAtkpohQvUu
    [51] => tg_hfQFP1T5unIBwVwmYZ84lmbLUk6Hql
    [52] => wd-265-03
    [53] => tg_uM73vHb3tX7wOkVYYGRobZCg6rHCVT
    [54] => tg_PXQG1MoeGb9uQy94DtZg3mBtr0ErUI
    [55] => zyj-263-04
    [56] => tg_a5q2q9GN2xABq86jM9pwiS8iyBJVfW
    [57] => tg_Zs0k3Wft4sZSUPLhqKbS72Fumhrxnx
    [58] => tg_DSCeq49dAY1NXszMuPT6YSvlibLEV5
    [59] => tg_OelNZbsZicvSlFyKZY006o7gBOtSKO
    [60] => tg_lH8i7vtt5Vyi4nU4poSm8Iv68PqS5A
    [61] => tg_AhvgWr5nY3iUQ6aOmZ235ZRzNfupkg
    [62] => tg_LLCnuPvPz2vL5lkzkWTv86VAZqXiFt
    [63] => tg_GMTqei4u3HsEi273emHLsPpYI3B6DW
    [64] => tg_fRHfC9ChoSgRkVZyqNoSztyogaOH6r
    [65] => tg_2H4Lh6QFRbtPVS4psFYWJTTOhX6jay
    [66] => tg_vObIgv1zlmDUiUE6fEDb30NJGmPYX5
    [67] => tg_DGXFOgA1t8LziU1MKrLFmgGfISsy9M
    [68] => tg_QpotQhX4cUAgk5QTnv1U8hOVb812jN
    [69] => tg_Lyx50AlHYhUEsejnRNlXTJrfMFjfaU
    [70] => tg_u1US2O9i4Z0zNFhwCpRHFpjjJ2Ti4w
    [71] => tg_dDJLG6to6sFxyogiRQbTmRoGWdC2Dz
    [72] => tg_q4hI4MqWZwu7ac1kh5pn4KFdNgeV4y
    [73] => tg_v7Jb3BIDODCQ1VtgtfAmw7kXJEEPfK
    [74] => tg_USQULvLd7jEwvAnEXP6ogWMPmBcWXF
    [75] => tg_bpYONgUY2PG9nfV2RfA8d0znuHQGxE
    [76] => tg_ohkBpsfUYhZVj9odMIMj6RRXHQuf7y
    [77] => tg_Ri2NPtmmh1FsYTXg1bpBcSfD0VdpP7
    [78] => tg_radynjycJycQAFuAfK5GP6rDqGT6ed
    [79] => tg_QNIdVsHmq2UJ0KNrgyokjQkFMiWOhX
    [80] => tg_KPu4Nors1HZxKWZihYMPeXmb4uu43N
    [81] => tg_2WbWHagMS2SOb5xOSfVRLGlIn1S33u
    [82] => tg_Tz78wapH5HOWKkA6nychOiftbexKey
    [83] => tg_xyeEpNy38LrPrmO7kN8DtktaBlDieY
    [84] => tg_HYO6Ez840RMsSCXTHzzYc1kxu2aVGo
    [85] => tg_KSrTmGgyDYV81i5ltvne0CVaiHhXRQ
    [86] => tg_AdMndsyzT7HuzGNpX6xP7nNd2kL4of
    [87] => tg_jlkC6X8s1QpUpkaUOzJ2fGYI7vjo37
    [88] => tg_JYWGy6Lv2jwnMs8SqyRiEdd3aHRvvv
    [89] => tg_sCWQ5mO1iHJAOcEFrfABzVnYvuEaqq
    [90] => tg_a90RnFEOwkBcXh7tN9qQpXdm0EkE71
    [91] => dfi2-252-02
    [92] => tg_PmAyr0IlfYftITdz5mJ4tk275XA5LQ
    [93] => tg_PeTNy1Faj8mQIBuAgfbjX5jTJXLLXa
    [94] => tg_FBRU1OZlwtg4i3DyAwOepei5y13Hid
    [95] => tg_c0mUBBrcogdE5UvZCY2HnsSHyc6ePs
    [96] => 
    [97] => tg_trc6MHTiwtk1cnmxWGtNazS38Pt559
    [98] => tg_2i8s3OS0ZCcjztr3Km52a16vESsvis
    [99] => tg_7QcpM9nCqpQopSQYRJB5tiYQyFNcaS
    [100] => tg_iBQwLu3gRW3oY2acIF0T5eQc2uURTg
    [101] => dixl-277-03
    [102] => tg_ceyjwgtKjdoAWvo2vbmAPUZ25nKLFW
    [103] => tg_Ls0r0ObpFIFHHBSzcMSHVlPIgMA5tM
    [104] => tg_uYQsNlH1kqwKDEH4xABqHPfGQdgA9v
    [105] => tg_HAE4GeBnupqKgTMoKVfdqFSpbGZqdw
    [106] => iszz-258-11
    [107] => tg_jejMxEyTgyxOGvlI2GYJusOt3QDOGb
    [108] => tg_ODoUx9rQG9p7rnBZM2d19F8EQZ5utc
    [109] => lwzr-239-03
    [110] => tg_4zE122WihSnHVLpwtgEbGo8wEaokgZ
    [111] => gfx-227-02
    [112] => COK-223-01
    [113] => tg_mrIHzdJ5a7cXVH9W4aDyn8BcY3sEWL
    [114] => tg_9wMQEwx1XSgzc6p1L1icWOicF6gRTs
    [116] => tg_pbdbbYp6CP7zmUcKsYxbNotXs9ZNFJ
    [117] => tg_xNkFYCVe3999kOpWMmGd9nc4ADgor5
    [118] => tg_ExtRRmq70LZ5cPOsbOSWEzt7KRjR70
    [119] => tg_U7dQFVw0JZmpH11lmYHLR5qIsPJy3K
    [120] => tg_IG3MtJ7JOXqsan5jjyzdOs1dngskIJ
    [121] => tg_W2pysd1dY4bhFAxFDmSbPJAAXMZAJP
    [122] => tg_24W84oVmJL1xUtDIXrbJFauOXc1cEM
    [123] => tg_NFFTmgzmMokyIfz9evpCJQ4sNXUaWF
    [124] => tg_g3bZ5ra75R1nWzPNlKVchhK6YtC5az
    [125] => tg_iTu7R5kBoS3ZwvVAV0dsCpeGvSwNDW
    [126] => tg_V3ZMC6AaWAUIgoEVwUp5VmHPypL3p1
    [127] => tg_jozQbXSt0MsOdEGwpK3VTTyUp66Ce2
    [128] => tg_R64SDdeCJshvCUVl9kk1SAY2mVMv40
    [129] => tg_OD7FcltYU9ZyDt7rn6beaylFAAVT5D
    [130] => tg_iCdPvpx09yXS6AqVoH99GaBcG8K6Bx
    [131] => tg_rmk6gWq0INJZaYZ6tgqFPmq3z5eqNm
    [132] => tg_3CTLpCGgn8ajARBQHs9MB7UThbYKag
    [133] => tg_9exPJH0wBZ8HTOnBGIBAUy7Pd5KItg
    [134] => tg_KCPvr3MfOWw0L81NeB4EjEHBFus8My
    [136] => tg_Smn70lscVGvrtFWo533X0aQa9q1K94
    [137] => tg_73vYbmlRM41yZH97w9oOkVbk7xv7Ti
    [138] => tg_6xr1Gp0fBYKqDvLlPxczeDXEIcvRnZ
    [139] => tg_T6v69g4zq46qSPXV9VaiisiBWuHNIi
    [140] => tg_HlAnvCbNuM4o6gu4lj9ouY9mA4dxfQ
    [141] => tg_sIHR1cf2iGCmpCrjXxkBE85N6JMN1V
    [142] => tg_xBuL3S9TdcaQpVCpOs55vAmiUv8Ix9
    [143] => tg_tWxsqLc2DyZW0xhEjU2AGnkAg8rSzH
    [144] => tg_frELfamKwGe3Qzw0DjbcfssUuplfwd
    [145] => tg_eXfOrB7ZM7cDO2nqwzIwswNwbLhnlJ
    [146] => tg_SWqbqvLqDQyYjsG9jBBHZo8bF5l6yj
    [147] => tg_G9yTAxWgs6kbikFA8mybpflSOxGHtl
    [148] => tg_LZVNb8oMP1vPlllm0EKGZKP5Fr09kS
    [149] => tg_9MSv9Id4g4YQ5HqkZSRgzWSsm3hDiU
    [150] => tg_4gxvdgBfeXfU0Mkm1t3kqb6ftdzOMG
    [151] => tg_6P9GHHsBX11Ko06XkpeOE7mACSAew6
    [152] => tg_eNCWE4IqbTr4L3rXk6kxGeYdF0sdgw
    [153] => tg_R8HYrK50f168ti9sOsZtaiQD2co59J
    [154] => tg_spVeL0duhA4o33C3XVLMLcJeGzpLLx
    [156] => tg_vCsJpv46Zy29l982dIplz8UWDvylOA
    [157] => tg_N3n5bMNK8zcr4pfuMwWwZ8rQ1S89xz
    [158] => tg_Gl4B6QurIAtwce1L8X9Drz0yYnpQAo
    [159] => tg_GXKFwldOWDrQ9XB8plFtCj91dyXAIh
    [160] => tg_9ODQEQAEQC2jZ68fdtnxDefI1lJGh5
    [161] => tg_QDYvyxICPNYv0kg1BOP8QtEcfFUNGs
    [162] => sji2-257-03
    [163] => xyj-241-03
    [164] => tg_zsTLBrqM2up5HI321rdz7hvmbXHCXx
    [165] => tg_IB6hnKY9LuosneMkON6vp3eobulWK3
    [166] => dfbb-261-03
    [167] => tg_5tm9Wg2AXqKDoIwYbz1h5YBQ4FS8P3
    [168] => tg_x7V0CXex19izghRLpbsKQuQz4iWGFy
    [169] => tg_qsnV07CXxrunsXAD8uJpw8KAtjwRUH
    [170] => gfx-227-03
    [171] => cbws-283-02
    [172] => tg_HeObsj9BdHlkcHrYrsz6EL2fa2GJTi
    [173] => tg_4Zl6KMY5KHdYhVrnrJaLw47ibP8Ibs
    [174] => tg_WObUg0waseMQMRqjvOnCzrgFmhUPVo
    [175] => tg_NIGftm0hA1EjxWm9DKPuA69NSdLiBs
    [176] => xdzz-228-02
    [177] => tg_oYeamNiVoPhCQ43VMK6OhFySsqpVbh
    [178] => tg_ImW7KdcLDbkfZrE1j7R4jVhpShIV9N
    [179] => cbws-283-03
    [180] => tg_IkrlXzTXRIz8Ff1EmFcvknDMveHyZy
    [181] => tg_JE7555URTg8PnW3kg27YKTPGG7ZcbP
    [182] => tg_Ns2ruyRNGIFOc1V1cNXZTgYNXxKEzX
    [183] => tg_Q2b1rjqmySzYHTs1i9OWePb2NaBcGB
    [184] => tg_Gejy6CaJU0EYR82x85J7TjKGPjSSZY
    [185] => cfzjbsn-245-05
    [186] => tg_UIq5v3eBxoWaOieomZ3V2ey4GibbMZ
    [187] => tg_1jQe73rT4e8GVjRXeU65PvjFfgyCJ9
    [188] => tg_MdY8o3ka4HnFeP8j7JprigdSox5agX
    [189] => tg_9v3y1tH8IID2ObAOh7tIrIqGPUL5li
    [190] => tg_Qo1fvJS7zsXzyA2IXbpN0O63IkFczD
    [191] => tg_gROvgO1zaKN4u7rYKqqtV34oPECQ5H
    [192] => tg_tqrdOEQGez8JLhsu6eKlKfqBQ95Nv9
    [193] => tg_1UrNa6pMG9ilFEbZCPTKAY22s7V5Cz
    [194] => yxzxAPP-422-01
    [195] => wd-265-02
    [196] => tg_rZLzNO4FSdY9hoRYNqEFV16bvYXuBb
    [197] => zyj-263-03
    [198] => tg_BzSlq616dainWOMpgxtFCfaqMVWg3j
    [199] => tg_rRyHzAFMUdV7axvQjFOLFWcimW2ISs
    [200] => tg_vC2YDzjcVUC15FGQBPgLNxYeO7Z5SQ
    [201] => tg_v2aSduKnJJ5NKXAAkCTPEOYo7JnS94
    [202] => tg_WCkCTf0pTrn8wT5Vga2ak2u2b6U4jG
    [203] => tg_V4rCcoFzbBkK9PCpIYlOHxsf6WUDQr
    [204] => tg_zlmQ1MYrs3puVAfAUySNfxp8DprrcN
    [205] => tg_B2gRz6KoFotcJwvqLHiYqclhTRZjAI
    [206] => tg_DwNO8ixOfJ2rY1XNclifft83mhYTi4
    [207] => tg_mcEuJVtSvdAtVUENaRDVMBLSq8APnS
    [208] => tg_nNPe0vpMC4ZxmitWGiEHW0gWHDpRcF
    [209] => tg_Q0OXBqTKUT4gxwLdq8cEyinsbxvWsh
    [210] => tg_OfaE1oD9jOkeCrMxFmwZmT29Ew1L5z
    [211] => tg_R1RDVqNHRQXgl4KJSMyZU2Tno2K9bg
    [212] => tg_XFjHfg1mv3pPvJKCJ0JShkY18TdXxi
    [213] => tg_mFtD7NWQksoGcdkYjyTLyCGBW5LAiU
    [214] => tg_n7kYaKqcjBqgEHemPV870cpqG0QgFD
    [216] => dixy-232-02
    [217] => sbkcq-294-01
    [218] => tg_o028lSVS26po0ZFjgGHlegKtggqz9S
    [219] => tg_q5tpNQkvjppy8orNkmvHjKeZoFDicc
    [220] => tg_UDyMC93nwIALdlS1mugg7eTc5SGYIU
    [221] => byxxc-238-03
    [222] => tg_YdzBBvglsoXidJdKCmWrG85bql5kG4
    [224] => tg_DLgDR06dmMa0a6U2hBofa0ahtn29UH
    [225] => tg_MPv6wZlNPr7LOEpHwY19XtQ1kr7Fff
    [226] => tg_oGuXovKoRUbLPmHuvs3UuIE9aeMS2u
    [228] => jymf-237-03
    [229] => tg_3ljjNwItLS8dXWcAQk9dgMtgVhn6Zx
    [230] => tg_gxMXCdvJJOAMmzsoXJMMaU34TPUY3s
    [232] => tg_vfaj7fCIWHRW8AF6lOhWStml7M07BG
    [236] => xyj-241-04
    [237] => tg_gGqT8bYbaxpqLD1XpnsxYSJ3XLlWdc
    [238] => tg_D3OC96S53NgitjGQM8exL3wMjxkf4X
    [239] => tg_aFWrMTmCWEE0kaQmPHz5pWXf54vm83
    [240] => tg_E0E2nta7J3vcP1BXFdQhyTIYyLZcTh
    [241] => tg_9svDGMMYJz3JrJlA5yZkJ0dVtaUb4m
    [242] => tg_TFiu6KfYAaKKGcBXfRsXxwaULniObl
    [243] => tg_77gFvmZyqqb5ZTA3643TFpwCYz8Jas
    [244] => tg_6EsT5MZUsec2TxWvC3OJLCbsLUJqPT
    [245] => tg_NKOwsJ0b1FzamrotErpd6jgYsKAN2v
    [247] => tg_NoqH248k7exruZXQMVi100rIj0Ow78
    [248] => tg_3GSSy8PYKoFrup8G30jsux8ihQxkGc
    [249] => tg_mDkHHPzmPXS39YYhBz8uKjl3CzEfCG
    [250] => tg_1EINsQaerAIg5QtrK92gm7n6zSfR7D
    [251] => tg_CWHe7Hrfhl6JXuwTQhogiVXlCxO6f0
    [253] => tg_6vi6nfVunqSTdJKQ729D5wPqwD65uc
    [254] => tg_yguQaDrCX4sRHyusZCmoIu2wxKyPTv
    [255] => tg_e1XmOfhhxXMfenNMZuYv78znuFefbr
    [256] => tg_w68oXOlcBXT6GSmLsx64bgvFAo1M5u
    [257] => tg_lv369aN0qVNdyxeLNsOZUv42Khkq9c
    [258] => tg_ICEcjc9rCPIBR46UAcqeZksnO8Wi9M
    [259] => tg_G7iLAMkERZ5ZZ4eotZjjQMghR4aFpd
    [260] => tg_v7cDnrslnzqxIArJ4erBCApkpQRJeE
    [262] => tg_cC1AuzijXxk0DTe0f4TIeLb1sGp1Ut
    [263] => tg_caJsC7EfMOzEbr9mIg1Oi8xmFBpxw6
    [264] => tg_z037kSsOTpOe64cmjLjl1nUsQAoDwW
    [265] => tg_Uzk9TWGhQpn8JMmxrdOv3sknjw9Rpv
    [266] => tg_5QH6cQj37W9Aiel0tFJsWqgDtezJLR
    [267] => tg_Ok1V5icI9vmONx23EKbYHVP56i1pYd
    [268] => tg_hT9imoeBBJOa4aoOSH8s9D4nXulXQ3
    [269] => tg_3H9a1haRWXASZzcsseDOLdFDuXWGy9
    [270] => qqics-242-03
    [272] => tg_C279T8XrdTVBzfahN2pau9nO3JhRif
    [274] => tg_n3qXUbsViYy6M8zO55x3jxvAMHZa2W
    [275] => tg_rkdhUHC6qE4eW3gS1BZlZjxddi6ZJa
    [276] => iszz-258-10
    [277] => tg_73mHAOuM3KdQa6oKLLG6XZgNWYlZCU
    [278] => tg_FVED9w8UsxvyBAd0XI1SJDloFLdtQm
    [279] => tg_howgDJMf8H0nC23KdM8cLLhsk330Sj
    [280] => xyj-241-02
    [283] => tg_hgxfsHaP3Nl6ta14BIeWsy7lPXS8e2
    [284] => tg_vEZgCnp2a2oZM7hFQm8kAnWsY7F7Un
    [285] => tg_pdviUeEztqS8c3nE98GICfvvesETHJ
    [286] => tg_JXdNpFL3qYrFKCQydFp9kS0Es7uq9p
    [287] => tg_NO44EDPcEL3s66lwa9yRtCs9aY1gjc
    [288] => tg_JJZYD6SJy3SJ6c0AKRp1GmB5UqZ2jg
    [290] => tg_Zoks2ueLqNQh9bkP9F8nWgWxgVN4a3
    [291] => dixy-232-01
    [293] => tg_AsxPJXxY4WyybvnM7G2sf9DlUpfLcS
    [294] => tg_uKdkYuLOUZ6dYpKawiPxSlws5C3p2Q
    [295] => tg_URI8scPvK1DEfi44VUKTLVqP96eBcm
    [296] => iszz-258-02
    [297] => tg_cpZrEKR0IJ4S1rcmaswi8oADsic8pk
    [298] => tg_2ARVHpH2uWK1GKxxu0Zg0YChSYsj0O
    [299] => tg_prw2gIFGyrnJH79P6pDgYGJjanWPHY
    [301] => tg_vHJuYyncAfyWx0OBOTNBzBs4VDbYKa
    [303] => tg_Sewxs3XtPGOLYiORI5Pkg7odXeAKXN
    [304] => tg_YP3WF3TI3Mr7oCBqG4P1cEzXc7s0uA
    [305] => tg_xX5O7gsz5V7ioS8CXkxejkdaaSilqn
    [307] => tg_1t8ZHkzHsOjjfBQdO8Sp6xQb4Jqv5N
    [309] => tg_y0rw3xWTqO1J6EbXH2IEeZciWZj2V8
    [312] => tg_Wn11xsfYxoYQKmXznDz7ic5H2PaJth
    [313] => tg_iqfTzQ8SlRMYUsxMhhHnvScsJrc5by
    [314] => tg_luMOlzXMsvqQNqaAuBhkolxOxGtjmA
    [315] => tg_MgtczvSC2Y8RhwzpkFMfLrp6BnzFJA
    [317] => tg_ZZgcgW1UXMwmQ7XrtNJNYgILCHkhvx
    [319] => tg_xyZ3j9g1TEE5oRQ8jtjOvWp93RoO1U
    [320] => tg_a3MwwHqtFVIIu2wAcJtxFP9Qq6YXdU
    [322] => tg_KMpuyo1EOdaG6l4RIJxknESqe8i1do
    [323] => tg_lfUx09OXmzxWGLxjyNqiYhji1J6o3S
    [324] => tg_OU20Xikl0SbparapZGvkebqzKhWQRE
    [325] => tg_9L7imM0iNMHDvx030tEttb2gY6yAvf
    [329] => tg_Hllcezo5vcG6IuqIwwwGQ0oYw0mGPL
    [330] => tg_KGrCSe1a4ryaHXKDklFBnaD9pInRXq
    [331] => tg_kvTh1eV254JKcMoQPmaF50ZSF2YI8r
    [333] => iziy-262-03
    [334] => tg_FF4y91BVHs0XFBT5b8yguHQV2ml675
    [335] => tg_VY5fuFU8pF4jMVrZsTPAcRbAbM68ZA
    [337] => iszz-258-09
    [338] => iszz-258-03
    [339] => tg_JrFLtWsbbdLYlqboVhSzzxoHROQD4k
    [346] => fzj-291-01
    [348] => tg_sN4DNq0d4Vg5WHZg9OWPsd4bjkM0hL
    [349] => tg_uRPJgNFRkhP1SYEz7vGMLo5cLwr10j
    [350] => tg_oAoVUwkuOeyVVQ05jZL3XRH3CJPrbR
    [354] => tg_bemh9vIE1yhl2WLX8PC3K4kt6T56sl
    [355] => tg_sM3nfqDJy3Vy5aPurriOPCdX9iEJma
    [357] => tg_g7ZxSv4gz7VPwWmtBN4Rua0RkQd3SI
    [359] => tg_Ybl9xENxHsfVBPK7IBZikgc9icV0p0
    [360] => tg_pVLKwuqunHstVkThsuG9m9ZSFNKY4Z
    [361] => tg_lTm5KCarKN5sbIrdEvpfC30Lw2bfXX
    [364] => tg_hGFVwlehGMFc5AVTI0APT2AXvSQeGu
    [367] => tg_yxb251siBnIPfFxfGL0q0F510DqGvt
    [368] => tg_R5o8QShUV1GO4zyUU3UWozKOn12GdV
    [369] => tg_ztpR2HKML8hJFjprho1zfbkV0imFp4
    [370] => tg_2NsHXZzeADPI3sOdsGvb5UWmUgvIq3
    [371] => tg_xynK92e6Ss0NWnCvL8CCENHHEqAka4
    [374] => tg_zIE36IpaEbThVLZgMNej31QQ7USmDL
    [375] => xdzz-228-03
    [376] => tg_Uuu7DKIS1H6x1tYmIF3QwX7uhrg7pM
    [384] => tg_LPiY9ekEdtZqLLuukBC3fKOMYpbNWo
)

有效渠道个数：317
有效渠道array：
Array
(
    [0] => 7900
    [1] => 7898
    [2] => 7895
    [3] => 7676
    [4] => 7641
    [5] => 7635
    [6] => 7625
    [7] => 7616
    [8] => 7608
    [9] => 7593
    [10] => 7592
    [11] => 7224
    [12] => 7202
    [13] => 7029
    [14] => 7026
    [15] => 7025
    [16] => 7024
    [17] => 7018
    [18] => 7015
    [19] => 7003
    [20] => 6971
    [21] => 6887
    [22] => 6882
    [23] => 6881
    [24] => 6880
    [25] => 6879
    [26] => 6878
    [27] => 6877
    [28] => 6874
    [29] => 6871
    [30] => 6870
    [31] => 6868
    [32] => 6866
    [33] => 6864
    [34] => 6863
    [35] => 6862
    [36] => 6861
    [37] => 6860
    [38] => 6859
    [39] => 6856
    [40] => 6854
    [41] => 6851
    [42] => 6850
    [43] => 6849
    [44] => 6847
    [45] => 6846
    [46] => 6845
    [47] => 6841
    [48] => 6838
    [49] => 6468
    [50] => 6435
    [51] => 6434
    [52] => 6426
    [53] => 6424
    [54] => 6421
    [55] => 5750
    [56] => 5728
    [57] => 5727
    [58] => 5726
    [59] => 5717
    [60] => 5179
    [61] => 4637
    [62] => 4243
    [63] => 4097
    [64] => 3868
    [65] => 3413
    [66] => 2887
    [67] => 2879
    [68] => 2804
    [69] => 2547
    [70] => 2505
    [71] => 2446
    [72] => 2437
    [73] => 2407
    [74] => 2395
    [75] => 2394
    [76] => 2393
    [77] => 2391
    [78] => 2388
    [79] => 2386
    [80] => 2385
    [81] => 2377
    [82] => 2280
    [83] => 2274
    [84] => 2273
    [85] => 2270
    [86] => 2269
    [87] => 2268
    [88] => 2267
    [89] => 2266
    [90] => 2264
    [91] => 2263
    [92] => 2262
    [93] => 2260
    [94] => 2259
    [95] => 2258
    [96] => 2256
    [97] => 2255
    [98] => 2231
    [99] => 2223
    [100] => 2221
    [101] => 2218
    [102] => 2215
    [103] => 2210
    [104] => 2209
    [105] => 2099
    [106] => 2090
    [107] => 2073
    [108] => 2055
    [109] => 2045
    [110] => 1896
    [111] => 1884
    [112] => 1877
    [113] => 1875
    [114] => 1872
    [115] => 1870
    [116] => 1868
    [117] => 1867
    [118] => 1859
    [119] => 1857
    [120] => 1856
    [121] => 1854
    [122] => 1837
    [123] => 1825
    [124] => 1824
    [125] => 1823
    [126] => 1821
    [127] => 1814
    [128] => 1811
    [129] => 1809
    [130] => 1803
    [131] => 1801
    [132] => 1650
    [133] => 1647
    [134] => 1638
    [135] => 1637
    [136] => 1631
    [137] => 1630
    [138] => 1629
    [139] => 1621
    [140] => 1620
    [141] => 1618
    [142] => 1617
    [143] => 1604
    [144] => 1601
    [145] => 1597
    [146] => 1595
    [147] => 1557
    [148] => 1555
    [149] => 1553
    [150] => 1531
    [151] => 1526
    [152] => 1524
    [153] => 1519
    [154] => 1491
    [155] => 1488
    [156] => 1481
    [157] => 1480
    [158] => 1475
    [159] => 1473
    [160] => 1470
    [161] => 1464
    [162] => 1461
    [163] => 1459
    [164] => 1457
    [165] => 1452
    [166] => 1441
    [167] => 1438
    [168] => 1436
    [169] => 1428
    [170] => 1419
    [171] => 1417
    [172] => 1393
    [173] => 1392
    [174] => 1391
    [175] => 1380
    [176] => 1369
    [177] => 1346
    [178] => 1344
    [179] => 1343
    [180] => 1337
    [181] => 1335
    [182] => 1324
    [183] => 1306
    [184] => 1305
    [185] => 1304
    [186] => 1278
    [187] => 1139
    [188] => 1134
    [189] => 1123
    [190] => 1120
    [191] => 1115
    [192] => 1110
    [193] => 1101
    [194] => 1077
    [195] => 1056
    [196] => 1012
    [197] => 1009
    [198] => 999
    [199] => 998
    [200] => 995
    [201] => 992
    [202] => 971
    [203] => 946
    [204] => 944
    [205] => 935
    [206] => 915
    [207] => 913
    [208] => 910
    [209] => 881
    [210] => 876
    [211] => 873
    [212] => 872
    [213] => 871
    [214] => 867
    [215] => 866
    [216] => 860
    [217] => 857
    [218] => 855
    [219] => 851
    [220] => 850
    [221] => 843
    [222] => 836
    [223] => 835
    [224] => 825
    [225] => 823
    [226] => 805
    [227] => 800
    [228] => 799
    [229] => 798
    [230] => 785
    [231] => 775
    [232] => 758
    [233] => 753
    [234] => 751
    [235] => 728
    [236] => 727
    [237] => 724
    [238] => 717
    [239] => 697
    [240] => 696
    [241] => 695
    [242] => 694
    [243] => 689
    [244] => 686
    [245] => 685
    [246] => 683
    [247] => 680
    [248] => 677
    [249] => 658
    [250] => 657
    [251] => 656
    [252] => 654
    [253] => 616
    [254] => 593
    [255] => 589
    [256] => 588
    [257] => 581
    [258] => 579
    [259] => 572
    [260] => 563
    [261] => 562
    [262] => 536
    [263] => 535
    [264] => 533
    [265] => 528
    [266] => 527
    [267] => 526
    [268] => 478
    [269] => 477
    [270] => 476
    [271] => 464
    [272] => 462
    [273] => 460
    [274] => 456
    [275] => 453
    [276] => 443
    [277] => 441
    [278] => 439
    [279] => 429
    [280] => 416
    [281] => 412
    [282] => 409
    [283] => 407
    [284] => 405
    [285] => 404
    [286] => 403
    [287] => 399
    [288] => 398
    [289] => 396
    [290] => 392
    [291] => 389
    [292] => 386
    [293] => 384
    [294] => 381
    [295] => 380
    [296] => 379
    [297] => 377
    [298] => 373
    [299] => 371
    [300] => 370
    [301] => 369
    [302] => 368
    [303] => 324
    [304] => 309
    [305] => 300
    [306] => 297
    [307] => 296
    [308] => 295
    [309] => 293
    [310] => 262
    [311] => 259
    [312] => 223
    [313] => 172
    [314] => 167
    [315] => 141
    [316] => 14
)

