2016-10-30 00:34:31
统计当天：2016-10-29
渠道个数（即dailyaccount的个数）：7239
渠道sql：
select * from yx_tg_source S left join yx_tg_game G on S.gameid = G.gameid where S.activeflag = 1 and G.activeflag = 1 and G.isonstack = 0  and S.createtime<='2016-10-29 23:59:59' order by S.id desc
活跃渠道个数：356
活跃渠道array：
Array
(
    [0] => tg_dE40iVMPYicK6apZag3A7mu7y50uQ9
    [1] => tg_1jQe73rT4e8GVjRXeU65PvjFfgyCJ9
    [2] => tg_mGHUeBsI32LYmovto5wB74q45NSYQy
    [3] => tg_3GSSy8PYKoFrup8G30jsux8ihQxkGc
    [4] => tg_hfQFP1T5unIBwVwmYZ84lmbLUk6Hql
    [5] => tg_T0Ed5mmvuRdVzcxLWCLs9R6BGf0EaP
    [6] => tg_HeObsj9BdHlkcHrYrsz6EL2fa2GJTi
    [7] => tg_wIXN1rzotxhcO2fHCh8v4WaFOhvM3i
    [8] => NBAftx-225-02
    [9] => tg_c9HTP8FS1ZqrHK9fKvx39Km8ZBgAXJ
    [10] => tg_NO44EDPcEL3s66lwa9yRtCs9aY1gjc
    [11] => tg_ldlS3tWKN8VmhxHWs7NPgQTPUOg9cJ
    [12] => wd-265-03
    [13] => tg_V3ZMC6AaWAUIgoEVwUp5VmHPypL3p1
    [14] => tg_Nc0co5JrNt7sFmz1Fm7rObHZUP70Qk
    [15] => tg_g7ZxSv4gz7VPwWmtBN4Rua0RkQd3SI
    [16] => tg_Ol1QFxsnwmPTIifUX1pY0CFdr9g2cW
    [17] => tg_lH8i7vtt5Vyi4nU4poSm8Iv68PqS5A
    [18] => tg_zjUY3zgmqTzHY6gaBbz0V5axvkeADq
    [19] => tg_AsxPJXxY4WyybvnM7G2sf9DlUpfLcS
    [20] => tg_YP3WF3TI3Mr7oCBqG4P1cEzXc7s0uA
    [21] => tg_isZoXNhPlO746tHMSp9H4QBHsPxXNI
    [22] => tg_zIE36IpaEbThVLZgMNej31QQ7USmDL
    [23] => tg_2NsHXZzeADPI3sOdsGvb5UWmUgvIq3
    [24] => tg_5OfKZXixp7CjR7XPU0W90lqqqTFk5J
    [25] => tg_DSCeq49dAY1NXszMuPT6YSvlibLEV5
    [26] => iziy-262-03
    [27] => tg_XsxYkTvYKaFEZLomJmAIGTxKh6t473
    [28] => tg_2L5gIJFRap9veDIubNLnUHhfsOYM3j
    [29] => tg_y0rw3xWTqO1J6EbXH2IEeZciWZj2V8
    [30] => tg_R64SDdeCJshvCUVl9kk1SAY2mVMv40
    [31] => tg_uM73vHb3tX7wOkVYYGRobZCg6rHCVT
    [32] => tg_xNkFYCVe3999kOpWMmGd9nc4ADgor5
    [33] => tg_0iRQ3TG1o1aOD0Ok82kgGDYXLzULCh
    [34] => tg_quBxwsHLnDcetKwYUeL0ZwGVhOWJvs
    [35] => tg_It3ZrGnxHnT527Li1JsFPEbAXHFsnx
    [36] => tg_wdPlPXqIiLNs9uy7Ml0oOQKl3eamzQ
    [37] => tg_sM3nfqDJy3Vy5aPurriOPCdX9iEJma
    [38] => tg_YSA05Nah8JewKgqX9nr7Acwb2aBxyl
    [39] => tg_o028lSVS26po0ZFjgGHlegKtggqz9S
    [40] => tg_prw2gIFGyrnJH79P6pDgYGJjanWPHY
    [41] => tg_Zs0k3Wft4sZSUPLhqKbS72Fumhrxnx
    [42] => tg_1nGplhQDLUI1MZSEUXMNUL84CHOPpX
    [43] => tg_fOWWgpxgog85mLXkPhWxAWHdhX1ZU7
    [44] => fzj-291-01
    [45] => tg_MwmQeDM6z2hcH7FkvAQSikHdIAwg1t
    [46] => tg_Trn7YSQVVtNZzq3Fw768fo98JN0n65
    [47] => tg_dcZ5QIL64ZnGI4GY1HWwh29nKXB9BK
    [48] => tg_mNXK59R18xrYtoBaxWNwkKYPBuKXQp
    [49] => ijilz-249-03
    [50] => tg_6MtTadvoEKKgoLj4mjkg9EXH9fHVbf
    [51] => tg_NgwIwYVjAzXZn1QBJC68rQwtm8qAnv
    [52] => tg_FVED9w8UsxvyBAd0XI1SJDloFLdtQm
    [53] => tg_JJZYD6SJy3SJ6c0AKRp1GmB5UqZ2jg
    [54] => tg_fl4scLZ4FiUV9noT00XsT0B55NgKEK
    [55] => tg_gWduPMd7D6sz2PYRMsO6iHgBSqP7G8
    [56] => tg_iNBVgkrz7R1IOCXEEJfkIlPzdSGnyI
    [57] => tg_MgtczvSC2Y8RhwzpkFMfLrp6BnzFJA
    [58] => tg_VZuGbtPK119VaeXIfeAFPpCwPVuF4q
    [59] => tg_IHodxJNKrfS0xxajkR6tAtkpohQvUu
    [60] => tg_au4IVxZIqUPkIsk9WHXh5V7naKiSIK
    [61] => tg_a5q2q9GN2xABq86jM9pwiS8iyBJVfW
    [62] => tg_Ns2ruyRNGIFOc1V1cNXZTgYNXxKEzX
    [63] => tg_OelNZbsZicvSlFyKZY006o7gBOtSKO
    [64] => tg_jCHJyMptnrEeCRtLvWCna1UgFDOg12
    [65] => tg_PXQG1MoeGb9uQy94DtZg3mBtr0ErUI
    [66] => tg_5OSuPn9oHty6tDThXGVcWSFPKws79c
    [67] => tg_JZ9J3vGNs6fiYDpid1fLVXAcdmnJGC
    [68] => tg_zLFsg3Fa86nvLPLJJJDDqD5CCTfdGQ
    [69] => tg_hQCfxRAltho6mu57AFzdD1m4djON6a
    [70] => tg_kCjLMx87ZHorUGJ6FLBwYFSgXvh120
    [71] => tg_DVjFB30FnJLCYF24CvQJO75G3J64uW
    [72] => tg_OD7FcltYU9ZyDt7rn6beaylFAAVT5D
    [73] => tg_Smn70lscVGvrtFWo533X0aQa9q1K94
    [74] => tg_fXLW5pJXn73n9T7QXo1t7D6K6m4u49
    [75] => tg_oRr8aA1QCzsoU5qSPqYmMCuQ9sNmcg
    [76] => tg_9qi3bVuFrRYnjckoJq4Dtos0NVwJYt
    [77] => cfzjbsn-245-05
    [78] => tg_5sYSllKI9CiU8DaoeqPrb4Tj63DcJx
    [79] => tg_Tz78wapH5HOWKkA6nychOiftbexKey
    [80] => tg_fGavmBEmEeJaNl84wbOJXtzYoz3ImT
    [81] => tg_8UPOkN7FXPuz1yzs1OrhlnVsorn1uy
    [82] => yxzxAPP-422-01
    [83] => tg_UJipV7pXJ9Ui9rY70iZpjBHGl1EDWh
    [84] => tg_f3YrVumb581hd00FTHPSiI7Ynyax0m
    [85] => tg_Qo1fvJS7zsXzyA2IXbpN0O63IkFczD
    [86] => tg_Uzk9TWGhQpn8JMmxrdOv3sknjw9Rpv
    [87] => tg_KPu4Nors1HZxKWZihYMPeXmb4uu43N
    [88] => tg_rxk5PfhQq0bSCryZmN7GIozF5JXeYS
    [89] => tg_dDJLG6to6sFxyogiRQbTmRoGWdC2Dz
    [90] => tg_oYeamNiVoPhCQ43VMK6OhFySsqpVbh
    [91] => tg_QOaluxlrDrdfHirks7boYovXT5VzvN
    [92] => tg_NoqH248k7exruZXQMVi100rIj0Ow78
    [93] => tg_3ljjNwItLS8dXWcAQk9dgMtgVhn6Zx
    [94] => tg_UIq5v3eBxoWaOieomZ3V2ey4GibbMZ
    [95] => tg_OeYX0Jlcm7yW8Puz0DCfIXbRGLg6SP
    [96] => tg_HrQI25ZA7moQZ990COLvEQ1ERJhTzR
    [97] => tg_M4kYBp8xTf2UXlSRjI2eLwd6e0u0RO
    [98] => tg_gmGBJLUxtvjdnPhUorFlyCvvcGcimv
    [99] => tg_gy9qyNC7VuqyVmyLgXC5CullXPIf65
    [100] => tg_cGehYMMdWFVdlLJ4lQJpZAPNfqNdH8
    [101] => tg_aZSTVz4tH7pnhGsMqOJ9v01XxGkqJY
    [102] => tg_7QcpM9nCqpQopSQYRJB5tiYQyFNcaS
    [103] => tg_QDYvyxICPNYv0kg1BOP8QtEcfFUNGs
    [104] => tg_X9FfgTUedruUSLOuWANgAoPgSE0s2Q
    [105] => tg_2i8s3OS0ZCcjztr3Km52a16vESsvis
    [106] => tg_4hveOZ2EMZz0zH0ykRr1CimMmYjVF3
    [107] => tg_dAoS95IeOPrEdZPFtjKeLSeUbfJn7f
    [108] => gfx-227-02
    [109] => tg_pl3Dd5pP7b8LBHzHtzuXqiJyKva2if
    [110] => xyj-241-12
    [112] => tg_65d7Umo1mRGTuGyBBv8r8fwlmHxuTY
    [113] => tg_PwJM16uX9eSU8BhZvQe6RiV6n5Shs4
    [114] => tg_ZVxMldoPK0odMWviz3egNX7hvRCHKQ
    [115] => tg_qqQUdggyHH4Yq4RVnYKoxngb2JamOg
    [116] => tg_04cYBZjPzKacEkfXgbY7mg5h5j3Qn9
    [117] => tg_ODoUx9rQG9p7rnBZM2d19F8EQZ5utc
    [118] => tg_VTIb5DaGCBJKGzmOMCno3o3PZif4jo
    [119] => tg_luMOlzXMsvqQNqaAuBhkolxOxGtjmA
    [120] => tg_nIqDlZQ0dQMiGOudQVBgJ8vMzvy4ST
    [121] => qqics-242-02
    [122] => tg_USQULvLd7jEwvAnEXP6ogWMPmBcWXF
    [123] => tg_G9yTAxWgs6kbikFA8mybpflSOxGHtl
    [124] => tg_Fh6oxsfhBmXgg1iaAFWuTIsAdii7x7
    [126] => tg_foInmUBJTEST2FsjE393noaqCL4YDz
    [127] => tg_s5eM8IRXSE8Vp7FYNsFCvzEztLAiwD
    [128] => tg_ExtRRmq70LZ5cPOsbOSWEzt7KRjR70
    [129] => tg_hT9imoeBBJOa4aoOSH8s9D4nXulXQ3
    [130] => wd-265-01
    [131] => tg_jozQbXSt0MsOdEGwpK3VTTyUp66Ce2
    [132] => iszz-258-11
    [133] => tg_2WbWHagMS2SOb5xOSfVRLGlIn1S33u
    [134] => tg_ovYJpa0VxDSjfx9vB6F4bOOdyJRpkM
    [135] => tg_IG3MtJ7JOXqsan5jjyzdOs1dngskIJ
    [136] => tg_uYQsNlH1kqwKDEH4xABqHPfGQdgA9v
    [137] => dixl-277-03
    [138] => tg_Ri2NPtmmh1FsYTXg1bpBcSfD0VdpP7
    [139] => tg_3CTLpCGgn8ajARBQHs9MB7UThbYKag
    [140] => tg_AhvgWr5nY3iUQ6aOmZ235ZRzNfupkg
    [141] => wmsj3D-256-03
    [142] => tg_mrIHzdJ5a7cXVH9W4aDyn8BcY3sEWL
    [143] => tg_ZFKqnwhylnrusVCHzMKMfQ1CrM4PKI
    [144] => tg_XA1snjA4pRFYFA5VydpbMXyEIvVJuR
    [145] => tg_9ODQEQAEQC2jZ68fdtnxDefI1lJGh5
    [146] => tg_frELfamKwGe3Qzw0DjbcfssUuplfwd
    [147] => tg_DLgDR06dmMa0a6U2hBofa0ahtn29UH
    [149] => tg_VY5fuFU8pF4jMVrZsTPAcRbAbM68ZA
    [150] => tg_DXLdwJFBbmEClkeZrrzUr7M0x5UknP
    [151] => tg_MPv6wZlNPr7LOEpHwY19XtQ1kr7Fff
    [152] => tg_bJwb42D2NyPwgID5KQngbREXKIVqTS
    [153] => tg_vHJuYyncAfyWx0OBOTNBzBs4VDbYKa
    [154] => tg_xBuL3S9TdcaQpVCpOs55vAmiUv8Ix9
    [155] => tg_4zE122WihSnHVLpwtgEbGo8wEaokgZ
    [156] => tg_9v3y1tH8IID2ObAOh7tIrIqGPUL5li
    [157] => tg_iCdPvpx09yXS6AqVoH99GaBcG8K6Bx
    [158] => tg_KSrTmGgyDYV81i5ltvne0CVaiHhXRQ
    [159] => tg_zlmQ1MYrs3puVAfAUySNfxp8DprrcN
    [160] => tg_2IxdlbSwcuNEvSDGBrrX9CN0ZymPS9
    [161] => tg_NIGftm0hA1EjxWm9DKPuA69NSdLiBs
    [162] => tg_9exPJH0wBZ8HTOnBGIBAUy7Pd5KItg
    [163] => tg_6vi6nfVunqSTdJKQ729D5wPqwD65uc
    [164] => tg_Q2b1rjqmySzYHTs1i9OWePb2NaBcGB
    [166] => tg_JYWGy6Lv2jwnMs8SqyRiEdd3aHRvvv
    [167] => tg_NFFTmgzmMokyIfz9evpCJQ4sNXUaWF
    [168] => tg_ImW7KdcLDbkfZrE1j7R4jVhpShIV9N
    [169] => tg_3L5ZJi8hSbYwnJQzhsMU5VHW0XgxLp
    [170] => tg_oVuXEouaDagQKrGaZi23ZZhUpapd4J
    [171] => tg_v7cDnrslnzqxIArJ4erBCApkpQRJeE
    [173] => tg_9MSv9Id4g4YQ5HqkZSRgzWSsm3hDiU
    [174] => tg_gROvgO1zaKN4u7rYKqqtV34oPECQ5H
    [175] => lwzr-239-03
    [176] => tg_9svDGMMYJz3JrJlA5yZkJ0dVtaUb4m
    [177] => xyj-241-02
    [178] => tg_W2pysd1dY4bhFAxFDmSbPJAAXMZAJP
    [179] => tg_n3qXUbsViYy6M8zO55x3jxvAMHZa2W
    [180] => tg_lTm5KCarKN5sbIrdEvpfC30Lw2bfXX
    [181] => tg_nNPe0vpMC4ZxmitWGiEHW0gWHDpRcF
    [182] => tg_FF4y91BVHs0XFBT5b8yguHQV2ml675
    [183] => tg_Q0OXBqTKUT4gxwLdq8cEyinsbxvWsh
    [184] => tg_D3OC96S53NgitjGQM8exL3wMjxkf4X
    [185] => tg_zHs8HJGyn0Rv5Gi1WOdDkiISnK0H7s
    [186] => tg_ICEcjc9rCPIBR46UAcqeZksnO8Wi9M
    [187] => cbws-283-02
    [188] => tg_4gxvdgBfeXfU0Mkm1t3kqb6ftdzOMG
    [190] => tg_BX7jbPiBrO3Lbj4y7kRa9Zw7d5W5pt
    [191] => tg_AXIXnbBwMpJMQDEe2VSEWJmTX2afnP
    [192] => xdzz-228-02
    [193] => tg_aFWrMTmCWEE0kaQmPHz5pWXf54vm83
    [194] => tg_jejMxEyTgyxOGvlI2GYJusOt3QDOGb
    [195] => tg_1EINsQaerAIg5QtrK92gm7n6zSfR7D
    [196] => tg_XFjHfg1mv3pPvJKCJ0JShkY18TdXxi
    [197] => tg_zsTLBrqM2up5HI321rdz7hvmbXHCXx
    [198] => tg_NCP73iALs0HQvWtKPZzGiEA3HSBsAa
    [199] => tg_4Zl6KMY5KHdYhVrnrJaLw47ibP8Ibs
    [200] => sszj-260-03
    [201] => tg_GXKFwldOWDrQ9XB8plFtCj91dyXAIh
    [202] => tg_5tm9Wg2AXqKDoIwYbz1h5YBQ4FS8P3
    [203] => tg_ehdVeO32w7AyPfY0ZBqkpWIr1SvDrn
    [204] => tg_hgxfsHaP3Nl6ta14BIeWsy7lPXS8e2
    [205] => tg_cpZrEKR0IJ4S1rcmaswi8oADsic8pk
    [206] => tg_tqrdOEQGez8JLhsu6eKlKfqBQ95Nv9
    [207] => tg_HAE4GeBnupqKgTMoKVfdqFSpbGZqdw
    [208] => tg_WObUg0waseMQMRqjvOnCzrgFmhUPVo
    [209] => tg_c0mUBBrcogdE5UvZCY2HnsSHyc6ePs
    [210] => tg_Gejy6CaJU0EYR82x85J7TjKGPjSSZY
    [211] => gfx-227-03
    [212] => cbws-283-03
    [213] => tg_pdviUeEztqS8c3nE98GICfvvesETHJ
    [214] => tg_WCkCTf0pTrn8wT5Vga2ak2u2b6U4jG
    [215] => tg_N3n5bMNK8zcr4pfuMwWwZ8rQ1S89xz
    [216] => tg_qsnV07CXxrunsXAD8uJpw8KAtjwRUH
    [218] => tg_LCotWHE87K9tcviIxWypM4n4xwlNbY
    [219] => tg_uRPJgNFRkhP1SYEz7vGMLo5cLwr10j
    [220] => tg_127j5YH7792BhdfqL1ReAO3NfR4xz0
    [221] => tg_xvCgNlPr9K7D216WoVlBjkIHzwcQuK
    [222] => tg_CiBhEkklsCLVA2UpTTjD0UaX2nUWu1
    [223] => tg_BzSlq616dainWOMpgxtFCfaqMVWg3j
    [225] => tg_spVeL0duhA4o33C3XVLMLcJeGzpLLx
    [226] => tg_mFtD7NWQksoGcdkYjyTLyCGBW5LAiU
    [227] => dixy-232-02
    [228] => tg_SWqbqvLqDQyYjsG9jBBHZo8bF5l6yj
    [229] => tg_HlAnvCbNuM4o6gu4lj9ouY9mA4dxfQ
    [230] => tg_DwNO8ixOfJ2rY1XNclifft83mhYTi4
    [231] => tg_caJsC7EfMOzEbr9mIg1Oi8xmFBpxw6
    [232] => tg_B2gRz6KoFotcJwvqLHiYqclhTRZjAI
    [233] => tg_ZZgcgW1UXMwmQ7XrtNJNYgILCHkhvx
    [234] => tg_yK2acJ5DCAQc2K6Exev9afKT881GYm
    [235] => dfi2-252-02
    [236] => tg_E0E2nta7J3vcP1BXFdQhyTIYyLZcTh
    [238] => tg_PeTNy1Faj8mQIBuAgfbjX5jTJXLLXa
    [239] => tg_lv369aN0qVNdyxeLNsOZUv42Khkq9c
    [240] => tg_G7iLAMkERZ5ZZ4eotZjjQMghR4aFpd
    [241] => tg_ceyjwgtKjdoAWvo2vbmAPUZ25nKLFW
    [243] => smsjOL-247-04
    [244] => tg_UDyMC93nwIALdlS1mugg7eTc5SGYIU
    [245] => tg_e1XmOfhhxXMfenNMZuYv78znuFefbr
    [247] => tg_vQk4YxqC6WppWmaHRPd2w4A2NFvcLe
    [248] => tg_R1RDVqNHRQXgl4KJSMyZU2Tno2K9bg
    [249] => tg_WRU8IAXHrIW6WyDc4NnGL3Aj7EGa81
    [250] => tg_QxsgURZNyFPeUV9cl3r4z4BCKp52pG
    [252] => tg_73mHAOuM3KdQa6oKLLG6XZgNWYlZCU
    [253] => tg_BoOVFdQ5PzJUpAq8lROJsTo2M3hVFU
    [254] => tg_vC2YDzjcVUC15FGQBPgLNxYeO7Z5SQ
    [255] => sji2-257-03
    [256] => tg_Gl4B6QurIAtwce1L8X9Drz0yYnpQAo
    [257] => tg_9wMQEwx1XSgzc6p1L1icWOicF6gRTs
    [258] => tg_QNIdVsHmq2UJ0KNrgyokjQkFMiWOhX
    [259] => tg_q5tpNQkvjppy8orNkmvHjKeZoFDicc
    [260] => tg_C279T8XrdTVBzfahN2pau9nO3JhRif
    [261] => xyj-241-03
    [262] => tg_XqqefIBRLPljmy0fSj4gQUXeoc2JeF
    [263] => tg_9L7imM0iNMHDvx030tEttb2gY6yAvf
    [264] => tg_gGqT8bYbaxpqLD1XpnsxYSJ3XLlWdc
    [265] => dcfy-250-04
    [266] => tg_vEZgCnp2a2oZM7hFQm8kAnWsY7F7Un
    [267] => jymf-237-03
    [269] => tg_sCWQ5mO1iHJAOcEFrfABzVnYvuEaqq
    [270] => tg_9DneKn1CDJFWOGcDYBJNlApta8VGdl
    [271] => tg_Wzr2IL6gTf4wvBKCRmPUV1h0KHaqa1
    [272] => tg_2ARVHpH2uWK1GKxxu0Zg0YChSYsj0O
    [273] => tg_tWxsqLc2DyZW0xhEjU2AGnkAg8rSzH
    [275] => tg_iBQwLu3gRW3oY2acIF0T5eQc2uURTg
    [277] => tg_ohkBpsfUYhZVj9odMIMj6RRXHQuf7y
    [279] => tg_z037kSsOTpOe64cmjLjl1nUsQAoDwW
    [280] => tg_xX5O7gsz5V7ioS8CXkxejkdaaSilqn
    [281] => tg_5F72RIe0igT2d2LdZdPvLwMhxxM3DE
    [282] => tg_yxb251siBnIPfFxfGL0q0F510DqGvt
    [283] => tg_eHZFYqOW37zZly6Ci485hAPKblznlk
    [287] => tg_v2aSduKnJJ5NKXAAkCTPEOYo7JnS94
    [288] => sbkcq-294-01
    [289] => tg_eXfOrB7ZM7cDO2nqwzIwswNwbLhnlJ
    [291] => tg_fSAlRxHa2UDWbbx3Gn7nvypxDWqvkd
    [293] => tg_LLCnuPvPz2vL5lkzkWTv86VAZqXiFt
    [294] => tg_ukKVlFDkkWIyijtZbh7wQ9szez1vK1
    [295] => xyj-241-04
    [296] => tg_YdzBBvglsoXidJdKCmWrG85bql5kG4
    [297] => tg_yguQaDrCX4sRHyusZCmoIu2wxKyPTv
    [298] => tg_oAoVUwkuOeyVVQ05jZL3XRH3CJPrbR
    [299] => tg_1UrNa6pMG9ilFEbZCPTKAY22s7V5Cz
    [301] => tg_Wn11xsfYxoYQKmXznDz7ic5H2PaJth
    [302] => tg_mcEuJVtSvdAtVUENaRDVMBLSq8APnS
    [303] => tg_W2yyQXCxIyTIwSbFXX4j5shu4N3mrk
    [304] => dfbb-261-03
    [306] => tg_V4rCcoFzbBkK9PCpIYlOHxsf6WUDQr
    [307] => tg_77gFvmZyqqb5ZTA3643TFpwCYz8Jas
    [308] => tg_lfUx09OXmzxWGLxjyNqiYhji1J6o3S
    [310] => null
    [311] => 
    [312] => xjqxc3D-443-01
    [313] => tg_rRyHzAFMUdV7axvQjFOLFWcimW2ISs
    [314] => tg_1t8ZHkzHsOjjfBQdO8Sp6xQb4Jqv5N
    [315] => tg_xyZ3j9g1TEE5oRQ8jtjOvWp93RoO1U
    [318] => tg_5QH6cQj37W9Aiel0tFJsWqgDtezJLR
    [319] => tg_pbdbbYp6CP7zmUcKsYxbNotXs9ZNFJ
    [322] => tg_QZZFggp5dA4nZym1yeDjbwGvJrDxrz
    [323] => tg_mDkHHPzmPXS39YYhBz8uKjl3CzEfCG
    [324] => tg_x7V0CXex19izghRLpbsKQuQz4iWGFy
    [326] => iszz-258-04
    [328] => dfi2-252-03
    [329] => tg_ztpR2HKML8hJFjprho1zfbkV0imFp4
    [330] => tg_NKOwsJ0b1FzamrotErpd6jgYsKAN2v
    [331] => tg_Sewxs3XtPGOLYiORI5Pkg7odXeAKXN
    [332] => tg_LPiY9ekEdtZqLLuukBC3fKOMYpbNWo
    [334] => tg_euSiCujjVYyRZq2bhlsayXa9gchpUb
    [335] => tg_R5o8QShUV1GO4zyUU3UWozKOn12GdV
    [336] => tg_OU20Xikl0SbparapZGvkebqzKhWQRE
    [337] => tg_sN4DNq0d4Vg5WHZg9OWPsd4bjkM0hL
    [338] => tg_Hllcezo5vcG6IuqIwwwGQ0oYw0mGPL
    [339] => tg_a90RnFEOwkBcXh7tN9qQpXdm0EkE71
    [341] => tg_1wDDLzkjbW3Pb8jzRrA01incmPqYhQ
    [342] => tg_uKdkYuLOUZ6dYpKawiPxSlws5C3p2Q
    [344] => tg_iTu7R5kBoS3ZwvVAV0dsCpeGvSwNDW
    [345] => tg_KMpuyo1EOdaG6l4RIJxknESqe8i1do
    [346] => iszz-258-03
    [347] => iszz-258-10
    [348] => tg_gxMXCdvJJOAMmzsoXJMMaU34TPUY3s
    [349] => tg_Ylsw4PyijBADuMjBqAvjXxmuH9Wj3F
    [350] => tg_Uuu7DKIS1H6x1tYmIF3QwX7uhrg7pM
    [351] => tg_a3MwwHqtFVIIu2wAcJtxFP9Qq6YXdU
    [352] => tg_vfaj7fCIWHRW8AF6lOhWStml7M07BG
    [354] => tg_kvTh1eV254JKcMoQPmaF50ZSF2YI8r
    [355] => tg_O9cgE2tLlaIUujkhXbTlcktVd9yvRi
    [356] => tg_Yu783LP9jjPQKkQ4gZ37LJqiGsa8F2
    [358] => zyj-263-03
    [362] => tg_3DSNWRoGvcnS1USj7RLdEQ1Anm4nds
    [363] => tg_NvMFF8a67IADmj73kvjokNrEYV5Evz
    [364] => tg_rkdhUHC6qE4eW3gS1BZlZjxddi6ZJa
    [365] => iszz-258-02
    [368] => wd-265-02
    [371] => tg_JXdNpFL3qYrFKCQydFp9kS0Es7uq9p
    [373] => tg_3H9a1haRWXASZzcsseDOLdFDuXWGy9
    [377] => tg_0Nbqgie2P1B0rStUJTCCnOwL2cQhFN
    [382] => tg_Zoks2ueLqNQh9bkP9F8nWgWxgVN4a3
    [384] => tg_WxyICK73BRFOH62RcXpAgw7TCRgkLE
    [386] => tg_Spjn27BpHac5Q481Rr5zp1q1m3soZ2
    [388] => qqics-242-03
    [389] => ly-266-03
    [390] => sdyxc3D-243-03
    [392] => tg_JrFLtWsbbdLYlqboVhSzzxoHROQD4k
    [393] => tg_pVLKwuqunHstVkThsuG9m9ZSFNKY4Z
    [394] => tg_Ok1V5icI9vmONx23EKbYHVP56i1pYd
    [396] => tg_MdY8o3ka4HnFeP8j7JprigdSox5agX
    [397] => tg_howgDJMf8H0nC23KdM8cLLhsk330Sj
    [399] => tg_R8HYrK50f168ti9sOsZtaiQD2co59J
    [400] => dixy-232-01
    [401] => tg_Lyx50AlHYhUEsejnRNlXTJrfMFjfaU
    [403] => tg_bemh9vIE1yhl2WLX8PC3K4kt6T56sl
    [404] => iszz-258-09
    [406] => tg_iqfTzQ8SlRMYUsxMhhHnvScsJrc5by
    [411] => tg_u5jkBNVLd4lnnf9w8P6FZVnCleJITd
    [413] => tg_Ybl9xENxHsfVBPK7IBZikgc9icV0p0
    [415] => tg_rerMGmdYU9Jyeq8z0UUtJkITxPIPi2
    [416] => xdzz-228-03
    [421] => tg_xynK92e6Ss0NWnCvL8CCENHHEqAka4
    [539] => yxzxAPP-422-02
    [566] => yxzxAPP-422-03
)

有效渠道个数：343
有效渠道array：
Array
(
    [0] => 8042
    [1] => 8041
    [2] => 8034
    [3] => 8018
    [4] => 8017
    [5] => 7935
    [6] => 7929
    [7] => 7927
    [8] => 7926
    [9] => 7925
    [10] => 7914
    [11] => 7910
    [12] => 7908
    [13] => 7905
    [14] => 7900
    [15] => 7898
    [16] => 7895
    [17] => 7892
    [18] => 7891
    [19] => 7786
    [20] => 7742
    [21] => 7735
    [22] => 7707
    [23] => 7700
    [24] => 7676
    [25] => 7673
    [26] => 7668
    [27] => 7643
    [28] => 7635
    [29] => 7634
    [30] => 7632
    [31] => 7625
    [32] => 7622
    [33] => 7616
    [34] => 7608
    [35] => 7593
    [36] => 7592
    [37] => 7403
    [38] => 7029
    [39] => 7025
    [40] => 7024
    [41] => 7015
    [42] => 7009
    [43] => 7003
    [44] => 6998
    [45] => 6987
    [46] => 6985
    [47] => 6976
    [48] => 6973
    [49] => 6971
    [50] => 6891
    [51] => 6887
    [52] => 6881
    [53] => 6880
    [54] => 6879
    [55] => 6878
    [56] => 6877
    [57] => 6876
    [58] => 6874
    [59] => 6872
    [60] => 6871
    [61] => 6870
    [62] => 6869
    [63] => 6867
    [64] => 6866
    [65] => 6864
    [66] => 6862
    [67] => 6861
    [68] => 6860
    [69] => 6859
    [70] => 6856
    [71] => 6854
    [72] => 6851
    [73] => 6850
    [74] => 6847
    [75] => 6846
    [76] => 6845
    [77] => 6468
    [78] => 6435
    [79] => 6426
    [80] => 6424
    [81] => 5904
    [82] => 5750
    [83] => 5728
    [84] => 5727
    [85] => 5720
    [86] => 5717
    [87] => 4711
    [88] => 4637
    [89] => 4575
    [90] => 4305
    [91] => 4282
    [92] => 4243
    [93] => 4155
    [94] => 4097
    [95] => 4094
    [96] => 4067
    [97] => 3302
    [98] => 2841
    [99] => 2547
    [100] => 2505
    [101] => 2446
    [102] => 2407
    [103] => 2395
    [104] => 2394
    [105] => 2393
    [106] => 2391
    [107] => 2388
    [108] => 2387
    [109] => 2386
    [110] => 2385
    [111] => 2382
    [112] => 2377
    [113] => 2283
    [114] => 2280
    [115] => 2274
    [116] => 2273
    [117] => 2271
    [118] => 2270
    [119] => 2269
    [120] => 2268
    [121] => 2267
    [122] => 2266
    [123] => 2263
    [124] => 2262
    [125] => 2260
    [126] => 2259
    [127] => 2258
    [128] => 2256
    [129] => 2255
    [130] => 2232
    [131] => 2231
    [132] => 2221
    [133] => 2218
    [134] => 2215
    [135] => 2210
    [136] => 2209
    [137] => 2099
    [138] => 2095
    [139] => 2090
    [140] => 2073
    [141] => 2055
    [142] => 2045
    [143] => 1884
    [144] => 1877
    [145] => 1875
    [146] => 1872
    [147] => 1868
    [148] => 1867
    [149] => 1859
    [150] => 1857
    [151] => 1856
    [152] => 1854
    [153] => 1837
    [154] => 1825
    [155] => 1824
    [156] => 1823
    [157] => 1821
    [158] => 1814
    [159] => 1809
    [160] => 1803
    [161] => 1801
    [162] => 1650
    [163] => 1647
    [164] => 1638
    [165] => 1637
    [166] => 1631
    [167] => 1630
    [168] => 1629
    [169] => 1621
    [170] => 1620
    [171] => 1618
    [172] => 1617
    [173] => 1604
    [174] => 1601
    [175] => 1597
    [176] => 1595
    [177] => 1553
    [178] => 1531
    [179] => 1526
    [180] => 1524
    [181] => 1523
    [182] => 1519
    [183] => 1506
    [184] => 1491
    [185] => 1488
    [186] => 1481
    [187] => 1475
    [188] => 1473
    [189] => 1464
    [190] => 1452
    [191] => 1438
    [192] => 1431
    [193] => 1428
    [194] => 1419
    [195] => 1417
    [196] => 1393
    [197] => 1392
    [198] => 1389
    [199] => 1380
    [200] => 1369
    [201] => 1346
    [202] => 1344
    [203] => 1337
    [204] => 1335
    [205] => 1324
    [206] => 1306
    [207] => 1305
    [208] => 1304
    [209] => 1278
    [210] => 1139
    [211] => 1134
    [212] => 1123
    [213] => 1120
    [214] => 1110
    [215] => 1101
    [216] => 1100
    [217] => 1077
    [218] => 1056
    [219] => 1012
    [220] => 1009
    [221] => 999
    [222] => 998
    [223] => 991
    [224] => 971
    [225] => 946
    [226] => 944
    [227] => 915
    [228] => 913
    [229] => 910
    [230] => 881
    [231] => 876
    [232] => 873
    [233] => 872
    [234] => 871
    [235] => 867
    [236] => 866
    [237] => 860
    [238] => 857
    [239] => 855
    [240] => 851
    [241] => 850
    [242] => 843
    [243] => 841
    [244] => 836
    [245] => 835
    [246] => 825
    [247] => 823
    [248] => 800
    [249] => 799
    [250] => 798
    [251] => 785
    [252] => 775
    [253] => 759
    [254] => 758
    [255] => 753
    [256] => 751
    [257] => 728
    [258] => 725
    [259] => 724
    [260] => 717
    [261] => 713
    [262] => 697
    [263] => 696
    [264] => 695
    [265] => 694
    [266] => 689
    [267] => 686
    [268] => 685
    [269] => 683
    [270] => 677
    [271] => 658
    [272] => 657
    [273] => 656
    [274] => 654
    [275] => 616
    [276] => 593
    [277] => 589
    [278] => 588
    [279] => 583
    [280] => 581
    [281] => 579
    [282] => 572
    [283] => 563
    [284] => 562
    [285] => 536
    [286] => 535
    [287] => 528
    [288] => 527
    [289] => 526
    [290] => 512
    [291] => 478
    [292] => 477
    [293] => 476
    [294] => 464
    [295] => 462
    [296] => 460
    [297] => 456
    [298] => 453
    [299] => 443
    [300] => 441
    [301] => 439
    [302] => 433
    [303] => 430
    [304] => 429
    [305] => 412
    [306] => 409
    [307] => 407
    [308] => 405
    [309] => 404
    [310] => 403
    [311] => 399
    [312] => 398
    [313] => 397
    [314] => 396
    [315] => 392
    [316] => 389
    [317] => 386
    [318] => 384
    [319] => 381
    [320] => 380
    [321] => 377
    [322] => 373
    [323] => 371
    [324] => 370
    [325] => 369
    [326] => 368
    [327] => 324
    [328] => 311
    [329] => 309
    [330] => 300
    [331] => 297
    [332] => 296
    [333] => 295
    [334] => 293
    [335] => 262
    [336] => 259
    [337] => 223
    [338] => 184
    [339] => 174
    [340] => 167
    [341] => 141
    [342] => 14
)

