2016-10-06 00:13:40
统计当天：2016-10-05
渠道个数（即dailyaccount的个数）：6055
渠道sql：
select * from yx_tg_source S left join yx_tg_game G on S.gameid = G.gameid where S.activeflag = 1 and G.activeflag = 1 and G.isonstack = 0  and S.createtime<='2016-10-05 23:59:59' order by S.id desc
活跃渠道个数：275
活跃渠道array：
Array
(
    [0] => tg_uYQsNlH1kqwKDEH4xABqHPfGQdgA9v
    [1] => dixy-232-01
    [2] => ly-266-03
    [3] => tg_9L7imM0iNMHDvx030tEttb2gY6yAvf
    [4] => tg_Sewxs3XtPGOLYiORI5Pkg7odXeAKXN
    [5] => tg_quBxwsHLnDcetKwYUeL0ZwGVhOWJvs
    [6] => sszj-260-03
    [7] => tg_2NsHXZzeADPI3sOdsGvb5UWmUgvIq3
    [8] => tg_IB6hnKY9LuosneMkON6vp3eobulWK3
    [9] => tg_JJZYD6SJy3SJ6c0AKRp1GmB5UqZ2jg
    [10] => tg_iNBVgkrz7R1IOCXEEJfkIlPzdSGnyI
    [11] => tg_xyZ3j9g1TEE5oRQ8jtjOvWp93RoO1U
    [12] => tg_v7Jb3BIDODCQ1VtgtfAmw7kXJEEPfK
    [13] => tg_Q2b1rjqmySzYHTs1i9OWePb2NaBcGB
    [14] => tg_Zs0k3Wft4sZSUPLhqKbS72Fumhrxnx
    [15] => tg_VZuGbtPK119VaeXIfeAFPpCwPVuF4q
    [16] => tg_foInmUBJTEST2FsjE393noaqCL4YDz
    [17] => qqics-242-03
    [18] => tg_MgtczvSC2Y8RhwzpkFMfLrp6BnzFJA
    [19] => tg_It3ZrGnxHnT527Li1JsFPEbAXHFsnx
    [20] => tg_au4IVxZIqUPkIsk9WHXh5V7naKiSIK
    [21] => tg_hfQFP1T5unIBwVwmYZ84lmbLUk6Hql
    [22] => tg_qsnV07CXxrunsXAD8uJpw8KAtjwRUH
    [23] => tg_1wDDLzkjbW3Pb8jzRrA01incmPqYhQ
    [24] => tg_NgwIwYVjAzXZn1QBJC68rQwtm8qAnv
    [25] => tg_isZoXNhPlO746tHMSp9H4QBHsPxXNI
    [26] => NBAftx-225-02
    [27] => tg_5OfKZXixp7CjR7XPU0W90lqqqTFk5J
    [28] => tg_xynK92e6Ss0NWnCvL8CCENHHEqAka4
    [29] => tg_NO44EDPcEL3s66lwa9yRtCs9aY1gjc
    [30] => tg_XsxYkTvYKaFEZLomJmAIGTxKh6t473
    [31] => tg_mNXK59R18xrYtoBaxWNwkKYPBuKXQp
    [32] => iszz-258-04
    [33] => tg_MwmQeDM6z2hcH7FkvAQSikHdIAwg1t
    [34] => iszz-258-03
    [35] => tg_IHodxJNKrfS0xxajkR6tAtkpohQvUu
    [36] => tg_g7ZxSv4gz7VPwWmtBN4Rua0RkQd3SI
    [37] => tg_QNIdVsHmq2UJ0KNrgyokjQkFMiWOhX
    [38] => tg_iqfTzQ8SlRMYUsxMhhHnvScsJrc5by
    [39] => tg_Trn7YSQVVtNZzq3Fw768fo98JN0n65
    [40] => tg_DSCeq49dAY1NXszMuPT6YSvlibLEV5
    [41] => tg_sM3nfqDJy3Vy5aPurriOPCdX9iEJma
    [42] => xdzz-228-03
    [43] => tg_3GSSy8PYKoFrup8G30jsux8ihQxkGc
    [44] => zyj-263-04
    [45] => tg_zjUY3zgmqTzHY6gaBbz0V5axvkeADq
    [46] => dfi2-252-03
    [47] => fzj-291-01
    [48] => tg_V3ZMC6AaWAUIgoEVwUp5VmHPypL3p1
    [49] => smsjOL-247-04
    [50] => tg_R5o8QShUV1GO4zyUU3UWozKOn12GdV
    [51] => tg_lH8i7vtt5Vyi4nU4poSm8Iv68PqS5A
    [52] => tg_jCHJyMptnrEeCRtLvWCna1UgFDOg12
    [53] => tg_VY5fuFU8pF4jMVrZsTPAcRbAbM68ZA
    [54] => tg_OelNZbsZicvSlFyKZY006o7gBOtSKO
    [55] => tg_YSA05Nah8JewKgqX9nr7Acwb2aBxyl
    [56] => tg_9wMQEwx1XSgzc6p1L1icWOicF6gRTs
    [57] => tg_QZZFggp5dA4nZym1yeDjbwGvJrDxrz
    [58] => tg_PXQG1MoeGb9uQy94DtZg3mBtr0ErUI
    [59] => tg_a5q2q9GN2xABq86jM9pwiS8iyBJVfW
    [60] => tg_NKOwsJ0b1FzamrotErpd6jgYsKAN2v
    [61] => tg_JZ9J3vGNs6fiYDpid1fLVXAcdmnJGC
    [62] => wd-265-03
    [63] => tg_SUBQvuZAx9lnRfMLE4t3Vdfem6fCqd
    [64] => tg_HrQI25ZA7moQZ990COLvEQ1ERJhTzR
    [65] => tg_radynjycJycQAFuAfK5GP6rDqGT6ed
    [66] => tg_USQULvLd7jEwvAnEXP6ogWMPmBcWXF
    [67] => tg_uM73vHb3tX7wOkVYYGRobZCg6rHCVT
    [68] => tg_rxk5PfhQq0bSCryZmN7GIozF5JXeYS
    [69] => tg_Uzk9TWGhQpn8JMmxrdOv3sknjw9Rpv
    [70] => tg_GXKFwldOWDrQ9XB8plFtCj91dyXAIh
    [71] => tg_jVaInI6nlTytxENBtvj0QGDG4ROnQZ
    [72] => tg_ZYpcDjcdzPXo9mq3BmOpV125UYut9U
    [73] => tg_nNPe0vpMC4ZxmitWGiEHW0gWHDpRcF
    [74] => tg_v7cDnrslnzqxIArJ4erBCApkpQRJeE
    [75] => tg_KGrCSe1a4ryaHXKDklFBnaD9pInRXq
    [76] => tg_ukKVlFDkkWIyijtZbh7wQ9szez1vK1
    [77] => tg_OR6k1HjrRFrcg1DYYkX3RZNfmsAJfA
    [78] => tg_2WbWHagMS2SOb5xOSfVRLGlIn1S33u
    [79] => cfzjbsn-245-05
    [80] => tg_vCsJpv46Zy29l982dIplz8UWDvylOA
    [81] => null
    [82] => tg_hT9imoeBBJOa4aoOSH8s9D4nXulXQ3
    [83] => tg_CfiAkPLcWCKERyb9IHu6Ecf4fqCN0e
    [84] => tg_bOttG2GcZRWvsnBiw5uboOCDfcgEDG
    [85] => tg_2N0xHDMuHNoT51QtNa4w5UvW579Hq3
    [86] => tg_mrIHzdJ5a7cXVH9W4aDyn8BcY3sEWL
    [87] => xyj-241-12
    [88] => tg_JrFLtWsbbdLYlqboVhSzzxoHROQD4k
    [89] => tg_BX7jbPiBrO3Lbj4y7kRa9Zw7d5W5pt
    [90] => tg_IG3MtJ7JOXqsan5jjyzdOs1dngskIJ
    [92] => 
    [93] => tg_I0yFcLAGEDDKqd44YaBeFpfYR55Xp4
    [94] => tg_NvXJf5QR5tjRwPjhRNfgiEKYRFgx4r
    [95] => tg_UDyMC93nwIALdlS1mugg7eTc5SGYIU
    [96] => tg_77gFvmZyqqb5ZTA3643TFpwCYz8Jas
    [97] => tg_7ygUWViw2QMvlKmC2Pi0MP5W6qypmc
    [98] => tg_N3n5bMNK8zcr4pfuMwWwZ8rQ1S89xz
    [99] => tg_n3qXUbsViYy6M8zO55x3jxvAMHZa2W
    [100] => tg_u1US2O9i4Z0zNFhwCpRHFpjjJ2Ti4w
    [101] => iziy-262-04
    [102] => tg_DXLdwJFBbmEClkeZrrzUr7M0x5UknP
    [103] => tg_iTu7R5kBoS3ZwvVAV0dsCpeGvSwNDW
    [104] => tg_1EINsQaerAIg5QtrK92gm7n6zSfR7D
    [106] => tg_jlkC6X8s1QpUpkaUOzJ2fGYI7vjo37
    [107] => tg_BL1cvYB10xHPlkyqQCXE7m6l9qVzKO
    [108] => tg_XMVSbGf2AOPJ8ttF2w4fopT4HRsP90
    [109] => tg_eKgpglHNQWuU8NNeLUHKwpPPblhbJx
    [110] => tg_tqrdOEQGez8JLhsu6eKlKfqBQ95Nv9
    [112] => tg_PEbTLGzNvnESyOdTgKbhjxMrpp6Pv1
    [113] => tg_Ls0r0ObpFIFHHBSzcMSHVlPIgMA5tM
    [114] => tg_OfaE1oD9jOkeCrMxFmwZmT29Ew1L5z
    [115] => tg_eXfOrB7ZM7cDO2nqwzIwswNwbLhnlJ
    [116] => tg_caJsC7EfMOzEbr9mIg1Oi8xmFBpxw6
    [117] => tg_G9yTAxWgs6kbikFA8mybpflSOxGHtl
    [118] => tg_oAoVUwkuOeyVVQ05jZL3XRH3CJPrbR
    [119] => tg_eNCWE4IqbTr4L3rXk6kxGeYdF0sdgw
    [120] => tg_Qo1fvJS7zsXzyA2IXbpN0O63IkFczD
    [121] => tg_q4hI4MqWZwu7ac1kh5pn4KFdNgeV4y
    [122] => tg_MPv6wZlNPr7LOEpHwY19XtQ1kr7Fff
    [123] => tg_QOaluxlrDrdfHirks7boYovXT5VzvN
    [124] => tg_XFjHfg1mv3pPvJKCJ0JShkY18TdXxi
    [125] => qqics-242-02
    [126] => tg_ICEcjc9rCPIBR46UAcqeZksnO8Wi9M
    [127] => tg_fGavmBEmEeJaNl84wbOJXtzYoz3ImT
    [128] => tg_Q0OXBqTKUT4gxwLdq8cEyinsbxvWsh
    [129] => tg_Ri2NPtmmh1FsYTXg1bpBcSfD0VdpP7
    [130] => tg_Ns2ruyRNGIFOc1V1cNXZTgYNXxKEzX
    [131] => tg_sN4DNq0d4Vg5WHZg9OWPsd4bjkM0hL
    [132] => tg_GMTqei4u3HsEi273emHLsPpYI3B6DW
    [133] => tg_VD9fabmjMTqKUo3zGp3UHnyM0FohMB
    [134] => tg_Ylsw4PyijBADuMjBqAvjXxmuH9Wj3F
    [135] => tg_E0E2nta7J3vcP1BXFdQhyTIYyLZcTh
    [136] => tg_W2pysd1dY4bhFAxFDmSbPJAAXMZAJP
    [137] => tg_ovYJpa0VxDSjfx9vB6F4bOOdyJRpkM
    [138] => tg_NIGftm0hA1EjxWm9DKPuA69NSdLiBs
    [140] => tg_rmk6gWq0INJZaYZ6tgqFPmq3z5eqNm
    [141] => tg_YEGigjvUVMhHY4g2vs3HBjFuRhLdgZ
    [142] => tg_9exPJH0wBZ8HTOnBGIBAUy7Pd5KItg
    [143] => tg_xX5O7gsz5V7ioS8CXkxejkdaaSilqn
    [144] => tg_mFtD7NWQksoGcdkYjyTLyCGBW5LAiU
    [145] => tg_xBuL3S9TdcaQpVCpOs55vAmiUv8Ix9
    [147] => tg_9svDGMMYJz3JrJlA5yZkJ0dVtaUb4m
    [148] => tg_R8HYrK50f168ti9sOsZtaiQD2co59J
    [149] => tg_I0YvXhD2svI5uMg8BdLS62F6ZFzP9c
    [150] => tg_howgDJMf8H0nC23KdM8cLLhsk330Sj
    [151] => tg_KPu4Nors1HZxKWZihYMPeXmb4uu43N
    [153] => tg_spVeL0duhA4o33C3XVLMLcJeGzpLLx
    [154] => byxxc-238-03
    [155] => tg_AXIXnbBwMpJMQDEe2VSEWJmTX2afnP
    [156] => tg_ODoUx9rQG9p7rnBZM2d19F8EQZ5utc
    [157] => tg_AsxPJXxY4WyybvnM7G2sf9DlUpfLcS
    [158] => gfx-227-02
    [159] => wd-265-02
    [160] => tg_JYWGy6Lv2jwnMs8SqyRiEdd3aHRvvv
    [161] => tg_x7V0CXex19izghRLpbsKQuQz4iWGFy
    [162] => tg_oRr8aA1QCzsoU5qSPqYmMCuQ9sNmcg
    [163] => tg_4xaqzJIbeZOX10X6NI4jgUD3d7kYwn
    [165] => tg_Gl4B6QurIAtwce1L8X9Drz0yYnpQAo
    [166] => tg_JE7555URTg8PnW3kg27YKTPGG7ZcbP
    [167] => tg_D3OC96S53NgitjGQM8exL3wMjxkf4X
    [168] => jymf-237-03
    [169] => tg_tWxsqLc2DyZW0xhEjU2AGnkAg8rSzH
    [171] => xyj-241-03
    [172] => tg_NCP73iALs0HQvWtKPZzGiEA3HSBsAa
    [173] => tg_5QH6cQj37W9Aiel0tFJsWqgDtezJLR
    [174] => tg_HAE4GeBnupqKgTMoKVfdqFSpbGZqdw
    [175] => tg_DLgDR06dmMa0a6U2hBofa0ahtn29UH
    [176] => cbws-283-03
    [177] => tg_ymld57G5I4vbEL4xKP4jLw7Orz8ckF
    [178] => tg_DRkQoc4JCBwlfXGBZt3S7Xe7qKbHuX
    [179] => tg_4gxvdgBfeXfU0Mkm1t3kqb6ftdzOMG
    [180] => tg_SWqbqvLqDQyYjsG9jBBHZo8bF5l6yj
    [181] => tg_Gejy6CaJU0EYR82x85J7TjKGPjSSZY
    [182] => tg_9MSv9Id4g4YQ5HqkZSRgzWSsm3hDiU
    [183] => tg_mcEuJVtSvdAtVUENaRDVMBLSq8APnS
    [184] => tg_LZVNb8oMP1vPlllm0EKGZKP5Fr09kS
    [185] => tg_WObUg0waseMQMRqjvOnCzrgFmhUPVo
    [186] => tg_xyeEpNy38LrPrmO7kN8DtktaBlDieY
    [187] => tg_cpZrEKR0IJ4S1rcmaswi8oADsic8pk
    [188] => tg_DwNO8ixOfJ2rY1XNclifft83mhYTi4
    [189] => tg_dE40iVMPYicK6apZag3A7mu7y50uQ9
    [190] => tg_V4rCcoFzbBkK9PCpIYlOHxsf6WUDQr
    [191] => tg_WCkCTf0pTrn8wT5Vga2ak2u2b6U4jG
    [192] => tg_BzSlq616dainWOMpgxtFCfaqMVWg3j
    [193] => dfbb-261-03
    [194] => tg_IkrlXzTXRIz8Ff1EmFcvknDMveHyZy
    [195] => cbws-283-02
    [196] => tg_5tm9Wg2AXqKDoIwYbz1h5YBQ4FS8P3
    [197] => tg_3H9a1haRWXASZzcsseDOLdFDuXWGy9
    [198] => tg_tkywLzSIt5aSnvn3IajVveDiFKZPog
    [199] => tg_e1XmOfhhxXMfenNMZuYv78znuFefbr
    [200] => tg_hjdu6ORJM7OG8QrXFIcC2xcYVRv9Dr
    [202] => dfi2-252-02
    [203] => tg_B2gRz6KoFotcJwvqLHiYqclhTRZjAI
    [204] => tg_YP3WF3TI3Mr7oCBqG4P1cEzXc7s0uA
    [205] => tg_rZLzNO4FSdY9hoRYNqEFV16bvYXuBb
    [206] => tg_iCdPvpx09yXS6AqVoH99GaBcG8K6Bx
    [207] => tg_zlmQ1MYrs3puVAfAUySNfxp8DprrcN
    [208] => tg_REbZq3xHh7bBMYgjx9hoFuLn8zSkuc
    [210] => tg_prw2gIFGyrnJH79P6pDgYGJjanWPHY
    [211] => tg_ztpR2HKML8hJFjprho1zfbkV0imFp4
    [213] => yxzxAPP-422-01
    [216] => tg_uRPJgNFRkhP1SYEz7vGMLo5cLwr10j
    [217] => tg_Hllcezo5vcG6IuqIwwwGQ0oYw0mGPL
    [218] => tg_aFWrMTmCWEE0kaQmPHz5pWXf54vm83
    [219] => tg_v2aSduKnJJ5NKXAAkCTPEOYo7JnS94
    [221] => tg_2ARVHpH2uWK1GKxxu0Zg0YChSYsj0O
    [223] => tg_bemh9vIE1yhl2WLX8PC3K4kt6T56sl
    [225] => tg_Ok1V5icI9vmONx23EKbYHVP56i1pYd
    [226] => tg_YdzBBvglsoXidJdKCmWrG85bql5kG4
    [228] => ijilz-249-03
    [229] => tg_hGFVwlehGMFc5AVTI0APT2AXvSQeGu
    [230] => tg_1t8ZHkzHsOjjfBQdO8Sp6xQb4Jqv5N
    [231] => gfx-227-03
    [232] => sji2-257-03
    [233] => tg_rRyHzAFMUdV7axvQjFOLFWcimW2ISs
    [235] => tg_vHJuYyncAfyWx0OBOTNBzBs4VDbYKa
    [236] => tg_z037kSsOTpOe64cmjLjl1nUsQAoDwW
    [237] => iziy-262-03
    [239] => tg_Ol1QFxsnwmPTIifUX1pY0CFdr9g2cW
    [240] => tg_luMOlzXMsvqQNqaAuBhkolxOxGtjmA
    [241] => dixy-232-03
    [242] => tg_euSiCujjVYyRZq2bhlsayXa9gchpUb
    [243] => tg_hgxfsHaP3Nl6ta14BIeWsy7lPXS8e2
    [244] => tg_KSrTmGgyDYV81i5ltvne0CVaiHhXRQ
    [245] => tg_c0mUBBrcogdE5UvZCY2HnsSHyc6ePs
    [246] => tg_vC2YDzjcVUC15FGQBPgLNxYeO7Z5SQ
    [247] => tg_1UrNa6pMG9ilFEbZCPTKAY22s7V5Cz
    [248] => tg_q5tpNQkvjppy8orNkmvHjKeZoFDicc
    [249] => tg_yguQaDrCX4sRHyusZCmoIu2wxKyPTv
    [250] => tg_ExtRRmq70LZ5cPOsbOSWEzt7KRjR70
    [251] => tg_C279T8XrdTVBzfahN2pau9nO3JhRif
    [252] => iszz-258-11
    [253] => tg_JXdNpFL3qYrFKCQydFp9kS0Es7uq9p
    [254] => tg_CWHe7Hrfhl6JXuwTQhogiVXlCxO6f0
    [256] => xyj-241-02
    [258] => tg_Zoks2ueLqNQh9bkP9F8nWgWxgVN4a3
    [262] => tg_U7dQFVw0JZmpH11lmYHLR5qIsPJy3K
    [263] => tg_oGuXovKoRUbLPmHuvs3UuIE9aeMS2u
    [264] => tg_OU20Xikl0SbparapZGvkebqzKhWQRE
    [266] => xdzz-228-02
    [267] => sdyxc3D-243-03
    [268] => tg_o028lSVS26po0ZFjgGHlegKtggqz9S
    [271] => tg_KMpuyo1EOdaG6l4RIJxknESqe8i1do
    [272] => tg_T0Ed5mmvuRdVzcxLWCLs9R6BGf0EaP
    [275] => tg_a3MwwHqtFVIIu2wAcJtxFP9Qq6YXdU
    [277] => tg_pdviUeEztqS8c3nE98GICfvvesETHJ
    [278] => tg_wdPlPXqIiLNs9uy7Ml0oOQKl3eamzQ
    [279] => iszz-258-02
    [280] => tg_R1RDVqNHRQXgl4KJSMyZU2Tno2K9bg
    [281] => tg_vfaj7fCIWHRW8AF6lOhWStml7M07BG
    [285] => tg_ZZgcgW1UXMwmQ7XrtNJNYgILCHkhvx
    [286] => tg_JlRqvBfsks2ni5ghWQqYA730uapFrC
    [288] => zyj-263-03
    [290] => tg_G7iLAMkERZ5ZZ4eotZjjQMghR4aFpd
    [291] => tg_Wn11xsfYxoYQKmXznDz7ic5H2PaJth
    [292] => tg_rerMGmdYU9Jyeq8z0UUtJkITxPIPi2
    [293] => tg_Yu783LP9jjPQKkQ4gZ37LJqiGsa8F2
    [295] => tg_HlAnvCbNuM4o6gu4lj9ouY9mA4dxfQ
    [296] => dixy-232-02
    [298] => tg_73mHAOuM3KdQa6oKLLG6XZgNWYlZCU
    [299] => tg_lfUx09OXmzxWGLxjyNqiYhji1J6o3S
    [307] => tg_6vi6nfVunqSTdJKQ729D5wPqwD65uc
    [311] => tg_9v3y1tH8IID2ObAOh7tIrIqGPUL5li
    [312] => tg_Uuu7DKIS1H6x1tYmIF3QwX7uhrg7pM
    [317] => tg_5OSuPn9oHty6tDThXGVcWSFPKws79c
    [319] => tg_gxMXCdvJJOAMmzsoXJMMaU34TPUY3s
    [320] => iszz-258-10
    [322] => iszz-258-09
    [326] => tg_1nGplhQDLUI1MZSEUXMNUL84CHOPpX
    [332] => sbkcq-294-01
    [334] => tg_gGqT8bYbaxpqLD1XpnsxYSJ3XLlWdc
    [335] => tg_Ybl9xENxHsfVBPK7IBZikgc9icV0p0
    [337] => tg_pVLKwuqunHstVkThsuG9m9ZSFNKY4Z
)

有效渠道个数：265
有效渠道array：
Array
(
    [0] => 6838
    [1] => 6837
    [2] => 6468
    [3] => 6447
    [4] => 6426
    [5] => 6421
    [6] => 6253
    [7] => 6251
    [8] => 5728
    [9] => 5727
    [10] => 5720
    [11] => 5717
    [12] => 4637
    [13] => 4575
    [14] => 4094
    [15] => 2919
    [16] => 2547
    [17] => 2505
    [18] => 2446
    [19] => 2437
    [20] => 2434
    [21] => 2407
    [22] => 2402
    [23] => 2394
    [24] => 2393
    [25] => 2391
    [26] => 2388
    [27] => 2387
    [28] => 2386
    [29] => 2385
    [30] => 2381
    [31] => 2377
    [32] => 2373
    [33] => 2281
    [34] => 2280
    [35] => 2274
    [36] => 2273
    [37] => 2271
    [38] => 2270
    [39] => 2269
    [40] => 2268
    [41] => 2267
    [42] => 2266
    [43] => 2265
    [44] => 2264
    [45] => 2263
    [46] => 2262
    [47] => 2260
    [48] => 2259
    [49] => 2258
    [50] => 2256
    [51] => 2255
    [52] => 2254
    [53] => 2231
    [54] => 2221
    [55] => 2218
    [56] => 2215
    [57] => 2210
    [58] => 2099
    [59] => 2090
    [60] => 2073
    [61] => 2055
    [62] => 2045
    [63] => 1896
    [64] => 1884
    [65] => 1877
    [66] => 1875
    [67] => 1872
    [68] => 1870
    [69] => 1869
    [70] => 1859
    [71] => 1856
    [72] => 1854
    [73] => 1837
    [74] => 1825
    [75] => 1824
    [76] => 1823
    [77] => 1821
    [78] => 1814
    [79] => 1811
    [80] => 1809
    [81] => 1803
    [82] => 1801
    [83] => 1800
    [84] => 1650
    [85] => 1647
    [86] => 1638
    [87] => 1637
    [88] => 1631
    [89] => 1629
    [90] => 1620
    [91] => 1618
    [92] => 1617
    [93] => 1604
    [94] => 1601
    [95] => 1595
    [96] => 1559
    [97] => 1557
    [98] => 1555
    [99] => 1553
    [100] => 1531
    [101] => 1526
    [102] => 1524
    [103] => 1519
    [104] => 1491
    [105] => 1488
    [106] => 1481
    [107] => 1480
    [108] => 1476
    [109] => 1475
    [110] => 1470
    [111] => 1464
    [112] => 1461
    [113] => 1459
    [114] => 1457
    [115] => 1436
    [116] => 1431
    [117] => 1428
    [118] => 1419
    [119] => 1418
    [120] => 1417
    [121] => 1393
    [122] => 1392
    [123] => 1391
    [124] => 1389
    [125] => 1380
    [126] => 1346
    [127] => 1344
    [128] => 1343
    [129] => 1337
    [130] => 1335
    [131] => 1324
    [132] => 1306
    [133] => 1305
    [134] => 1304
    [135] => 1292
    [136] => 1139
    [137] => 1134
    [138] => 1123
    [139] => 1120
    [140] => 1115
    [141] => 1110
    [142] => 1101
    [143] => 1077
    [144] => 1056
    [145] => 1012
    [146] => 1009
    [147] => 999
    [148] => 998
    [149] => 971
    [150] => 946
    [151] => 944
    [152] => 915
    [153] => 913
    [154] => 910
    [155] => 885
    [156] => 881
    [157] => 876
    [158] => 873
    [159] => 872
    [160] => 871
    [161] => 867
    [162] => 866
    [163] => 860
    [164] => 857
    [165] => 856
    [166] => 855
    [167] => 851
    [168] => 850
    [169] => 843
    [170] => 836
    [171] => 825
    [172] => 805
    [173] => 800
    [174] => 799
    [175] => 798
    [176] => 785
    [177] => 775
    [178] => 758
    [179] => 753
    [180] => 751
    [181] => 728
    [182] => 727
    [183] => 725
    [184] => 724
    [185] => 717
    [186] => 713
    [187] => 697
    [188] => 696
    [189] => 694
    [190] => 689
    [191] => 686
    [192] => 685
    [193] => 683
    [194] => 680
    [195] => 677
    [196] => 656
    [197] => 654
    [198] => 616
    [199] => 615
    [200] => 593
    [201] => 592
    [202] => 589
    [203] => 588
    [204] => 582
    [205] => 581
    [206] => 579
    [207] => 572
    [208] => 563
    [209] => 562
    [210] => 536
    [211] => 535
    [212] => 533
    [213] => 528
    [214] => 527
    [215] => 526
    [216] => 478
    [217] => 477
    [218] => 476
    [219] => 464
    [220] => 462
    [221] => 460
    [222] => 456
    [223] => 453
    [224] => 443
    [225] => 441
    [226] => 439
    [227] => 433
    [228] => 429
    [229] => 416
    [230] => 412
    [231] => 409
    [232] => 407
    [233] => 405
    [234] => 404
    [235] => 403
    [236] => 399
    [237] => 396
    [238] => 392
    [239] => 389
    [240] => 386
    [241] => 384
    [242] => 380
    [243] => 379
    [244] => 377
    [245] => 374
    [246] => 373
    [247] => 371
    [248] => 370
    [249] => 369
    [250] => 368
    [251] => 324
    [252] => 311
    [253] => 309
    [254] => 300
    [255] => 297
    [256] => 296
    [257] => 295
    [258] => 293
    [259] => 270
    [260] => 262
    [261] => 223
    [262] => 167
    [263] => 141
    [264] => 14
)

