2016-10-12 00:13:32
统计当天：2016-10-11
渠道个数（即dailyaccount的个数）：6082
渠道sql：
select * from yx_tg_source S left join yx_tg_game G on S.gameid = G.gameid where S.activeflag = 1 and G.activeflag = 1 and G.isonstack = 0  and S.createtime<='2016-10-11 23:59:59' order by S.id desc
活跃渠道个数：298
活跃渠道array：
Array
(
    [0] => NBAftx-225-02
    [1] => tg_PXQG1MoeGb9uQy94DtZg3mBtr0ErUI
    [2] => wd-265-03
    [3] => smsjOL-247-04
    [4] => dfi2-252-03
    [5] => tg_GXKFwldOWDrQ9XB8plFtCj91dyXAIh
    [6] => sdyxc3D-243-03
    [7] => tg_It3ZrGnxHnT527Li1JsFPEbAXHFsnx
    [8] => fzj-291-01
    [9] => sszj-260-03
    [10] => tg_FVED9w8UsxvyBAd0XI1SJDloFLdtQm
    [11] => tg_mNXK59R18xrYtoBaxWNwkKYPBuKXQp
    [12] => tg_v7Jb3BIDODCQ1VtgtfAmw7kXJEEPfK
    [13] => tg_hfQFP1T5unIBwVwmYZ84lmbLUk6Hql
    [14] => tg_1UrNa6pMG9ilFEbZCPTKAY22s7V5Cz
    [15] => tg_QKR1JJUqoPiq5aWmMPchOM6HACbhlK
    [16] => tg_z037kSsOTpOe64cmjLjl1nUsQAoDwW
    [17] => tg_ztpR2HKML8hJFjprho1zfbkV0imFp4
    [18] => tg_YSA05Nah8JewKgqX9nr7Acwb2aBxyl
    [19] => jymf-237-01
    [20] => tg_jCHJyMptnrEeCRtLvWCna1UgFDOg12
    [21] => ly-266-01
    [22] => zyj-263-04
    [23] => tg_IHodxJNKrfS0xxajkR6tAtkpohQvUu
    [24] => tg_9L7imM0iNMHDvx030tEttb2gY6yAvf
    [25] => tg_NKOwsJ0b1FzamrotErpd6jgYsKAN2v
    [26] => tg_a5q2q9GN2xABq86jM9pwiS8iyBJVfW
    [27] => tg_au4IVxZIqUPkIsk9WHXh5V7naKiSIK
    [28] => tg_sM3nfqDJy3Vy5aPurriOPCdX9iEJma
    [29] => tg_NgwIwYVjAzXZn1QBJC68rQwtm8qAnv
    [30] => tg_2NsHXZzeADPI3sOdsGvb5UWmUgvIq3
    [31] => tg_5OfKZXixp7CjR7XPU0W90lqqqTFk5J
    [32] => tg_isZoXNhPlO746tHMSp9H4QBHsPxXNI
    [33] => tg_NO44EDPcEL3s66lwa9yRtCs9aY1gjc
    [34] => tg_qsnV07CXxrunsXAD8uJpw8KAtjwRUH
    [35] => xdzz-228-03
    [36] => COK-223-01
    [37] => tg_xynK92e6Ss0NWnCvL8CCENHHEqAka4
    [38] => tg_AsxPJXxY4WyybvnM7G2sf9DlUpfLcS
    [39] => tg_iqfTzQ8SlRMYUsxMhhHnvScsJrc5by
    [40] => tg_MwmQeDM6z2hcH7FkvAQSikHdIAwg1t
    [41] => tg_DSCeq49dAY1NXszMuPT6YSvlibLEV5
    [42] => tg_xyZ3j9g1TEE5oRQ8jtjOvWp93RoO1U
    [43] => tg_ZZgcgW1UXMwmQ7XrtNJNYgILCHkhvx
    [44] => tg_JZ9J3vGNs6fiYDpid1fLVXAcdmnJGC
    [45] => tg_wdPlPXqIiLNs9uy7Ml0oOQKl3eamzQ
    [46] => tg_5OSuPn9oHty6tDThXGVcWSFPKws79c
    [47] => tg_Trn7YSQVVtNZzq3Fw768fo98JN0n65
    [48] => tg_9wMQEwx1XSgzc6p1L1icWOicF6gRTs
    [49] => tg_OelNZbsZicvSlFyKZY006o7gBOtSKO
    [50] => tg_lH8i7vtt5Vyi4nU4poSm8Iv68PqS5A
    [51] => tg_Zs0k3Wft4sZSUPLhqKbS72Fumhrxnx
    [52] => tg_XsxYkTvYKaFEZLomJmAIGTxKh6t473
    [53] => tg_uM73vHb3tX7wOkVYYGRobZCg6rHCVT
    [54] => tg_ukKVlFDkkWIyijtZbh7wQ9szez1vK1
    [55] => 
    [56] => xdzz-228-06
    [57] => tg_KPu4Nors1HZxKWZihYMPeXmb4uu43N
    [58] => tg_U29cGDHCcVOBa07j7jJvkgp23MCXxa
    [59] => tg_fGavmBEmEeJaNl84wbOJXtzYoz3ImT
    [60] => tg_jVaInI6nlTytxENBtvj0QGDG4ROnQZ
    [61] => tg_2WbWHagMS2SOb5xOSfVRLGlIn1S33u
    [62] => tg_Uzk9TWGhQpn8JMmxrdOv3sknjw9Rpv
    [63] => qqics-242-02
    [64] => tg_tqrdOEQGez8JLhsu6eKlKfqBQ95Nv9
    [65] => tg_BX7jbPiBrO3Lbj4y7kRa9Zw7d5W5pt
    [66] => tg_5m0CMWg4QcBaFoDH0ZDzJHyS8SyOEy
    [67] => tg_DRkQoc4JCBwlfXGBZt3S7Xe7qKbHuX
    [68] => tg_zIE36IpaEbThVLZgMNej31QQ7USmDL
    [69] => tg_KGrCSe1a4ryaHXKDklFBnaD9pInRXq
    [70] => tg_NvXJf5QR5tjRwPjhRNfgiEKYRFgx4r
    [71] => null
    [72] => sji2-257-03
    [73] => tg_rRyHzAFMUdV7axvQjFOLFWcimW2ISs
    [74] => zyj-263-01
    [75] => tg_eKgpglHNQWuU8NNeLUHKwpPPblhbJx
    [76] => ljm-333-01
    [77] => tg_2i8s3OS0ZCcjztr3Km52a16vESsvis
    [78] => tg_vTbMfHDIB32mAvNDaOKQrmgYEKmHHz
    [79] => tg_u1US2O9i4Z0zNFhwCpRHFpjjJ2Ti4w
    [81] => tg_bKnybL4otl2MtKbxCtLLDw8xA056HA
    [82] => sdsxs-290-01
    [83] => tg_jlkC6X8s1QpUpkaUOzJ2fGYI7vjo37
    [84] => tg_TFEOkJhvAtOLNs5YqZfTtI8me9ibBc
    [85] => tg_rxk5PfhQq0bSCryZmN7GIozF5JXeYS
    [86] => tg_xBuL3S9TdcaQpVCpOs55vAmiUv8Ix9
    [88] => iziy-262-02
    [89] => tg_pbdbbYp6CP7zmUcKsYxbNotXs9ZNFJ
    [90] => tg_zlmQ1MYrs3puVAfAUySNfxp8DprrcN
    [91] => tg_c0mUBBrcogdE5UvZCY2HnsSHyc6ePs
    [92] => tg_Ok1V5icI9vmONx23EKbYHVP56i1pYd
    [93] => tg_Gl4B6QurIAtwce1L8X9Drz0yYnpQAo
    [94] => tg_QOaluxlrDrdfHirks7boYovXT5VzvN
    [95] => tg_ovYJpa0VxDSjfx9vB6F4bOOdyJRpkM
    [97] => tg_4xaqzJIbeZOX10X6NI4jgUD3d7kYwn
    [98] => tg_GMTqei4u3HsEi273emHLsPpYI3B6DW
    [99] => tg_MPv6wZlNPr7LOEpHwY19XtQ1kr7Fff
    [100] => xyj-241-12
    [101] => tg_FpXDuybKIJPNh59t6JyrliJWL2RGd1
    [102] => bfzj-411-01
    [103] => tg_cC1AuzijXxk0DTe0f4TIeLb1sGp1Ut
    [104] => dixl-277-03
    [105] => tg_73mHAOuM3KdQa6oKLLG6XZgNWYlZCU
    [106] => tg_oRr8aA1QCzsoU5qSPqYmMCuQ9sNmcg
    [107] => tg_L4b9y9jkPeClOLmOuVH9PTWnXv2R2K
    [108] => lwzr-239-03
    [109] => tg_IG3MtJ7JOXqsan5jjyzdOs1dngskIJ
    [110] => tg_JrFLtWsbbdLYlqboVhSzzxoHROQD4k
    [111] => tkzz-330-01
    [112] => tg_JYWGy6Lv2jwnMs8SqyRiEdd3aHRvvv
    [113] => tg_ohkBpsfUYhZVj9odMIMj6RRXHQuf7y
    [114] => dwsj-435-01
    [115] => f-441-01
    [116] => tg_hGFVwlehGMFc5AVTI0APT2AXvSQeGu
    [117] => iziy-262-01
    [119] => tg_vRYp2eQQGer5lK072YLwLivcFbf2xf
    [120] => tg_77gFvmZyqqb5ZTA3643TFpwCYz8Jas
    [121] => yxzxAPP-422-01
    [122] => tg_OD7FcltYU9ZyDt7rn6beaylFAAVT5D
    [123] => tg_Rb1EpySup1FKUphMENWYpojbRnzZR1
    [124] => tg_lv369aN0qVNdyxeLNsOZUv42Khkq9c
    [125] => tg_B8hIhBmFN4X3ijAaXtsTwvigoF1oKO
    [126] => zlc-280-01
    [127] => tg_4zE122WihSnHVLpwtgEbGo8wEaokgZ
    [128] => tg_kmqirNcTPqP9LXu9rVTn157Vye0pAs
    [129] => tg_R8HYrK50f168ti9sOsZtaiQD2co59J
    [130] => tg_oBmWiTVc7xdlfusizfDtn2O2bBjraE
    [131] => zgzt-213-01
    [132] => tg_mfofP8knkWoVx0XWJAWkwAqaf8xjNE
    [133] => tg_2ARVHpH2uWK1GKxxu0Zg0YChSYsj0O
    [136] => gfsl-221-02
    [137] => gfx-227-02
    [138] => tg_CfiAkPLcWCKERyb9IHu6Ecf4fqCN0e
    [139] => tg_DLgDR06dmMa0a6U2hBofa0ahtn29UH
    [141] => tg_Ns2ruyRNGIFOc1V1cNXZTgYNXxKEzX
    [142] => tg_NIGftm0hA1EjxWm9DKPuA69NSdLiBs
    [143] => tg_LZVNb8oMP1vPlllm0EKGZKP5Fr09kS
    [144] => tg_6vi6nfVunqSTdJKQ729D5wPqwD65uc
    [145] => tg_4gxvdgBfeXfU0Mkm1t3kqb6ftdzOMG
    [146] => tg_9svDGMMYJz3JrJlA5yZkJ0dVtaUb4m
    [147] => tg_vHJuYyncAfyWx0OBOTNBzBs4VDbYKa
    [148] => tg_vfaj7fCIWHRW8AF6lOhWStml7M07BG
    [149] => tg_5JtYTW0a9p9j1vHgT86rMlanbYoJSt
    [150] => tg_Ri2NPtmmh1FsYTXg1bpBcSfD0VdpP7
    [151] => tg_oGuXovKoRUbLPmHuvs3UuIE9aeMS2u
    [152] => tg_mFtD7NWQksoGcdkYjyTLyCGBW5LAiU
    [153] => tg_eNCWE4IqbTr4L3rXk6kxGeYdF0sdgw
    [154] => tg_oAoVUwkuOeyVVQ05jZL3XRH3CJPrbR
    [155] => tg_G9yTAxWgs6kbikFA8mybpflSOxGHtl
    [156] => zyj-263-03
    [157] => tg_howgDJMf8H0nC23KdM8cLLhsk330Sj
    [158] => tg_x7V0CXex19izghRLpbsKQuQz4iWGFy
    [160] => tg_pdviUeEztqS8c3nE98GICfvvesETHJ
    [162] => tg_SWqbqvLqDQyYjsG9jBBHZo8bF5l6yj
    [163] => tg_IB6hnKY9LuosneMkON6vp3eobulWK3
    [164] => tg_MX9VbTr9WeDcv3VpNZR9cCCQU9sdSt
    [165] => tg_VD9fabmjMTqKUo3zGp3UHnyM0FohMB
    [166] => tg_9MSv9Id4g4YQ5HqkZSRgzWSsm3hDiU
    [167] => tg_hT9imoeBBJOa4aoOSH8s9D4nXulXQ3
    [168] => tg_xX5O7gsz5V7ioS8CXkxejkdaaSilqn
    [169] => tg_Qo1fvJS7zsXzyA2IXbpN0O63IkFczD
    [170] => tg_NCP73iALs0HQvWtKPZzGiEA3HSBsAa
    [171] => tg_spVeL0duhA4o33C3XVLMLcJeGzpLLx
    [172] => tg_ODoUx9rQG9p7rnBZM2d19F8EQZ5utc
    [173] => tg_V3ZMC6AaWAUIgoEVwUp5VmHPypL3p1
    [175] => tg_1t8ZHkzHsOjjfBQdO8Sp6xQb4Jqv5N
    [176] => tg_HAE4GeBnupqKgTMoKVfdqFSpbGZqdw
    [177] => tg_nNPe0vpMC4ZxmitWGiEHW0gWHDpRcF
    [178] => xdzz-228-02
    [179] => tg_Q2b1rjqmySzYHTs1i9OWePb2NaBcGB
    [181] => tg_HlAnvCbNuM4o6gu4lj9ouY9mA4dxfQ
    [182] => byxxc-238-03
    [183] => tg_OU20Xikl0SbparapZGvkebqzKhWQRE
    [186] => tg_B2gRz6KoFotcJwvqLHiYqclhTRZjAI
    [187] => dixy-232-02
    [189] => tg_vCsJpv46Zy29l982dIplz8UWDvylOA
    [190] => tg_tWxsqLc2DyZW0xhEjU2AGnkAg8rSzH
    [192] => tg_JE7555URTg8PnW3kg27YKTPGG7ZcbP
    [193] => tg_dE40iVMPYicK6apZag3A7mu7y50uQ9
    [194] => tg_R1RDVqNHRQXgl4KJSMyZU2Tno2K9bg
    [196] => tg_Gejy6CaJU0EYR82x85J7TjKGPjSSZY
    [197] => xyj-241-03
    [198] => tg_BzSlq616dainWOMpgxtFCfaqMVWg3j
    [199] => tg_5tm9Wg2AXqKDoIwYbz1h5YBQ4FS8P3
    [200] => dixy-232-03
    [201] => tg_mcEuJVtSvdAtVUENaRDVMBLSq8APnS
    [202] => tg_e1XmOfhhxXMfenNMZuYv78znuFefbr
    [203] => cbws-283-02
    [204] => xyj-241-02
    [205] => tg_WCkCTf0pTrn8wT5Vga2ak2u2b6U4jG
    [206] => tg_DwNO8ixOfJ2rY1XNclifft83mhYTi4
    [207] => dcfy-250-02
    [208] => tg_V4rCcoFzbBkK9PCpIYlOHxsf6WUDQr
    [209] => tg_caJsC7EfMOzEbr9mIg1Oi8xmFBpxw6
    [210] => tg_Q0OXBqTKUT4gxwLdq8cEyinsbxvWsh
    [211] => tg_3H9a1haRWXASZzcsseDOLdFDuXWGy9
    [212] => sbkcq-294-01
    [213] => tg_euSiCujjVYyRZq2bhlsayXa9gchpUb
    [214] => tg_WObUg0waseMQMRqjvOnCzrgFmhUPVo
    [215] => cbws-283-03
    [216] => tg_VY5fuFU8pF4jMVrZsTPAcRbAbM68ZA
    [218] => gfx-227-03
    [219] => tg_Nc0TlciG0UmfWoTeOnldJ1rTU6XeE9
    [220] => tg_o028lSVS26po0ZFjgGHlegKtggqz9S
    [221] => tg_quBxwsHLnDcetKwYUeL0ZwGVhOWJvs
    [222] => tg_prw2gIFGyrnJH79P6pDgYGJjanWPHY
    [224] => tg_v2aSduKnJJ5NKXAAkCTPEOYo7JnS94
    [225] => tg_3GSSy8PYKoFrup8G30jsux8ihQxkGc
    [226] => tg_9v3y1tH8IID2ObAOh7tIrIqGPUL5li
    [228] => jymf-237-03
    [229] => tg_1EINsQaerAIg5QtrK92gm7n6zSfR7D
    [230] => tg_bemh9vIE1yhl2WLX8PC3K4kt6T56sl
    [232] => iszz-258-10
    [233] => tg_JXdNpFL3qYrFKCQydFp9kS0Es7uq9p
    [234] => tg_9exPJH0wBZ8HTOnBGIBAUy7Pd5KItg
    [235] => tg_YdzBBvglsoXidJdKCmWrG85bql5kG4
    [237] => tg_AXIXnbBwMpJMQDEe2VSEWJmTX2afnP
    [238] => tg_D3OC96S53NgitjGQM8exL3wMjxkf4X
    [239] => tg_vC2YDzjcVUC15FGQBPgLNxYeO7Z5SQ
    [240] => tg_aFWrMTmCWEE0kaQmPHz5pWXf54vm83
    [241] => tg_a3MwwHqtFVIIu2wAcJtxFP9Qq6YXdU
    [242] => tg_hjdu6ORJM7OG8QrXFIcC2xcYVRv9Dr
    [243] => tg_luMOlzXMsvqQNqaAuBhkolxOxGtjmA
    [244] => tg_KSrTmGgyDYV81i5ltvne0CVaiHhXRQ
    [245] => tg_W2pysd1dY4bhFAxFDmSbPJAAXMZAJP
    [246] => iziy-262-03
    [247] => tg_ExtRRmq70LZ5cPOsbOSWEzt7KRjR70
    [248] => tg_cpZrEKR0IJ4S1rcmaswi8oADsic8pk
    [249] => tg_sN4DNq0d4Vg5WHZg9OWPsd4bjkM0hL
    [250] => tg_CWHe7Hrfhl6JXuwTQhogiVXlCxO6f0
    [251] => iszz-258-11
    [252] => tg_REbZq3xHh7bBMYgjx9hoFuLn8zSkuc
    [253] => tg_E0E2nta7J3vcP1BXFdQhyTIYyLZcTh
    [255] => tg_iCdPvpx09yXS6AqVoH99GaBcG8K6Bx
    [256] => tg_ImW7KdcLDbkfZrE1j7R4jVhpShIV9N
    [257] => iszz-258-02
    [258] => tg_q5tpNQkvjppy8orNkmvHjKeZoFDicc
    [259] => tg_1wDDLzkjbW3Pb8jzRrA01incmPqYhQ
    [260] => iszz-258-04
    [261] => tg_Sewxs3XtPGOLYiORI5Pkg7odXeAKXN
    [262] => tg_PEbTLGzNvnESyOdTgKbhjxMrpp6Pv1
    [263] => tg_R5o8QShUV1GO4zyUU3UWozKOn12GdV
    [264] => tg_1nGplhQDLUI1MZSEUXMNUL84CHOPpX
    [265] => tg_Ol1QFxsnwmPTIifUX1pY0CFdr9g2cW
    [266] => tg_uRPJgNFRkhP1SYEz7vGMLo5cLwr10j
    [268] => dfbb-261-03
    [269] => ly-266-03
    [271] => tg_OfaE1oD9jOkeCrMxFmwZmT29Ew1L5z
    [272] => tg_Spjn27BpHac5Q481Rr5zp1q1m3soZ2
    [273] => tg_MgtczvSC2Y8RhwzpkFMfLrp6BnzFJA
    [274] => tg_5QH6cQj37W9Aiel0tFJsWqgDtezJLR
    [276] => tg_XFjHfg1mv3pPvJKCJ0JShkY18TdXxi
    [277] => tg_T0Ed5mmvuRdVzcxLWCLs9R6BGf0EaP
    [278] => tg_YP3WF3TI3Mr7oCBqG4P1cEzXc7s0uA
    [279] => tg_yguQaDrCX4sRHyusZCmoIu2wxKyPTv
    [280] => tg_VZuGbtPK119VaeXIfeAFPpCwPVuF4q
    [281] => tg_JJZYD6SJy3SJ6c0AKRp1GmB5UqZ2jg
    [282] => tg_Wn11xsfYxoYQKmXznDz7ic5H2PaJth
    [284] => wd-265-02
    [285] => tg_iTu7R5kBoS3ZwvVAV0dsCpeGvSwNDW
    [286] => tg_gxMXCdvJJOAMmzsoXJMMaU34TPUY3s
    [287] => tg_rerMGmdYU9Jyeq8z0UUtJkITxPIPi2
    [288] => tg_pVLKwuqunHstVkThsuG9m9ZSFNKY4Z
    [289] => tg_Hllcezo5vcG6IuqIwwwGQ0oYw0mGPL
    [290] => tg_rZLzNO4FSdY9hoRYNqEFV16bvYXuBb
    [291] => tg_DXLdwJFBbmEClkeZrrzUr7M0x5UknP
    [292] => tg_mrIHzdJ5a7cXVH9W4aDyn8BcY3sEWL
    [293] => tg_gGqT8bYbaxpqLD1XpnsxYSJ3XLlWdc
    [297] => dixy-232-01
    [298] => tg_q4hI4MqWZwu7ac1kh5pn4KFdNgeV4y
    [299] => tg_C279T8XrdTVBzfahN2pau9nO3JhRif
    [300] => dfi2-252-02
    [301] => tg_ICEcjc9rCPIBR46UAcqeZksnO8Wi9M
    [302] => tg_IkrlXzTXRIz8Ff1EmFcvknDMveHyZy
    [303] => tg_hgxfsHaP3Nl6ta14BIeWsy7lPXS8e2
    [304] => tg_rmk6gWq0INJZaYZ6tgqFPmq3z5eqNm
    [309] => tg_uYQsNlH1kqwKDEH4xABqHPfGQdgA9v
    [310] => tg_Uuu7DKIS1H6x1tYmIF3QwX7uhrg7pM
    [311] => tg_Yu783LP9jjPQKkQ4gZ37LJqiGsa8F2
    [312] => tg_zjUY3zgmqTzHY6gaBbz0V5axvkeADq
    [313] => tg_U7dQFVw0JZmpH11lmYHLR5qIsPJy3K
    [317] => tg_lfUx09OXmzxWGLxjyNqiYhji1J6o3S
    [318] => tg_g7ZxSv4gz7VPwWmtBN4Rua0RkQd3SI
    [319] => tg_KMpuyo1EOdaG6l4RIJxknESqe8i1do
    [320] => qqics-242-03
    [322] => iszz-258-03
    [323] => tg_QNIdVsHmq2UJ0KNrgyokjQkFMiWOhX
    [324] => ijilz-249-03
    [325] => tg_foInmUBJTEST2FsjE393noaqCL4YDz
    [326] => xyj-241-17
    [327] => tg_Ylsw4PyijBADuMjBqAvjXxmuH9Wj3F
    [328] => tg_G7iLAMkERZ5ZZ4eotZjjQMghR4aFpd
    [334] => tg_QZZFggp5dA4nZym1yeDjbwGvJrDxrz
    [335] => tg_iNBVgkrz7R1IOCXEEJfkIlPzdSGnyI
    [337] => iszz-258-09
    [344] => tg_Ybl9xENxHsfVBPK7IBZikgc9icV0p0
    [346] => tg_Zoks2ueLqNQh9bkP9F8nWgWxgVN4a3
    [402] => gfsl-221-03
)

有效渠道个数：275
有效渠道array：
Array
(
    [0] => 6860
    [1] => 6859
    [2] => 6858
    [3] => 6845
    [4] => 6843
    [5] => 6841
    [6] => 6468
    [7] => 6447
    [8] => 6435
    [9] => 6426
    [10] => 6424
    [11] => 6421
    [12] => 6251
    [13] => 5880
    [14] => 5728
    [15] => 5727
    [16] => 5724
    [17] => 5717
    [18] => 4658
    [19] => 4637
    [20] => 4575
    [21] => 4094
    [22] => 2547
    [23] => 2505
    [24] => 2446
    [25] => 2437
    [26] => 2434
    [27] => 2407
    [28] => 2402
    [29] => 2395
    [30] => 2394
    [31] => 2393
    [32] => 2391
    [33] => 2388
    [34] => 2387
    [35] => 2386
    [36] => 2385
    [37] => 2383
    [38] => 2381
    [39] => 2377
    [40] => 2282
    [41] => 2280
    [42] => 2274
    [43] => 2273
    [44] => 2271
    [45] => 2270
    [46] => 2269
    [47] => 2268
    [48] => 2267
    [49] => 2266
    [50] => 2265
    [51] => 2264
    [52] => 2263
    [53] => 2262
    [54] => 2260
    [55] => 2259
    [56] => 2258
    [57] => 2256
    [58] => 2255
    [59] => 2231
    [60] => 2226
    [61] => 2221
    [62] => 2218
    [63] => 2215
    [64] => 2099
    [65] => 2090
    [66] => 2073
    [67] => 2055
    [68] => 2045
    [69] => 1896
    [70] => 1884
    [71] => 1877
    [72] => 1875
    [73] => 1872
    [74] => 1870
    [75] => 1868
    [76] => 1867
    [77] => 1859
    [78] => 1856
    [79] => 1854
    [80] => 1837
    [81] => 1825
    [82] => 1824
    [83] => 1823
    [84] => 1821
    [85] => 1814
    [86] => 1811
    [87] => 1809
    [88] => 1803
    [89] => 1801
    [90] => 1650
    [91] => 1647
    [92] => 1638
    [93] => 1637
    [94] => 1631
    [95] => 1629
    [96] => 1618
    [97] => 1617
    [98] => 1604
    [99] => 1601
    [100] => 1595
    [101] => 1559
    [102] => 1557
    [103] => 1555
    [104] => 1553
    [105] => 1531
    [106] => 1526
    [107] => 1524
    [108] => 1519
    [109] => 1491
    [110] => 1488
    [111] => 1481
    [112] => 1480
    [113] => 1476
    [114] => 1475
    [115] => 1470
    [116] => 1464
    [117] => 1461
    [118] => 1459
    [119] => 1457
    [120] => 1452
    [121] => 1438
    [122] => 1431
    [123] => 1428
    [124] => 1419
    [125] => 1417
    [126] => 1393
    [127] => 1392
    [128] => 1389
    [129] => 1380
    [130] => 1346
    [131] => 1344
    [132] => 1343
    [133] => 1337
    [134] => 1335
    [135] => 1324
    [136] => 1306
    [137] => 1305
    [138] => 1304
    [139] => 1292
    [140] => 1289
    [141] => 1139
    [142] => 1134
    [143] => 1123
    [144] => 1120
    [145] => 1115
    [146] => 1110
    [147] => 1101
    [148] => 1078
    [149] => 1077
    [150] => 1056
    [151] => 1053
    [152] => 1009
    [153] => 999
    [154] => 998
    [155] => 994
    [156] => 993
    [157] => 971
    [158] => 946
    [159] => 944
    [160] => 942
    [161] => 915
    [162] => 913
    [163] => 881
    [164] => 876
    [165] => 873
    [166] => 872
    [167] => 871
    [168] => 867
    [169] => 866
    [170] => 860
    [171] => 857
    [172] => 855
    [173] => 851
    [174] => 850
    [175] => 843
    [176] => 836
    [177] => 825
    [178] => 805
    [179] => 800
    [180] => 799
    [181] => 798
    [182] => 785
    [183] => 775
    [184] => 758
    [185] => 753
    [186] => 751
    [187] => 728
    [188] => 727
    [189] => 725
    [190] => 724
    [191] => 717
    [192] => 713
    [193] => 697
    [194] => 696
    [195] => 694
    [196] => 689
    [197] => 686
    [198] => 685
    [199] => 683
    [200] => 680
    [201] => 677
    [202] => 656
    [203] => 654
    [204] => 593
    [205] => 589
    [206] => 588
    [207] => 587
    [208] => 581
    [209] => 579
    [210] => 572
    [211] => 563
    [212] => 562
    [213] => 536
    [214] => 535
    [215] => 533
    [216] => 528
    [217] => 527
    [218] => 526
    [219] => 478
    [220] => 477
    [221] => 476
    [222] => 464
    [223] => 462
    [224] => 460
    [225] => 456
    [226] => 453
    [227] => 441
    [228] => 439
    [229] => 433
    [230] => 429
    [231] => 427
    [232] => 421
    [233] => 416
    [234] => 412
    [235] => 409
    [236] => 407
    [237] => 405
    [238] => 404
    [239] => 403
    [240] => 399
    [241] => 398
    [242] => 396
    [243] => 394
    [244] => 392
    [245] => 389
    [246] => 386
    [247] => 384
    [248] => 381
    [249] => 380
    [250] => 379
    [251] => 377
    [252] => 374
    [253] => 373
    [254] => 371
    [255] => 370
    [256] => 369
    [257] => 368
    [258] => 324
    [259] => 319
    [260] => 311
    [261] => 309
    [262] => 303
    [263] => 300
    [264] => 299
    [265] => 297
    [266] => 296
    [267] => 295
    [268] => 293
    [269] => 262
    [270] => 223
    [271] => 167
    [272] => 151
    [273] => 141
    [274] => 14
)

