2016-10-15 00:33:35
统计当天：2016-10-14
渠道个数（即dailyaccount的个数）：6220
渠道sql：
select * from yx_tg_source S left join yx_tg_game G on S.gameid = G.gameid where S.activeflag = 1 and G.activeflag = 1 and G.isonstack = 0  and S.createtime<='2016-10-14 23:59:59' order by S.id desc
活跃渠道个数：315
活跃渠道array：
Array
(
    [0] => COK-223-02
    [1] => tg_Ol1QFxsnwmPTIifUX1pY0CFdr9g2cW
    [2] => ly-266-03
    [3] => tg_Ns2ruyRNGIFOc1V1cNXZTgYNXxKEzX
    [4] => tg_1nGplhQDLUI1MZSEUXMNUL84CHOPpX
    [5] => tg_Gl4B6QurIAtwce1L8X9Drz0yYnpQAo
    [6] => tg_g7ZxSv4gz7VPwWmtBN4Rua0RkQd3SI
    [7] => sszj-260-03
    [8] => tg_TnIdkTLjQFHiDWh2mNsiaxhBbXWxH7
    [9] => tg_uKdkYuLOUZ6dYpKawiPxSlws5C3p2Q
    [10] => tg_Hllcezo5vcG6IuqIwwwGQ0oYw0mGPL
    [11] => tg_QKR1JJUqoPiq5aWmMPchOM6HACbhlK
    [12] => tg_fl4scLZ4FiUV9noT00XsT0B55NgKEK
    [13] => tg_NO44EDPcEL3s66lwa9yRtCs9aY1gjc
    [14] => tg_au4IVxZIqUPkIsk9WHXh5V7naKiSIK
    [15] => tg_Trn7YSQVVtNZzq3Fw768fo98JN0n65
    [16] => tg_rmk6gWq0INJZaYZ6tgqFPmq3z5eqNm
    [17] => tg_wdPlPXqIiLNs9uy7Ml0oOQKl3eamzQ
    [18] => tg_1wDDLzkjbW3Pb8jzRrA01incmPqYhQ
    [19] => tg_JXdNpFL3qYrFKCQydFp9kS0Es7uq9p
    [20] => tg_DSCeq49dAY1NXszMuPT6YSvlibLEV5
    [21] => tg_sM3nfqDJy3Vy5aPurriOPCdX9iEJma
    [22] => tg_xynK92e6Ss0NWnCvL8CCENHHEqAka4
    [23] => tg_T0Ed5mmvuRdVzcxLWCLs9R6BGf0EaP
    [24] => tg_euSiCujjVYyRZq2bhlsayXa9gchpUb
    [25] => ly-266-01
    [26] => tg_IyGlIlS4MTTVxm0zpx7MdfvmcesX3r
    [27] => xdzz-228-03
    [28] => tg_PXQG1MoeGb9uQy94DtZg3mBtr0ErUI
    [29] => iszz-258-03
    [30] => tg_a5q2q9GN2xABq86jM9pwiS8iyBJVfW
    [31] => tg_FVED9w8UsxvyBAd0XI1SJDloFLdtQm
    [32] => iszz-258-09
    [33] => tg_Sewxs3XtPGOLYiORI5Pkg7odXeAKXN
    [34] => tg_AsxPJXxY4WyybvnM7G2sf9DlUpfLcS
    [35] => tg_2NsHXZzeADPI3sOdsGvb5UWmUgvIq3
    [36] => tg_MwmQeDM6z2hcH7FkvAQSikHdIAwg1t
    [37] => tg_hfQFP1T5unIBwVwmYZ84lmbLUk6Hql
    [38] => tg_isZoXNhPlO746tHMSp9H4QBHsPxXNI
    [39] => wd-265-03
    [40] => tg_iNBVgkrz7R1IOCXEEJfkIlPzdSGnyI
    [41] => tg_mNXK59R18xrYtoBaxWNwkKYPBuKXQp
    [42] => tg_jCHJyMptnrEeCRtLvWCna1UgFDOg12
    [43] => tg_IHodxJNKrfS0xxajkR6tAtkpohQvUu
    [44] => tg_JZ9J3vGNs6fiYDpid1fLVXAcdmnJGC
    [45] => tg_NgwIwYVjAzXZn1QBJC68rQwtm8qAnv
    [46] => tg_It3ZrGnxHnT527Li1JsFPEbAXHFsnx
    [47] => tg_VZuGbtPK119VaeXIfeAFPpCwPVuF4q
    [48] => xdzz-228-01
    [49] => tg_lH8i7vtt5Vyi4nU4poSm8Iv68PqS5A
    [50] => tg_Zs0k3Wft4sZSUPLhqKbS72Fumhrxnx
    [51] => tg_9wMQEwx1XSgzc6p1L1icWOicF6gRTs
    [52] => tg_OelNZbsZicvSlFyKZY006o7gBOtSKO
    [53] => xyj-241-17
    [54] => tg_eKgpglHNQWuU8NNeLUHKwpPPblhbJx
    [55] => tg_rxk5PfhQq0bSCryZmN7GIozF5JXeYS
    [56] => tg_rkdhUHC6qE4eW3gS1BZlZjxddi6ZJa
    [57] => tidmx-259-03
    [59] => tg_YgNaBXl7CUsjTHeNCFtq0jxD6JrqSf
    [60] => null
    [61] => dixl-277-03
    [62] => tg_9ODQEQAEQC2jZ68fdtnxDefI1lJGh5
    [63] => tg_6xr1Gp0fBYKqDvLlPxczeDXEIcvRnZ
    [64] => tg_v7Jb3BIDODCQ1VtgtfAmw7kXJEEPfK
    [65] => qqics-242-02
    [66] => tg_G9yTAxWgs6kbikFA8mybpflSOxGHtl
    [67] => f-441-01
    [68] => tx-417-01
    [69] => tg_I0yFcLAGEDDKqd44YaBeFpfYR55Xp4
    [70] => tg_2N0xHDMuHNoT51QtNa4w5UvW579Hq3
    [71] => sgqyc-340-01
    [72] => tg_DVjFB30FnJLCYF24CvQJO75G3J64uW
    [73] => tg_W2pysd1dY4bhFAxFDmSbPJAAXMZAJP
    [74] => tg_KPu4Nors1HZxKWZihYMPeXmb4uu43N
    [75] => tg_HeObsj9BdHlkcHrYrsz6EL2fa2GJTi
    [76] => tqjjd-426-01
    [77] => tg_uPUvULu9YdxvzgdxQi4yvePhHeSD9Q
    [78] => tg_2WbWHagMS2SOb5xOSfVRLGlIn1S33u
    [79] => tg_h5iONOS0wxb0TrL5frwvs9rEbHdIMd
    [80] => tg_O9cgE2tLlaIUujkhXbTlcktVd9yvRi
    [81] => tg_N3n5bMNK8zcr4pfuMwWwZ8rQ1S89xz
    [82] => dwsj-435-01
    [83] => tg_ukKVlFDkkWIyijtZbh7wQ9szez1vK1
    [84] => tg_hGFVwlehGMFc5AVTI0APT2AXvSQeGu
    [85] => tg_3Loe52HsfZ64cDHwscmhKfYUPSQXzG
    [86] => tg_c0mUBBrcogdE5UvZCY2HnsSHyc6ePs
    [87] => tg_USQULvLd7jEwvAnEXP6ogWMPmBcWXF
    [88] => tg_JYWGy6Lv2jwnMs8SqyRiEdd3aHRvvv
    [89] => tg_5JtYTW0a9p9j1vHgT86rMlanbYoJSt
    [90] => tg_foInmUBJTEST2FsjE393noaqCL4YDz
    [91] => tg_mFtD7NWQksoGcdkYjyTLyCGBW5LAiU
    [92] => tg_NFFTmgzmMokyIfz9evpCJQ4sNXUaWF
    [93] => tg_9MSv9Id4g4YQ5HqkZSRgzWSsm3hDiU
    [94] => tg_OR6k1HjrRFrcg1DYYkX3RZNfmsAJfA
    [95] => jstm-325-01
    [96] => zyj-263-03
    [97] => tg_xvCgNlPr9K7D216WoVlBjkIHzwcQuK
    [98] => tg_oRr8aA1QCzsoU5qSPqYmMCuQ9sNmcg
    [99] => tg_4Zl6KMY5KHdYhVrnrJaLw47ibP8Ibs
    [100] => tg_9exPJH0wBZ8HTOnBGIBAUy7Pd5KItg
    [101] => tg_84XmbCI2F28sWpBHpVYkhPSQ6Qk5G4
    [102] => lwzr-239-03
    [103] => tg_2ARVHpH2uWK1GKxxu0Zg0YChSYsj0O
    [104] => tg_9svDGMMYJz3JrJlA5yZkJ0dVtaUb4m
    [105] => tg_NKOwsJ0b1FzamrotErpd6jgYsKAN2v
    [106] => tg_yxb251siBnIPfFxfGL0q0F510DqGvt
    [107] => tg_IG3MtJ7JOXqsan5jjyzdOs1dngskIJ
    [108] => tg_howgDJMf8H0nC23KdM8cLLhsk330Sj
    [109] => tg_GXKFwldOWDrQ9XB8plFtCj91dyXAIh
    [110] => tg_uM73vHb3tX7wOkVYYGRobZCg6rHCVT
    [111] => tg_B2gRz6KoFotcJwvqLHiYqclhTRZjAI
    [112] => tg_QOaluxlrDrdfHirks7boYovXT5VzvN
    [113] => tg_ICEcjc9rCPIBR46UAcqeZksnO8Wi9M
    [114] => tg_bKnybL4otl2MtKbxCtLLDw8xA056HA
    [115] => lxjjx-410-01
    [116] => tg_QDYvyxICPNYv0kg1BOP8QtEcfFUNGs
    [117] => gfsl-221-02
    [118] => tg_JrFLtWsbbdLYlqboVhSzzxoHROQD4k
    [119] => NBAftx-225-02
    [120] => tg_be3G2CGOTHqGytb47b5E1MRw4NGu3R
    [121] => tg_v2aSduKnJJ5NKXAAkCTPEOYo7JnS94
    [122] => byxxc-238-03
    [123] => tg_JE7555URTg8PnW3kg27YKTPGG7ZcbP
    [124] => tg_mohUYUUR0HsouvywyxKRKclRKiIfUh
    [125] => tg_mrIHzdJ5a7cXVH9W4aDyn8BcY3sEWL
    [126] => tg_22xK0N1Q3gsgbW0s9HdbsNZnYLtsyV
    [127] => wmsj3D-256-03
    [128] => tg_ztpR2HKML8hJFjprho1zfbkV0imFp4
    [129] => mxywk-274-01
    [130] => tg_Ri2NPtmmh1FsYTXg1bpBcSfD0VdpP7
    [131] => zgzt-213-01
    [132] => tg_3ljjNwItLS8dXWcAQk9dgMtgVhn6Zx
    [133] => tg_DXLdwJFBbmEClkeZrrzUr7M0x5UknP
    [134] => tg_q4hI4MqWZwu7ac1kh5pn4KFdNgeV4y
    [135] => tg_QNIdVsHmq2UJ0KNrgyokjQkFMiWOhX
    [136] => ilw-269-02
    [137] => tg_R64SDdeCJshvCUVl9kk1SAY2mVMv40
    [138] => tg_IB6hnKY9LuosneMkON6vp3eobulWK3
    [139] => tg_tWxsqLc2DyZW0xhEjU2AGnkAg8rSzH
    [140] => tg_lv369aN0qVNdyxeLNsOZUv42Khkq9c
    [141] => tg_4zE122WihSnHVLpwtgEbGo8wEaokgZ
    [142] => cfsg-253-01
    [143] => tg_NIGftm0hA1EjxWm9DKPuA69NSdLiBs
    [144] => tg_DLgDR06dmMa0a6U2hBofa0ahtn29UH
    [145] => tg_MPv6wZlNPr7LOEpHwY19XtQ1kr7Fff
    [146] => tg_eXfOrB7ZM7cDO2nqwzIwswNwbLhnlJ
    [147] => tg_U7dQFVw0JZmpH11lmYHLR5qIsPJy3K
    [148] => tg_LZVNb8oMP1vPlllm0EKGZKP5Fr09kS
    [149] => tg_rZLzNO4FSdY9hoRYNqEFV16bvYXuBb
    [150] => tg_D3OC96S53NgitjGQM8exL3wMjxkf4X
    [151] => dixy-232-03
    [152] => tg_a90RnFEOwkBcXh7tN9qQpXdm0EkE71
    [153] => tg_spVeL0duhA4o33C3XVLMLcJeGzpLLx
    [154] => tg_ceyjwgtKjdoAWvo2vbmAPUZ25nKLFW
    [155] => tg_eNCWE4IqbTr4L3rXk6kxGeYdF0sdgw
    [156] => tg_vCsJpv46Zy29l982dIplz8UWDvylOA
    [157] => gfx-227-02
    [158] => tg_VY5fuFU8pF4jMVrZsTPAcRbAbM68ZA
    [159] => tg_V3ZMC6AaWAUIgoEVwUp5VmHPypL3p1
    [160] => tg_Qo1fvJS7zsXzyA2IXbpN0O63IkFczD
    [161] => cbws-283-02
    [162] => tg_vC2YDzjcVUC15FGQBPgLNxYeO7Z5SQ
    [163] => tg_uYQsNlH1kqwKDEH4xABqHPfGQdgA9v
    [164] => tg_rRyHzAFMUdV7axvQjFOLFWcimW2ISs
    [165] => tg_NtIayKgqI5dmws2phUaG2sd1trUmnc
    [166] => tg_vfaj7fCIWHRW8AF6lOhWStml7M07BG
    [167] => tg_ODoUx9rQG9p7rnBZM2d19F8EQZ5utc
    [168] => tg_GMTqei4u3HsEi273emHLsPpYI3B6DW
    [169] => xyj-241-03
    [170] => tg_NCP73iALs0HQvWtKPZzGiEA3HSBsAa
    [171] => tg_x7V0CXex19izghRLpbsKQuQz4iWGFy
    [172] => tg_5QH6cQj37W9Aiel0tFJsWqgDtezJLR
    [173] => tg_4gxvdgBfeXfU0Mkm1t3kqb6ftdzOMG
    [174] => tg_1t8ZHkzHsOjjfBQdO8Sp6xQb4Jqv5N
    [175] => tg_pdviUeEztqS8c3nE98GICfvvesETHJ
    [176] => tg_XFjHfg1mv3pPvJKCJ0JShkY18TdXxi
    [177] => iszz-258-10
    [178] => tg_WObUg0waseMQMRqjvOnCzrgFmhUPVo
    [179] => tg_oAoVUwkuOeyVVQ05jZL3XRH3CJPrbR
    [180] => tg_DwNO8ixOfJ2rY1XNclifft83mhYTi4
    [181] => tg_HAE4GeBnupqKgTMoKVfdqFSpbGZqdw
    [182] => tg_ImW7KdcLDbkfZrE1j7R4jVhpShIV9N
    [183] => sbkcq-294-01
    [184] => tg_Gejy6CaJU0EYR82x85J7TjKGPjSSZY
    [185] => tg_OU20Xikl0SbparapZGvkebqzKhWQRE
    [186] => cbws-283-03
    [187] => tg_sN4DNq0d4Vg5WHZg9OWPsd4bjkM0hL
    [188] => tg_Q2b1rjqmySzYHTs1i9OWePb2NaBcGB
    [189] => tg_tqrdOEQGez8JLhsu6eKlKfqBQ95Nv9
    [190] => tg_mcEuJVtSvdAtVUENaRDVMBLSq8APnS
    [191] => tg_kvTh1eV254JKcMoQPmaF50ZSF2YI8r
    [192] => tg_qsnV07CXxrunsXAD8uJpw8KAtjwRUH
    [193] => xyj-241-02
    [194] => dfbb-261-03
    [195] => tg_UDyMC93nwIALdlS1mugg7eTc5SGYIU
    [196] => tg_QZZFggp5dA4nZym1yeDjbwGvJrDxrz
    [197] => tg_9v3y1tH8IID2ObAOh7tIrIqGPUL5li
    [198] => tg_z037kSsOTpOe64cmjLjl1nUsQAoDwW
    [200] => tg_5tm9Wg2AXqKDoIwYbz1h5YBQ4FS8P3
    [201] => tg_WCkCTf0pTrn8wT5Vga2ak2u2b6U4jG
    [202] => tg_cpZrEKR0IJ4S1rcmaswi8oADsic8pk
    [203] => tg_BzSlq616dainWOMpgxtFCfaqMVWg3j
    [204] => sji2-257-03
    [205] => tg_hjdu6ORJM7OG8QrXFIcC2xcYVRv9Dr
    [206] => tg_BX7jbPiBrO3Lbj4y7kRa9Zw7d5W5pt
    [207] => tg_pbdbbYp6CP7zmUcKsYxbNotXs9ZNFJ
    [208] => tg_e1XmOfhhxXMfenNMZuYv78znuFefbr
    [209] => zyj-263-04
    [210] => tg_XsxYkTvYKaFEZLomJmAIGTxKh6t473
    [211] => tg_9DneKn1CDJFWOGcDYBJNlApta8VGdl
    [212] => gfx-227-03
    [213] => tg_PEbTLGzNvnESyOdTgKbhjxMrpp6Pv1
    [214] => tg_caJsC7EfMOzEbr9mIg1Oi8xmFBpxw6
    [216] => tg_xyeEpNy38LrPrmO7kN8DtktaBlDieY
    [217] => tg_lfUx09OXmzxWGLxjyNqiYhji1J6o3S
    [218] => tg_1UrNa6pMG9ilFEbZCPTKAY22s7V5Cz
    [219] => iszz-258-04
    [220] => tg_1EINsQaerAIg5QtrK92gm7n6zSfR7D
    [222] => tg_Ok1V5icI9vmONx23EKbYHVP56i1pYd
    [223] => tg_E0E2nta7J3vcP1BXFdQhyTIYyLZcTh
    [224] => tg_R8HYrK50f168ti9sOsZtaiQD2co59J
    [225] => tg_ohkBpsfUYhZVj9odMIMj6RRXHQuf7y
    [226] => tg_yguQaDrCX4sRHyusZCmoIu2wxKyPTv
    [227] => tg_zlmQ1MYrs3puVAfAUySNfxp8DprrcN
    [229] => tg_gxMXCdvJJOAMmzsoXJMMaU34TPUY3s
    [232] => tg_IoCFqvMK4m4UcNmSRYZkCYCttznS3g
    [234] => tg_nIqDlZQ0dQMiGOudQVBgJ8vMzvy4ST
    [235] => tg_quBxwsHLnDcetKwYUeL0ZwGVhOWJvs
    [236] => sdyxc3D-243-03
    [237] => wd-265-02
    [238] => iszz-258-11
    [240] => tg_5OSuPn9oHty6tDThXGVcWSFPKws79c
    [241] => tg_OfaE1oD9jOkeCrMxFmwZmT29Ew1L5z
    [242] => tg_mDkHHPzmPXS39YYhBz8uKjl3CzEfCG
    [243] => tg_uRPJgNFRkhP1SYEz7vGMLo5cLwr10j
    [244] => dixy-232-02
    [245] => tg_6vi6nfVunqSTdJKQ729D5wPqwD65uc
    [246] => tg_Q0OXBqTKUT4gxwLdq8cEyinsbxvWsh
    [249] => tg_R1RDVqNHRQXgl4KJSMyZU2Tno2K9bg
    [250] => tg_mGHUeBsI32LYmovto5wB74q45NSYQy
    [251] => tg_iCdPvpx09yXS6AqVoH99GaBcG8K6Bx
    [252] => tg_KGrCSe1a4ryaHXKDklFBnaD9pInRXq
    [253] => tg_OD7FcltYU9ZyDt7rn6beaylFAAVT5D
    [254] => tg_iTu7R5kBoS3ZwvVAV0dsCpeGvSwNDW
    [255] => tg_vHJuYyncAfyWx0OBOTNBzBs4VDbYKa
    [257] => tg_V4rCcoFzbBkK9PCpIYlOHxsf6WUDQr
    [258] => tg_n3qXUbsViYy6M8zO55x3jxvAMHZa2W
    [259] => tg_xX5O7gsz5V7ioS8CXkxejkdaaSilqn
    [260] => 
    [261] => tg_KSrTmGgyDYV81i5ltvne0CVaiHhXRQ
    [262] => tg_oGuXovKoRUbLPmHuvs3UuIE9aeMS2u
    [263] => tg_ExtRRmq70LZ5cPOsbOSWEzt7KRjR70
    [264] => tg_o028lSVS26po0ZFjgGHlegKtggqz9S
    [266] => tg_zIE36IpaEbThVLZgMNej31QQ7USmDL
    [268] => tg_prw2gIFGyrnJH79P6pDgYGJjanWPHY
    [270] => tg_cC1AuzijXxk0DTe0f4TIeLb1sGp1Ut
    [271] => tg_hgxfsHaP3Nl6ta14BIeWsy7lPXS8e2
    [273] => tg_luMOlzXMsvqQNqaAuBhkolxOxGtjmA
    [275] => tg_77gFvmZyqqb5ZTA3643TFpwCYz8Jas
    [276] => tg_Yu783LP9jjPQKkQ4gZ37LJqiGsa8F2
    [277] => tg_CWHe7Hrfhl6JXuwTQhogiVXlCxO6f0
    [278] => iziy-262-03
    [279] => tg_73mHAOuM3KdQa6oKLLG6XZgNWYlZCU
    [280] => tg_FpXDuybKIJPNh59t6JyrliJWL2RGd1
    [281] => tg_R5o8QShUV1GO4zyUU3UWozKOn12GdV
    [282] => tg_a3MwwHqtFVIIu2wAcJtxFP9Qq6YXdU
    [283] => tg_xBuL3S9TdcaQpVCpOs55vAmiUv8Ix9
    [284] => iszz-258-02
    [285] => tg_Zoks2ueLqNQh9bkP9F8nWgWxgVN4a3
    [286] => tg_Uzk9TWGhQpn8JMmxrdOv3sknjw9Rpv
    [287] => tg_MgtczvSC2Y8RhwzpkFMfLrp6BnzFJA
    [288] => tg_Ylsw4PyijBADuMjBqAvjXxmuH9Wj3F
    [292] => tg_IkrlXzTXRIz8Ff1EmFcvknDMveHyZy
    [294] => tg_C279T8XrdTVBzfahN2pau9nO3JhRif
    [295] => tg_pVLKwuqunHstVkThsuG9m9ZSFNKY4Z
    [297] => tg_AXIXnbBwMpJMQDEe2VSEWJmTX2afnP
    [299] => tg_5OfKZXixp7CjR7XPU0W90lqqqTFk5J
    [301] => tg_nNPe0vpMC4ZxmitWGiEHW0gWHDpRcF
    [302] => tg_iqfTzQ8SlRMYUsxMhhHnvScsJrc5by
    [304] => tg_ZZgcgW1UXMwmQ7XrtNJNYgILCHkhvx
    [305] => tg_YdzBBvglsoXidJdKCmWrG85bql5kG4
    [306] => tg_G7iLAMkERZ5ZZ4eotZjjQMghR4aFpd
    [309] => tg_HlAnvCbNuM4o6gu4lj9ouY9mA4dxfQ
    [312] => smsjOL-247-04
    [313] => tg_SWqbqvLqDQyYjsG9jBBHZo8bF5l6yj
    [314] => tg_hT9imoeBBJOa4aoOSH8s9D4nXulXQ3
    [315] => tg_rerMGmdYU9Jyeq8z0UUtJkITxPIPi2
    [316] => xdzz-228-02
    [317] => dixy-232-01
    [318] => yxzxAPP-422-01
    [319] => tg_3GSSy8PYKoFrup8G30jsux8ihQxkGc
    [320] => tg_Spjn27BpHac5Q481Rr5zp1q1m3soZ2
    [321] => tg_YP3WF3TI3Mr7oCBqG4P1cEzXc7s0uA
    [323] => tg_fGavmBEmEeJaNl84wbOJXtzYoz3ImT
    [324] => dfi2-252-02
    [325] => tg_JJZYD6SJy3SJ6c0AKRp1GmB5UqZ2jg
    [326] => dfi2-252-03
    [327] => tg_3H9a1haRWXASZzcsseDOLdFDuXWGy9
    [330] => tg_eGqoU2qlNLtvDYNYfI973jrvfDEN6u
    [335] => tg_zjUY3zgmqTzHY6gaBbz0V5axvkeADq
    [336] => tg_YSA05Nah8JewKgqX9nr7Acwb2aBxyl
    [337] => ijilz-249-03
    [338] => tg_Uuu7DKIS1H6x1tYmIF3QwX7uhrg7pM
    [341] => tg_Wn11xsfYxoYQKmXznDz7ic5H2PaJth
    [344] => tg_KMpuyo1EOdaG6l4RIJxknESqe8i1do
    [346] => tg_bemh9vIE1yhl2WLX8PC3K4kt6T56sl
    [348] => tg_oBmWiTVc7xdlfusizfDtn2O2bBjraE
    [351] => tg_Ybl9xENxHsfVBPK7IBZikgc9icV0p0
    [352] => tg_9L7imM0iNMHDvx030tEttb2gY6yAvf
    [355] => qqics-242-03
    [357] => tg_gGqT8bYbaxpqLD1XpnsxYSJ3XLlWdc
    [358] => tg_aFWrMTmCWEE0kaQmPHz5pWXf54vm83
    [359] => fzj-291-01
    [360] => tg_xyZ3j9g1TEE5oRQ8jtjOvWp93RoO1U
    [361] => tg_q5tpNQkvjppy8orNkmvHjKeZoFDicc
)

有效渠道个数：292
有效渠道array：
Array
(
    [0] => 7029
    [1] => 7028
    [2] => 6971
    [3] => 6874
    [4] => 6865
    [5] => 6864
    [6] => 6862
    [7] => 6861
    [8] => 6860
    [9] => 6859
    [10] => 6856
    [11] => 6854
    [12] => 6852
    [13] => 6851
    [14] => 6850
    [15] => 6847
    [16] => 6846
    [17] => 6845
    [18] => 6841
    [19] => 6468
    [20] => 6465
    [21] => 6435
    [22] => 6426
    [23] => 6421
    [24] => 6253
    [25] => 6251
    [26] => 5750
    [27] => 5728
    [28] => 5727
    [29] => 5717
    [30] => 4637
    [31] => 4575
    [32] => 4094
    [33] => 3853
    [34] => 3413
    [35] => 2547
    [36] => 2505
    [37] => 2446
    [38] => 2437
    [39] => 2407
    [40] => 2395
    [41] => 2394
    [42] => 2393
    [43] => 2391
    [44] => 2388
    [45] => 2387
    [46] => 2386
    [47] => 2385
    [48] => 2383
    [49] => 2382
    [50] => 2377
    [51] => 2281
    [52] => 2280
    [53] => 2274
    [54] => 2273
    [55] => 2270
    [56] => 2269
    [57] => 2268
    [58] => 2267
    [59] => 2266
    [60] => 2264
    [61] => 2263
    [62] => 2262
    [63] => 2260
    [64] => 2259
    [65] => 2258
    [66] => 2256
    [67] => 2255
    [68] => 2231
    [69] => 2224
    [70] => 2221
    [71] => 2218
    [72] => 2215
    [73] => 2210
    [74] => 2099
    [75] => 2090
    [76] => 2073
    [77] => 2055
    [78] => 2045
    [79] => 1896
    [80] => 1884
    [81] => 1877
    [82] => 1875
    [83] => 1872
    [84] => 1870
    [85] => 1868
    [86] => 1867
    [87] => 1859
    [88] => 1856
    [89] => 1854
    [90] => 1837
    [91] => 1825
    [92] => 1824
    [93] => 1823
    [94] => 1821
    [95] => 1814
    [96] => 1809
    [97] => 1803
    [98] => 1801
    [99] => 1800
    [100] => 1799
    [101] => 1650
    [102] => 1647
    [103] => 1638
    [104] => 1637
    [105] => 1631
    [106] => 1630
    [107] => 1629
    [108] => 1621
    [109] => 1620
    [110] => 1618
    [111] => 1617
    [112] => 1604
    [113] => 1601
    [114] => 1597
    [115] => 1595
    [116] => 1559
    [117] => 1557
    [118] => 1555
    [119] => 1553
    [120] => 1531
    [121] => 1526
    [122] => 1524
    [123] => 1519
    [124] => 1491
    [125] => 1488
    [126] => 1481
    [127] => 1480
    [128] => 1475
    [129] => 1473
    [130] => 1470
    [131] => 1464
    [132] => 1461
    [133] => 1459
    [134] => 1457
    [135] => 1452
    [136] => 1438
    [137] => 1436
    [138] => 1431
    [139] => 1428
    [140] => 1419
    [141] => 1417
    [142] => 1393
    [143] => 1392
    [144] => 1389
    [145] => 1380
    [146] => 1346
    [147] => 1344
    [148] => 1343
    [149] => 1338
    [150] => 1337
    [151] => 1335
    [152] => 1324
    [153] => 1306
    [154] => 1305
    [155] => 1304
    [156] => 1139
    [157] => 1134
    [158] => 1123
    [159] => 1120
    [160] => 1110
    [161] => 1101
    [162] => 1077
    [163] => 1056
    [164] => 1053
    [165] => 1012
    [166] => 1009
    [167] => 999
    [168] => 998
    [169] => 991
    [170] => 971
    [171] => 970
    [172] => 946
    [173] => 944
    [174] => 927
    [175] => 915
    [176] => 913
    [177] => 912
    [178] => 910
    [179] => 881
    [180] => 876
    [181] => 873
    [182] => 872
    [183] => 871
    [184] => 867
    [185] => 866
    [186] => 860
    [187] => 857
    [188] => 855
    [189] => 851
    [190] => 850
    [191] => 843
    [192] => 841
    [193] => 836
    [194] => 825
    [195] => 805
    [196] => 800
    [197] => 799
    [198] => 798
    [199] => 785
    [200] => 775
    [201] => 771
    [202] => 758
    [203] => 753
    [204] => 751
    [205] => 728
    [206] => 727
    [207] => 725
    [208] => 724
    [209] => 717
    [210] => 697
    [211] => 696
    [212] => 694
    [213] => 689
    [214] => 686
    [215] => 685
    [216] => 683
    [217] => 680
    [218] => 677
    [219] => 658
    [220] => 656
    [221] => 654
    [222] => 616
    [223] => 593
    [224] => 589
    [225] => 588
    [226] => 587
    [227] => 585
    [228] => 581
    [229] => 579
    [230] => 572
    [231] => 563
    [232] => 562
    [233] => 536
    [234] => 535
    [235] => 533
    [236] => 528
    [237] => 527
    [238] => 526
    [239] => 478
    [240] => 477
    [241] => 476
    [242] => 464
    [243] => 462
    [244] => 460
    [245] => 456
    [246] => 453
    [247] => 441
    [248] => 439
    [249] => 429
    [250] => 421
    [251] => 416
    [252] => 412
    [253] => 409
    [254] => 407
    [255] => 405
    [256] => 404
    [257] => 403
    [258] => 399
    [259] => 398
    [260] => 397
    [261] => 396
    [262] => 392
    [263] => 391
    [264] => 389
    [265] => 386
    [266] => 384
    [267] => 381
    [268] => 380
    [269] => 379
    [270] => 374
    [271] => 373
    [272] => 371
    [273] => 370
    [274] => 369
    [275] => 368
    [276] => 324
    [277] => 319
    [278] => 317
    [279] => 311
    [280] => 309
    [281] => 300
    [282] => 297
    [283] => 296
    [284] => 295
    [285] => 293
    [286] => 262
    [287] => 223
    [288] => 167
    [289] => 151
    [290] => 141
    [291] => 14
)

