2016-09-28 09:56:19
统计当天：2016-09-27
渠道个数（即dailyaccount的个数）：5502
渠道sql：
select * from yx_tg_source S left join yx_tg_game G on S.gameid = G.gameid where S.activeflag = 1 and G.activeflag = 1 and G.isonstack = 0  and S.createtime<='2016-09-27 23:59:59' order by S.id desc
活跃渠道个数：327
活跃渠道array：
Array
(
    [0] => tg_1wDDLzkjbW3Pb8jzRrA01incmPqYhQ
    [1] => tg_3GSSy8PYKoFrup8G30jsux8ihQxkGc
    [2] => tg_2NsHXZzeADPI3sOdsGvb5UWmUgvIq3
    [3] => xyj-241-04
    [4] => iszz-258-03
    [5] => tg_R8HYrK50f168ti9sOsZtaiQD2co59J
    [6] => tg_ZZgcgW1UXMwmQ7XrtNJNYgILCHkhvx
    [7] => tg_1nGplhQDLUI1MZSEUXMNUL84CHOPpX
    [8] => tg_zjUY3zgmqTzHY6gaBbz0V5axvkeADq
    [9] => tg_42VbUHk4bw0APBZ6C6EjpFfqLMmYQN
    [10] => tg_sp31vMDSFcA6z3PRqDM5scCEj04Zx8
    [11] => tg_VZuGbtPK119VaeXIfeAFPpCwPVuF4q
    [12] => tg_bKnybL4otl2MtKbxCtLLDw8xA056HA
    [13] => jsx-254-01
    [14] => tg_1t8ZHkzHsOjjfBQdO8Sp6xQb4Jqv5N
    [15] => tg_JJZYD6SJy3SJ6c0AKRp1GmB5UqZ2jg
    [16] => tg_2ZYkmaQb5dtVWF9Eg0rokADvWu2l1D
    [17] => tg_xyZ3j9g1TEE5oRQ8jtjOvWp93RoO1U
    [18] => tg_au4IVxZIqUPkIsk9WHXh5V7naKiSIK
    [19] => tg_prw2gIFGyrnJH79P6pDgYGJjanWPHY
    [20] => llysq-282-03
    [21] => tg_PXQG1MoeGb9uQy94DtZg3mBtr0ErUI
    [22] => tg_atvkFT6WfdLvhq13SzOpitWJFgBoqu
    [23] => tg_XsxYkTvYKaFEZLomJmAIGTxKh6t473
    [24] => wd-265-04
    [25] => tg_YP3WF3TI3Mr7oCBqG4P1cEzXc7s0uA
    [26] => tg_NgwIwYVjAzXZn1QBJC68rQwtm8qAnv
    [27] => czqst-395-01
    [28] => sdyxc3D-243-03
    [29] => tg_Hllcezo5vcG6IuqIwwwGQ0oYw0mGPL
    [30] => tg_XFjHfg1mv3pPvJKCJ0JShkY18TdXxi
    [31] => COK-223-03
    [32] => COK-223-02
    [33] => iziy-262-03
    [34] => COK-223-01
    [35] => tg_pVLKwuqunHstVkThsuG9m9ZSFNKY4Z
    [36] => tg_IHodxJNKrfS0xxajkR6tAtkpohQvUu
    [37] => tg_Sewxs3XtPGOLYiORI5Pkg7odXeAKXN
    [38] => ly-266-01
    [39] => tg_MwmQeDM6z2hcH7FkvAQSikHdIAwg1t
    [40] => tg_xynK92e6Ss0NWnCvL8CCENHHEqAka4
    [41] => dfbb-261-03
    [42] => tg_qsnV07CXxrunsXAD8uJpw8KAtjwRUH
    [43] => tg_Ol1QFxsnwmPTIifUX1pY0CFdr9g2cW
    [44] => tg_Zs0k3Wft4sZSUPLhqKbS72Fumhrxnx
    [45] => tg_iqfTzQ8SlRMYUsxMhhHnvScsJrc5by
    [46] => tg_a5q2q9GN2xABq86jM9pwiS8iyBJVfW
    [47] => tg_5OSuPn9oHty6tDThXGVcWSFPKws79c
    [48] => tg_wdPlPXqIiLNs9uy7Ml0oOQKl3eamzQ
    [49] => tg_hfQFP1T5unIBwVwmYZ84lmbLUk6Hql
    [50] => tg_G9yTAxWgs6kbikFA8mybpflSOxGHtl
    [51] => wd-265-03
    [52] => tg_Trn7YSQVVtNZzq3Fw768fo98JN0n65
    [53] => dfi2-252-03
    [54] => tg_isZoXNhPlO746tHMSp9H4QBHsPxXNI
    [55] => tg_gGqT8bYbaxpqLD1XpnsxYSJ3XLlWdc
    [56] => smsjOL-247-04
    [57] => tg_lH8i7vtt5Vyi4nU4poSm8Iv68PqS5A
    [58] => tg_Ns2ruyRNGIFOc1V1cNXZTgYNXxKEzX
    [59] => tg_tWxsqLc2DyZW0xhEjU2AGnkAg8rSzH
    [60] => tg_g7ZxSv4gz7VPwWmtBN4Rua0RkQd3SI
    [61] => tg_vfaj7fCIWHRW8AF6lOhWStml7M07BG
    [62] => tg_OelNZbsZicvSlFyKZY006o7gBOtSKO
    [63] => tg_iNBVgkrz7R1IOCXEEJfkIlPzdSGnyI
    [64] => tg_NO44EDPcEL3s66lwa9yRtCs9aY1gjc
    [65] => iszz-258-09
    [66] => tg_DSCeq49dAY1NXszMuPT6YSvlibLEV5
    [67] => tg_jCHJyMptnrEeCRtLvWCna1UgFDOg12
    [68] => tg_JZ9J3vGNs6fiYDpid1fLVXAcdmnJGC
    [69] => tg_SWqbqvLqDQyYjsG9jBBHZo8bF5l6yj
    [70] => xdzz-228-01
    [71] => xljs-420-01
    [72] => tg_1UrNa6pMG9ilFEbZCPTKAY22s7V5Cz
    [73] => tg_NF4r6WlAFc3l4qtuati1iAruzLRr6d
    [74] => tg_pbdbbYp6CP7zmUcKsYxbNotXs9ZNFJ
    [75] => tg_N3n5bMNK8zcr4pfuMwWwZ8rQ1S89xz
    [76] => tg_KPu4Nors1HZxKWZihYMPeXmb4uu43N
    [77] => tg_awTPBSSOvVaPDE8DgN4d99SaLaRaOj
    [78] => tg_GMTqei4u3HsEi273emHLsPpYI3B6DW
    [79] => tg_B2gRz6KoFotcJwvqLHiYqclhTRZjAI
    [80] => tg_GXKFwldOWDrQ9XB8plFtCj91dyXAIh
    [81] => tg_radynjycJycQAFuAfK5GP6rDqGT6ed
    [82] => dixy-232-03
    [84] => tg_t9DFay0kPEgZIVZ6DzbHb8s8DX5MRk
    [85] => tg_CfiAkPLcWCKERyb9IHu6Ecf4fqCN0e
    [86] => tg_tciZ5BMbztYGis2umyPmARpKVa43pT
    [87] => tg_Uzk9TWGhQpn8JMmxrdOv3sknjw9Rpv
    [88] => tg_MPv6wZlNPr7LOEpHwY19XtQ1kr7Fff
    [89] => tg_2H4Lh6QFRbtPVS4psFYWJTTOhX6jay
    [90] => tg_BX7jbPiBrO3Lbj4y7kRa9Zw7d5W5pt
    [91] => tg_zlmQ1MYrs3puVAfAUySNfxp8DprrcN
    [92] => tg_ST0wa4BvpRfN5vGfsWRT8Yegqb8YdB
    [93] => tg_lkJenLTf3uhjm38o51BofReYhEyBEj
    [95] => tg_LNX84fvAPPniziXdMwyAF6uGUgJy93
    [96] => tg_5JtYTW0a9p9j1vHgT86rMlanbYoJSt
    [98] => tg_2WbWHagMS2SOb5xOSfVRLGlIn1S33u
    [99] => tg_ukKVlFDkkWIyijtZbh7wQ9szez1vK1
    [100] => tg_TFEOkJhvAtOLNs5YqZfTtI8me9ibBc
    [101] => mcwy-385-01
    [102] => tg_IkrlXzTXRIz8Ff1EmFcvknDMveHyZy
    [103] => lwzr-239-03
    [104] => tg_bWN4ISOqWcdLGPLqWK0mc2Dhk0BZW3
    [105] => tg_Z1o8fn9GDjJqXMosdSqyp3cPHow3sh
    [106] => lisgz-409-01
    [107] => smbbdmx-371-01
    [108] => NBAftx-225-01
    [109] => tg_v7Jb3BIDODCQ1VtgtfAmw7kXJEEPfK
    [110] => tg_lv369aN0qVNdyxeLNsOZUv42Khkq9c
    [111] => tg_TENeIojtmSpDKsv56C6VA3ZOUuYzdT
    [112] => tg_Q2b1rjqmySzYHTs1i9OWePb2NaBcGB
    [113] => tg_fRQuepVWKz0nkcNIx2ZLMh4tOrdvXA
    [114] => tg_z037kSsOTpOe64cmjLjl1nUsQAoDwW
    [115] => xqsmy-302-01
    [116] => tg_SUBQvuZAx9lnRfMLE4t3Vdfem6fCqd
    [117] => xyj-241-12
    [118] => xsjfyzsOL-382-01
    [119] => tg_I0yFcLAGEDDKqd44YaBeFpfYR55Xp4
    [120] => tg_3H9a1haRWXASZzcsseDOLdFDuXWGy9
    [121] => jyzj3D-399-01
    [123] => tg_jslNac3GddrjcoJBI2RAgo5oTIwYqd
    [124] => zlc-280-01
    [125] => tg_ZYpcDjcdzPXo9mq3BmOpV125UYut9U
    [126] => tg_tguculjyiayOdvcCaDHLeZ5THH6GGh
    [127] => tg_StcJB26LSuvy3sSxIaj450p557bRSH
    [128] => tg_bemh9vIE1yhl2WLX8PC3K4kt6T56sl
    [129] => tg_DGXFOgA1t8LziU1MKrLFmgGfISsy9M
    [130] => tg_sCakaIdQVQuxlaDrDKvdC7cL8e6PQr
    [132] => tg_QpotQhX4cUAgk5QTnv1U8hOVb812jN
    [133] => tg_ucgSlwjCyVURyZlylDS2uXodrqtSVP
    [134] => tg_foInmUBJTEST2FsjE393noaqCL4YDz
    [135] => tg_hNjMap3hjNuOedvUnzvAWJBXgasDJc
    [136] => tg_DLgDR06dmMa0a6U2hBofa0ahtn29UH
    [137] => tg_jVaInI6nlTytxENBtvj0QGDG4ROnQZ
    [138] => bsqx-412-01
    [139] => lj-350-01
    [140] => tg_c0mUBBrcogdE5UvZCY2HnsSHyc6ePs
    [141] => zgzt-213-01
    [142] => sdsxs3D-359-01
    [143] => tg_Fd3SdzZtnTEsxDiZUdbgxPg5RxVWFv
    [144] => tg_ZJ8Nb6ClNjpPbMmknQY9rYULRdy2Id
    [145] => tg_3lq97MPq2Spvbi3ylxf83rYyxBAXBX
    [146] => iziy-262-02
    [147] => tg_qTMHsZ9dmlMSRtUnljhKCgf8Q3vMQu
    [148] => tg_tkywLzSIt5aSnvn3IajVveDiFKZPog
    [150] => tg_C279T8XrdTVBzfahN2pau9nO3JhRif
    [151] => tg_oRr8aA1QCzsoU5qSPqYmMCuQ9sNmcg
    [152] => cfzjbsn-245-05
    [153] => qqics-242-02
    [154] => tg_DRkQoc4JCBwlfXGBZt3S7Xe7qKbHuX
    [155] => tg_IG3MtJ7JOXqsan5jjyzdOs1dngskIJ
    [156] => tg_I0YvXhD2svI5uMg8BdLS62F6ZFzP9c
    [157] => tg_7VYN5MTFGlGXd55PLo4RcfWIuJDsOJ
    [159] => tg_NtIayKgqI5dmws2phUaG2sd1trUmnc
    [161] => tg_20lvqB2qncQDG87SwbpafWIPNlwKzy
    [162] => ljm-333-01
    [163] => 
    [164] => tg_YEGigjvUVMhHY4g2vs3HBjFuRhLdgZ
    [165] => sszj-260-01
    [166] => tg_7ygUWViw2QMvlKmC2Pi0MP5W6qypmc
    [167] => wcym-425-01
    [168] => tg_hGFVwlehGMFc5AVTI0APT2AXvSQeGu
    [169] => zdbmgj-424-01
    [170] => tg_k0giPevUqJJhQThN3xbviBcFEIpSsi
    [171] => tg_U29cGDHCcVOBa07j7jJvkgp23MCXxa
    [172] => tg_luMOlzXMsvqQNqaAuBhkolxOxGtjmA
    [173] => yjqy-342-01
    [174] => tg_8uxohq1bonydqlPt2OVdKeyvgfO1HG
    [175] => ydsnywl-413-01
    [177] => tg_NoqH248k7exruZXQMVi100rIj0Ow78
    [178] => tg_ceyjwgtKjdoAWvo2vbmAPUZ25nKLFW
    [179] => lzymd-375-01
    [180] => tg_MX9VbTr9WeDcv3VpNZR9cCCQU9sdSt
    [181] => tg_fzGEBtF3MQ3Mxq6WirtlhMM61qQUTy
    [182] => gfx-227-02
    [183] => tg_B8hIhBmFN4X3ijAaXtsTwvigoF1oKO
    [184] => tg_6vi6nfVunqSTdJKQ729D5wPqwD65uc
    [185] => tg_9wMQEwx1XSgzc6p1L1icWOicF6gRTs
    [186] => tg_77gFvmZyqqb5ZTA3643TFpwCYz8Jas
    [187] => tg_oYeamNiVoPhCQ43VMK6OhFySsqpVbh
    [188] => tt2-401-01
    [189] => cbws-283-02
    [190] => tg_gROvgO1zaKN4u7rYKqqtV34oPECQ5H
    [193] => tg_iTu7R5kBoS3ZwvVAV0dsCpeGvSwNDW
    [194] => jymf-237-03
    [196] => tg_NIGftm0hA1EjxWm9DKPuA69NSdLiBs
    [197] => tg_bNlXdb2SQfKBV9w3j2KljJMcIsUQRt
    [198] => tg_LZVNb8oMP1vPlllm0EKGZKP5Fr09kS
    [199] => tg_E0E2nta7J3vcP1BXFdQhyTIYyLZcTh
    [200] => tg_ICEcjc9rCPIBR46UAcqeZksnO8Wi9M
    [201] => tg_9svDGMMYJz3JrJlA5yZkJ0dVtaUb4m
    [202] => tg_eNCWE4IqbTr4L3rXk6kxGeYdF0sdgw
    [203] => tg_spVeL0duhA4o33C3XVLMLcJeGzpLLx
    [204] => tg_jejMxEyTgyxOGvlI2GYJusOt3QDOGb
    [205] => tg_eKgpglHNQWuU8NNeLUHKwpPPblhbJx
    [206] => tg_VY5fuFU8pF4jMVrZsTPAcRbAbM68ZA
    [207] => tg_U7dQFVw0JZmpH11lmYHLR5qIsPJy3K
    [208] => tg_vHJuYyncAfyWx0OBOTNBzBs4VDbYKa
    [209] => tg_rZLzNO4FSdY9hoRYNqEFV16bvYXuBb
    [210] => tg_euSiCujjVYyRZq2bhlsayXa9gchpUb
    [211] => iszz-258-11
    [212] => tg_2ARVHpH2uWK1GKxxu0Zg0YChSYsj0O
    [213] => tg_rmk6gWq0INJZaYZ6tgqFPmq3z5eqNm
    [214] => tg_Ok1V5icI9vmONx23EKbYHVP56i1pYd
    [215] => tg_ZPo6AUjenS3o8rOmul8XP3mZ4bHixh
    [216] => tg_73mHAOuM3KdQa6oKLLG6XZgNWYlZCU
    [217] => tg_JYWGy6Lv2jwnMs8SqyRiEdd3aHRvvv
    [218] => tg_mFtD7NWQksoGcdkYjyTLyCGBW5LAiU
    [219] => tg_tqrdOEQGez8JLhsu6eKlKfqBQ95Nv9
    [220] => tg_v2Qd56QlqG5MyJCuSizLIu252lHZgr
    [221] => tg_u1US2O9i4Z0zNFhwCpRHFpjjJ2Ti4w
    [222] => tg_ODoUx9rQG9p7rnBZM2d19F8EQZ5utc
    [223] => byxxc-238-03
    [224] => tg_BzSlq616dainWOMpgxtFCfaqMVWg3j
    [225] => tg_HAE4GeBnupqKgTMoKVfdqFSpbGZqdw
    [226] => tg_Qo1fvJS7zsXzyA2IXbpN0O63IkFczD
    [228] => tg_uM73vHb3tX7wOkVYYGRobZCg6rHCVT
    [229] => tg_D3OC96S53NgitjGQM8exL3wMjxkf4X
    [231] => tg_dE40iVMPYicK6apZag3A7mu7y50uQ9
    [232] => tg_WCkCTf0pTrn8wT5Vga2ak2u2b6U4jG
    [233] => tg_q4hI4MqWZwu7ac1kh5pn4KFdNgeV4y
    [234] => tg_yguQaDrCX4sRHyusZCmoIu2wxKyPTv
    [236] => tg_NKOwsJ0b1FzamrotErpd6jgYsKAN2v
    [237] => tg_9exPJH0wBZ8HTOnBGIBAUy7Pd5KItg
    [238] => tg_OU20Xikl0SbparapZGvkebqzKhWQRE
    [239] => tg_2rHFTwiFSgRvTRo2gPW23V4yeuXOmT
    [240] => tg_rRyHzAFMUdV7axvQjFOLFWcimW2ISs
    [241] => tg_x7V0CXex19izghRLpbsKQuQz4iWGFy
    [242] => tg_Gejy6CaJU0EYR82x85J7TjKGPjSSZY
    [244] => tg_ovYJpa0VxDSjfx9vB6F4bOOdyJRpkM
    [245] => tg_DwNO8ixOfJ2rY1XNclifft83mhYTi4
    [246] => tg_UDyMC93nwIALdlS1mugg7eTc5SGYIU
    [247] => tg_5OfKZXixp7CjR7XPU0W90lqqqTFk5J
    [248] => tg_4gxvdgBfeXfU0Mkm1t3kqb6ftdzOMG
    [249] => tg_NCP73iALs0HQvWtKPZzGiEA3HSBsAa
    [250] => tg_OfaE1oD9jOkeCrMxFmwZmT29Ew1L5z
    [251] => iszz-258-04
    [252] => tg_caJsC7EfMOzEbr9mIg1Oi8xmFBpxw6
    [253] => tg_KMpuyo1EOdaG6l4RIJxknESqe8i1do
    [254] => zyj-263-04
    [256] => tg_W2pysd1dY4bhFAxFDmSbPJAAXMZAJP
    [257] => tg_xX5O7gsz5V7ioS8CXkxejkdaaSilqn
    [258] => sji2-257-03
    [259] => tg_WObUg0waseMQMRqjvOnCzrgFmhUPVo
    [260] => tg_cpZrEKR0IJ4S1rcmaswi8oADsic8pk
    [261] => tg_xyeEpNy38LrPrmO7kN8DtktaBlDieY
    [262] => tg_HlAnvCbNuM4o6gu4lj9ouY9mA4dxfQ
    [263] => xyj-241-02
    [264] => tg_Yu783LP9jjPQKkQ4gZ37LJqiGsa8F2
    [265] => tg_sN4DNq0d4Vg5WHZg9OWPsd4bjkM0hL
    [266] => tg_R5o8QShUV1GO4zyUU3UWozKOn12GdV
    [267] => tg_rxk5PfhQq0bSCryZmN7GIozF5JXeYS
    [268] => tg_5QH6cQj37W9Aiel0tFJsWqgDtezJLR
    [269] => tg_Gl4B6QurIAtwce1L8X9Drz0yYnpQAo
    [271] => sszj-260-03
    [272] => tg_YdzBBvglsoXidJdKCmWrG85bql5kG4
    [273] => tg_quBxwsHLnDcetKwYUeL0ZwGVhOWJvs
    [274] => tg_a3MwwHqtFVIIu2wAcJtxFP9Qq6YXdU
    [275] => tg_1EINsQaerAIg5QtrK92gm7n6zSfR7D
    [277] => tg_vC2YDzjcVUC15FGQBPgLNxYeO7Z5SQ
    [278] => ly-266-03
    [279] => tg_vCsJpv46Zy29l982dIplz8UWDvylOA
    [280] => iszz-258-10
    [281] => tg_R1RDVqNHRQXgl4KJSMyZU2Tno2K9bg
    [282] => dixy-232-02
    [283] => tg_o028lSVS26po0ZFjgGHlegKtggqz9S
    [284] => dixy-232-01
    [285] => tg_CWHe7Hrfhl6JXuwTQhogiVXlCxO6f0
    [287] => tg_Zoks2ueLqNQh9bkP9F8nWgWxgVN4a3
    [288] => tg_G7iLAMkERZ5ZZ4eotZjjQMghR4aFpd
    [289] => tg_It3ZrGnxHnT527Li1JsFPEbAXHFsnx
    [290] => tg_v2aSduKnJJ5NKXAAkCTPEOYo7JnS94
    [292] => gfx-227-03
    [293] => tg_IB6hnKY9LuosneMkON6vp3eobulWK3
    [294] => tg_e1XmOfhhxXMfenNMZuYv78znuFefbr
    [295] => tg_mcEuJVtSvdAtVUENaRDVMBLSq8APnS
    [297] => tg_JXdNpFL3qYrFKCQydFp9kS0Es7uq9p
    [299] => tg_ExtRRmq70LZ5cPOsbOSWEzt7KRjR70
    [300] => tg_Q0OXBqTKUT4gxwLdq8cEyinsbxvWsh
    [301] => iziy-262-04
    [302] => xyj-241-03
    [303] => tg_V3ZMC6AaWAUIgoEVwUp5VmHPypL3p1
    [304] => tg_n3qXUbsViYy6M8zO55x3jxvAMHZa2W
    [306] => tg_V4rCcoFzbBkK9PCpIYlOHxsf6WUDQr
    [307] => tg_Ri2NPtmmh1FsYTXg1bpBcSfD0VdpP7
    [308] => NBAftx-225-02
    [311] => tg_KSrTmGgyDYV81i5ltvne0CVaiHhXRQ
    [312] => tg_q5tpNQkvjppy8orNkmvHjKeZoFDicc
    [313] => tg_uRPJgNFRkhP1SYEz7vGMLo5cLwr10j
    [316] => tg_ztpR2HKML8hJFjprho1zfbkV0imFp4
    [321] => wd-265-02
    [323] => tg_eXfOrB7ZM7cDO2nqwzIwswNwbLhnlJ
    [324] => tg_sM3nfqDJy3Vy5aPurriOPCdX9iEJma
    [326] => tg_ymld57G5I4vbEL4xKP4jLw7Orz8ckF
    [327] => tg_Wn11xsfYxoYQKmXznDz7ic5H2PaJth
    [328] => qqics-242-03
    [330] => tg_YSA05Nah8JewKgqX9nr7Acwb2aBxyl
    [331] => tg_Uuu7DKIS1H6x1tYmIF3QwX7uhrg7pM
    [333] => tg_lfUx09OXmzxWGLxjyNqiYhji1J6o3S
    [336] => tg_pdviUeEztqS8c3nE98GICfvvesETHJ
    [337] => tg_gxMXCdvJJOAMmzsoXJMMaU34TPUY3s
    [339] => tg_hgxfsHaP3Nl6ta14BIeWsy7lPXS8e2
    [342] => tg_9L7imM0iNMHDvx030tEttb2gY6yAvf
    [343] => tg_AXIXnbBwMpJMQDEe2VSEWJmTX2afnP
    [344] => iszz-258-02
    [345] => tg_9v3y1tH8IID2ObAOh7tIrIqGPUL5li
    [347] => tg_aVm2lO14wb8hlW09ruBVPkn7IuCrxx
    [349] => tg_Ylsw4PyijBADuMjBqAvjXxmuH9Wj3F
    [351] => tg_mNXK59R18xrYtoBaxWNwkKYPBuKXQp
    [352] => tg_howgDJMf8H0nC23KdM8cLLhsk330Sj
    [353] => tg_mrIHzdJ5a7cXVH9W4aDyn8BcY3sEWL
    [356] => fzj-291-01
    [359] => tg_rerMGmdYU9Jyeq8z0UUtJkITxPIPi2
    [361] => tg_QZZFggp5dA4nZym1yeDjbwGvJrDxrz
    [362] => tg_Ybl9xENxHsfVBPK7IBZikgc9icV0p0
    [363] => tg_hjdu6ORJM7OG8QrXFIcC2xcYVRv9Dr
    [367] => ijilz-249-03
    [368] => xdzz-228-03
    [370] => tg_WxyICK73BRFOH62RcXpAgw7TCRgkLE
    [372] => tg_QNIdVsHmq2UJ0KNrgyokjQkFMiWOhX
    [373] => tg_oAoVUwkuOeyVVQ05jZL3XRH3CJPrbR
    [374] => zyj-263-03
    [375] => xdzz-228-02
    [379] => tg_oGuXovKoRUbLPmHuvs3UuIE9aeMS2u
    [380] => tg_aFWrMTmCWEE0kaQmPHz5pWXf54vm83
    [382] => tg_MgtczvSC2Y8RhwzpkFMfLrp6BnzFJA
    [384] => tg_T0Ed5mmvuRdVzcxLWCLs9R6BGf0EaP
    [443] => yxzxAPP-422-01
)

有效渠道个数：290
有效渠道array：
Array
(
    [0] => 5728
    [1] => 5727
    [2] => 5726
    [3] => 5724
    [4] => 5716
    [5] => 5174
    [6] => 4041
    [7] => 3864
    [8] => 3764
    [9] => 3432
    [10] => 3197
    [11] => 3086
    [12] => 2887
    [13] => 2740
    [14] => 2554
    [15] => 2547
    [16] => 2537
    [17] => 2523
    [18] => 2437
    [19] => 2436
    [20] => 2407
    [21] => 2402
    [22] => 2395
    [23] => 2394
    [24] => 2393
    [25] => 2391
    [26] => 2388
    [27] => 2386
    [28] => 2377
    [29] => 2373
    [30] => 2283
    [31] => 2281
    [32] => 2280
    [33] => 2274
    [34] => 2273
    [35] => 2272
    [36] => 2271
    [37] => 2270
    [38] => 2269
    [39] => 2268
    [40] => 2267
    [41] => 2266
    [42] => 2265
    [43] => 2264
    [44] => 2263
    [45] => 2262
    [46] => 2261
    [47] => 2260
    [48] => 2259
    [49] => 2256
    [50] => 2255
    [51] => 2231
    [52] => 2226
    [53] => 2223
    [54] => 2221
    [55] => 2218
    [56] => 2217
    [57] => 2215
    [58] => 2210
    [59] => 2102
    [60] => 2099
    [61] => 2090
    [62] => 2075
    [63] => 2073
    [64] => 2059
    [65] => 2055
    [66] => 2045
    [67] => 1896
    [68] => 1884
    [69] => 1877
    [70] => 1875
    [71] => 1872
    [72] => 1870
    [73] => 1869
    [74] => 1859
    [75] => 1856
    [76] => 1855
    [77] => 1854
    [78] => 1840
    [79] => 1837
    [80] => 1825
    [81] => 1824
    [82] => 1823
    [83] => 1822
    [84] => 1821
    [85] => 1820
    [86] => 1814
    [87] => 1809
    [88] => 1803
    [89] => 1801
    [90] => 1650
    [91] => 1638
    [92] => 1637
    [93] => 1631
    [94] => 1630
    [95] => 1629
    [96] => 1620
    [97] => 1618
    [98] => 1617
    [99] => 1604
    [100] => 1603
    [101] => 1601
    [102] => 1595
    [103] => 1562
    [104] => 1559
    [105] => 1558
    [106] => 1557
    [107] => 1555
    [108] => 1553
    [109] => 1531
    [110] => 1529
    [111] => 1526
    [112] => 1524
    [113] => 1519
    [114] => 1491
    [115] => 1488
    [116] => 1481
    [117] => 1480
    [118] => 1476
    [119] => 1475
    [120] => 1470
    [121] => 1464
    [122] => 1461
    [123] => 1459
    [124] => 1457
    [125] => 1438
    [126] => 1436
    [127] => 1431
    [128] => 1428
    [129] => 1419
    [130] => 1418
    [131] => 1417
    [132] => 1393
    [133] => 1392
    [134] => 1391
    [135] => 1389
    [136] => 1380
    [137] => 1369
    [138] => 1346
    [139] => 1344
    [140] => 1343
    [141] => 1342
    [142] => 1337
    [143] => 1335
    [144] => 1324
    [145] => 1315
    [146] => 1306
    [147] => 1305
    [148] => 1304
    [149] => 1280
    [150] => 1139
    [151] => 1134
    [152] => 1123
    [153] => 1120
    [154] => 1115
    [155] => 1110
    [156] => 1101
    [157] => 1077
    [158] => 1056
    [159] => 1047
    [160] => 1012
    [161] => 1009
    [162] => 999
    [163] => 998
    [164] => 994
    [165] => 993
    [166] => 971
    [167] => 953
    [168] => 946
    [169] => 944
    [170] => 927
    [171] => 915
    [172] => 913
    [173] => 910
    [174] => 885
    [175] => 881
    [176] => 876
    [177] => 873
    [178] => 872
    [179] => 871
    [180] => 867
    [181] => 866
    [182] => 860
    [183] => 857
    [184] => 856
    [185] => 855
    [186] => 851
    [187] => 850
    [188] => 843
    [189] => 836
    [190] => 825
    [191] => 823
    [192] => 800
    [193] => 799
    [194] => 798
    [195] => 785
    [196] => 775
    [197] => 764
    [198] => 758
    [199] => 755
    [200] => 753
    [201] => 751
    [202] => 728
    [203] => 727
    [204] => 725
    [205] => 724
    [206] => 717
    [207] => 713
    [208] => 697
    [209] => 696
    [210] => 695
    [211] => 694
    [212] => 689
    [213] => 686
    [214] => 685
    [215] => 683
    [216] => 680
    [217] => 677
    [218] => 657
    [219] => 656
    [220] => 654
    [221] => 615
    [222] => 593
    [223] => 592
    [224] => 589
    [225] => 588
    [226] => 587
    [227] => 581
    [228] => 579
    [229] => 572
    [230] => 563
    [231] => 562
    [232] => 542
    [233] => 536
    [234] => 535
    [235] => 533
    [236] => 528
    [237] => 527
    [238] => 526
    [239] => 478
    [240] => 477
    [241] => 476
    [242] => 464
    [243] => 462
    [244] => 460
    [245] => 456
    [246] => 453
    [247] => 441
    [248] => 439
    [249] => 433
    [250] => 429
    [251] => 416
    [252] => 409
    [253] => 407
    [254] => 406
    [255] => 405
    [256] => 404
    [257] => 403
    [258] => 396
    [259] => 392
    [260] => 389
    [261] => 386
    [262] => 384
    [263] => 381
    [264] => 380
    [265] => 379
    [266] => 377
    [267] => 374
    [268] => 373
    [269] => 371
    [270] => 370
    [271] => 369
    [272] => 368
    [273] => 324
    [274] => 311
    [275] => 309
    [276] => 300
    [277] => 299
    [278] => 297
    [279] => 296
    [280] => 295
    [281] => 293
    [282] => 273
    [283] => 270
    [284] => 262
    [285] => 259
    [286] => 223
    [287] => 167
    [288] => 141
    [289] => 14
)

