2016-10-18 00:34:27
统计当天：2016-10-17
渠道个数（即dailyaccount的个数）：6408
渠道sql：
select * from yx_tg_source S left join yx_tg_game G on S.gameid = G.gameid where S.activeflag = 1 and G.activeflag = 1 and G.isonstack = 0  and S.createtime<='2016-10-17 23:59:59' order by S.id desc
活跃渠道个数：344
活跃渠道array：
Array
(
    [0] => tg_1jQe73rT4e8GVjRXeU65PvjFfgyCJ9
    [1] => iziy-262-03
    [2] => tg_v2aSduKnJJ5NKXAAkCTPEOYo7JnS94
    [3] => tg_Spjn27BpHac5Q481Rr5zp1q1m3soZ2
    [4] => tg_PXQG1MoeGb9uQy94DtZg3mBtr0ErUI
    [5] => tg_isZoXNhPlO746tHMSp9H4QBHsPxXNI
    [6] => tg_caJsC7EfMOzEbr9mIg1Oi8xmFBpxw6
    [7] => tg_jCHJyMptnrEeCRtLvWCna1UgFDOg12
    [8] => tg_R5o8QShUV1GO4zyUU3UWozKOn12GdV
    [9] => tg_YSA05Nah8JewKgqX9nr7Acwb2aBxyl
    [10] => llysq-282-03
    [11] => tg_hfQFP1T5unIBwVwmYZ84lmbLUk6Hql
    [12] => tg_DSCeq49dAY1NXszMuPT6YSvlibLEV5
    [13] => tg_wdPlPXqIiLNs9uy7Ml0oOQKl3eamzQ
    [14] => sszj-260-03
    [15] => lqsc-353-01
    [16] => tg_au4IVxZIqUPkIsk9WHXh5V7naKiSIK
    [17] => xdzz-228-03
    [18] => tg_sM3nfqDJy3Vy5aPurriOPCdX9iEJma
    [19] => fzj-291-01
    [20] => tg_T0Ed5mmvuRdVzcxLWCLs9R6BGf0EaP
    [21] => tg_Trn7YSQVVtNZzq3Fw768fo98JN0n65
    [22] => tg_MwmQeDM6z2hcH7FkvAQSikHdIAwg1t
    [23] => tg_KMpuyo1EOdaG6l4RIJxknESqe8i1do
    [24] => tg_cC1AuzijXxk0DTe0f4TIeLb1sGp1Ut
    [25] => tg_Zoks2ueLqNQh9bkP9F8nWgWxgVN4a3
    [26] => tg_xynK92e6Ss0NWnCvL8CCENHHEqAka4
    [27] => tg_ZZgcgW1UXMwmQ7XrtNJNYgILCHkhvx
    [28] => tg_Gl4B6QurIAtwce1L8X9Drz0yYnpQAo
    [29] => ly-266-01
    [30] => tg_eGqoU2qlNLtvDYNYfI973jrvfDEN6u
    [31] => tg_Sewxs3XtPGOLYiORI5Pkg7odXeAKXN
    [32] => tg_9DneKn1CDJFWOGcDYBJNlApta8VGdl
    [33] => tg_9ODQEQAEQC2jZ68fdtnxDefI1lJGh5
    [34] => tg_NCP73iALs0HQvWtKPZzGiEA3HSBsAa
    [35] => tg_1nGplhQDLUI1MZSEUXMNUL84CHOPpX
    [36] => tg_Wn11xsfYxoYQKmXznDz7ic5H2PaJth
    [37] => tg_XsxYkTvYKaFEZLomJmAIGTxKh6t473
    [38] => tg_zIE36IpaEbThVLZgMNej31QQ7USmDL
    [39] => tg_fl4scLZ4FiUV9noT00XsT0B55NgKEK
    [40] => tg_It3ZrGnxHnT527Li1JsFPEbAXHFsnx
    [41] => tg_MgtczvSC2Y8RhwzpkFMfLrp6BnzFJA
    [42] => tg_V3ZMC6AaWAUIgoEVwUp5VmHPypL3p1
    [43] => tg_2NsHXZzeADPI3sOdsGvb5UWmUgvIq3
    [44] => tg_iqfTzQ8SlRMYUsxMhhHnvScsJrc5by
    [45] => tg_uM73vHb3tX7wOkVYYGRobZCg6rHCVT
    [46] => tg_a5q2q9GN2xABq86jM9pwiS8iyBJVfW
    [47] => tg_1UrNa6pMG9ilFEbZCPTKAY22s7V5Cz
    [48] => tg_Hllcezo5vcG6IuqIwwwGQ0oYw0mGPL
    [49] => wd-265-03
    [50] => tg_mNXK59R18xrYtoBaxWNwkKYPBuKXQp
    [51] => ly-266-03
    [52] => dfi2-252-03
    [53] => tg_VZuGbtPK119VaeXIfeAFPpCwPVuF4q
    [54] => tg_lH8i7vtt5Vyi4nU4poSm8Iv68PqS5A
    [55] => tg_JZ9J3vGNs6fiYDpid1fLVXAcdmnJGC
    [56] => tg_NgwIwYVjAzXZn1QBJC68rQwtm8qAnv
    [57] => iszz-258-09
    [58] => tg_OelNZbsZicvSlFyKZY006o7gBOtSKO
    [59] => dfi2-252-02
    [60] => tg_eKgpglHNQWuU8NNeLUHKwpPPblhbJx
    [62] => gfsl-221-02
    [63] => tg_PEbTLGzNvnESyOdTgKbhjxMrpp6Pv1
    [64] => tg_a90RnFEOwkBcXh7tN9qQpXdm0EkE71
    [65] => tg_bpYONgUY2PG9nfV2RfA8d0znuHQGxE
    [66] => tg_DLgDR06dmMa0a6U2hBofa0ahtn29UH
    [67] => tg_KPu4Nors1HZxKWZihYMPeXmb4uu43N
    [68] => qqics-242-02
    [69] => tg_DXLdwJFBbmEClkeZrrzUr7M0x5UknP
    [70] => tg_Uzk9TWGhQpn8JMmxrdOv3sknjw9Rpv
    [71] => tg_4zE122WihSnHVLpwtgEbGo8wEaokgZ
    [72] => tg_hLpA8rIwW7zOEB6Klxutst11Ge88jZ
    [73] => tg_G9yTAxWgs6kbikFA8mybpflSOxGHtl
    [74] => tg_7SssSOzPxRqy17puDRdz1IDqQRqKAI
    [75] => tg_ovYJpa0VxDSjfx9vB6F4bOOdyJRpkM
    [76] => dixl-277-03
    [77] => tg_v7Jb3BIDODCQ1VtgtfAmw7kXJEEPfK
    [78] => tg_oCT78896knDNguusl5iBhZCAwZQoeR
    [79] => tg_fsnK9n7Pb00vdU1nC2rQcao6bckWr3
    [80] => tg_i4y3tgPSQAfTsaRaUJHz54TdjY6apA
    [81] => tg_g9FTWmXXUUO07wwq7eFqCsM25nNF3E
    [82] => iszz-258-11
    [83] => tg_n3qXUbsViYy6M8zO55x3jxvAMHZa2W
    [84] => wmsj3D-256-01
    [85] => tg_60OlpGkQCquWRE3qSAXI8lUSgxQfuX
    [86] => tg_gFDNI63yZR6cKylBIfkoMosDBLBHT0
    [87] => tg_VqdmlshuFgqfF0lj2yFsLa0yLOpet0
    [88] => tg_2WbWHagMS2SOb5xOSfVRLGlIn1S33u
    [89] => tg_tkywLzSIt5aSnvn3IajVveDiFKZPog
    [90] => tg_o1Q4oe61eaE1KhVzPONFtMOI4rWrnc
    [91] => tg_Jg90zN0ZOCT9DzW6GC1X1jazuAFOsx
    [92] => tg_Fd3SdzZtnTEsxDiZUdbgxPg5RxVWFv
    [93] => mnqy-335-01
    [94] => tg_R64SDdeCJshvCUVl9kk1SAY2mVMv40
    [95] => tg_6KGHoZlKWJ52yQX7S2XLRFZT0DyU5o
    [96] => tg_oYeamNiVoPhCQ43VMK6OhFySsqpVbh
    [97] => tg_gG6qOADeKOTFgWSWPBRGwpGNbaCdJP
    [98] => tg_xYeGuJ3q529pjlX1Mx3YQlwgkVop67
    [99] => tg_8M1oACZRVXSi0EfRQnnAPm9GFRmrwL
    [100] => tg_JcMJu0u4TU5kNR9k6SuqEMFh3MPepH
    [101] => ilw-269-02
    [102] => tg_JtsxWMtWktv4NrsnDC3t0TQmQzVRLi
    [103] => yw3-240-02
    [104] => tg_hyqXZWIQE3GxivWcIsSsVkUWRlTqkd
    [105] => tg_FicQ4YxMEvCo8ZbiQkrXpLy2mMO8i1
    [106] => zyj-263-02
    [107] => tg_Ls0r0ObpFIFHHBSzcMSHVlPIgMA5tM
    [108] => tg_rgb7udscbHVu2eFVJXRWy1hMuR4BfS
    [109] => tg_U7dQFVw0JZmpH11lmYHLR5qIsPJy3K
    [110] => tg_ukKVlFDkkWIyijtZbh7wQ9szez1vK1
    [111] => tg_rRyHzAFMUdV7axvQjFOLFWcimW2ISs
    [112] => tg_9exPJH0wBZ8HTOnBGIBAUy7Pd5KItg
    [113] => tg_IB6hnKY9LuosneMkON6vp3eobulWK3
    [114] => tg_3WU9MDO31z8djXXtRATcHCMAatt5Ye
    [115] => mlzj-392-01
    [116] => tg_OD7FcltYU9ZyDt7rn6beaylFAAVT5D
    [117] => tg_hGFVwlehGMFc5AVTI0APT2AXvSQeGu
    [118] => tg_jozQbXSt0MsOdEGwpK3VTTyUp66Ce2
    [119] => xyj-241-04
    [120] => tg_USQULvLd7jEwvAnEXP6ogWMPmBcWXF
    [121] => 
    [122] => tg_iu56kFIsU8Go2yDBRIhyBqxV8YTaqb
    [123] => tg_jlkC6X8s1QpUpkaUOzJ2fGYI7vjo37
    [124] => tg_2H4Lh6QFRbtPVS4psFYWJTTOhX6jay
    [125] => tg_howgDJMf8H0nC23KdM8cLLhsk330Sj
    [126] => tg_QgeyI96z3ilxD6UdQtzfY0C4oig1DZ
    [127] => tg_8T7NZZ0K1lUhDstwHQnzUVaXtWYYnV
    [128] => tg_c0mUBBrcogdE5UvZCY2HnsSHyc6ePs
    [129] => tg_IG3MtJ7JOXqsan5jjyzdOs1dngskIJ
    [130] => tg_VTIb5DaGCBJKGzmOMCno3o3PZif4jo
    [131] => tg_LZVNb8oMP1vPlllm0EKGZKP5Fr09kS
    [132] => tg_ImW7KdcLDbkfZrE1j7R4jVhpShIV9N
    [133] => tg_9wMQEwx1XSgzc6p1L1icWOicF6gRTs
    [134] => tg_Zs0k3Wft4sZSUPLhqKbS72Fumhrxnx
    [135] => tg_gerYjB6O8LOZGhTsfjUHrjOYsrVC8R
    [136] => tg_6EsT5MZUsec2TxWvC3OJLCbsLUJqPT
    [137] => tg_77gFvmZyqqb5ZTA3643TFpwCYz8Jas
    [138] => gfx-227-03
    [139] => tg_GXKFwldOWDrQ9XB8plFtCj91dyXAIh
    [140] => tg_7QcpM9nCqpQopSQYRJB5tiYQyFNcaS
    [141] => tg_KRO4tgKz98o2QEo8GPGocl5GAA74Im
    [142] => jymf-237-03
    [143] => tg_5JtYTW0a9p9j1vHgT86rMlanbYoJSt
    [144] => tg_ceyjwgtKjdoAWvo2vbmAPUZ25nKLFW
    [145] => tg_NvXJf5QR5tjRwPjhRNfgiEKYRFgx4r
    [146] => tg_mohUYUUR0HsouvywyxKRKclRKiIfUh
    [147] => tg_bKnybL4otl2MtKbxCtLLDw8xA056HA
    [148] => tg_JckfSxbP6irS32V5m1lmJIOpmizeZF
    [150] => tg_vRYp2eQQGer5lK072YLwLivcFbf2xf
    [151] => zgzt-213-01
    [152] => tg_uYQsNlH1kqwKDEH4xABqHPfGQdgA9v
    [153] => gfx-227-02
    [154] => tg_vTbMfHDIB32mAvNDaOKQrmgYEKmHHz
    [155] => tg_xrx0cuBrJfilcNPR8zVuyMsMQhyR4b
    [157] => tg_BX7jbPiBrO3Lbj4y7kRa9Zw7d5W5pt
    [158] => dcfy-250-04
    [159] => tg_vC2YDzjcVUC15FGQBPgLNxYeO7Z5SQ
    [160] => tg_q4hI4MqWZwu7ac1kh5pn4KFdNgeV4y
    [161] => tg_luMOlzXMsvqQNqaAuBhkolxOxGtjmA
    [163] => tg_Ri2NPtmmh1FsYTXg1bpBcSfD0VdpP7
    [164] => tg_oBmWiTVc7xdlfusizfDtn2O2bBjraE
    [165] => tg_uPUvULu9YdxvzgdxQi4yvePhHeSD9Q
    [166] => tg_NFFTmgzmMokyIfz9evpCJQ4sNXUaWF
    [167] => f-441-01
    [168] => tg_TnIdkTLjQFHiDWh2mNsiaxhBbXWxH7
    [169] => tg_mFtD7NWQksoGcdkYjyTLyCGBW5LAiU
    [170] => tg_QNIdVsHmq2UJ0KNrgyokjQkFMiWOhX
    [171] => tg_6vi6nfVunqSTdJKQ729D5wPqwD65uc
    [172] => dwsj-435-01
    [173] => tg_LPiY9ekEdtZqLLuukBC3fKOMYpbNWo
    [174] => tg_iCdPvpx09yXS6AqVoH99GaBcG8K6Bx
    [175] => tg_vCsJpv46Zy29l982dIplz8UWDvylOA
    [176] => tg_3H9a1haRWXASZzcsseDOLdFDuXWGy9
    [177] => sgqyc-340-01
    [178] => dixy-232-03
    [179] => cbws-283-02
    [180] => tg_sN4DNq0d4Vg5WHZg9OWPsd4bjkM0hL
    [181] => zyj-263-03
    [182] => tg_jejMxEyTgyxOGvlI2GYJusOt3QDOGb
    [183] => tg_ohkBpsfUYhZVj9odMIMj6RRXHQuf7y
    [184] => tg_JXdNpFL3qYrFKCQydFp9kS0Es7uq9p
    [185] => tg_jVaInI6nlTytxENBtvj0QGDG4ROnQZ
    [188] => tg_rZLzNO4FSdY9hoRYNqEFV16bvYXuBb
    [189] => tg_rmk6gWq0INJZaYZ6tgqFPmq3z5eqNm
    [190] => tg_2ARVHpH2uWK1GKxxu0Zg0YChSYsj0O
    [191] => yxzxAPP-422-01
    [192] => NBAftx-225-02
    [193] => tg_5QH6cQj37W9Aiel0tFJsWqgDtezJLR
    [194] => tg_eNCWE4IqbTr4L3rXk6kxGeYdF0sdgw
    [195] => tg_fGavmBEmEeJaNl84wbOJXtzYoz3ImT
    [196] => tg_NIGftm0hA1EjxWm9DKPuA69NSdLiBs
    [198] => tg_pbdbbYp6CP7zmUcKsYxbNotXs9ZNFJ
    [199] => tg_x7V0CXex19izghRLpbsKQuQz4iWGFy
    [200] => tg_4gxvdgBfeXfU0Mkm1t3kqb6ftdzOMG
    [201] => tg_z037kSsOTpOe64cmjLjl1nUsQAoDwW
    [202] => tg_JYWGy6Lv2jwnMs8SqyRiEdd3aHRvvv
    [203] => tg_D3OC96S53NgitjGQM8exL3wMjxkf4X
    [204] => tg_VY5fuFU8pF4jMVrZsTPAcRbAbM68ZA
    [205] => tg_nNPe0vpMC4ZxmitWGiEHW0gWHDpRcF
    [206] => tg_9svDGMMYJz3JrJlA5yZkJ0dVtaUb4m
    [207] => tg_pdviUeEztqS8c3nE98GICfvvesETHJ
    [208] => tg_OfaE1oD9jOkeCrMxFmwZmT29Ew1L5z
    [209] => tg_Q0OXBqTKUT4gxwLdq8cEyinsbxvWsh
    [210] => tg_BzSlq616dainWOMpgxtFCfaqMVWg3j
    [211] => tg_GMTqei4u3HsEi273emHLsPpYI3B6DW
    [212] => tg_vHJuYyncAfyWx0OBOTNBzBs4VDbYKa
    [213] => tg_zlmQ1MYrs3puVAfAUySNfxp8DprrcN
    [214] => tg_1t8ZHkzHsOjjfBQdO8Sp6xQb4Jqv5N
    [215] => tg_Ns2ruyRNGIFOc1V1cNXZTgYNXxKEzX
    [216] => tg_Qo1fvJS7zsXzyA2IXbpN0O63IkFczD
    [217] => tg_hgxfsHaP3Nl6ta14BIeWsy7lPXS8e2
    [218] => tg_OU20Xikl0SbparapZGvkebqzKhWQRE
    [219] => tg_oRr8aA1QCzsoU5qSPqYmMCuQ9sNmcg
    [220] => tg_HlAnvCbNuM4o6gu4lj9ouY9mA4dxfQ
    [221] => tg_5tm9Wg2AXqKDoIwYbz1h5YBQ4FS8P3
    [222] => tg_MPv6wZlNPr7LOEpHwY19XtQ1kr7Fff
    [223] => tg_QDYvyxICPNYv0kg1BOP8QtEcfFUNGs
    [224] => tg_WxyICK73BRFOH62RcXpAgw7TCRgkLE
    [225] => tg_HAE4GeBnupqKgTMoKVfdqFSpbGZqdw
    [226] => xdzz-228-02
    [227] => dfbb-261-03
    [228] => cbws-283-03
    [229] => tg_gROvgO1zaKN4u7rYKqqtV34oPECQ5H
    [230] => tg_tWxsqLc2DyZW0xhEjU2AGnkAg8rSzH
    [231] => sdyxc3D-243-03
    [232] => tg_URI8scPvK1DEfi44VUKTLVqP96eBcm
    [233] => tg_Q2b1rjqmySzYHTs1i9OWePb2NaBcGB
    [234] => tg_mcEuJVtSvdAtVUENaRDVMBLSq8APnS
    [235] => tg_mGHUeBsI32LYmovto5wB74q45NSYQy
    [236] => tg_kvTh1eV254JKcMoQPmaF50ZSF2YI8r
    [237] => tg_uKdkYuLOUZ6dYpKawiPxSlws5C3p2Q
    [238] => tg_JE7555URTg8PnW3kg27YKTPGG7ZcbP
    [239] => tg_Gejy6CaJU0EYR82x85J7TjKGPjSSZY
    [240] => tg_1EINsQaerAIg5QtrK92gm7n6zSfR7D
    [241] => lwzr-239-03
    [242] => tg_uRPJgNFRkhP1SYEz7vGMLo5cLwr10j
    [243] => tg_euSiCujjVYyRZq2bhlsayXa9gchpUb
    [244] => tg_73mHAOuM3KdQa6oKLLG6XZgNWYlZCU
    [245] => tg_spVeL0duhA4o33C3XVLMLcJeGzpLLx
    [246] => tg_WCkCTf0pTrn8wT5Vga2ak2u2b6U4jG
    [247] => tg_DwNO8ixOfJ2rY1XNclifft83mhYTi4
    [248] => sji2-257-03
    [249] => tg_V4rCcoFzbBkK9PCpIYlOHxsf6WUDQr
    [250] => tg_xX5O7gsz5V7ioS8CXkxejkdaaSilqn
    [251] => tg_9v3y1tH8IID2ObAOh7tIrIqGPUL5li
    [252] => iszz-258-04
    [253] => tg_OutpG19ZiI9q3nGcxcfdMEzgxYATke
    [254] => xyj-241-02
    [255] => tg_IkrlXzTXRIz8Ff1EmFcvknDMveHyZy
    [256] => tg_B2gRz6KoFotcJwvqLHiYqclhTRZjAI
    [257] => tg_QpCczKlhz97ngi9cw2HApmvVoklmE4
    [258] => wd-265-02
    [259] => tg_9MSv9Id4g4YQ5HqkZSRgzWSsm3hDiU
    [260] => tg_R1RDVqNHRQXgl4KJSMyZU2Tno2K9bg
    [261] => tg_Al79fPitwhjCcNsBqZGf6oJ02cb57J
    [262] => tg_hjdu6ORJM7OG8QrXFIcC2xcYVRv9Dr
    [263] => tg_HeObsj9BdHlkcHrYrsz6EL2fa2GJTi
    [264] => tg_WObUg0waseMQMRqjvOnCzrgFmhUPVo
    [265] => tg_UDyMC93nwIALdlS1mugg7eTc5SGYIU
    [266] => iszz-258-10
    [267] => sbkcq-294-01
    [269] => tg_yguQaDrCX4sRHyusZCmoIu2wxKyPTv
    [270] => iszz-258-02
    [271] => tg_prw2gIFGyrnJH79P6pDgYGJjanWPHY
    [272] => tg_YdzBBvglsoXidJdKCmWrG85bql5kG4
    [273] => tg_foInmUBJTEST2FsjE393noaqCL4YDz
    [274] => tg_AsxPJXxY4WyybvnM7G2sf9DlUpfLcS
    [275] => tg_dTHnrrTi01MrOyYTLNenkIEto5QMeB
    [276] => tg_ExtRRmq70LZ5cPOsbOSWEzt7KRjR70
    [277] => tg_qsnV07CXxrunsXAD8uJpw8KAtjwRUH
    [279] => tg_quBxwsHLnDcetKwYUeL0ZwGVhOWJvs
    [280] => tg_R8HYrK50f168ti9sOsZtaiQD2co59J
    [281] => tg_JrFLtWsbbdLYlqboVhSzzxoHROQD4k
    [282] => zyj-263-04
    [283] => tg_O9cgE2tLlaIUujkhXbTlcktVd9yvRi
    [284] => tg_AXIXnbBwMpJMQDEe2VSEWJmTX2afnP
    [286] => tg_mDkHHPzmPXS39YYhBz8uKjl3CzEfCG
    [288] => xyj-241-03
    [289] => tg_ICEcjc9rCPIBR46UAcqeZksnO8Wi9M
    [290] => tg_3ljjNwItLS8dXWcAQk9dgMtgVhn6Zx
    [291] => tg_5OfKZXixp7CjR7XPU0W90lqqqTFk5J
    [292] => tg_E0E2nta7J3vcP1BXFdQhyTIYyLZcTh
    [294] => tg_C279T8XrdTVBzfahN2pau9nO3JhRif
    [295] => tg_iTu7R5kBoS3ZwvVAV0dsCpeGvSwNDW
    [296] => tg_gxMXCdvJJOAMmzsoXJMMaU34TPUY3s
    [298] => tg_CWHe7Hrfhl6JXuwTQhogiVXlCxO6f0
    [300] => tg_Ylsw4PyijBADuMjBqAvjXxmuH9Wj3F
    [301] => tg_KGrCSe1a4ryaHXKDklFBnaD9pInRXq
    [304] => tg_ODoUx9rQG9p7rnBZM2d19F8EQZ5utc
    [305] => tg_o028lSVS26po0ZFjgGHlegKtggqz9S
    [306] => tg_cpZrEKR0IJ4S1rcmaswi8oADsic8pk
    [308] => tg_XFjHfg1mv3pPvJKCJ0JShkY18TdXxi
    [309] => tg_Yu783LP9jjPQKkQ4gZ37LJqiGsa8F2
    [310] => tg_W2pysd1dY4bhFAxFDmSbPJAAXMZAJP
    [311] => tg_NtIayKgqI5dmws2phUaG2sd1trUmnc
    [312] => tg_QZZFggp5dA4nZym1yeDjbwGvJrDxrz
    [313] => tg_lv369aN0qVNdyxeLNsOZUv42Khkq9c
    [314] => tg_NO44EDPcEL3s66lwa9yRtCs9aY1gjc
    [315] => tg_tqrdOEQGez8JLhsu6eKlKfqBQ95Nv9
    [316] => tg_oGuXovKoRUbLPmHuvs3UuIE9aeMS2u
    [317] => tg_3GSSy8PYKoFrup8G30jsux8ihQxkGc
    [318] => tg_NKOwsJ0b1FzamrotErpd6jgYsKAN2v
    [319] => tg_Ok1V5icI9vmONx23EKbYHVP56i1pYd
    [321] => tg_FVED9w8UsxvyBAd0XI1SJDloFLdtQm
    [322] => tg_JJZYD6SJy3SJ6c0AKRp1GmB5UqZ2jg
    [323] => tg_G7iLAMkERZ5ZZ4eotZjjQMghR4aFpd
    [324] => tg_KSrTmGgyDYV81i5ltvne0CVaiHhXRQ
    [326] => tg_bemh9vIE1yhl2WLX8PC3K4kt6T56sl
    [327] => tg_ztpR2HKML8hJFjprho1zfbkV0imFp4
    [329] => tg_hT9imoeBBJOa4aoOSH8s9D4nXulXQ3
    [330] => tg_Uuu7DKIS1H6x1tYmIF3QwX7uhrg7pM
    [331] => tg_YP3WF3TI3Mr7oCBqG4P1cEzXc7s0uA
    [333] => tg_oAoVUwkuOeyVVQ05jZL3XRH3CJPrbR
    [334] => tg_Ol1QFxsnwmPTIifUX1pY0CFdr9g2cW
    [336] => tg_vfaj7fCIWHRW8AF6lOhWStml7M07BG
    [339] => tg_g7ZxSv4gz7VPwWmtBN4Rua0RkQd3SI
    [344] => tg_xBuL3S9TdcaQpVCpOs55vAmiUv8Ix9
    [345] => dixy-232-02
    [346] => ijilz-249-03
    [348] => tg_mrIHzdJ5a7cXVH9W4aDyn8BcY3sEWL
    [350] => tqjjd-426-01
    [352] => tg_a3MwwHqtFVIIu2wAcJtxFP9Qq6YXdU
    [353] => tg_zjUY3zgmqTzHY6gaBbz0V5axvkeADq
    [354] => tg_5OSuPn9oHty6tDThXGVcWSFPKws79c
    [357] => smsjOL-247-04
    [358] => tg_4Zl6KMY5KHdYhVrnrJaLw47ibP8Ibs
    [362] => tg_xyZ3j9g1TEE5oRQ8jtjOvWp93RoO1U
    [363] => tg_SWqbqvLqDQyYjsG9jBBHZo8bF5l6yj
    [364] => tg_gGqT8bYbaxpqLD1XpnsxYSJ3XLlWdc
    [365] => tg_lfUx09OXmzxWGLxjyNqiYhji1J6o3S
    [368] => tg_eXfOrB7ZM7cDO2nqwzIwswNwbLhnlJ
    [372] => tg_q5tpNQkvjppy8orNkmvHjKeZoFDicc
    [373] => tg_e1XmOfhhxXMfenNMZuYv78znuFefbr
    [374] => tg_pVLKwuqunHstVkThsuG9m9ZSFNKY4Z
    [376] => iszz-258-03
    [377] => tg_IHodxJNKrfS0xxajkR6tAtkpohQvUu
    [378] => tg_1wDDLzkjbW3Pb8jzRrA01incmPqYhQ
    [381] => tg_rerMGmdYU9Jyeq8z0UUtJkITxPIPi2
    [384] => dixy-232-01
    [386] => tg_9L7imM0iNMHDvx030tEttb2gY6yAvf
    [391] => tg_aFWrMTmCWEE0kaQmPHz5pWXf54vm83
    [396] => tg_Ybl9xENxHsfVBPK7IBZikgc9icV0p0
    [398] => tg_iNBVgkrz7R1IOCXEEJfkIlPzdSGnyI
    [399] => qqics-242-03
)

有效渠道个数：325
有效渠道array：
Array
(
    [0] => 7221
    [1] => 7220
    [2] => 7217
    [3] => 7216
    [4] => 7215
    [5] => 7214
    [6] => 7213
    [7] => 7210
    [8] => 7207
    [9] => 7206
    [10] => 7205
    [11] => 7204
    [12] => 7203
    [13] => 7202
    [14] => 7201
    [15] => 7200
    [16] => 7198
    [17] => 7029
    [18] => 7028
    [19] => 7026
    [20] => 6991
    [21] => 6971
    [22] => 6880
    [23] => 6874
    [24] => 6871
    [25] => 6865
    [26] => 6864
    [27] => 6862
    [28] => 6860
    [29] => 6859
    [30] => 6856
    [31] => 6853
    [32] => 6852
    [33] => 6851
    [34] => 6850
    [35] => 6847
    [36] => 6846
    [37] => 6845
    [38] => 6843
    [39] => 6841
    [40] => 6838
    [41] => 6468
    [42] => 6435
    [43] => 6426
    [44] => 6421
    [45] => 6251
    [46] => 6050
    [47] => 6049
    [48] => 5880
    [49] => 5750
    [50] => 5728
    [51] => 5727
    [52] => 5726
    [53] => 5717
    [54] => 4637
    [55] => 4575
    [56] => 4097
    [57] => 4094
    [58] => 2547
    [59] => 2539
    [60] => 2505
    [61] => 2446
    [62] => 2437
    [63] => 2407
    [64] => 2395
    [65] => 2394
    [66] => 2393
    [67] => 2391
    [68] => 2388
    [69] => 2386
    [70] => 2385
    [71] => 2383
    [72] => 2381
    [73] => 2377
    [74] => 2283
    [75] => 2280
    [76] => 2278
    [77] => 2274
    [78] => 2273
    [79] => 2271
    [80] => 2270
    [81] => 2269
    [82] => 2268
    [83] => 2267
    [84] => 2266
    [85] => 2264
    [86] => 2263
    [87] => 2262
    [88] => 2260
    [89] => 2259
    [90] => 2258
    [91] => 2256
    [92] => 2255
    [93] => 2231
    [94] => 2221
    [95] => 2218
    [96] => 2215
    [97] => 2210
    [98] => 2099
    [99] => 2090
    [100] => 2073
    [101] => 2060
    [102] => 2055
    [103] => 2045
    [104] => 1896
    [105] => 1885
    [106] => 1884
    [107] => 1877
    [108] => 1875
    [109] => 1872
    [110] => 1870
    [111] => 1868
    [112] => 1867
    [113] => 1860
    [114] => 1859
    [115] => 1857
    [116] => 1856
    [117] => 1854
    [118] => 1837
    [119] => 1825
    [120] => 1824
    [121] => 1823
    [122] => 1821
    [123] => 1814
    [124] => 1811
    [125] => 1809
    [126] => 1803
    [127] => 1801
    [128] => 1650
    [129] => 1647
    [130] => 1638
    [131] => 1637
    [132] => 1631
    [133] => 1630
    [134] => 1629
    [135] => 1621
    [136] => 1620
    [137] => 1618
    [138] => 1617
    [139] => 1604
    [140] => 1601
    [141] => 1597
    [142] => 1595
    [143] => 1559
    [144] => 1557
    [145] => 1555
    [146] => 1553
    [147] => 1531
    [148] => 1526
    [149] => 1524
    [150] => 1519
    [151] => 1491
    [152] => 1488
    [153] => 1481
    [154] => 1480
    [155] => 1476
    [156] => 1475
    [157] => 1473
    [158] => 1470
    [159] => 1464
    [160] => 1461
    [161] => 1459
    [162] => 1457
    [163] => 1452
    [164] => 1441
    [165] => 1439
    [166] => 1438
    [167] => 1431
    [168] => 1428
    [169] => 1419
    [170] => 1417
    [171] => 1393
    [172] => 1392
    [173] => 1389
    [174] => 1380
    [175] => 1346
    [176] => 1344
    [177] => 1343
    [178] => 1337
    [179] => 1335
    [180] => 1324
    [181] => 1306
    [182] => 1305
    [183] => 1304
    [184] => 1139
    [185] => 1138
    [186] => 1134
    [187] => 1123
    [188] => 1121
    [189] => 1120
    [190] => 1119
    [191] => 1110
    [192] => 1101
    [193] => 1100
    [194] => 1077
    [195] => 1056
    [196] => 1012
    [197] => 1009
    [198] => 999
    [199] => 998
    [200] => 971
    [201] => 946
    [202] => 944
    [203] => 927
    [204] => 915
    [205] => 913
    [206] => 881
    [207] => 876
    [208] => 873
    [209] => 872
    [210] => 871
    [211] => 867
    [212] => 866
    [213] => 860
    [214] => 857
    [215] => 855
    [216] => 851
    [217] => 850
    [218] => 843
    [219] => 837
    [220] => 836
    [221] => 825
    [222] => 823
    [223] => 805
    [224] => 800
    [225] => 799
    [226] => 798
    [227] => 785
    [228] => 775
    [229] => 771
    [230] => 758
    [231] => 753
    [232] => 751
    [233] => 728
    [234] => 727
    [235] => 725
    [236] => 724
    [237] => 717
    [238] => 697
    [239] => 696
    [240] => 695
    [241] => 694
    [242] => 689
    [243] => 686
    [244] => 685
    [245] => 683
    [246] => 680
    [247] => 677
    [248] => 676
    [249] => 658
    [250] => 657
    [251] => 656
    [252] => 654
    [253] => 616
    [254] => 593
    [255] => 592
    [256] => 589
    [257] => 588
    [258] => 587
    [259] => 581
    [260] => 579
    [261] => 572
    [262] => 563
    [263] => 562
    [264] => 542
    [265] => 536
    [266] => 535
    [267] => 533
    [268] => 528
    [269] => 527
    [270] => 526
    [271] => 478
    [272] => 477
    [273] => 476
    [274] => 464
    [275] => 462
    [276] => 460
    [277] => 456
    [278] => 453
    [279] => 441
    [280] => 439
    [281] => 430
    [282] => 429
    [283] => 416
    [284] => 412
    [285] => 411
    [286] => 409
    [287] => 407
    [288] => 405
    [289] => 404
    [290] => 403
    [291] => 399
    [292] => 398
    [293] => 396
    [294] => 392
    [295] => 389
    [296] => 386
    [297] => 384
    [298] => 381
    [299] => 380
    [300] => 377
    [301] => 374
    [302] => 373
    [303] => 371
    [304] => 370
    [305] => 369
    [306] => 368
    [307] => 324
    [308] => 319
    [309] => 317
    [310] => 311
    [311] => 309
    [312] => 307
    [313] => 300
    [314] => 297
    [315] => 296
    [316] => 295
    [317] => 293
    [318] => 262
    [319] => 259
    [320] => 223
    [321] => 218
    [322] => 167
    [323] => 141
    [324] => 14
)

