2016-10-20 00:33:38
统计当天：2016-10-19
渠道个数（即dailyaccount的个数）：6803
渠道sql：
select * from yx_tg_source S left join yx_tg_game G on S.gameid = G.gameid where S.activeflag = 1 and G.activeflag = 1 and G.isonstack = 0  and S.createtime<='2016-10-19 23:59:59' order by S.id desc
活跃渠道个数：321
活跃渠道array：
Array
(
    [0] => tg_3GSSy8PYKoFrup8G30jsux8ihQxkGc
    [1] => tg_4zE122WihSnHVLpwtgEbGo8wEaokgZ
    [2] => tg_1wDDLzkjbW3Pb8jzRrA01incmPqYhQ
    [3] => tg_jCHJyMptnrEeCRtLvWCna1UgFDOg12
    [4] => iziy-262-03
    [5] => sszj-260-03
    [6] => tg_sM3nfqDJy3Vy5aPurriOPCdX9iEJma
    [7] => dfbb-261-03
    [8] => tg_au4IVxZIqUPkIsk9WHXh5V7naKiSIK
    [9] => tg_yguQaDrCX4sRHyusZCmoIu2wxKyPTv
    [10] => tg_mDkHHPzmPXS39YYhBz8uKjl3CzEfCG
    [11] => tg_N3n5bMNK8zcr4pfuMwWwZ8rQ1S89xz
    [12] => tg_jozQbXSt0MsOdEGwpK3VTTyUp66Ce2
    [13] => tg_2ZYkmaQb5dtVWF9Eg0rokADvWu2l1D
    [14] => tg_wdPlPXqIiLNs9uy7Ml0oOQKl3eamzQ
    [15] => tg_isZoXNhPlO746tHMSp9H4QBHsPxXNI
    [16] => tg_V4rCcoFzbBkK9PCpIYlOHxsf6WUDQr
    [17] => tg_AXIXnbBwMpJMQDEe2VSEWJmTX2afnP
    [18] => tg_YP3WF3TI3Mr7oCBqG4P1cEzXc7s0uA
    [19] => smsjOL-247-04
    [20] => tg_MgtczvSC2Y8RhwzpkFMfLrp6BnzFJA
    [21] => tg_fl4scLZ4FiUV9noT00XsT0B55NgKEK
    [22] => tg_gxMXCdvJJOAMmzsoXJMMaU34TPUY3s
    [23] => iszz-258-09
    [24] => dixy-232-01
    [25] => tg_vTbMfHDIB32mAvNDaOKQrmgYEKmHHz
    [26] => tg_2NsHXZzeADPI3sOdsGvb5UWmUgvIq3
    [27] => tg_MwmQeDM6z2hcH7FkvAQSikHdIAwg1t
    [28] => tg_5OfKZXixp7CjR7XPU0W90lqqqTFk5J
    [29] => tg_AsxPJXxY4WyybvnM7G2sf9DlUpfLcS
    [30] => tg_g7ZxSv4gz7VPwWmtBN4Rua0RkQd3SI
    [31] => COK-223-01
    [32] => tg_IHodxJNKrfS0xxajkR6tAtkpohQvUu
    [33] => tg_It3ZrGnxHnT527Li1JsFPEbAXHFsnx
    [34] => ly-266-01
    [35] => tg_Sewxs3XtPGOLYiORI5Pkg7odXeAKXN
    [36] => tg_MPv6wZlNPr7LOEpHwY19XtQ1kr7Fff
    [37] => tg_a5q2q9GN2xABq86jM9pwiS8iyBJVfW
    [38] => wd-265-03
    [39] => tg_NgwIwYVjAzXZn1QBJC68rQwtm8qAnv
    [40] => tg_DSCeq49dAY1NXszMuPT6YSvlibLEV5
    [41] => tg_PXQG1MoeGb9uQy94DtZg3mBtr0ErUI
    [42] => tg_rZLzNO4FSdY9hoRYNqEFV16bvYXuBb
    [43] => tg_YSA05Nah8JewKgqX9nr7Acwb2aBxyl
    [44] => tg_9ODQEQAEQC2jZ68fdtnxDefI1lJGh5
    [45] => xdzz-228-03
    [46] => tg_1jQe73rT4e8GVjRXeU65PvjFfgyCJ9
    [47] => tg_xynK92e6Ss0NWnCvL8CCENHHEqAka4
    [48] => dfi2-252-03
    [49] => tg_lH8i7vtt5Vyi4nU4poSm8Iv68PqS5A
    [50] => tg_VZuGbtPK119VaeXIfeAFPpCwPVuF4q
    [51] => tg_T0Ed5mmvuRdVzcxLWCLs9R6BGf0EaP
    [52] => tg_hfQFP1T5unIBwVwmYZ84lmbLUk6Hql
    [53] => zyj-263-04
    [54] => fzj-291-01
    [55] => tg_mNXK59R18xrYtoBaxWNwkKYPBuKXQp
    [56] => tg_9DneKn1CDJFWOGcDYBJNlApta8VGdl
    [57] => tg_JZ9J3vGNs6fiYDpid1fLVXAcdmnJGC
    [58] => tg_uM73vHb3tX7wOkVYYGRobZCg6rHCVT
    [59] => tg_OelNZbsZicvSlFyKZY006o7gBOtSKO
    [60] => tg_Trn7YSQVVtNZzq3Fw768fo98JN0n65
    [61] => tg_ukKVlFDkkWIyijtZbh7wQ9szez1vK1
    [62] => tg_KPu4Nors1HZxKWZihYMPeXmb4uu43N
    [63] => tg_D3OC96S53NgitjGQM8exL3wMjxkf4X
    [64] => tg_REbZq3xHh7bBMYgjx9hoFuLn8zSkuc
    [65] => tg_USQULvLd7jEwvAnEXP6ogWMPmBcWXF
    [67] => tg_jVaInI6nlTytxENBtvj0QGDG4ROnQZ
    [68] => tg_yxb251siBnIPfFxfGL0q0F510DqGvt
    [69] => tg_YdzBBvglsoXidJdKCmWrG85bql5kG4
    [70] => tg_u1US2O9i4Z0zNFhwCpRHFpjjJ2Ti4w
    [71] => tg_2WbWHagMS2SOb5xOSfVRLGlIn1S33u
    [72] => tg_a90RnFEOwkBcXh7tN9qQpXdm0EkE71
    [73] => tg_dcZ5QIL64ZnGI4GY1HWwh29nKXB9BK
    [74] => dixy-232-03
    [75] => tg_I0yFcLAGEDDKqd44YaBeFpfYR55Xp4
    [76] => tg_G9yTAxWgs6kbikFA8mybpflSOxGHtl
    [77] => tg_xyeEpNy38LrPrmO7kN8DtktaBlDieY
    [78] => tg_Ls0r0ObpFIFHHBSzcMSHVlPIgMA5tM
    [79] => xyj-241-01
    [80] => cfzjbsn-245-05
    [81] => tg_Tz78wapH5HOWKkA6nychOiftbexKey
    [82] => tg_NKOwsJ0b1FzamrotErpd6jgYsKAN2v
    [83] => tg_h5iONOS0wxb0TrL5frwvs9rEbHdIMd
    [84] => tg_lIOl2zcaIeBqz5T2UZ8clErFHYjbqG
    [85] => tg_77gFvmZyqqb5ZTA3643TFpwCYz8Jas
    [86] => tg_eGqoU2qlNLtvDYNYfI973jrvfDEN6u
    [87] => kyzisg-445-01
    [88] => tg_eLvEUVWPVr3mOUhel9Kbw0ggZa2BIk
    [89] => NBAftx-225-02
    [90] => lwzr-239-03
    [91] => tg_TFiu6KfYAaKKGcBXfRsXxwaULniObl
    [92] => tg_3DSNWRoGvcnS1USj7RLdEQ1Anm4nds
    [93] => tg_i4y3tgPSQAfTsaRaUJHz54TdjY6apA
    [94] => tg_y0rw3xWTqO1J6EbXH2IEeZciWZj2V8
    [95] => tg_7QcpM9nCqpQopSQYRJB5tiYQyFNcaS
    [96] => tg_vbwwFyBTllAAffuxq0GtZmVvwtgcvu
    [97] => tg_NvXJf5QR5tjRwPjhRNfgiEKYRFgx4r
    [98] => tg_rxk5PfhQq0bSCryZmN7GIozF5JXeYS
    [99] => tg_foInmUBJTEST2FsjE393noaqCL4YDz
    [100] => dixl-277-03
    [101] => tg_VY5fuFU8pF4jMVrZsTPAcRbAbM68ZA
    [102] => tg_Ri2NPtmmh1FsYTXg1bpBcSfD0VdpP7
    [103] => tg_lTm5KCarKN5sbIrdEvpfC30Lw2bfXX
    [104] => tg_g3bZ5ra75R1nWzPNlKVchhK6YtC5az
    [105] => tg_2H4Lh6QFRbtPVS4psFYWJTTOhX6jay
    [106] => tg_M5zUaA3DMMBBZPjFJolOdrD79x6YIG
    [107] => tg_LPiY9ekEdtZqLLuukBC3fKOMYpbNWo
    [108] => iziy-262-04
    [109] => tg_unMwLTGeYthJRg2f50TqUFSAig0HCf
    [110] => iszz-258-11
    [111] => tg_uKdkYuLOUZ6dYpKawiPxSlws5C3p2Q
    [112] => tg_2y6tuOE4WZ0BqicZdIkwD9UDhX3n4m
    [113] => tg_73mHAOuM3KdQa6oKLLG6XZgNWYlZCU
    [114] => tg_Zs0k3Wft4sZSUPLhqKbS72Fumhrxnx
    [115] => tg_OD7FcltYU9ZyDt7rn6beaylFAAVT5D
    [116] => dfi2-252-02
    [117] => tg_tWxsqLc2DyZW0xhEjU2AGnkAg8rSzH
    [118] => tg_OU20Xikl0SbparapZGvkebqzKhWQRE
    [119] => sglxc-386-01
    [120] => tg_NFFTmgzmMokyIfz9evpCJQ4sNXUaWF
    [121] => tg_v7cDnrslnzqxIArJ4erBCApkpQRJeE
    [122] => wmsj3D-256-03
    [123] => tg_LZVNb8oMP1vPlllm0EKGZKP5Fr09kS
    [124] => tg_R1RDVqNHRQXgl4KJSMyZU2Tno2K9bg
    [125] => ljm-333-01
    [126] => zgzt-213-01
    [129] => tg_ODoUx9rQG9p7rnBZM2d19F8EQZ5utc
    [130] => tg_pJMJsGoFLsRMlUougP8UbrhnBRQS1a
    [131] => gfx-227-02
    [132] => tg_8T7NZZ0K1lUhDstwHQnzUVaXtWYYnV
    [133] => dwsj-435-01
    [134] => tg_IG3MtJ7JOXqsan5jjyzdOs1dngskIJ
    [135] => tg_f4MrjAM7ukL1oZiajc2xKhCl3GaZjI
    [136] => tg_YXN3TfrJFplQO6M8KmN3F047fQ8sTz
    [137] => tg_KGrCSe1a4ryaHXKDklFBnaD9pInRXq
    [138] => tg_nNPe0vpMC4ZxmitWGiEHW0gWHDpRcF
    [139] => fknsg2-431-01
    [140] => tg_2i8s3OS0ZCcjztr3Km52a16vESsvis
    [141] => tg_ceyjwgtKjdoAWvo2vbmAPUZ25nKLFW
    [142] => tg_4Zl6KMY5KHdYhVrnrJaLw47ibP8Ibs
    [143] => sijzcycs-270-01
    [144] => tg_uiQovoTFrNRZPlvkUq2VxhBmp6vqAo
    [145] => zyj-263-03
    [146] => gfx-227-03
    [147] => dfw9-295-01
    [148] => tg_NIGftm0hA1EjxWm9DKPuA69NSdLiBs
    [149] => tg_HeObsj9BdHlkcHrYrsz6EL2fa2GJTi
    [151] => yxzxAPP-422-01
    [152] => mnqy-335-01
    [153] => tg_c0mUBBrcogdE5UvZCY2HnsSHyc6ePs
    [155] => tg_NtIayKgqI5dmws2phUaG2sd1trUmnc
    [156] => tg_WObUg0waseMQMRqjvOnCzrgFmhUPVo
    [157] => tg_O9cgE2tLlaIUujkhXbTlcktVd9yvRi
    [158] => tg_n3qXUbsViYy6M8zO55x3jxvAMHZa2W
    [159] => tg_q4hI4MqWZwu7ac1kh5pn4KFdNgeV4y
    [160] => tg_iCdPvpx09yXS6AqVoH99GaBcG8K6Bx
    [161] => tg_R64SDdeCJshvCUVl9kk1SAY2mVMv40
    [162] => tg_bpYONgUY2PG9nfV2RfA8d0znuHQGxE
    [163] => tg_IB6hnKY9LuosneMkON6vp3eobulWK3
    [164] => tg_vQk4YxqC6WppWmaHRPd2w4A2NFvcLe
    [165] => tg_xvCgNlPr9K7D216WoVlBjkIHzwcQuK
    [166] => tg_9exPJH0wBZ8HTOnBGIBAUy7Pd5KItg
    [167] => tg_3H9a1haRWXASZzcsseDOLdFDuXWGy9
    [168] => tg_KSrTmGgyDYV81i5ltvne0CVaiHhXRQ
    [169] => tg_cC1AuzijXxk0DTe0f4TIeLb1sGp1Ut
    [170] => tg_howgDJMf8H0nC23KdM8cLLhsk330Sj
    [171] => tg_GXKFwldOWDrQ9XB8plFtCj91dyXAIh
    [172] => tg_9wMQEwx1XSgzc6p1L1icWOicF6gRTs
    [173] => cbws-283-02
    [174] => tg_mcEuJVtSvdAtVUENaRDVMBLSq8APnS
    [175] => tg_DLgDR06dmMa0a6U2hBofa0ahtn29UH
    [176] => tg_ICEcjc9rCPIBR46UAcqeZksnO8Wi9M
    [177] => sji2-257-03
    [178] => tg_9svDGMMYJz3JrJlA5yZkJ0dVtaUb4m
    [180] => tg_XsxYkTvYKaFEZLomJmAIGTxKh6t473
    [181] => jymf-237-03
    [182] => tg_GMTqei4u3HsEi273emHLsPpYI3B6DW
    [183] => tg_x7V0CXex19izghRLpbsKQuQz4iWGFy
    [184] => dcfy-250-04
    [185] => tg_2ARVHpH2uWK1GKxxu0Zg0YChSYsj0O
    [186] => tg_BX7jbPiBrO3Lbj4y7kRa9Zw7d5W5pt
    [187] => tg_Gejy6CaJU0EYR82x85J7TjKGPjSSZY
    [188] => 
    [189] => tg_z037kSsOTpOe64cmjLjl1nUsQAoDwW
    [190] => xyj-241-02
    [191] => tg_X9FfgTUedruUSLOuWANgAoPgSE0s2Q
    [192] => tg_eNCWE4IqbTr4L3rXk6kxGeYdF0sdgw
    [193] => tg_pdviUeEztqS8c3nE98GICfvvesETHJ
    [194] => tg_hjdu6ORJM7OG8QrXFIcC2xcYVRv9Dr
    [195] => tg_JYWGy6Lv2jwnMs8SqyRiEdd3aHRvvv
    [197] => tg_hgxfsHaP3Nl6ta14BIeWsy7lPXS8e2
    [198] => tg_SWqbqvLqDQyYjsG9jBBHZo8bF5l6yj
    [199] => tg_OfaE1oD9jOkeCrMxFmwZmT29Ew1L5z
    [200] => tg_5tm9Wg2AXqKDoIwYbz1h5YBQ4FS8P3
    [201] => tg_Q0OXBqTKUT4gxwLdq8cEyinsbxvWsh
    [202] => tg_5QH6cQj37W9Aiel0tFJsWqgDtezJLR
    [203] => tg_6vi6nfVunqSTdJKQ729D5wPqwD65uc
    [205] => tg_9v3y1tH8IID2ObAOh7tIrIqGPUL5li
    [206] => tg_fGavmBEmEeJaNl84wbOJXtzYoz3ImT
    [207] => tg_BzSlq616dainWOMpgxtFCfaqMVWg3j
    [208] => cbws-283-03
    [209] => tg_kvTh1eV254JKcMoQPmaF50ZSF2YI8r
    [210] => tg_vHJuYyncAfyWx0OBOTNBzBs4VDbYKa
    [211] => tg_tqrdOEQGez8JLhsu6eKlKfqBQ95Nv9
    [212] => tg_gROvgO1zaKN4u7rYKqqtV34oPECQ5H
    [213] => tg_Q2b1rjqmySzYHTs1i9OWePb2NaBcGB
    [214] => tg_mFtD7NWQksoGcdkYjyTLyCGBW5LAiU
    [215] => tg_HlAnvCbNuM4o6gu4lj9ouY9mA4dxfQ
    [216] => tg_DwNO8ixOfJ2rY1XNclifft83mhYTi4
    [217] => tg_HAE4GeBnupqKgTMoKVfdqFSpbGZqdw
    [218] => tg_v2aSduKnJJ5NKXAAkCTPEOYo7JnS94
    [219] => tg_spVeL0duhA4o33C3XVLMLcJeGzpLLx
    [220] => tg_xBuL3S9TdcaQpVCpOs55vAmiUv8Ix9
    [221] => tg_hT9imoeBBJOa4aoOSH8s9D4nXulXQ3
    [223] => tg_UDyMC93nwIALdlS1mugg7eTc5SGYIU
    [224] => tg_1t8ZHkzHsOjjfBQdO8Sp6xQb4Jqv5N
    [225] => tg_uRPJgNFRkhP1SYEz7vGMLo5cLwr10j
    [228] => tg_WCkCTf0pTrn8wT5Vga2ak2u2b6U4jG
    [229] => tg_oGuXovKoRUbLPmHuvs3UuIE9aeMS2u
    [230] => tg_ztpR2HKML8hJFjprho1zfbkV0imFp4
    [231] => tg_q5tpNQkvjppy8orNkmvHjKeZoFDicc
    [232] => tg_NoqH248k7exruZXQMVi100rIj0Ow78
    [234] => tg_JE7555URTg8PnW3kg27YKTPGG7ZcbP
    [235] => tg_bemh9vIE1yhl2WLX8PC3K4kt6T56sl
    [236] => tg_lv369aN0qVNdyxeLNsOZUv42Khkq9c
    [237] => tg_wiZfGGZ5VmiKZDTLcFudf4BxvoHnnr
    [238] => tg_e1XmOfhhxXMfenNMZuYv78znuFefbr
    [239] => sdyxc3D-243-03
    [240] => tg_euSiCujjVYyRZq2bhlsayXa9gchpUb
    [241] => tg_rmk6gWq0INJZaYZ6tgqFPmq3z5eqNm
    [242] => tg_1EINsQaerAIg5QtrK92gm7n6zSfR7D
    [243] => tg_eXfOrB7ZM7cDO2nqwzIwswNwbLhnlJ
    [245] => tg_9MSv9Id4g4YQ5HqkZSRgzWSsm3hDiU
    [247] => tg_luMOlzXMsvqQNqaAuBhkolxOxGtjmA
    [248] => tg_mGHUeBsI32LYmovto5wB74q45NSYQy
    [249] => tg_3ljjNwItLS8dXWcAQk9dgMtgVhn6Zx
    [250] => iszz-258-10
    [251] => tg_pbdbbYp6CP7zmUcKsYxbNotXs9ZNFJ
    [252] => tg_FVED9w8UsxvyBAd0XI1SJDloFLdtQm
    [253] => tg_qsnV07CXxrunsXAD8uJpw8KAtjwRUH
    [255] => tg_C279T8XrdTVBzfahN2pau9nO3JhRif
    [256] => tg_caJsC7EfMOzEbr9mIg1Oi8xmFBpxw6
    [258] => tg_a3MwwHqtFVIIu2wAcJtxFP9Qq6YXdU
    [259] => wd-265-02
    [260] => tg_vC2YDzjcVUC15FGQBPgLNxYeO7Z5SQ
    [261] => tg_Spjn27BpHac5Q481Rr5zp1q1m3soZ2
    [262] => tg_Al79fPitwhjCcNsBqZGf6oJ02cb57J
    [264] => tg_Hllcezo5vcG6IuqIwwwGQ0oYw0mGPL
    [265] => iszz-258-02
    [266] => tg_E0E2nta7J3vcP1BXFdQhyTIYyLZcTh
    [267] => sbkcq-294-01
    [268] => tg_aFWrMTmCWEE0kaQmPHz5pWXf54vm83
    [270] => tg_sN4DNq0d4Vg5WHZg9OWPsd4bjkM0hL
    [271] => tg_SUBQvuZAx9lnRfMLE4t3Vdfem6fCqd
    [273] => iszz-258-04
    [274] => tg_Ok1V5icI9vmONx23EKbYHVP56i1pYd
    [275] => dixy-232-02
    [276] => tg_Uuu7DKIS1H6x1tYmIF3QwX7uhrg7pM
    [278] => tg_FpXDuybKIJPNh59t6JyrliJWL2RGd1
    [279] => tg_Ns2ruyRNGIFOc1V1cNXZTgYNXxKEzX
    [280] => tg_V3ZMC6AaWAUIgoEVwUp5VmHPypL3p1
    [281] => tg_9L7imM0iNMHDvx030tEttb2gY6yAvf
    [282] => tg_XFjHfg1mv3pPvJKCJ0JShkY18TdXxi
    [283] => tg_R5o8QShUV1GO4zyUU3UWozKOn12GdV
    [286] => tg_prw2gIFGyrnJH79P6pDgYGJjanWPHY
    [287] => tg_Yu783LP9jjPQKkQ4gZ37LJqiGsa8F2
    [288] => tg_5OSuPn9oHty6tDThXGVcWSFPKws79c
    [289] => tg_iqfTzQ8SlRMYUsxMhhHnvScsJrc5by
    [290] => tg_oAoVUwkuOeyVVQ05jZL3XRH3CJPrbR
    [291] => tg_QZZFggp5dA4nZym1yeDjbwGvJrDxrz
    [295] => tg_1nGplhQDLUI1MZSEUXMNUL84CHOPpX
    [296] => tg_cpZrEKR0IJ4S1rcmaswi8oADsic8pk
    [297] => tg_Zoks2ueLqNQh9bkP9F8nWgWxgVN4a3
    [298] => tg_CWHe7Hrfhl6JXuwTQhogiVXlCxO6f0
    [299] => tg_rRyHzAFMUdV7axvQjFOLFWcimW2ISs
    [301] => xdzz-228-02
    [302] => ly-266-03
    [303] => tg_quBxwsHLnDcetKwYUeL0ZwGVhOWJvs
    [304] => tg_JrFLtWsbbdLYlqboVhSzzxoHROQD4k
    [306] => tg_u5jkBNVLd4lnnf9w8P6FZVnCleJITd
    [307] => tg_vfaj7fCIWHRW8AF6lOhWStml7M07BG
    [308] => tg_NCP73iALs0HQvWtKPZzGiEA3HSBsAa
    [309] => tg_URI8scPvK1DEfi44VUKTLVqP96eBcm
    [312] => tg_JXdNpFL3qYrFKCQydFp9kS0Es7uq9p
    [314] => tg_Ylsw4PyijBADuMjBqAvjXxmuH9Wj3F
    [315] => iszz-258-03
    [316] => tg_1UrNa6pMG9ilFEbZCPTKAY22s7V5Cz
    [317] => tg_ZZgcgW1UXMwmQ7XrtNJNYgILCHkhvx
    [318] => tg_Wn11xsfYxoYQKmXznDz7ic5H2PaJth
    [319] => tg_4gxvdgBfeXfU0Mkm1t3kqb6ftdzOMG
    [320] => tg_ExtRRmq70LZ5cPOsbOSWEzt7KRjR70
    [322] => tg_uYQsNlH1kqwKDEH4xABqHPfGQdgA9v
    [324] => tg_IkrlXzTXRIz8Ff1EmFcvknDMveHyZy
    [325] => qqics-242-03
    [326] => tg_o028lSVS26po0ZFjgGHlegKtggqz9S
    [327] => tg_B2gRz6KoFotcJwvqLHiYqclhTRZjAI
    [328] => tg_Ol1QFxsnwmPTIifUX1pY0CFdr9g2cW
    [331] => tg_gGqT8bYbaxpqLD1XpnsxYSJ3XLlWdc
    [335] => tg_6EsT5MZUsec2TxWvC3OJLCbsLUJqPT
    [338] => tg_Ybl9xENxHsfVBPK7IBZikgc9icV0p0
    [340] => xyj-241-03
    [341] => tg_R8HYrK50f168ti9sOsZtaiQD2co59J
    [342] => tg_lfUx09OXmzxWGLxjyNqiYhji1J6o3S
    [343] => tg_zIE36IpaEbThVLZgMNej31QQ7USmDL
    [346] => tg_iTu7R5kBoS3ZwvVAV0dsCpeGvSwNDW
    [348] => tg_G7iLAMkERZ5ZZ4eotZjjQMghR4aFpd
    [352] => tg_JJZYD6SJy3SJ6c0AKRp1GmB5UqZ2jg
    [357] => tg_xX5O7gsz5V7ioS8CXkxejkdaaSilqn
    [358] => tg_Uzk9TWGhQpn8JMmxrdOv3sknjw9Rpv
    [360] => tg_xyZ3j9g1TEE5oRQ8jtjOvWp93RoO1U
    [363] => tg_mrIHzdJ5a7cXVH9W4aDyn8BcY3sEWL
    [364] => tg_zjUY3zgmqTzHY6gaBbz0V5axvkeADq
    [366] => tg_Gl4B6QurIAtwce1L8X9Drz0yYnpQAo
    [368] => tg_rerMGmdYU9Jyeq8z0UUtJkITxPIPi2
    [369] => tg_pVLKwuqunHstVkThsuG9m9ZSFNKY4Z
    [371] => tg_KMpuyo1EOdaG6l4RIJxknESqe8i1do
    [373] => tg_NO44EDPcEL3s66lwa9yRtCs9aY1gjc
    [376] => ijilz-249-03
    [377] => tg_Qo1fvJS7zsXzyA2IXbpN0O63IkFczD
    [378] => tg_iNBVgkrz7R1IOCXEEJfkIlPzdSGnyI
    [382] => xdzz-228-06
)

有效渠道个数：300
有效渠道array：
Array
(
    [0] => 7616
    [1] => 7608
    [2] => 7607
    [3] => 7593
    [4] => 7582
    [5] => 7403
    [6] => 7224
    [7] => 7213
    [8] => 7202
    [9] => 7201
    [10] => 7198
    [11] => 7029
    [12] => 7026
    [13] => 6971
    [14] => 6880
    [15] => 6874
    [16] => 6871
    [17] => 6864
    [18] => 6860
    [19] => 6859
    [20] => 6856
    [21] => 6854
    [22] => 6852
    [23] => 6851
    [24] => 6850
    [25] => 6849
    [26] => 6847
    [27] => 6846
    [28] => 6845
    [29] => 6843
    [30] => 6841
    [31] => 6838
    [32] => 6468
    [33] => 6465
    [34] => 6447
    [35] => 6426
    [36] => 6424
    [37] => 6421
    [38] => 6041
    [39] => 5856
    [40] => 5750
    [41] => 5728
    [42] => 5727
    [43] => 5726
    [44] => 5717
    [45] => 4681
    [46] => 4637
    [47] => 4575
    [48] => 4097
    [49] => 4067
    [50] => 3129
    [51] => 2547
    [52] => 2515
    [53] => 2505
    [54] => 2446
    [55] => 2437
    [56] => 2407
    [57] => 2395
    [58] => 2394
    [59] => 2393
    [60] => 2391
    [61] => 2388
    [62] => 2386
    [63] => 2385
    [64] => 2381
    [65] => 2377
    [66] => 2373
    [67] => 2281
    [68] => 2280
    [69] => 2274
    [70] => 2273
    [71] => 2270
    [72] => 2269
    [73] => 2268
    [74] => 2267
    [75] => 2266
    [76] => 2264
    [77] => 2263
    [78] => 2262
    [79] => 2260
    [80] => 2259
    [81] => 2258
    [82] => 2256
    [83] => 2231
    [84] => 2218
    [85] => 2215
    [86] => 2210
    [87] => 2209
    [88] => 2099
    [89] => 2090
    [90] => 2073
    [91] => 2055
    [92] => 2045
    [93] => 1896
    [94] => 1884
    [95] => 1877
    [96] => 1875
    [97] => 1872
    [98] => 1870
    [99] => 1867
    [100] => 1859
    [101] => 1857
    [102] => 1856
    [103] => 1854
    [104] => 1837
    [105] => 1825
    [106] => 1824
    [107] => 1823
    [108] => 1821
    [109] => 1814
    [110] => 1809
    [111] => 1803
    [112] => 1801
    [113] => 1650
    [114] => 1647
    [115] => 1638
    [116] => 1637
    [117] => 1631
    [118] => 1630
    [119] => 1629
    [120] => 1621
    [121] => 1620
    [122] => 1618
    [123] => 1617
    [124] => 1616
    [125] => 1604
    [126] => 1601
    [127] => 1597
    [128] => 1595
    [129] => 1557
    [130] => 1555
    [131] => 1553
    [132] => 1531
    [133] => 1526
    [134] => 1524
    [135] => 1519
    [136] => 1491
    [137] => 1488
    [138] => 1481
    [139] => 1480
    [140] => 1476
    [141] => 1475
    [142] => 1473
    [143] => 1464
    [144] => 1461
    [145] => 1459
    [146] => 1457
    [147] => 1452
    [148] => 1441
    [149] => 1438
    [150] => 1436
    [151] => 1431
    [152] => 1428
    [153] => 1419
    [154] => 1417
    [155] => 1393
    [156] => 1392
    [157] => 1389
    [158] => 1380
    [159] => 1369
    [160] => 1346
    [161] => 1344
    [162] => 1343
    [163] => 1337
    [164] => 1335
    [165] => 1324
    [166] => 1306
    [167] => 1305
    [168] => 1304
    [169] => 1279
    [170] => 1278
    [171] => 1139
    [172] => 1134
    [173] => 1123
    [174] => 1120
    [175] => 1115
    [176] => 1110
    [177] => 1101
    [178] => 1077
    [179] => 1056
    [180] => 1012
    [181] => 1009
    [182] => 999
    [183] => 998
    [184] => 991
    [185] => 971
    [186] => 946
    [187] => 944
    [188] => 927
    [189] => 915
    [190] => 913
    [191] => 910
    [192] => 881
    [193] => 876
    [194] => 873
    [195] => 872
    [196] => 871
    [197] => 866
    [198] => 860
    [199] => 857
    [200] => 855
    [201] => 851
    [202] => 850
    [203] => 843
    [204] => 836
    [205] => 835
    [206] => 825
    [207] => 823
    [208] => 805
    [209] => 800
    [210] => 799
    [211] => 798
    [212] => 785
    [213] => 775
    [214] => 764
    [215] => 758
    [216] => 753
    [217] => 751
    [218] => 728
    [219] => 724
    [220] => 717
    [221] => 697
    [222] => 696
    [223] => 694
    [224] => 693
    [225] => 689
    [226] => 686
    [227] => 685
    [228] => 683
    [229] => 677
    [230] => 658
    [231] => 656
    [232] => 654
    [233] => 616
    [234] => 611
    [235] => 593
    [236] => 589
    [237] => 588
    [238] => 581
    [239] => 579
    [240] => 572
    [241] => 563
    [242] => 562
    [243] => 536
    [244] => 535
    [245] => 528
    [246] => 527
    [247] => 526
    [248] => 478
    [249] => 477
    [250] => 476
    [251] => 464
    [252] => 462
    [253] => 460
    [254] => 456
    [255] => 453
    [256] => 443
    [257] => 441
    [258] => 439
    [259] => 430
    [260] => 429
    [261] => 427
    [262] => 416
    [263] => 412
    [264] => 409
    [265] => 407
    [266] => 405
    [267] => 404
    [268] => 403
    [269] => 399
    [270] => 398
    [271] => 397
    [272] => 396
    [273] => 392
    [274] => 389
    [275] => 386
    [276] => 384
    [277] => 381
    [278] => 380
    [279] => 377
    [280] => 374
    [281] => 373
    [282] => 371
    [283] => 370
    [284] => 369
    [285] => 368
    [286] => 324
    [287] => 309
    [288] => 300
    [289] => 297
    [290] => 296
    [291] => 295
    [292] => 293
    [293] => 270
    [294] => 262
    [295] => 223
    [296] => 167
    [297] => 151
    [298] => 141
    [299] => 14
)

