2016-09-23 00:12:30
统计当天：2016-09-22
渠道个数（即dailyaccount的个数）：1532
渠道sql：
select * from yx_tg_source S left join yx_tg_game G on S.gameid = G.gameid where S.activeflag = 1 and G.activeflag = 1 and G.isonstack = 0  and S.createtime<='2016-09-22 23:59:59' order by S.id desc
活跃渠道个数：275
活跃渠道array：
Array
(
    [0] => fzj-291-01
    [1] => tg_sN4DNq0d4Vg5WHZg9OWPsd4bjkM0hL
    [2] => dixy-232-01
    [3] => sdyxc3D-243-03
    [4] => byxxc-238-03
    [5] => tg_Ns2ruyRNGIFOc1V1cNXZTgYNXxKEzX
    [6] => tg_VZuGbtPK119VaeXIfeAFPpCwPVuF4q
    [7] => tg_9L7imM0iNMHDvx030tEttb2gY6yAvf
    [8] => tg_quBxwsHLnDcetKwYUeL0ZwGVhOWJvs
    [9] => smsjOL-247-04
    [10] => tg_IHodxJNKrfS0xxajkR6tAtkpohQvUu
    [11] => ijilz-249-03
    [12] => tg_jCHJyMptnrEeCRtLvWCna1UgFDOg12
    [13] => tg_v2aSduKnJJ5NKXAAkCTPEOYo7JnS94
    [14] => COK-223-01
    [15] => lqsc-353-01
    [16] => tg_PMdYDbMpsF9Jc7RWi0ILl0NmaJL6MW
    [17] => tg_MgtczvSC2Y8RhwzpkFMfLrp6BnzFJA
    [18] => tg_caJsC7EfMOzEbr9mIg1Oi8xmFBpxw6
    [19] => tg_Sewxs3XtPGOLYiORI5Pkg7odXeAKXN
    [20] => tg_rmk6gWq0INJZaYZ6tgqFPmq3z5eqNm
    [21] => tg_Trn7YSQVVtNZzq3Fw768fo98JN0n65
    [22] => tg_MwmQeDM6z2hcH7FkvAQSikHdIAwg1t
    [23] => tg_It3ZrGnxHnT527Li1JsFPEbAXHFsnx
    [24] => tg_OelNZbsZicvSlFyKZY006o7gBOtSKO
    [25] => tg_Q0OXBqTKUT4gxwLdq8cEyinsbxvWsh
    [26] => ly-266-03
    [27] => tg_sM3nfqDJy3Vy5aPurriOPCdX9iEJma
    [28] => tg_Hllcezo5vcG6IuqIwwwGQ0oYw0mGPL
    [29] => tg_IyGlIlS4MTTVxm0zpx7MdfvmcesX3r
    [30] => ly-266-01
    [31] => tg_iNBVgkrz7R1IOCXEEJfkIlPzdSGnyI
    [32] => tg_au4IVxZIqUPkIsk9WHXh5V7naKiSIK
    [33] => tg_Zs0k3Wft4sZSUPLhqKbS72Fumhrxnx
    [34] => tg_NgwIwYVjAzXZn1QBJC68rQwtm8qAnv
    [35] => tg_5OfKZXixp7CjR7XPU0W90lqqqTFk5J
    [36] => tg_PXQG1MoeGb9uQy94DtZg3mBtr0ErUI
    [37] => tg_spVeL0duhA4o33C3XVLMLcJeGzpLLx
    [38] => tg_a5q2q9GN2xABq86jM9pwiS8iyBJVfW
    [39] => iszz-258-04
    [40] => tg_XsxYkTvYKaFEZLomJmAIGTxKh6t473
    [41] => tg_YSA05Nah8JewKgqX9nr7Acwb2aBxyl
    [42] => tg_UDyMC93nwIALdlS1mugg7eTc5SGYIU
    [43] => tg_vfaj7fCIWHRW8AF6lOhWStml7M07BG
    [44] => tg_Ol1QFxsnwmPTIifUX1pY0CFdr9g2cW
    [45] => zyj-263-04
    [46] => tg_DSCeq49dAY1NXszMuPT6YSvlibLEV5
    [47] => wd-265-03
    [48] => 
    [49] => tg_2NsHXZzeADPI3sOdsGvb5UWmUgvIq3
    [50] => dfi2-252-03
    [51] => tg_OfaE1oD9jOkeCrMxFmwZmT29Ew1L5z
    [52] => tg_wdPlPXqIiLNs9uy7Ml0oOQKl3eamzQ
    [53] => tg_hfQFP1T5unIBwVwmYZ84lmbLUk6Hql
    [54] => tg_isZoXNhPlO746tHMSp9H4QBHsPxXNI
    [55] => iszz-258-09
    [56] => tg_JZ9J3vGNs6fiYDpid1fLVXAcdmnJGC
    [57] => tg_lH8i7vtt5Vyi4nU4poSm8Iv68PqS5A
    [58] => tg_mNXK59R18xrYtoBaxWNwkKYPBuKXQp
    [59] => tg_Nc0TlciG0UmfWoTeOnldJ1rTU6XeE9
    [60] => tg_f3YrVumb581hd00FTHPSiI7Ynyax0m
    [61] => tg_mrIHzdJ5a7cXVH9W4aDyn8BcY3sEWL
    [62] => tg_I0YvXhD2svI5uMg8BdLS62F6ZFzP9c
    [63] => tg_howgDJMf8H0nC23KdM8cLLhsk330Sj
    [64] => tg_N3n5bMNK8zcr4pfuMwWwZ8rQ1S89xz
    [65] => tg_4xaqzJIbeZOX10X6NI4jgUD3d7kYwn
    [66] => tg_aVm2lO14wb8hlW09ruBVPkn7IuCrxx
    [67] => tg_CzAs7KojtFjuTDyUcuBu0J6ECOeMUh
    [68] => mmd-323-01
    [69] => tg_GXKFwldOWDrQ9XB8plFtCj91dyXAIh
    [70] => tg_xyZ3j9g1TEE5oRQ8jtjOvWp93RoO1U
    [71] => tg_radynjycJycQAFuAfK5GP6rDqGT6ed
    [72] => tg_iCdPvpx09yXS6AqVoH99GaBcG8K6Bx
    [73] => tg_dXQGXZbwVPyaf6xjOzWtn3r5LFCrle
    [75] => tg_OR6k1HjrRFrcg1DYYkX3RZNfmsAJfA
    [76] => iziy-262-02
    [77] => tg_ExtRRmq70LZ5cPOsbOSWEzt7KRjR70
    [78] => tg_R5o8QShUV1GO4zyUU3UWozKOn12GdV
    [79] => tg_7ygUWViw2QMvlKmC2Pi0MP5W6qypmc
    [80] => tg_QNIdVsHmq2UJ0KNrgyokjQkFMiWOhX
    [81] => tg_DdM2D5jmeqG8eCsh1m5hEOomRB53Cs
    [82] => tg_IB6hnKY9LuosneMkON6vp3eobulWK3
    [83] => tg_ukKVlFDkkWIyijtZbh7wQ9szez1vK1
    [84] => jdlyjzj-414-01
    [85] => tg_U29cGDHCcVOBa07j7jJvkgp23MCXxa
    [86] => tg_g7ZxSv4gz7VPwWmtBN4Rua0RkQd3SI
    [89] => tg_GRfNDZqBJr6NfIEUwCME6aHh3ekzpu
    [90] => kdygzz-380-01
    [91] => tg_ovYJpa0VxDSjfx9vB6F4bOOdyJRpkM
    [92] => tg_CMn3QsdnmrYBklOoZVQMNZsa0x91F5
    [93] => tg_L4b9y9jkPeClOLmOuVH9PTWnXv2R2K
    [94] => smbbfk-415-01
    [95] => ijqx-276-01
    [96] => xyj-241-03
    [97] => tg_o028lSVS26po0ZFjgGHlegKtggqz9S
    [98] => tg_3Loe52HsfZ64cDHwscmhKfYUPSQXzG
    [99] => sji2-257-02
    [100] => wxzz-419-01
    [101] => tg_DwNO8ixOfJ2rY1XNclifft83mhYTi4
    [102] => mnqy-335-01
    [103] => tlbb3D-301-01
    [104] => tg_xH16xy5PXsWKCVFZuR2fOzU84Dm6qx
    [105] => tg_td1oMjL0zRv1tbcrzRfo0X6yG63QX0
    [106] => tg_SH4cWziubG96Xrf2TfzJPPrxYWGAvN
    [108] => tg_iTu7R5kBoS3ZwvVAV0dsCpeGvSwNDW
    [109] => tg_KRO4tgKz98o2QEo8GPGocl5GAA74Im
    [110] => tg_Q2b1rjqmySzYHTs1i9OWePb2NaBcGB
    [111] => tg_ymld57G5I4vbEL4xKP4jLw7Orz8ckF
    [112] => tg_rxk5PfhQq0bSCryZmN7GIozF5JXeYS
    [113] => tg_WjF3qDtphsAXwpZBM1Fh8UGc7gmLxS
    [114] => tg_3H9a1haRWXASZzcsseDOLdFDuXWGy9
    [115] => ijilz-249-01
    [116] => sgqyc-340-01
    [117] => tg_xEplWJZkxbKqE6TfgeL443TSmb1nA5
    [119] => tg_2WbWHagMS2SOb5xOSfVRLGlIn1S33u
    [120] => tg_IG3MtJ7JOXqsan5jjyzdOs1dngskIJ
    [121] => bfzj-411-01
    [122] => tg_Zoks2ueLqNQh9bkP9F8nWgWxgVN4a3
    [123] => tg_77gFvmZyqqb5ZTA3643TFpwCYz8Jas
    [124] => tg_2ARVHpH2uWK1GKxxu0Zg0YChSYsj0O
    [125] => wd-265-01
    [126] => tg_u1US2O9i4Z0zNFhwCpRHFpjjJ2Ti4w
    [127] => tg_NIGftm0hA1EjxWm9DKPuA69NSdLiBs
    [128] => tg_ZZgcgW1UXMwmQ7XrtNJNYgILCHkhvx
    [129] => tg_ceyjwgtKjdoAWvo2vbmAPUZ25nKLFW
    [130] => tg_Uzk9TWGhQpn8JMmxrdOv3sknjw9Rpv
    [131] => tg_W4kEzcZeWGA4KHze4Nbp05slDIOAMD
    [132] => qqics-242-02
    [133] => yxzxAPP-422-01
    [134] => tg_vCsJpv46Zy29l982dIplz8UWDvylOA
    [135] => tg_lv369aN0qVNdyxeLNsOZUv42Khkq9c
    [136] => tg_KSrTmGgyDYV81i5ltvne0CVaiHhXRQ
    [137] => tg_bKnybL4otl2MtKbxCtLLDw8xA056HA
    [138] => tg_B8hIhBmFN4X3ijAaXtsTwvigoF1oKO
    [139] => tg_AiJwHtn43hGHh0Q6lFNUKaOFnTJSdP
    [140] => xdzz-228-01
    [141] => tg_MPv6wZlNPr7LOEpHwY19XtQ1kr7Fff
    [142] => tg_BX7jbPiBrO3Lbj4y7kRa9Zw7d5W5pt
    [143] => dixl-277-03
    [144] => tg_gGqT8bYbaxpqLD1XpnsxYSJ3XLlWdc
    [145] => nyi-272-01
    [146] => tg_xaLMqpKhrtltIUIzPdm0xNOHeiB1ZK
    [147] => tg_rZLzNO4FSdY9hoRYNqEFV16bvYXuBb
    [148] => tg_LCBAo5M49QJod3ieQrI8FDn2wFhAp8
    [149] => tg_ODoUx9rQG9p7rnBZM2d19F8EQZ5utc
    [150] => tg_tqrdOEQGez8JLhsu6eKlKfqBQ95Nv9
    [151] => tg_oRr8aA1QCzsoU5qSPqYmMCuQ9sNmcg
    [152] => tg_U7dQFVw0JZmpH11lmYHLR5qIsPJy3K
    [153] => iszz-258-11
    [154] => tg_6vi6nfVunqSTdJKQ729D5wPqwD65uc
    [155] => lwzr-239-03
    [156] => tg_JYWGy6Lv2jwnMs8SqyRiEdd3aHRvvv
    [157] => tg_eNCWE4IqbTr4L3rXk6kxGeYdF0sdgw
    [158] => tg_Ri2NPtmmh1FsYTXg1bpBcSfD0VdpP7
    [159] => tg_qHza9gIeJGTH2MKaWSDdJWO2bAcfty
    [161] => tg_AXIXnbBwMpJMQDEe2VSEWJmTX2afnP
    [162] => tg_bWN4ISOqWcdLGPLqWK0mc2Dhk0BZW3
    [163] => tg_jejMxEyTgyxOGvlI2GYJusOt3QDOGb
    [164] => tg_x7V0CXex19izghRLpbsKQuQz4iWGFy
    [166] => xdzz-228-06
    [167] => cbws-283-02
    [168] => tg_5QH6cQj37W9Aiel0tFJsWqgDtezJLR
    [169] => tg_oGuXovKoRUbLPmHuvs3UuIE9aeMS2u
    [170] => tg_OU20Xikl0SbparapZGvkebqzKhWQRE
    [172] => tg_QZZFggp5dA4nZym1yeDjbwGvJrDxrz
    [173] => tg_q4hI4MqWZwu7ac1kh5pn4KFdNgeV4y
    [174] => tg_5OSuPn9oHty6tDThXGVcWSFPKws79c
    [175] => tg_v2Qd56QlqG5MyJCuSizLIu252lHZgr
    [176] => tg_HlAnvCbNuM4o6gu4lj9ouY9mA4dxfQ
    [177] => tg_yguQaDrCX4sRHyusZCmoIu2wxKyPTv
    [178] => tg_HAE4GeBnupqKgTMoKVfdqFSpbGZqdw
    [179] => tg_ZPo6AUjenS3o8rOmul8XP3mZ4bHixh
    [180] => dixy-232-03
    [181] => tg_V4rCcoFzbBkK9PCpIYlOHxsf6WUDQr
    [183] => tg_dE40iVMPYicK6apZag3A7mu7y50uQ9
    [184] => tg_Ok1V5icI9vmONx23EKbYHVP56i1pYd
    [185] => tg_tWxsqLc2DyZW0xhEjU2AGnkAg8rSzH
    [186] => llysq-282-03
    [187] => sji2-257-03
    [188] => tg_SWqbqvLqDQyYjsG9jBBHZo8bF5l6yj
    [190] => tg_WCkCTf0pTrn8wT5Vga2ak2u2b6U4jG
    [191] => tg_YP3WF3TI3Mr7oCBqG4P1cEzXc7s0uA
    [192] => tg_foInmUBJTEST2FsjE393noaqCL4YDz
    [193] => tg_n3qXUbsViYy6M8zO55x3jxvAMHZa2W
    [194] => tg_WObUg0waseMQMRqjvOnCzrgFmhUPVo
    [195] => tg_v7Jb3BIDODCQ1VtgtfAmw7kXJEEPfK
    [197] => tg_CWHe7Hrfhl6JXuwTQhogiVXlCxO6f0
    [198] => tg_mcEuJVtSvdAtVUENaRDVMBLSq8APnS
    [201] => gfx-227-02
    [203] => tg_uM73vHb3tX7wOkVYYGRobZCg6rHCVT
    [204] => tg_ztpR2HKML8hJFjprho1zfbkV0imFp4
    [205] => dfbb-261-03
    [206] => tg_HZVn8DL1xysZ39a0iD3FlrNIfkVfXx
    [207] => tg_D3OC96S53NgitjGQM8exL3wMjxkf4X
    [208] => xyj-241-04
    [209] => gfx-227-03
    [210] => tg_E0E2nta7J3vcP1BXFdQhyTIYyLZcTh
    [211] => tg_hGFVwlehGMFc5AVTI0APT2AXvSQeGu
    [212] => tg_9exPJH0wBZ8HTOnBGIBAUy7Pd5KItg
    [213] => tg_vC2YDzjcVUC15FGQBPgLNxYeO7Z5SQ
    [214] => tg_USQULvLd7jEwvAnEXP6ogWMPmBcWXF
    [215] => tg_Qo1fvJS7zsXzyA2IXbpN0O63IkFczD
    [217] => tg_rRyHzAFMUdV7axvQjFOLFWcimW2ISs
    [218] => tg_9qi3bVuFrRYnjckoJq4Dtos0NVwJYt
    [219] => tg_luMOlzXMsvqQNqaAuBhkolxOxGtjmA
    [220] => tg_ICEcjc9rCPIBR46UAcqeZksnO8Wi9M
    [221] => tg_GMTqei4u3HsEi273emHLsPpYI3B6DW
    [222] => tg_e1XmOfhhxXMfenNMZuYv78znuFefbr
    [224] => tg_LZVNb8oMP1vPlllm0EKGZKP5Fr09kS
    [225] => tg_W2pysd1dY4bhFAxFDmSbPJAAXMZAJP
    [226] => tg_Gejy6CaJU0EYR82x85J7TjKGPjSSZY
    [228] => tg_gxMXCdvJJOAMmzsoXJMMaU34TPUY3s
    [229] => iszz-258-10
    [230] => tg_YdzBBvglsoXidJdKCmWrG85bql5kG4
    [232] => tg_BzSlq616dainWOMpgxtFCfaqMVWg3j
    [233] => tg_zjUY3zgmqTzHY6gaBbz0V5axvkeADq
    [234] => zxKF-367-01
    [235] => tg_KMpuyo1EOdaG6l4RIJxknESqe8i1do
    [236] => NBAftx-225-02
    [237] => tg_Gl4B6QurIAtwce1L8X9Drz0yYnpQAo
    [238] => tg_9svDGMMYJz3JrJlA5yZkJ0dVtaUb4m
    [239] => tg_1nGplhQDLUI1MZSEUXMNUL84CHOPpX
    [240] => tg_eKgpglHNQWuU8NNeLUHKwpPPblhbJx
    [241] => dixy-232-02
    [243] => tg_mFtD7NWQksoGcdkYjyTLyCGBW5LAiU
    [244] => wd-265-02
    [246] => tg_euSiCujjVYyRZq2bhlsayXa9gchpUb
    [247] => tg_hjdu6ORJM7OG8QrXFIcC2xcYVRv9Dr
    [250] => xyj-241-02
    [251] => tg_Yu783LP9jjPQKkQ4gZ37LJqiGsa8F2
    [253] => tg_vHJuYyncAfyWx0OBOTNBzBs4VDbYKa
    [254] => iszz-258-02
    [255] => tg_lfUx09OXmzxWGLxjyNqiYhji1J6o3S
    [256] => tg_3GSSy8PYKoFrup8G30jsux8ihQxkGc
    [257] => tg_uRPJgNFRkhP1SYEz7vGMLo5cLwr10j
    [261] => tg_cpZrEKR0IJ4S1rcmaswi8oADsic8pk
    [262] => tg_hNjMap3hjNuOedvUnzvAWJBXgasDJc
    [263] => qqics-242-03
    [265] => jymf-237-03
    [266] => tg_V3ZMC6AaWAUIgoEVwUp5VmHPypL3p1
    [268] => tg_q5tpNQkvjppy8orNkmvHjKeZoFDicc
    [269] => iziy-262-04
    [271] => tg_T0Ed5mmvuRdVzcxLWCLs9R6BGf0EaP
    [274] => tg_R1RDVqNHRQXgl4KJSMyZU2Tno2K9bg
    [275] => sszj-260-03
    [276] => tg_9wMQEwx1XSgzc6p1L1icWOicF6gRTs
    [278] => tg_NCP73iALs0HQvWtKPZzGiEA3HSBsAa
    [279] => tg_JXdNpFL3qYrFKCQydFp9kS0Es7uq9p
    [280] => tg_G7iLAMkERZ5ZZ4eotZjjQMghR4aFpd
    [281] => tg_xX5O7gsz5V7ioS8CXkxejkdaaSilqn
    [283] => tg_4gxvdgBfeXfU0Mkm1t3kqb6ftdzOMG
    [284] => tg_oYeamNiVoPhCQ43VMK6OhFySsqpVbh
    [285] => tg_rerMGmdYU9Jyeq8z0UUtJkITxPIPi2
    [287] => tg_Wn11xsfYxoYQKmXznDz7ic5H2PaJth
    [288] => tg_aFWrMTmCWEE0kaQmPHz5pWXf54vm83
    [289] => tg_1EINsQaerAIg5QtrK92gm7n6zSfR7D
    [290] => tg_Ylsw4PyijBADuMjBqAvjXxmuH9Wj3F
    [291] => tg_Ybl9xENxHsfVBPK7IBZikgc9icV0p0
    [292] => tg_eXfOrB7ZM7cDO2nqwzIwswNwbLhnlJ
    [293] => tg_pdviUeEztqS8c3nE98GICfvvesETHJ
    [298] => tg_a3MwwHqtFVIIu2wAcJtxFP9Qq6YXdU
    [299] => tg_VY5fuFU8pF4jMVrZsTPAcRbAbM68ZA
    [302] => zyj-263-03
    [304] => tg_iqfTzQ8SlRMYUsxMhhHnvScsJrc5by
    [305] => iziy-262-03
    [306] => tg_9v3y1tH8IID2ObAOh7tIrIqGPUL5li
    [307] => tg_hgxfsHaP3Nl6ta14BIeWsy7lPXS8e2
    [308] => xdzz-228-02
    [311] => xdzz-228-03
    [312] => tg_xynK92e6Ss0NWnCvL8CCENHHEqAka4
    [313] => tg_oAoVUwkuOeyVVQ05jZL3XRH3CJPrbR
    [315] => tg_Uuu7DKIS1H6x1tYmIF3QwX7uhrg7pM
    [317] => iszz-258-03
    [318] => tg_pVLKwuqunHstVkThsuG9m9ZSFNKY4Z
    [319] => tg_NO44EDPcEL3s66lwa9yRtCs9aY1gjc
)

有效渠道个数：249
有效渠道array：
Array
(
    [0] => 2275
    [1] => 2274
    [2] => 2273
    [3] => 2272
    [4] => 2271
    [5] => 2270
    [6] => 2269
    [7] => 2267
    [8] => 2266
    [9] => 2264
    [10] => 2263
    [11] => 2259
    [12] => 2255
    [13] => 2249
    [14] => 2243
    [15] => 2226
    [16] => 2222
    [17] => 2220
    [18] => 2218
    [19] => 2215
    [20] => 2210
    [21] => 2099
    [22] => 2095
    [23] => 2094
    [24] => 2090
    [25] => 2076
    [26] => 2074
    [27] => 2073
    [28] => 2055
    [29] => 2045
    [30] => 1896
    [31] => 1884
    [32] => 1877
    [33] => 1875
    [34] => 1872
    [35] => 1871
    [36] => 1870
    [37] => 1859
    [38] => 1856
    [39] => 1854
    [40] => 1840
    [41] => 1837
    [42] => 1825
    [43] => 1824
    [44] => 1823
    [45] => 1821
    [46] => 1817
    [47] => 1814
    [48] => 1809
    [49] => 1803
    [50] => 1801
    [51] => 1800
    [52] => 1650
    [53] => 1647
    [54] => 1638
    [55] => 1637
    [56] => 1631
    [57] => 1630
    [58] => 1629
    [59] => 1620
    [60] => 1618
    [61] => 1617
    [62] => 1604
    [63] => 1601
    [64] => 1595
    [65] => 1559
    [66] => 1557
    [67] => 1555
    [68] => 1553
    [69] => 1541
    [70] => 1531
    [71] => 1529
    [72] => 1526
    [73] => 1524
    [74] => 1519
    [75] => 1492
    [76] => 1491
    [77] => 1488
    [78] => 1481
    [79] => 1480
    [80] => 1478
    [81] => 1475
    [82] => 1470
    [83] => 1464
    [84] => 1463
    [85] => 1461
    [86] => 1459
    [87] => 1457
    [88] => 1438
    [89] => 1431
    [90] => 1430
    [91] => 1428
    [92] => 1419
    [93] => 1417
    [94] => 1393
    [95] => 1392
    [96] => 1391
    [97] => 1389
    [98] => 1380
    [99] => 1346
    [100] => 1344
    [101] => 1343
    [102] => 1337
    [103] => 1335
    [104] => 1324
    [105] => 1306
    [106] => 1305
    [107] => 1304
    [108] => 1292
    [109] => 1280
    [110] => 1139
    [111] => 1134
    [112] => 1123
    [113] => 1120
    [114] => 1119
    [115] => 1115
    [116] => 1110
    [117] => 1101
    [118] => 1078
    [119] => 1077
    [120] => 1056
    [121] => 1047
    [122] => 1012
    [123] => 1009
    [124] => 999
    [125] => 998
    [126] => 994
    [127] => 971
    [128] => 946
    [129] => 944
    [130] => 942
    [131] => 915
    [132] => 913
    [133] => 912
    [134] => 910
    [135] => 885
    [136] => 881
    [137] => 876
    [138] => 873
    [139] => 872
    [140] => 871
    [141] => 867
    [142] => 866
    [143] => 860
    [144] => 857
    [145] => 856
    [146] => 855
    [147] => 854
    [148] => 851
    [149] => 850
    [150] => 843
    [151] => 836
    [152] => 800
    [153] => 799
    [154] => 798
    [155] => 785
    [156] => 775
    [157] => 758
    [158] => 753
    [159] => 751
    [160] => 728
    [161] => 727
    [162] => 725
    [163] => 717
    [164] => 713
    [165] => 697
    [166] => 696
    [167] => 695
    [168] => 694
    [169] => 689
    [170] => 686
    [171] => 685
    [172] => 683
    [173] => 680
    [174] => 677
    [175] => 657
    [176] => 656
    [177] => 654
    [178] => 616
    [179] => 615
    [180] => 593
    [181] => 589
    [182] => 588
    [183] => 585
    [184] => 581
    [185] => 579
    [186] => 572
    [187] => 563
    [188] => 562
    [189] => 536
    [190] => 535
    [191] => 533
    [192] => 528
    [193] => 527
    [194] => 526
    [195] => 478
    [196] => 477
    [197] => 476
    [198] => 465
    [199] => 464
    [200] => 462
    [201] => 460
    [202] => 456
    [203] => 453
    [204] => 441
    [205] => 439
    [206] => 429
    [207] => 427
    [208] => 416
    [209] => 409
    [210] => 407
    [211] => 406
    [212] => 405
    [213] => 404
    [214] => 403
    [215] => 398
    [216] => 396
    [217] => 392
    [218] => 389
    [219] => 386
    [220] => 384
    [221] => 381
    [222] => 380
    [223] => 379
    [224] => 377
    [225] => 374
    [226] => 373
    [227] => 371
    [228] => 370
    [229] => 369
    [230] => 368
    [231] => 324
    [232] => 321
    [233] => 311
    [234] => 309
    [235] => 300
    [236] => 299
    [237] => 297
    [238] => 296
    [239] => 295
    [240] => 293
    [241] => 270
    [242] => 262
    [243] => 259
    [244] => 223
    [245] => 174
    [246] => 167
    [247] => 141
    [248] => 14
)

