2016-10-01 00:13:28
统计当天：2016-09-30
渠道个数（即dailyaccount的个数）：5685
渠道sql：
select * from yx_tg_source S left join yx_tg_game G on S.gameid = G.gameid where S.activeflag = 1 and G.activeflag = 1 and G.isonstack = 0  and S.createtime<='2016-09-30 23:59:59' order by S.id desc
活跃渠道个数：312
活跃渠道array：
Array
(
    [0] => tg_xyZ3j9g1TEE5oRQ8jtjOvWp93RoO1U
    [1] => tg_Q0OXBqTKUT4gxwLdq8cEyinsbxvWsh
    [2] => tg_1nGplhQDLUI1MZSEUXMNUL84CHOPpX
    [3] => tg_V4rCcoFzbBkK9PCpIYlOHxsf6WUDQr
    [4] => tg_zjUY3zgmqTzHY6gaBbz0V5axvkeADq
    [5] => tg_JJZYD6SJy3SJ6c0AKRp1GmB5UqZ2jg
    [6] => tg_sM3nfqDJy3Vy5aPurriOPCdX9iEJma
    [7] => fzj-291-01
    [8] => smsjOL-247-04
    [9] => tg_vfaj7fCIWHRW8AF6lOhWStml7M07BG
    [10] => COK-223-01
    [11] => tg_foInmUBJTEST2FsjE393noaqCL4YDz
    [12] => tg_T0Ed5mmvuRdVzcxLWCLs9R6BGf0EaP
    [13] => tg_LZVNb8oMP1vPlllm0EKGZKP5Fr09kS
    [14] => tg_9wMQEwx1XSgzc6p1L1icWOicF6gRTs
    [15] => tg_2H4Lh6QFRbtPVS4psFYWJTTOhX6jay
    [16] => tg_z037kSsOTpOe64cmjLjl1nUsQAoDwW
    [17] => tg_NO44EDPcEL3s66lwa9yRtCs9aY1gjc
    [18] => tg_sN4DNq0d4Vg5WHZg9OWPsd4bjkM0hL
    [19] => tg_1wDDLzkjbW3Pb8jzRrA01incmPqYhQ
    [20] => tg_Ns2ruyRNGIFOc1V1cNXZTgYNXxKEzX
    [21] => tg_iNBVgkrz7R1IOCXEEJfkIlPzdSGnyI
    [22] => ly-266-01
    [23] => tg_Sewxs3XtPGOLYiORI5Pkg7odXeAKXN
    [24] => tg_au4IVxZIqUPkIsk9WHXh5V7naKiSIK
    [25] => tg_hfQFP1T5unIBwVwmYZ84lmbLUk6Hql
    [26] => dfi2-252-03
    [27] => tg_QZZFggp5dA4nZym1yeDjbwGvJrDxrz
    [28] => tg_YSA05Nah8JewKgqX9nr7Acwb2aBxyl
    [29] => tg_9L7imM0iNMHDvx030tEttb2gY6yAvf
    [30] => tg_MgtczvSC2Y8RhwzpkFMfLrp6BnzFJA
    [31] => tg_DLgDR06dmMa0a6U2hBofa0ahtn29UH
    [32] => tg_isZoXNhPlO746tHMSp9H4QBHsPxXNI
    [33] => tg_NgwIwYVjAzXZn1QBJC68rQwtm8qAnv
    [34] => tg_IHodxJNKrfS0xxajkR6tAtkpohQvUu
    [35] => tg_a5q2q9GN2xABq86jM9pwiS8iyBJVfW
    [36] => tg_wdPlPXqIiLNs9uy7Ml0oOQKl3eamzQ
    [37] => iszz-258-09
    [38] => tg_jCHJyMptnrEeCRtLvWCna1UgFDOg12
    [39] => tg_OelNZbsZicvSlFyKZY006o7gBOtSKO
    [40] => tg_Trn7YSQVVtNZzq3Fw768fo98JN0n65
    [41] => tg_MwmQeDM6z2hcH7FkvAQSikHdIAwg1t
    [42] => tg_PEbTLGzNvnESyOdTgKbhjxMrpp6Pv1
    [43] => tg_g7ZxSv4gz7VPwWmtBN4Rua0RkQd3SI
    [44] => tg_DSCeq49dAY1NXszMuPT6YSvlibLEV5
    [45] => wd-265-03
    [46] => tg_JZ9J3vGNs6fiYDpid1fLVXAcdmnJGC
    [47] => xyj-241-03
    [48] => tg_qsnV07CXxrunsXAD8uJpw8KAtjwRUH
    [49] => tg_pdviUeEztqS8c3nE98GICfvvesETHJ
    [50] => tg_Zs0k3Wft4sZSUPLhqKbS72Fumhrxnx
    [51] => tg_mNXK59R18xrYtoBaxWNwkKYPBuKXQp
    [52] => tg_PXQG1MoeGb9uQy94DtZg3mBtr0ErUI
    [53] => tg_XsxYkTvYKaFEZLomJmAIGTxKh6t473
    [54] => tg_lH8i7vtt5Vyi4nU4poSm8Iv68PqS5A
    [55] => tg_4xaqzJIbeZOX10X6NI4jgUD3d7kYwn
    [56] => tg_hT9imoeBBJOa4aoOSH8s9D4nXulXQ3
    [57] => dixy-232-03
    [58] => tg_jVaInI6nlTytxENBtvj0QGDG4ROnQZ
    [59] => tg_65d7Umo1mRGTuGyBBv8r8fwlmHxuTY
    [60] => tg_I0YvXhD2svI5uMg8BdLS62F6ZFzP9c
    [61] => tg_REbZq3xHh7bBMYgjx9hoFuLn8zSkuc
    [62] => tg_GMTqei4u3HsEi273emHLsPpYI3B6DW
    [63] => tg_ymld57G5I4vbEL4xKP4jLw7Orz8ckF
    [64] => tg_GXKFwldOWDrQ9XB8plFtCj91dyXAIh
    [65] => tg_v2Qd56QlqG5MyJCuSizLIu252lHZgr
    [66] => tg_uM73vHb3tX7wOkVYYGRobZCg6rHCVT
    [67] => tg_AhvgWr5nY3iUQ6aOmZ235ZRzNfupkg
    [68] => tg_fGavmBEmEeJaNl84wbOJXtzYoz3ImT
    [69] => dixl-277-03
    [70] => tg_aKxvBwPiZFwh0QQsKPVtWjSUVso72F
    [71] => tg_i3lUkWnT5f7auTPYAIzi6B2jnXTV80
    [72] => xdzz-228-06
    [73] => tg_ukKVlFDkkWIyijtZbh7wQ9szez1vK1
    [74] => tg_OR6k1HjrRFrcg1DYYkX3RZNfmsAJfA
    [75] => tg_ZJ8Nb6ClNjpPbMmknQY9rYULRdy2Id
    [76] => tg_aVm2lO14wb8hlW09ruBVPkn7IuCrxx
    [77] => tg_N3n5bMNK8zcr4pfuMwWwZ8rQ1S89xz
    [78] => tg_n3qXUbsViYy6M8zO55x3jxvAMHZa2W
    [79] => tg_atvkFT6WfdLvhq13SzOpitWJFgBoqu
    [80] => zgzt-213-01
    [81] => tg_KlFlT5ArAhjkRJDPDt9VsUkKPrI2vj
    [82] => tg_KGrCSe1a4ryaHXKDklFBnaD9pInRXq
    [83] => jy-244-01
    [84] => null
    [85] => tg_HxU1CoCoVKqPjjfMcKZ0TzcyV77wqY
    [86] => tg_R8HYrK50f168ti9sOsZtaiQD2co59J
    [87] => tg_VTIb5DaGCBJKGzmOMCno3o3PZif4jo
    [88] => tg_nheD2jyMXKYqGVUXWWy5RRStxpQMr9
    [89] => tg_KMpuyo1EOdaG6l4RIJxknESqe8i1do
    [90] => tg_LLXzjYhZJ0OgPqHDoVaruOSlYtYhEB
    [91] => tg_H2pXLcysG7IN93ZLTzKsc9knRvi4P3
    [92] => tg_NvXJf5QR5tjRwPjhRNfgiEKYRFgx4r
    [93] => tg_6xr1Gp0fBYKqDvLlPxczeDXEIcvRnZ
    [94] => tg_USQULvLd7jEwvAnEXP6ogWMPmBcWXF
    [95] => tg_DRkQoc4JCBwlfXGBZt3S7Xe7qKbHuX
    [96] => tg_lv369aN0qVNdyxeLNsOZUv42Khkq9c
    [97] => tg_pbdbbYp6CP7zmUcKsYxbNotXs9ZNFJ
    [98] => tg_xyeEpNy38LrPrmO7kN8DtktaBlDieY
    [99] => tg_9qi3bVuFrRYnjckoJq4Dtos0NVwJYt
    [100] => tg_fqdBFYtzUJ8dwUChIkIPH4nDlnQp8j
    [101] => tg_Fd3SdzZtnTEsxDiZUdbgxPg5RxVWFv
    [102] => tg_uSzuTfK5jFRdtDWfJav5tZsn3qNSDA
    [103] => tg_BX7jbPiBrO3Lbj4y7kRa9Zw7d5W5pt
    [104] => xdzz-228-01
    [105] => lwzr-239-03
    [106] => qqics-242-02
    [107] => tg_Uzk9TWGhQpn8JMmxrdOv3sknjw9Rpv
    [108] => tg_JrFLtWsbbdLYlqboVhSzzxoHROQD4k
    [109] => tg_IG3MtJ7JOXqsan5jjyzdOs1dngskIJ
    [110] => tg_3WU9MDO31z8djXXtRATcHCMAatt5Ye
    [111] => tg_MPv6wZlNPr7LOEpHwY19XtQ1kr7Fff
    [112] => tg_u1US2O9i4Z0zNFhwCpRHFpjjJ2Ti4w
    [113] => tg_QOaluxlrDrdfHirks7boYovXT5VzvN
    [114] => tg_MY2F10zOcgoMZXyb70X2wSeNi3RlNM
    [115] => zyj-263-03
    [116] => tg_XFjHfg1mv3pPvJKCJ0JShkY18TdXxi
    [117] => tg_f3YrVumb581hd00FTHPSiI7Ynyax0m
    [118] => tg_qTMHsZ9dmlMSRtUnljhKCgf8Q3vMQu
    [119] => tg_Ri2NPtmmh1FsYTXg1bpBcSfD0VdpP7
    [120] => tg_hNjMap3hjNuOedvUnzvAWJBXgasDJc
    [121] => tg_1ReM0qqeDaS6sF5f5Fn4Dv8ODfWpk0
    [122] => tg_Spjn27BpHac5Q481Rr5zp1q1m3soZ2
    [123] => tg_515dvHCtfcpeIJIDhb8yfhsczx1odh
    [124] => gfx-227-02
    [125] => fy-224-01
    [126] => tg_NtIayKgqI5dmws2phUaG2sd1trUmnc
    [127] => tg_UtRX45LTTBhit9FsAS9KhyehPDP6v5
    [128] => tg_iTu7R5kBoS3ZwvVAV0dsCpeGvSwNDW
    [129] => byxxc-238-03
    [130] => tg_ZYpcDjcdzPXo9mq3BmOpV125UYut9U
    [131] => tg_B8hIhBmFN4X3ijAaXtsTwvigoF1oKO
    [132] => tg_Athd1rKM9gzpVdQJvODuZp3H7crIGx
    [133] => tg_GRfNDZqBJr6NfIEUwCME6aHh3ekzpu
    [134] => tg_1t8ZHkzHsOjjfBQdO8Sp6xQb4Jqv5N
    [136] => tg_mrIHzdJ5a7cXVH9W4aDyn8BcY3sEWL
    [137] => tg_bKnybL4otl2MtKbxCtLLDw8xA056HA
    [138] => tg_PYh9xGbkk20UcrNohCyRW65KllW12G
    [139] => tg_wrkllRzkeqsORvKiNAzO3ehrledFMq
    [140] => tg_vFRoFZpYD3kGy88Auf1GTqjU3s57Pc
    [141] => xyj-241-17
    [142] => yxzxAPP-422-01
    [143] => tg_oYeamNiVoPhCQ43VMK6OhFySsqpVbh
    [144] => tg_vCsJpv46Zy29l982dIplz8UWDvylOA
    [145] => tg_eXfOrB7ZM7cDO2nqwzIwswNwbLhnlJ
    [146] => czqst-395-01
    [147] => tg_oAoVUwkuOeyVVQ05jZL3XRH3CJPrbR
    [148] => tg_HrQI25ZA7moQZ990COLvEQ1ERJhTzR
    [149] => tg_E0E2nta7J3vcP1BXFdQhyTIYyLZcTh
    [150] => tg_QNIdVsHmq2UJ0KNrgyokjQkFMiWOhX
    [151] => tg_hGFVwlehGMFc5AVTI0APT2AXvSQeGu
    [152] => tg_2ARVHpH2uWK1GKxxu0Zg0YChSYsj0O
    [153] => tg_R5o8QShUV1GO4zyUU3UWozKOn12GdV
    [154] => tg_7ygUWViw2QMvlKmC2Pi0MP5W6qypmc
    [156] => tg_U7dQFVw0JZmpH11lmYHLR5qIsPJy3K
    [157] => jymf-237-03
    [158] => tg_C279T8XrdTVBzfahN2pau9nO3JhRif
    [159] => tg_rZLzNO4FSdY9hoRYNqEFV16bvYXuBb
    [160] => tg_eNCWE4IqbTr4L3rXk6kxGeYdF0sdgw
    [161] => tg_VQYPOTHH50TmyCzLnBkxv79on7PfsR
    [162] => tg_2WbWHagMS2SOb5xOSfVRLGlIn1S33u
    [163] => tg_bWN4ISOqWcdLGPLqWK0mc2Dhk0BZW3
    [164] => tg_DXLdwJFBbmEClkeZrrzUr7M0x5UknP
    [165] => tg_oRr8aA1QCzsoU5qSPqYmMCuQ9sNmcg
    [166] => tg_D3OC96S53NgitjGQM8exL3wMjxkf4X
    [167] => tg_NIGftm0hA1EjxWm9DKPuA69NSdLiBs
    [168] => 
    [169] => tg_jejMxEyTgyxOGvlI2GYJusOt3QDOGb
    [171] => tg_euSiCujjVYyRZq2bhlsayXa9gchpUb
    [172] => tg_rmk6gWq0INJZaYZ6tgqFPmq3z5eqNm
    [173] => tg_Q2b1rjqmySzYHTs1i9OWePb2NaBcGB
    [174] => tg_tWxsqLc2DyZW0xhEjU2AGnkAg8rSzH
    [175] => tg_ZPo6AUjenS3o8rOmul8XP3mZ4bHixh
    [176] => xdzz-228-02
    [177] => tg_9svDGMMYJz3JrJlA5yZkJ0dVtaUb4m
    [178] => cbws-283-02
    [179] => tg_5QH6cQj37W9Aiel0tFJsWqgDtezJLR
    [181] => xyj-241-02
    [182] => tg_Qo1fvJS7zsXzyA2IXbpN0O63IkFczD
    [183] => tg_VD9fabmjMTqKUo3zGp3UHnyM0FohMB
    [184] => tg_JYWGy6Lv2jwnMs8SqyRiEdd3aHRvvv
    [185] => tg_ODoUx9rQG9p7rnBZM2d19F8EQZ5utc
    [186] => tg_FBRU1OZlwtg4i3DyAwOepei5y13Hid
    [187] => tg_yguQaDrCX4sRHyusZCmoIu2wxKyPTv
    [188] => tg_radynjycJycQAFuAfK5GP6rDqGT6ed
    [190] => tg_OU20Xikl0SbparapZGvkebqzKhWQRE
    [191] => tg_HlAnvCbNuM4o6gu4lj9ouY9mA4dxfQ
    [193] => iszz-258-02
    [194] => tg_tqrdOEQGez8JLhsu6eKlKfqBQ95Nv9
    [195] => tg_ovYJpa0VxDSjfx9vB6F4bOOdyJRpkM
    [196] => tg_SWqbqvLqDQyYjsG9jBBHZo8bF5l6yj
    [197] => tg_HAE4GeBnupqKgTMoKVfdqFSpbGZqdw
    [198] => tg_WObUg0waseMQMRqjvOnCzrgFmhUPVo
    [199] => tg_BzSlq616dainWOMpgxtFCfaqMVWg3j
    [200] => tg_Ok1V5icI9vmONx23EKbYHVP56i1pYd
    [201] => sdyxc3D-243-03
    [202] => tg_dE40iVMPYicK6apZag3A7mu7y50uQ9
    [203] => tg_mcEuJVtSvdAtVUENaRDVMBLSq8APnS
    [204] => tg_DwNO8ixOfJ2rY1XNclifft83mhYTi4
    [205] => sji2-257-03
    [206] => tg_uRPJgNFRkhP1SYEz7vGMLo5cLwr10j
    [208] => wd-265-02
    [209] => tg_It3ZrGnxHnT527Li1JsFPEbAXHFsnx
    [210] => tg_rxk5PfhQq0bSCryZmN7GIozF5JXeYS
    [211] => tg_9MSv9Id4g4YQ5HqkZSRgzWSsm3hDiU
    [212] => tg_TENeIojtmSpDKsv56C6VA3ZOUuYzdT
    [213] => tg_rRyHzAFMUdV7axvQjFOLFWcimW2ISs
    [214] => tg_G9yTAxWgs6kbikFA8mybpflSOxGHtl
    [215] => tg_ztpR2HKML8hJFjprho1zfbkV0imFp4
    [216] => gfx-227-03
    [217] => tg_WCkCTf0pTrn8wT5Vga2ak2u2b6U4jG
    [218] => tg_prw2gIFGyrnJH79P6pDgYGJjanWPHY
    [219] => tg_spVeL0duhA4o33C3XVLMLcJeGzpLLx
    [220] => tg_oGuXovKoRUbLPmHuvs3UuIE9aeMS2u
    [221] => tg_B2gRz6KoFotcJwvqLHiYqclhTRZjAI
    [222] => tg_e1XmOfhhxXMfenNMZuYv78znuFefbr
    [223] => xyj-241-04
    [224] => zyj-263-04
    [225] => tg_5OfKZXixp7CjR7XPU0W90lqqqTFk5J
    [227] => tg_NKOwsJ0b1FzamrotErpd6jgYsKAN2v
    [228] => tg_OfaE1oD9jOkeCrMxFmwZmT29Ew1L5z
    [229] => tg_hgxfsHaP3Nl6ta14BIeWsy7lPXS8e2
    [230] => tg_mFtD7NWQksoGcdkYjyTLyCGBW5LAiU
    [231] => tg_tkywLzSIt5aSnvn3IajVveDiFKZPog
    [232] => tg_ZZgcgW1UXMwmQ7XrtNJNYgILCHkhvx
    [233] => tg_VY5fuFU8pF4jMVrZsTPAcRbAbM68ZA
    [234] => tg_xBuL3S9TdcaQpVCpOs55vAmiUv8Ix9
    [235] => tg_o028lSVS26po0ZFjgGHlegKtggqz9S
    [236] => tg_Yu783LP9jjPQKkQ4gZ37LJqiGsa8F2
    [237] => tg_CMn3QsdnmrYBklOoZVQMNZsa0x91F5
    [238] => tg_R1RDVqNHRQXgl4KJSMyZU2Tno2K9bg
    [239] => tg_aFWrMTmCWEE0kaQmPHz5pWXf54vm83
    [240] => tg_xX5O7gsz5V7ioS8CXkxejkdaaSilqn
    [241] => tg_v7cDnrslnzqxIArJ4erBCApkpQRJeE
    [242] => tg_6CokVfS6Oz4fhV96SrZwcFvSmIfKmE
    [245] => dixy-232-02
    [246] => tg_Wn11xsfYxoYQKmXznDz7ic5H2PaJth
    [247] => tg_U29cGDHCcVOBa07j7jJvkgp23MCXxa
    [248] => tg_Hllcezo5vcG6IuqIwwwGQ0oYw0mGPL
    [249] => tg_nIqDlZQ0dQMiGOudQVBgJ8vMzvy4ST
    [250] => tg_caJsC7EfMOzEbr9mIg1Oi8xmFBpxw6
    [251] => tg_Ylsw4PyijBADuMjBqAvjXxmuH9Wj3F
    [252] => tg_5OSuPn9oHty6tDThXGVcWSFPKws79c
    [254] => dixy-232-01
    [256] => tg_5tm9Wg2AXqKDoIwYbz1h5YBQ4FS8P3
    [257] => tg_Gejy6CaJU0EYR82x85J7TjKGPjSSZY
    [258] => qqics-242-03
    [259] => tg_NCP73iALs0HQvWtKPZzGiEA3HSBsAa
    [260] => dfbb-261-03
    [261] => tg_1UrNa6pMG9ilFEbZCPTKAY22s7V5Cz
    [262] => tg_ICEcjc9rCPIBR46UAcqeZksnO8Wi9M
    [263] => tg_iqfTzQ8SlRMYUsxMhhHnvScsJrc5by
    [264] => ly-266-03
    [265] => tg_Gl4B6QurIAtwce1L8X9Drz0yYnpQAo
    [267] => tg_vC2YDzjcVUC15FGQBPgLNxYeO7Z5SQ
    [268] => tg_hjdu6ORJM7OG8QrXFIcC2xcYVRv9Dr
    [269] => tg_V3ZMC6AaWAUIgoEVwUp5VmHPypL3p1
    [272] => tg_luMOlzXMsvqQNqaAuBhkolxOxGtjmA
    [273] => tg_c0mUBBrcogdE5UvZCY2HnsSHyc6ePs
    [274] => tg_v7Jb3BIDODCQ1VtgtfAmw7kXJEEPfK
    [275] => tg_CWHe7Hrfhl6JXuwTQhogiVXlCxO6f0
    [276] => NBAftx-225-02
    [277] => sszj-260-03
    [278] => tg_3GSSy8PYKoFrup8G30jsux8ihQxkGc
    [280] => tg_howgDJMf8H0nC23KdM8cLLhsk330Sj
    [281] => tg_KSrTmGgyDYV81i5ltvne0CVaiHhXRQ
    [283] => tg_vHJuYyncAfyWx0OBOTNBzBs4VDbYKa
    [284] => tg_Uuu7DKIS1H6x1tYmIF3QwX7uhrg7pM
    [285] => tg_W2pysd1dY4bhFAxFDmSbPJAAXMZAJP
    [286] => tg_3H9a1haRWXASZzcsseDOLdFDuXWGy9
    [287] => iszz-258-04
    [289] => tg_lkJenLTf3uhjm38o51BofReYhEyBEj
    [290] => tg_YdzBBvglsoXidJdKCmWrG85bql5kG4
    [291] => tg_73mHAOuM3KdQa6oKLLG6XZgNWYlZCU
    [292] => tg_IkrlXzTXRIz8Ff1EmFcvknDMveHyZy
    [294] => tg_quBxwsHLnDcetKwYUeL0ZwGVhOWJvs
    [295] => tg_v2aSduKnJJ5NKXAAkCTPEOYo7JnS94
    [296] => tg_IB6hnKY9LuosneMkON6vp3eobulWK3
    [297] => iziy-262-03
    [298] => tg_AXIXnbBwMpJMQDEe2VSEWJmTX2afnP
    [299] => tg_gxMXCdvJJOAMmzsoXJMMaU34TPUY3s
    [301] => tg_9v3y1tH8IID2ObAOh7tIrIqGPUL5li
    [302] => tg_4gxvdgBfeXfU0Mkm1t3kqb6ftdzOMG
    [303] => iszz-258-03
    [305] => iszz-258-11
    [306] => dfi2-252-02
    [307] => tg_x7V0CXex19izghRLpbsKQuQz4iWGFy
    [308] => tg_G7iLAMkERZ5ZZ4eotZjjQMghR4aFpd
    [310] => tg_JXdNpFL3qYrFKCQydFp9kS0Es7uq9p
    [311] => tg_gGqT8bYbaxpqLD1XpnsxYSJ3XLlWdc
    [312] => tg_Zoks2ueLqNQh9bkP9F8nWgWxgVN4a3
    [317] => tg_cpZrEKR0IJ4S1rcmaswi8oADsic8pk
    [318] => tg_q4hI4MqWZwu7ac1kh5pn4KFdNgeV4y
    [321] => tg_YEGigjvUVMhHY4g2vs3HBjFuRhLdgZ
    [322] => iziy-262-04
    [323] => tg_a3MwwHqtFVIIu2wAcJtxFP9Qq6YXdU
    [327] => tg_bemh9vIE1yhl2WLX8PC3K4kt6T56sl
    [329] => tg_VZuGbtPK119VaeXIfeAFPpCwPVuF4q
    [331] => tg_Ybl9xENxHsfVBPK7IBZikgc9icV0p0
    [332] => tg_q5tpNQkvjppy8orNkmvHjKeZoFDicc
    [338] => tg_6vi6nfVunqSTdJKQ729D5wPqwD65uc
    [339] => tg_lfUx09OXmzxWGLxjyNqiYhji1J6o3S
    [340] => xdzz-228-03
    [344] => tg_xynK92e6Ss0NWnCvL8CCENHHEqAka4
    [345] => iszz-258-10
    [348] => tg_YP3WF3TI3Mr7oCBqG4P1cEzXc7s0uA
    [350] => tg_pVLKwuqunHstVkThsuG9m9ZSFNKY4Z
    [353] => sbkcq-294-01
    [355] => ijilz-249-03
    [356] => tg_2NsHXZzeADPI3sOdsGvb5UWmUgvIq3
    [364] => tg_Ol1QFxsnwmPTIifUX1pY0CFdr9g2cW
    [365] => tg_rerMGmdYU9Jyeq8z0UUtJkITxPIPi2
)

有效渠道个数：295
有效渠道array：
Array
(
    [0] => 6468
    [1] => 6467
    [2] => 6463
    [3] => 6462
    [4] => 6461
    [5] => 6460
    [6] => 6447
    [7] => 6437
    [8] => 6434
    [9] => 6427
    [10] => 6421
    [11] => 6251
    [12] => 5919
    [13] => 5872
    [14] => 5728
    [15] => 5727
    [16] => 5726
    [17] => 5720
    [18] => 5717
    [19] => 5174
    [20] => 4575
    [21] => 4243
    [22] => 4215
    [23] => 4183
    [24] => 4094
    [25] => 3413
    [26] => 2749
    [27] => 2588
    [28] => 2554
    [29] => 2547
    [30] => 2539
    [31] => 2523
    [32] => 2505
    [33] => 2446
    [34] => 2437
    [35] => 2434
    [36] => 2421
    [37] => 2407
    [38] => 2395
    [39] => 2394
    [40] => 2393
    [41] => 2391
    [42] => 2388
    [43] => 2387
    [44] => 2386
    [45] => 2385
    [46] => 2384
    [47] => 2382
    [48] => 2381
    [49] => 2377
    [50] => 2289
    [51] => 2284
    [52] => 2280
    [53] => 2274
    [54] => 2273
    [55] => 2272
    [56] => 2271
    [57] => 2270
    [58] => 2269
    [59] => 2268
    [60] => 2267
    [61] => 2266
    [62] => 2265
    [63] => 2264
    [64] => 2263
    [65] => 2262
    [66] => 2260
    [67] => 2259
    [68] => 2256
    [69] => 2255
    [70] => 2231
    [71] => 2226
    [72] => 2220
    [73] => 2218
    [74] => 2215
    [75] => 2099
    [76] => 2095
    [77] => 2090
    [78] => 2073
    [79] => 2055
    [80] => 2045
    [81] => 1896
    [82] => 1884
    [83] => 1877
    [84] => 1875
    [85] => 1872
    [86] => 1870
    [87] => 1869
    [88] => 1867
    [89] => 1859
    [90] => 1856
    [91] => 1854
    [92] => 1840
    [93] => 1837
    [94] => 1825
    [95] => 1824
    [96] => 1823
    [97] => 1821
    [98] => 1814
    [99] => 1809
    [100] => 1803
    [101] => 1801
    [102] => 1800
    [103] => 1650
    [104] => 1638
    [105] => 1637
    [106] => 1631
    [107] => 1629
    [108] => 1620
    [109] => 1617
    [110] => 1604
    [111] => 1603
    [112] => 1601
    [113] => 1595
    [114] => 1557
    [115] => 1555
    [116] => 1553
    [117] => 1531
    [118] => 1529
    [119] => 1526
    [120] => 1524
    [121] => 1519
    [122] => 1491
    [123] => 1488
    [124] => 1481
    [125] => 1480
    [126] => 1476
    [127] => 1475
    [128] => 1470
    [129] => 1464
    [130] => 1461
    [131] => 1459
    [132] => 1457
    [133] => 1438
    [134] => 1436
    [135] => 1431
    [136] => 1430
    [137] => 1428
    [138] => 1419
    [139] => 1418
    [140] => 1417
    [141] => 1393
    [142] => 1392
    [143] => 1391
    [144] => 1389
    [145] => 1380
    [146] => 1372
    [147] => 1346
    [148] => 1344
    [149] => 1343
    [150] => 1337
    [151] => 1335
    [152] => 1324
    [153] => 1315
    [154] => 1306
    [155] => 1305
    [156] => 1292
    [157] => 1280
    [158] => 1139
    [159] => 1134
    [160] => 1123
    [161] => 1120
    [162] => 1115
    [163] => 1110
    [164] => 1101
    [165] => 1100
    [166] => 1077
    [167] => 1056
    [168] => 1047
    [169] => 1012
    [170] => 1009
    [171] => 999
    [172] => 998
    [173] => 994
    [174] => 971
    [175] => 946
    [176] => 944
    [177] => 927
    [178] => 915
    [179] => 913
    [180] => 910
    [181] => 885
    [182] => 876
    [183] => 873
    [184] => 872
    [185] => 871
    [186] => 867
    [187] => 860
    [188] => 857
    [189] => 856
    [190] => 855
    [191] => 851
    [192] => 850
    [193] => 843
    [194] => 836
    [195] => 825
    [196] => 824
    [197] => 800
    [198] => 799
    [199] => 798
    [200] => 785
    [201] => 775
    [202] => 758
    [203] => 753
    [204] => 751
    [205] => 728
    [206] => 727
    [207] => 725
    [208] => 717
    [209] => 713
    [210] => 697
    [211] => 696
    [212] => 695
    [213] => 694
    [214] => 689
    [215] => 686
    [216] => 685
    [217] => 683
    [218] => 680
    [219] => 677
    [220] => 657
    [221] => 656
    [222] => 654
    [223] => 616
    [224] => 615
    [225] => 593
    [226] => 592
    [227] => 589
    [228] => 588
    [229] => 581
    [230] => 579
    [231] => 572
    [232] => 563
    [233] => 562
    [234] => 542
    [235] => 536
    [236] => 535
    [237] => 533
    [238] => 528
    [239] => 527
    [240] => 526
    [241] => 478
    [242] => 477
    [243] => 476
    [244] => 464
    [245] => 462
    [246] => 460
    [247] => 456
    [248] => 453
    [249] => 443
    [250] => 441
    [251] => 439
    [252] => 429
    [253] => 427
    [254] => 421
    [255] => 416
    [256] => 412
    [257] => 409
    [258] => 407
    [259] => 405
    [260] => 404
    [261] => 403
    [262] => 398
    [263] => 396
    [264] => 392
    [265] => 389
    [266] => 386
    [267] => 384
    [268] => 381
    [269] => 380
    [270] => 379
    [271] => 377
    [272] => 374
    [273] => 373
    [274] => 371
    [275] => 370
    [276] => 369
    [277] => 368
    [278] => 324
    [279] => 311
    [280] => 309
    [281] => 300
    [282] => 297
    [283] => 296
    [284] => 295
    [285] => 293
    [286] => 270
    [287] => 262
    [288] => 259
    [289] => 223
    [290] => 184
    [291] => 174
    [292] => 167
    [293] => 141
    [294] => 14
)

