2016-09-14 00:12:11
统计当天：2016-09-13
渠道个数（即dailyaccount的个数）：1954
渠道sql：
select * from yx_tg_source S left join yx_tg_game G on S.gameid = G.gameid where S.activeflag = 1 and G.activeflag = 1 and G.isonstack = 0  and S.createtime<='2016-09-13 23:59:59' order by S.id desc
活跃渠道个数：264
活跃渠道array：
Array
(
    [0] => tg_Ylsw4PyijBADuMjBqAvjXxmuH9Wj3F
    [1] => tg_1nGplhQDLUI1MZSEUXMNUL84CHOPpX
    [2] => tg_tWxsqLc2DyZW0xhEjU2AGnkAg8rSzH
    [3] => tg_vfaj7fCIWHRW8AF6lOhWStml7M07BG
    [4] => smbbfk-415-01
    [5] => tg_Gl4B6QurIAtwce1L8X9Drz0yYnpQAo
    [6] => tg_aFWrMTmCWEE0kaQmPHz5pWXf54vm83
    [7] => tg_jCHJyMptnrEeCRtLvWCna1UgFDOg12
    [8] => tg_AXIXnbBwMpJMQDEe2VSEWJmTX2afnP
    [9] => tg_gGqT8bYbaxpqLD1XpnsxYSJ3XLlWdc
    [10] => jlzz-346-01
    [11] => tg_hfQFP1T5unIBwVwmYZ84lmbLUk6Hql
    [12] => tg_Uzk9TWGhQpn8JMmxrdOv3sknjw9Rpv
    [13] => tg_Hllcezo5vcG6IuqIwwwGQ0oYw0mGPL
    [14] => tg_jVaInI6nlTytxENBtvj0QGDG4ROnQZ
    [15] => lqsc-353-01
    [16] => tg_caJsC7EfMOzEbr9mIg1Oi8xmFBpxw6
    [17] => ly-266-01
    [18] => tg_NO44EDPcEL3s66lwa9yRtCs9aY1gjc
    [19] => tg_wdPlPXqIiLNs9uy7Ml0oOQKl3eamzQ
    [20] => tg_PXQG1MoeGb9uQy94DtZg3mBtr0ErUI
    [21] => fzj-291-01
    [22] => tg_U02aEbJWjofntzfdTyOZeZNTKplL1c
    [23] => tg_e1XmOfhhxXMfenNMZuYv78znuFefbr
    [24] => tg_4lRiisZH0JDrv5SjTFuyTrjTfz9HlH
    [25] => tg_AiJwHtn43hGHh0Q6lFNUKaOFnTJSdP
    [26] => tg_9wMQEwx1XSgzc6p1L1icWOicF6gRTs
    [27] => tg_Sewxs3XtPGOLYiORI5Pkg7odXeAKXN
    [28] => tg_au4IVxZIqUPkIsk9WHXh5V7naKiSIK
    [29] => tg_wG017TLGCDCOP3j44m5IhVPQ8fZiY5
    [30] => tg_sp31vMDSFcA6z3PRqDM5scCEj04Zx8
    [31] => sszj-260-03
    [32] => 
    [33] => tg_5QH6cQj37W9Aiel0tFJsWqgDtezJLR
    [34] => tg_iqfTzQ8SlRMYUsxMhhHnvScsJrc5by
    [35] => tg_Trn7YSQVVtNZzq3Fw768fo98JN0n65
    [36] => tg_NgwIwYVjAzXZn1QBJC68rQwtm8qAnv
    [37] => tg_5OfKZXixp7CjR7XPU0W90lqqqTFk5J
    [38] => tg_MgtczvSC2Y8RhwzpkFMfLrp6BnzFJA
    [39] => tg_Ns2ruyRNGIFOc1V1cNXZTgYNXxKEzX
    [40] => tg_MwmQeDM6z2hcH7FkvAQSikHdIAwg1t
    [41] => dfi2-252-03
    [42] => tg_OfaE1oD9jOkeCrMxFmwZmT29Ew1L5z
    [43] => tg_XsxYkTvYKaFEZLomJmAIGTxKh6t473
    [44] => tg_isZoXNhPlO746tHMSp9H4QBHsPxXNI
    [45] => tg_sM3nfqDJy3Vy5aPurriOPCdX9iEJma
    [46] => tg_a5q2q9GN2xABq86jM9pwiS8iyBJVfW
    [47] => tg_DSCeq49dAY1NXszMuPT6YSvlibLEV5
    [48] => tg_T0Ed5mmvuRdVzcxLWCLs9R6BGf0EaP
    [49] => tg_hNjMap3hjNuOedvUnzvAWJBXgasDJc
    [50] => xdzz-228-03
    [51] => wd-265-03
    [52] => tg_Zs0k3Wft4sZSUPLhqKbS72Fumhrxnx
    [53] => tg_JZ9J3vGNs6fiYDpid1fLVXAcdmnJGC
    [54] => tg_G7iLAMkERZ5ZZ4eotZjjQMghR4aFpd
    [55] => tg_OelNZbsZicvSlFyKZY006o7gBOtSKO
    [56] => tg_L4b9y9jkPeClOLmOuVH9PTWnXv2R2K
    [57] => tg_MCBEPT7TlMAoHD53fV2FfYPSNTj0U5
    [58] => tg_c0mUBBrcogdE5UvZCY2HnsSHyc6ePs
    [59] => tg_OD7FcltYU9ZyDt7rn6beaylFAAVT5D
    [60] => tg_Tz6d3yDyd5gvinzQgLtyMi5S3LShGB
    [61] => tg_Ri2NPtmmh1FsYTXg1bpBcSfD0VdpP7
    [62] => jymf-237-02
    [63] => tg_radynjycJycQAFuAfK5GP6rDqGT6ed
    [64] => tg_fiVxTkRnmQOqXfhUtCnwFnyhg2zmNy
    [66] => tg_A0WJG6ZDiQ3ypQyccJYwWmrInd4ni9
    [67] => tg_lH8i7vtt5Vyi4nU4poSm8Iv68PqS5A
    [68] => tg_PNkXb47liieiXF3AsjbhIxIIawAJnd
    [69] => tg_BL1cvYB10xHPlkyqQCXE7m6l9qVzKO
    [70] => tg_USQULvLd7jEwvAnEXP6ogWMPmBcWXF
    [71] => tg_ymld57G5I4vbEL4xKP4jLw7Orz8ckF
    [72] => tg_N3n5bMNK8zcr4pfuMwWwZ8rQ1S89xz
    [73] => tg_VTIb5DaGCBJKGzmOMCno3o3PZif4jo
    [74] => tg_ICEcjc9rCPIBR46UAcqeZksnO8Wi9M
    [75] => lwzr-239-03
    [76] => tg_goJRHroex3VvwpWq8MzgPeRFRhKrLs
    [78] => tg_fDPOX97e8cE8kTFCplIQ5lhboRmcwO
    [79] => tg_mrIHzdJ5a7cXVH9W4aDyn8BcY3sEWL
    [80] => dddld-402-01
    [81] => tg_DbGOemqQa31uumD6DFGIs6Wgn593nT
    [82] => djsy-297-01
    [83] => tfsgz-404-01
    [84] => tg_ucgSlwjCyVURyZlylDS2uXodrqtSVP
    [85] => tg_4xaqzJIbeZOX10X6NI4jgUD3d7kYwn
    [86] => tg_9qi3bVuFrRYnjckoJq4Dtos0NVwJYt
    [87] => tg_YAPQmhW0rC5oVKIC86sZzIwijhbJwB
    [88] => COK-223-01
    [89] => tg_Spjn27BpHac5Q481Rr5zp1q1m3soZ2
    [90] => tg_IG3MtJ7JOXqsan5jjyzdOs1dngskIJ
    [91] => mzsg2-383-01
    [92] => bsqx-412-01
    [93] => tg_IHodxJNKrfS0xxajkR6tAtkpohQvUu
    [94] => tg_9exPJH0wBZ8HTOnBGIBAUy7Pd5KItg
    [95] => tg_Ok1V5icI9vmONx23EKbYHVP56i1pYd
    [96] => tg_XXwXyAgTAQOiv71kMUJSaiBY3gEdfK
    [97] => tg_jlkC6X8s1QpUpkaUOzJ2fGYI7vjo37
    [98] => tg_tqrdOEQGez8JLhsu6eKlKfqBQ95Nv9
    [99] => tg_It3ZrGnxHnT527Li1JsFPEbAXHFsnx
    [100] => tg_CMn3QsdnmrYBklOoZVQMNZsa0x91F5
    [101] => tg_BzSlq616dainWOMpgxtFCfaqMVWg3j
    [102] => tg_mcEuJVtSvdAtVUENaRDVMBLSq8APnS
    [103] => tg_77gFvmZyqqb5ZTA3643TFpwCYz8Jas
    [104] => tg_2WbWHagMS2SOb5xOSfVRLGlIn1S33u
    [105] => tg_o028lSVS26po0ZFjgGHlegKtggqz9S
    [106] => tg_zRnBcW23chp2xLf0qaD1SZynlCrOYp
    [107] => tg_eLEqdDrBvwuOFU6b2V56wYAdha9j5B
    [108] => zgzt-213-01
    [109] => tg_oYeamNiVoPhCQ43VMK6OhFySsqpVbh
    [110] => tg_iTu7R5kBoS3ZwvVAV0dsCpeGvSwNDW
    [111] => tg_awTPBSSOvVaPDE8DgN4d99SaLaRaOj
    [112] => tg_KypJHDmomIKxzjDlIicERFLId6NEId
    [113] => tg_xyeEpNy38LrPrmO7kN8DtktaBlDieY
    [114] => tg_R1RDVqNHRQXgl4KJSMyZU2Tno2K9bg
    [115] => tg_xEplWJZkxbKqE6TfgeL443TSmb1nA5
    [117] => tt2-401-01
    [118] => dfi2-252-02
    [121] => bdbsg-374-01
    [122] => dfi2-252-01
    [123] => tg_vHJuYyncAfyWx0OBOTNBzBs4VDbYKa
    [124] => tg_5fLgR73ZT2w2WqrHs7ABikHHCd11be
    [125] => kbzy-312-01
    [126] => qyz-391-01
    [127] => tg_fRHfC9ChoSgRkVZyqNoSztyogaOH6r
    [128] => tg_mFtD7NWQksoGcdkYjyTLyCGBW5LAiU
    [130] => tg_JBTSjmYoNdCGHgEe6sdiu3Fy5l13Zg
    [131] => tg_luMOlzXMsvqQNqaAuBhkolxOxGtjmA
    [132] => kdygfk-292-01
    [133] => xyj-241-12
    [135] => tg_xX5O7gsz5V7ioS8CXkxejkdaaSilqn
    [136] => tg_GXKFwldOWDrQ9XB8plFtCj91dyXAIh
    [137] => tg_qHza9gIeJGTH2MKaWSDdJWO2bAcfty
    [138] => tg_U7dQFVw0JZmpH11lmYHLR5qIsPJy3K
    [139] => tg_oGuXovKoRUbLPmHuvs3UuIE9aeMS2u
    [140] => cbws-283-02
    [142] => tg_9svDGMMYJz3JrJlA5yZkJ0dVtaUb4m
    [143] => tg_XtFvAraX5GDj9C1xWnCN9H3iWaOpXI
    [145] => iszz-258-11
    [146] => tg_u1US2O9i4Z0zNFhwCpRHFpjjJ2Ti4w
    [147] => zyj-263-03
    [148] => tg_7ygUWViw2QMvlKmC2Pi0MP5W6qypmc
    [149] => tg_NIGftm0hA1EjxWm9DKPuA69NSdLiBs
    [151] => dfbb-261-03
    [152] => tg_2ARVHpH2uWK1GKxxu0Zg0YChSYsj0O
    [153] => tg_vCsJpv46Zy29l982dIplz8UWDvylOA
    [154] => tg_GMTqei4u3HsEi273emHLsPpYI3B6DW
    [155] => tg_1EINsQaerAIg5QtrK92gm7n6zSfR7D
    [156] => tg_BX7jbPiBrO3Lbj4y7kRa9Zw7d5W5pt
    [157] => iziy-262-04
    [158] => tg_jejMxEyTgyxOGvlI2GYJusOt3QDOGb
    [160] => tg_PmAyr0IlfYftITdz5mJ4tk275XA5LQ
    [161] => tg_DKaNuKOyvG11c2r4z7fS9iRyoUDxLw
    [162] => tg_HAE4GeBnupqKgTMoKVfdqFSpbGZqdw
    [163] => tg_hGFVwlehGMFc5AVTI0APT2AXvSQeGu
    [165] => tg_q4hI4MqWZwu7ac1kh5pn4KFdNgeV4y
    [166] => tg_OU20Xikl0SbparapZGvkebqzKhWQRE
    [167] => tg_vC2YDzjcVUC15FGQBPgLNxYeO7Z5SQ
    [168] => tg_6jUp3DnwQlVKwly7ksK225akkquoO3
    [170] => tg_cpZrEKR0IJ4S1rcmaswi8oADsic8pk
    [171] => tg_Qo1fvJS7zsXzyA2IXbpN0O63IkFczD
    [172] => byxxc-238-03
    [173] => tg_v2Qd56QlqG5MyJCuSizLIu252lHZgr
    [174] => tg_rRyHzAFMUdV7axvQjFOLFWcimW2ISs
    [175] => iszz-258-10
    [176] => tg_9v3y1tH8IID2ObAOh7tIrIqGPUL5li
    [177] => tg_kvTh1eV254JKcMoQPmaF50ZSF2YI8r
    [178] => tg_3H9a1haRWXASZzcsseDOLdFDuXWGy9
    [179] => tg_WCkCTf0pTrn8wT5Vga2ak2u2b6U4jG
    [180] => sji2-257-03
    [182] => tg_WObUg0waseMQMRqjvOnCzrgFmhUPVo
    [183] => ly-266-03
    [184] => iszz-258-04
    [187] => sdyxc3D-243-03
    [188] => smsjOL-247-04
    [189] => gfx-227-02
    [190] => tg_spVeL0duhA4o33C3XVLMLcJeGzpLLx
    [191] => gfx-227-03
    [194] => xyj-241-03
    [195] => tg_eXfOrB7ZM7cDO2nqwzIwswNwbLhnlJ
    [196] => tg_KMpuyo1EOdaG6l4RIJxknESqe8i1do
    [197] => tg_6vi6nfVunqSTdJKQ729D5wPqwD65uc
    [198] => tg_E0E2nta7J3vcP1BXFdQhyTIYyLZcTh
    [199] => tg_lCJYqGb6SZqrkFLya5lrzcauMahixa
    [200] => tg_dE40iVMPYicK6apZag3A7mu7y50uQ9
    [201] => tg_euSiCujjVYyRZq2bhlsayXa9gchpUb
    [202] => tg_rxk5PfhQq0bSCryZmN7GIozF5JXeYS
    [204] => tg_ExtRRmq70LZ5cPOsbOSWEzt7KRjR70
    [205] => tg_pdviUeEztqS8c3nE98GICfvvesETHJ
    [207] => tg_v7Jb3BIDODCQ1VtgtfAmw7kXJEEPfK
    [208] => tg_atvkFT6WfdLvhq13SzOpitWJFgBoqu
    [209] => wd-265-02
    [211] => zyj-263-04
    [212] => tg_7WG5JTm3uW8NzqDodtjpwGYbm5j8oL
    [213] => tg_x7V0CXex19izghRLpbsKQuQz4iWGFy
    [214] => tg_Yu783LP9jjPQKkQ4gZ37LJqiGsa8F2
    [215] => tg_Gejy6CaJU0EYR82x85J7TjKGPjSSZY
    [216] => tg_YP3WF3TI3Mr7oCBqG4P1cEzXc7s0uA
    [217] => dixy-232-03
    [218] => tg_Ybl9xENxHsfVBPK7IBZikgc9icV0p0
    [219] => tg_gxMXCdvJJOAMmzsoXJMMaU34TPUY3s
    [220] => tg_ceyjwgtKjdoAWvo2vbmAPUZ25nKLFW
    [221] => tg_foInmUBJTEST2FsjE393noaqCL4YDz
    [222] => tg_ZPo6AUjenS3o8rOmul8XP3mZ4bHixh
    [223] => tg_JYWGy6Lv2jwnMs8SqyRiEdd3aHRvvv
    [224] => tg_Yo8lsyR923HdClbmST0J834ijBvVTL
    [225] => tg_U29cGDHCcVOBa07j7jJvkgp23MCXxa
    [227] => tg_I0YvXhD2svI5uMg8BdLS62F6ZFzP9c
    [230] => tg_hjdu6ORJM7OG8QrXFIcC2xcYVRv9Dr
    [231] => tg_Uuu7DKIS1H6x1tYmIF3QwX7uhrg7pM
    [233] => tg_mNXK59R18xrYtoBaxWNwkKYPBuKXQp
    [234] => tg_ztpR2HKML8hJFjprho1zfbkV0imFp4
    [235] => qqics-242-03
    [236] => tg_D3OC96S53NgitjGQM8exL3wMjxkf4X
    [238] => tg_KSrTmGgyDYV81i5ltvne0CVaiHhXRQ
    [239] => tg_HlAnvCbNuM4o6gu4lj9ouY9mA4dxfQ
    [240] => tg_v2aSduKnJJ5NKXAAkCTPEOYo7JnS94
    [241] => tg_rmk6gWq0INJZaYZ6tgqFPmq3z5eqNm
    [242] => tg_iCdPvpx09yXS6AqVoH99GaBcG8K6Bx
    [243] => tg_9L7imM0iNMHDvx030tEttb2gY6yAvf
    [244] => xdzz-228-02
    [245] => tg_Wn11xsfYxoYQKmXznDz7ic5H2PaJth
    [248] => iszz-258-02
    [249] => tg_W2pysd1dY4bhFAxFDmSbPJAAXMZAJP
    [250] => tg_rZLzNO4FSdY9hoRYNqEFV16bvYXuBb
    [251] => tg_q5tpNQkvjppy8orNkmvHjKeZoFDicc
    [252] => tg_CWHe7Hrfhl6JXuwTQhogiVXlCxO6f0
    [256] => tg_V3ZMC6AaWAUIgoEVwUp5VmHPypL3p1
    [257] => tg_4gxvdgBfeXfU0Mkm1t3kqb6ftdzOMG
    [258] => tg_VY5fuFU8pF4jMVrZsTPAcRbAbM68ZA
    [259] => NBAftx-225-02
    [260] => tg_LZVNb8oMP1vPlllm0EKGZKP5Fr09kS
    [261] => tg_hgxfsHaP3Nl6ta14BIeWsy7lPXS8e2
    [262] => tg_5OSuPn9oHty6tDThXGVcWSFPKws79c
    [264] => tg_VZuGbtPK119VaeXIfeAFPpCwPVuF4q
    [266] => dixy-232-02
    [267] => tg_rerMGmdYU9Jyeq8z0UUtJkITxPIPi2
    [268] => tg_NCP73iALs0HQvWtKPZzGiEA3HSBsAa
    [270] => tg_iNBVgkrz7R1IOCXEEJfkIlPzdSGnyI
    [271] => tg_a3MwwHqtFVIIu2wAcJtxFP9Qq6YXdU
    [272] => dixy-232-01
    [273] => tg_JXdNpFL3qYrFKCQydFp9kS0Es7uq9p
    [278] => tg_QZZFggp5dA4nZym1yeDjbwGvJrDxrz
    [279] => tg_uRPJgNFRkhP1SYEz7vGMLo5cLwr10j
    [283] => jymf-237-03
    [285] => xdzz-228-01
    [287] => tg_3GSSy8PYKoFrup8G30jsux8ihQxkGc
    [288] => tg_n3qXUbsViYy6M8zO55x3jxvAMHZa2W
    [290] => tg_lfUx09OXmzxWGLxjyNqiYhji1J6o3S
    [292] => xyj-241-02
    [295] => tg_bWN4ISOqWcdLGPLqWK0mc2Dhk0BZW3
    [296] => tg_2NsHXZzeADPI3sOdsGvb5UWmUgvIq3
    [297] => tg_YdzBBvglsoXidJdKCmWrG85bql5kG4
    [298] => iszz-258-03
    [300] => tg_YSA05Nah8JewKgqX9nr7Acwb2aBxyl
    [301] => tg_Ol1QFxsnwmPTIifUX1pY0CFdr9g2cW
    [302] => tg_oAoVUwkuOeyVVQ05jZL3XRH3CJPrbR
    [304] => tg_pVLKwuqunHstVkThsuG9m9ZSFNKY4Z
    [305] => tg_V4rCcoFzbBkK9PCpIYlOHxsf6WUDQr
    [308] => iziy-262-03
    [309] => tg_zjUY3zgmqTzHY6gaBbz0V5axvkeADq
    [310] => iszz-258-09
    [311] => tg_xynK92e6Ss0NWnCvL8CCENHHEqAka4
    [313] => ijilz-249-03
    [314] => tg_SWqbqvLqDQyYjsG9jBBHZo8bF5l6yj
    [329] => gfsl-221-03
)

有效渠道个数：240
有效渠道array：
Array
(
    [0] => 2091
    [1] => 2090
    [2] => 2075
    [3] => 2074
    [4] => 2073
    [5] => 2071
    [6] => 2067
    [7] => 2064
    [8] => 2063
    [9] => 2062
    [10] => 2059
    [11] => 2058
    [12] => 2057
    [13] => 2055
    [14] => 2045
    [15] => 1884
    [16] => 1877
    [17] => 1876
    [18] => 1875
    [19] => 1870
    [20] => 1867
    [21] => 1859
    [22] => 1856
    [23] => 1854
    [24] => 1840
    [25] => 1838
    [26] => 1837
    [27] => 1827
    [28] => 1825
    [29] => 1824
    [30] => 1823
    [31] => 1821
    [32] => 1819
    [33] => 1816
    [34] => 1815
    [35] => 1814
    [36] => 1811
    [37] => 1809
    [38] => 1803
    [39] => 1801
    [40] => 1650
    [41] => 1647
    [42] => 1638
    [43] => 1637
    [44] => 1631
    [45] => 1630
    [46] => 1629
    [47] => 1620
    [48] => 1618
    [49] => 1617
    [50] => 1614
    [51] => 1609
    [52] => 1604
    [53] => 1603
    [54] => 1601
    [55] => 1600
    [56] => 1598
    [57] => 1558
    [58] => 1557
    [59] => 1555
    [60] => 1553
    [61] => 1531
    [62] => 1529
    [63] => 1527
    [64] => 1526
    [65] => 1524
    [66] => 1522
    [67] => 1519
    [68] => 1491
    [69] => 1488
    [70] => 1481
    [71] => 1480
    [72] => 1478
    [73] => 1476
    [74] => 1475
    [75] => 1470
    [76] => 1464
    [77] => 1461
    [78] => 1459
    [79] => 1457
    [80] => 1452
    [81] => 1436
    [82] => 1430
    [83] => 1429
    [84] => 1428
    [85] => 1419
    [86] => 1417
    [87] => 1393
    [88] => 1392
    [89] => 1391
    [90] => 1389
    [91] => 1380
    [92] => 1346
    [93] => 1343
    [94] => 1337
    [95] => 1335
    [96] => 1324
    [97] => 1306
    [98] => 1305
    [99] => 1304
    [100] => 1292
    [101] => 1280
    [102] => 1139
    [103] => 1134
    [104] => 1123
    [105] => 1120
    [106] => 1115
    [107] => 1110
    [108] => 1101
    [109] => 1100
    [110] => 1077
    [111] => 1056
    [112] => 1047
    [113] => 1012
    [114] => 1009
    [115] => 999
    [116] => 998
    [117] => 995
    [118] => 994
    [119] => 971
    [120] => 947
    [121] => 946
    [122] => 944
    [123] => 942
    [124] => 941
    [125] => 915
    [126] => 913
    [127] => 910
    [128] => 885
    [129] => 881
    [130] => 876
    [131] => 873
    [132] => 872
    [133] => 871
    [134] => 867
    [135] => 866
    [136] => 860
    [137] => 857
    [138] => 856
    [139] => 855
    [140] => 854
    [141] => 851
    [142] => 850
    [143] => 843
    [144] => 836
    [145] => 825
    [146] => 800
    [147] => 799
    [148] => 798
    [149] => 785
    [150] => 775
    [151] => 758
    [152] => 753
    [153] => 751
    [154] => 728
    [155] => 727
    [156] => 717
    [157] => 713
    [158] => 697
    [159] => 696
    [160] => 695
    [161] => 694
    [162] => 689
    [163] => 686
    [164] => 685
    [165] => 683
    [166] => 680
    [167] => 677
    [168] => 658
    [169] => 657
    [170] => 656
    [171] => 616
    [172] => 615
    [173] => 609
    [174] => 593
    [175] => 589
    [176] => 588
    [177] => 582
    [178] => 581
    [179] => 579
    [180] => 572
    [181] => 563
    [182] => 562
    [183] => 536
    [184] => 535
    [185] => 533
    [186] => 528
    [187] => 527
    [188] => 526
    [189] => 478
    [190] => 477
    [191] => 476
    [192] => 464
    [193] => 462
    [194] => 460
    [195] => 456
    [196] => 453
    [197] => 441
    [198] => 439
    [199] => 433
    [200] => 429
    [201] => 416
    [202] => 412
    [203] => 409
    [204] => 407
    [205] => 405
    [206] => 404
    [207] => 403
    [208] => 396
    [209] => 394
    [210] => 392
    [211] => 389
    [212] => 386
    [213] => 384
    [214] => 381
    [215] => 380
    [216] => 379
    [217] => 377
    [218] => 374
    [219] => 373
    [220] => 371
    [221] => 370
    [222] => 369
    [223] => 368
    [224] => 324
    [225] => 309
    [226] => 302
    [227] => 300
    [228] => 297
    [229] => 296
    [230] => 295
    [231] => 293
    [232] => 270
    [233] => 262
    [234] => 223
    [235] => 174
    [236] => 172
    [237] => 167
    [238] => 141
    [239] => 14
)

