2016-10-25 00:35:22
统计当天：2016-10-24
渠道个数（即dailyaccount的个数）：7105
渠道sql：
select * from yx_tg_source S left join yx_tg_game G on S.gameid = G.gameid where S.activeflag = 1 and G.activeflag = 1 and G.isonstack = 0  and S.createtime<='2016-10-24 23:59:59' order by S.id desc
活跃渠道个数：363
活跃渠道array：
Array
(
    [0] => tg_LLCnuPvPz2vL5lkzkWTv86VAZqXiFt
    [1] => xdzz-228-03
    [2] => tg_1UrNa6pMG9ilFEbZCPTKAY22s7V5Cz
    [3] => tg_Ns2ruyRNGIFOc1V1cNXZTgYNXxKEzX
    [4] => tg_MgtczvSC2Y8RhwzpkFMfLrp6BnzFJA
    [5] => tg_5OfKZXixp7CjR7XPU0W90lqqqTFk5J
    [6] => tg_Hllcezo5vcG6IuqIwwwGQ0oYw0mGPL
    [7] => tg_DSCeq49dAY1NXszMuPT6YSvlibLEV5
    [8] => fzj-291-01
    [9] => yxzxAPP-422-02
    [10] => tg_Sewxs3XtPGOLYiORI5Pkg7odXeAKXN
    [11] => dfi2-252-03
    [12] => tg_Xvyu3qD4oHNW3F25RfMohRbGXv2TaQ
    [13] => tg_3DSNWRoGvcnS1USj7RLdEQ1Anm4nds
    [14] => tg_ExtRRmq70LZ5cPOsbOSWEzt7KRjR70
    [15] => tg_uKdkYuLOUZ6dYpKawiPxSlws5C3p2Q
    [16] => tg_euSiCujjVYyRZq2bhlsayXa9gchpUb
    [17] => tg_pdviUeEztqS8c3nE98GICfvvesETHJ
    [18] => tg_jCHJyMptnrEeCRtLvWCna1UgFDOg12
    [19] => tg_FF4y91BVHs0XFBT5b8yguHQV2ml675
    [20] => tg_NgwIwYVjAzXZn1QBJC68rQwtm8qAnv
    [21] => tg_KMpuyo1EOdaG6l4RIJxknESqe8i1do
    [22] => tg_eHZFYqOW37zZly6Ci485hAPKblznlk
    [23] => sdyxc3D-243-03
    [24] => tg_IyGlIlS4MTTVxm0zpx7MdfvmcesX3r
    [25] => 
    [26] => lqsc-353-01
    [27] => tg_xt7IIDM1x4OaXPXCCNB1kOLh1oJCyf
    [28] => tg_O9cgE2tLlaIUujkhXbTlcktVd9yvRi
    [29] => ly-266-01
    [30] => tg_Q2b1rjqmySzYHTs1i9OWePb2NaBcGB
    [31] => tg_XsxYkTvYKaFEZLomJmAIGTxKh6t473
    [32] => tg_T0Ed5mmvuRdVzcxLWCLs9R6BGf0EaP
    [33] => tg_YSA05Nah8JewKgqX9nr7Acwb2aBxyl
    [34] => tg_NO44EDPcEL3s66lwa9yRtCs9aY1gjc
    [35] => tg_au4IVxZIqUPkIsk9WHXh5V7naKiSIK
    [36] => tg_2NsHXZzeADPI3sOdsGvb5UWmUgvIq3
    [37] => tg_isZoXNhPlO746tHMSp9H4QBHsPxXNI
    [38] => ly-266-03
    [39] => tg_It3ZrGnxHnT527Li1JsFPEbAXHFsnx
    [40] => tg_u5jkBNVLd4lnnf9w8P6FZVnCleJITd
    [41] => tg_MwmQeDM6z2hcH7FkvAQSikHdIAwg1t
    [42] => tg_iCdPvpx09yXS6AqVoH99GaBcG8K6Bx
    [43] => tg_Trn7YSQVVtNZzq3Fw768fo98JN0n65
    [44] => tg_9DneKn1CDJFWOGcDYBJNlApta8VGdl
    [45] => tg_iNBVgkrz7R1IOCXEEJfkIlPzdSGnyI
    [46] => tg_oVuXEouaDagQKrGaZi23ZZhUpapd4J
    [47] => tg_fl4scLZ4FiUV9noT00XsT0B55NgKEK
    [48] => sszj-260-03
    [49] => tg_dcZ5QIL64ZnGI4GY1HWwh29nKXB9BK
    [50] => tg_6MtTadvoEKKgoLj4mjkg9EXH9fHVbf
    [51] => tg_o028lSVS26po0ZFjgGHlegKtggqz9S
    [52] => tg_quBxwsHLnDcetKwYUeL0ZwGVhOWJvs
    [53] => tg_mGHUeBsI32LYmovto5wB74q45NSYQy
    [54] => tg_W2yyQXCxIyTIwSbFXX4j5shu4N3mrk
    [55] => tg_IHodxJNKrfS0xxajkR6tAtkpohQvUu
    [56] => zyj-263-04
    [57] => tg_a5q2q9GN2xABq86jM9pwiS8iyBJVfW
    [58] => tg_mNXK59R18xrYtoBaxWNwkKYPBuKXQp
    [59] => tg_hfQFP1T5unIBwVwmYZ84lmbLUk6Hql
    [60] => wd-265-03
    [61] => tg_JZ9J3vGNs6fiYDpid1fLVXAcdmnJGC
    [62] => tg_VZuGbtPK119VaeXIfeAFPpCwPVuF4q
    [63] => tg_Zs0k3Wft4sZSUPLhqKbS72Fumhrxnx
    [64] => tg_QZZFggp5dA4nZym1yeDjbwGvJrDxrz
    [65] => tg_PXQG1MoeGb9uQy94DtZg3mBtr0ErUI
    [66] => tg_lH8i7vtt5Vyi4nU4poSm8Iv68PqS5A
    [67] => tg_OelNZbsZicvSlFyKZY006o7gBOtSKO
    [68] => tg_IG3MtJ7JOXqsan5jjyzdOs1dngskIJ
    [70] => tg_ZFKqnwhylnrusVCHzMKMfQ1CrM4PKI
    [71] => tg_GMTqei4u3HsEi273emHLsPpYI3B6DW
    [72] => tg_3WU9MDO31z8djXXtRATcHCMAatt5Ye
    [73] => tg_8T7NZZ0K1lUhDstwHQnzUVaXtWYYnV
    [74] => dfi2-252-02
    [75] => tg_fOWWgpxgog85mLXkPhWxAWHdhX1ZU7
    [76] => tg_oRr8aA1QCzsoU5qSPqYmMCuQ9sNmcg
    [77] => tg_ovYJpa0VxDSjfx9vB6F4bOOdyJRpkM
    [78] => wd-265-01
    [79] => tg_fGavmBEmEeJaNl84wbOJXtzYoz3ImT
    [80] => tg_s5eM8IRXSE8Vp7FYNsFCvzEztLAiwD
    [81] => tg_g3bZ5ra75R1nWzPNlKVchhK6YtC5az
    [82] => tg_ioXRAjcGjUCzjJyl3uelCKUEf6NWTB
    [83] => lwzr-239-03
    [84] => tg_dAoS95IeOPrEdZPFtjKeLSeUbfJn7f
    [85] => tg_u1US2O9i4Z0zNFhwCpRHFpjjJ2Ti4w
    [86] => tg_TS7g68ApFyNFyAAgoOk3qtRWimfoNg
    [87] => tg_2IxdlbSwcuNEvSDGBrrX9CN0ZymPS9
    [88] => tg_Ls0r0ObpFIFHHBSzcMSHVlPIgMA5tM
    [89] => tg_bJwb42D2NyPwgID5KQngbREXKIVqTS
    [90] => tg_29McOCy654FQHBg0k7IU0OJzmBi52V
    [91] => tg_s5DINUX58GHXmIZJJJV1gq5T40RdcF
    [92] => tg_G9yTAxWgs6kbikFA8mybpflSOxGHtl
    [93] => tg_3ljjNwItLS8dXWcAQk9dgMtgVhn6Zx
    [94] => tg_w68oXOlcBXT6GSmLsx64bgvFAo1M5u
    [95] => tg_TqzSaseGqG0lQhRlMeKvXogLlm94z2
    [96] => tg_jZtoZzZwkAYreEZJSiNkP59QpwiQCi
    [97] => tg_XzcQfAH9kg8oGINrpS2odHt7bczU5B
    [98] => dixl-277-03
    [99] => tg_oYeamNiVoPhCQ43VMK6OhFySsqpVbh
    [100] => tg_NvXJf5QR5tjRwPjhRNfgiEKYRFgx4r
    [101] => sijzcycs-270-03
    [102] => tg_2H4Lh6QFRbtPVS4psFYWJTTOhX6jay
    [103] => tg_xyeEpNy38LrPrmO7kN8DtktaBlDieY
    [105] => tg_hQCfxRAltho6mu57AFzdD1m4djON6a
    [106] => tg_2WbWHagMS2SOb5xOSfVRLGlIn1S33u
    [107] => tg_IB6hnKY9LuosneMkON6vp3eobulWK3
    [108] => tg_VTIb5DaGCBJKGzmOMCno3o3PZif4jo
    [109] => tg_PwJM16uX9eSU8BhZvQe6RiV6n5Shs4
    [110] => yxy2-281-01
    [111] => tg_xNkFYCVe3999kOpWMmGd9nc4ADgor5
    [112] => tg_hGFVwlehGMFc5AVTI0APT2AXvSQeGu
    [113] => tg_Uzk9TWGhQpn8JMmxrdOv3sknjw9Rpv
    [114] => xyj-241-12
    [115] => bydr4-388-01
    [116] => tg_wIXN1rzotxhcO2fHCh8v4WaFOhvM3i
    [117] => tg_jozQbXSt0MsOdEGwpK3VTTyUp66Ce2
    [118] => blidx-438-01
    [119] => tg_PeTNy1Faj8mQIBuAgfbjX5jTJXLLXa
    [120] => tg_AdMndsyzT7HuzGNpX6xP7nNd2kL4of
    [121] => sijzcycs-270-01
    [122] => yxzxAPP-422-01
    [123] => tg_qqQUdggyHH4Yq4RVnYKoxngb2JamOg
    [124] => ttmwy-278-01
    [125] => tt2-401-01
    [126] => tg_zHs8HJGyn0Rv5Gi1WOdDkiISnK0H7s
    [127] => gfsl-221-03
    [128] => tg_n7kYaKqcjBqgEHemPV870cpqG0QgFD
    [129] => tg_QNIdVsHmq2UJ0KNrgyokjQkFMiWOhX
    [130] => tg_Hr9az1lMNVa85gptvyaRGcDEAlj8Mo
    [131] => tg_USQULvLd7jEwvAnEXP6ogWMPmBcWXF
    [132] => tg_9wMQEwx1XSgzc6p1L1icWOicF6gRTs
    [133] => cbws-283-03
    [134] => tg_jlkC6X8s1QpUpkaUOzJ2fGYI7vjo37
    [135] => tg_zlmQ1MYrs3puVAfAUySNfxp8DprrcN
    [136] => tg_jejMxEyTgyxOGvlI2GYJusOt3QDOGb
    [137] => tg_9svDGMMYJz3JrJlA5yZkJ0dVtaUb4m
    [138] => tg_ODoUx9rQG9p7rnBZM2d19F8EQZ5utc
    [140] => tg_vCsJpv46Zy29l982dIplz8UWDvylOA
    [141] => tg_jIDMmrrMsjE2oVUQPVMr41zMpeY39d
    [142] => tg_LZVNb8oMP1vPlllm0EKGZKP5Fr09kS
    [143] => tg_eGqoU2qlNLtvDYNYfI973jrvfDEN6u
    [144] => tg_Ok1V5icI9vmONx23EKbYHVP56i1pYd
    [145] => tg_sCWQ5mO1iHJAOcEFrfABzVnYvuEaqq
    [146] => tg_OD7FcltYU9ZyDt7rn6beaylFAAVT5D
    [147] => tg_c0mUBBrcogdE5UvZCY2HnsSHyc6ePs
    [148] => wmsj3D-256-03
    [149] => tg_JE7555URTg8PnW3kg27YKTPGG7ZcbP
    [150] => tg_foInmUBJTEST2FsjE393noaqCL4YDz
    [151] => dwsj-435-01
    [152] => kdygfk-292-01
    [153] => tg_oGuXovKoRUbLPmHuvs3UuIE9aeMS2u
    [154] => tg_cC1AuzijXxk0DTe0f4TIeLb1sGp1Ut
    [155] => tg_Nc0co5JrNt7sFmz1Fm7rObHZUP70Qk
    [156] => xjqxc3D-443-01
    [158] => tg_NIGftm0hA1EjxWm9DKPuA69NSdLiBs
    [159] => wsidyq-440-01
    [160] => tg_NFFTmgzmMokyIfz9evpCJQ4sNXUaWF
    [161] => tg_lTm5KCarKN5sbIrdEvpfC30Lw2bfXX
    [162] => gfx-227-03
    [163] => tg_vQk4YxqC6WppWmaHRPd2w4A2NFvcLe
    [164] => tg_I0yFcLAGEDDKqd44YaBeFpfYR55Xp4
    [165] => dfbb-261-03
    [166] => tg_xX5O7gsz5V7ioS8CXkxejkdaaSilqn
    [167] => xyj-241-01
    [169] => tg_DXLdwJFBbmEClkeZrrzUr7M0x5UknP
    [170] => tg_KlFlT5ArAhjkRJDPDt9VsUkKPrI2vj
    [171] => rgdsj-407-01
    [172] => gfx-227-02
    [173] => tg_0iRQ3TG1o1aOD0Ok82kgGDYXLzULCh
    [174] => tg_GXKFwldOWDrQ9XB8plFtCj91dyXAIh
    [175] => sszj-260-01
    [176] => tg_uYQsNlH1kqwKDEH4xABqHPfGQdgA9v
    [177] => tg_4zE122WihSnHVLpwtgEbGo8wEaokgZ
    [178] => tg_ohkBpsfUYhZVj9odMIMj6RRXHQuf7y
    [179] => tg_fqdBFYtzUJ8dwUChIkIPH4nDlnQp8j
    [180] => tg_c9HTP8FS1ZqrHK9fKvx39Km8ZBgAXJ
    [181] => tg_3CTLpCGgn8ajARBQHs9MB7UThbYKag
    [182] => tkzz-330-01
    [183] => zgzt-213-01
    [184] => tg_QOaluxlrDrdfHirks7boYovXT5VzvN
    [185] => tg_E0E2nta7J3vcP1BXFdQhyTIYyLZcTh
    [186] => xyj-241-02
    [187] => tg_URI8scPvK1DEfi44VUKTLVqP96eBcm
    [188] => tg_1t8ZHkzHsOjjfBQdO8Sp6xQb4Jqv5N
    [189] => tg_Ri2NPtmmh1FsYTXg1bpBcSfD0VdpP7
    [190] => tg_ceyjwgtKjdoAWvo2vbmAPUZ25nKLFW
    [191] => tg_dDJLG6to6sFxyogiRQbTmRoGWdC2Dz
    [192] => tg_tWxsqLc2DyZW0xhEjU2AGnkAg8rSzH
    [193] => tg_HeObsj9BdHlkcHrYrsz6EL2fa2GJTi
    [194] => tg_Gejy6CaJU0EYR82x85J7TjKGPjSSZY
    [195] => tg_NoqH248k7exruZXQMVi100rIj0Ow78
    [196] => cbws-283-02
    [197] => tg_mrIHzdJ5a7cXVH9W4aDyn8BcY3sEWL
    [198] => tg_ImW7KdcLDbkfZrE1j7R4jVhpShIV9N
    [199] => tg_3H9a1haRWXASZzcsseDOLdFDuXWGy9
    [200] => tg_Gl4B6QurIAtwce1L8X9Drz0yYnpQAo
    [201] => tg_JXdNpFL3qYrFKCQydFp9kS0Es7uq9p
    [202] => tg_SWqbqvLqDQyYjsG9jBBHZo8bF5l6yj
    [203] => tg_rmk6gWq0INJZaYZ6tgqFPmq3z5eqNm
    [204] => tg_4gxvdgBfeXfU0Mkm1t3kqb6ftdzOMG
    [205] => tg_iTu7R5kBoS3ZwvVAV0dsCpeGvSwNDW
    [207] => tg_KSrTmGgyDYV81i5ltvne0CVaiHhXRQ
    [208] => tg_7QcpM9nCqpQopSQYRJB5tiYQyFNcaS
    [209] => tg_QDYvyxICPNYv0kg1BOP8QtEcfFUNGs
    [210] => tg_Qo1fvJS7zsXzyA2IXbpN0O63IkFczD
    [211] => NBAftx-225-02
    [212] => tg_2ARVHpH2uWK1GKxxu0Zg0YChSYsj0O
    [213] => tg_v7cDnrslnzqxIArJ4erBCApkpQRJeE
    [214] => tg_V3ZMC6AaWAUIgoEVwUp5VmHPypL3p1
    [215] => tg_W2pysd1dY4bhFAxFDmSbPJAAXMZAJP
    [216] => tg_oAoVUwkuOeyVVQ05jZL3XRH3CJPrbR
    [217] => iszz-258-10
    [218] => tg_JYWGy6Lv2jwnMs8SqyRiEdd3aHRvvv
    [219] => dixy-232-01
    [220] => xdzz-228-02
    [221] => tg_iBQwLu3gRW3oY2acIF0T5eQc2uURTg
    [222] => xyj-241-03
    [223] => tg_45XdvoRQ0ociugoONfDiRVbC6PSadH
    [224] => tg_9exPJH0wBZ8HTOnBGIBAUy7Pd5KItg
    [225] => tg_5tm9Wg2AXqKDoIwYbz1h5YBQ4FS8P3
    [226] => tg_MPv6wZlNPr7LOEpHwY19XtQ1kr7Fff
    [227] => tg_OU20Xikl0SbparapZGvkebqzKhWQRE
    [228] => tg_UIq5v3eBxoWaOieomZ3V2ey4GibbMZ
    [229] => tg_9v3y1tH8IID2ObAOh7tIrIqGPUL5li
    [230] => tg_AhvgWr5nY3iUQ6aOmZ235ZRzNfupkg
    [231] => tg_nNPe0vpMC4ZxmitWGiEHW0gWHDpRcF
    [232] => tg_HAE4GeBnupqKgTMoKVfdqFSpbGZqdw
    [233] => tg_9MSv9Id4g4YQ5HqkZSRgzWSsm3hDiU
    [234] => tg_73vYbmlRM41yZH97w9oOkVbk7xv7Ti
    [235] => tg_hgxfsHaP3Nl6ta14BIeWsy7lPXS8e2
    [236] => tg_rZLzNO4FSdY9hoRYNqEFV16bvYXuBb
    [237] => tg_B2gRz6KoFotcJwvqLHiYqclhTRZjAI
    [238] => tg_5OSuPn9oHty6tDThXGVcWSFPKws79c
    [239] => zyj-263-03
    [240] => tg_mFtD7NWQksoGcdkYjyTLyCGBW5LAiU
    [241] => tg_C279T8XrdTVBzfahN2pau9nO3JhRif
    [242] => tg_4Zl6KMY5KHdYhVrnrJaLw47ibP8Ibs
    [243] => tg_kvTh1eV254JKcMoQPmaF50ZSF2YI8r
    [244] => tg_tqrdOEQGez8JLhsu6eKlKfqBQ95Nv9
    [245] => tg_N3n5bMNK8zcr4pfuMwWwZ8rQ1S89xz
    [247] => tg_D3OC96S53NgitjGQM8exL3wMjxkf4X
    [248] => tg_Tz78wapH5HOWKkA6nychOiftbexKey
    [249] => tg_Q0OXBqTKUT4gxwLdq8cEyinsbxvWsh
    [250] => tg_yxb251siBnIPfFxfGL0q0F510DqGvt
    [251] => tg_rRyHzAFMUdV7axvQjFOLFWcimW2ISs
    [252] => tg_MdY8o3ka4HnFeP8j7JprigdSox5agX
    [253] => tg_WCkCTf0pTrn8wT5Vga2ak2u2b6U4jG
    [254] => sji2-257-03
    [255] => tg_BzSlq616dainWOMpgxtFCfaqMVWg3j
    [256] => tg_V4rCcoFzbBkK9PCpIYlOHxsf6WUDQr
    [257] => tg_spVeL0duhA4o33C3XVLMLcJeGzpLLx
    [258] => tg_Lyx50AlHYhUEsejnRNlXTJrfMFjfaU
    [262] => tg_e1XmOfhhxXMfenNMZuYv78znuFefbr
    [263] => tg_IkrlXzTXRIz8Ff1EmFcvknDMveHyZy
    [264] => dixy-232-02
    [266] => tg_6EsT5MZUsec2TxWvC3OJLCbsLUJqPT
    [267] => tg_9L7imM0iNMHDvx030tEttb2gY6yAvf
    [268] => tg_lv369aN0qVNdyxeLNsOZUv42Khkq9c
    [269] => tg_XqqefIBRLPljmy0fSj4gQUXeoc2JeF
    [270] => tg_R8HYrK50f168ti9sOsZtaiQD2co59J
    [271] => tg_vEZgCnp2a2oZM7hFQm8kAnWsY7F7Un
    [272] => tg_zsTLBrqM2up5HI321rdz7hvmbXHCXx
    [273] => tg_X9FfgTUedruUSLOuWANgAoPgSE0s2Q
    [274] => tg_UDyMC93nwIALdlS1mugg7eTc5SGYIU
    [275] => tg_yguQaDrCX4sRHyusZCmoIu2wxKyPTv
    [276] => tg_WObUg0waseMQMRqjvOnCzrgFmhUPVo
    [277] => tg_YdzBBvglsoXidJdKCmWrG85bql5kG4
    [278] => tg_FVED9w8UsxvyBAd0XI1SJDloFLdtQm
    [279] => tg_5QH6cQj37W9Aiel0tFJsWqgDtezJLR
    [282] => tg_DwNO8ixOfJ2rY1XNclifft83mhYTi4
    [283] => tg_v2aSduKnJJ5NKXAAkCTPEOYo7JnS94
    [284] => tg_mDkHHPzmPXS39YYhBz8uKjl3CzEfCG
    [285] => tg_ZZgcgW1UXMwmQ7XrtNJNYgILCHkhvx
    [287] => tg_OfaE1oD9jOkeCrMxFmwZmT29Ew1L5z
    [289] => tg_vfaj7fCIWHRW8AF6lOhWStml7M07BG
    [290] => tg_qsnV07CXxrunsXAD8uJpw8KAtjwRUH
    [291] => wd-265-02
    [292] => tg_Yu783LP9jjPQKkQ4gZ37LJqiGsa8F2
    [294] => tg_vC2YDzjcVUC15FGQBPgLNxYeO7Z5SQ
    [296] => tg_DLgDR06dmMa0a6U2hBofa0ahtn29UH
    [298] => tg_lfUx09OXmzxWGLxjyNqiYhji1J6o3S
    [299] => tg_xBuL3S9TdcaQpVCpOs55vAmiUv8Ix9
    [300] => tg_XFjHfg1mv3pPvJKCJ0JShkY18TdXxi
    [301] => tg_vHJuYyncAfyWx0OBOTNBzBs4VDbYKa
    [302] => tg_y0rw3xWTqO1J6EbXH2IEeZciWZj2V8
    [304] => tg_JJZYD6SJy3SJ6c0AKRp1GmB5UqZ2jg
    [305] => tg_uM73vHb3tX7wOkVYYGRobZCg6rHCVT
    [306] => tg_hT9imoeBBJOa4aoOSH8s9D4nXulXQ3
    [307] => tg_73mHAOuM3KdQa6oKLLG6XZgNWYlZCU
    [308] => tg_luMOlzXMsvqQNqaAuBhkolxOxGtjmA
    [309] => tg_sM3nfqDJy3Vy5aPurriOPCdX9iEJma
    [311] => tg_uRPJgNFRkhP1SYEz7vGMLo5cLwr10j
    [313] => tg_eNCWE4IqbTr4L3rXk6kxGeYdF0sdgw
    [314] => tg_rkdhUHC6qE4eW3gS1BZlZjxddi6ZJa
    [315] => tg_9ODQEQAEQC2jZ68fdtnxDefI1lJGh5
    [316] => tg_1EINsQaerAIg5QtrK92gm7n6zSfR7D
    [317] => tg_R1RDVqNHRQXgl4KJSMyZU2Tno2K9bg
    [318] => tg_CWHe7Hrfhl6JXuwTQhogiVXlCxO6f0
    [320] => tg_R5o8QShUV1GO4zyUU3UWozKOn12GdV
    [321] => tg_1jQe73rT4e8GVjRXeU65PvjFfgyCJ9
    [324] => tg_NCP73iALs0HQvWtKPZzGiEA3HSBsAa
    [325] => tg_ukKVlFDkkWIyijtZbh7wQ9szez1vK1
    [326] => tg_gROvgO1zaKN4u7rYKqqtV34oPECQ5H
    [327] => tg_Zoks2ueLqNQh9bkP9F8nWgWxgVN4a3
    [330] => iszz-258-03
    [331] => tg_6vi6nfVunqSTdJKQ729D5wPqwD65uc
    [332] => tg_NKOwsJ0b1FzamrotErpd6jgYsKAN2v
    [333] => tg_KGrCSe1a4ryaHXKDklFBnaD9pInRXq
    [334] => tg_cpZrEKR0IJ4S1rcmaswi8oADsic8pk
    [335] => tg_caJsC7EfMOzEbr9mIg1Oi8xmFBpxw6
    [336] => tg_pbdbbYp6CP7zmUcKsYxbNotXs9ZNFJ
    [337] => iziy-262-03
    [338] => tg_xvCgNlPr9K7D216WoVlBjkIHzwcQuK
    [339] => tg_prw2gIFGyrnJH79P6pDgYGJjanWPHY
    [340] => tg_ztpR2HKML8hJFjprho1zfbkV0imFp4
    [342] => tg_Ylsw4PyijBADuMjBqAvjXxmuH9Wj3F
    [346] => tg_VY5fuFU8pF4jMVrZsTPAcRbAbM68ZA
    [348] => sbkcq-294-01
    [349] => tg_Spjn27BpHac5Q481Rr5zp1q1m3soZ2
    [350] => tg_HlAnvCbNuM4o6gu4lj9ouY9mA4dxfQ
    [351] => tg_YP3WF3TI3Mr7oCBqG4P1cEzXc7s0uA
    [352] => tg_Ol1QFxsnwmPTIifUX1pY0CFdr9g2cW
    [353] => tg_LPiY9ekEdtZqLLuukBC3fKOMYpbNWo
    [355] => tg_wdPlPXqIiLNs9uy7Ml0oOQKl3eamzQ
    [356] => tg_77gFvmZyqqb5ZTA3643TFpwCYz8Jas
    [357] => tg_mcEuJVtSvdAtVUENaRDVMBLSq8APnS
    [360] => tg_1nGplhQDLUI1MZSEUXMNUL84CHOPpX
    [361] => ijilz-249-03
    [362] => tg_iqfTzQ8SlRMYUsxMhhHnvScsJrc5by
    [363] => iszz-258-04
    [364] => tg_Wn11xsfYxoYQKmXznDz7ic5H2PaJth
    [366] => tg_q5tpNQkvjppy8orNkmvHjKeZoFDicc
    [368] => tg_x7V0CXex19izghRLpbsKQuQz4iWGFy
    [369] => tg_3GSSy8PYKoFrup8G30jsux8ihQxkGc
    [370] => tg_AsxPJXxY4WyybvnM7G2sf9DlUpfLcS
    [371] => tg_xyZ3j9g1TEE5oRQ8jtjOvWp93RoO1U
    [374] => tg_Uuu7DKIS1H6x1tYmIF3QwX7uhrg7pM
    [377] => tg_AXIXnbBwMpJMQDEe2VSEWJmTX2afnP
    [379] => tg_zjUY3zgmqTzHY6gaBbz0V5axvkeADq
    [380] => tg_JrFLtWsbbdLYlqboVhSzzxoHROQD4k
    [381] => tg_gGqT8bYbaxpqLD1XpnsxYSJ3XLlWdc
    [383] => tg_aFWrMTmCWEE0kaQmPHz5pWXf54vm83
    [384] => iszz-258-02
    [385] => tg_G7iLAMkERZ5ZZ4eotZjjQMghR4aFpd
    [386] => qqics-242-03
    [388] => tg_sN4DNq0d4Vg5WHZg9OWPsd4bjkM0hL
    [390] => tg_1wDDLzkjbW3Pb8jzRrA01incmPqYhQ
    [394] => tg_gxMXCdvJJOAMmzsoXJMMaU34TPUY3s
    [396] => tg_xynK92e6Ss0NWnCvL8CCENHHEqAka4
    [397] => tg_rerMGmdYU9Jyeq8z0UUtJkITxPIPi2
    [398] => tg_zIE36IpaEbThVLZgMNej31QQ7USmDL
    [399] => tg_pVLKwuqunHstVkThsuG9m9ZSFNKY4Z
    [403] => tg_howgDJMf8H0nC23KdM8cLLhsk330Sj
    [405] => tg_bemh9vIE1yhl2WLX8PC3K4kt6T56sl
    [408] => tg_Ybl9xENxHsfVBPK7IBZikgc9icV0p0
    [410] => jymf-237-03
    [411] => iszz-258-09
    [414] => tg_g7ZxSv4gz7VPwWmtBN4Rua0RkQd3SI
    [416] => tg_a3MwwHqtFVIIu2wAcJtxFP9Qq6YXdU
    [417] => tg_z037kSsOTpOe64cmjLjl1nUsQAoDwW
    [419] => smsjOL-247-04
    [425] => tg_ICEcjc9rCPIBR46UAcqeZksnO8Wi9M
    [471] => yxzxAPP-422-03
)

有效渠道个数：336
有效渠道array：
Array
(
    [0] => 7914
    [1] => 7908
    [2] => 7906
    [3] => 7905
    [4] => 7904
    [5] => 7901
    [6] => 7900
    [7] => 7898
    [8] => 7895
    [9] => 7894
    [10] => 7892
    [11] => 7786
    [12] => 7742
    [13] => 7735
    [14] => 7721
    [15] => 7719
    [16] => 7707
    [17] => 7686
    [18] => 7679
    [19] => 7677
    [20] => 7676
    [21] => 7643
    [22] => 7641
    [23] => 7635
    [24] => 7625
    [25] => 7622
    [26] => 7616
    [27] => 7608
    [28] => 7593
    [29] => 7592
    [30] => 7403
    [31] => 7202
    [32] => 7201
    [33] => 7029
    [34] => 7026
    [35] => 7025
    [36] => 7018
    [37] => 7015
    [38] => 7009
    [39] => 7003
    [40] => 7002
    [41] => 6987
    [42] => 6971
    [43] => 6887
    [44] => 6881
    [45] => 6880
    [46] => 6879
    [47] => 6878
    [48] => 6876
    [49] => 6871
    [50] => 6870
    [51] => 6867
    [52] => 6866
    [53] => 6864
    [54] => 6863
    [55] => 6862
    [56] => 6861
    [57] => 6860
    [58] => 6859
    [59] => 6856
    [60] => 6854
    [61] => 6852
    [62] => 6851
    [63] => 6850
    [64] => 6849
    [65] => 6847
    [66] => 6846
    [67] => 6845
    [68] => 6841
    [69] => 6838
    [70] => 6468
    [71] => 6435
    [72] => 6426
    [73] => 6421
    [74] => 5728
    [75] => 5727
    [76] => 5726
    [77] => 5717
    [78] => 4637
    [79] => 4575
    [80] => 4243
    [81] => 4097
    [82] => 4094
    [83] => 4067
    [84] => 2547
    [85] => 2539
    [86] => 2505
    [87] => 2446
    [88] => 2437
    [89] => 2407
    [90] => 2395
    [91] => 2394
    [92] => 2393
    [93] => 2391
    [94] => 2388
    [95] => 2387
    [96] => 2386
    [97] => 2385
    [98] => 2384
    [99] => 2381
    [100] => 2377
    [101] => 2281
    [102] => 2280
    [103] => 2274
    [104] => 2273
    [105] => 2271
    [106] => 2270
    [107] => 2269
    [108] => 2268
    [109] => 2267
    [110] => 2266
    [111] => 2264
    [112] => 2263
    [113] => 2262
    [114] => 2260
    [115] => 2259
    [116] => 2258
    [117] => 2256
    [118] => 2255
    [119] => 2232
    [120] => 2231
    [121] => 2221
    [122] => 2218
    [123] => 2215
    [124] => 2210
    [125] => 2209
    [126] => 2099
    [127] => 2090
    [128] => 2073
    [129] => 2055
    [130] => 2045
    [131] => 1896
    [132] => 1884
    [133] => 1877
    [134] => 1875
    [135] => 1872
    [136] => 1870
    [137] => 1868
    [138] => 1867
    [139] => 1859
    [140] => 1857
    [141] => 1856
    [142] => 1854
    [143] => 1837
    [144] => 1825
    [145] => 1824
    [146] => 1823
    [147] => 1821
    [148] => 1814
    [149] => 1811
    [150] => 1809
    [151] => 1803
    [152] => 1801
    [153] => 1650
    [154] => 1647
    [155] => 1638
    [156] => 1637
    [157] => 1631
    [158] => 1630
    [159] => 1629
    [160] => 1621
    [161] => 1618
    [162] => 1617
    [163] => 1604
    [164] => 1601
    [165] => 1597
    [166] => 1595
    [167] => 1555
    [168] => 1553
    [169] => 1531
    [170] => 1526
    [171] => 1524
    [172] => 1523
    [173] => 1519
    [174] => 1491
    [175] => 1488
    [176] => 1481
    [177] => 1480
    [178] => 1475
    [179] => 1473
    [180] => 1470
    [181] => 1464
    [182] => 1461
    [183] => 1459
    [184] => 1457
    [185] => 1452
    [186] => 1438
    [187] => 1436
    [188] => 1431
    [189] => 1428
    [190] => 1419
    [191] => 1417
    [192] => 1393
    [193] => 1392
    [194] => 1380
    [195] => 1372
    [196] => 1369
    [197] => 1346
    [198] => 1344
    [199] => 1343
    [200] => 1337
    [201] => 1335
    [202] => 1324
    [203] => 1306
    [204] => 1305
    [205] => 1304
    [206] => 1278
    [207] => 1139
    [208] => 1136
    [209] => 1134
    [210] => 1123
    [211] => 1120
    [212] => 1115
    [213] => 1110
    [214] => 1101
    [215] => 1100
    [216] => 1077
    [217] => 1056
    [218] => 1009
    [219] => 999
    [220] => 998
    [221] => 991
    [222] => 971
    [223] => 946
    [224] => 944
    [225] => 915
    [226] => 913
    [227] => 910
    [228] => 881
    [229] => 880
    [230] => 876
    [231] => 873
    [232] => 872
    [233] => 871
    [234] => 867
    [235] => 866
    [236] => 860
    [237] => 857
    [238] => 855
    [239] => 851
    [240] => 850
    [241] => 843
    [242] => 836
    [243] => 835
    [244] => 825
    [245] => 823
    [246] => 805
    [247] => 800
    [248] => 799
    [249] => 798
    [250] => 785
    [251] => 775
    [252] => 758
    [253] => 753
    [254] => 751
    [255] => 728
    [256] => 725
    [257] => 717
    [258] => 697
    [259] => 696
    [260] => 695
    [261] => 694
    [262] => 689
    [263] => 686
    [264] => 685
    [265] => 683
    [266] => 680
    [267] => 677
    [268] => 658
    [269] => 657
    [270] => 656
    [271] => 654
    [272] => 616
    [273] => 593
    [274] => 589
    [275] => 588
    [276] => 585
    [277] => 581
    [278] => 579
    [279] => 572
    [280] => 563
    [281] => 562
    [282] => 536
    [283] => 535
    [284] => 528
    [285] => 527
    [286] => 526
    [287] => 478
    [288] => 477
    [289] => 476
    [290] => 464
    [291] => 462
    [292] => 460
    [293] => 456
    [294] => 453
    [295] => 443
    [296] => 441
    [297] => 433
    [298] => 429
    [299] => 416
    [300] => 412
    [301] => 409
    [302] => 407
    [303] => 405
    [304] => 404
    [305] => 403
    [306] => 399
    [307] => 398
    [308] => 397
    [309] => 396
    [310] => 394
    [311] => 392
    [312] => 389
    [313] => 388
    [314] => 386
    [315] => 384
    [316] => 381
    [317] => 380
    [318] => 377
    [319] => 373
    [320] => 371
    [321] => 370
    [322] => 369
    [323] => 368
    [324] => 324
    [325] => 309
    [326] => 300
    [327] => 297
    [328] => 296
    [329] => 295
    [330] => 293
    [331] => 262
    [332] => 223
    [333] => 167
    [334] => 141
    [335] => 14
)

